ARM GAS  C:\Users\ddemidov\AppData\Local\Temp\ccYmawMU.s 			page 1


   1              		.cpu cortex-m0
   2              		.fpu softvfp
   3              		.eabi_attribute 20, 1
   4              		.eabi_attribute 21, 1
   5              		.eabi_attribute 23, 3
   6              		.eabi_attribute 24, 1
   7              		.eabi_attribute 25, 1
   8              		.eabi_attribute 26, 1
   9              		.eabi_attribute 30, 4
  10              		.eabi_attribute 34, 0
  11              		.eabi_attribute 18, 4
  12              		.code	16
  13              		.file	"_time.c"
  14              		.text
  15              	.Ltext0:
  16              		.cfi_sections	.debug_frame
  17              		.global	__aeabi_uidiv
  18              		.global	__aeabi_uidivmod
  19              		.section	.text.get_time,"ax",%progbits
  20              		.align	1
  21              		.global	get_time
  22              		.code	16
  23              		.thumb_func
  24              		.type	get_time, %function
  25              	get_time:
  26              	.LFB63:
  27              		.file 1 "..\\acn-sdk-c\\platforms\\senseability\\time\\_time.c"
   1:..\acn-sdk-c\platforms\senseability\time/_time.c **** #include "time/time.h"
   2:..\acn-sdk-c\platforms\senseability\time/_time.c **** #include <project.h>
   3:..\acn-sdk-c\platforms\senseability\time/_time.c **** #include "main.h"
   4:..\acn-sdk-c\platforms\senseability\time/_time.c **** 
   5:..\acn-sdk-c\platforms\senseability\time/_time.c **** #include <debug.h>
   6:..\acn-sdk-c\platforms\senseability\time/_time.c **** void get_time(char *ts) {
  28              		.loc 1 6 0
  29              		.cfi_startproc
  30              	.LVL0:
  31 0000 F0B5     		push	{r4, r5, r6, r7, lr}
  32              		.cfi_def_cfa_offset 20
  33              		.cfi_offset 4, -20
  34              		.cfi_offset 5, -16
  35              		.cfi_offset 6, -12
  36              		.cfi_offset 7, -8
  37              		.cfi_offset 14, -4
  38 0002 89B0     		sub	sp, sp, #36
  39              		.cfi_def_cfa_offset 56
  40              		.loc 1 6 0
  41 0004 071C     		mov	r7, r0
   7:..\acn-sdk-c\platforms\senseability\time/_time.c ****     struct tm *tmp;
   8:..\acn-sdk-c\platforms\senseability\time/_time.c ****     int ms;
   9:..\acn-sdk-c\platforms\senseability\time/_time.c ****     time_t now = RTC_GetUnixTime();
  42              		.loc 1 9 0
  43 0006 FFF7FEFF 		bl	RTC_GetUnixTime
  44              	.LVL1:
  45 000a 0790     		str	r0, [sp, #28]
  10:..\acn-sdk-c\platforms\senseability\time/_time.c ****     tmp = localtime(&now);
  46              		.loc 1 10 0
  47 000c 07A8     		add	r0, sp, #28
ARM GAS  C:\Users\ddemidov\AppData\Local\Temp\ccYmawMU.s 			page 2


  48 000e FFF7FEFF 		bl	localtime
  49              	.LVL2:
  50 0012 041C     		mov	r4, r0
  51              	.LVL3:
  11:..\acn-sdk-c\platforms\senseability\time/_time.c ****     ms = ( RTC_PPS_ReadCounter() / 48000 ) % 1000;
  52              		.loc 1 11 0
  53 0014 FFF7FEFF 		bl	RTC_PPS_ReadCounter
  54              	.LVL4:
  12:..\acn-sdk-c\platforms\senseability\time/_time.c ****     sprintf(ts, "%04d-%02d-%02dT%02d:%02d:%02d.%03dZ", 1900+tmp->tm_year, tmp->tm_mon+1, tmp->tm_md
  55              		.loc 1 12 0
  56 0018 6369     		ldr	r3, [r4, #20]
  57 001a 0E4A     		ldr	r2, .L2
  11:..\acn-sdk-c\platforms\senseability\time/_time.c ****     ms = ( RTC_PPS_ReadCounter() / 48000 ) % 1000;
  58              		.loc 1 11 0
  59 001c 0E49     		ldr	r1, .L2+4
  60              		.loc 1 12 0
  61 001e 9E18     		add	r6, r3, r2
  62 0020 2369     		ldr	r3, [r4, #16]
  63 0022 5D1C     		add	r5, r3, #1
  64 0024 E368     		ldr	r3, [r4, #12]
  65 0026 0093     		str	r3, [sp]
  66 0028 A368     		ldr	r3, [r4, #8]
  67 002a 0193     		str	r3, [sp, #4]
  68 002c 6368     		ldr	r3, [r4, #4]
  69 002e 0293     		str	r3, [sp, #8]
  70 0030 2368     		ldr	r3, [r4]
  71 0032 0393     		str	r3, [sp, #12]
  11:..\acn-sdk-c\platforms\senseability\time/_time.c ****     ms = ( RTC_PPS_ReadCounter() / 48000 ) % 1000;
  72              		.loc 1 11 0
  73 0034 FFF7FEFF 		bl	__aeabi_uidiv
  74              	.LVL5:
  75 0038 FA21     		mov	r1, #250
  76 003a 8900     		lsl	r1, r1, #2
  77 003c FFF7FEFF 		bl	__aeabi_uidivmod
  78              	.LVL6:
  79              		.loc 1 12 0
  80 0040 381C     		mov	r0, r7
  81 0042 0491     		str	r1, [sp, #16]
  82 0044 321C     		mov	r2, r6
  83 0046 0549     		ldr	r1, .L2+8
  84 0048 2B1C     		mov	r3, r5
  85 004a FFF7FEFF 		bl	sprintf
  86              	.LVL7:
  13:..\acn-sdk-c\platforms\senseability\time/_time.c ****               tmp->tm_hour, tmp->tm_min, tmp->tm_sec, ms);
  14:..\acn-sdk-c\platforms\senseability\time/_time.c **** }
  87              		.loc 1 14 0
  88 004e 09B0     		add	sp, sp, #36
  89              		@ sp needed
  90              	.LVL8:
  91              	.LVL9:
  92 0050 F0BD     		pop	{r4, r5, r6, r7, pc}
  93              	.L3:
  94 0052 C046     		.align	2
  95              	.L2:
  96 0054 6C070000 		.word	1900
  97 0058 80BB0000 		.word	48000
  98 005c 00000000 		.word	.LC0
ARM GAS  C:\Users\ddemidov\AppData\Local\Temp\ccYmawMU.s 			page 3


  99              		.cfi_endproc
 100              	.LFE63:
 101              		.size	get_time, .-get_time
 102              		.section	.text.gettimeofday,"ax",%progbits
 103              		.align	1
 104              		.global	gettimeofday
 105              		.code	16
 106              		.thumb_func
 107              		.type	gettimeofday, %function
 108              	gettimeofday:
 109              	.LFB65:
  15:..\acn-sdk-c\platforms\senseability\time/_time.c **** 
  16:..\acn-sdk-c\platforms\senseability\time/_time.c **** static void get_time_of_day(struct timeval *tval) {
  17:..\acn-sdk-c\platforms\senseability\time/_time.c ****     tval->tv_sec = time(NULL);
  18:..\acn-sdk-c\platforms\senseability\time/_time.c ****     tval->tv_usec = (suseconds_t) ( RTC_PPS_ReadCounter() / 48 ) % 1000000;
  19:..\acn-sdk-c\platforms\senseability\time/_time.c **** }
  20:..\acn-sdk-c\platforms\senseability\time/_time.c **** 
  21:..\acn-sdk-c\platforms\senseability\time/_time.c **** int gettimeofday(struct timeval *__restrict __p,  void *__restrict __tz) {
 110              		.loc 1 21 0
 111              		.cfi_startproc
 112              	.LVL10:
  22:..\acn-sdk-c\platforms\senseability\time/_time.c ****     (void)(__tz);
  23:..\acn-sdk-c\platforms\senseability\time/_time.c ****     /*get_time_of_day(__p);*/
  24:..\acn-sdk-c\platforms\senseability\time/_time.c ****     return 0;
  25:..\acn-sdk-c\platforms\senseability\time/_time.c **** }
 113              		.loc 1 25 0
 114 0000 0020     		mov	r0, #0
 115              	.LVL11:
 116              		@ sp needed
 117 0002 7047     		bx	lr
 118              		.cfi_endproc
 119              	.LFE65:
 120              		.size	gettimeofday, .-gettimeofday
 121              		.section	.text.time,"ax",%progbits
 122              		.align	1
 123              		.global	time
 124              		.code	16
 125              		.thumb_func
 126              		.type	time, %function
 127              	time:
 128              	.LFB66:
  26:..\acn-sdk-c\platforms\senseability\time/_time.c **** 
  27:..\acn-sdk-c\platforms\senseability\time/_time.c **** time_t time(time_t *timer) {
 129              		.loc 1 27 0
 130              		.cfi_startproc
 131              	.LVL12:
 132 0000 10B5     		push	{r4, lr}
 133              		.cfi_def_cfa_offset 8
 134              		.cfi_offset 4, -8
 135              		.cfi_offset 14, -4
 136              		.loc 1 27 0
 137 0002 041C     		mov	r4, r0
  28:..\acn-sdk-c\platforms\senseability\time/_time.c ****     time_t t = 0;
  29:..\acn-sdk-c\platforms\senseability\time/_time.c ****     t = RTC_GetUnixTime();
 138              		.loc 1 29 0
 139 0004 FFF7FEFF 		bl	RTC_GetUnixTime
 140              	.LVL13:
ARM GAS  C:\Users\ddemidov\AppData\Local\Temp\ccYmawMU.s 			page 4


  30:..\acn-sdk-c\platforms\senseability\time/_time.c ****     if ( timer ) *timer = t;
 141              		.loc 1 30 0
 142 0008 002C     		cmp	r4, #0
 143 000a 00D0     		beq	.L6
 144              		.loc 1 30 0 is_stmt 0 discriminator 1
 145 000c 2060     		str	r0, [r4]
 146              	.L6:
  31:..\acn-sdk-c\platforms\senseability\time/_time.c ****     return t;
  32:..\acn-sdk-c\platforms\senseability\time/_time.c **** }
 147              		.loc 1 32 0 is_stmt 1
 148              		@ sp needed
 149              	.LVL14:
 150 000e 10BD     		pop	{r4, pc}
 151              		.cfi_endproc
 152              	.LFE66:
 153              		.size	time, .-time
 154              		.section	.text.stime,"ax",%progbits
 155              		.align	1
 156              		.global	stime
 157              		.code	16
 158              		.thumb_func
 159              		.type	stime, %function
 160              	stime:
 161              	.LFB67:
  33:..\acn-sdk-c\platforms\senseability\time/_time.c **** 
  34:..\acn-sdk-c\platforms\senseability\time/_time.c **** int stime(time_t *timer) {
 162              		.loc 1 34 0
 163              		.cfi_startproc
 164              	.LVL15:
 165 0000 08B5     		push	{r3, lr}
 166              		.cfi_def_cfa_offset 8
 167              		.cfi_offset 3, -8
 168              		.cfi_offset 14, -4
  35:..\acn-sdk-c\platforms\senseability\time/_time.c ****     RTC_SetUnixTime(*timer);
 169              		.loc 1 35 0
 170 0002 0068     		ldr	r0, [r0]
 171              	.LVL16:
  36:..\acn-sdk-c\platforms\senseability\time/_time.c ****     return 0;
  37:..\acn-sdk-c\platforms\senseability\time/_time.c **** }
 172              		.loc 1 37 0
 173              		@ sp needed
  35:..\acn-sdk-c\platforms\senseability\time/_time.c ****     RTC_SetUnixTime(*timer);
 174              		.loc 1 35 0
 175 0004 C117     		asr	r1, r0, #31
 176 0006 FFF7FEFF 		bl	RTC_SetUnixTime
 177              	.LVL17:
 178              		.loc 1 37 0
 179 000a 0020     		mov	r0, #0
 180 000c 08BD     		pop	{r3, pc}
 181              		.cfi_endproc
 182              	.LFE67:
 183              		.size	stime, .-stime
 184              		.section	.rodata.str1.1,"aMS",%progbits,1
 185              	.LC0:
 186 0000 25303464 		.ascii	"%04d-%02d-%02dT%02d:%02d:%02d.%03dZ\000"
 186      2D253032 
 186      642D2530 
ARM GAS  C:\Users\ddemidov\AppData\Local\Temp\ccYmawMU.s 			page 5


 186      32645425 
 186      3032643A 
 187              		.text
 188              	.Letext0:
 189              		.file 2 "c:\\program files (x86)\\cypress\\psoc creator\\3.3\\psoc creator\\import\\gnu\\arm\\4.9.
 190              		.file 3 "c:\\program files (x86)\\cypress\\psoc creator\\3.3\\psoc creator\\import\\gnu\\arm\\4.9.
 191              		.file 4 "c:\\program files (x86)\\cypress\\psoc creator\\3.3\\psoc creator\\import\\gnu\\arm\\4.9.
 192              		.file 5 "Generated_Source\\PSoC4/cytypes.h"
 193              		.file 6 "<built-in>"
 194              		.file 7 "Generated_Source\\PSoC4/RTC.h"
 195              		.file 8 "Generated_Source\\PSoC4/RTC_PPS.h"
 196              		.section	.debug_info,"",%progbits
 197              	.Ldebug_info0:
 198 0000 31030000 		.4byte	0x331
 199 0004 0400     		.2byte	0x4
 200 0006 00000000 		.4byte	.Ldebug_abbrev0
 201 000a 04       		.byte	0x4
 202 000b 01       		.uleb128 0x1
 203 000c 00000000 		.4byte	.LASF38
 204 0010 01       		.byte	0x1
 205 0011 8E000000 		.4byte	.LASF39
 206 0015 98010000 		.4byte	.LASF40
 207 0019 00000000 		.4byte	.Ldebug_ranges0+0
 208 001d 00000000 		.4byte	0
 209 0021 00000000 		.4byte	.Ldebug_line0
 210 0025 02       		.uleb128 0x2
 211 0026 04       		.byte	0x4
 212 0027 07       		.byte	0x7
 213 0028 65010000 		.4byte	.LASF0
 214 002c 03       		.uleb128 0x3
 215 002d 04       		.byte	0x4
 216 002e 05       		.byte	0x5
 217 002f 696E7400 		.ascii	"int\000"
 218 0033 02       		.uleb128 0x2
 219 0034 01       		.byte	0x1
 220 0035 06       		.byte	0x6
 221 0036 72020000 		.4byte	.LASF1
 222 003a 02       		.uleb128 0x2
 223 003b 01       		.byte	0x1
 224 003c 08       		.byte	0x8
 225 003d F2000000 		.4byte	.LASF2
 226 0041 02       		.uleb128 0x2
 227 0042 02       		.byte	0x2
 228 0043 05       		.byte	0x5
 229 0044 33020000 		.4byte	.LASF3
 230 0048 02       		.uleb128 0x2
 231 0049 02       		.byte	0x2
 232 004a 07       		.byte	0x7
 233 004b 18010000 		.4byte	.LASF4
 234 004f 02       		.uleb128 0x2
 235 0050 04       		.byte	0x4
 236 0051 05       		.byte	0x5
 237 0052 59020000 		.4byte	.LASF5
 238 0056 02       		.uleb128 0x2
 239 0057 04       		.byte	0x4
 240 0058 07       		.byte	0x7
 241 0059 06010000 		.4byte	.LASF6
ARM GAS  C:\Users\ddemidov\AppData\Local\Temp\ccYmawMU.s 			page 6


 242 005d 02       		.uleb128 0x2
 243 005e 08       		.byte	0x8
 244 005f 05       		.byte	0x5
 245 0060 03020000 		.4byte	.LASF7
 246 0064 02       		.uleb128 0x2
 247 0065 08       		.byte	0x8
 248 0066 07       		.byte	0x7
 249 0067 72010000 		.4byte	.LASF8
 250 006b 02       		.uleb128 0x2
 251 006c 04       		.byte	0x4
 252 006d 07       		.byte	0x7
 253 006e F3010000 		.4byte	.LASF9
 254 0072 04       		.uleb128 0x4
 255 0073 04       		.byte	0x4
 256 0074 05       		.uleb128 0x5
 257 0075 04       		.byte	0x4
 258 0076 7A000000 		.4byte	0x7a
 259 007a 02       		.uleb128 0x2
 260 007b 01       		.byte	0x1
 261 007c 08       		.byte	0x8
 262 007d 11020000 		.4byte	.LASF10
 263 0081 05       		.uleb128 0x5
 264 0082 04       		.byte	0x4
 265 0083 87000000 		.4byte	0x87
 266 0087 06       		.uleb128 0x6
 267 0088 7A000000 		.4byte	0x7a
 268 008c 07       		.uleb128 0x7
 269 008d 32010000 		.4byte	.LASF11
 270 0091 02       		.byte	0x2
 271 0092 7A       		.byte	0x7a
 272 0093 4F000000 		.4byte	0x4f
 273 0097 08       		.uleb128 0x8
 274 0098 20020000 		.4byte	.LASF12
 275 009c 02       		.byte	0x2
 276 009d 1D01     		.2byte	0x11d
 277 009f 4F000000 		.4byte	0x4f
 278 00a3 09       		.uleb128 0x9
 279 00a4 746D00   		.ascii	"tm\000"
 280 00a7 24       		.byte	0x24
 281 00a8 03       		.byte	0x3
 282 00a9 1F       		.byte	0x1f
 283 00aa 1B010000 		.4byte	0x11b
 284 00ae 0A       		.uleb128 0xa
 285 00af 46010000 		.4byte	.LASF13
 286 00b3 03       		.byte	0x3
 287 00b4 21       		.byte	0x21
 288 00b5 2C000000 		.4byte	0x2c
 289 00b9 00       		.byte	0
 290 00ba 0A       		.uleb128 0xa
 291 00bb 89010000 		.4byte	.LASF14
 292 00bf 03       		.byte	0x3
 293 00c0 22       		.byte	0x22
 294 00c1 2C000000 		.4byte	0x2c
 295 00c5 04       		.byte	0x4
 296 00c6 0A       		.uleb128 0xa
 297 00c7 E4000000 		.4byte	.LASF15
 298 00cb 03       		.byte	0x3
ARM GAS  C:\Users\ddemidov\AppData\Local\Temp\ccYmawMU.s 			page 7


 299 00cc 23       		.byte	0x23
 300 00cd 2C000000 		.4byte	0x2c
 301 00d1 08       		.byte	0x8
 302 00d2 0A       		.uleb128 0xa
 303 00d3 8F020000 		.4byte	.LASF16
 304 00d7 03       		.byte	0x3
 305 00d8 24       		.byte	0x24
 306 00d9 2C000000 		.4byte	0x2c
 307 00dd 0C       		.byte	0xc
 308 00de 0A       		.uleb128 0xa
 309 00df 2C020000 		.4byte	.LASF17
 310 00e3 03       		.byte	0x3
 311 00e4 25       		.byte	0x25
 312 00e5 2C000000 		.4byte	0x2c
 313 00e9 10       		.byte	0x10
 314 00ea 0A       		.uleb128 0xa
 315 00eb 3D020000 		.4byte	.LASF18
 316 00ef 03       		.byte	0x3
 317 00f0 26       		.byte	0x26
 318 00f1 2C000000 		.4byte	0x2c
 319 00f5 14       		.byte	0x14
 320 00f6 0A       		.uleb128 0xa
 321 00f7 C6000000 		.4byte	.LASF19
 322 00fb 03       		.byte	0x3
 323 00fc 27       		.byte	0x27
 324 00fd 2C000000 		.4byte	0x2c
 325 0101 18       		.byte	0x18
 326 0102 0A       		.uleb128 0xa
 327 0103 5D010000 		.4byte	.LASF20
 328 0107 03       		.byte	0x3
 329 0108 28       		.byte	0x28
 330 0109 2C000000 		.4byte	0x2c
 331 010d 1C       		.byte	0x1c
 332 010e 0A       		.uleb128 0xa
 333 010f 4D010000 		.4byte	.LASF21
 334 0113 03       		.byte	0x3
 335 0114 29       		.byte	0x29
 336 0115 2C000000 		.4byte	0x2c
 337 0119 20       		.byte	0x20
 338 011a 00       		.byte	0
 339 011b 0B       		.uleb128 0xb
 340 011c 3E010000 		.4byte	.LASF22
 341 0120 08       		.byte	0x8
 342 0121 04       		.byte	0x4
 343 0122 12       		.byte	0x12
 344 0123 40010000 		.4byte	0x140
 345 0127 0A       		.uleb128 0xa
 346 0128 FC010000 		.4byte	.LASF23
 347 012c 04       		.byte	0x4
 348 012d 13       		.byte	0x13
 349 012e 8C000000 		.4byte	0x8c
 350 0132 00       		.byte	0
 351 0133 0A       		.uleb128 0xa
 352 0134 90010000 		.4byte	.LASF24
 353 0138 04       		.byte	0x4
 354 0139 14       		.byte	0x14
 355 013a 97000000 		.4byte	0x97
ARM GAS  C:\Users\ddemidov\AppData\Local\Temp\ccYmawMU.s 			page 8


 356 013e 04       		.byte	0x4
 357 013f 00       		.byte	0
 358 0140 08       		.uleb128 0x8
 359 0141 56010000 		.4byte	.LASF25
 360 0145 05       		.byte	0x5
 361 0146 3A01     		.2byte	0x13a
 362 0148 56000000 		.4byte	0x56
 363 014c 02       		.uleb128 0x2
 364 014d 04       		.byte	0x4
 365 014e 04       		.byte	0x4
 366 014f EC000000 		.4byte	.LASF26
 367 0153 02       		.uleb128 0x2
 368 0154 08       		.byte	0x8
 369 0155 04       		.byte	0x4
 370 0156 2B010000 		.4byte	.LASF27
 371 015a 08       		.uleb128 0x8
 372 015b BF000000 		.4byte	.LASF28
 373 015f 05       		.byte	0x5
 374 0160 4401     		.2byte	0x144
 375 0162 64000000 		.4byte	0x64
 376 0166 0C       		.uleb128 0xc
 377 0167 86020000 		.4byte	.LASF41
 378 016b 01       		.byte	0x1
 379 016c 06       		.byte	0x6
 380 016d 00000000 		.4byte	.LFB63
 381 0171 60000000 		.4byte	.LFE63-.LFB63
 382 0175 01       		.uleb128 0x1
 383 0176 9C       		.byte	0x9c
 384 0177 1B020000 		.4byte	0x21b
 385 017b 0D       		.uleb128 0xd
 386 017c 747300   		.ascii	"ts\000"
 387 017f 01       		.byte	0x1
 388 0180 06       		.byte	0x6
 389 0181 74000000 		.4byte	0x74
 390 0185 00000000 		.4byte	.LLST0
 391 0189 0E       		.uleb128 0xe
 392 018a 746D7000 		.ascii	"tmp\000"
 393 018e 01       		.byte	0x1
 394 018f 07       		.byte	0x7
 395 0190 1B020000 		.4byte	0x21b
 396 0194 2C000000 		.4byte	.LLST1
 397 0198 0E       		.uleb128 0xe
 398 0199 6D7300   		.ascii	"ms\000"
 399 019c 01       		.byte	0x1
 400 019d 08       		.byte	0x8
 401 019e 2C000000 		.4byte	0x2c
 402 01a2 4A000000 		.4byte	.LLST2
 403 01a6 0F       		.uleb128 0xf
 404 01a7 6E6F7700 		.ascii	"now\000"
 405 01ab 01       		.byte	0x1
 406 01ac 09       		.byte	0x9
 407 01ad 8C000000 		.4byte	0x8c
 408 01b1 02       		.uleb128 0x2
 409 01b2 91       		.byte	0x91
 410 01b3 64       		.sleb128 -28
 411 01b4 10       		.uleb128 0x10
 412 01b5 7E020000 		.4byte	.LASF34
ARM GAS  C:\Users\ddemidov\AppData\Local\Temp\ccYmawMU.s 			page 9


 413 01b9 06       		.byte	0x6
 414 01ba 00       		.byte	0
 415 01bb 2C000000 		.4byte	0x2c
 416 01bf CF010000 		.4byte	0x1cf
 417 01c3 11       		.uleb128 0x11
 418 01c4 74000000 		.4byte	0x74
 419 01c8 11       		.uleb128 0x11
 420 01c9 81000000 		.4byte	0x81
 421 01cd 12       		.uleb128 0x12
 422 01ce 00       		.byte	0
 423 01cf 13       		.uleb128 0x13
 424 01d0 0A000000 		.4byte	.LVL1
 425 01d4 D4020000 		.4byte	0x2d4
 426 01d8 14       		.uleb128 0x14
 427 01d9 12000000 		.4byte	.LVL2
 428 01dd E0020000 		.4byte	0x2e0
 429 01e1 EC010000 		.4byte	0x1ec
 430 01e5 15       		.uleb128 0x15
 431 01e6 01       		.uleb128 0x1
 432 01e7 50       		.byte	0x50
 433 01e8 02       		.uleb128 0x2
 434 01e9 91       		.byte	0x91
 435 01ea 64       		.sleb128 -28
 436 01eb 00       		.byte	0
 437 01ec 13       		.uleb128 0x13
 438 01ed 18000000 		.4byte	.LVL4
 439 01f1 00030000 		.4byte	0x300
 440 01f5 16       		.uleb128 0x16
 441 01f6 4E000000 		.4byte	.LVL7
 442 01fa 0B030000 		.4byte	0x30b
 443 01fe 15       		.uleb128 0x15
 444 01ff 01       		.uleb128 0x1
 445 0200 53       		.byte	0x53
 446 0201 02       		.uleb128 0x2
 447 0202 75       		.byte	0x75
 448 0203 00       		.sleb128 0
 449 0204 15       		.uleb128 0x15
 450 0205 01       		.uleb128 0x1
 451 0206 52       		.byte	0x52
 452 0207 02       		.uleb128 0x2
 453 0208 76       		.byte	0x76
 454 0209 00       		.sleb128 0
 455 020a 15       		.uleb128 0x15
 456 020b 01       		.uleb128 0x1
 457 020c 51       		.byte	0x51
 458 020d 05       		.uleb128 0x5
 459 020e 03       		.byte	0x3
 460 020f 00000000 		.4byte	.LC0
 461 0213 15       		.uleb128 0x15
 462 0214 01       		.uleb128 0x1
 463 0215 50       		.byte	0x50
 464 0216 02       		.uleb128 0x2
 465 0217 77       		.byte	0x77
 466 0218 00       		.sleb128 0
 467 0219 00       		.byte	0
 468 021a 00       		.byte	0
 469 021b 05       		.uleb128 0x5
ARM GAS  C:\Users\ddemidov\AppData\Local\Temp\ccYmawMU.s 			page 10


 470 021c 04       		.byte	0x4
 471 021d A3000000 		.4byte	0xa3
 472 0221 17       		.uleb128 0x17
 473 0222 E6010000 		.4byte	.LASF30
 474 0226 04       		.byte	0x4
 475 0227 4E       		.byte	0x4e
 476 0228 2C000000 		.4byte	0x2c
 477 022c 00000000 		.4byte	.LFB65
 478 0230 04000000 		.4byte	.LFE65-.LFB65
 479 0234 01       		.uleb128 0x1
 480 0235 9C       		.byte	0x9c
 481 0236 57020000 		.4byte	0x257
 482 023a 0D       		.uleb128 0xd
 483 023b 5F5F7000 		.ascii	"__p\000"
 484 023f 01       		.byte	0x1
 485 0240 15       		.byte	0x15
 486 0241 57020000 		.4byte	0x257
 487 0245 6D000000 		.4byte	.LLST3
 488 0249 18       		.uleb128 0x18
 489 024a 39010000 		.4byte	.LASF29
 490 024e 01       		.byte	0x1
 491 024f 15       		.byte	0x15
 492 0250 72000000 		.4byte	0x72
 493 0254 01       		.uleb128 0x1
 494 0255 51       		.byte	0x51
 495 0256 00       		.byte	0
 496 0257 05       		.uleb128 0x5
 497 0258 04       		.byte	0x4
 498 0259 1B010000 		.4byte	0x11b
 499 025d 17       		.uleb128 0x17
 500 025e E1010000 		.4byte	.LASF31
 501 0262 03       		.byte	0x3
 502 0263 35       		.byte	0x35
 503 0264 8C000000 		.4byte	0x8c
 504 0268 00000000 		.4byte	.LFB66
 505 026c 10000000 		.4byte	.LFE66-.LFB66
 506 0270 01       		.uleb128 0x1
 507 0271 9C       		.byte	0x9c
 508 0272 9C020000 		.4byte	0x29c
 509 0276 19       		.uleb128 0x19
 510 0277 00010000 		.4byte	.LASF32
 511 027b 01       		.byte	0x1
 512 027c 1B       		.byte	0x1b
 513 027d 9C020000 		.4byte	0x29c
 514 0281 8E000000 		.4byte	.LLST4
 515 0285 0E       		.uleb128 0xe
 516 0286 7400     		.ascii	"t\000"
 517 0288 01       		.byte	0x1
 518 0289 1C       		.byte	0x1c
 519 028a 8C000000 		.4byte	0x8c
 520 028e BA000000 		.4byte	.LLST5
 521 0292 13       		.uleb128 0x13
 522 0293 08000000 		.4byte	.LVL13
 523 0297 D4020000 		.4byte	0x2d4
 524 029b 00       		.byte	0
 525 029c 05       		.uleb128 0x5
 526 029d 04       		.byte	0x4
ARM GAS  C:\Users\ddemidov\AppData\Local\Temp\ccYmawMU.s 			page 11


 527 029e 8C000000 		.4byte	0x8c
 528 02a2 17       		.uleb128 0x17
 529 02a3 CE000000 		.4byte	.LASF33
 530 02a7 01       		.byte	0x1
 531 02a8 22       		.byte	0x22
 532 02a9 2C000000 		.4byte	0x2c
 533 02ad 00000000 		.4byte	.LFB67
 534 02b1 0E000000 		.4byte	.LFE67-.LFB67
 535 02b5 01       		.uleb128 0x1
 536 02b6 9C       		.byte	0x9c
 537 02b7 D4020000 		.4byte	0x2d4
 538 02bb 19       		.uleb128 0x19
 539 02bc 00010000 		.4byte	.LASF32
 540 02c0 01       		.byte	0x1
 541 02c1 22       		.byte	0x22
 542 02c2 9C020000 		.4byte	0x29c
 543 02c6 D9000000 		.4byte	.LLST6
 544 02ca 13       		.uleb128 0x13
 545 02cb 0A000000 		.4byte	.LVL17
 546 02cf 26030000 		.4byte	0x326
 547 02d3 00       		.byte	0
 548 02d4 1A       		.uleb128 0x1a
 549 02d5 62020000 		.4byte	.LASF36
 550 02d9 07       		.byte	0x7
 551 02da 4001     		.2byte	0x140
 552 02dc 5A010000 		.4byte	0x15a
 553 02e0 10       		.uleb128 0x10
 554 02e1 16020000 		.4byte	.LASF35
 555 02e5 03       		.byte	0x3
 556 02e6 3A       		.byte	0x3a
 557 02e7 1B020000 		.4byte	0x21b
 558 02eb F5020000 		.4byte	0x2f5
 559 02ef 11       		.uleb128 0x11
 560 02f0 F5020000 		.4byte	0x2f5
 561 02f4 00       		.byte	0
 562 02f5 05       		.uleb128 0x5
 563 02f6 04       		.byte	0x4
 564 02f7 FB020000 		.4byte	0x2fb
 565 02fb 06       		.uleb128 0x6
 566 02fc 8C000000 		.4byte	0x8c
 567 0300 1B       		.uleb128 0x1b
 568 0301 45020000 		.4byte	.LASF37
 569 0305 08       		.byte	0x8
 570 0306 69       		.byte	0x69
 571 0307 40010000 		.4byte	0x140
 572 030b 10       		.uleb128 0x10
 573 030c 7E020000 		.4byte	.LASF34
 574 0310 06       		.byte	0x6
 575 0311 00       		.byte	0
 576 0312 2C000000 		.4byte	0x2c
 577 0316 26030000 		.4byte	0x326
 578 031a 11       		.uleb128 0x11
 579 031b 74000000 		.4byte	0x74
 580 031f 11       		.uleb128 0x11
 581 0320 81000000 		.4byte	0x81
 582 0324 12       		.uleb128 0x12
 583 0325 00       		.byte	0
ARM GAS  C:\Users\ddemidov\AppData\Local\Temp\ccYmawMU.s 			page 12


 584 0326 1C       		.uleb128 0x1c
 585 0327 D4000000 		.4byte	.LASF42
 586 032b 07       		.byte	0x7
 587 032c 3F01     		.2byte	0x13f
 588 032e 11       		.uleb128 0x11
 589 032f 5A010000 		.4byte	0x15a
 590 0333 00       		.byte	0
 591 0334 00       		.byte	0
 592              		.section	.debug_abbrev,"",%progbits
 593              	.Ldebug_abbrev0:
 594 0000 01       		.uleb128 0x1
 595 0001 11       		.uleb128 0x11
 596 0002 01       		.byte	0x1
 597 0003 25       		.uleb128 0x25
 598 0004 0E       		.uleb128 0xe
 599 0005 13       		.uleb128 0x13
 600 0006 0B       		.uleb128 0xb
 601 0007 03       		.uleb128 0x3
 602 0008 0E       		.uleb128 0xe
 603 0009 1B       		.uleb128 0x1b
 604 000a 0E       		.uleb128 0xe
 605 000b 55       		.uleb128 0x55
 606 000c 17       		.uleb128 0x17
 607 000d 11       		.uleb128 0x11
 608 000e 01       		.uleb128 0x1
 609 000f 10       		.uleb128 0x10
 610 0010 17       		.uleb128 0x17
 611 0011 00       		.byte	0
 612 0012 00       		.byte	0
 613 0013 02       		.uleb128 0x2
 614 0014 24       		.uleb128 0x24
 615 0015 00       		.byte	0
 616 0016 0B       		.uleb128 0xb
 617 0017 0B       		.uleb128 0xb
 618 0018 3E       		.uleb128 0x3e
 619 0019 0B       		.uleb128 0xb
 620 001a 03       		.uleb128 0x3
 621 001b 0E       		.uleb128 0xe
 622 001c 00       		.byte	0
 623 001d 00       		.byte	0
 624 001e 03       		.uleb128 0x3
 625 001f 24       		.uleb128 0x24
 626 0020 00       		.byte	0
 627 0021 0B       		.uleb128 0xb
 628 0022 0B       		.uleb128 0xb
 629 0023 3E       		.uleb128 0x3e
 630 0024 0B       		.uleb128 0xb
 631 0025 03       		.uleb128 0x3
 632 0026 08       		.uleb128 0x8
 633 0027 00       		.byte	0
 634 0028 00       		.byte	0
 635 0029 04       		.uleb128 0x4
 636 002a 0F       		.uleb128 0xf
 637 002b 00       		.byte	0
 638 002c 0B       		.uleb128 0xb
 639 002d 0B       		.uleb128 0xb
 640 002e 00       		.byte	0
ARM GAS  C:\Users\ddemidov\AppData\Local\Temp\ccYmawMU.s 			page 13


 641 002f 00       		.byte	0
 642 0030 05       		.uleb128 0x5
 643 0031 0F       		.uleb128 0xf
 644 0032 00       		.byte	0
 645 0033 0B       		.uleb128 0xb
 646 0034 0B       		.uleb128 0xb
 647 0035 49       		.uleb128 0x49
 648 0036 13       		.uleb128 0x13
 649 0037 00       		.byte	0
 650 0038 00       		.byte	0
 651 0039 06       		.uleb128 0x6
 652 003a 26       		.uleb128 0x26
 653 003b 00       		.byte	0
 654 003c 49       		.uleb128 0x49
 655 003d 13       		.uleb128 0x13
 656 003e 00       		.byte	0
 657 003f 00       		.byte	0
 658 0040 07       		.uleb128 0x7
 659 0041 16       		.uleb128 0x16
 660 0042 00       		.byte	0
 661 0043 03       		.uleb128 0x3
 662 0044 0E       		.uleb128 0xe
 663 0045 3A       		.uleb128 0x3a
 664 0046 0B       		.uleb128 0xb
 665 0047 3B       		.uleb128 0x3b
 666 0048 0B       		.uleb128 0xb
 667 0049 49       		.uleb128 0x49
 668 004a 13       		.uleb128 0x13
 669 004b 00       		.byte	0
 670 004c 00       		.byte	0
 671 004d 08       		.uleb128 0x8
 672 004e 16       		.uleb128 0x16
 673 004f 00       		.byte	0
 674 0050 03       		.uleb128 0x3
 675 0051 0E       		.uleb128 0xe
 676 0052 3A       		.uleb128 0x3a
 677 0053 0B       		.uleb128 0xb
 678 0054 3B       		.uleb128 0x3b
 679 0055 05       		.uleb128 0x5
 680 0056 49       		.uleb128 0x49
 681 0057 13       		.uleb128 0x13
 682 0058 00       		.byte	0
 683 0059 00       		.byte	0
 684 005a 09       		.uleb128 0x9
 685 005b 13       		.uleb128 0x13
 686 005c 01       		.byte	0x1
 687 005d 03       		.uleb128 0x3
 688 005e 08       		.uleb128 0x8
 689 005f 0B       		.uleb128 0xb
 690 0060 0B       		.uleb128 0xb
 691 0061 3A       		.uleb128 0x3a
 692 0062 0B       		.uleb128 0xb
 693 0063 3B       		.uleb128 0x3b
 694 0064 0B       		.uleb128 0xb
 695 0065 01       		.uleb128 0x1
 696 0066 13       		.uleb128 0x13
 697 0067 00       		.byte	0
ARM GAS  C:\Users\ddemidov\AppData\Local\Temp\ccYmawMU.s 			page 14


 698 0068 00       		.byte	0
 699 0069 0A       		.uleb128 0xa
 700 006a 0D       		.uleb128 0xd
 701 006b 00       		.byte	0
 702 006c 03       		.uleb128 0x3
 703 006d 0E       		.uleb128 0xe
 704 006e 3A       		.uleb128 0x3a
 705 006f 0B       		.uleb128 0xb
 706 0070 3B       		.uleb128 0x3b
 707 0071 0B       		.uleb128 0xb
 708 0072 49       		.uleb128 0x49
 709 0073 13       		.uleb128 0x13
 710 0074 38       		.uleb128 0x38
 711 0075 0B       		.uleb128 0xb
 712 0076 00       		.byte	0
 713 0077 00       		.byte	0
 714 0078 0B       		.uleb128 0xb
 715 0079 13       		.uleb128 0x13
 716 007a 01       		.byte	0x1
 717 007b 03       		.uleb128 0x3
 718 007c 0E       		.uleb128 0xe
 719 007d 0B       		.uleb128 0xb
 720 007e 0B       		.uleb128 0xb
 721 007f 3A       		.uleb128 0x3a
 722 0080 0B       		.uleb128 0xb
 723 0081 3B       		.uleb128 0x3b
 724 0082 0B       		.uleb128 0xb
 725 0083 01       		.uleb128 0x1
 726 0084 13       		.uleb128 0x13
 727 0085 00       		.byte	0
 728 0086 00       		.byte	0
 729 0087 0C       		.uleb128 0xc
 730 0088 2E       		.uleb128 0x2e
 731 0089 01       		.byte	0x1
 732 008a 3F       		.uleb128 0x3f
 733 008b 19       		.uleb128 0x19
 734 008c 03       		.uleb128 0x3
 735 008d 0E       		.uleb128 0xe
 736 008e 3A       		.uleb128 0x3a
 737 008f 0B       		.uleb128 0xb
 738 0090 3B       		.uleb128 0x3b
 739 0091 0B       		.uleb128 0xb
 740 0092 27       		.uleb128 0x27
 741 0093 19       		.uleb128 0x19
 742 0094 11       		.uleb128 0x11
 743 0095 01       		.uleb128 0x1
 744 0096 12       		.uleb128 0x12
 745 0097 06       		.uleb128 0x6
 746 0098 40       		.uleb128 0x40
 747 0099 18       		.uleb128 0x18
 748 009a 9642     		.uleb128 0x2116
 749 009c 19       		.uleb128 0x19
 750 009d 01       		.uleb128 0x1
 751 009e 13       		.uleb128 0x13
 752 009f 00       		.byte	0
 753 00a0 00       		.byte	0
 754 00a1 0D       		.uleb128 0xd
ARM GAS  C:\Users\ddemidov\AppData\Local\Temp\ccYmawMU.s 			page 15


 755 00a2 05       		.uleb128 0x5
 756 00a3 00       		.byte	0
 757 00a4 03       		.uleb128 0x3
 758 00a5 08       		.uleb128 0x8
 759 00a6 3A       		.uleb128 0x3a
 760 00a7 0B       		.uleb128 0xb
 761 00a8 3B       		.uleb128 0x3b
 762 00a9 0B       		.uleb128 0xb
 763 00aa 49       		.uleb128 0x49
 764 00ab 13       		.uleb128 0x13
 765 00ac 02       		.uleb128 0x2
 766 00ad 17       		.uleb128 0x17
 767 00ae 00       		.byte	0
 768 00af 00       		.byte	0
 769 00b0 0E       		.uleb128 0xe
 770 00b1 34       		.uleb128 0x34
 771 00b2 00       		.byte	0
 772 00b3 03       		.uleb128 0x3
 773 00b4 08       		.uleb128 0x8
 774 00b5 3A       		.uleb128 0x3a
 775 00b6 0B       		.uleb128 0xb
 776 00b7 3B       		.uleb128 0x3b
 777 00b8 0B       		.uleb128 0xb
 778 00b9 49       		.uleb128 0x49
 779 00ba 13       		.uleb128 0x13
 780 00bb 02       		.uleb128 0x2
 781 00bc 17       		.uleb128 0x17
 782 00bd 00       		.byte	0
 783 00be 00       		.byte	0
 784 00bf 0F       		.uleb128 0xf
 785 00c0 34       		.uleb128 0x34
 786 00c1 00       		.byte	0
 787 00c2 03       		.uleb128 0x3
 788 00c3 08       		.uleb128 0x8
 789 00c4 3A       		.uleb128 0x3a
 790 00c5 0B       		.uleb128 0xb
 791 00c6 3B       		.uleb128 0x3b
 792 00c7 0B       		.uleb128 0xb
 793 00c8 49       		.uleb128 0x49
 794 00c9 13       		.uleb128 0x13
 795 00ca 02       		.uleb128 0x2
 796 00cb 18       		.uleb128 0x18
 797 00cc 00       		.byte	0
 798 00cd 00       		.byte	0
 799 00ce 10       		.uleb128 0x10
 800 00cf 2E       		.uleb128 0x2e
 801 00d0 01       		.byte	0x1
 802 00d1 3F       		.uleb128 0x3f
 803 00d2 19       		.uleb128 0x19
 804 00d3 03       		.uleb128 0x3
 805 00d4 0E       		.uleb128 0xe
 806 00d5 3A       		.uleb128 0x3a
 807 00d6 0B       		.uleb128 0xb
 808 00d7 3B       		.uleb128 0x3b
 809 00d8 0B       		.uleb128 0xb
 810 00d9 27       		.uleb128 0x27
 811 00da 19       		.uleb128 0x19
ARM GAS  C:\Users\ddemidov\AppData\Local\Temp\ccYmawMU.s 			page 16


 812 00db 49       		.uleb128 0x49
 813 00dc 13       		.uleb128 0x13
 814 00dd 3C       		.uleb128 0x3c
 815 00de 19       		.uleb128 0x19
 816 00df 01       		.uleb128 0x1
 817 00e0 13       		.uleb128 0x13
 818 00e1 00       		.byte	0
 819 00e2 00       		.byte	0
 820 00e3 11       		.uleb128 0x11
 821 00e4 05       		.uleb128 0x5
 822 00e5 00       		.byte	0
 823 00e6 49       		.uleb128 0x49
 824 00e7 13       		.uleb128 0x13
 825 00e8 00       		.byte	0
 826 00e9 00       		.byte	0
 827 00ea 12       		.uleb128 0x12
 828 00eb 18       		.uleb128 0x18
 829 00ec 00       		.byte	0
 830 00ed 00       		.byte	0
 831 00ee 00       		.byte	0
 832 00ef 13       		.uleb128 0x13
 833 00f0 898201   		.uleb128 0x4109
 834 00f3 00       		.byte	0
 835 00f4 11       		.uleb128 0x11
 836 00f5 01       		.uleb128 0x1
 837 00f6 31       		.uleb128 0x31
 838 00f7 13       		.uleb128 0x13
 839 00f8 00       		.byte	0
 840 00f9 00       		.byte	0
 841 00fa 14       		.uleb128 0x14
 842 00fb 898201   		.uleb128 0x4109
 843 00fe 01       		.byte	0x1
 844 00ff 11       		.uleb128 0x11
 845 0100 01       		.uleb128 0x1
 846 0101 31       		.uleb128 0x31
 847 0102 13       		.uleb128 0x13
 848 0103 01       		.uleb128 0x1
 849 0104 13       		.uleb128 0x13
 850 0105 00       		.byte	0
 851 0106 00       		.byte	0
 852 0107 15       		.uleb128 0x15
 853 0108 8A8201   		.uleb128 0x410a
 854 010b 00       		.byte	0
 855 010c 02       		.uleb128 0x2
 856 010d 18       		.uleb128 0x18
 857 010e 9142     		.uleb128 0x2111
 858 0110 18       		.uleb128 0x18
 859 0111 00       		.byte	0
 860 0112 00       		.byte	0
 861 0113 16       		.uleb128 0x16
 862 0114 898201   		.uleb128 0x4109
 863 0117 01       		.byte	0x1
 864 0118 11       		.uleb128 0x11
 865 0119 01       		.uleb128 0x1
 866 011a 31       		.uleb128 0x31
 867 011b 13       		.uleb128 0x13
 868 011c 00       		.byte	0
ARM GAS  C:\Users\ddemidov\AppData\Local\Temp\ccYmawMU.s 			page 17


 869 011d 00       		.byte	0
 870 011e 17       		.uleb128 0x17
 871 011f 2E       		.uleb128 0x2e
 872 0120 01       		.byte	0x1
 873 0121 3F       		.uleb128 0x3f
 874 0122 19       		.uleb128 0x19
 875 0123 03       		.uleb128 0x3
 876 0124 0E       		.uleb128 0xe
 877 0125 3A       		.uleb128 0x3a
 878 0126 0B       		.uleb128 0xb
 879 0127 3B       		.uleb128 0x3b
 880 0128 0B       		.uleb128 0xb
 881 0129 27       		.uleb128 0x27
 882 012a 19       		.uleb128 0x19
 883 012b 49       		.uleb128 0x49
 884 012c 13       		.uleb128 0x13
 885 012d 11       		.uleb128 0x11
 886 012e 01       		.uleb128 0x1
 887 012f 12       		.uleb128 0x12
 888 0130 06       		.uleb128 0x6
 889 0131 40       		.uleb128 0x40
 890 0132 18       		.uleb128 0x18
 891 0133 9742     		.uleb128 0x2117
 892 0135 19       		.uleb128 0x19
 893 0136 01       		.uleb128 0x1
 894 0137 13       		.uleb128 0x13
 895 0138 00       		.byte	0
 896 0139 00       		.byte	0
 897 013a 18       		.uleb128 0x18
 898 013b 05       		.uleb128 0x5
 899 013c 00       		.byte	0
 900 013d 03       		.uleb128 0x3
 901 013e 0E       		.uleb128 0xe
 902 013f 3A       		.uleb128 0x3a
 903 0140 0B       		.uleb128 0xb
 904 0141 3B       		.uleb128 0x3b
 905 0142 0B       		.uleb128 0xb
 906 0143 49       		.uleb128 0x49
 907 0144 13       		.uleb128 0x13
 908 0145 02       		.uleb128 0x2
 909 0146 18       		.uleb128 0x18
 910 0147 00       		.byte	0
 911 0148 00       		.byte	0
 912 0149 19       		.uleb128 0x19
 913 014a 05       		.uleb128 0x5
 914 014b 00       		.byte	0
 915 014c 03       		.uleb128 0x3
 916 014d 0E       		.uleb128 0xe
 917 014e 3A       		.uleb128 0x3a
 918 014f 0B       		.uleb128 0xb
 919 0150 3B       		.uleb128 0x3b
 920 0151 0B       		.uleb128 0xb
 921 0152 49       		.uleb128 0x49
 922 0153 13       		.uleb128 0x13
 923 0154 02       		.uleb128 0x2
 924 0155 17       		.uleb128 0x17
 925 0156 00       		.byte	0
ARM GAS  C:\Users\ddemidov\AppData\Local\Temp\ccYmawMU.s 			page 18


 926 0157 00       		.byte	0
 927 0158 1A       		.uleb128 0x1a
 928 0159 2E       		.uleb128 0x2e
 929 015a 00       		.byte	0
 930 015b 3F       		.uleb128 0x3f
 931 015c 19       		.uleb128 0x19
 932 015d 03       		.uleb128 0x3
 933 015e 0E       		.uleb128 0xe
 934 015f 3A       		.uleb128 0x3a
 935 0160 0B       		.uleb128 0xb
 936 0161 3B       		.uleb128 0x3b
 937 0162 05       		.uleb128 0x5
 938 0163 27       		.uleb128 0x27
 939 0164 19       		.uleb128 0x19
 940 0165 49       		.uleb128 0x49
 941 0166 13       		.uleb128 0x13
 942 0167 3C       		.uleb128 0x3c
 943 0168 19       		.uleb128 0x19
 944 0169 00       		.byte	0
 945 016a 00       		.byte	0
 946 016b 1B       		.uleb128 0x1b
 947 016c 2E       		.uleb128 0x2e
 948 016d 00       		.byte	0
 949 016e 3F       		.uleb128 0x3f
 950 016f 19       		.uleb128 0x19
 951 0170 03       		.uleb128 0x3
 952 0171 0E       		.uleb128 0xe
 953 0172 3A       		.uleb128 0x3a
 954 0173 0B       		.uleb128 0xb
 955 0174 3B       		.uleb128 0x3b
 956 0175 0B       		.uleb128 0xb
 957 0176 27       		.uleb128 0x27
 958 0177 19       		.uleb128 0x19
 959 0178 49       		.uleb128 0x49
 960 0179 13       		.uleb128 0x13
 961 017a 3C       		.uleb128 0x3c
 962 017b 19       		.uleb128 0x19
 963 017c 00       		.byte	0
 964 017d 00       		.byte	0
 965 017e 1C       		.uleb128 0x1c
 966 017f 2E       		.uleb128 0x2e
 967 0180 01       		.byte	0x1
 968 0181 3F       		.uleb128 0x3f
 969 0182 19       		.uleb128 0x19
 970 0183 03       		.uleb128 0x3
 971 0184 0E       		.uleb128 0xe
 972 0185 3A       		.uleb128 0x3a
 973 0186 0B       		.uleb128 0xb
 974 0187 3B       		.uleb128 0x3b
 975 0188 05       		.uleb128 0x5
 976 0189 27       		.uleb128 0x27
 977 018a 19       		.uleb128 0x19
 978 018b 3C       		.uleb128 0x3c
 979 018c 19       		.uleb128 0x19
 980 018d 00       		.byte	0
 981 018e 00       		.byte	0
 982 018f 00       		.byte	0
ARM GAS  C:\Users\ddemidov\AppData\Local\Temp\ccYmawMU.s 			page 19


 983              		.section	.debug_loc,"",%progbits
 984              	.Ldebug_loc0:
 985              	.LLST0:
 986 0000 00000000 		.4byte	.LVL0
 987 0004 09000000 		.4byte	.LVL1-1
 988 0008 0100     		.2byte	0x1
 989 000a 50       		.byte	0x50
 990 000b 09000000 		.4byte	.LVL1-1
 991 000f 50000000 		.4byte	.LVL9
 992 0013 0100     		.2byte	0x1
 993 0015 57       		.byte	0x57
 994 0016 50000000 		.4byte	.LVL9
 995 001a 60000000 		.4byte	.LFE63
 996 001e 0400     		.2byte	0x4
 997 0020 F3       		.byte	0xf3
 998 0021 01       		.uleb128 0x1
 999 0022 50       		.byte	0x50
 1000 0023 9F       		.byte	0x9f
 1001 0024 00000000 		.4byte	0
 1002 0028 00000000 		.4byte	0
 1003              	.LLST1:
 1004 002c 14000000 		.4byte	.LVL3
 1005 0030 17000000 		.4byte	.LVL4-1
 1006 0034 0100     		.2byte	0x1
 1007 0036 50       		.byte	0x50
 1008 0037 17000000 		.4byte	.LVL4-1
 1009 003b 50000000 		.4byte	.LVL8
 1010 003f 0100     		.2byte	0x1
 1011 0041 54       		.byte	0x54
 1012 0042 00000000 		.4byte	0
 1013 0046 00000000 		.4byte	0
 1014              	.LLST2:
 1015 004a 18000000 		.4byte	.LVL4
 1016 004e 37000000 		.4byte	.LVL5-1
 1017 0052 1100     		.2byte	0x11
 1018 0054 70       		.byte	0x70
 1019 0055 00       		.sleb128 0
 1020 0056 F7       		.byte	0xf7
 1021 0057 25       		.uleb128 0x25
 1022 0058 0A       		.byte	0xa
 1023 0059 80BB     		.2byte	0xbb80
 1024 005b F7       		.byte	0xf7
 1025 005c 25       		.uleb128 0x25
 1026 005d 1B       		.byte	0x1b
 1027 005e F7       		.byte	0xf7
 1028 005f 00       		.uleb128 0
 1029 0060 0A       		.byte	0xa
 1030 0061 E803     		.2byte	0x3e8
 1031 0063 1D       		.byte	0x1d
 1032 0064 9F       		.byte	0x9f
 1033 0065 00000000 		.4byte	0
 1034 0069 00000000 		.4byte	0
 1035              	.LLST3:
 1036 006d 00000000 		.4byte	.LVL10
 1037 0071 02000000 		.4byte	.LVL11
 1038 0075 0100     		.2byte	0x1
 1039 0077 50       		.byte	0x50
ARM GAS  C:\Users\ddemidov\AppData\Local\Temp\ccYmawMU.s 			page 20


 1040 0078 02000000 		.4byte	.LVL11
 1041 007c 04000000 		.4byte	.LFE65
 1042 0080 0400     		.2byte	0x4
 1043 0082 F3       		.byte	0xf3
 1044 0083 01       		.uleb128 0x1
 1045 0084 50       		.byte	0x50
 1046 0085 9F       		.byte	0x9f
 1047 0086 00000000 		.4byte	0
 1048 008a 00000000 		.4byte	0
 1049              	.LLST4:
 1050 008e 00000000 		.4byte	.LVL12
 1051 0092 07000000 		.4byte	.LVL13-1
 1052 0096 0100     		.2byte	0x1
 1053 0098 50       		.byte	0x50
 1054 0099 07000000 		.4byte	.LVL13-1
 1055 009d 0E000000 		.4byte	.LVL14
 1056 00a1 0100     		.2byte	0x1
 1057 00a3 54       		.byte	0x54
 1058 00a4 0E000000 		.4byte	.LVL14
 1059 00a8 10000000 		.4byte	.LFE66
 1060 00ac 0400     		.2byte	0x4
 1061 00ae F3       		.byte	0xf3
 1062 00af 01       		.uleb128 0x1
 1063 00b0 50       		.byte	0x50
 1064 00b1 9F       		.byte	0x9f
 1065 00b2 00000000 		.4byte	0
 1066 00b6 00000000 		.4byte	0
 1067              	.LLST5:
 1068 00ba 00000000 		.4byte	.LVL12
 1069 00be 08000000 		.4byte	.LVL13
 1070 00c2 0200     		.2byte	0x2
 1071 00c4 30       		.byte	0x30
 1072 00c5 9F       		.byte	0x9f
 1073 00c6 08000000 		.4byte	.LVL13
 1074 00ca 10000000 		.4byte	.LFE66
 1075 00ce 0100     		.2byte	0x1
 1076 00d0 50       		.byte	0x50
 1077 00d1 00000000 		.4byte	0
 1078 00d5 00000000 		.4byte	0
 1079              	.LLST6:
 1080 00d9 00000000 		.4byte	.LVL15
 1081 00dd 04000000 		.4byte	.LVL16
 1082 00e1 0100     		.2byte	0x1
 1083 00e3 50       		.byte	0x50
 1084 00e4 04000000 		.4byte	.LVL16
 1085 00e8 0E000000 		.4byte	.LFE67
 1086 00ec 0400     		.2byte	0x4
 1087 00ee F3       		.byte	0xf3
 1088 00ef 01       		.uleb128 0x1
 1089 00f0 50       		.byte	0x50
 1090 00f1 9F       		.byte	0x9f
 1091 00f2 00000000 		.4byte	0
 1092 00f6 00000000 		.4byte	0
 1093              		.section	.debug_aranges,"",%progbits
 1094 0000 34000000 		.4byte	0x34
 1095 0004 0200     		.2byte	0x2
 1096 0006 00000000 		.4byte	.Ldebug_info0
ARM GAS  C:\Users\ddemidov\AppData\Local\Temp\ccYmawMU.s 			page 21


 1097 000a 04       		.byte	0x4
 1098 000b 00       		.byte	0
 1099 000c 0000     		.2byte	0
 1100 000e 0000     		.2byte	0
 1101 0010 00000000 		.4byte	.LFB63
 1102 0014 60000000 		.4byte	.LFE63-.LFB63
 1103 0018 00000000 		.4byte	.LFB65
 1104 001c 04000000 		.4byte	.LFE65-.LFB65
 1105 0020 00000000 		.4byte	.LFB66
 1106 0024 10000000 		.4byte	.LFE66-.LFB66
 1107 0028 00000000 		.4byte	.LFB67
 1108 002c 0E000000 		.4byte	.LFE67-.LFB67
 1109 0030 00000000 		.4byte	0
 1110 0034 00000000 		.4byte	0
 1111              		.section	.debug_ranges,"",%progbits
 1112              	.Ldebug_ranges0:
 1113 0000 00000000 		.4byte	.LFB63
 1114 0004 60000000 		.4byte	.LFE63
 1115 0008 00000000 		.4byte	.LFB65
 1116 000c 04000000 		.4byte	.LFE65
 1117 0010 00000000 		.4byte	.LFB66
 1118 0014 10000000 		.4byte	.LFE66
 1119 0018 00000000 		.4byte	.LFB67
 1120 001c 0E000000 		.4byte	.LFE67
 1121 0020 00000000 		.4byte	0
 1122 0024 00000000 		.4byte	0
 1123              		.section	.debug_line,"",%progbits
 1124              	.Ldebug_line0:
 1125 0000 DC010000 		.section	.debug_str,"MS",%progbits,1
 1125      02008201 
 1125      00000201 
 1125      FB0E0D00 
 1125      01010101 
 1126              	.LASF38:
 1127 0000 474E5520 		.ascii	"GNU C 4.9.3 20150303 (release) [ARM/embedded-4_9-br"
 1127      4320342E 
 1127      392E3320 
 1127      32303135 
 1127      30333033 
 1128 0033 616E6368 		.ascii	"anch revision 221220] -mcpu=cortex-m0 -mthumb -g -O"
 1128      20726576 
 1128      6973696F 
 1128      6E203232 
 1128      31323230 
 1129 0066 73202D66 		.ascii	"s -ffunction-sections -ffat-lto-objects\000"
 1129      66756E63 
 1129      74696F6E 
 1129      2D736563 
 1129      74696F6E 
 1130              	.LASF39:
 1131 008e 2E2E5C61 		.ascii	"..\\acn-sdk-c\\platforms\\senseability\\time\\_time"
 1131      636E2D73 
 1131      646B2D63 
 1131      5C706C61 
 1131      74666F72 
 1132 00bc 2E6300   		.ascii	".c\000"
 1133              	.LASF28:
ARM GAS  C:\Users\ddemidov\AppData\Local\Temp\ccYmawMU.s 			page 22


 1134 00bf 75696E74 		.ascii	"uint64\000"
 1134      363400
 1135              	.LASF19:
 1136 00c6 746D5F77 		.ascii	"tm_wday\000"
 1136      64617900 
 1137              	.LASF33:
 1138 00ce 7374696D 		.ascii	"stime\000"
 1138      6500
 1139              	.LASF42:
 1140 00d4 5254435F 		.ascii	"RTC_SetUnixTime\000"
 1140      53657455 
 1140      6E697854 
 1140      696D6500 
 1141              	.LASF15:
 1142 00e4 746D5F68 		.ascii	"tm_hour\000"
 1142      6F757200 
 1143              	.LASF26:
 1144 00ec 666C6F61 		.ascii	"float\000"
 1144      7400
 1145              	.LASF2:
 1146 00f2 756E7369 		.ascii	"unsigned char\000"
 1146      676E6564 
 1146      20636861 
 1146      7200
 1147              	.LASF32:
 1148 0100 74696D65 		.ascii	"timer\000"
 1148      7200
 1149              	.LASF6:
 1150 0106 6C6F6E67 		.ascii	"long unsigned int\000"
 1150      20756E73 
 1150      69676E65 
 1150      6420696E 
 1150      7400
 1151              	.LASF4:
 1152 0118 73686F72 		.ascii	"short unsigned int\000"
 1152      7420756E 
 1152      7369676E 
 1152      65642069 
 1152      6E7400
 1153              	.LASF27:
 1154 012b 646F7562 		.ascii	"double\000"
 1154      6C6500
 1155              	.LASF11:
 1156 0132 74696D65 		.ascii	"time_t\000"
 1156      5F7400
 1157              	.LASF29:
 1158 0139 5F5F747A 		.ascii	"__tz\000"
 1158      00
 1159              	.LASF22:
 1160 013e 74696D65 		.ascii	"timeval\000"
 1160      76616C00 
 1161              	.LASF13:
 1162 0146 746D5F73 		.ascii	"tm_sec\000"
 1162      656300
 1163              	.LASF21:
 1164 014d 746D5F69 		.ascii	"tm_isdst\000"
 1164      73647374 
ARM GAS  C:\Users\ddemidov\AppData\Local\Temp\ccYmawMU.s 			page 23


 1164      00
 1165              	.LASF25:
 1166 0156 75696E74 		.ascii	"uint32\000"
 1166      333200
 1167              	.LASF20:
 1168 015d 746D5F79 		.ascii	"tm_yday\000"
 1168      64617900 
 1169              	.LASF0:
 1170 0165 756E7369 		.ascii	"unsigned int\000"
 1170      676E6564 
 1170      20696E74 
 1170      00
 1171              	.LASF8:
 1172 0172 6C6F6E67 		.ascii	"long long unsigned int\000"
 1172      206C6F6E 
 1172      6720756E 
 1172      7369676E 
 1172      65642069 
 1173              	.LASF14:
 1174 0189 746D5F6D 		.ascii	"tm_min\000"
 1174      696E00
 1175              	.LASF24:
 1176 0190 74765F75 		.ascii	"tv_usec\000"
 1176      73656300 
 1177              	.LASF40:
 1178 0198 433A5C55 		.ascii	"C:\\Users\\ddemidov\\Documents\\PSoC Creator\\BLE_F"
 1178      73657273 
 1178      5C646465 
 1178      6D69646F 
 1178      765C446F 
 1179 01c6 696E644D 		.ascii	"indMe01\\SenseAbility.cydsn\000"
 1179      6530315C 
 1179      53656E73 
 1179      65416269 
 1179      6C697479 
 1180              	.LASF31:
 1181 01e1 74696D65 		.ascii	"time\000"
 1181      00
 1182              	.LASF30:
 1183 01e6 67657474 		.ascii	"gettimeofday\000"
 1183      696D656F 
 1183      66646179 
 1183      00
 1184              	.LASF9:
 1185 01f3 73697A65 		.ascii	"sizetype\000"
 1185      74797065 
 1185      00
 1186              	.LASF23:
 1187 01fc 74765F73 		.ascii	"tv_sec\000"
 1187      656300
 1188              	.LASF7:
 1189 0203 6C6F6E67 		.ascii	"long long int\000"
 1189      206C6F6E 
 1189      6720696E 
 1189      7400
 1190              	.LASF10:
 1191 0211 63686172 		.ascii	"char\000"
ARM GAS  C:\Users\ddemidov\AppData\Local\Temp\ccYmawMU.s 			page 24


 1191      00
 1192              	.LASF35:
 1193 0216 6C6F6361 		.ascii	"localtime\000"
 1193      6C74696D 
 1193      6500
 1194              	.LASF12:
 1195 0220 73757365 		.ascii	"suseconds_t\000"
 1195      636F6E64 
 1195      735F7400 
 1196              	.LASF17:
 1197 022c 746D5F6D 		.ascii	"tm_mon\000"
 1197      6F6E00
 1198              	.LASF3:
 1199 0233 73686F72 		.ascii	"short int\000"
 1199      7420696E 
 1199      7400
 1200              	.LASF18:
 1201 023d 746D5F79 		.ascii	"tm_year\000"
 1201      65617200 
 1202              	.LASF37:
 1203 0245 5254435F 		.ascii	"RTC_PPS_ReadCounter\000"
 1203      5050535F 
 1203      52656164 
 1203      436F756E 
 1203      74657200 
 1204              	.LASF5:
 1205 0259 6C6F6E67 		.ascii	"long int\000"
 1205      20696E74 
 1205      00
 1206              	.LASF36:
 1207 0262 5254435F 		.ascii	"RTC_GetUnixTime\000"
 1207      47657455 
 1207      6E697854 
 1207      696D6500 
 1208              	.LASF1:
 1209 0272 7369676E 		.ascii	"signed char\000"
 1209      65642063 
 1209      68617200 
 1210              	.LASF34:
 1211 027e 73707269 		.ascii	"sprintf\000"
 1211      6E746600 
 1212              	.LASF41:
 1213 0286 6765745F 		.ascii	"get_time\000"
 1213      74696D65 
 1213      00
 1214              	.LASF16:
 1215 028f 746D5F6D 		.ascii	"tm_mday\000"
 1215      64617900 
 1216              		.ident	"GCC: (GNU Tools for ARM Embedded Processors) 4.9.3 20150303 (release) [ARM/embedded-4_9-br
