ARM GAS  C:\Users\ddemidov\AppData\Local\Temp\ccFKO1ch.s 			page 1


   1              		.cpu cortex-m0
   2              		.fpu softvfp
   3              		.eabi_attribute 20, 1
   4              		.eabi_attribute 21, 1
   5              		.eabi_attribute 23, 3
   6              		.eabi_attribute 24, 1
   7              		.eabi_attribute 25, 1
   8              		.eabi_attribute 26, 1
   9              		.eabi_attribute 30, 4
  10              		.eabi_attribute 34, 0
  11              		.eabi_attribute 18, 4
  12              		.code	16
  13              		.file	"asm.c"
  14              		.text
  15              	.Ltext0:
  16              		.cfi_sections	.debug_frame
  17              	.Letext0:
  18              		.section	.debug_line,"",%progbits
  19              	.Ldebug_line0:
  20              		.section	.debug_str,"MS",%progbits,1
  21              	.LASF0:
  22 0000 2E2E5C61 		.ascii	"..\\acn-sdk-c\\src\\wolfSSL\\wolfcrypt\\src\\asm.c\000"
  22      636E2D73 
  22      646B2D63 
  22      5C737263 
  22      5C776F6C 
  23              	.LASF1:
  24 002d 474E5520 		.ascii	"GNU C 4.9.3 20150303 (release) [ARM/embedded-4_9-br"
  24      4320342E 
  24      392E3320 
  24      32303135 
  24      30333033 
  25 0060 616E6368 		.ascii	"anch revision 221220] -mcpu=cortex-m0 -mthumb -g -O"
  25      20726576 
  25      6973696F 
  25      6E203232 
  25      31323230 
  26 0093 73202D66 		.ascii	"s -ffunction-sections -ffat-lto-objects\000"
  26      66756E63 
  26      74696F6E 
  26      2D736563 
  26      74696F6E 
  27              	.LASF2:
  28 00bb 433A5C55 		.ascii	"C:\\Users\\ddemidov\\Documents\\PSoC Creator\\BLE_F"
  28      73657273 
  28      5C646465 
  28      6D69646F 
  28      765C446F 
  29 00e9 696E644D 		.ascii	"indMe01\\SenseAbility.cydsn\000"
  29      6530315C 
  29      53656E73 
  29      65416269 
  29      6C697479 
  30              		.ident	"GCC: (GNU Tools for ARM Embedded Processors) 4.9.3 20150303 (release) [ARM/embedded-4_9-br
