ARM GAS  C:\Users\ddemidov\AppData\Local\Temp\ccHzmSIq.s 			page 1


   1              		.cpu cortex-m0
   2              		.fpu softvfp
   3              		.eabi_attribute 20, 1
   4              		.eabi_attribute 21, 1
   5              		.eabi_attribute 23, 3
   6              		.eabi_attribute 24, 1
   7              		.eabi_attribute 25, 1
   8              		.eabi_attribute 26, 1
   9              		.eabi_attribute 30, 4
  10              		.eabi_attribute 34, 0
  11              		.eabi_attribute 18, 4
  12              		.code	16
  13              		.file	"BLUE_LED.c"
  14              		.text
  15              	.Ltext0:
  16              		.cfi_sections	.debug_frame
  17              		.section	.text.BLUE_LED_Write,"ax",%progbits
  18              		.align	1
  19              		.global	BLUE_LED_Write
  20              		.code	16
  21              		.thumb_func
  22              		.type	BLUE_LED_Write, %function
  23              	BLUE_LED_Write:
  24              	.LFB0:
  25              		.file 1 ".\\Generated_Source\\PSoC4\\BLUE_LED.c"
   1:.\Generated_Source\PSoC4/BLUE_LED.c **** /*******************************************************************************
   2:.\Generated_Source\PSoC4/BLUE_LED.c **** * File Name: BLUE_LED.c  
   3:.\Generated_Source\PSoC4/BLUE_LED.c **** * Version 2.10
   4:.\Generated_Source\PSoC4/BLUE_LED.c **** *
   5:.\Generated_Source\PSoC4/BLUE_LED.c **** * Description:
   6:.\Generated_Source\PSoC4/BLUE_LED.c **** *  This file contains API to enable firmware control of a Pins component.
   7:.\Generated_Source\PSoC4/BLUE_LED.c **** *
   8:.\Generated_Source\PSoC4/BLUE_LED.c **** * Note:
   9:.\Generated_Source\PSoC4/BLUE_LED.c **** *
  10:.\Generated_Source\PSoC4/BLUE_LED.c **** ********************************************************************************
  11:.\Generated_Source\PSoC4/BLUE_LED.c **** * Copyright 2008-2014, Cypress Semiconductor Corporation.  All rights reserved.
  12:.\Generated_Source\PSoC4/BLUE_LED.c **** * You may use this file only in accordance with the license, terms, conditions, 
  13:.\Generated_Source\PSoC4/BLUE_LED.c **** * disclaimers, and limitations in the end user license agreement accompanying 
  14:.\Generated_Source\PSoC4/BLUE_LED.c **** * the software package with which this file was provided.
  15:.\Generated_Source\PSoC4/BLUE_LED.c **** *******************************************************************************/
  16:.\Generated_Source\PSoC4/BLUE_LED.c **** 
  17:.\Generated_Source\PSoC4/BLUE_LED.c **** #include "cytypes.h"
  18:.\Generated_Source\PSoC4/BLUE_LED.c **** #include "BLUE_LED.h"
  19:.\Generated_Source\PSoC4/BLUE_LED.c **** 
  20:.\Generated_Source\PSoC4/BLUE_LED.c **** #define SetP4PinDriveMode(shift, mode)  \
  21:.\Generated_Source\PSoC4/BLUE_LED.c ****     do { \
  22:.\Generated_Source\PSoC4/BLUE_LED.c ****         BLUE_LED_PC =   (BLUE_LED_PC & \
  23:.\Generated_Source\PSoC4/BLUE_LED.c ****                                 (uint32)(~(uint32)(BLUE_LED_DRIVE_MODE_IND_MASK << (BLUE_LED_DRIVE_
  24:.\Generated_Source\PSoC4/BLUE_LED.c ****                                 (uint32)((uint32)(mode) << (BLUE_LED_DRIVE_MODE_BITS * (shift))); \
  25:.\Generated_Source\PSoC4/BLUE_LED.c ****     } while (0)
  26:.\Generated_Source\PSoC4/BLUE_LED.c **** 
  27:.\Generated_Source\PSoC4/BLUE_LED.c **** 
  28:.\Generated_Source\PSoC4/BLUE_LED.c **** /*******************************************************************************
  29:.\Generated_Source\PSoC4/BLUE_LED.c **** * Function Name: BLUE_LED_Write
  30:.\Generated_Source\PSoC4/BLUE_LED.c **** ********************************************************************************
  31:.\Generated_Source\PSoC4/BLUE_LED.c **** *
  32:.\Generated_Source\PSoC4/BLUE_LED.c **** * Summary:
ARM GAS  C:\Users\ddemidov\AppData\Local\Temp\ccHzmSIq.s 			page 2


  33:.\Generated_Source\PSoC4/BLUE_LED.c **** *  Assign a new value to the digital port's data output register.  
  34:.\Generated_Source\PSoC4/BLUE_LED.c **** *
  35:.\Generated_Source\PSoC4/BLUE_LED.c **** * Parameters:  
  36:.\Generated_Source\PSoC4/BLUE_LED.c **** *  prtValue:  The value to be assigned to the Digital Port. 
  37:.\Generated_Source\PSoC4/BLUE_LED.c **** *
  38:.\Generated_Source\PSoC4/BLUE_LED.c **** * Return: 
  39:.\Generated_Source\PSoC4/BLUE_LED.c **** *  None 
  40:.\Generated_Source\PSoC4/BLUE_LED.c **** *  
  41:.\Generated_Source\PSoC4/BLUE_LED.c **** *******************************************************************************/
  42:.\Generated_Source\PSoC4/BLUE_LED.c **** void BLUE_LED_Write(uint8 value) 
  43:.\Generated_Source\PSoC4/BLUE_LED.c **** {
  26              		.loc 1 43 0
  27              		.cfi_startproc
  28              	.LVL0:
  44:.\Generated_Source\PSoC4/BLUE_LED.c ****     uint8 drVal = (uint8)(BLUE_LED_DR & (uint8)(~BLUE_LED_MASK));
  29              		.loc 1 44 0
  30 0000 7F23     		mov	r3, #127
  31 0002 044A     		ldr	r2, .L2
  45:.\Generated_Source\PSoC4/BLUE_LED.c ****     drVal = (drVal | ((uint8)(value << BLUE_LED_SHIFT) & BLUE_LED_MASK));
  32              		.loc 1 45 0
  33 0004 C001     		lsl	r0, r0, #7
  34              	.LVL1:
  44:.\Generated_Source\PSoC4/BLUE_LED.c ****     uint8 drVal = (uint8)(BLUE_LED_DR & (uint8)(~BLUE_LED_MASK));
  35              		.loc 1 44 0
  36 0006 1168     		ldr	r1, [r2]
  46:.\Generated_Source\PSoC4/BLUE_LED.c ****     BLUE_LED_DR = (uint32)drVal;
  47:.\Generated_Source\PSoC4/BLUE_LED.c **** }
  37              		.loc 1 47 0
  38              		@ sp needed
  44:.\Generated_Source\PSoC4/BLUE_LED.c ****     drVal = (drVal | ((uint8)(value << BLUE_LED_SHIFT) & BLUE_LED_MASK));
  39              		.loc 1 44 0
  40 0008 0B40     		and	r3, r1
  45:.\Generated_Source\PSoC4/BLUE_LED.c ****     drVal = (drVal | ((uint8)(value << BLUE_LED_SHIFT) & BLUE_LED_MASK));
  41              		.loc 1 45 0
  42 000a 1843     		orr	r0, r3
  46:.\Generated_Source\PSoC4/BLUE_LED.c ****     BLUE_LED_DR = (uint32)drVal;
  43              		.loc 1 46 0
  44 000c C0B2     		uxtb	r0, r0
  45 000e 1060     		str	r0, [r2]
  46              		.loc 1 47 0
  47 0010 7047     		bx	lr
  48              	.L3:
  49 0012 C046     		.align	2
  50              	.L2:
  51 0014 00030440 		.word	1074004736
  52              		.cfi_endproc
  53              	.LFE0:
  54              		.size	BLUE_LED_Write, .-BLUE_LED_Write
  55              		.section	.text.BLUE_LED_SetDriveMode,"ax",%progbits
  56              		.align	1
  57              		.global	BLUE_LED_SetDriveMode
  58              		.code	16
  59              		.thumb_func
  60              		.type	BLUE_LED_SetDriveMode, %function
  61              	BLUE_LED_SetDriveMode:
  62              	.LFB1:
  48:.\Generated_Source\PSoC4/BLUE_LED.c **** 
ARM GAS  C:\Users\ddemidov\AppData\Local\Temp\ccHzmSIq.s 			page 3


  49:.\Generated_Source\PSoC4/BLUE_LED.c **** 
  50:.\Generated_Source\PSoC4/BLUE_LED.c **** /*******************************************************************************
  51:.\Generated_Source\PSoC4/BLUE_LED.c **** * Function Name: BLUE_LED_SetDriveMode
  52:.\Generated_Source\PSoC4/BLUE_LED.c **** ********************************************************************************
  53:.\Generated_Source\PSoC4/BLUE_LED.c **** *
  54:.\Generated_Source\PSoC4/BLUE_LED.c **** * Summary:
  55:.\Generated_Source\PSoC4/BLUE_LED.c **** *  Change the drive mode on the pins of the port.
  56:.\Generated_Source\PSoC4/BLUE_LED.c **** * 
  57:.\Generated_Source\PSoC4/BLUE_LED.c **** * Parameters:  
  58:.\Generated_Source\PSoC4/BLUE_LED.c **** *  mode:  Change the pins to one of the following drive modes.
  59:.\Generated_Source\PSoC4/BLUE_LED.c **** *
  60:.\Generated_Source\PSoC4/BLUE_LED.c **** *  BLUE_LED_DM_STRONG     Strong Drive 
  61:.\Generated_Source\PSoC4/BLUE_LED.c **** *  BLUE_LED_DM_OD_HI      Open Drain, Drives High 
  62:.\Generated_Source\PSoC4/BLUE_LED.c **** *  BLUE_LED_DM_OD_LO      Open Drain, Drives Low 
  63:.\Generated_Source\PSoC4/BLUE_LED.c **** *  BLUE_LED_DM_RES_UP     Resistive Pull Up 
  64:.\Generated_Source\PSoC4/BLUE_LED.c **** *  BLUE_LED_DM_RES_DWN    Resistive Pull Down 
  65:.\Generated_Source\PSoC4/BLUE_LED.c **** *  BLUE_LED_DM_RES_UPDWN  Resistive Pull Up/Down 
  66:.\Generated_Source\PSoC4/BLUE_LED.c **** *  BLUE_LED_DM_DIG_HIZ    High Impedance Digital 
  67:.\Generated_Source\PSoC4/BLUE_LED.c **** *  BLUE_LED_DM_ALG_HIZ    High Impedance Analog 
  68:.\Generated_Source\PSoC4/BLUE_LED.c **** *
  69:.\Generated_Source\PSoC4/BLUE_LED.c **** * Return: 
  70:.\Generated_Source\PSoC4/BLUE_LED.c **** *  None
  71:.\Generated_Source\PSoC4/BLUE_LED.c **** *
  72:.\Generated_Source\PSoC4/BLUE_LED.c **** *******************************************************************************/
  73:.\Generated_Source\PSoC4/BLUE_LED.c **** void BLUE_LED_SetDriveMode(uint8 mode) 
  74:.\Generated_Source\PSoC4/BLUE_LED.c **** {
  63              		.loc 1 74 0
  64              		.cfi_startproc
  65              	.LVL2:
  75:.\Generated_Source\PSoC4/BLUE_LED.c **** 	SetP4PinDriveMode(BLUE_LED__0__SHIFT, mode);
  66              		.loc 1 75 0
  67 0000 034A     		ldr	r2, .L5
  68 0002 044B     		ldr	r3, .L5+4
  69 0004 1168     		ldr	r1, [r2]
  70 0006 4005     		lsl	r0, r0, #21
  71              	.LVL3:
  72 0008 0B40     		and	r3, r1
  73 000a 1843     		orr	r0, r3
  74 000c 1060     		str	r0, [r2]
  76:.\Generated_Source\PSoC4/BLUE_LED.c **** }
  75              		.loc 1 76 0
  76              		@ sp needed
  77 000e 7047     		bx	lr
  78              	.L6:
  79              		.align	2
  80              	.L5:
  81 0010 08030440 		.word	1074004744
  82 0014 FFFF1FFF 		.word	-14680065
  83              		.cfi_endproc
  84              	.LFE1:
  85              		.size	BLUE_LED_SetDriveMode, .-BLUE_LED_SetDriveMode
  86              		.section	.text.BLUE_LED_Read,"ax",%progbits
  87              		.align	1
  88              		.global	BLUE_LED_Read
  89              		.code	16
  90              		.thumb_func
  91              		.type	BLUE_LED_Read, %function
ARM GAS  C:\Users\ddemidov\AppData\Local\Temp\ccHzmSIq.s 			page 4


  92              	BLUE_LED_Read:
  93              	.LFB2:
  77:.\Generated_Source\PSoC4/BLUE_LED.c **** 
  78:.\Generated_Source\PSoC4/BLUE_LED.c **** 
  79:.\Generated_Source\PSoC4/BLUE_LED.c **** /*******************************************************************************
  80:.\Generated_Source\PSoC4/BLUE_LED.c **** * Function Name: BLUE_LED_Read
  81:.\Generated_Source\PSoC4/BLUE_LED.c **** ********************************************************************************
  82:.\Generated_Source\PSoC4/BLUE_LED.c **** *
  83:.\Generated_Source\PSoC4/BLUE_LED.c **** * Summary:
  84:.\Generated_Source\PSoC4/BLUE_LED.c **** *  Read the current value on the pins of the Digital Port in right justified 
  85:.\Generated_Source\PSoC4/BLUE_LED.c **** *  form.
  86:.\Generated_Source\PSoC4/BLUE_LED.c **** *
  87:.\Generated_Source\PSoC4/BLUE_LED.c **** * Parameters:  
  88:.\Generated_Source\PSoC4/BLUE_LED.c **** *  None 
  89:.\Generated_Source\PSoC4/BLUE_LED.c **** *
  90:.\Generated_Source\PSoC4/BLUE_LED.c **** * Return: 
  91:.\Generated_Source\PSoC4/BLUE_LED.c **** *  Returns the current value of the Digital Port as a right justified number
  92:.\Generated_Source\PSoC4/BLUE_LED.c **** *  
  93:.\Generated_Source\PSoC4/BLUE_LED.c **** * Note:
  94:.\Generated_Source\PSoC4/BLUE_LED.c **** *  Macro BLUE_LED_ReadPS calls this function. 
  95:.\Generated_Source\PSoC4/BLUE_LED.c **** *  
  96:.\Generated_Source\PSoC4/BLUE_LED.c **** *******************************************************************************/
  97:.\Generated_Source\PSoC4/BLUE_LED.c **** uint8 BLUE_LED_Read(void) 
  98:.\Generated_Source\PSoC4/BLUE_LED.c **** {
  94              		.loc 1 98 0
  95              		.cfi_startproc
  99:.\Generated_Source\PSoC4/BLUE_LED.c ****     return (uint8)((BLUE_LED_PS & BLUE_LED_MASK) >> BLUE_LED_SHIFT);
  96              		.loc 1 99 0
  97 0000 024B     		ldr	r3, .L8
 100:.\Generated_Source\PSoC4/BLUE_LED.c **** }
  98              		.loc 1 100 0
  99              		@ sp needed
  99:.\Generated_Source\PSoC4/BLUE_LED.c ****     return (uint8)((BLUE_LED_PS & BLUE_LED_MASK) >> BLUE_LED_SHIFT);
 100              		.loc 1 99 0
 101 0002 1868     		ldr	r0, [r3]
 102 0004 0006     		lsl	r0, r0, #24
 103 0006 C00F     		lsr	r0, r0, #31
 104              		.loc 1 100 0
 105 0008 7047     		bx	lr
 106              	.L9:
 107 000a C046     		.align	2
 108              	.L8:
 109 000c 04030440 		.word	1074004740
 110              		.cfi_endproc
 111              	.LFE2:
 112              		.size	BLUE_LED_Read, .-BLUE_LED_Read
 113              		.section	.text.BLUE_LED_ReadDataReg,"ax",%progbits
 114              		.align	1
 115              		.global	BLUE_LED_ReadDataReg
 116              		.code	16
 117              		.thumb_func
 118              		.type	BLUE_LED_ReadDataReg, %function
 119              	BLUE_LED_ReadDataReg:
 120              	.LFB3:
 101:.\Generated_Source\PSoC4/BLUE_LED.c **** 
 102:.\Generated_Source\PSoC4/BLUE_LED.c **** 
 103:.\Generated_Source\PSoC4/BLUE_LED.c **** /*******************************************************************************
ARM GAS  C:\Users\ddemidov\AppData\Local\Temp\ccHzmSIq.s 			page 5


 104:.\Generated_Source\PSoC4/BLUE_LED.c **** * Function Name: BLUE_LED_ReadDataReg
 105:.\Generated_Source\PSoC4/BLUE_LED.c **** ********************************************************************************
 106:.\Generated_Source\PSoC4/BLUE_LED.c **** *
 107:.\Generated_Source\PSoC4/BLUE_LED.c **** * Summary:
 108:.\Generated_Source\PSoC4/BLUE_LED.c **** *  Read the current value assigned to a Digital Port's data output register
 109:.\Generated_Source\PSoC4/BLUE_LED.c **** *
 110:.\Generated_Source\PSoC4/BLUE_LED.c **** * Parameters:  
 111:.\Generated_Source\PSoC4/BLUE_LED.c **** *  None 
 112:.\Generated_Source\PSoC4/BLUE_LED.c **** *
 113:.\Generated_Source\PSoC4/BLUE_LED.c **** * Return: 
 114:.\Generated_Source\PSoC4/BLUE_LED.c **** *  Returns the current value assigned to the Digital Port's data output register
 115:.\Generated_Source\PSoC4/BLUE_LED.c **** *  
 116:.\Generated_Source\PSoC4/BLUE_LED.c **** *******************************************************************************/
 117:.\Generated_Source\PSoC4/BLUE_LED.c **** uint8 BLUE_LED_ReadDataReg(void) 
 118:.\Generated_Source\PSoC4/BLUE_LED.c **** {
 121              		.loc 1 118 0
 122              		.cfi_startproc
 119:.\Generated_Source\PSoC4/BLUE_LED.c ****     return (uint8)((BLUE_LED_DR & BLUE_LED_MASK) >> BLUE_LED_SHIFT);
 123              		.loc 1 119 0
 124 0000 024B     		ldr	r3, .L11
 120:.\Generated_Source\PSoC4/BLUE_LED.c **** }
 125              		.loc 1 120 0
 126              		@ sp needed
 119:.\Generated_Source\PSoC4/BLUE_LED.c ****     return (uint8)((BLUE_LED_DR & BLUE_LED_MASK) >> BLUE_LED_SHIFT);
 127              		.loc 1 119 0
 128 0002 1868     		ldr	r0, [r3]
 129 0004 0006     		lsl	r0, r0, #24
 130 0006 C00F     		lsr	r0, r0, #31
 131              		.loc 1 120 0
 132 0008 7047     		bx	lr
 133              	.L12:
 134 000a C046     		.align	2
 135              	.L11:
 136 000c 00030440 		.word	1074004736
 137              		.cfi_endproc
 138              	.LFE3:
 139              		.size	BLUE_LED_ReadDataReg, .-BLUE_LED_ReadDataReg
 140              		.section	.text.BLUE_LED_ClearInterrupt,"ax",%progbits
 141              		.align	1
 142              		.global	BLUE_LED_ClearInterrupt
 143              		.code	16
 144              		.thumb_func
 145              		.type	BLUE_LED_ClearInterrupt, %function
 146              	BLUE_LED_ClearInterrupt:
 147              	.LFB4:
 121:.\Generated_Source\PSoC4/BLUE_LED.c **** 
 122:.\Generated_Source\PSoC4/BLUE_LED.c **** 
 123:.\Generated_Source\PSoC4/BLUE_LED.c **** /* If Interrupts Are Enabled for this Pins component */ 
 124:.\Generated_Source\PSoC4/BLUE_LED.c **** #if defined(BLUE_LED_INTSTAT) 
 125:.\Generated_Source\PSoC4/BLUE_LED.c **** 
 126:.\Generated_Source\PSoC4/BLUE_LED.c ****     /*******************************************************************************
 127:.\Generated_Source\PSoC4/BLUE_LED.c ****     * Function Name: BLUE_LED_ClearInterrupt
 128:.\Generated_Source\PSoC4/BLUE_LED.c ****     ********************************************************************************
 129:.\Generated_Source\PSoC4/BLUE_LED.c ****     *
 130:.\Generated_Source\PSoC4/BLUE_LED.c ****     * Summary:
 131:.\Generated_Source\PSoC4/BLUE_LED.c ****     *  Clears any active interrupts attached to port and returns the value of the 
 132:.\Generated_Source\PSoC4/BLUE_LED.c ****     *  interrupt status register.
ARM GAS  C:\Users\ddemidov\AppData\Local\Temp\ccHzmSIq.s 			page 6


 133:.\Generated_Source\PSoC4/BLUE_LED.c ****     *
 134:.\Generated_Source\PSoC4/BLUE_LED.c ****     * Parameters:  
 135:.\Generated_Source\PSoC4/BLUE_LED.c ****     *  None 
 136:.\Generated_Source\PSoC4/BLUE_LED.c ****     *
 137:.\Generated_Source\PSoC4/BLUE_LED.c ****     * Return: 
 138:.\Generated_Source\PSoC4/BLUE_LED.c ****     *  Returns the value of the interrupt status register
 139:.\Generated_Source\PSoC4/BLUE_LED.c ****     *  
 140:.\Generated_Source\PSoC4/BLUE_LED.c ****     *******************************************************************************/
 141:.\Generated_Source\PSoC4/BLUE_LED.c ****     uint8 BLUE_LED_ClearInterrupt(void) 
 142:.\Generated_Source\PSoC4/BLUE_LED.c ****     {
 148              		.loc 1 142 0
 149              		.cfi_startproc
 143:.\Generated_Source\PSoC4/BLUE_LED.c **** 		uint8 maskedStatus = (uint8)(BLUE_LED_INTSTAT & BLUE_LED_MASK);
 150              		.loc 1 143 0
 151 0000 7F22     		mov	r2, #127
 152 0002 034B     		ldr	r3, .L14
 144:.\Generated_Source\PSoC4/BLUE_LED.c **** 		BLUE_LED_INTSTAT = maskedStatus;
 145:.\Generated_Source\PSoC4/BLUE_LED.c ****         return maskedStatus >> BLUE_LED_SHIFT;
 146:.\Generated_Source\PSoC4/BLUE_LED.c ****     }
 153              		.loc 1 146 0
 154              		@ sp needed
 143:.\Generated_Source\PSoC4/BLUE_LED.c **** 		uint8 maskedStatus = (uint8)(BLUE_LED_INTSTAT & BLUE_LED_MASK);
 155              		.loc 1 143 0
 156 0004 1868     		ldr	r0, [r3]
 157 0006 9043     		bic	r0, r2
 158 0008 C0B2     		uxtb	r0, r0
 159              	.LVL4:
 144:.\Generated_Source\PSoC4/BLUE_LED.c **** 		BLUE_LED_INTSTAT = maskedStatus;
 160              		.loc 1 144 0
 161 000a 1860     		str	r0, [r3]
 145:.\Generated_Source\PSoC4/BLUE_LED.c ****     }
 162              		.loc 1 145 0
 163 000c C009     		lsr	r0, r0, #7
 164              	.LVL5:
 165              		.loc 1 146 0
 166 000e 7047     		bx	lr
 167              	.L15:
 168              		.align	2
 169              	.L14:
 170 0010 10030440 		.word	1074004752
 171              		.cfi_endproc
 172              	.LFE4:
 173              		.size	BLUE_LED_ClearInterrupt, .-BLUE_LED_ClearInterrupt
 174              		.text
 175              	.Letext0:
 176              		.file 2 ".\\Generated_Source\\PSoC4\\cytypes.h"
 177              		.section	.debug_info,"",%progbits
 178              	.Ldebug_info0:
 179 0000 4A010000 		.4byte	0x14a
 180 0004 0400     		.2byte	0x4
 181 0006 00000000 		.4byte	.Ldebug_abbrev0
 182 000a 04       		.byte	0x4
 183 000b 01       		.uleb128 0x1
 184 000c 06000000 		.4byte	.LASF22
 185 0010 01       		.byte	0x1
 186 0011 15010000 		.4byte	.LASF23
 187 0015 7E010000 		.4byte	.LASF24
ARM GAS  C:\Users\ddemidov\AppData\Local\Temp\ccHzmSIq.s 			page 7


 188 0019 00000000 		.4byte	.Ldebug_ranges0+0
 189 001d 00000000 		.4byte	0
 190 0021 00000000 		.4byte	.Ldebug_line0
 191 0025 02       		.uleb128 0x2
 192 0026 01       		.byte	0x1
 193 0027 06       		.byte	0x6
 194 0028 00020000 		.4byte	.LASF0
 195 002c 02       		.uleb128 0x2
 196 002d 01       		.byte	0x1
 197 002e 08       		.byte	0x8
 198 002f DC000000 		.4byte	.LASF1
 199 0033 02       		.uleb128 0x2
 200 0034 02       		.byte	0x2
 201 0035 05       		.byte	0x5
 202 0036 E7010000 		.4byte	.LASF2
 203 003a 02       		.uleb128 0x2
 204 003b 02       		.byte	0x2
 205 003c 07       		.byte	0x7
 206 003d 02010000 		.4byte	.LASF3
 207 0041 02       		.uleb128 0x2
 208 0042 04       		.byte	0x4
 209 0043 05       		.byte	0x5
 210 0044 F7010000 		.4byte	.LASF4
 211 0048 02       		.uleb128 0x2
 212 0049 04       		.byte	0x4
 213 004a 07       		.byte	0x7
 214 004b F0000000 		.4byte	.LASF5
 215 004f 02       		.uleb128 0x2
 216 0050 08       		.byte	0x8
 217 0051 05       		.byte	0x5
 218 0052 C7010000 		.4byte	.LASF6
 219 0056 02       		.uleb128 0x2
 220 0057 08       		.byte	0x8
 221 0058 07       		.byte	0x7
 222 0059 62010000 		.4byte	.LASF7
 223 005d 03       		.uleb128 0x3
 224 005e 04       		.byte	0x4
 225 005f 05       		.byte	0x5
 226 0060 696E7400 		.ascii	"int\000"
 227 0064 02       		.uleb128 0x2
 228 0065 04       		.byte	0x4
 229 0066 07       		.byte	0x7
 230 0067 55010000 		.4byte	.LASF8
 231 006b 04       		.uleb128 0x4
 232 006c F1010000 		.4byte	.LASF9
 233 0070 02       		.byte	0x2
 234 0071 3801     		.2byte	0x138
 235 0073 2C000000 		.4byte	0x2c
 236 0077 04       		.uleb128 0x4
 237 0078 40010000 		.4byte	.LASF10
 238 007c 02       		.byte	0x2
 239 007d 3A01     		.2byte	0x13a
 240 007f 48000000 		.4byte	0x48
 241 0083 02       		.uleb128 0x2
 242 0084 04       		.byte	0x4
 243 0085 04       		.byte	0x4
 244 0086 D6000000 		.4byte	.LASF11
ARM GAS  C:\Users\ddemidov\AppData\Local\Temp\ccHzmSIq.s 			page 8


 245 008a 02       		.uleb128 0x2
 246 008b 08       		.byte	0x8
 247 008c 04       		.byte	0x4
 248 008d 39010000 		.4byte	.LASF12
 249 0091 02       		.uleb128 0x2
 250 0092 01       		.byte	0x1
 251 0093 08       		.byte	0x8
 252 0094 E2010000 		.4byte	.LASF13
 253 0098 04       		.uleb128 0x4
 254 0099 00000000 		.4byte	.LASF14
 255 009d 02       		.byte	0x2
 256 009e E401     		.2byte	0x1e4
 257 00a0 A4000000 		.4byte	0xa4
 258 00a4 05       		.uleb128 0x5
 259 00a5 77000000 		.4byte	0x77
 260 00a9 06       		.uleb128 0x6
 261 00aa AF000000 		.4byte	.LASF15
 262 00ae 01       		.byte	0x1
 263 00af 2A       		.byte	0x2a
 264 00b0 00000000 		.4byte	.LFB0
 265 00b4 18000000 		.4byte	.LFE0-.LFB0
 266 00b8 01       		.uleb128 0x1
 267 00b9 9C       		.byte	0x9c
 268 00ba D9000000 		.4byte	0xd9
 269 00be 07       		.uleb128 0x7
 270 00bf 94000000 		.4byte	.LASF17
 271 00c3 01       		.byte	0x1
 272 00c4 2A       		.byte	0x2a
 273 00c5 6B000000 		.4byte	0x6b
 274 00c9 00000000 		.4byte	.LLST0
 275 00cd 08       		.uleb128 0x8
 276 00ce EA000000 		.4byte	.LASF25
 277 00d2 01       		.byte	0x1
 278 00d3 2C       		.byte	0x2c
 279 00d4 6B000000 		.4byte	0x6b
 280 00d8 00       		.byte	0
 281 00d9 06       		.uleb128 0x6
 282 00da 0C020000 		.4byte	.LASF16
 283 00de 01       		.byte	0x1
 284 00df 49       		.byte	0x49
 285 00e0 00000000 		.4byte	.LFB1
 286 00e4 18000000 		.4byte	.LFE1-.LFB1
 287 00e8 01       		.uleb128 0x1
 288 00e9 9C       		.byte	0x9c
 289 00ea FE000000 		.4byte	0xfe
 290 00ee 07       		.uleb128 0x7
 291 00ef 79010000 		.4byte	.LASF18
 292 00f3 01       		.byte	0x1
 293 00f4 49       		.byte	0x49
 294 00f5 6B000000 		.4byte	0x6b
 295 00f9 21000000 		.4byte	.LLST1
 296 00fd 00       		.byte	0
 297 00fe 09       		.uleb128 0x9
 298 00ff 47010000 		.4byte	.LASF19
 299 0103 01       		.byte	0x1
 300 0104 61       		.byte	0x61
 301 0105 6B000000 		.4byte	0x6b
ARM GAS  C:\Users\ddemidov\AppData\Local\Temp\ccHzmSIq.s 			page 9


 302 0109 00000000 		.4byte	.LFB2
 303 010d 10000000 		.4byte	.LFE2-.LFB2
 304 0111 01       		.uleb128 0x1
 305 0112 9C       		.byte	0x9c
 306 0113 09       		.uleb128 0x9
 307 0114 9A000000 		.4byte	.LASF20
 308 0118 01       		.byte	0x1
 309 0119 75       		.byte	0x75
 310 011a 6B000000 		.4byte	0x6b
 311 011e 00000000 		.4byte	.LFB3
 312 0122 10000000 		.4byte	.LFE3-.LFB3
 313 0126 01       		.uleb128 0x1
 314 0127 9C       		.byte	0x9c
 315 0128 0A       		.uleb128 0xa
 316 0129 BE000000 		.4byte	.LASF21
 317 012d 01       		.byte	0x1
 318 012e 8D       		.byte	0x8d
 319 012f 6B000000 		.4byte	0x6b
 320 0133 00000000 		.4byte	.LFB4
 321 0137 14000000 		.4byte	.LFE4-.LFB4
 322 013b 01       		.uleb128 0x1
 323 013c 9C       		.byte	0x9c
 324 013d 0B       		.uleb128 0xb
 325 013e D5010000 		.4byte	.LASF26
 326 0142 01       		.byte	0x1
 327 0143 8F       		.byte	0x8f
 328 0144 6B000000 		.4byte	0x6b
 329 0148 42000000 		.4byte	.LLST2
 330 014c 00       		.byte	0
 331 014d 00       		.byte	0
 332              		.section	.debug_abbrev,"",%progbits
 333              	.Ldebug_abbrev0:
 334 0000 01       		.uleb128 0x1
 335 0001 11       		.uleb128 0x11
 336 0002 01       		.byte	0x1
 337 0003 25       		.uleb128 0x25
 338 0004 0E       		.uleb128 0xe
 339 0005 13       		.uleb128 0x13
 340 0006 0B       		.uleb128 0xb
 341 0007 03       		.uleb128 0x3
 342 0008 0E       		.uleb128 0xe
 343 0009 1B       		.uleb128 0x1b
 344 000a 0E       		.uleb128 0xe
 345 000b 55       		.uleb128 0x55
 346 000c 17       		.uleb128 0x17
 347 000d 11       		.uleb128 0x11
 348 000e 01       		.uleb128 0x1
 349 000f 10       		.uleb128 0x10
 350 0010 17       		.uleb128 0x17
 351 0011 00       		.byte	0
 352 0012 00       		.byte	0
 353 0013 02       		.uleb128 0x2
 354 0014 24       		.uleb128 0x24
 355 0015 00       		.byte	0
 356 0016 0B       		.uleb128 0xb
 357 0017 0B       		.uleb128 0xb
 358 0018 3E       		.uleb128 0x3e
ARM GAS  C:\Users\ddemidov\AppData\Local\Temp\ccHzmSIq.s 			page 10


 359 0019 0B       		.uleb128 0xb
 360 001a 03       		.uleb128 0x3
 361 001b 0E       		.uleb128 0xe
 362 001c 00       		.byte	0
 363 001d 00       		.byte	0
 364 001e 03       		.uleb128 0x3
 365 001f 24       		.uleb128 0x24
 366 0020 00       		.byte	0
 367 0021 0B       		.uleb128 0xb
 368 0022 0B       		.uleb128 0xb
 369 0023 3E       		.uleb128 0x3e
 370 0024 0B       		.uleb128 0xb
 371 0025 03       		.uleb128 0x3
 372 0026 08       		.uleb128 0x8
 373 0027 00       		.byte	0
 374 0028 00       		.byte	0
 375 0029 04       		.uleb128 0x4
 376 002a 16       		.uleb128 0x16
 377 002b 00       		.byte	0
 378 002c 03       		.uleb128 0x3
 379 002d 0E       		.uleb128 0xe
 380 002e 3A       		.uleb128 0x3a
 381 002f 0B       		.uleb128 0xb
 382 0030 3B       		.uleb128 0x3b
 383 0031 05       		.uleb128 0x5
 384 0032 49       		.uleb128 0x49
 385 0033 13       		.uleb128 0x13
 386 0034 00       		.byte	0
 387 0035 00       		.byte	0
 388 0036 05       		.uleb128 0x5
 389 0037 35       		.uleb128 0x35
 390 0038 00       		.byte	0
 391 0039 49       		.uleb128 0x49
 392 003a 13       		.uleb128 0x13
 393 003b 00       		.byte	0
 394 003c 00       		.byte	0
 395 003d 06       		.uleb128 0x6
 396 003e 2E       		.uleb128 0x2e
 397 003f 01       		.byte	0x1
 398 0040 3F       		.uleb128 0x3f
 399 0041 19       		.uleb128 0x19
 400 0042 03       		.uleb128 0x3
 401 0043 0E       		.uleb128 0xe
 402 0044 3A       		.uleb128 0x3a
 403 0045 0B       		.uleb128 0xb
 404 0046 3B       		.uleb128 0x3b
 405 0047 0B       		.uleb128 0xb
 406 0048 27       		.uleb128 0x27
 407 0049 19       		.uleb128 0x19
 408 004a 11       		.uleb128 0x11
 409 004b 01       		.uleb128 0x1
 410 004c 12       		.uleb128 0x12
 411 004d 06       		.uleb128 0x6
 412 004e 40       		.uleb128 0x40
 413 004f 18       		.uleb128 0x18
 414 0050 9742     		.uleb128 0x2117
 415 0052 19       		.uleb128 0x19
ARM GAS  C:\Users\ddemidov\AppData\Local\Temp\ccHzmSIq.s 			page 11


 416 0053 01       		.uleb128 0x1
 417 0054 13       		.uleb128 0x13
 418 0055 00       		.byte	0
 419 0056 00       		.byte	0
 420 0057 07       		.uleb128 0x7
 421 0058 05       		.uleb128 0x5
 422 0059 00       		.byte	0
 423 005a 03       		.uleb128 0x3
 424 005b 0E       		.uleb128 0xe
 425 005c 3A       		.uleb128 0x3a
 426 005d 0B       		.uleb128 0xb
 427 005e 3B       		.uleb128 0x3b
 428 005f 0B       		.uleb128 0xb
 429 0060 49       		.uleb128 0x49
 430 0061 13       		.uleb128 0x13
 431 0062 02       		.uleb128 0x2
 432 0063 17       		.uleb128 0x17
 433 0064 00       		.byte	0
 434 0065 00       		.byte	0
 435 0066 08       		.uleb128 0x8
 436 0067 34       		.uleb128 0x34
 437 0068 00       		.byte	0
 438 0069 03       		.uleb128 0x3
 439 006a 0E       		.uleb128 0xe
 440 006b 3A       		.uleb128 0x3a
 441 006c 0B       		.uleb128 0xb
 442 006d 3B       		.uleb128 0x3b
 443 006e 0B       		.uleb128 0xb
 444 006f 49       		.uleb128 0x49
 445 0070 13       		.uleb128 0x13
 446 0071 00       		.byte	0
 447 0072 00       		.byte	0
 448 0073 09       		.uleb128 0x9
 449 0074 2E       		.uleb128 0x2e
 450 0075 00       		.byte	0
 451 0076 3F       		.uleb128 0x3f
 452 0077 19       		.uleb128 0x19
 453 0078 03       		.uleb128 0x3
 454 0079 0E       		.uleb128 0xe
 455 007a 3A       		.uleb128 0x3a
 456 007b 0B       		.uleb128 0xb
 457 007c 3B       		.uleb128 0x3b
 458 007d 0B       		.uleb128 0xb
 459 007e 27       		.uleb128 0x27
 460 007f 19       		.uleb128 0x19
 461 0080 49       		.uleb128 0x49
 462 0081 13       		.uleb128 0x13
 463 0082 11       		.uleb128 0x11
 464 0083 01       		.uleb128 0x1
 465 0084 12       		.uleb128 0x12
 466 0085 06       		.uleb128 0x6
 467 0086 40       		.uleb128 0x40
 468 0087 18       		.uleb128 0x18
 469 0088 9742     		.uleb128 0x2117
 470 008a 19       		.uleb128 0x19
 471 008b 00       		.byte	0
 472 008c 00       		.byte	0
ARM GAS  C:\Users\ddemidov\AppData\Local\Temp\ccHzmSIq.s 			page 12


 473 008d 0A       		.uleb128 0xa
 474 008e 2E       		.uleb128 0x2e
 475 008f 01       		.byte	0x1
 476 0090 3F       		.uleb128 0x3f
 477 0091 19       		.uleb128 0x19
 478 0092 03       		.uleb128 0x3
 479 0093 0E       		.uleb128 0xe
 480 0094 3A       		.uleb128 0x3a
 481 0095 0B       		.uleb128 0xb
 482 0096 3B       		.uleb128 0x3b
 483 0097 0B       		.uleb128 0xb
 484 0098 27       		.uleb128 0x27
 485 0099 19       		.uleb128 0x19
 486 009a 49       		.uleb128 0x49
 487 009b 13       		.uleb128 0x13
 488 009c 11       		.uleb128 0x11
 489 009d 01       		.uleb128 0x1
 490 009e 12       		.uleb128 0x12
 491 009f 06       		.uleb128 0x6
 492 00a0 40       		.uleb128 0x40
 493 00a1 18       		.uleb128 0x18
 494 00a2 9742     		.uleb128 0x2117
 495 00a4 19       		.uleb128 0x19
 496 00a5 00       		.byte	0
 497 00a6 00       		.byte	0
 498 00a7 0B       		.uleb128 0xb
 499 00a8 34       		.uleb128 0x34
 500 00a9 00       		.byte	0
 501 00aa 03       		.uleb128 0x3
 502 00ab 0E       		.uleb128 0xe
 503 00ac 3A       		.uleb128 0x3a
 504 00ad 0B       		.uleb128 0xb
 505 00ae 3B       		.uleb128 0x3b
 506 00af 0B       		.uleb128 0xb
 507 00b0 49       		.uleb128 0x49
 508 00b1 13       		.uleb128 0x13
 509 00b2 02       		.uleb128 0x2
 510 00b3 17       		.uleb128 0x17
 511 00b4 00       		.byte	0
 512 00b5 00       		.byte	0
 513 00b6 00       		.byte	0
 514              		.section	.debug_loc,"",%progbits
 515              	.Ldebug_loc0:
 516              	.LLST0:
 517 0000 00000000 		.4byte	.LVL0
 518 0004 06000000 		.4byte	.LVL1
 519 0008 0100     		.2byte	0x1
 520 000a 50       		.byte	0x50
 521 000b 06000000 		.4byte	.LVL1
 522 000f 18000000 		.4byte	.LFE0
 523 0013 0400     		.2byte	0x4
 524 0015 F3       		.byte	0xf3
 525 0016 01       		.uleb128 0x1
 526 0017 50       		.byte	0x50
 527 0018 9F       		.byte	0x9f
 528 0019 00000000 		.4byte	0
 529 001d 00000000 		.4byte	0
ARM GAS  C:\Users\ddemidov\AppData\Local\Temp\ccHzmSIq.s 			page 13


 530              	.LLST1:
 531 0021 00000000 		.4byte	.LVL2
 532 0025 08000000 		.4byte	.LVL3
 533 0029 0100     		.2byte	0x1
 534 002b 50       		.byte	0x50
 535 002c 08000000 		.4byte	.LVL3
 536 0030 18000000 		.4byte	.LFE1
 537 0034 0400     		.2byte	0x4
 538 0036 F3       		.byte	0xf3
 539 0037 01       		.uleb128 0x1
 540 0038 50       		.byte	0x50
 541 0039 9F       		.byte	0x9f
 542 003a 00000000 		.4byte	0
 543 003e 00000000 		.4byte	0
 544              	.LLST2:
 545 0042 0A000000 		.4byte	.LVL4
 546 0046 0E000000 		.4byte	.LVL5
 547 004a 0100     		.2byte	0x1
 548 004c 50       		.byte	0x50
 549 004d 0E000000 		.4byte	.LVL5
 550 0051 14000000 		.4byte	.LFE4
 551 0055 0400     		.2byte	0x4
 552 0057 73       		.byte	0x73
 553 0058 00       		.sleb128 0
 554 0059 06       		.byte	0x6
 555 005a 9F       		.byte	0x9f
 556 005b 00000000 		.4byte	0
 557 005f 00000000 		.4byte	0
 558              		.section	.debug_aranges,"",%progbits
 559 0000 3C000000 		.4byte	0x3c
 560 0004 0200     		.2byte	0x2
 561 0006 00000000 		.4byte	.Ldebug_info0
 562 000a 04       		.byte	0x4
 563 000b 00       		.byte	0
 564 000c 0000     		.2byte	0
 565 000e 0000     		.2byte	0
 566 0010 00000000 		.4byte	.LFB0
 567 0014 18000000 		.4byte	.LFE0-.LFB0
 568 0018 00000000 		.4byte	.LFB1
 569 001c 18000000 		.4byte	.LFE1-.LFB1
 570 0020 00000000 		.4byte	.LFB2
 571 0024 10000000 		.4byte	.LFE2-.LFB2
 572 0028 00000000 		.4byte	.LFB3
 573 002c 10000000 		.4byte	.LFE3-.LFB3
 574 0030 00000000 		.4byte	.LFB4
 575 0034 14000000 		.4byte	.LFE4-.LFB4
 576 0038 00000000 		.4byte	0
 577 003c 00000000 		.4byte	0
 578              		.section	.debug_ranges,"",%progbits
 579              	.Ldebug_ranges0:
 580 0000 00000000 		.4byte	.LFB0
 581 0004 18000000 		.4byte	.LFE0
 582 0008 00000000 		.4byte	.LFB1
 583 000c 18000000 		.4byte	.LFE1
 584 0010 00000000 		.4byte	.LFB2
 585 0014 10000000 		.4byte	.LFE2
 586 0018 00000000 		.4byte	.LFB3
ARM GAS  C:\Users\ddemidov\AppData\Local\Temp\ccHzmSIq.s 			page 14


 587 001c 10000000 		.4byte	.LFE3
 588 0020 00000000 		.4byte	.LFB4
 589 0024 14000000 		.4byte	.LFE4
 590 0028 00000000 		.4byte	0
 591 002c 00000000 		.4byte	0
 592              		.section	.debug_line,"",%progbits
 593              	.Ldebug_line0:
 594 0000 B4000000 		.section	.debug_str,"MS",%progbits,1
 594      02004700 
 594      00000201 
 594      FB0E0D00 
 594      01010101 
 595              	.LASF14:
 596 0000 72656733 		.ascii	"reg32\000"
 596      3200
 597              	.LASF22:
 598 0006 474E5520 		.ascii	"GNU C 4.9.3 20150303 (release) [ARM/embedded-4_9-br"
 598      4320342E 
 598      392E3320 
 598      32303135 
 598      30333033 
 599 0039 616E6368 		.ascii	"anch revision 221220] -mcpu=cortex-m0 -mthumb -g -O"
 599      20726576 
 599      6973696F 
 599      6E203232 
 599      31323230 
 600 006c 73202D66 		.ascii	"s -ffunction-sections -ffat-lto-objects\000"
 600      66756E63 
 600      74696F6E 
 600      2D736563 
 600      74696F6E 
 601              	.LASF17:
 602 0094 76616C75 		.ascii	"value\000"
 602      6500
 603              	.LASF20:
 604 009a 424C5545 		.ascii	"BLUE_LED_ReadDataReg\000"
 604      5F4C4544 
 604      5F526561 
 604      64446174 
 604      61526567 
 605              	.LASF15:
 606 00af 424C5545 		.ascii	"BLUE_LED_Write\000"
 606      5F4C4544 
 606      5F577269 
 606      746500
 607              	.LASF21:
 608 00be 424C5545 		.ascii	"BLUE_LED_ClearInterrupt\000"
 608      5F4C4544 
 608      5F436C65 
 608      6172496E 
 608      74657272 
 609              	.LASF11:
 610 00d6 666C6F61 		.ascii	"float\000"
 610      7400
 611              	.LASF1:
 612 00dc 756E7369 		.ascii	"unsigned char\000"
 612      676E6564 
ARM GAS  C:\Users\ddemidov\AppData\Local\Temp\ccHzmSIq.s 			page 15


 612      20636861 
 612      7200
 613              	.LASF25:
 614 00ea 64725661 		.ascii	"drVal\000"
 614      6C00
 615              	.LASF5:
 616 00f0 6C6F6E67 		.ascii	"long unsigned int\000"
 616      20756E73 
 616      69676E65 
 616      6420696E 
 616      7400
 617              	.LASF3:
 618 0102 73686F72 		.ascii	"short unsigned int\000"
 618      7420756E 
 618      7369676E 
 618      65642069 
 618      6E7400
 619              	.LASF23:
 620 0115 2E5C4765 		.ascii	".\\Generated_Source\\PSoC4\\BLUE_LED.c\000"
 620      6E657261 
 620      7465645F 
 620      536F7572 
 620      63655C50 
 621              	.LASF12:
 622 0139 646F7562 		.ascii	"double\000"
 622      6C6500
 623              	.LASF10:
 624 0140 75696E74 		.ascii	"uint32\000"
 624      333200
 625              	.LASF19:
 626 0147 424C5545 		.ascii	"BLUE_LED_Read\000"
 626      5F4C4544 
 626      5F526561 
 626      6400
 627              	.LASF8:
 628 0155 756E7369 		.ascii	"unsigned int\000"
 628      676E6564 
 628      20696E74 
 628      00
 629              	.LASF7:
 630 0162 6C6F6E67 		.ascii	"long long unsigned int\000"
 630      206C6F6E 
 630      6720756E 
 630      7369676E 
 630      65642069 
 631              	.LASF18:
 632 0179 6D6F6465 		.ascii	"mode\000"
 632      00
 633              	.LASF24:
 634 017e 433A5C55 		.ascii	"C:\\Users\\ddemidov\\Documents\\PSoC Creator\\BLE_F"
 634      73657273 
 634      5C646465 
 634      6D69646F 
 634      765C446F 
 635 01ac 696E644D 		.ascii	"indMe01\\SenseAbility.cydsn\000"
 635      6530315C 
 635      53656E73 
ARM GAS  C:\Users\ddemidov\AppData\Local\Temp\ccHzmSIq.s 			page 16


 635      65416269 
 635      6C697479 
 636              	.LASF6:
 637 01c7 6C6F6E67 		.ascii	"long long int\000"
 637      206C6F6E 
 637      6720696E 
 637      7400
 638              	.LASF26:
 639 01d5 6D61736B 		.ascii	"maskedStatus\000"
 639      65645374 
 639      61747573 
 639      00
 640              	.LASF13:
 641 01e2 63686172 		.ascii	"char\000"
 641      00
 642              	.LASF2:
 643 01e7 73686F72 		.ascii	"short int\000"
 643      7420696E 
 643      7400
 644              	.LASF9:
 645 01f1 75696E74 		.ascii	"uint8\000"
 645      3800
 646              	.LASF4:
 647 01f7 6C6F6E67 		.ascii	"long int\000"
 647      20696E74 
 647      00
 648              	.LASF0:
 649 0200 7369676E 		.ascii	"signed char\000"
 649      65642063 
 649      68617200 
 650              	.LASF16:
 651 020c 424C5545 		.ascii	"BLUE_LED_SetDriveMode\000"
 651      5F4C4544 
 651      5F536574 
 651      44726976 
 651      654D6F64 
 652              		.ident	"GCC: (GNU Tools for ARM Embedded Processors) 4.9.3 20150303 (release) [ARM/embedded-4_9-br
