ARM GAS  C:\Users\ddemidov\AppData\Local\Temp\cc7oA0Iz.s 			page 1


   1              		.cpu cortex-m0
   2              		.fpu softvfp
   3              		.eabi_attribute 20, 1
   4              		.eabi_attribute 21, 1
   5              		.eabi_attribute 23, 3
   6              		.eabi_attribute 24, 1
   7              		.eabi_attribute 25, 1
   8              		.eabi_attribute 26, 1
   9              		.eabi_attribute 30, 4
  10              		.eabi_attribute 34, 0
  11              		.eabi_attribute 18, 4
  12              		.code	16
  13              		.file	"crl.c"
  14              		.text
  15              	.Ltext0:
  16              		.cfi_sections	.debug_frame
  17              	.Letext0:
  18              		.section	.debug_line,"",%progbits
  19              	.Ldebug_line0:
  20              		.section	.debug_str,"MS",%progbits,1
  21              	.LASF0:
  22 0000 2E2E5C61 		.ascii	"..\\acn-sdk-c\\src\\wolfSSL\\src\\crl.c\000"
  22      636E2D73 
  22      646B2D63 
  22      5C737263 
  22      5C776F6C 
  23              	.LASF1:
  24 0023 433A5C55 		.ascii	"C:\\Users\\ddemidov\\Documents\\PSoC Creator\\BLE_F"
  24      73657273 
  24      5C646465 
  24      6D69646F 
  24      765C446F 
  25 0051 696E644D 		.ascii	"indMe01\\SenseAbility.cydsn\000"
  25      6530315C 
  25      53656E73 
  25      65416269 
  25      6C697479 
  26              	.LASF2:
  27 006c 474E5520 		.ascii	"GNU C 4.9.3 20150303 (release) [ARM/embedded-4_9-br"
  27      4320342E 
  27      392E3320 
  27      32303135 
  27      30333033 
  28 009f 616E6368 		.ascii	"anch revision 221220] -mcpu=cortex-m0 -mthumb -g -O"
  28      20726576 
  28      6973696F 
  28      6E203232 
  28      31323230 
  29 00d2 73202D66 		.ascii	"s -ffunction-sections -ffat-lto-objects\000"
  29      66756E63 
  29      74696F6E 
  29      2D736563 
  29      74696F6E 
  30              		.ident	"GCC: (GNU Tools for ARM Embedded Processors) 4.9.3 20150303 (release) [ARM/embedded-4_9-br
