ARM GAS  C:\Users\ddemidov\AppData\Local\Temp\cc2TIgQv.s 			page 1


   1              		.cpu cortex-m0
   2              		.fpu softvfp
   3              		.eabi_attribute 20, 1
   4              		.eabi_attribute 21, 1
   5              		.eabi_attribute 23, 3
   6              		.eabi_attribute 24, 1
   7              		.eabi_attribute 25, 1
   8              		.eabi_attribute 26, 1
   9              		.eabi_attribute 30, 1
  10              		.eabi_attribute 34, 0
  11              		.eabi_attribute 18, 4
  12              		.code	16
  13              		.file	"ecc_fp.c"
  14              		.text
  15              	.Ltext0:
  16              		.cfi_sections	.debug_frame
  17              	.Letext0:
  18              		.section	.debug_line,"",%progbits
  19              	.Ldebug_line0:
  20              		.section	.debug_str,"MS",%progbits,1
  21              	.LASF0:
  22 0000 2E2E5C6B 		.ascii	"..\\kronos-c-sdk\\src\\wolfSSL\\wolfcrypt\\src\\ecc"
  22      726F6E6F 
  22      732D632D 
  22      73646B5C 
  22      7372635C 
  23 002d 5F66702E 		.ascii	"_fp.c\000"
  23      6300
  24              	.LASF1:
  25 0033 433A5C55 		.ascii	"C:\\Users\\ddemidov\\Documents\\PSoC Creator\\BLE_F"
  25      73657273 
  25      5C646465 
  25      6D69646F 
  25      765C446F 
  26 0061 696E644D 		.ascii	"indMe01\\SenseAbility.cydsn\000"
  26      6530315C 
  26      53656E73 
  26      65416269 
  26      6C697479 
  27              	.LASF2:
  28 007c 474E5520 		.ascii	"GNU C 4.9.3 20150303 (release) [ARM/embedded-4_9-br"
  28      4320342E 
  28      392E3320 
  28      32303135 
  28      30333033 
  29 00af 616E6368 		.ascii	"anch revision 221220] -mcpu=cortex-m0 -mthumb -g -O"
  29      20726576 
  29      6973696F 
  29      6E203232 
  29      31323230 
  30 00e2 67202D66 		.ascii	"g -ffunction-sections -ffat-lto-objects\000"
  30      66756E63 
  30      74696F6E 
  30      2D736563 
  30      74696F6E 
  31              		.ident	"GCC: (GNU Tools for ARM Embedded Processors) 4.9.3 20150303 (release) [ARM/embedded-4_9-br
