ARM GAS  C:\Users\ddemidov\AppData\Local\Temp\cctIQO8F.s 			page 1


   1              		.cpu cortex-m0
   2              		.fpu softvfp
   3              		.eabi_attribute 20, 1
   4              		.eabi_attribute 21, 1
   5              		.eabi_attribute 23, 3
   6              		.eabi_attribute 24, 1
   7              		.eabi_attribute 25, 1
   8              		.eabi_attribute 26, 1
   9              		.eabi_attribute 30, 4
  10              		.eabi_attribute 34, 0
  11              		.eabi_attribute 18, 4
  12              		.code	16
  13              		.file	"I2CM.c"
  14              		.text
  15              	.Ltext0:
  16              		.cfi_sections	.debug_frame
  17              		.section	.text.I2CM_Init,"ax",%progbits
  18              		.align	1
  19              		.global	I2CM_Init
  20              		.code	16
  21              		.thumb_func
  22              		.type	I2CM_Init, %function
  23              	I2CM_Init:
  24              	.LFB2:
  25              		.file 1 ".\\Generated_Source\\PSoC4\\I2CM.c"
   1:.\Generated_Source\PSoC4/I2CM.c **** /*******************************************************************************
   2:.\Generated_Source\PSoC4/I2CM.c **** * File Name: I2CM.c
   3:.\Generated_Source\PSoC4/I2CM.c **** * Version 3.0
   4:.\Generated_Source\PSoC4/I2CM.c **** *
   5:.\Generated_Source\PSoC4/I2CM.c **** * Description:
   6:.\Generated_Source\PSoC4/I2CM.c **** *  This file provides the source code to the API for the SCB Component.
   7:.\Generated_Source\PSoC4/I2CM.c **** *
   8:.\Generated_Source\PSoC4/I2CM.c **** * Note:
   9:.\Generated_Source\PSoC4/I2CM.c **** *
  10:.\Generated_Source\PSoC4/I2CM.c **** *******************************************************************************
  11:.\Generated_Source\PSoC4/I2CM.c **** * Copyright 2013-2015, Cypress Semiconductor Corporation.  All rights reserved.
  12:.\Generated_Source\PSoC4/I2CM.c **** * You may use this file only in accordance with the license, terms, conditions,
  13:.\Generated_Source\PSoC4/I2CM.c **** * disclaimers, and limitations in the end user license agreement accompanying
  14:.\Generated_Source\PSoC4/I2CM.c **** * the software package with which this file was provided.
  15:.\Generated_Source\PSoC4/I2CM.c **** *******************************************************************************/
  16:.\Generated_Source\PSoC4/I2CM.c **** 
  17:.\Generated_Source\PSoC4/I2CM.c **** #include "I2CM_PVT.h"
  18:.\Generated_Source\PSoC4/I2CM.c **** 
  19:.\Generated_Source\PSoC4/I2CM.c **** #if (I2CM_SCB_MODE_I2C_INC)
  20:.\Generated_Source\PSoC4/I2CM.c ****     #include "I2CM_I2C_PVT.h"
  21:.\Generated_Source\PSoC4/I2CM.c **** #endif /* (I2CM_SCB_MODE_I2C_INC) */
  22:.\Generated_Source\PSoC4/I2CM.c **** 
  23:.\Generated_Source\PSoC4/I2CM.c **** #if (I2CM_SCB_MODE_EZI2C_INC)
  24:.\Generated_Source\PSoC4/I2CM.c ****     #include "I2CM_EZI2C_PVT.h"
  25:.\Generated_Source\PSoC4/I2CM.c **** #endif /* (I2CM_SCB_MODE_EZI2C_INC) */
  26:.\Generated_Source\PSoC4/I2CM.c **** 
  27:.\Generated_Source\PSoC4/I2CM.c **** #if (I2CM_SCB_MODE_SPI_INC || I2CM_SCB_MODE_UART_INC)
  28:.\Generated_Source\PSoC4/I2CM.c ****     #include "I2CM_SPI_UART_PVT.h"
  29:.\Generated_Source\PSoC4/I2CM.c **** #endif /* (I2CM_SCB_MODE_SPI_INC || I2CM_SCB_MODE_UART_INC) */
  30:.\Generated_Source\PSoC4/I2CM.c **** 
  31:.\Generated_Source\PSoC4/I2CM.c **** 
  32:.\Generated_Source\PSoC4/I2CM.c **** /***************************************
ARM GAS  C:\Users\ddemidov\AppData\Local\Temp\cctIQO8F.s 			page 2


  33:.\Generated_Source\PSoC4/I2CM.c **** *    Run Time Configuration Vars
  34:.\Generated_Source\PSoC4/I2CM.c **** ***************************************/
  35:.\Generated_Source\PSoC4/I2CM.c **** 
  36:.\Generated_Source\PSoC4/I2CM.c **** /* Stores internal component configuration for Unconfigured mode */
  37:.\Generated_Source\PSoC4/I2CM.c **** #if (I2CM_SCB_MODE_UNCONFIG_CONST_CFG)
  38:.\Generated_Source\PSoC4/I2CM.c ****     /* Common configuration variables */
  39:.\Generated_Source\PSoC4/I2CM.c ****     uint8 I2CM_scbMode = I2CM_SCB_MODE_UNCONFIG;
  40:.\Generated_Source\PSoC4/I2CM.c ****     uint8 I2CM_scbEnableWake;
  41:.\Generated_Source\PSoC4/I2CM.c ****     uint8 I2CM_scbEnableIntr;
  42:.\Generated_Source\PSoC4/I2CM.c **** 
  43:.\Generated_Source\PSoC4/I2CM.c ****     /* I2C configuration variables */
  44:.\Generated_Source\PSoC4/I2CM.c ****     uint8 I2CM_mode;
  45:.\Generated_Source\PSoC4/I2CM.c ****     uint8 I2CM_acceptAddr;
  46:.\Generated_Source\PSoC4/I2CM.c **** 
  47:.\Generated_Source\PSoC4/I2CM.c ****     /* SPI/UART configuration variables */
  48:.\Generated_Source\PSoC4/I2CM.c ****     volatile uint8 * I2CM_rxBuffer;
  49:.\Generated_Source\PSoC4/I2CM.c ****     uint8  I2CM_rxDataBits;
  50:.\Generated_Source\PSoC4/I2CM.c ****     uint32 I2CM_rxBufferSize;
  51:.\Generated_Source\PSoC4/I2CM.c **** 
  52:.\Generated_Source\PSoC4/I2CM.c ****     volatile uint8 * I2CM_txBuffer;
  53:.\Generated_Source\PSoC4/I2CM.c ****     uint8  I2CM_txDataBits;
  54:.\Generated_Source\PSoC4/I2CM.c ****     uint32 I2CM_txBufferSize;
  55:.\Generated_Source\PSoC4/I2CM.c **** 
  56:.\Generated_Source\PSoC4/I2CM.c ****     /* EZI2C configuration variables */
  57:.\Generated_Source\PSoC4/I2CM.c ****     uint8 I2CM_numberOfAddr;
  58:.\Generated_Source\PSoC4/I2CM.c ****     uint8 I2CM_subAddrSize;
  59:.\Generated_Source\PSoC4/I2CM.c **** #endif /* (I2CM_SCB_MODE_UNCONFIG_CONST_CFG) */
  60:.\Generated_Source\PSoC4/I2CM.c **** 
  61:.\Generated_Source\PSoC4/I2CM.c **** 
  62:.\Generated_Source\PSoC4/I2CM.c **** /***************************************
  63:.\Generated_Source\PSoC4/I2CM.c **** *     Common SCB Vars
  64:.\Generated_Source\PSoC4/I2CM.c **** ***************************************/
  65:.\Generated_Source\PSoC4/I2CM.c **** 
  66:.\Generated_Source\PSoC4/I2CM.c **** uint8 I2CM_initVar = 0u;
  67:.\Generated_Source\PSoC4/I2CM.c **** 
  68:.\Generated_Source\PSoC4/I2CM.c **** #if (I2CM_SCB_IRQ_INTERNAL)
  69:.\Generated_Source\PSoC4/I2CM.c **** #if !defined (CY_REMOVE_I2CM_CUSTOM_INTR_HANDLER)
  70:.\Generated_Source\PSoC4/I2CM.c ****     void (*I2CM_customIntrHandler)(void) = NULL;
  71:.\Generated_Source\PSoC4/I2CM.c **** #endif /* !defined (CY_REMOVE_I2CM_CUSTOM_INTR_HANDLER) */
  72:.\Generated_Source\PSoC4/I2CM.c **** #endif /* (I2CM_SCB_IRQ_INTERNAL) */
  73:.\Generated_Source\PSoC4/I2CM.c **** 
  74:.\Generated_Source\PSoC4/I2CM.c **** 
  75:.\Generated_Source\PSoC4/I2CM.c **** /***************************************
  76:.\Generated_Source\PSoC4/I2CM.c **** *    Private Function Prototypes
  77:.\Generated_Source\PSoC4/I2CM.c **** ***************************************/
  78:.\Generated_Source\PSoC4/I2CM.c **** 
  79:.\Generated_Source\PSoC4/I2CM.c **** static void I2CM_ScbEnableIntr(void);
  80:.\Generated_Source\PSoC4/I2CM.c **** static void I2CM_ScbModeStop(void);
  81:.\Generated_Source\PSoC4/I2CM.c **** static void I2CM_ScbModePostEnable(void);
  82:.\Generated_Source\PSoC4/I2CM.c **** 
  83:.\Generated_Source\PSoC4/I2CM.c **** 
  84:.\Generated_Source\PSoC4/I2CM.c **** /*******************************************************************************
  85:.\Generated_Source\PSoC4/I2CM.c **** * Function Name: I2CM_Init
  86:.\Generated_Source\PSoC4/I2CM.c **** ********************************************************************************
  87:.\Generated_Source\PSoC4/I2CM.c **** *
  88:.\Generated_Source\PSoC4/I2CM.c **** * Summary:
  89:.\Generated_Source\PSoC4/I2CM.c **** *  Initializes the SCB component to operate in one of the selected
ARM GAS  C:\Users\ddemidov\AppData\Local\Temp\cctIQO8F.s 			page 3


  90:.\Generated_Source\PSoC4/I2CM.c **** *  configurations: I2C, SPI, UART or EZI2C.
  91:.\Generated_Source\PSoC4/I2CM.c **** *  When the configuration is set to "Unconfigured SCB", this function does
  92:.\Generated_Source\PSoC4/I2CM.c **** *  not do any initialization. Use mode-specific initialization APIs instead:
  93:.\Generated_Source\PSoC4/I2CM.c **** *  SCB_I2CInit, SCB_SpiInit, SCB_UartInit or SCB_EzI2CInit.
  94:.\Generated_Source\PSoC4/I2CM.c **** *
  95:.\Generated_Source\PSoC4/I2CM.c **** * Parameters:
  96:.\Generated_Source\PSoC4/I2CM.c **** *  None
  97:.\Generated_Source\PSoC4/I2CM.c **** *
  98:.\Generated_Source\PSoC4/I2CM.c **** * Return:
  99:.\Generated_Source\PSoC4/I2CM.c **** *  None
 100:.\Generated_Source\PSoC4/I2CM.c **** *
 101:.\Generated_Source\PSoC4/I2CM.c **** *******************************************************************************/
 102:.\Generated_Source\PSoC4/I2CM.c **** void I2CM_Init(void)
 103:.\Generated_Source\PSoC4/I2CM.c **** {
  26              		.loc 1 103 0
  27              		.cfi_startproc
  28 0000 08B5     		push	{r3, lr}
  29              		.cfi_def_cfa_offset 8
  30              		.cfi_offset 3, -8
  31              		.cfi_offset 14, -4
 104:.\Generated_Source\PSoC4/I2CM.c **** #if (I2CM_SCB_MODE_UNCONFIG_CONST_CFG)
 105:.\Generated_Source\PSoC4/I2CM.c ****     if (I2CM_SCB_MODE_UNCONFIG_RUNTM_CFG)
 106:.\Generated_Source\PSoC4/I2CM.c ****     {
 107:.\Generated_Source\PSoC4/I2CM.c ****         I2CM_initVar = 0u;
 108:.\Generated_Source\PSoC4/I2CM.c ****     }
 109:.\Generated_Source\PSoC4/I2CM.c ****     else
 110:.\Generated_Source\PSoC4/I2CM.c ****     {
 111:.\Generated_Source\PSoC4/I2CM.c ****         /* Initialization was done before this function call */
 112:.\Generated_Source\PSoC4/I2CM.c ****     }
 113:.\Generated_Source\PSoC4/I2CM.c **** 
 114:.\Generated_Source\PSoC4/I2CM.c **** #elif (I2CM_SCB_MODE_I2C_CONST_CFG)
 115:.\Generated_Source\PSoC4/I2CM.c ****     I2CM_I2CInit();
  32              		.loc 1 115 0
  33 0002 FFF7FEFF 		bl	I2CM_I2CInit
  34              	.LVL0:
 116:.\Generated_Source\PSoC4/I2CM.c **** 
 117:.\Generated_Source\PSoC4/I2CM.c **** #elif (I2CM_SCB_MODE_SPI_CONST_CFG)
 118:.\Generated_Source\PSoC4/I2CM.c ****     I2CM_SpiInit();
 119:.\Generated_Source\PSoC4/I2CM.c **** 
 120:.\Generated_Source\PSoC4/I2CM.c **** #elif (I2CM_SCB_MODE_UART_CONST_CFG)
 121:.\Generated_Source\PSoC4/I2CM.c ****     I2CM_UartInit();
 122:.\Generated_Source\PSoC4/I2CM.c **** 
 123:.\Generated_Source\PSoC4/I2CM.c **** #elif (I2CM_SCB_MODE_EZI2C_CONST_CFG)
 124:.\Generated_Source\PSoC4/I2CM.c ****     I2CM_EzI2CInit();
 125:.\Generated_Source\PSoC4/I2CM.c **** 
 126:.\Generated_Source\PSoC4/I2CM.c **** #endif /* (I2CM_SCB_MODE_UNCONFIG_CONST_CFG) */
 127:.\Generated_Source\PSoC4/I2CM.c **** }
  35              		.loc 1 127 0
  36              		@ sp needed
  37 0006 08BD     		pop	{r3, pc}
  38              		.cfi_endproc
  39              	.LFE2:
  40              		.size	I2CM_Init, .-I2CM_Init
  41              		.section	.text.I2CM_Enable,"ax",%progbits
  42              		.align	1
  43              		.global	I2CM_Enable
  44              		.code	16
ARM GAS  C:\Users\ddemidov\AppData\Local\Temp\cctIQO8F.s 			page 4


  45              		.thumb_func
  46              		.type	I2CM_Enable, %function
  47              	I2CM_Enable:
  48              	.LFB3:
 128:.\Generated_Source\PSoC4/I2CM.c **** 
 129:.\Generated_Source\PSoC4/I2CM.c **** 
 130:.\Generated_Source\PSoC4/I2CM.c **** /*******************************************************************************
 131:.\Generated_Source\PSoC4/I2CM.c **** * Function Name: I2CM_Enable
 132:.\Generated_Source\PSoC4/I2CM.c **** ********************************************************************************
 133:.\Generated_Source\PSoC4/I2CM.c **** *
 134:.\Generated_Source\PSoC4/I2CM.c **** * Summary:
 135:.\Generated_Source\PSoC4/I2CM.c **** *  Enables the SCB component operation.
 136:.\Generated_Source\PSoC4/I2CM.c **** *  The SCB configuration should be not changed when the component is enabled.
 137:.\Generated_Source\PSoC4/I2CM.c **** *  Any configuration changes should be made after disabling the component.
 138:.\Generated_Source\PSoC4/I2CM.c **** *
 139:.\Generated_Source\PSoC4/I2CM.c **** * Parameters:
 140:.\Generated_Source\PSoC4/I2CM.c **** *  None
 141:.\Generated_Source\PSoC4/I2CM.c **** *
 142:.\Generated_Source\PSoC4/I2CM.c **** * Return:
 143:.\Generated_Source\PSoC4/I2CM.c **** *  None
 144:.\Generated_Source\PSoC4/I2CM.c **** *
 145:.\Generated_Source\PSoC4/I2CM.c **** *******************************************************************************/
 146:.\Generated_Source\PSoC4/I2CM.c **** void I2CM_Enable(void)
 147:.\Generated_Source\PSoC4/I2CM.c **** {
  49              		.loc 1 147 0
  50              		.cfi_startproc
 148:.\Generated_Source\PSoC4/I2CM.c **** #if (I2CM_SCB_MODE_UNCONFIG_CONST_CFG)
 149:.\Generated_Source\PSoC4/I2CM.c ****     /* Enable SCB block, only if it is already configured */
 150:.\Generated_Source\PSoC4/I2CM.c ****     if (!I2CM_SCB_MODE_UNCONFIG_RUNTM_CFG)
 151:.\Generated_Source\PSoC4/I2CM.c ****     {
 152:.\Generated_Source\PSoC4/I2CM.c ****         I2CM_CTRL_REG |= I2CM_CTRL_ENABLED;
 153:.\Generated_Source\PSoC4/I2CM.c **** 
 154:.\Generated_Source\PSoC4/I2CM.c ****         I2CM_ScbEnableIntr();
 155:.\Generated_Source\PSoC4/I2CM.c **** 
 156:.\Generated_Source\PSoC4/I2CM.c ****         /* Call PostEnable function specific to current operation mode */
 157:.\Generated_Source\PSoC4/I2CM.c ****         I2CM_ScbModePostEnable();
 158:.\Generated_Source\PSoC4/I2CM.c ****     }
 159:.\Generated_Source\PSoC4/I2CM.c **** #else
 160:.\Generated_Source\PSoC4/I2CM.c ****     I2CM_CTRL_REG |= I2CM_CTRL_ENABLED;
  51              		.loc 1 160 0
  52 0000 8021     		mov	r1, #128
  53 0002 054A     		ldr	r2, .L3
 147:.\Generated_Source\PSoC4/I2CM.c **** #if (I2CM_SCB_MODE_UNCONFIG_CONST_CFG)
  54              		.loc 1 147 0
  55 0004 08B5     		push	{r3, lr}
  56              		.cfi_def_cfa_offset 8
  57              		.cfi_offset 3, -8
  58              		.cfi_offset 14, -4
  59              		.loc 1 160 0
  60 0006 1368     		ldr	r3, [r2]
  61 0008 0906     		lsl	r1, r1, #24
  62 000a 0B43     		orr	r3, r1
  63 000c 1360     		str	r3, [r2]
  64              	.LBB10:
  65              	.LBB11:
 161:.\Generated_Source\PSoC4/I2CM.c **** 
 162:.\Generated_Source\PSoC4/I2CM.c ****     I2CM_ScbEnableIntr();
ARM GAS  C:\Users\ddemidov\AppData\Local\Temp\cctIQO8F.s 			page 5


 163:.\Generated_Source\PSoC4/I2CM.c **** 
 164:.\Generated_Source\PSoC4/I2CM.c ****     /* Call PostEnable function specific to current operation mode */
 165:.\Generated_Source\PSoC4/I2CM.c ****     I2CM_ScbModePostEnable();
 166:.\Generated_Source\PSoC4/I2CM.c **** #endif /* (I2CM_SCB_MODE_UNCONFIG_CONST_CFG) */
 167:.\Generated_Source\PSoC4/I2CM.c **** }
 168:.\Generated_Source\PSoC4/I2CM.c **** 
 169:.\Generated_Source\PSoC4/I2CM.c **** 
 170:.\Generated_Source\PSoC4/I2CM.c **** /*******************************************************************************
 171:.\Generated_Source\PSoC4/I2CM.c **** * Function Name: I2CM_Start
 172:.\Generated_Source\PSoC4/I2CM.c **** ********************************************************************************
 173:.\Generated_Source\PSoC4/I2CM.c **** *
 174:.\Generated_Source\PSoC4/I2CM.c **** * Summary:
 175:.\Generated_Source\PSoC4/I2CM.c **** *  Invokes SCB_Init() and SCB_Enable().
 176:.\Generated_Source\PSoC4/I2CM.c **** *  After this function call, the component is enabled and ready for operation.
 177:.\Generated_Source\PSoC4/I2CM.c **** *  When configuration is set to "Unconfigured SCB", the component must first be
 178:.\Generated_Source\PSoC4/I2CM.c **** *  initialized to operate in one of the following configurations: I2C, SPI, UART
 179:.\Generated_Source\PSoC4/I2CM.c **** *  or EZ I2C. Otherwise this function does not enable the component.
 180:.\Generated_Source\PSoC4/I2CM.c **** *
 181:.\Generated_Source\PSoC4/I2CM.c **** * Parameters:
 182:.\Generated_Source\PSoC4/I2CM.c **** *  None
 183:.\Generated_Source\PSoC4/I2CM.c **** *
 184:.\Generated_Source\PSoC4/I2CM.c **** * Return:
 185:.\Generated_Source\PSoC4/I2CM.c **** *  None
 186:.\Generated_Source\PSoC4/I2CM.c **** *
 187:.\Generated_Source\PSoC4/I2CM.c **** * Global variables:
 188:.\Generated_Source\PSoC4/I2CM.c **** *  I2CM_initVar - used to check initial configuration, modified
 189:.\Generated_Source\PSoC4/I2CM.c **** *  on first function call.
 190:.\Generated_Source\PSoC4/I2CM.c **** *
 191:.\Generated_Source\PSoC4/I2CM.c **** *******************************************************************************/
 192:.\Generated_Source\PSoC4/I2CM.c **** void I2CM_Start(void)
 193:.\Generated_Source\PSoC4/I2CM.c **** {
 194:.\Generated_Source\PSoC4/I2CM.c ****     if (0u == I2CM_initVar)
 195:.\Generated_Source\PSoC4/I2CM.c ****     {
 196:.\Generated_Source\PSoC4/I2CM.c ****         I2CM_Init();
 197:.\Generated_Source\PSoC4/I2CM.c ****         I2CM_initVar = 1u; /* Component was initialized */
 198:.\Generated_Source\PSoC4/I2CM.c ****     }
 199:.\Generated_Source\PSoC4/I2CM.c **** 
 200:.\Generated_Source\PSoC4/I2CM.c ****     I2CM_Enable();
 201:.\Generated_Source\PSoC4/I2CM.c **** }
 202:.\Generated_Source\PSoC4/I2CM.c **** 
 203:.\Generated_Source\PSoC4/I2CM.c **** 
 204:.\Generated_Source\PSoC4/I2CM.c **** /*******************************************************************************
 205:.\Generated_Source\PSoC4/I2CM.c **** * Function Name: I2CM_Stop
 206:.\Generated_Source\PSoC4/I2CM.c **** ********************************************************************************
 207:.\Generated_Source\PSoC4/I2CM.c **** *
 208:.\Generated_Source\PSoC4/I2CM.c **** * Summary:
 209:.\Generated_Source\PSoC4/I2CM.c **** *  Disables the SCB component and its interrupt.
 210:.\Generated_Source\PSoC4/I2CM.c **** *  It also disables all TX interrupt sources so as not to cause an unexpected
 211:.\Generated_Source\PSoC4/I2CM.c **** *  interrupt trigger because after the component is enabled, the TX FIFO 
 212:.\Generated_Source\PSoC4/I2CM.c **** *  is empty.
 213:.\Generated_Source\PSoC4/I2CM.c **** *
 214:.\Generated_Source\PSoC4/I2CM.c **** * Parameters:
 215:.\Generated_Source\PSoC4/I2CM.c **** *  None
 216:.\Generated_Source\PSoC4/I2CM.c **** *
 217:.\Generated_Source\PSoC4/I2CM.c **** * Return:
 218:.\Generated_Source\PSoC4/I2CM.c **** *  None
 219:.\Generated_Source\PSoC4/I2CM.c **** * 
ARM GAS  C:\Users\ddemidov\AppData\Local\Temp\cctIQO8F.s 			page 6


 220:.\Generated_Source\PSoC4/I2CM.c **** *******************************************************************************/
 221:.\Generated_Source\PSoC4/I2CM.c **** void I2CM_Stop(void)
 222:.\Generated_Source\PSoC4/I2CM.c **** {
 223:.\Generated_Source\PSoC4/I2CM.c **** #if (I2CM_SCB_IRQ_INTERNAL)
 224:.\Generated_Source\PSoC4/I2CM.c ****     I2CM_DisableInt();
 225:.\Generated_Source\PSoC4/I2CM.c **** #endif /* (I2CM_SCB_IRQ_INTERNAL) */
 226:.\Generated_Source\PSoC4/I2CM.c **** 
 227:.\Generated_Source\PSoC4/I2CM.c ****     /* Call Stop function specific to current operation mode */
 228:.\Generated_Source\PSoC4/I2CM.c ****     I2CM_ScbModeStop();
 229:.\Generated_Source\PSoC4/I2CM.c **** 
 230:.\Generated_Source\PSoC4/I2CM.c ****     /* Disable SCB IP */
 231:.\Generated_Source\PSoC4/I2CM.c ****     I2CM_CTRL_REG &= (uint32) ~I2CM_CTRL_ENABLED;
 232:.\Generated_Source\PSoC4/I2CM.c **** 
 233:.\Generated_Source\PSoC4/I2CM.c ****     /* Disable all TX interrupt sources so as not to cause an unexpected
 234:.\Generated_Source\PSoC4/I2CM.c ****     * interrupt trigger because after the component is enabled, the TX FIFO
 235:.\Generated_Source\PSoC4/I2CM.c ****     * is empty.
 236:.\Generated_Source\PSoC4/I2CM.c ****     * For SCB IP v0, it is critical as it does not mask-out interrupt
 237:.\Generated_Source\PSoC4/I2CM.c ****     * sources when they are disabled. This can cause a code lock-up in the
 238:.\Generated_Source\PSoC4/I2CM.c ****     * interrupt handler because TX FIFO cannot be loaded after the block
 239:.\Generated_Source\PSoC4/I2CM.c ****     * is disabled.
 240:.\Generated_Source\PSoC4/I2CM.c ****     */
 241:.\Generated_Source\PSoC4/I2CM.c ****     I2CM_SetTxInterruptMode(I2CM_NO_INTR_SOURCES);
 242:.\Generated_Source\PSoC4/I2CM.c **** 
 243:.\Generated_Source\PSoC4/I2CM.c **** #if (I2CM_SCB_IRQ_INTERNAL)
 244:.\Generated_Source\PSoC4/I2CM.c ****     I2CM_ClearPendingInt();
 245:.\Generated_Source\PSoC4/I2CM.c **** #endif /* (I2CM_SCB_IRQ_INTERNAL) */
 246:.\Generated_Source\PSoC4/I2CM.c **** }
 247:.\Generated_Source\PSoC4/I2CM.c **** 
 248:.\Generated_Source\PSoC4/I2CM.c **** 
 249:.\Generated_Source\PSoC4/I2CM.c **** /*******************************************************************************
 250:.\Generated_Source\PSoC4/I2CM.c **** * Function Name: I2CM_SetRxFifoLevel
 251:.\Generated_Source\PSoC4/I2CM.c **** ********************************************************************************
 252:.\Generated_Source\PSoC4/I2CM.c **** *
 253:.\Generated_Source\PSoC4/I2CM.c **** * Summary:
 254:.\Generated_Source\PSoC4/I2CM.c **** *  Sets level in the RX FIFO to generate a RX level interrupt.
 255:.\Generated_Source\PSoC4/I2CM.c **** *  When the RX FIFO has more entries than the RX FIFO level an RX level
 256:.\Generated_Source\PSoC4/I2CM.c **** *  interrupt request is generated.
 257:.\Generated_Source\PSoC4/I2CM.c **** *
 258:.\Generated_Source\PSoC4/I2CM.c **** * Parameters:
 259:.\Generated_Source\PSoC4/I2CM.c **** *  level: Level in the RX FIFO to generate RX level interrupt.
 260:.\Generated_Source\PSoC4/I2CM.c **** *         The range of valid level values is between 0 and RX FIFO depth - 1.
 261:.\Generated_Source\PSoC4/I2CM.c **** *
 262:.\Generated_Source\PSoC4/I2CM.c **** * Return:
 263:.\Generated_Source\PSoC4/I2CM.c **** *  None
 264:.\Generated_Source\PSoC4/I2CM.c **** *
 265:.\Generated_Source\PSoC4/I2CM.c **** *******************************************************************************/
 266:.\Generated_Source\PSoC4/I2CM.c **** void I2CM_SetRxFifoLevel(uint32 level)
 267:.\Generated_Source\PSoC4/I2CM.c **** {
 268:.\Generated_Source\PSoC4/I2CM.c ****     uint32 rxFifoCtrl;
 269:.\Generated_Source\PSoC4/I2CM.c **** 
 270:.\Generated_Source\PSoC4/I2CM.c ****     rxFifoCtrl = I2CM_RX_FIFO_CTRL_REG;
 271:.\Generated_Source\PSoC4/I2CM.c **** 
 272:.\Generated_Source\PSoC4/I2CM.c ****     rxFifoCtrl &= ((uint32) ~I2CM_RX_FIFO_CTRL_TRIGGER_LEVEL_MASK); /* Clear level mask bits */
 273:.\Generated_Source\PSoC4/I2CM.c ****     rxFifoCtrl |= ((uint32) (I2CM_RX_FIFO_CTRL_TRIGGER_LEVEL_MASK & level));
 274:.\Generated_Source\PSoC4/I2CM.c **** 
 275:.\Generated_Source\PSoC4/I2CM.c ****     I2CM_RX_FIFO_CTRL_REG = rxFifoCtrl;
 276:.\Generated_Source\PSoC4/I2CM.c **** }
ARM GAS  C:\Users\ddemidov\AppData\Local\Temp\cctIQO8F.s 			page 7


 277:.\Generated_Source\PSoC4/I2CM.c **** 
 278:.\Generated_Source\PSoC4/I2CM.c **** 
 279:.\Generated_Source\PSoC4/I2CM.c **** /*******************************************************************************
 280:.\Generated_Source\PSoC4/I2CM.c **** * Function Name: I2CM_SetTxFifoLevel
 281:.\Generated_Source\PSoC4/I2CM.c **** ********************************************************************************
 282:.\Generated_Source\PSoC4/I2CM.c **** *
 283:.\Generated_Source\PSoC4/I2CM.c **** * Summary:
 284:.\Generated_Source\PSoC4/I2CM.c **** *  Sets level in the TX FIFO to generate a TX level interrupt.
 285:.\Generated_Source\PSoC4/I2CM.c **** *  When the TX FIFO has more entries than the TX FIFO level an TX level
 286:.\Generated_Source\PSoC4/I2CM.c **** *  interrupt request is generated.
 287:.\Generated_Source\PSoC4/I2CM.c **** *
 288:.\Generated_Source\PSoC4/I2CM.c **** * Parameters:
 289:.\Generated_Source\PSoC4/I2CM.c **** *  level: Level in the TX FIFO to generate TX level interrupt.
 290:.\Generated_Source\PSoC4/I2CM.c **** *         The range of valid level values is between 0 and TX FIFO depth - 1.
 291:.\Generated_Source\PSoC4/I2CM.c **** *
 292:.\Generated_Source\PSoC4/I2CM.c **** * Return:
 293:.\Generated_Source\PSoC4/I2CM.c **** *  None
 294:.\Generated_Source\PSoC4/I2CM.c **** *
 295:.\Generated_Source\PSoC4/I2CM.c **** *******************************************************************************/
 296:.\Generated_Source\PSoC4/I2CM.c **** void I2CM_SetTxFifoLevel(uint32 level)
 297:.\Generated_Source\PSoC4/I2CM.c **** {
 298:.\Generated_Source\PSoC4/I2CM.c ****     uint32 txFifoCtrl;
 299:.\Generated_Source\PSoC4/I2CM.c **** 
 300:.\Generated_Source\PSoC4/I2CM.c ****     txFifoCtrl = I2CM_TX_FIFO_CTRL_REG;
 301:.\Generated_Source\PSoC4/I2CM.c **** 
 302:.\Generated_Source\PSoC4/I2CM.c ****     txFifoCtrl &= ((uint32) ~I2CM_TX_FIFO_CTRL_TRIGGER_LEVEL_MASK); /* Clear level mask bits */
 303:.\Generated_Source\PSoC4/I2CM.c ****     txFifoCtrl |= ((uint32) (I2CM_TX_FIFO_CTRL_TRIGGER_LEVEL_MASK & level));
 304:.\Generated_Source\PSoC4/I2CM.c **** 
 305:.\Generated_Source\PSoC4/I2CM.c ****     I2CM_TX_FIFO_CTRL_REG = txFifoCtrl;
 306:.\Generated_Source\PSoC4/I2CM.c **** }
 307:.\Generated_Source\PSoC4/I2CM.c **** 
 308:.\Generated_Source\PSoC4/I2CM.c **** 
 309:.\Generated_Source\PSoC4/I2CM.c **** #if (I2CM_SCB_IRQ_INTERNAL)
 310:.\Generated_Source\PSoC4/I2CM.c ****     /*******************************************************************************
 311:.\Generated_Source\PSoC4/I2CM.c ****     * Function Name: I2CM_SetCustomInterruptHandler
 312:.\Generated_Source\PSoC4/I2CM.c ****     ********************************************************************************
 313:.\Generated_Source\PSoC4/I2CM.c ****     *
 314:.\Generated_Source\PSoC4/I2CM.c ****     * Summary:
 315:.\Generated_Source\PSoC4/I2CM.c ****     *  Registers a function to be called by the internal interrupt handler.
 316:.\Generated_Source\PSoC4/I2CM.c ****     *  First the function that is registered is called, then the internal interrupt
 317:.\Generated_Source\PSoC4/I2CM.c ****     *  handler performs any operation such as software buffer management functions
 318:.\Generated_Source\PSoC4/I2CM.c ****     *  before the interrupt returns.  It is the user's responsibility not to break
 319:.\Generated_Source\PSoC4/I2CM.c ****     *  the software buffer operations. Only one custom handler is supported, which
 320:.\Generated_Source\PSoC4/I2CM.c ****     *  is the function provided by the most recent call.
 321:.\Generated_Source\PSoC4/I2CM.c ****     *  At the initialization time no custom handler is registered.
 322:.\Generated_Source\PSoC4/I2CM.c ****     *
 323:.\Generated_Source\PSoC4/I2CM.c ****     * Parameters:
 324:.\Generated_Source\PSoC4/I2CM.c ****     *  func: Pointer to the function to register.
 325:.\Generated_Source\PSoC4/I2CM.c ****     *        The value NULL indicates to remove the current custom interrupt
 326:.\Generated_Source\PSoC4/I2CM.c ****     *        handler.
 327:.\Generated_Source\PSoC4/I2CM.c ****     *
 328:.\Generated_Source\PSoC4/I2CM.c ****     * Return:
 329:.\Generated_Source\PSoC4/I2CM.c ****     *  None
 330:.\Generated_Source\PSoC4/I2CM.c ****     *
 331:.\Generated_Source\PSoC4/I2CM.c ****     *******************************************************************************/
 332:.\Generated_Source\PSoC4/I2CM.c ****     void I2CM_SetCustomInterruptHandler(void (*func)(void))
 333:.\Generated_Source\PSoC4/I2CM.c ****     {
ARM GAS  C:\Users\ddemidov\AppData\Local\Temp\cctIQO8F.s 			page 8


 334:.\Generated_Source\PSoC4/I2CM.c ****     #if !defined (CY_REMOVE_I2CM_CUSTOM_INTR_HANDLER)
 335:.\Generated_Source\PSoC4/I2CM.c ****         I2CM_customIntrHandler = func; /* Register interrupt handler */
 336:.\Generated_Source\PSoC4/I2CM.c ****     #else
 337:.\Generated_Source\PSoC4/I2CM.c ****         if (NULL != func)
 338:.\Generated_Source\PSoC4/I2CM.c ****         {
 339:.\Generated_Source\PSoC4/I2CM.c ****             /* Suppress compiler warning */
 340:.\Generated_Source\PSoC4/I2CM.c ****         }
 341:.\Generated_Source\PSoC4/I2CM.c ****     #endif /* !defined (CY_REMOVE_I2CM_CUSTOM_INTR_HANDLER) */
 342:.\Generated_Source\PSoC4/I2CM.c ****     }
 343:.\Generated_Source\PSoC4/I2CM.c **** #endif /* (I2CM_SCB_IRQ_INTERNAL) */
 344:.\Generated_Source\PSoC4/I2CM.c **** 
 345:.\Generated_Source\PSoC4/I2CM.c **** 
 346:.\Generated_Source\PSoC4/I2CM.c **** /*******************************************************************************
 347:.\Generated_Source\PSoC4/I2CM.c **** * Function Name: I2CM_ScbModeEnableIntr
 348:.\Generated_Source\PSoC4/I2CM.c **** ********************************************************************************
 349:.\Generated_Source\PSoC4/I2CM.c **** *
 350:.\Generated_Source\PSoC4/I2CM.c **** * Summary:
 351:.\Generated_Source\PSoC4/I2CM.c **** *  Enables an interrupt for a specific mode.
 352:.\Generated_Source\PSoC4/I2CM.c **** *
 353:.\Generated_Source\PSoC4/I2CM.c **** * Parameters:
 354:.\Generated_Source\PSoC4/I2CM.c **** *  None
 355:.\Generated_Source\PSoC4/I2CM.c **** *
 356:.\Generated_Source\PSoC4/I2CM.c **** * Return:
 357:.\Generated_Source\PSoC4/I2CM.c **** *  None
 358:.\Generated_Source\PSoC4/I2CM.c **** *
 359:.\Generated_Source\PSoC4/I2CM.c **** *******************************************************************************/
 360:.\Generated_Source\PSoC4/I2CM.c **** static void I2CM_ScbEnableIntr(void)
 361:.\Generated_Source\PSoC4/I2CM.c **** {
 362:.\Generated_Source\PSoC4/I2CM.c **** #if (I2CM_SCB_IRQ_INTERNAL)
 363:.\Generated_Source\PSoC4/I2CM.c ****     /* Enable interrupt in NVIC */
 364:.\Generated_Source\PSoC4/I2CM.c ****     #if (I2CM_SCB_MODE_UNCONFIG_CONST_CFG)
 365:.\Generated_Source\PSoC4/I2CM.c ****         if (0u != I2CM_scbEnableIntr)
 366:.\Generated_Source\PSoC4/I2CM.c ****         {
 367:.\Generated_Source\PSoC4/I2CM.c ****             I2CM_EnableInt();
 368:.\Generated_Source\PSoC4/I2CM.c ****         }
 369:.\Generated_Source\PSoC4/I2CM.c **** 
 370:.\Generated_Source\PSoC4/I2CM.c ****     #else
 371:.\Generated_Source\PSoC4/I2CM.c ****         I2CM_EnableInt();
  66              		.loc 1 371 0
  67 000e 0A20     		mov	r0, #10
  68 0010 FFF7FEFF 		bl	CyIntEnable
  69              	.LVL1:
  70              	.LBE11:
  71              	.LBE10:
 167:.\Generated_Source\PSoC4/I2CM.c **** 
  72              		.loc 1 167 0
  73              		@ sp needed
  74 0014 08BD     		pop	{r3, pc}
  75              	.L4:
  76 0016 C046     		.align	2
  77              	.L3:
  78 0018 00002540 		.word	1076166656
  79              		.cfi_endproc
  80              	.LFE3:
  81              		.size	I2CM_Enable, .-I2CM_Enable
  82              		.section	.text.I2CM_Start,"ax",%progbits
  83              		.align	1
ARM GAS  C:\Users\ddemidov\AppData\Local\Temp\cctIQO8F.s 			page 9


  84              		.global	I2CM_Start
  85              		.code	16
  86              		.thumb_func
  87              		.type	I2CM_Start, %function
  88              	I2CM_Start:
  89              	.LFB4:
 193:.\Generated_Source\PSoC4/I2CM.c ****     if (0u == I2CM_initVar)
  90              		.loc 1 193 0
  91              		.cfi_startproc
  92 0000 10B5     		push	{r4, lr}
  93              		.cfi_def_cfa_offset 8
  94              		.cfi_offset 4, -8
  95              		.cfi_offset 14, -4
 194:.\Generated_Source\PSoC4/I2CM.c ****     {
  96              		.loc 1 194 0
  97 0002 054C     		ldr	r4, .L8
  98 0004 2378     		ldrb	r3, [r4]
  99 0006 002B     		cmp	r3, #0
 100 0008 03D1     		bne	.L6
 101              	.LBB12:
 102              	.LBB13:
 115:.\Generated_Source\PSoC4/I2CM.c **** 
 103              		.loc 1 115 0
 104 000a FFF7FEFF 		bl	I2CM_I2CInit
 105              	.LVL2:
 106              	.LBE13:
 107              	.LBE12:
 197:.\Generated_Source\PSoC4/I2CM.c ****     }
 108              		.loc 1 197 0
 109 000e 0123     		mov	r3, #1
 110 0010 2370     		strb	r3, [r4]
 111              	.L6:
 200:.\Generated_Source\PSoC4/I2CM.c **** }
 112              		.loc 1 200 0
 113 0012 FFF7FEFF 		bl	I2CM_Enable
 114              	.LVL3:
 201:.\Generated_Source\PSoC4/I2CM.c **** 
 115              		.loc 1 201 0
 116              		@ sp needed
 117 0016 10BD     		pop	{r4, pc}
 118              	.L9:
 119              		.align	2
 120              	.L8:
 121 0018 00000000 		.word	.LANCHOR0
 122              		.cfi_endproc
 123              	.LFE4:
 124              		.size	I2CM_Start, .-I2CM_Start
 125              		.section	.text.I2CM_Stop,"ax",%progbits
 126              		.align	1
 127              		.global	I2CM_Stop
 128              		.code	16
 129              		.thumb_func
 130              		.type	I2CM_Stop, %function
 131              	I2CM_Stop:
 132              	.LFB5:
 222:.\Generated_Source\PSoC4/I2CM.c **** #if (I2CM_SCB_IRQ_INTERNAL)
 133              		.loc 1 222 0
ARM GAS  C:\Users\ddemidov\AppData\Local\Temp\cctIQO8F.s 			page 10


 134              		.cfi_startproc
 135 0000 08B5     		push	{r3, lr}
 136              		.cfi_def_cfa_offset 8
 137              		.cfi_offset 3, -8
 138              		.cfi_offset 14, -4
 224:.\Generated_Source\PSoC4/I2CM.c **** #endif /* (I2CM_SCB_IRQ_INTERNAL) */
 139              		.loc 1 224 0
 140 0002 0A20     		mov	r0, #10
 141 0004 FFF7FEFF 		bl	CyIntDisable
 142              	.LVL4:
 143              	.LBB14:
 144              	.LBB15:
 372:.\Generated_Source\PSoC4/I2CM.c **** 
 373:.\Generated_Source\PSoC4/I2CM.c ****     #endif /* (I2CM_SCB_MODE_UNCONFIG_CONST_CFG) */
 374:.\Generated_Source\PSoC4/I2CM.c **** #endif /* (I2CM_SCB_IRQ_INTERNAL) */
 375:.\Generated_Source\PSoC4/I2CM.c **** }
 376:.\Generated_Source\PSoC4/I2CM.c **** 
 377:.\Generated_Source\PSoC4/I2CM.c **** 
 378:.\Generated_Source\PSoC4/I2CM.c **** /*******************************************************************************
 379:.\Generated_Source\PSoC4/I2CM.c **** * Function Name: I2CM_ScbModePostEnable
 380:.\Generated_Source\PSoC4/I2CM.c **** ********************************************************************************
 381:.\Generated_Source\PSoC4/I2CM.c **** *
 382:.\Generated_Source\PSoC4/I2CM.c **** * Summary:
 383:.\Generated_Source\PSoC4/I2CM.c **** *  Calls the PostEnable function for a specific operation mode.
 384:.\Generated_Source\PSoC4/I2CM.c **** *
 385:.\Generated_Source\PSoC4/I2CM.c **** * Parameters:
 386:.\Generated_Source\PSoC4/I2CM.c **** *  None
 387:.\Generated_Source\PSoC4/I2CM.c **** *
 388:.\Generated_Source\PSoC4/I2CM.c **** * Return:
 389:.\Generated_Source\PSoC4/I2CM.c **** *  None
 390:.\Generated_Source\PSoC4/I2CM.c **** *
 391:.\Generated_Source\PSoC4/I2CM.c **** *******************************************************************************/
 392:.\Generated_Source\PSoC4/I2CM.c **** static void I2CM_ScbModePostEnable(void)
 393:.\Generated_Source\PSoC4/I2CM.c **** {
 394:.\Generated_Source\PSoC4/I2CM.c **** #if (I2CM_SCB_MODE_UNCONFIG_CONST_CFG)
 395:.\Generated_Source\PSoC4/I2CM.c **** #if (!I2CM_CY_SCBIP_V1)
 396:.\Generated_Source\PSoC4/I2CM.c ****     if (I2CM_SCB_MODE_SPI_RUNTM_CFG)
 397:.\Generated_Source\PSoC4/I2CM.c ****     {
 398:.\Generated_Source\PSoC4/I2CM.c ****         I2CM_SpiPostEnable();
 399:.\Generated_Source\PSoC4/I2CM.c ****     }
 400:.\Generated_Source\PSoC4/I2CM.c ****     else if (I2CM_SCB_MODE_UART_RUNTM_CFG)
 401:.\Generated_Source\PSoC4/I2CM.c ****     {
 402:.\Generated_Source\PSoC4/I2CM.c ****         I2CM_UartPostEnable();
 403:.\Generated_Source\PSoC4/I2CM.c ****     }
 404:.\Generated_Source\PSoC4/I2CM.c ****     else
 405:.\Generated_Source\PSoC4/I2CM.c ****     {
 406:.\Generated_Source\PSoC4/I2CM.c ****         /* Unknown mode: do nothing */
 407:.\Generated_Source\PSoC4/I2CM.c ****     }
 408:.\Generated_Source\PSoC4/I2CM.c **** #endif /* (!I2CM_CY_SCBIP_V1) */
 409:.\Generated_Source\PSoC4/I2CM.c **** 
 410:.\Generated_Source\PSoC4/I2CM.c **** #elif (I2CM_SCB_MODE_SPI_CONST_CFG)
 411:.\Generated_Source\PSoC4/I2CM.c ****     I2CM_SpiPostEnable();
 412:.\Generated_Source\PSoC4/I2CM.c **** 
 413:.\Generated_Source\PSoC4/I2CM.c **** #elif (I2CM_SCB_MODE_UART_CONST_CFG)
 414:.\Generated_Source\PSoC4/I2CM.c ****     I2CM_UartPostEnable();
 415:.\Generated_Source\PSoC4/I2CM.c **** 
 416:.\Generated_Source\PSoC4/I2CM.c **** #else
ARM GAS  C:\Users\ddemidov\AppData\Local\Temp\cctIQO8F.s 			page 11


 417:.\Generated_Source\PSoC4/I2CM.c ****     /* Unknown mode: do nothing */
 418:.\Generated_Source\PSoC4/I2CM.c **** #endif /* (I2CM_SCB_MODE_UNCONFIG_CONST_CFG) */
 419:.\Generated_Source\PSoC4/I2CM.c **** }
 420:.\Generated_Source\PSoC4/I2CM.c **** 
 421:.\Generated_Source\PSoC4/I2CM.c **** 
 422:.\Generated_Source\PSoC4/I2CM.c **** /*******************************************************************************
 423:.\Generated_Source\PSoC4/I2CM.c **** * Function Name: I2CM_ScbModeStop
 424:.\Generated_Source\PSoC4/I2CM.c **** ********************************************************************************
 425:.\Generated_Source\PSoC4/I2CM.c **** *
 426:.\Generated_Source\PSoC4/I2CM.c **** * Summary:
 427:.\Generated_Source\PSoC4/I2CM.c **** *  Calls the Stop function for a specific operation mode.
 428:.\Generated_Source\PSoC4/I2CM.c **** *
 429:.\Generated_Source\PSoC4/I2CM.c **** * Parameters:
 430:.\Generated_Source\PSoC4/I2CM.c **** *  None
 431:.\Generated_Source\PSoC4/I2CM.c **** *
 432:.\Generated_Source\PSoC4/I2CM.c **** * Return:
 433:.\Generated_Source\PSoC4/I2CM.c **** *  None
 434:.\Generated_Source\PSoC4/I2CM.c **** *
 435:.\Generated_Source\PSoC4/I2CM.c **** *******************************************************************************/
 436:.\Generated_Source\PSoC4/I2CM.c **** static void I2CM_ScbModeStop(void)
 437:.\Generated_Source\PSoC4/I2CM.c **** {
 438:.\Generated_Source\PSoC4/I2CM.c **** #if (I2CM_SCB_MODE_UNCONFIG_CONST_CFG)
 439:.\Generated_Source\PSoC4/I2CM.c ****     if (I2CM_SCB_MODE_I2C_RUNTM_CFG)
 440:.\Generated_Source\PSoC4/I2CM.c ****     {
 441:.\Generated_Source\PSoC4/I2CM.c ****         I2CM_I2CStop();
 442:.\Generated_Source\PSoC4/I2CM.c ****     }
 443:.\Generated_Source\PSoC4/I2CM.c ****     else if (I2CM_SCB_MODE_EZI2C_RUNTM_CFG)
 444:.\Generated_Source\PSoC4/I2CM.c ****     {
 445:.\Generated_Source\PSoC4/I2CM.c ****         I2CM_EzI2CStop();
 446:.\Generated_Source\PSoC4/I2CM.c ****     }
 447:.\Generated_Source\PSoC4/I2CM.c **** #if (!I2CM_CY_SCBIP_V1)
 448:.\Generated_Source\PSoC4/I2CM.c ****     else if (I2CM_SCB_MODE_SPI_RUNTM_CFG)
 449:.\Generated_Source\PSoC4/I2CM.c ****     {
 450:.\Generated_Source\PSoC4/I2CM.c ****         I2CM_SpiStop();
 451:.\Generated_Source\PSoC4/I2CM.c ****     }
 452:.\Generated_Source\PSoC4/I2CM.c ****     else if (I2CM_SCB_MODE_UART_RUNTM_CFG)
 453:.\Generated_Source\PSoC4/I2CM.c ****     {
 454:.\Generated_Source\PSoC4/I2CM.c ****         I2CM_UartStop();
 455:.\Generated_Source\PSoC4/I2CM.c ****     }
 456:.\Generated_Source\PSoC4/I2CM.c **** #endif /* (!I2CM_CY_SCBIP_V1) */
 457:.\Generated_Source\PSoC4/I2CM.c ****     else
 458:.\Generated_Source\PSoC4/I2CM.c ****     {
 459:.\Generated_Source\PSoC4/I2CM.c ****         /* Unknown mode: do nothing */
 460:.\Generated_Source\PSoC4/I2CM.c ****     }
 461:.\Generated_Source\PSoC4/I2CM.c **** #elif (I2CM_SCB_MODE_I2C_CONST_CFG)
 462:.\Generated_Source\PSoC4/I2CM.c ****     I2CM_I2CStop();
 145              		.loc 1 462 0
 146 0008 FFF7FEFF 		bl	I2CM_I2CStop
 147              	.LVL5:
 148              	.LBE15:
 149              	.LBE14:
 231:.\Generated_Source\PSoC4/I2CM.c **** 
 150              		.loc 1 231 0
 151 000c 054A     		ldr	r2, .L11
 244:.\Generated_Source\PSoC4/I2CM.c **** #endif /* (I2CM_SCB_IRQ_INTERNAL) */
 152              		.loc 1 244 0
 153 000e 0A20     		mov	r0, #10
ARM GAS  C:\Users\ddemidov\AppData\Local\Temp\cctIQO8F.s 			page 12


 231:.\Generated_Source\PSoC4/I2CM.c **** 
 154              		.loc 1 231 0
 155 0010 1368     		ldr	r3, [r2]
 246:.\Generated_Source\PSoC4/I2CM.c **** 
 156              		.loc 1 246 0
 157              		@ sp needed
 231:.\Generated_Source\PSoC4/I2CM.c **** 
 158              		.loc 1 231 0
 159 0012 5B00     		lsl	r3, r3, #1
 160 0014 5B08     		lsr	r3, r3, #1
 161 0016 1360     		str	r3, [r2]
 241:.\Generated_Source\PSoC4/I2CM.c **** 
 162              		.loc 1 241 0
 163 0018 0022     		mov	r2, #0
 164 001a 034B     		ldr	r3, .L11+4
 165 001c 1A60     		str	r2, [r3]
 244:.\Generated_Source\PSoC4/I2CM.c **** #endif /* (I2CM_SCB_IRQ_INTERNAL) */
 166              		.loc 1 244 0
 167 001e FFF7FEFF 		bl	CyIntClearPending
 168              	.LVL6:
 246:.\Generated_Source\PSoC4/I2CM.c **** 
 169              		.loc 1 246 0
 170 0022 08BD     		pop	{r3, pc}
 171              	.L12:
 172              		.align	2
 173              	.L11:
 174 0024 00002540 		.word	1076166656
 175 0028 880F2540 		.word	1076170632
 176              		.cfi_endproc
 177              	.LFE5:
 178              		.size	I2CM_Stop, .-I2CM_Stop
 179              		.section	.text.I2CM_SetRxFifoLevel,"ax",%progbits
 180              		.align	1
 181              		.global	I2CM_SetRxFifoLevel
 182              		.code	16
 183              		.thumb_func
 184              		.type	I2CM_SetRxFifoLevel, %function
 185              	I2CM_SetRxFifoLevel:
 186              	.LFB6:
 267:.\Generated_Source\PSoC4/I2CM.c ****     uint32 rxFifoCtrl;
 187              		.loc 1 267 0
 188              		.cfi_startproc
 189              	.LVL7:
 272:.\Generated_Source\PSoC4/I2CM.c ****     rxFifoCtrl |= ((uint32) (I2CM_RX_FIFO_CTRL_TRIGGER_LEVEL_MASK & level));
 190              		.loc 1 272 0
 191 0000 0F22     		mov	r2, #15
 270:.\Generated_Source\PSoC4/I2CM.c **** 
 192              		.loc 1 270 0
 193 0002 0349     		ldr	r1, .L14
 273:.\Generated_Source\PSoC4/I2CM.c **** 
 194              		.loc 1 273 0
 195 0004 1040     		and	r0, r2
 196              	.LVL8:
 270:.\Generated_Source\PSoC4/I2CM.c **** 
 197              		.loc 1 270 0
 198 0006 0B68     		ldr	r3, [r1]
 199              	.LVL9:
ARM GAS  C:\Users\ddemidov\AppData\Local\Temp\cctIQO8F.s 			page 13


 276:.\Generated_Source\PSoC4/I2CM.c **** 
 200              		.loc 1 276 0
 201              		@ sp needed
 272:.\Generated_Source\PSoC4/I2CM.c ****     rxFifoCtrl |= ((uint32) (I2CM_RX_FIFO_CTRL_TRIGGER_LEVEL_MASK & level));
 202              		.loc 1 272 0
 203 0008 9343     		bic	r3, r2
 204              	.LVL10:
 273:.\Generated_Source\PSoC4/I2CM.c **** 
 205              		.loc 1 273 0
 206 000a 1843     		orr	r0, r3
 207              	.LVL11:
 275:.\Generated_Source\PSoC4/I2CM.c **** }
 208              		.loc 1 275 0
 209 000c 0860     		str	r0, [r1]
 276:.\Generated_Source\PSoC4/I2CM.c **** 
 210              		.loc 1 276 0
 211 000e 7047     		bx	lr
 212              	.L15:
 213              		.align	2
 214              	.L14:
 215 0010 04032540 		.word	1076167428
 216              		.cfi_endproc
 217              	.LFE6:
 218              		.size	I2CM_SetRxFifoLevel, .-I2CM_SetRxFifoLevel
 219              		.section	.text.I2CM_SetTxFifoLevel,"ax",%progbits
 220              		.align	1
 221              		.global	I2CM_SetTxFifoLevel
 222              		.code	16
 223              		.thumb_func
 224              		.type	I2CM_SetTxFifoLevel, %function
 225              	I2CM_SetTxFifoLevel:
 226              	.LFB7:
 297:.\Generated_Source\PSoC4/I2CM.c ****     uint32 txFifoCtrl;
 227              		.loc 1 297 0
 228              		.cfi_startproc
 229              	.LVL12:
 302:.\Generated_Source\PSoC4/I2CM.c ****     txFifoCtrl |= ((uint32) (I2CM_TX_FIFO_CTRL_TRIGGER_LEVEL_MASK & level));
 230              		.loc 1 302 0
 231 0000 0F22     		mov	r2, #15
 300:.\Generated_Source\PSoC4/I2CM.c **** 
 232              		.loc 1 300 0
 233 0002 0349     		ldr	r1, .L17
 303:.\Generated_Source\PSoC4/I2CM.c **** 
 234              		.loc 1 303 0
 235 0004 1040     		and	r0, r2
 236              	.LVL13:
 300:.\Generated_Source\PSoC4/I2CM.c **** 
 237              		.loc 1 300 0
 238 0006 0B68     		ldr	r3, [r1]
 239              	.LVL14:
 306:.\Generated_Source\PSoC4/I2CM.c **** 
 240              		.loc 1 306 0
 241              		@ sp needed
 302:.\Generated_Source\PSoC4/I2CM.c ****     txFifoCtrl |= ((uint32) (I2CM_TX_FIFO_CTRL_TRIGGER_LEVEL_MASK & level));
 242              		.loc 1 302 0
 243 0008 9343     		bic	r3, r2
 244              	.LVL15:
ARM GAS  C:\Users\ddemidov\AppData\Local\Temp\cctIQO8F.s 			page 14


 303:.\Generated_Source\PSoC4/I2CM.c **** 
 245              		.loc 1 303 0
 246 000a 1843     		orr	r0, r3
 247              	.LVL16:
 305:.\Generated_Source\PSoC4/I2CM.c **** }
 248              		.loc 1 305 0
 249 000c 0860     		str	r0, [r1]
 306:.\Generated_Source\PSoC4/I2CM.c **** 
 250              		.loc 1 306 0
 251 000e 7047     		bx	lr
 252              	.L18:
 253              		.align	2
 254              	.L17:
 255 0010 04022540 		.word	1076167172
 256              		.cfi_endproc
 257              	.LFE7:
 258              		.size	I2CM_SetTxFifoLevel, .-I2CM_SetTxFifoLevel
 259              		.section	.text.I2CM_SetCustomInterruptHandler,"ax",%progbits
 260              		.align	1
 261              		.global	I2CM_SetCustomInterruptHandler
 262              		.code	16
 263              		.thumb_func
 264              		.type	I2CM_SetCustomInterruptHandler, %function
 265              	I2CM_SetCustomInterruptHandler:
 266              	.LFB8:
 333:.\Generated_Source\PSoC4/I2CM.c ****     #if !defined (CY_REMOVE_I2CM_CUSTOM_INTR_HANDLER)
 267              		.loc 1 333 0
 268              		.cfi_startproc
 269              	.LVL17:
 335:.\Generated_Source\PSoC4/I2CM.c ****     #else
 270              		.loc 1 335 0
 271 0000 014B     		ldr	r3, .L20
 342:.\Generated_Source\PSoC4/I2CM.c **** #endif /* (I2CM_SCB_IRQ_INTERNAL) */
 272              		.loc 1 342 0
 273              		@ sp needed
 335:.\Generated_Source\PSoC4/I2CM.c ****     #else
 274              		.loc 1 335 0
 275 0002 5860     		str	r0, [r3, #4]
 342:.\Generated_Source\PSoC4/I2CM.c **** #endif /* (I2CM_SCB_IRQ_INTERNAL) */
 276              		.loc 1 342 0
 277 0004 7047     		bx	lr
 278              	.L21:
 279 0006 C046     		.align	2
 280              	.L20:
 281 0008 00000000 		.word	.LANCHOR0
 282              		.cfi_endproc
 283              	.LFE8:
 284              		.size	I2CM_SetCustomInterruptHandler, .-I2CM_SetCustomInterruptHandler
 285              		.global	I2CM_customIntrHandler
 286              		.global	I2CM_initVar
 287              		.bss
 288              		.align	2
 289              		.set	.LANCHOR0,. + 0
 290              		.type	I2CM_initVar, %object
 291              		.size	I2CM_initVar, 1
 292              	I2CM_initVar:
 293 0000 00       		.space	1
ARM GAS  C:\Users\ddemidov\AppData\Local\Temp\cctIQO8F.s 			page 15


 294 0001 000000   		.space	3
 295              		.type	I2CM_customIntrHandler, %object
 296              		.size	I2CM_customIntrHandler, 4
 297              	I2CM_customIntrHandler:
 298 0004 00000000 		.space	4
 299              		.text
 300              	.Letext0:
 301              		.file 2 "Generated_Source\\PSoC4/cytypes.h"
 302              		.file 3 ".\\Generated_Source\\PSoC4\\I2CM_I2C_PVT.h"
 303              		.file 4 "Generated_Source\\PSoC4/CyLib.h"
 304              		.section	.debug_info,"",%progbits
 305              	.Ldebug_info0:
 306 0000 AC020000 		.4byte	0x2ac
 307 0004 0400     		.2byte	0x4
 308 0006 00000000 		.4byte	.Ldebug_abbrev0
 309 000a 04       		.byte	0x4
 310 000b 01       		.uleb128 0x1
 311 000c 42000000 		.4byte	.LASF36
 312 0010 01       		.byte	0x1
 313 0011 62010000 		.4byte	.LASF37
 314 0015 C8010000 		.4byte	.LASF38
 315 0019 00000000 		.4byte	.Ldebug_ranges0+0
 316 001d 00000000 		.4byte	0
 317 0021 00000000 		.4byte	.Ldebug_line0
 318 0025 02       		.uleb128 0x2
 319 0026 01       		.byte	0x1
 320 0027 06       		.byte	0x6
 321 0028 CA020000 		.4byte	.LASF0
 322 002c 02       		.uleb128 0x2
 323 002d 01       		.byte	0x1
 324 002e 08       		.byte	0x8
 325 002f FB000000 		.4byte	.LASF1
 326 0033 02       		.uleb128 0x2
 327 0034 02       		.byte	0x2
 328 0035 05       		.byte	0x5
 329 0036 80020000 		.4byte	.LASF2
 330 003a 02       		.uleb128 0x2
 331 003b 02       		.byte	0x2
 332 003c 07       		.byte	0x7
 333 003d D6000000 		.4byte	.LASF3
 334 0041 02       		.uleb128 0x2
 335 0042 04       		.byte	0x4
 336 0043 05       		.byte	0x5
 337 0044 95020000 		.4byte	.LASF4
 338 0048 02       		.uleb128 0x2
 339 0049 04       		.byte	0x4
 340 004a 07       		.byte	0x7
 341 004b 09010000 		.4byte	.LASF5
 342 004f 02       		.uleb128 0x2
 343 0050 08       		.byte	0x8
 344 0051 05       		.byte	0x5
 345 0052 60020000 		.4byte	.LASF6
 346 0056 02       		.uleb128 0x2
 347 0057 08       		.byte	0x8
 348 0058 07       		.byte	0x7
 349 0059 AC010000 		.4byte	.LASF7
 350 005d 03       		.uleb128 0x3
ARM GAS  C:\Users\ddemidov\AppData\Local\Temp\cctIQO8F.s 			page 16


 351 005e 04       		.byte	0x4
 352 005f 05       		.byte	0x5
 353 0060 696E7400 		.ascii	"int\000"
 354 0064 02       		.uleb128 0x2
 355 0065 04       		.byte	0x4
 356 0066 07       		.byte	0x7
 357 0067 94010000 		.4byte	.LASF8
 358 006b 04       		.uleb128 0x4
 359 006c 1B010000 		.4byte	.LASF9
 360 0070 02       		.byte	0x2
 361 0071 3801     		.2byte	0x138
 362 0073 2C000000 		.4byte	0x2c
 363 0077 04       		.uleb128 0x4
 364 0078 8D010000 		.4byte	.LASF10
 365 007c 02       		.byte	0x2
 366 007d 3A01     		.2byte	0x13a
 367 007f 48000000 		.4byte	0x48
 368 0083 02       		.uleb128 0x2
 369 0084 04       		.byte	0x4
 370 0085 04       		.byte	0x4
 371 0086 F5000000 		.4byte	.LASF11
 372 008a 02       		.uleb128 0x2
 373 008b 08       		.byte	0x8
 374 008c 04       		.byte	0x4
 375 008d 38010000 		.4byte	.LASF12
 376 0091 02       		.uleb128 0x2
 377 0092 01       		.byte	0x1
 378 0093 08       		.byte	0x8
 379 0094 6E020000 		.4byte	.LASF13
 380 0098 04       		.uleb128 0x4
 381 0099 1E000000 		.4byte	.LASF14
 382 009d 02       		.byte	0x2
 383 009e E401     		.2byte	0x1e4
 384 00a0 A4000000 		.4byte	0xa4
 385 00a4 05       		.uleb128 0x5
 386 00a5 77000000 		.4byte	0x77
 387 00a9 06       		.uleb128 0x6
 388 00aa 04       		.byte	0x4
 389 00ab AF000000 		.4byte	0xaf
 390 00af 07       		.uleb128 0x7
 391 00b0 02       		.uleb128 0x2
 392 00b1 04       		.byte	0x4
 393 00b2 07       		.byte	0x7
 394 00b3 4A020000 		.4byte	.LASF15
 395 00b7 08       		.uleb128 0x8
 396 00b8 3F010000 		.4byte	.LASF16
 397 00bc 01       		.byte	0x1
 398 00bd 8801     		.2byte	0x188
 399 00bf 01       		.byte	0x1
 400 00c0 09       		.uleb128 0x9
 401 00c1 14000000 		.4byte	.LASF31
 402 00c5 01       		.byte	0x1
 403 00c6 66       		.byte	0x66
 404 00c7 01       		.byte	0x1
 405 00c8 08       		.uleb128 0x8
 406 00c9 24000000 		.4byte	.LASF17
 407 00cd 01       		.byte	0x1
ARM GAS  C:\Users\ddemidov\AppData\Local\Temp\cctIQO8F.s 			page 17


 408 00ce B401     		.2byte	0x1b4
 409 00d0 01       		.byte	0x1
 410 00d1 0A       		.uleb128 0xa
 411 00d2 C0000000 		.4byte	0xc0
 412 00d6 00000000 		.4byte	.LFB2
 413 00da 08000000 		.4byte	.LFE2-.LFB2
 414 00de 01       		.uleb128 0x1
 415 00df 9C       		.byte	0x9c
 416 00e0 EE000000 		.4byte	0xee
 417 00e4 0B       		.uleb128 0xb
 418 00e5 06000000 		.4byte	.LVL0
 419 00e9 72020000 		.4byte	0x272
 420 00ed 00       		.byte	0
 421 00ee 08       		.uleb128 0x8
 422 00ef 37020000 		.4byte	.LASF18
 423 00f3 01       		.byte	0x1
 424 00f4 6801     		.2byte	0x168
 425 00f6 01       		.byte	0x1
 426 00f7 0C       		.uleb128 0xc
 427 00f8 E9000000 		.4byte	.LASF19
 428 00fc 01       		.byte	0x1
 429 00fd 92       		.byte	0x92
 430 00fe 00000000 		.4byte	.LFB3
 431 0102 1C000000 		.4byte	.LFE3-.LFB3
 432 0106 01       		.uleb128 0x1
 433 0107 9C       		.byte	0x9c
 434 0108 2C010000 		.4byte	0x12c
 435 010c 0D       		.uleb128 0xd
 436 010d EE000000 		.4byte	0xee
 437 0111 0E000000 		.4byte	.LBB10
 438 0115 06000000 		.4byte	.LBE10-.LBB10
 439 0119 01       		.byte	0x1
 440 011a A2       		.byte	0xa2
 441 011b 0E       		.uleb128 0xe
 442 011c 14000000 		.4byte	.LVL1
 443 0120 79020000 		.4byte	0x279
 444 0124 0F       		.uleb128 0xf
 445 0125 01       		.uleb128 0x1
 446 0126 50       		.byte	0x50
 447 0127 01       		.uleb128 0x1
 448 0128 3A       		.byte	0x3a
 449 0129 00       		.byte	0
 450 012a 00       		.byte	0
 451 012b 00       		.byte	0
 452 012c 0C       		.uleb128 0xc
 453 012d A1010000 		.4byte	.LASF20
 454 0131 01       		.byte	0x1
 455 0132 C0       		.byte	0xc0
 456 0133 00000000 		.4byte	.LFB4
 457 0137 1C000000 		.4byte	.LFE4-.LFB4
 458 013b 01       		.uleb128 0x1
 459 013c 9C       		.byte	0x9c
 460 013d 68010000 		.4byte	0x168
 461 0141 10       		.uleb128 0x10
 462 0142 C0000000 		.4byte	0xc0
 463 0146 0A000000 		.4byte	.LBB12
 464 014a 04000000 		.4byte	.LBE12-.LBB12
ARM GAS  C:\Users\ddemidov\AppData\Local\Temp\cctIQO8F.s 			page 18


 465 014e 01       		.byte	0x1
 466 014f C4       		.byte	0xc4
 467 0150 5E010000 		.4byte	0x15e
 468 0154 0B       		.uleb128 0xb
 469 0155 0E000000 		.4byte	.LVL2
 470 0159 72020000 		.4byte	0x272
 471 015d 00       		.byte	0
 472 015e 0B       		.uleb128 0xb
 473 015f 16000000 		.4byte	.LVL3
 474 0163 F7000000 		.4byte	0xf7
 475 0167 00       		.byte	0
 476 0168 0C       		.uleb128 0xc
 477 0169 D6020000 		.4byte	.LASF21
 478 016d 01       		.byte	0x1
 479 016e DD       		.byte	0xdd
 480 016f 00000000 		.4byte	.LFB5
 481 0173 2C000000 		.4byte	.LFE5-.LFB5
 482 0177 01       		.uleb128 0x1
 483 0178 9C       		.byte	0x9c
 484 0179 BD010000 		.4byte	0x1bd
 485 017d 10       		.uleb128 0x10
 486 017e C8000000 		.4byte	0xc8
 487 0182 08000000 		.4byte	.LBB14
 488 0186 04000000 		.4byte	.LBE14-.LBB14
 489 018a 01       		.byte	0x1
 490 018b E4       		.byte	0xe4
 491 018c 9A010000 		.4byte	0x19a
 492 0190 0B       		.uleb128 0xb
 493 0191 0C000000 		.4byte	.LVL5
 494 0195 8A020000 		.4byte	0x28a
 495 0199 00       		.byte	0
 496 019a 11       		.uleb128 0x11
 497 019b 08000000 		.4byte	.LVL4
 498 019f 91020000 		.4byte	0x291
 499 01a3 AD010000 		.4byte	0x1ad
 500 01a7 0F       		.uleb128 0xf
 501 01a8 01       		.uleb128 0x1
 502 01a9 50       		.byte	0x50
 503 01aa 01       		.uleb128 0x1
 504 01ab 3A       		.byte	0x3a
 505 01ac 00       		.byte	0
 506 01ad 0E       		.uleb128 0xe
 507 01ae 22000000 		.4byte	.LVL6
 508 01b2 A2020000 		.4byte	0x2a2
 509 01b6 0F       		.uleb128 0xf
 510 01b7 01       		.uleb128 0x1
 511 01b8 50       		.byte	0x50
 512 01b9 01       		.uleb128 0x1
 513 01ba 3A       		.byte	0x3a
 514 01bb 00       		.byte	0
 515 01bc 00       		.byte	0
 516 01bd 12       		.uleb128 0x12
 517 01be 11020000 		.4byte	.LASF22
 518 01c2 01       		.byte	0x1
 519 01c3 0A01     		.2byte	0x10a
 520 01c5 00000000 		.4byte	.LFB6
 521 01c9 14000000 		.4byte	.LFE6-.LFB6
ARM GAS  C:\Users\ddemidov\AppData\Local\Temp\cctIQO8F.s 			page 19


 522 01cd 01       		.uleb128 0x1
 523 01ce 9C       		.byte	0x9c
 524 01cf F4010000 		.4byte	0x1f4
 525 01d3 13       		.uleb128 0x13
 526 01d4 D0000000 		.4byte	.LASF24
 527 01d8 01       		.byte	0x1
 528 01d9 0A01     		.2byte	0x10a
 529 01db 77000000 		.4byte	0x77
 530 01df 00000000 		.4byte	.LLST0
 531 01e3 14       		.uleb128 0x14
 532 01e4 8A020000 		.4byte	.LASF25
 533 01e8 01       		.byte	0x1
 534 01e9 0C01     		.2byte	0x10c
 535 01eb 77000000 		.4byte	0x77
 536 01ef 21000000 		.4byte	.LLST1
 537 01f3 00       		.byte	0
 538 01f4 12       		.uleb128 0x12
 539 01f5 00000000 		.4byte	.LASF23
 540 01f9 01       		.byte	0x1
 541 01fa 2801     		.2byte	0x128
 542 01fc 00000000 		.4byte	.LFB7
 543 0200 14000000 		.4byte	.LFE7-.LFB7
 544 0204 01       		.uleb128 0x1
 545 0205 9C       		.byte	0x9c
 546 0206 2B020000 		.4byte	0x22b
 547 020a 13       		.uleb128 0x13
 548 020b D0000000 		.4byte	.LASF24
 549 020f 01       		.byte	0x1
 550 0210 2801     		.2byte	0x128
 551 0212 77000000 		.4byte	0x77
 552 0216 3F000000 		.4byte	.LLST2
 553 021a 14       		.uleb128 0x14
 554 021b 82010000 		.4byte	.LASF26
 555 021f 01       		.byte	0x1
 556 0220 2A01     		.2byte	0x12a
 557 0222 77000000 		.4byte	0x77
 558 0226 60000000 		.4byte	.LLST3
 559 022a 00       		.byte	0
 560 022b 12       		.uleb128 0x12
 561 022c AB020000 		.4byte	.LASF27
 562 0230 01       		.byte	0x1
 563 0231 4C01     		.2byte	0x14c
 564 0233 00000000 		.4byte	.LFB8
 565 0237 0C000000 		.4byte	.LFE8-.LFB8
 566 023b 01       		.uleb128 0x1
 567 023c 9C       		.byte	0x9c
 568 023d 50020000 		.4byte	0x250
 569 0241 15       		.uleb128 0x15
 570 0242 C3010000 		.4byte	.LASF28
 571 0246 01       		.byte	0x1
 572 0247 4C01     		.2byte	0x14c
 573 0249 A9000000 		.4byte	0xa9
 574 024d 01       		.uleb128 0x1
 575 024e 50       		.byte	0x50
 576 024f 00       		.byte	0
 577 0250 16       		.uleb128 0x16
 578 0251 9E020000 		.4byte	.LASF29
ARM GAS  C:\Users\ddemidov\AppData\Local\Temp\cctIQO8F.s 			page 20


 579 0255 01       		.byte	0x1
 580 0256 42       		.byte	0x42
 581 0257 6B000000 		.4byte	0x6b
 582 025b 05       		.uleb128 0x5
 583 025c 03       		.byte	0x3
 584 025d 00000000 		.4byte	I2CM_initVar
 585 0261 16       		.uleb128 0x16
 586 0262 21010000 		.4byte	.LASF30
 587 0266 01       		.byte	0x1
 588 0267 46       		.byte	0x46
 589 0268 A9000000 		.4byte	0xa9
 590 026c 05       		.uleb128 0x5
 591 026d 03       		.byte	0x3
 592 026e 00000000 		.4byte	I2CM_customIntrHandler
 593 0272 17       		.uleb128 0x17
 594 0273 35000000 		.4byte	.LASF32
 595 0277 03       		.byte	0x3
 596 0278 48       		.byte	0x48
 597 0279 18       		.uleb128 0x18
 598 027a 56010000 		.4byte	.LASF34
 599 027e 04       		.byte	0x4
 600 027f 4F       		.byte	0x4f
 601 0280 8A020000 		.4byte	0x28a
 602 0284 19       		.uleb128 0x19
 603 0285 6B000000 		.4byte	0x6b
 604 0289 00       		.byte	0
 605 028a 17       		.uleb128 0x17
 606 028b 53020000 		.4byte	.LASF33
 607 028f 03       		.byte	0x3
 608 0290 4B       		.byte	0x4b
 609 0291 18       		.uleb128 0x18
 610 0292 73020000 		.4byte	.LASF35
 611 0296 04       		.byte	0x4
 612 0297 51       		.byte	0x51
 613 0298 A2020000 		.4byte	0x2a2
 614 029c 19       		.uleb128 0x19
 615 029d 6B000000 		.4byte	0x6b
 616 02a1 00       		.byte	0
 617 02a2 1A       		.uleb128 0x1a
 618 02a3 25020000 		.4byte	.LASF39
 619 02a7 04       		.byte	0x4
 620 02a8 54       		.byte	0x54
 621 02a9 19       		.uleb128 0x19
 622 02aa 6B000000 		.4byte	0x6b
 623 02ae 00       		.byte	0
 624 02af 00       		.byte	0
 625              		.section	.debug_abbrev,"",%progbits
 626              	.Ldebug_abbrev0:
 627 0000 01       		.uleb128 0x1
 628 0001 11       		.uleb128 0x11
 629 0002 01       		.byte	0x1
 630 0003 25       		.uleb128 0x25
 631 0004 0E       		.uleb128 0xe
 632 0005 13       		.uleb128 0x13
 633 0006 0B       		.uleb128 0xb
 634 0007 03       		.uleb128 0x3
 635 0008 0E       		.uleb128 0xe
ARM GAS  C:\Users\ddemidov\AppData\Local\Temp\cctIQO8F.s 			page 21


 636 0009 1B       		.uleb128 0x1b
 637 000a 0E       		.uleb128 0xe
 638 000b 55       		.uleb128 0x55
 639 000c 17       		.uleb128 0x17
 640 000d 11       		.uleb128 0x11
 641 000e 01       		.uleb128 0x1
 642 000f 10       		.uleb128 0x10
 643 0010 17       		.uleb128 0x17
 644 0011 00       		.byte	0
 645 0012 00       		.byte	0
 646 0013 02       		.uleb128 0x2
 647 0014 24       		.uleb128 0x24
 648 0015 00       		.byte	0
 649 0016 0B       		.uleb128 0xb
 650 0017 0B       		.uleb128 0xb
 651 0018 3E       		.uleb128 0x3e
 652 0019 0B       		.uleb128 0xb
 653 001a 03       		.uleb128 0x3
 654 001b 0E       		.uleb128 0xe
 655 001c 00       		.byte	0
 656 001d 00       		.byte	0
 657 001e 03       		.uleb128 0x3
 658 001f 24       		.uleb128 0x24
 659 0020 00       		.byte	0
 660 0021 0B       		.uleb128 0xb
 661 0022 0B       		.uleb128 0xb
 662 0023 3E       		.uleb128 0x3e
 663 0024 0B       		.uleb128 0xb
 664 0025 03       		.uleb128 0x3
 665 0026 08       		.uleb128 0x8
 666 0027 00       		.byte	0
 667 0028 00       		.byte	0
 668 0029 04       		.uleb128 0x4
 669 002a 16       		.uleb128 0x16
 670 002b 00       		.byte	0
 671 002c 03       		.uleb128 0x3
 672 002d 0E       		.uleb128 0xe
 673 002e 3A       		.uleb128 0x3a
 674 002f 0B       		.uleb128 0xb
 675 0030 3B       		.uleb128 0x3b
 676 0031 05       		.uleb128 0x5
 677 0032 49       		.uleb128 0x49
 678 0033 13       		.uleb128 0x13
 679 0034 00       		.byte	0
 680 0035 00       		.byte	0
 681 0036 05       		.uleb128 0x5
 682 0037 35       		.uleb128 0x35
 683 0038 00       		.byte	0
 684 0039 49       		.uleb128 0x49
 685 003a 13       		.uleb128 0x13
 686 003b 00       		.byte	0
 687 003c 00       		.byte	0
 688 003d 06       		.uleb128 0x6
 689 003e 0F       		.uleb128 0xf
 690 003f 00       		.byte	0
 691 0040 0B       		.uleb128 0xb
 692 0041 0B       		.uleb128 0xb
ARM GAS  C:\Users\ddemidov\AppData\Local\Temp\cctIQO8F.s 			page 22


 693 0042 49       		.uleb128 0x49
 694 0043 13       		.uleb128 0x13
 695 0044 00       		.byte	0
 696 0045 00       		.byte	0
 697 0046 07       		.uleb128 0x7
 698 0047 15       		.uleb128 0x15
 699 0048 00       		.byte	0
 700 0049 27       		.uleb128 0x27
 701 004a 19       		.uleb128 0x19
 702 004b 00       		.byte	0
 703 004c 00       		.byte	0
 704 004d 08       		.uleb128 0x8
 705 004e 2E       		.uleb128 0x2e
 706 004f 00       		.byte	0
 707 0050 03       		.uleb128 0x3
 708 0051 0E       		.uleb128 0xe
 709 0052 3A       		.uleb128 0x3a
 710 0053 0B       		.uleb128 0xb
 711 0054 3B       		.uleb128 0x3b
 712 0055 05       		.uleb128 0x5
 713 0056 27       		.uleb128 0x27
 714 0057 19       		.uleb128 0x19
 715 0058 20       		.uleb128 0x20
 716 0059 0B       		.uleb128 0xb
 717 005a 00       		.byte	0
 718 005b 00       		.byte	0
 719 005c 09       		.uleb128 0x9
 720 005d 2E       		.uleb128 0x2e
 721 005e 00       		.byte	0
 722 005f 3F       		.uleb128 0x3f
 723 0060 19       		.uleb128 0x19
 724 0061 03       		.uleb128 0x3
 725 0062 0E       		.uleb128 0xe
 726 0063 3A       		.uleb128 0x3a
 727 0064 0B       		.uleb128 0xb
 728 0065 3B       		.uleb128 0x3b
 729 0066 0B       		.uleb128 0xb
 730 0067 27       		.uleb128 0x27
 731 0068 19       		.uleb128 0x19
 732 0069 20       		.uleb128 0x20
 733 006a 0B       		.uleb128 0xb
 734 006b 00       		.byte	0
 735 006c 00       		.byte	0
 736 006d 0A       		.uleb128 0xa
 737 006e 2E       		.uleb128 0x2e
 738 006f 01       		.byte	0x1
 739 0070 31       		.uleb128 0x31
 740 0071 13       		.uleb128 0x13
 741 0072 11       		.uleb128 0x11
 742 0073 01       		.uleb128 0x1
 743 0074 12       		.uleb128 0x12
 744 0075 06       		.uleb128 0x6
 745 0076 40       		.uleb128 0x40
 746 0077 18       		.uleb128 0x18
 747 0078 9742     		.uleb128 0x2117
 748 007a 19       		.uleb128 0x19
 749 007b 01       		.uleb128 0x1
ARM GAS  C:\Users\ddemidov\AppData\Local\Temp\cctIQO8F.s 			page 23


 750 007c 13       		.uleb128 0x13
 751 007d 00       		.byte	0
 752 007e 00       		.byte	0
 753 007f 0B       		.uleb128 0xb
 754 0080 898201   		.uleb128 0x4109
 755 0083 00       		.byte	0
 756 0084 11       		.uleb128 0x11
 757 0085 01       		.uleb128 0x1
 758 0086 31       		.uleb128 0x31
 759 0087 13       		.uleb128 0x13
 760 0088 00       		.byte	0
 761 0089 00       		.byte	0
 762 008a 0C       		.uleb128 0xc
 763 008b 2E       		.uleb128 0x2e
 764 008c 01       		.byte	0x1
 765 008d 3F       		.uleb128 0x3f
 766 008e 19       		.uleb128 0x19
 767 008f 03       		.uleb128 0x3
 768 0090 0E       		.uleb128 0xe
 769 0091 3A       		.uleb128 0x3a
 770 0092 0B       		.uleb128 0xb
 771 0093 3B       		.uleb128 0x3b
 772 0094 0B       		.uleb128 0xb
 773 0095 27       		.uleb128 0x27
 774 0096 19       		.uleb128 0x19
 775 0097 11       		.uleb128 0x11
 776 0098 01       		.uleb128 0x1
 777 0099 12       		.uleb128 0x12
 778 009a 06       		.uleb128 0x6
 779 009b 40       		.uleb128 0x40
 780 009c 18       		.uleb128 0x18
 781 009d 9742     		.uleb128 0x2117
 782 009f 19       		.uleb128 0x19
 783 00a0 01       		.uleb128 0x1
 784 00a1 13       		.uleb128 0x13
 785 00a2 00       		.byte	0
 786 00a3 00       		.byte	0
 787 00a4 0D       		.uleb128 0xd
 788 00a5 1D       		.uleb128 0x1d
 789 00a6 01       		.byte	0x1
 790 00a7 31       		.uleb128 0x31
 791 00a8 13       		.uleb128 0x13
 792 00a9 11       		.uleb128 0x11
 793 00aa 01       		.uleb128 0x1
 794 00ab 12       		.uleb128 0x12
 795 00ac 06       		.uleb128 0x6
 796 00ad 58       		.uleb128 0x58
 797 00ae 0B       		.uleb128 0xb
 798 00af 59       		.uleb128 0x59
 799 00b0 0B       		.uleb128 0xb
 800 00b1 00       		.byte	0
 801 00b2 00       		.byte	0
 802 00b3 0E       		.uleb128 0xe
 803 00b4 898201   		.uleb128 0x4109
 804 00b7 01       		.byte	0x1
 805 00b8 11       		.uleb128 0x11
 806 00b9 01       		.uleb128 0x1
ARM GAS  C:\Users\ddemidov\AppData\Local\Temp\cctIQO8F.s 			page 24


 807 00ba 31       		.uleb128 0x31
 808 00bb 13       		.uleb128 0x13
 809 00bc 00       		.byte	0
 810 00bd 00       		.byte	0
 811 00be 0F       		.uleb128 0xf
 812 00bf 8A8201   		.uleb128 0x410a
 813 00c2 00       		.byte	0
 814 00c3 02       		.uleb128 0x2
 815 00c4 18       		.uleb128 0x18
 816 00c5 9142     		.uleb128 0x2111
 817 00c7 18       		.uleb128 0x18
 818 00c8 00       		.byte	0
 819 00c9 00       		.byte	0
 820 00ca 10       		.uleb128 0x10
 821 00cb 1D       		.uleb128 0x1d
 822 00cc 01       		.byte	0x1
 823 00cd 31       		.uleb128 0x31
 824 00ce 13       		.uleb128 0x13
 825 00cf 11       		.uleb128 0x11
 826 00d0 01       		.uleb128 0x1
 827 00d1 12       		.uleb128 0x12
 828 00d2 06       		.uleb128 0x6
 829 00d3 58       		.uleb128 0x58
 830 00d4 0B       		.uleb128 0xb
 831 00d5 59       		.uleb128 0x59
 832 00d6 0B       		.uleb128 0xb
 833 00d7 01       		.uleb128 0x1
 834 00d8 13       		.uleb128 0x13
 835 00d9 00       		.byte	0
 836 00da 00       		.byte	0
 837 00db 11       		.uleb128 0x11
 838 00dc 898201   		.uleb128 0x4109
 839 00df 01       		.byte	0x1
 840 00e0 11       		.uleb128 0x11
 841 00e1 01       		.uleb128 0x1
 842 00e2 31       		.uleb128 0x31
 843 00e3 13       		.uleb128 0x13
 844 00e4 01       		.uleb128 0x1
 845 00e5 13       		.uleb128 0x13
 846 00e6 00       		.byte	0
 847 00e7 00       		.byte	0
 848 00e8 12       		.uleb128 0x12
 849 00e9 2E       		.uleb128 0x2e
 850 00ea 01       		.byte	0x1
 851 00eb 3F       		.uleb128 0x3f
 852 00ec 19       		.uleb128 0x19
 853 00ed 03       		.uleb128 0x3
 854 00ee 0E       		.uleb128 0xe
 855 00ef 3A       		.uleb128 0x3a
 856 00f0 0B       		.uleb128 0xb
 857 00f1 3B       		.uleb128 0x3b
 858 00f2 05       		.uleb128 0x5
 859 00f3 27       		.uleb128 0x27
 860 00f4 19       		.uleb128 0x19
 861 00f5 11       		.uleb128 0x11
 862 00f6 01       		.uleb128 0x1
 863 00f7 12       		.uleb128 0x12
ARM GAS  C:\Users\ddemidov\AppData\Local\Temp\cctIQO8F.s 			page 25


 864 00f8 06       		.uleb128 0x6
 865 00f9 40       		.uleb128 0x40
 866 00fa 18       		.uleb128 0x18
 867 00fb 9742     		.uleb128 0x2117
 868 00fd 19       		.uleb128 0x19
 869 00fe 01       		.uleb128 0x1
 870 00ff 13       		.uleb128 0x13
 871 0100 00       		.byte	0
 872 0101 00       		.byte	0
 873 0102 13       		.uleb128 0x13
 874 0103 05       		.uleb128 0x5
 875 0104 00       		.byte	0
 876 0105 03       		.uleb128 0x3
 877 0106 0E       		.uleb128 0xe
 878 0107 3A       		.uleb128 0x3a
 879 0108 0B       		.uleb128 0xb
 880 0109 3B       		.uleb128 0x3b
 881 010a 05       		.uleb128 0x5
 882 010b 49       		.uleb128 0x49
 883 010c 13       		.uleb128 0x13
 884 010d 02       		.uleb128 0x2
 885 010e 17       		.uleb128 0x17
 886 010f 00       		.byte	0
 887 0110 00       		.byte	0
 888 0111 14       		.uleb128 0x14
 889 0112 34       		.uleb128 0x34
 890 0113 00       		.byte	0
 891 0114 03       		.uleb128 0x3
 892 0115 0E       		.uleb128 0xe
 893 0116 3A       		.uleb128 0x3a
 894 0117 0B       		.uleb128 0xb
 895 0118 3B       		.uleb128 0x3b
 896 0119 05       		.uleb128 0x5
 897 011a 49       		.uleb128 0x49
 898 011b 13       		.uleb128 0x13
 899 011c 02       		.uleb128 0x2
 900 011d 17       		.uleb128 0x17
 901 011e 00       		.byte	0
 902 011f 00       		.byte	0
 903 0120 15       		.uleb128 0x15
 904 0121 05       		.uleb128 0x5
 905 0122 00       		.byte	0
 906 0123 03       		.uleb128 0x3
 907 0124 0E       		.uleb128 0xe
 908 0125 3A       		.uleb128 0x3a
 909 0126 0B       		.uleb128 0xb
 910 0127 3B       		.uleb128 0x3b
 911 0128 05       		.uleb128 0x5
 912 0129 49       		.uleb128 0x49
 913 012a 13       		.uleb128 0x13
 914 012b 02       		.uleb128 0x2
 915 012c 18       		.uleb128 0x18
 916 012d 00       		.byte	0
 917 012e 00       		.byte	0
 918 012f 16       		.uleb128 0x16
 919 0130 34       		.uleb128 0x34
 920 0131 00       		.byte	0
ARM GAS  C:\Users\ddemidov\AppData\Local\Temp\cctIQO8F.s 			page 26


 921 0132 03       		.uleb128 0x3
 922 0133 0E       		.uleb128 0xe
 923 0134 3A       		.uleb128 0x3a
 924 0135 0B       		.uleb128 0xb
 925 0136 3B       		.uleb128 0x3b
 926 0137 0B       		.uleb128 0xb
 927 0138 49       		.uleb128 0x49
 928 0139 13       		.uleb128 0x13
 929 013a 3F       		.uleb128 0x3f
 930 013b 19       		.uleb128 0x19
 931 013c 02       		.uleb128 0x2
 932 013d 18       		.uleb128 0x18
 933 013e 00       		.byte	0
 934 013f 00       		.byte	0
 935 0140 17       		.uleb128 0x17
 936 0141 2E       		.uleb128 0x2e
 937 0142 00       		.byte	0
 938 0143 3F       		.uleb128 0x3f
 939 0144 19       		.uleb128 0x19
 940 0145 03       		.uleb128 0x3
 941 0146 0E       		.uleb128 0xe
 942 0147 3A       		.uleb128 0x3a
 943 0148 0B       		.uleb128 0xb
 944 0149 3B       		.uleb128 0x3b
 945 014a 0B       		.uleb128 0xb
 946 014b 27       		.uleb128 0x27
 947 014c 19       		.uleb128 0x19
 948 014d 3C       		.uleb128 0x3c
 949 014e 19       		.uleb128 0x19
 950 014f 00       		.byte	0
 951 0150 00       		.byte	0
 952 0151 18       		.uleb128 0x18
 953 0152 2E       		.uleb128 0x2e
 954 0153 01       		.byte	0x1
 955 0154 3F       		.uleb128 0x3f
 956 0155 19       		.uleb128 0x19
 957 0156 03       		.uleb128 0x3
 958 0157 0E       		.uleb128 0xe
 959 0158 3A       		.uleb128 0x3a
 960 0159 0B       		.uleb128 0xb
 961 015a 3B       		.uleb128 0x3b
 962 015b 0B       		.uleb128 0xb
 963 015c 27       		.uleb128 0x27
 964 015d 19       		.uleb128 0x19
 965 015e 3C       		.uleb128 0x3c
 966 015f 19       		.uleb128 0x19
 967 0160 01       		.uleb128 0x1
 968 0161 13       		.uleb128 0x13
 969 0162 00       		.byte	0
 970 0163 00       		.byte	0
 971 0164 19       		.uleb128 0x19
 972 0165 05       		.uleb128 0x5
 973 0166 00       		.byte	0
 974 0167 49       		.uleb128 0x49
 975 0168 13       		.uleb128 0x13
 976 0169 00       		.byte	0
 977 016a 00       		.byte	0
ARM GAS  C:\Users\ddemidov\AppData\Local\Temp\cctIQO8F.s 			page 27


 978 016b 1A       		.uleb128 0x1a
 979 016c 2E       		.uleb128 0x2e
 980 016d 01       		.byte	0x1
 981 016e 3F       		.uleb128 0x3f
 982 016f 19       		.uleb128 0x19
 983 0170 03       		.uleb128 0x3
 984 0171 0E       		.uleb128 0xe
 985 0172 3A       		.uleb128 0x3a
 986 0173 0B       		.uleb128 0xb
 987 0174 3B       		.uleb128 0x3b
 988 0175 0B       		.uleb128 0xb
 989 0176 27       		.uleb128 0x27
 990 0177 19       		.uleb128 0x19
 991 0178 3C       		.uleb128 0x3c
 992 0179 19       		.uleb128 0x19
 993 017a 00       		.byte	0
 994 017b 00       		.byte	0
 995 017c 00       		.byte	0
 996              		.section	.debug_loc,"",%progbits
 997              	.Ldebug_loc0:
 998              	.LLST0:
 999 0000 00000000 		.4byte	.LVL7
 1000 0004 06000000 		.4byte	.LVL8
 1001 0008 0100     		.2byte	0x1
 1002 000a 50       		.byte	0x50
 1003 000b 06000000 		.4byte	.LVL8
 1004 000f 14000000 		.4byte	.LFE6
 1005 0013 0400     		.2byte	0x4
 1006 0015 F3       		.byte	0xf3
 1007 0016 01       		.uleb128 0x1
 1008 0017 50       		.byte	0x50
 1009 0018 9F       		.byte	0x9f
 1010 0019 00000000 		.4byte	0
 1011 001d 00000000 		.4byte	0
 1012              	.LLST1:
 1013 0021 08000000 		.4byte	.LVL9
 1014 0025 0C000000 		.4byte	.LVL11
 1015 0029 0100     		.2byte	0x1
 1016 002b 53       		.byte	0x53
 1017 002c 0C000000 		.4byte	.LVL11
 1018 0030 14000000 		.4byte	.LFE6
 1019 0034 0100     		.2byte	0x1
 1020 0036 50       		.byte	0x50
 1021 0037 00000000 		.4byte	0
 1022 003b 00000000 		.4byte	0
 1023              	.LLST2:
 1024 003f 00000000 		.4byte	.LVL12
 1025 0043 06000000 		.4byte	.LVL13
 1026 0047 0100     		.2byte	0x1
 1027 0049 50       		.byte	0x50
 1028 004a 06000000 		.4byte	.LVL13
 1029 004e 14000000 		.4byte	.LFE7
 1030 0052 0400     		.2byte	0x4
 1031 0054 F3       		.byte	0xf3
 1032 0055 01       		.uleb128 0x1
 1033 0056 50       		.byte	0x50
 1034 0057 9F       		.byte	0x9f
ARM GAS  C:\Users\ddemidov\AppData\Local\Temp\cctIQO8F.s 			page 28


 1035 0058 00000000 		.4byte	0
 1036 005c 00000000 		.4byte	0
 1037              	.LLST3:
 1038 0060 08000000 		.4byte	.LVL14
 1039 0064 0C000000 		.4byte	.LVL16
 1040 0068 0100     		.2byte	0x1
 1041 006a 53       		.byte	0x53
 1042 006b 0C000000 		.4byte	.LVL16
 1043 006f 14000000 		.4byte	.LFE7
 1044 0073 0100     		.2byte	0x1
 1045 0075 50       		.byte	0x50
 1046 0076 00000000 		.4byte	0
 1047 007a 00000000 		.4byte	0
 1048              		.section	.debug_aranges,"",%progbits
 1049 0000 4C000000 		.4byte	0x4c
 1050 0004 0200     		.2byte	0x2
 1051 0006 00000000 		.4byte	.Ldebug_info0
 1052 000a 04       		.byte	0x4
 1053 000b 00       		.byte	0
 1054 000c 0000     		.2byte	0
 1055 000e 0000     		.2byte	0
 1056 0010 00000000 		.4byte	.LFB2
 1057 0014 08000000 		.4byte	.LFE2-.LFB2
 1058 0018 00000000 		.4byte	.LFB3
 1059 001c 1C000000 		.4byte	.LFE3-.LFB3
 1060 0020 00000000 		.4byte	.LFB4
 1061 0024 1C000000 		.4byte	.LFE4-.LFB4
 1062 0028 00000000 		.4byte	.LFB5
 1063 002c 2C000000 		.4byte	.LFE5-.LFB5
 1064 0030 00000000 		.4byte	.LFB6
 1065 0034 14000000 		.4byte	.LFE6-.LFB6
 1066 0038 00000000 		.4byte	.LFB7
 1067 003c 14000000 		.4byte	.LFE7-.LFB7
 1068 0040 00000000 		.4byte	.LFB8
 1069 0044 0C000000 		.4byte	.LFE8-.LFB8
 1070 0048 00000000 		.4byte	0
 1071 004c 00000000 		.4byte	0
 1072              		.section	.debug_ranges,"",%progbits
 1073              	.Ldebug_ranges0:
 1074 0000 00000000 		.4byte	.LFB2
 1075 0004 08000000 		.4byte	.LFE2
 1076 0008 00000000 		.4byte	.LFB3
 1077 000c 1C000000 		.4byte	.LFE3
 1078 0010 00000000 		.4byte	.LFB4
 1079 0014 1C000000 		.4byte	.LFE4
 1080 0018 00000000 		.4byte	.LFB5
 1081 001c 2C000000 		.4byte	.LFE5
 1082 0020 00000000 		.4byte	.LFB6
 1083 0024 14000000 		.4byte	.LFE6
 1084 0028 00000000 		.4byte	.LFB7
 1085 002c 14000000 		.4byte	.LFE7
 1086 0030 00000000 		.4byte	.LFB8
 1087 0034 0C000000 		.4byte	.LFE8
 1088 0038 00000000 		.4byte	0
 1089 003c 00000000 		.4byte	0
 1090              		.section	.debug_line,"",%progbits
 1091              	.Ldebug_line0:
ARM GAS  C:\Users\ddemidov\AppData\Local\Temp\cctIQO8F.s 			page 29


 1092 0000 41010000 		.section	.debug_str,"MS",%progbits,1
 1092      02007700 
 1092      00000201 
 1092      FB0E0D00 
 1092      01010101 
 1093              	.LASF23:
 1094 0000 4932434D 		.ascii	"I2CM_SetTxFifoLevel\000"
 1094      5F536574 
 1094      54784669 
 1094      666F4C65 
 1094      76656C00 
 1095              	.LASF31:
 1096 0014 4932434D 		.ascii	"I2CM_Init\000"
 1096      5F496E69 
 1096      7400
 1097              	.LASF14:
 1098 001e 72656733 		.ascii	"reg32\000"
 1098      3200
 1099              	.LASF17:
 1100 0024 4932434D 		.ascii	"I2CM_ScbModeStop\000"
 1100      5F536362 
 1100      4D6F6465 
 1100      53746F70 
 1100      00
 1101              	.LASF32:
 1102 0035 4932434D 		.ascii	"I2CM_I2CInit\000"
 1102      5F493243 
 1102      496E6974 
 1102      00
 1103              	.LASF36:
 1104 0042 474E5520 		.ascii	"GNU C 4.9.3 20150303 (release) [ARM/embedded-4_9-br"
 1104      4320342E 
 1104      392E3320 
 1104      32303135 
 1104      30333033 
 1105 0075 616E6368 		.ascii	"anch revision 221220] -mcpu=cortex-m0 -mthumb -g -O"
 1105      20726576 
 1105      6973696F 
 1105      6E203232 
 1105      31323230 
 1106 00a8 73202D66 		.ascii	"s -ffunction-sections -ffat-lto-objects\000"
 1106      66756E63 
 1106      74696F6E 
 1106      2D736563 
 1106      74696F6E 
 1107              	.LASF24:
 1108 00d0 6C657665 		.ascii	"level\000"
 1108      6C00
 1109              	.LASF3:
 1110 00d6 73686F72 		.ascii	"short unsigned int\000"
 1110      7420756E 
 1110      7369676E 
 1110      65642069 
 1110      6E7400
 1111              	.LASF19:
 1112 00e9 4932434D 		.ascii	"I2CM_Enable\000"
 1112      5F456E61 
ARM GAS  C:\Users\ddemidov\AppData\Local\Temp\cctIQO8F.s 			page 30


 1112      626C6500 
 1113              	.LASF11:
 1114 00f5 666C6F61 		.ascii	"float\000"
 1114      7400
 1115              	.LASF1:
 1116 00fb 756E7369 		.ascii	"unsigned char\000"
 1116      676E6564 
 1116      20636861 
 1116      7200
 1117              	.LASF5:
 1118 0109 6C6F6E67 		.ascii	"long unsigned int\000"
 1118      20756E73 
 1118      69676E65 
 1118      6420696E 
 1118      7400
 1119              	.LASF9:
 1120 011b 75696E74 		.ascii	"uint8\000"
 1120      3800
 1121              	.LASF30:
 1122 0121 4932434D 		.ascii	"I2CM_customIntrHandler\000"
 1122      5F637573 
 1122      746F6D49 
 1122      6E747248 
 1122      616E646C 
 1123              	.LASF12:
 1124 0138 646F7562 		.ascii	"double\000"
 1124      6C6500
 1125              	.LASF16:
 1126 013f 4932434D 		.ascii	"I2CM_ScbModePostEnable\000"
 1126      5F536362 
 1126      4D6F6465 
 1126      506F7374 
 1126      456E6162 
 1127              	.LASF34:
 1128 0156 4379496E 		.ascii	"CyIntEnable\000"
 1128      74456E61 
 1128      626C6500 
 1129              	.LASF37:
 1130 0162 2E5C4765 		.ascii	".\\Generated_Source\\PSoC4\\I2CM.c\000"
 1130      6E657261 
 1130      7465645F 
 1130      536F7572 
 1130      63655C50 
 1131              	.LASF26:
 1132 0182 74784669 		.ascii	"txFifoCtrl\000"
 1132      666F4374 
 1132      726C00
 1133              	.LASF10:
 1134 018d 75696E74 		.ascii	"uint32\000"
 1134      333200
 1135              	.LASF8:
 1136 0194 756E7369 		.ascii	"unsigned int\000"
 1136      676E6564 
 1136      20696E74 
 1136      00
 1137              	.LASF20:
 1138 01a1 4932434D 		.ascii	"I2CM_Start\000"
ARM GAS  C:\Users\ddemidov\AppData\Local\Temp\cctIQO8F.s 			page 31


 1138      5F537461 
 1138      727400
 1139              	.LASF7:
 1140 01ac 6C6F6E67 		.ascii	"long long unsigned int\000"
 1140      206C6F6E 
 1140      6720756E 
 1140      7369676E 
 1140      65642069 
 1141              	.LASF28:
 1142 01c3 66756E63 		.ascii	"func\000"
 1142      00
 1143              	.LASF38:
 1144 01c8 433A5C55 		.ascii	"C:\\Users\\ddemidov\\Documents\\PSoC Creator\\BLE_F"
 1144      73657273 
 1144      5C646465 
 1144      6D69646F 
 1144      765C446F 
 1145 01f6 696E644D 		.ascii	"indMe01\\SenseAbility.cydsn\000"
 1145      6530315C 
 1145      53656E73 
 1145      65416269 
 1145      6C697479 
 1146              	.LASF22:
 1147 0211 4932434D 		.ascii	"I2CM_SetRxFifoLevel\000"
 1147      5F536574 
 1147      52784669 
 1147      666F4C65 
 1147      76656C00 
 1148              	.LASF39:
 1149 0225 4379496E 		.ascii	"CyIntClearPending\000"
 1149      74436C65 
 1149      61725065 
 1149      6E64696E 
 1149      6700
 1150              	.LASF18:
 1151 0237 4932434D 		.ascii	"I2CM_ScbEnableIntr\000"
 1151      5F536362 
 1151      456E6162 
 1151      6C65496E 
 1151      747200
 1152              	.LASF15:
 1153 024a 73697A65 		.ascii	"sizetype\000"
 1153      74797065 
 1153      00
 1154              	.LASF33:
 1155 0253 4932434D 		.ascii	"I2CM_I2CStop\000"
 1155      5F493243 
 1155      53746F70 
 1155      00
 1156              	.LASF6:
 1157 0260 6C6F6E67 		.ascii	"long long int\000"
 1157      206C6F6E 
 1157      6720696E 
 1157      7400
 1158              	.LASF13:
 1159 026e 63686172 		.ascii	"char\000"
 1159      00
ARM GAS  C:\Users\ddemidov\AppData\Local\Temp\cctIQO8F.s 			page 32


 1160              	.LASF35:
 1161 0273 4379496E 		.ascii	"CyIntDisable\000"
 1161      74446973 
 1161      61626C65 
 1161      00
 1162              	.LASF2:
 1163 0280 73686F72 		.ascii	"short int\000"
 1163      7420696E 
 1163      7400
 1164              	.LASF25:
 1165 028a 72784669 		.ascii	"rxFifoCtrl\000"
 1165      666F4374 
 1165      726C00
 1166              	.LASF4:
 1167 0295 6C6F6E67 		.ascii	"long int\000"
 1167      20696E74 
 1167      00
 1168              	.LASF29:
 1169 029e 4932434D 		.ascii	"I2CM_initVar\000"
 1169      5F696E69 
 1169      74566172 
 1169      00
 1170              	.LASF27:
 1171 02ab 4932434D 		.ascii	"I2CM_SetCustomInterruptHandler\000"
 1171      5F536574 
 1171      43757374 
 1171      6F6D496E 
 1171      74657272 
 1172              	.LASF0:
 1173 02ca 7369676E 		.ascii	"signed char\000"
 1173      65642063 
 1173      68617200 
 1174              	.LASF21:
 1175 02d6 4932434D 		.ascii	"I2CM_Stop\000"
 1175      5F53746F 
 1175      7000
 1176              		.ident	"GCC: (GNU Tools for ARM Embedded Processors) 4.9.3 20150303 (release) [ARM/embedded-4_9-br
