ARM GAS  C:\Users\ddemidov\AppData\Local\Temp\ccMf89Zd.s 			page 1


   1              		.cpu cortex-m0
   2              		.fpu softvfp
   3              		.eabi_attribute 20, 1
   4              		.eabi_attribute 21, 1
   5              		.eabi_attribute 23, 3
   6              		.eabi_attribute 24, 1
   7              		.eabi_attribute 25, 1
   8              		.eabi_attribute 26, 1
   9              		.eabi_attribute 30, 4
  10              		.eabi_attribute 34, 0
  11              		.eabi_attribute 18, 4
  12              		.code	16
  13              		.file	"I2CM_I2C.c"
  14              		.text
  15              	.Ltext0:
  16              		.cfi_sections	.debug_frame
  17              		.section	.text.I2CM_I2CInit,"ax",%progbits
  18              		.align	1
  19              		.global	I2CM_I2CInit
  20              		.code	16
  21              		.thumb_func
  22              		.type	I2CM_I2CInit, %function
  23              	I2CM_I2CInit:
  24              	.LFB2:
  25              		.file 1 ".\\Generated_Source\\PSoC4\\I2CM_I2C.c"
   1:.\Generated_Source\PSoC4/I2CM_I2C.c **** /*******************************************************************************
   2:.\Generated_Source\PSoC4/I2CM_I2C.c **** * File Name: I2CM_I2C.c
   3:.\Generated_Source\PSoC4/I2CM_I2C.c **** * Version 3.0
   4:.\Generated_Source\PSoC4/I2CM_I2C.c **** *
   5:.\Generated_Source\PSoC4/I2CM_I2C.c **** * Description:
   6:.\Generated_Source\PSoC4/I2CM_I2C.c **** *  This file provides the source code to the API for the SCB Component in
   7:.\Generated_Source\PSoC4/I2CM_I2C.c **** *  I2C mode.
   8:.\Generated_Source\PSoC4/I2CM_I2C.c **** *
   9:.\Generated_Source\PSoC4/I2CM_I2C.c **** * Note:
  10:.\Generated_Source\PSoC4/I2CM_I2C.c **** *
  11:.\Generated_Source\PSoC4/I2CM_I2C.c **** *******************************************************************************
  12:.\Generated_Source\PSoC4/I2CM_I2C.c **** * Copyright 2013-2015, Cypress Semiconductor Corporation.  All rights reserved.
  13:.\Generated_Source\PSoC4/I2CM_I2C.c **** * You may use this file only in accordance with the license, terms, conditions,
  14:.\Generated_Source\PSoC4/I2CM_I2C.c **** * disclaimers, and limitations in the end user license agreement accompanying
  15:.\Generated_Source\PSoC4/I2CM_I2C.c **** * the software package with which this file was provided.
  16:.\Generated_Source\PSoC4/I2CM_I2C.c **** *******************************************************************************/
  17:.\Generated_Source\PSoC4/I2CM_I2C.c **** 
  18:.\Generated_Source\PSoC4/I2CM_I2C.c **** #include "I2CM_PVT.h"
  19:.\Generated_Source\PSoC4/I2CM_I2C.c **** #include "I2CM_I2C_PVT.h"
  20:.\Generated_Source\PSoC4/I2CM_I2C.c **** 
  21:.\Generated_Source\PSoC4/I2CM_I2C.c **** 
  22:.\Generated_Source\PSoC4/I2CM_I2C.c **** /***************************************
  23:.\Generated_Source\PSoC4/I2CM_I2C.c **** *      I2C Private Vars
  24:.\Generated_Source\PSoC4/I2CM_I2C.c **** ***************************************/
  25:.\Generated_Source\PSoC4/I2CM_I2C.c **** 
  26:.\Generated_Source\PSoC4/I2CM_I2C.c **** volatile uint8 I2CM_state;  /* Current state of I2C FSM */
  27:.\Generated_Source\PSoC4/I2CM_I2C.c **** 
  28:.\Generated_Source\PSoC4/I2CM_I2C.c **** #if(I2CM_SCB_MODE_UNCONFIG_CONST_CFG)
  29:.\Generated_Source\PSoC4/I2CM_I2C.c **** 
  30:.\Generated_Source\PSoC4/I2CM_I2C.c ****     /***************************************
  31:.\Generated_Source\PSoC4/I2CM_I2C.c ****     *  Configuration Structure Initialization
  32:.\Generated_Source\PSoC4/I2CM_I2C.c ****     ***************************************/
ARM GAS  C:\Users\ddemidov\AppData\Local\Temp\ccMf89Zd.s 			page 2


  33:.\Generated_Source\PSoC4/I2CM_I2C.c **** 
  34:.\Generated_Source\PSoC4/I2CM_I2C.c ****     /* Constant configuration of I2C */
  35:.\Generated_Source\PSoC4/I2CM_I2C.c ****     const I2CM_I2C_INIT_STRUCT I2CM_configI2C =
  36:.\Generated_Source\PSoC4/I2CM_I2C.c ****     {
  37:.\Generated_Source\PSoC4/I2CM_I2C.c ****         I2CM_I2C_MODE,
  38:.\Generated_Source\PSoC4/I2CM_I2C.c ****         I2CM_I2C_OVS_FACTOR_LOW,
  39:.\Generated_Source\PSoC4/I2CM_I2C.c ****         I2CM_I2C_OVS_FACTOR_HIGH,
  40:.\Generated_Source\PSoC4/I2CM_I2C.c ****         I2CM_I2C_MEDIAN_FILTER_ENABLE,
  41:.\Generated_Source\PSoC4/I2CM_I2C.c ****         I2CM_I2C_SLAVE_ADDRESS,
  42:.\Generated_Source\PSoC4/I2CM_I2C.c ****         I2CM_I2C_SLAVE_ADDRESS_MASK,
  43:.\Generated_Source\PSoC4/I2CM_I2C.c ****         I2CM_I2C_ACCEPT_ADDRESS,
  44:.\Generated_Source\PSoC4/I2CM_I2C.c ****         I2CM_I2C_WAKE_ENABLE,
  45:.\Generated_Source\PSoC4/I2CM_I2C.c ****         I2CM_I2C_BYTE_MODE_ENABLE,
  46:.\Generated_Source\PSoC4/I2CM_I2C.c ****         I2CM_I2C_DATA_RATE,
  47:.\Generated_Source\PSoC4/I2CM_I2C.c ****         I2CM_I2C_ACCEPT_GENERAL_CALL,
  48:.\Generated_Source\PSoC4/I2CM_I2C.c ****     };
  49:.\Generated_Source\PSoC4/I2CM_I2C.c **** 
  50:.\Generated_Source\PSoC4/I2CM_I2C.c ****     /*******************************************************************************
  51:.\Generated_Source\PSoC4/I2CM_I2C.c ****     * Function Name: I2CM_I2CInit
  52:.\Generated_Source\PSoC4/I2CM_I2C.c ****     ********************************************************************************
  53:.\Generated_Source\PSoC4/I2CM_I2C.c ****     *
  54:.\Generated_Source\PSoC4/I2CM_I2C.c ****     * Summary:
  55:.\Generated_Source\PSoC4/I2CM_I2C.c ****     *  Configures the SCB for I2C operation.
  56:.\Generated_Source\PSoC4/I2CM_I2C.c ****     *
  57:.\Generated_Source\PSoC4/I2CM_I2C.c ****     * Parameters:
  58:.\Generated_Source\PSoC4/I2CM_I2C.c ****     *  config:  Pointer to a structure that contains the following ordered list of
  59:.\Generated_Source\PSoC4/I2CM_I2C.c ****     *           fields. These fields match the selections available in the
  60:.\Generated_Source\PSoC4/I2CM_I2C.c ****     *           customizer.
  61:.\Generated_Source\PSoC4/I2CM_I2C.c ****     *
  62:.\Generated_Source\PSoC4/I2CM_I2C.c ****     * Return:
  63:.\Generated_Source\PSoC4/I2CM_I2C.c ****     *  None
  64:.\Generated_Source\PSoC4/I2CM_I2C.c ****     *
  65:.\Generated_Source\PSoC4/I2CM_I2C.c ****     *******************************************************************************/
  66:.\Generated_Source\PSoC4/I2CM_I2C.c ****     void I2CM_I2CInit(const I2CM_I2C_INIT_STRUCT *config)
  67:.\Generated_Source\PSoC4/I2CM_I2C.c ****     {
  68:.\Generated_Source\PSoC4/I2CM_I2C.c ****         uint32 medianFilter;
  69:.\Generated_Source\PSoC4/I2CM_I2C.c ****         uint32 locEnableWake;
  70:.\Generated_Source\PSoC4/I2CM_I2C.c **** 
  71:.\Generated_Source\PSoC4/I2CM_I2C.c ****         if(NULL == config)
  72:.\Generated_Source\PSoC4/I2CM_I2C.c ****         {
  73:.\Generated_Source\PSoC4/I2CM_I2C.c ****             CYASSERT(0u != 0u); /* Halt execution due to bad function parameter */
  74:.\Generated_Source\PSoC4/I2CM_I2C.c ****         }
  75:.\Generated_Source\PSoC4/I2CM_I2C.c ****         else
  76:.\Generated_Source\PSoC4/I2CM_I2C.c ****         {
  77:.\Generated_Source\PSoC4/I2CM_I2C.c ****             /* Configure pins */
  78:.\Generated_Source\PSoC4/I2CM_I2C.c ****             I2CM_SetPins(I2CM_SCB_MODE_I2C, I2CM_DUMMY_PARAM,
  79:.\Generated_Source\PSoC4/I2CM_I2C.c ****                                      I2CM_DUMMY_PARAM);
  80:.\Generated_Source\PSoC4/I2CM_I2C.c **** 
  81:.\Generated_Source\PSoC4/I2CM_I2C.c ****             /* Store internal configuration */
  82:.\Generated_Source\PSoC4/I2CM_I2C.c ****             I2CM_scbMode       = (uint8) I2CM_SCB_MODE_I2C;
  83:.\Generated_Source\PSoC4/I2CM_I2C.c ****             I2CM_scbEnableWake = (uint8) config->enableWake;
  84:.\Generated_Source\PSoC4/I2CM_I2C.c ****             I2CM_scbEnableIntr = (uint8) I2CM_SCB_IRQ_INTERNAL;
  85:.\Generated_Source\PSoC4/I2CM_I2C.c **** 
  86:.\Generated_Source\PSoC4/I2CM_I2C.c ****             I2CM_mode          = (uint8) config->mode;
  87:.\Generated_Source\PSoC4/I2CM_I2C.c ****             I2CM_acceptAddr    = (uint8) config->acceptAddr;
  88:.\Generated_Source\PSoC4/I2CM_I2C.c **** 
  89:.\Generated_Source\PSoC4/I2CM_I2C.c ****         #if (I2CM_CY_SCBIP_V0)
ARM GAS  C:\Users\ddemidov\AppData\Local\Temp\ccMf89Zd.s 			page 3


  90:.\Generated_Source\PSoC4/I2CM_I2C.c ****             /* Adjust SDA filter settings. Ticket ID#150521 */
  91:.\Generated_Source\PSoC4/I2CM_I2C.c ****             I2CM_SET_I2C_CFG_SDA_FILT_TRIM(I2CM_EC_AM_I2C_CFG_SDA_FILT_TRIM);
  92:.\Generated_Source\PSoC4/I2CM_I2C.c ****         #endif /* (I2CM_CY_SCBIP_V0) */
  93:.\Generated_Source\PSoC4/I2CM_I2C.c **** 
  94:.\Generated_Source\PSoC4/I2CM_I2C.c ****             /* Adjust AF and DF filter settings. Ticket ID#176179 */
  95:.\Generated_Source\PSoC4/I2CM_I2C.c ****             if (((I2CM_I2C_MODE_SLAVE != config->mode) &&
  96:.\Generated_Source\PSoC4/I2CM_I2C.c ****                  (config->dataRate <= I2CM_I2C_DATA_RATE_FS_MODE_MAX)) ||
  97:.\Generated_Source\PSoC4/I2CM_I2C.c ****                  (I2CM_I2C_MODE_SLAVE == config->mode))
  98:.\Generated_Source\PSoC4/I2CM_I2C.c ****             {
  99:.\Generated_Source\PSoC4/I2CM_I2C.c ****                 /* AF = 1, DF = 0 */
 100:.\Generated_Source\PSoC4/I2CM_I2C.c ****                 I2CM_I2C_CFG_ANALOG_FITER_ENABLE;
 101:.\Generated_Source\PSoC4/I2CM_I2C.c ****                 medianFilter = I2CM_DIGITAL_FILTER_DISABLE;
 102:.\Generated_Source\PSoC4/I2CM_I2C.c ****             }
 103:.\Generated_Source\PSoC4/I2CM_I2C.c ****             else
 104:.\Generated_Source\PSoC4/I2CM_I2C.c ****             {
 105:.\Generated_Source\PSoC4/I2CM_I2C.c ****                 /* AF = 0, DF = 1 */
 106:.\Generated_Source\PSoC4/I2CM_I2C.c ****                 I2CM_I2C_CFG_ANALOG_FITER_DISABLE;
 107:.\Generated_Source\PSoC4/I2CM_I2C.c ****                 medianFilter = I2CM_DIGITAL_FILTER_ENABLE;
 108:.\Generated_Source\PSoC4/I2CM_I2C.c ****             }
 109:.\Generated_Source\PSoC4/I2CM_I2C.c **** 
 110:.\Generated_Source\PSoC4/I2CM_I2C.c ****         #if (!I2CM_CY_SCBIP_V0)
 111:.\Generated_Source\PSoC4/I2CM_I2C.c ****             locEnableWake = (I2CM_I2C_MULTI_MASTER_SLAVE) ? (0u) : (config->enableWake);
 112:.\Generated_Source\PSoC4/I2CM_I2C.c ****         #else
 113:.\Generated_Source\PSoC4/I2CM_I2C.c ****             locEnableWake = config->enableWake;
 114:.\Generated_Source\PSoC4/I2CM_I2C.c ****         #endif /* (!I2CM_CY_SCBIP_V0) */
 115:.\Generated_Source\PSoC4/I2CM_I2C.c **** 
 116:.\Generated_Source\PSoC4/I2CM_I2C.c ****             /* Configure I2C interface */
 117:.\Generated_Source\PSoC4/I2CM_I2C.c ****             I2CM_CTRL_REG     = I2CM_GET_CTRL_BYTE_MODE  (config->enableByteMode) |
 118:.\Generated_Source\PSoC4/I2CM_I2C.c ****                                             I2CM_GET_CTRL_ADDR_ACCEPT(config->acceptAddr)     |
 119:.\Generated_Source\PSoC4/I2CM_I2C.c ****                                             I2CM_GET_CTRL_EC_AM_MODE (locEnableWake);
 120:.\Generated_Source\PSoC4/I2CM_I2C.c **** 
 121:.\Generated_Source\PSoC4/I2CM_I2C.c ****             I2CM_I2C_CTRL_REG = I2CM_GET_I2C_CTRL_HIGH_PHASE_OVS(config->oversampleHigh) |
 122:.\Generated_Source\PSoC4/I2CM_I2C.c ****                     I2CM_GET_I2C_CTRL_LOW_PHASE_OVS (config->oversampleLow)                        
 123:.\Generated_Source\PSoC4/I2CM_I2C.c ****                     I2CM_GET_I2C_CTRL_S_GENERAL_IGNORE((uint32)(0u == config->acceptGeneralAddr))  
 124:.\Generated_Source\PSoC4/I2CM_I2C.c ****                     I2CM_GET_I2C_CTRL_SL_MSTR_MODE  (config->mode);
 125:.\Generated_Source\PSoC4/I2CM_I2C.c **** 
 126:.\Generated_Source\PSoC4/I2CM_I2C.c ****             /* Configure RX direction */
 127:.\Generated_Source\PSoC4/I2CM_I2C.c ****             I2CM_RX_CTRL_REG      = I2CM_GET_RX_CTRL_MEDIAN(medianFilter) |
 128:.\Generated_Source\PSoC4/I2CM_I2C.c ****                                                 I2CM_I2C_RX_CTRL;
 129:.\Generated_Source\PSoC4/I2CM_I2C.c ****             I2CM_RX_FIFO_CTRL_REG = I2CM_CLEAR_REG;
 130:.\Generated_Source\PSoC4/I2CM_I2C.c **** 
 131:.\Generated_Source\PSoC4/I2CM_I2C.c ****             /* Set default address and mask */
 132:.\Generated_Source\PSoC4/I2CM_I2C.c ****             I2CM_RX_MATCH_REG    = ((I2CM_I2C_SLAVE) ?
 133:.\Generated_Source\PSoC4/I2CM_I2C.c ****                                                 (I2CM_GET_I2C_8BIT_ADDRESS(config->slaveAddr) |
 134:.\Generated_Source\PSoC4/I2CM_I2C.c ****                                                  I2CM_GET_RX_MATCH_MASK(config->slaveAddrMask)) :
 135:.\Generated_Source\PSoC4/I2CM_I2C.c ****                                                 (I2CM_CLEAR_REG));
 136:.\Generated_Source\PSoC4/I2CM_I2C.c **** 
 137:.\Generated_Source\PSoC4/I2CM_I2C.c **** 
 138:.\Generated_Source\PSoC4/I2CM_I2C.c ****             /* Configure TX direction */
 139:.\Generated_Source\PSoC4/I2CM_I2C.c ****             I2CM_TX_CTRL_REG      = I2CM_I2C_TX_CTRL;
 140:.\Generated_Source\PSoC4/I2CM_I2C.c ****             I2CM_TX_FIFO_CTRL_REG = I2CM_CLEAR_REG;
 141:.\Generated_Source\PSoC4/I2CM_I2C.c **** 
 142:.\Generated_Source\PSoC4/I2CM_I2C.c ****             /* Configure interrupt with I2C handler but do not enable it */
 143:.\Generated_Source\PSoC4/I2CM_I2C.c ****             CyIntDisable    (I2CM_ISR_NUMBER);
 144:.\Generated_Source\PSoC4/I2CM_I2C.c ****             CyIntSetPriority(I2CM_ISR_NUMBER, I2CM_ISR_PRIORITY);
 145:.\Generated_Source\PSoC4/I2CM_I2C.c ****             (void) CyIntSetVector(I2CM_ISR_NUMBER, &I2CM_I2C_ISR);
 146:.\Generated_Source\PSoC4/I2CM_I2C.c **** 
ARM GAS  C:\Users\ddemidov\AppData\Local\Temp\ccMf89Zd.s 			page 4


 147:.\Generated_Source\PSoC4/I2CM_I2C.c ****             /* Configure interrupt sources */
 148:.\Generated_Source\PSoC4/I2CM_I2C.c ****         #if(!I2CM_CY_SCBIP_V1)
 149:.\Generated_Source\PSoC4/I2CM_I2C.c ****             I2CM_INTR_SPI_EC_MASK_REG = I2CM_NO_INTR_SOURCES;
 150:.\Generated_Source\PSoC4/I2CM_I2C.c ****         #endif /* (!I2CM_CY_SCBIP_V1) */
 151:.\Generated_Source\PSoC4/I2CM_I2C.c **** 
 152:.\Generated_Source\PSoC4/I2CM_I2C.c ****             I2CM_INTR_I2C_EC_MASK_REG = I2CM_NO_INTR_SOURCES;
 153:.\Generated_Source\PSoC4/I2CM_I2C.c ****             I2CM_INTR_RX_MASK_REG     = I2CM_NO_INTR_SOURCES;
 154:.\Generated_Source\PSoC4/I2CM_I2C.c ****             I2CM_INTR_TX_MASK_REG     = I2CM_NO_INTR_SOURCES;
 155:.\Generated_Source\PSoC4/I2CM_I2C.c **** 
 156:.\Generated_Source\PSoC4/I2CM_I2C.c ****             I2CM_INTR_SLAVE_MASK_REG  = ((I2CM_I2C_SLAVE) ?
 157:.\Generated_Source\PSoC4/I2CM_I2C.c ****                             (I2CM_GET_INTR_SLAVE_I2C_GENERAL(config->acceptGeneralAddr) |
 158:.\Generated_Source\PSoC4/I2CM_I2C.c ****                              I2CM_I2C_INTR_SLAVE_MASK) : (I2CM_CLEAR_REG));
 159:.\Generated_Source\PSoC4/I2CM_I2C.c **** 
 160:.\Generated_Source\PSoC4/I2CM_I2C.c ****             I2CM_INTR_MASTER_MASK_REG = ((I2CM_I2C_MASTER) ?
 161:.\Generated_Source\PSoC4/I2CM_I2C.c ****                                                      (I2CM_I2C_INTR_MASTER_MASK) :
 162:.\Generated_Source\PSoC4/I2CM_I2C.c ****                                                      (I2CM_CLEAR_REG));
 163:.\Generated_Source\PSoC4/I2CM_I2C.c **** 
 164:.\Generated_Source\PSoC4/I2CM_I2C.c ****             /* Configure global variables */
 165:.\Generated_Source\PSoC4/I2CM_I2C.c ****             I2CM_state = I2CM_I2C_FSM_IDLE;
 166:.\Generated_Source\PSoC4/I2CM_I2C.c **** 
 167:.\Generated_Source\PSoC4/I2CM_I2C.c ****             /* Internal slave variables */
 168:.\Generated_Source\PSoC4/I2CM_I2C.c ****             I2CM_slStatus        = 0u;
 169:.\Generated_Source\PSoC4/I2CM_I2C.c ****             I2CM_slRdBufIndex    = 0u;
 170:.\Generated_Source\PSoC4/I2CM_I2C.c ****             I2CM_slWrBufIndex    = 0u;
 171:.\Generated_Source\PSoC4/I2CM_I2C.c ****             I2CM_slOverFlowCount = 0u;
 172:.\Generated_Source\PSoC4/I2CM_I2C.c **** 
 173:.\Generated_Source\PSoC4/I2CM_I2C.c ****             /* Internal master variables */
 174:.\Generated_Source\PSoC4/I2CM_I2C.c ****             I2CM_mstrStatus     = 0u;
 175:.\Generated_Source\PSoC4/I2CM_I2C.c ****             I2CM_mstrRdBufIndex = 0u;
 176:.\Generated_Source\PSoC4/I2CM_I2C.c ****             I2CM_mstrWrBufIndex = 0u;
 177:.\Generated_Source\PSoC4/I2CM_I2C.c ****         }
 178:.\Generated_Source\PSoC4/I2CM_I2C.c ****     }
 179:.\Generated_Source\PSoC4/I2CM_I2C.c **** 
 180:.\Generated_Source\PSoC4/I2CM_I2C.c **** #else
 181:.\Generated_Source\PSoC4/I2CM_I2C.c **** 
 182:.\Generated_Source\PSoC4/I2CM_I2C.c ****     /*******************************************************************************
 183:.\Generated_Source\PSoC4/I2CM_I2C.c ****     * Function Name: I2CM_I2CInit
 184:.\Generated_Source\PSoC4/I2CM_I2C.c ****     ********************************************************************************
 185:.\Generated_Source\PSoC4/I2CM_I2C.c ****     *
 186:.\Generated_Source\PSoC4/I2CM_I2C.c ****     * Summary:
 187:.\Generated_Source\PSoC4/I2CM_I2C.c ****     *  Configures the SCB for the I2C operation.
 188:.\Generated_Source\PSoC4/I2CM_I2C.c ****     *
 189:.\Generated_Source\PSoC4/I2CM_I2C.c ****     * Parameters:
 190:.\Generated_Source\PSoC4/I2CM_I2C.c ****     *  None
 191:.\Generated_Source\PSoC4/I2CM_I2C.c ****     *
 192:.\Generated_Source\PSoC4/I2CM_I2C.c ****     * Return:
 193:.\Generated_Source\PSoC4/I2CM_I2C.c ****     *  None
 194:.\Generated_Source\PSoC4/I2CM_I2C.c ****     *
 195:.\Generated_Source\PSoC4/I2CM_I2C.c ****     *******************************************************************************/
 196:.\Generated_Source\PSoC4/I2CM_I2C.c ****     void I2CM_I2CInit(void)
 197:.\Generated_Source\PSoC4/I2CM_I2C.c ****     {
  26              		.loc 1 197 0
  27              		.cfi_startproc
  28 0000 10B5     		push	{r4, lr}
  29              		.cfi_def_cfa_offset 8
  30              		.cfi_offset 4, -8
  31              		.cfi_offset 14, -4
ARM GAS  C:\Users\ddemidov\AppData\Local\Temp\ccMf89Zd.s 			page 5


 198:.\Generated_Source\PSoC4/I2CM_I2C.c ****     #if(I2CM_CY_SCBIP_V0)
 199:.\Generated_Source\PSoC4/I2CM_I2C.c ****         /* Adjust SDA filter settings. Ticket ID#150521 */
 200:.\Generated_Source\PSoC4/I2CM_I2C.c ****         I2CM_SET_I2C_CFG_SDA_FILT_TRIM(I2CM_EC_AM_I2C_CFG_SDA_FILT_TRIM);
 201:.\Generated_Source\PSoC4/I2CM_I2C.c ****     #endif /* (I2CM_CY_SCBIP_V0) */
 202:.\Generated_Source\PSoC4/I2CM_I2C.c **** 
 203:.\Generated_Source\PSoC4/I2CM_I2C.c ****         /* Adjust AF and DF filter settings. Ticket ID#176179 */
 204:.\Generated_Source\PSoC4/I2CM_I2C.c ****         I2CM_I2C_CFG_ANALOG_FITER_ENABLE_ADJ;
 205:.\Generated_Source\PSoC4/I2CM_I2C.c **** 
 206:.\Generated_Source\PSoC4/I2CM_I2C.c ****         /* Configure I2C interface */
 207:.\Generated_Source\PSoC4/I2CM_I2C.c ****         I2CM_CTRL_REG     = I2CM_I2C_DEFAULT_CTRL;
  32              		.loc 1 207 0
  33 0002 0024     		mov	r4, #0
  34 0004 194B     		ldr	r3, .L2
 208:.\Generated_Source\PSoC4/I2CM_I2C.c ****         I2CM_I2C_CTRL_REG = I2CM_I2C_DEFAULT_I2C_CTRL;
  35              		.loc 1 208 0
  36 0006 1A4A     		ldr	r2, .L2+4
 207:.\Generated_Source\PSoC4/I2CM_I2C.c ****         I2CM_I2C_CTRL_REG = I2CM_I2C_DEFAULT_I2C_CTRL;
  37              		.loc 1 207 0
  38 0008 1C60     		str	r4, [r3]
  39              		.loc 1 208 0
  40 000a 1A4B     		ldr	r3, .L2+8
 209:.\Generated_Source\PSoC4/I2CM_I2C.c **** 
 210:.\Generated_Source\PSoC4/I2CM_I2C.c ****         /* Configure RX direction */
 211:.\Generated_Source\PSoC4/I2CM_I2C.c ****         I2CM_RX_CTRL_REG      = I2CM_I2C_DEFAULT_RX_CTRL;
 212:.\Generated_Source\PSoC4/I2CM_I2C.c ****         I2CM_RX_FIFO_CTRL_REG = I2CM_I2C_DEFAULT_RX_FIFO_CTRL;
 213:.\Generated_Source\PSoC4/I2CM_I2C.c **** 
 214:.\Generated_Source\PSoC4/I2CM_I2C.c ****         /* Set default address and mask */
 215:.\Generated_Source\PSoC4/I2CM_I2C.c ****         I2CM_RX_MATCH_REG     = I2CM_I2C_DEFAULT_RX_MATCH;
 216:.\Generated_Source\PSoC4/I2CM_I2C.c **** 
 217:.\Generated_Source\PSoC4/I2CM_I2C.c ****         /* Configure TX direction */
 218:.\Generated_Source\PSoC4/I2CM_I2C.c ****         I2CM_TX_CTRL_REG      = I2CM_I2C_DEFAULT_TX_CTRL;
 219:.\Generated_Source\PSoC4/I2CM_I2C.c ****         I2CM_TX_FIFO_CTRL_REG = I2CM_I2C_DEFAULT_TX_FIFO_CTRL;
 220:.\Generated_Source\PSoC4/I2CM_I2C.c **** 
 221:.\Generated_Source\PSoC4/I2CM_I2C.c ****         /* Configure interrupt with I2C handler but do not enable it */
 222:.\Generated_Source\PSoC4/I2CM_I2C.c ****         CyIntDisable    (I2CM_ISR_NUMBER);
  41              		.loc 1 222 0
  42 000c 0A20     		mov	r0, #10
 208:.\Generated_Source\PSoC4/I2CM_I2C.c **** 
  43              		.loc 1 208 0
  44 000e 1A60     		str	r2, [r3]
 211:.\Generated_Source\PSoC4/I2CM_I2C.c ****         I2CM_RX_FIFO_CTRL_REG = I2CM_I2C_DEFAULT_RX_FIFO_CTRL;
  45              		.loc 1 211 0
  46 0010 194B     		ldr	r3, .L2+12
  47 0012 1A4A     		ldr	r2, .L2+16
 223:.\Generated_Source\PSoC4/I2CM_I2C.c ****         CyIntSetPriority(I2CM_ISR_NUMBER, I2CM_ISR_PRIORITY);
 224:.\Generated_Source\PSoC4/I2CM_I2C.c ****     #if(!I2CM_I2C_EXTERN_INTR_HANDLER)
 225:.\Generated_Source\PSoC4/I2CM_I2C.c ****         (void) CyIntSetVector(I2CM_ISR_NUMBER, &I2CM_I2C_ISR);
 226:.\Generated_Source\PSoC4/I2CM_I2C.c ****     #endif /* (I2CM_I2C_EXTERN_INTR_HANDLER) */
 227:.\Generated_Source\PSoC4/I2CM_I2C.c **** 
 228:.\Generated_Source\PSoC4/I2CM_I2C.c ****         /* Configure interrupt sources */
 229:.\Generated_Source\PSoC4/I2CM_I2C.c ****     #if(!I2CM_CY_SCBIP_V1)
 230:.\Generated_Source\PSoC4/I2CM_I2C.c ****         I2CM_INTR_SPI_EC_MASK_REG = I2CM_I2C_DEFAULT_INTR_SPI_EC_MASK;
 231:.\Generated_Source\PSoC4/I2CM_I2C.c ****     #endif /* (!I2CM_CY_SCBIP_V1) */
 232:.\Generated_Source\PSoC4/I2CM_I2C.c **** 
 233:.\Generated_Source\PSoC4/I2CM_I2C.c ****         I2CM_INTR_I2C_EC_MASK_REG = I2CM_I2C_DEFAULT_INTR_I2C_EC_MASK;
 234:.\Generated_Source\PSoC4/I2CM_I2C.c ****         I2CM_INTR_SLAVE_MASK_REG  = I2CM_I2C_DEFAULT_INTR_SLAVE_MASK;
 235:.\Generated_Source\PSoC4/I2CM_I2C.c ****         I2CM_INTR_MASTER_MASK_REG = I2CM_I2C_DEFAULT_INTR_MASTER_MASK;
ARM GAS  C:\Users\ddemidov\AppData\Local\Temp\ccMf89Zd.s 			page 6


 236:.\Generated_Source\PSoC4/I2CM_I2C.c ****         I2CM_INTR_RX_MASK_REG     = I2CM_I2C_DEFAULT_INTR_RX_MASK;
 237:.\Generated_Source\PSoC4/I2CM_I2C.c ****         I2CM_INTR_TX_MASK_REG     = I2CM_I2C_DEFAULT_INTR_TX_MASK;
 238:.\Generated_Source\PSoC4/I2CM_I2C.c **** 
 239:.\Generated_Source\PSoC4/I2CM_I2C.c ****         /* Configure global variables */
 240:.\Generated_Source\PSoC4/I2CM_I2C.c ****         I2CM_state = I2CM_I2C_FSM_IDLE;
 241:.\Generated_Source\PSoC4/I2CM_I2C.c **** 
 242:.\Generated_Source\PSoC4/I2CM_I2C.c ****     #if(I2CM_I2C_SLAVE)
 243:.\Generated_Source\PSoC4/I2CM_I2C.c ****         /* Internal slave variable */
 244:.\Generated_Source\PSoC4/I2CM_I2C.c ****         I2CM_slStatus        = 0u;
 245:.\Generated_Source\PSoC4/I2CM_I2C.c ****         I2CM_slRdBufIndex    = 0u;
 246:.\Generated_Source\PSoC4/I2CM_I2C.c ****         I2CM_slWrBufIndex    = 0u;
 247:.\Generated_Source\PSoC4/I2CM_I2C.c ****         I2CM_slOverFlowCount = 0u;
 248:.\Generated_Source\PSoC4/I2CM_I2C.c ****     #endif /* (I2CM_I2C_SLAVE) */
 249:.\Generated_Source\PSoC4/I2CM_I2C.c **** 
 250:.\Generated_Source\PSoC4/I2CM_I2C.c ****     #if(I2CM_I2C_MASTER)
 251:.\Generated_Source\PSoC4/I2CM_I2C.c ****     /* Internal master variable */
 252:.\Generated_Source\PSoC4/I2CM_I2C.c ****         I2CM_mstrStatus     = 0u;
 253:.\Generated_Source\PSoC4/I2CM_I2C.c ****         I2CM_mstrRdBufIndex = 0u;
 254:.\Generated_Source\PSoC4/I2CM_I2C.c ****         I2CM_mstrWrBufIndex = 0u;
 255:.\Generated_Source\PSoC4/I2CM_I2C.c ****     #endif /* (I2CM_I2C_MASTER) */
 256:.\Generated_Source\PSoC4/I2CM_I2C.c ****     }
  48              		.loc 1 256 0
  49              		@ sp needed
 211:.\Generated_Source\PSoC4/I2CM_I2C.c ****         I2CM_RX_FIFO_CTRL_REG = I2CM_I2C_DEFAULT_RX_FIFO_CTRL;
  50              		.loc 1 211 0
  51 0014 1360     		str	r3, [r2]
 212:.\Generated_Source\PSoC4/I2CM_I2C.c **** 
  52              		.loc 1 212 0
  53 0016 1A4A     		ldr	r2, .L2+20
  54 0018 1460     		str	r4, [r2]
 215:.\Generated_Source\PSoC4/I2CM_I2C.c **** 
  55              		.loc 1 215 0
  56 001a 1A4A     		ldr	r2, .L2+24
  57 001c 1460     		str	r4, [r2]
 218:.\Generated_Source\PSoC4/I2CM_I2C.c ****         I2CM_TX_FIFO_CTRL_REG = I2CM_I2C_DEFAULT_TX_FIFO_CTRL;
  58              		.loc 1 218 0
  59 001e 1A4A     		ldr	r2, .L2+28
  60 0020 1360     		str	r3, [r2]
 219:.\Generated_Source\PSoC4/I2CM_I2C.c **** 
  61              		.loc 1 219 0
  62 0022 1A4B     		ldr	r3, .L2+32
  63 0024 1C60     		str	r4, [r3]
 222:.\Generated_Source\PSoC4/I2CM_I2C.c ****         CyIntSetPriority(I2CM_ISR_NUMBER, I2CM_ISR_PRIORITY);
  64              		.loc 1 222 0
  65 0026 FFF7FEFF 		bl	CyIntDisable
  66              	.LVL0:
 223:.\Generated_Source\PSoC4/I2CM_I2C.c ****     #if(!I2CM_I2C_EXTERN_INTR_HANDLER)
  67              		.loc 1 223 0
  68 002a 0A20     		mov	r0, #10
  69 002c 0321     		mov	r1, #3
  70 002e FFF7FEFF 		bl	CyIntSetPriority
  71              	.LVL1:
 225:.\Generated_Source\PSoC4/I2CM_I2C.c ****     #endif /* (I2CM_I2C_EXTERN_INTR_HANDLER) */
  72              		.loc 1 225 0
  73 0032 1749     		ldr	r1, .L2+36
  74 0034 0A20     		mov	r0, #10
  75 0036 FFF7FEFF 		bl	CyIntSetVector
ARM GAS  C:\Users\ddemidov\AppData\Local\Temp\ccMf89Zd.s 			page 7


  76              	.LVL2:
 235:.\Generated_Source\PSoC4/I2CM_I2C.c ****         I2CM_INTR_RX_MASK_REG     = I2CM_I2C_DEFAULT_INTR_RX_MASK;
  77              		.loc 1 235 0
  78 003a 1422     		mov	r2, #20
 230:.\Generated_Source\PSoC4/I2CM_I2C.c ****     #endif /* (!I2CM_CY_SCBIP_V1) */
  79              		.loc 1 230 0
  80 003c 154B     		ldr	r3, .L2+40
 235:.\Generated_Source\PSoC4/I2CM_I2C.c ****         I2CM_INTR_RX_MASK_REG     = I2CM_I2C_DEFAULT_INTR_RX_MASK;
  81              		.loc 1 235 0
  82 003e FF32     		add	r2, r2, #255
 230:.\Generated_Source\PSoC4/I2CM_I2C.c ****     #endif /* (!I2CM_CY_SCBIP_V1) */
  83              		.loc 1 230 0
  84 0040 1C60     		str	r4, [r3]
 233:.\Generated_Source\PSoC4/I2CM_I2C.c ****         I2CM_INTR_SLAVE_MASK_REG  = I2CM_I2C_DEFAULT_INTR_SLAVE_MASK;
  85              		.loc 1 233 0
  86 0042 154B     		ldr	r3, .L2+44
  87 0044 1C60     		str	r4, [r3]
 234:.\Generated_Source\PSoC4/I2CM_I2C.c ****         I2CM_INTR_MASTER_MASK_REG = I2CM_I2C_DEFAULT_INTR_MASTER_MASK;
  88              		.loc 1 234 0
  89 0046 154B     		ldr	r3, .L2+48
  90 0048 1C60     		str	r4, [r3]
 235:.\Generated_Source\PSoC4/I2CM_I2C.c ****         I2CM_INTR_RX_MASK_REG     = I2CM_I2C_DEFAULT_INTR_RX_MASK;
  91              		.loc 1 235 0
  92 004a 154B     		ldr	r3, .L2+52
  93 004c 1A60     		str	r2, [r3]
 236:.\Generated_Source\PSoC4/I2CM_I2C.c ****         I2CM_INTR_TX_MASK_REG     = I2CM_I2C_DEFAULT_INTR_TX_MASK;
  94              		.loc 1 236 0
  95 004e 154B     		ldr	r3, .L2+56
 240:.\Generated_Source\PSoC4/I2CM_I2C.c **** 
  96              		.loc 1 240 0
  97 0050 043A     		sub	r2, r2, #4
 236:.\Generated_Source\PSoC4/I2CM_I2C.c ****         I2CM_INTR_TX_MASK_REG     = I2CM_I2C_DEFAULT_INTR_TX_MASK;
  98              		.loc 1 236 0
  99 0052 1C60     		str	r4, [r3]
 237:.\Generated_Source\PSoC4/I2CM_I2C.c **** 
 100              		.loc 1 237 0
 101 0054 144B     		ldr	r3, .L2+60
 240:.\Generated_Source\PSoC4/I2CM_I2C.c **** 
 102              		.loc 1 240 0
 103 0056 FF3A     		sub	r2, r2, #255
 237:.\Generated_Source\PSoC4/I2CM_I2C.c **** 
 104              		.loc 1 237 0
 105 0058 1C60     		str	r4, [r3]
 240:.\Generated_Source\PSoC4/I2CM_I2C.c **** 
 106              		.loc 1 240 0
 107 005a 144B     		ldr	r3, .L2+64
 108 005c 1A70     		strb	r2, [r3]
 252:.\Generated_Source\PSoC4/I2CM_I2C.c ****         I2CM_mstrRdBufIndex = 0u;
 109              		.loc 1 252 0
 110 005e 144B     		ldr	r3, .L2+68
 111 0060 1C80     		strh	r4, [r3]
 253:.\Generated_Source\PSoC4/I2CM_I2C.c ****         I2CM_mstrWrBufIndex = 0u;
 112              		.loc 1 253 0
 113 0062 144B     		ldr	r3, .L2+72
 114 0064 1C60     		str	r4, [r3]
 254:.\Generated_Source\PSoC4/I2CM_I2C.c ****     #endif /* (I2CM_I2C_MASTER) */
 115              		.loc 1 254 0
ARM GAS  C:\Users\ddemidov\AppData\Local\Temp\ccMf89Zd.s 			page 8


 116 0066 144B     		ldr	r3, .L2+76
 117 0068 1C60     		str	r4, [r3]
 118              		.loc 1 256 0
 119 006a 10BD     		pop	{r4, pc}
 120              	.L3:
 121              		.align	2
 122              	.L2:
 123 006c 00002540 		.word	1076166656
 124 0070 77080080 		.word	-2147481481
 125 0074 60002540 		.word	1076166752
 126 0078 07010080 		.word	-2147483385
 127 007c 00032540 		.word	1076167424
 128 0080 04032540 		.word	1076167428
 129 0084 10032540 		.word	1076167440
 130 0088 00022540 		.word	1076167168
 131 008c 04022540 		.word	1076167172
 132 0090 00000000 		.word	I2CM_I2C_ISR
 133 0094 C80E2540 		.word	1076170440
 134 0098 880E2540 		.word	1076170376
 135 009c 480F2540 		.word	1076170568
 136 00a0 080F2540 		.word	1076170504
 137 00a4 C80F2540 		.word	1076170696
 138 00a8 880F2540 		.word	1076170632
 139 00ac 00000000 		.word	I2CM_state
 140 00b0 00000000 		.word	I2CM_mstrStatus
 141 00b4 00000000 		.word	I2CM_mstrRdBufIndex
 142 00b8 00000000 		.word	I2CM_mstrWrBufIndex
 143              		.cfi_endproc
 144              	.LFE2:
 145              		.size	I2CM_I2CInit, .-I2CM_I2CInit
 146              		.section	.text.I2CM_I2CStop,"ax",%progbits
 147              		.align	1
 148              		.global	I2CM_I2CStop
 149              		.code	16
 150              		.thumb_func
 151              		.type	I2CM_I2CStop, %function
 152              	I2CM_I2CStop:
 153              	.LFB3:
 257:.\Generated_Source\PSoC4/I2CM_I2C.c **** #endif /* (I2CM_SCB_MODE_UNCONFIG_CONST_CFG) */
 258:.\Generated_Source\PSoC4/I2CM_I2C.c **** 
 259:.\Generated_Source\PSoC4/I2CM_I2C.c **** 
 260:.\Generated_Source\PSoC4/I2CM_I2C.c **** /*******************************************************************************
 261:.\Generated_Source\PSoC4/I2CM_I2C.c **** * Function Name: I2CM_I2CStop
 262:.\Generated_Source\PSoC4/I2CM_I2C.c **** ********************************************************************************
 263:.\Generated_Source\PSoC4/I2CM_I2C.c **** *
 264:.\Generated_Source\PSoC4/I2CM_I2C.c **** * Summary:
 265:.\Generated_Source\PSoC4/I2CM_I2C.c **** *  Resets the I2C FSM into the default state.
 266:.\Generated_Source\PSoC4/I2CM_I2C.c **** *
 267:.\Generated_Source\PSoC4/I2CM_I2C.c **** * Parameters:
 268:.\Generated_Source\PSoC4/I2CM_I2C.c **** *  None
 269:.\Generated_Source\PSoC4/I2CM_I2C.c **** *
 270:.\Generated_Source\PSoC4/I2CM_I2C.c **** * Return:
 271:.\Generated_Source\PSoC4/I2CM_I2C.c **** *  None
 272:.\Generated_Source\PSoC4/I2CM_I2C.c **** *
 273:.\Generated_Source\PSoC4/I2CM_I2C.c **** *******************************************************************************/
 274:.\Generated_Source\PSoC4/I2CM_I2C.c **** void I2CM_I2CStop(void)
 275:.\Generated_Source\PSoC4/I2CM_I2C.c **** {
ARM GAS  C:\Users\ddemidov\AppData\Local\Temp\ccMf89Zd.s 			page 9


 154              		.loc 1 275 0
 155              		.cfi_startproc
 276:.\Generated_Source\PSoC4/I2CM_I2C.c ****     I2CM_state = I2CM_I2C_FSM_IDLE;
 156              		.loc 1 276 0
 157 0000 1022     		mov	r2, #16
 158 0002 014B     		ldr	r3, .L5
 277:.\Generated_Source\PSoC4/I2CM_I2C.c **** }
 159              		.loc 1 277 0
 160              		@ sp needed
 276:.\Generated_Source\PSoC4/I2CM_I2C.c ****     I2CM_state = I2CM_I2C_FSM_IDLE;
 161              		.loc 1 276 0
 162 0004 1A70     		strb	r2, [r3]
 163              		.loc 1 277 0
 164 0006 7047     		bx	lr
 165              	.L6:
 166              		.align	2
 167              	.L5:
 168 0008 00000000 		.word	I2CM_state
 169              		.cfi_endproc
 170              	.LFE3:
 171              		.size	I2CM_I2CStop, .-I2CM_I2CStop
 172              		.comm	I2CM_state,1,1
 173              		.text
 174              	.Letext0:
 175              		.file 2 "Generated_Source\\PSoC4/cytypes.h"
 176              		.file 3 ".\\Generated_Source\\PSoC4\\I2CM_I2C_PVT.h"
 177              		.file 4 "Generated_Source\\PSoC4/CyLib.h"
 178              		.section	.debug_info,"",%progbits
 179              	.Ldebug_info0:
 180 0000 A7010000 		.4byte	0x1a7
 181 0004 0400     		.2byte	0x4
 182 0006 00000000 		.4byte	.Ldebug_abbrev0
 183 000a 04       		.byte	0x4
 184 000b 01       		.uleb128 0x1
 185 000c 13000000 		.4byte	.LASF25
 186 0010 01       		.byte	0x1
 187 0011 06010000 		.4byte	.LASF26
 188 0015 99010000 		.4byte	.LASF27
 189 0019 00000000 		.4byte	.Ldebug_ranges0+0
 190 001d 00000000 		.4byte	0
 191 0021 00000000 		.4byte	.Ldebug_line0
 192 0025 02       		.uleb128 0x2
 193 0026 01       		.byte	0x1
 194 0027 06       		.byte	0x6
 195 0028 3F020000 		.4byte	.LASF0
 196 002c 02       		.uleb128 0x2
 197 002d 01       		.byte	0x1
 198 002e 08       		.byte	0x8
 199 002f F8000000 		.4byte	.LASF1
 200 0033 02       		.uleb128 0x2
 201 0034 02       		.byte	0x2
 202 0035 05       		.byte	0x5
 203 0036 2C020000 		.4byte	.LASF2
 204 003a 02       		.uleb128 0x2
 205 003b 02       		.byte	0x2
 206 003c 07       		.byte	0x7
 207 003d C4000000 		.4byte	.LASF3
ARM GAS  C:\Users\ddemidov\AppData\Local\Temp\ccMf89Zd.s 			page 10


 208 0041 02       		.uleb128 0x2
 209 0042 04       		.byte	0x4
 210 0043 05       		.byte	0x5
 211 0044 36020000 		.4byte	.LASF4
 212 0048 02       		.uleb128 0x2
 213 0049 04       		.byte	0x4
 214 004a 07       		.byte	0x7
 215 004b 2A010000 		.4byte	.LASF5
 216 004f 02       		.uleb128 0x2
 217 0050 08       		.byte	0x8
 218 0051 05       		.byte	0x5
 219 0052 F8010000 		.4byte	.LASF6
 220 0056 02       		.uleb128 0x2
 221 0057 08       		.byte	0x8
 222 0058 07       		.byte	0x7
 223 0059 71010000 		.4byte	.LASF7
 224 005d 03       		.uleb128 0x3
 225 005e 04       		.byte	0x4
 226 005f 05       		.byte	0x5
 227 0060 696E7400 		.ascii	"int\000"
 228 0064 02       		.uleb128 0x2
 229 0065 04       		.byte	0x4
 230 0066 07       		.byte	0x7
 231 0067 64010000 		.4byte	.LASF8
 232 006b 04       		.uleb128 0x4
 233 006c 3C010000 		.4byte	.LASF9
 234 0070 02       		.byte	0x2
 235 0071 3801     		.2byte	0x138
 236 0073 2C000000 		.4byte	0x2c
 237 0077 04       		.uleb128 0x4
 238 0078 49010000 		.4byte	.LASF10
 239 007c 02       		.byte	0x2
 240 007d 3901     		.2byte	0x139
 241 007f 3A000000 		.4byte	0x3a
 242 0083 04       		.uleb128 0x4
 243 0084 5D010000 		.4byte	.LASF11
 244 0088 02       		.byte	0x2
 245 0089 3A01     		.2byte	0x13a
 246 008b 48000000 		.4byte	0x48
 247 008f 02       		.uleb128 0x2
 248 0090 04       		.byte	0x4
 249 0091 04       		.byte	0x4
 250 0092 F2000000 		.4byte	.LASF12
 251 0096 02       		.uleb128 0x2
 252 0097 08       		.byte	0x8
 253 0098 04       		.byte	0x4
 254 0099 42010000 		.4byte	.LASF13
 255 009d 02       		.uleb128 0x2
 256 009e 01       		.byte	0x1
 257 009f 08       		.byte	0x8
 258 00a0 1A020000 		.4byte	.LASF14
 259 00a4 05       		.uleb128 0x5
 260 00a5 6B000000 		.4byte	0x6b
 261 00a9 05       		.uleb128 0x5
 262 00aa 77000000 		.4byte	0x77
 263 00ae 04       		.uleb128 0x4
 264 00af 00000000 		.4byte	.LASF15
ARM GAS  C:\Users\ddemidov\AppData\Local\Temp\ccMf89Zd.s 			page 11


 265 00b3 02       		.byte	0x2
 266 00b4 E401     		.2byte	0x1e4
 267 00b6 BA000000 		.4byte	0xba
 268 00ba 05       		.uleb128 0x5
 269 00bb 83000000 		.4byte	0x83
 270 00bf 04       		.uleb128 0x4
 271 00c0 50010000 		.4byte	.LASF16
 272 00c4 02       		.byte	0x2
 273 00c5 F401     		.2byte	0x1f4
 274 00c7 CB000000 		.4byte	0xcb
 275 00cb 06       		.uleb128 0x6
 276 00cc 04       		.byte	0x4
 277 00cd D1000000 		.4byte	0xd1
 278 00d1 07       		.uleb128 0x7
 279 00d2 02       		.uleb128 0x2
 280 00d3 04       		.byte	0x4
 281 00d4 07       		.byte	0x7
 282 00d5 E2010000 		.4byte	.LASF17
 283 00d9 08       		.uleb128 0x8
 284 00da 06000000 		.4byte	.LASF28
 285 00de 01       		.byte	0x1
 286 00df C4       		.byte	0xc4
 287 00e0 00000000 		.4byte	.LFB2
 288 00e4 BC000000 		.4byte	.LFE2-.LFB2
 289 00e8 01       		.uleb128 0x1
 290 00e9 9C       		.byte	0x9c
 291 00ea 29010000 		.4byte	0x129
 292 00ee 09       		.uleb128 0x9
 293 00ef 2A000000 		.4byte	.LVL0
 294 00f3 6D010000 		.4byte	0x16d
 295 00f7 01010000 		.4byte	0x101
 296 00fb 0A       		.uleb128 0xa
 297 00fc 01       		.uleb128 0x1
 298 00fd 50       		.byte	0x50
 299 00fe 01       		.uleb128 0x1
 300 00ff 3A       		.byte	0x3a
 301 0100 00       		.byte	0
 302 0101 09       		.uleb128 0x9
 303 0102 32000000 		.4byte	.LVL1
 304 0106 7E010000 		.4byte	0x17e
 305 010a 19010000 		.4byte	0x119
 306 010e 0A       		.uleb128 0xa
 307 010f 01       		.uleb128 0x1
 308 0110 51       		.byte	0x51
 309 0111 01       		.uleb128 0x1
 310 0112 33       		.byte	0x33
 311 0113 0A       		.uleb128 0xa
 312 0114 01       		.uleb128 0x1
 313 0115 50       		.byte	0x50
 314 0116 01       		.uleb128 0x1
 315 0117 3A       		.byte	0x3a
 316 0118 00       		.byte	0
 317 0119 0B       		.uleb128 0xb
 318 011a 3A000000 		.4byte	.LVL2
 319 011e 94010000 		.4byte	0x194
 320 0122 0A       		.uleb128 0xa
 321 0123 01       		.uleb128 0x1
ARM GAS  C:\Users\ddemidov\AppData\Local\Temp\ccMf89Zd.s 			page 12


 322 0124 50       		.byte	0x50
 323 0125 01       		.uleb128 0x1
 324 0126 3A       		.byte	0x3a
 325 0127 00       		.byte	0
 326 0128 00       		.byte	0
 327 0129 0C       		.uleb128 0xc
 328 012a EB010000 		.4byte	.LASF29
 329 012e 01       		.byte	0x1
 330 012f 1201     		.2byte	0x112
 331 0131 00000000 		.4byte	.LFB3
 332 0135 0C000000 		.4byte	.LFE3-.LFB3
 333 0139 01       		.uleb128 0x1
 334 013a 9C       		.byte	0x9c
 335 013b 0D       		.uleb128 0xd
 336 013c D7000000 		.4byte	.LASF18
 337 0140 01       		.byte	0x1
 338 0141 1A       		.byte	0x1a
 339 0142 A4000000 		.4byte	0xa4
 340 0146 05       		.uleb128 0x5
 341 0147 03       		.byte	0x3
 342 0148 00000000 		.4byte	I2CM_state
 343 014c 0E       		.uleb128 0xe
 344 014d E2000000 		.4byte	.LASF19
 345 0151 03       		.byte	0x3
 346 0152 30       		.byte	0x30
 347 0153 A9000000 		.4byte	0xa9
 348 0157 0E       		.uleb128 0xe
 349 0158 A1000000 		.4byte	.LASF20
 350 015c 03       		.byte	0x3
 351 015d 36       		.byte	0x36
 352 015e BA000000 		.4byte	0xba
 353 0162 0E       		.uleb128 0xe
 354 0163 06020000 		.4byte	.LASF21
 355 0167 03       		.byte	0x3
 356 0168 3B       		.byte	0x3b
 357 0169 BA000000 		.4byte	0xba
 358 016d 0F       		.uleb128 0xf
 359 016e 1F020000 		.4byte	.LASF22
 360 0172 04       		.byte	0x4
 361 0173 51       		.byte	0x51
 362 0174 7E010000 		.4byte	0x17e
 363 0178 10       		.uleb128 0x10
 364 0179 6B000000 		.4byte	0x6b
 365 017d 00       		.byte	0
 366 017e 0F       		.uleb128 0xf
 367 017f 88010000 		.4byte	.LASF23
 368 0183 04       		.byte	0x4
 369 0184 4C       		.byte	0x4c
 370 0185 94010000 		.4byte	0x194
 371 0189 10       		.uleb128 0x10
 372 018a 6B000000 		.4byte	0x6b
 373 018e 10       		.uleb128 0x10
 374 018f 6B000000 		.4byte	0x6b
 375 0193 00       		.byte	0
 376 0194 11       		.uleb128 0x11
 377 0195 B5000000 		.4byte	.LASF24
 378 0199 04       		.byte	0x4
ARM GAS  C:\Users\ddemidov\AppData\Local\Temp\ccMf89Zd.s 			page 13


 379 019a 49       		.byte	0x49
 380 019b BF000000 		.4byte	0xbf
 381 019f 10       		.uleb128 0x10
 382 01a0 6B000000 		.4byte	0x6b
 383 01a4 10       		.uleb128 0x10
 384 01a5 BF000000 		.4byte	0xbf
 385 01a9 00       		.byte	0
 386 01aa 00       		.byte	0
 387              		.section	.debug_abbrev,"",%progbits
 388              	.Ldebug_abbrev0:
 389 0000 01       		.uleb128 0x1
 390 0001 11       		.uleb128 0x11
 391 0002 01       		.byte	0x1
 392 0003 25       		.uleb128 0x25
 393 0004 0E       		.uleb128 0xe
 394 0005 13       		.uleb128 0x13
 395 0006 0B       		.uleb128 0xb
 396 0007 03       		.uleb128 0x3
 397 0008 0E       		.uleb128 0xe
 398 0009 1B       		.uleb128 0x1b
 399 000a 0E       		.uleb128 0xe
 400 000b 55       		.uleb128 0x55
 401 000c 17       		.uleb128 0x17
 402 000d 11       		.uleb128 0x11
 403 000e 01       		.uleb128 0x1
 404 000f 10       		.uleb128 0x10
 405 0010 17       		.uleb128 0x17
 406 0011 00       		.byte	0
 407 0012 00       		.byte	0
 408 0013 02       		.uleb128 0x2
 409 0014 24       		.uleb128 0x24
 410 0015 00       		.byte	0
 411 0016 0B       		.uleb128 0xb
 412 0017 0B       		.uleb128 0xb
 413 0018 3E       		.uleb128 0x3e
 414 0019 0B       		.uleb128 0xb
 415 001a 03       		.uleb128 0x3
 416 001b 0E       		.uleb128 0xe
 417 001c 00       		.byte	0
 418 001d 00       		.byte	0
 419 001e 03       		.uleb128 0x3
 420 001f 24       		.uleb128 0x24
 421 0020 00       		.byte	0
 422 0021 0B       		.uleb128 0xb
 423 0022 0B       		.uleb128 0xb
 424 0023 3E       		.uleb128 0x3e
 425 0024 0B       		.uleb128 0xb
 426 0025 03       		.uleb128 0x3
 427 0026 08       		.uleb128 0x8
 428 0027 00       		.byte	0
 429 0028 00       		.byte	0
 430 0029 04       		.uleb128 0x4
 431 002a 16       		.uleb128 0x16
 432 002b 00       		.byte	0
 433 002c 03       		.uleb128 0x3
 434 002d 0E       		.uleb128 0xe
 435 002e 3A       		.uleb128 0x3a
ARM GAS  C:\Users\ddemidov\AppData\Local\Temp\ccMf89Zd.s 			page 14


 436 002f 0B       		.uleb128 0xb
 437 0030 3B       		.uleb128 0x3b
 438 0031 05       		.uleb128 0x5
 439 0032 49       		.uleb128 0x49
 440 0033 13       		.uleb128 0x13
 441 0034 00       		.byte	0
 442 0035 00       		.byte	0
 443 0036 05       		.uleb128 0x5
 444 0037 35       		.uleb128 0x35
 445 0038 00       		.byte	0
 446 0039 49       		.uleb128 0x49
 447 003a 13       		.uleb128 0x13
 448 003b 00       		.byte	0
 449 003c 00       		.byte	0
 450 003d 06       		.uleb128 0x6
 451 003e 0F       		.uleb128 0xf
 452 003f 00       		.byte	0
 453 0040 0B       		.uleb128 0xb
 454 0041 0B       		.uleb128 0xb
 455 0042 49       		.uleb128 0x49
 456 0043 13       		.uleb128 0x13
 457 0044 00       		.byte	0
 458 0045 00       		.byte	0
 459 0046 07       		.uleb128 0x7
 460 0047 15       		.uleb128 0x15
 461 0048 00       		.byte	0
 462 0049 27       		.uleb128 0x27
 463 004a 19       		.uleb128 0x19
 464 004b 00       		.byte	0
 465 004c 00       		.byte	0
 466 004d 08       		.uleb128 0x8
 467 004e 2E       		.uleb128 0x2e
 468 004f 01       		.byte	0x1
 469 0050 3F       		.uleb128 0x3f
 470 0051 19       		.uleb128 0x19
 471 0052 03       		.uleb128 0x3
 472 0053 0E       		.uleb128 0xe
 473 0054 3A       		.uleb128 0x3a
 474 0055 0B       		.uleb128 0xb
 475 0056 3B       		.uleb128 0x3b
 476 0057 0B       		.uleb128 0xb
 477 0058 27       		.uleb128 0x27
 478 0059 19       		.uleb128 0x19
 479 005a 11       		.uleb128 0x11
 480 005b 01       		.uleb128 0x1
 481 005c 12       		.uleb128 0x12
 482 005d 06       		.uleb128 0x6
 483 005e 40       		.uleb128 0x40
 484 005f 18       		.uleb128 0x18
 485 0060 9742     		.uleb128 0x2117
 486 0062 19       		.uleb128 0x19
 487 0063 01       		.uleb128 0x1
 488 0064 13       		.uleb128 0x13
 489 0065 00       		.byte	0
 490 0066 00       		.byte	0
 491 0067 09       		.uleb128 0x9
 492 0068 898201   		.uleb128 0x4109
ARM GAS  C:\Users\ddemidov\AppData\Local\Temp\ccMf89Zd.s 			page 15


 493 006b 01       		.byte	0x1
 494 006c 11       		.uleb128 0x11
 495 006d 01       		.uleb128 0x1
 496 006e 31       		.uleb128 0x31
 497 006f 13       		.uleb128 0x13
 498 0070 01       		.uleb128 0x1
 499 0071 13       		.uleb128 0x13
 500 0072 00       		.byte	0
 501 0073 00       		.byte	0
 502 0074 0A       		.uleb128 0xa
 503 0075 8A8201   		.uleb128 0x410a
 504 0078 00       		.byte	0
 505 0079 02       		.uleb128 0x2
 506 007a 18       		.uleb128 0x18
 507 007b 9142     		.uleb128 0x2111
 508 007d 18       		.uleb128 0x18
 509 007e 00       		.byte	0
 510 007f 00       		.byte	0
 511 0080 0B       		.uleb128 0xb
 512 0081 898201   		.uleb128 0x4109
 513 0084 01       		.byte	0x1
 514 0085 11       		.uleb128 0x11
 515 0086 01       		.uleb128 0x1
 516 0087 31       		.uleb128 0x31
 517 0088 13       		.uleb128 0x13
 518 0089 00       		.byte	0
 519 008a 00       		.byte	0
 520 008b 0C       		.uleb128 0xc
 521 008c 2E       		.uleb128 0x2e
 522 008d 00       		.byte	0
 523 008e 3F       		.uleb128 0x3f
 524 008f 19       		.uleb128 0x19
 525 0090 03       		.uleb128 0x3
 526 0091 0E       		.uleb128 0xe
 527 0092 3A       		.uleb128 0x3a
 528 0093 0B       		.uleb128 0xb
 529 0094 3B       		.uleb128 0x3b
 530 0095 05       		.uleb128 0x5
 531 0096 27       		.uleb128 0x27
 532 0097 19       		.uleb128 0x19
 533 0098 11       		.uleb128 0x11
 534 0099 01       		.uleb128 0x1
 535 009a 12       		.uleb128 0x12
 536 009b 06       		.uleb128 0x6
 537 009c 40       		.uleb128 0x40
 538 009d 18       		.uleb128 0x18
 539 009e 9742     		.uleb128 0x2117
 540 00a0 19       		.uleb128 0x19
 541 00a1 00       		.byte	0
 542 00a2 00       		.byte	0
 543 00a3 0D       		.uleb128 0xd
 544 00a4 34       		.uleb128 0x34
 545 00a5 00       		.byte	0
 546 00a6 03       		.uleb128 0x3
 547 00a7 0E       		.uleb128 0xe
 548 00a8 3A       		.uleb128 0x3a
 549 00a9 0B       		.uleb128 0xb
ARM GAS  C:\Users\ddemidov\AppData\Local\Temp\ccMf89Zd.s 			page 16


 550 00aa 3B       		.uleb128 0x3b
 551 00ab 0B       		.uleb128 0xb
 552 00ac 49       		.uleb128 0x49
 553 00ad 13       		.uleb128 0x13
 554 00ae 3F       		.uleb128 0x3f
 555 00af 19       		.uleb128 0x19
 556 00b0 02       		.uleb128 0x2
 557 00b1 18       		.uleb128 0x18
 558 00b2 00       		.byte	0
 559 00b3 00       		.byte	0
 560 00b4 0E       		.uleb128 0xe
 561 00b5 34       		.uleb128 0x34
 562 00b6 00       		.byte	0
 563 00b7 03       		.uleb128 0x3
 564 00b8 0E       		.uleb128 0xe
 565 00b9 3A       		.uleb128 0x3a
 566 00ba 0B       		.uleb128 0xb
 567 00bb 3B       		.uleb128 0x3b
 568 00bc 0B       		.uleb128 0xb
 569 00bd 49       		.uleb128 0x49
 570 00be 13       		.uleb128 0x13
 571 00bf 3F       		.uleb128 0x3f
 572 00c0 19       		.uleb128 0x19
 573 00c1 3C       		.uleb128 0x3c
 574 00c2 19       		.uleb128 0x19
 575 00c3 00       		.byte	0
 576 00c4 00       		.byte	0
 577 00c5 0F       		.uleb128 0xf
 578 00c6 2E       		.uleb128 0x2e
 579 00c7 01       		.byte	0x1
 580 00c8 3F       		.uleb128 0x3f
 581 00c9 19       		.uleb128 0x19
 582 00ca 03       		.uleb128 0x3
 583 00cb 0E       		.uleb128 0xe
 584 00cc 3A       		.uleb128 0x3a
 585 00cd 0B       		.uleb128 0xb
 586 00ce 3B       		.uleb128 0x3b
 587 00cf 0B       		.uleb128 0xb
 588 00d0 27       		.uleb128 0x27
 589 00d1 19       		.uleb128 0x19
 590 00d2 3C       		.uleb128 0x3c
 591 00d3 19       		.uleb128 0x19
 592 00d4 01       		.uleb128 0x1
 593 00d5 13       		.uleb128 0x13
 594 00d6 00       		.byte	0
 595 00d7 00       		.byte	0
 596 00d8 10       		.uleb128 0x10
 597 00d9 05       		.uleb128 0x5
 598 00da 00       		.byte	0
 599 00db 49       		.uleb128 0x49
 600 00dc 13       		.uleb128 0x13
 601 00dd 00       		.byte	0
 602 00de 00       		.byte	0
 603 00df 11       		.uleb128 0x11
 604 00e0 2E       		.uleb128 0x2e
 605 00e1 01       		.byte	0x1
 606 00e2 3F       		.uleb128 0x3f
ARM GAS  C:\Users\ddemidov\AppData\Local\Temp\ccMf89Zd.s 			page 17


 607 00e3 19       		.uleb128 0x19
 608 00e4 03       		.uleb128 0x3
 609 00e5 0E       		.uleb128 0xe
 610 00e6 3A       		.uleb128 0x3a
 611 00e7 0B       		.uleb128 0xb
 612 00e8 3B       		.uleb128 0x3b
 613 00e9 0B       		.uleb128 0xb
 614 00ea 27       		.uleb128 0x27
 615 00eb 19       		.uleb128 0x19
 616 00ec 49       		.uleb128 0x49
 617 00ed 13       		.uleb128 0x13
 618 00ee 3C       		.uleb128 0x3c
 619 00ef 19       		.uleb128 0x19
 620 00f0 00       		.byte	0
 621 00f1 00       		.byte	0
 622 00f2 00       		.byte	0
 623              		.section	.debug_aranges,"",%progbits
 624 0000 24000000 		.4byte	0x24
 625 0004 0200     		.2byte	0x2
 626 0006 00000000 		.4byte	.Ldebug_info0
 627 000a 04       		.byte	0x4
 628 000b 00       		.byte	0
 629 000c 0000     		.2byte	0
 630 000e 0000     		.2byte	0
 631 0010 00000000 		.4byte	.LFB2
 632 0014 BC000000 		.4byte	.LFE2-.LFB2
 633 0018 00000000 		.4byte	.LFB3
 634 001c 0C000000 		.4byte	.LFE3-.LFB3
 635 0020 00000000 		.4byte	0
 636 0024 00000000 		.4byte	0
 637              		.section	.debug_ranges,"",%progbits
 638              	.Ldebug_ranges0:
 639 0000 00000000 		.4byte	.LFB2
 640 0004 BC000000 		.4byte	.LFE2
 641 0008 00000000 		.4byte	.LFB3
 642 000c 0C000000 		.4byte	.LFE3
 643 0010 00000000 		.4byte	0
 644 0014 00000000 		.4byte	0
 645              		.section	.debug_line,"",%progbits
 646              	.Ldebug_line0:
 647 0000 D5000000 		.section	.debug_str,"MS",%progbits,1
 647      02007B00 
 647      00000201 
 647      FB0E0D00 
 647      01010101 
 648              	.LASF15:
 649 0000 72656733 		.ascii	"reg32\000"
 649      3200
 650              	.LASF28:
 651 0006 4932434D 		.ascii	"I2CM_I2CInit\000"
 651      5F493243 
 651      496E6974 
 651      00
 652              	.LASF25:
 653 0013 474E5520 		.ascii	"GNU C 4.9.3 20150303 (release) [ARM/embedded-4_9-br"
 653      4320342E 
 653      392E3320 
ARM GAS  C:\Users\ddemidov\AppData\Local\Temp\ccMf89Zd.s 			page 18


 653      32303135 
 653      30333033 
 654 0046 616E6368 		.ascii	"anch revision 221220] -mcpu=cortex-m0 -mthumb -g -O"
 654      20726576 
 654      6973696F 
 654      6E203232 
 654      31323230 
 655 0079 73202D66 		.ascii	"s -ffunction-sections -ffat-lto-objects\000"
 655      66756E63 
 655      74696F6E 
 655      2D736563 
 655      74696F6E 
 656              	.LASF20:
 657 00a1 4932434D 		.ascii	"I2CM_mstrRdBufIndex\000"
 657      5F6D7374 
 657      72526442 
 657      7566496E 
 657      64657800 
 658              	.LASF24:
 659 00b5 4379496E 		.ascii	"CyIntSetVector\000"
 659      74536574 
 659      56656374 
 659      6F7200
 660              	.LASF3:
 661 00c4 73686F72 		.ascii	"short unsigned int\000"
 661      7420756E 
 661      7369676E 
 661      65642069 
 661      6E7400
 662              	.LASF18:
 663 00d7 4932434D 		.ascii	"I2CM_state\000"
 663      5F737461 
 663      746500
 664              	.LASF19:
 665 00e2 4932434D 		.ascii	"I2CM_mstrStatus\000"
 665      5F6D7374 
 665      72537461 
 665      74757300 
 666              	.LASF12:
 667 00f2 666C6F61 		.ascii	"float\000"
 667      7400
 668              	.LASF1:
 669 00f8 756E7369 		.ascii	"unsigned char\000"
 669      676E6564 
 669      20636861 
 669      7200
 670              	.LASF26:
 671 0106 2E5C4765 		.ascii	".\\Generated_Source\\PSoC4\\I2CM_I2C.c\000"
 671      6E657261 
 671      7465645F 
 671      536F7572 
 671      63655C50 
 672              	.LASF5:
 673 012a 6C6F6E67 		.ascii	"long unsigned int\000"
 673      20756E73 
 673      69676E65 
 673      6420696E 
ARM GAS  C:\Users\ddemidov\AppData\Local\Temp\ccMf89Zd.s 			page 19


 673      7400
 674              	.LASF9:
 675 013c 75696E74 		.ascii	"uint8\000"
 675      3800
 676              	.LASF13:
 677 0142 646F7562 		.ascii	"double\000"
 677      6C6500
 678              	.LASF10:
 679 0149 75696E74 		.ascii	"uint16\000"
 679      313600
 680              	.LASF16:
 681 0150 63796973 		.ascii	"cyisraddress\000"
 681      72616464 
 681      72657373 
 681      00
 682              	.LASF11:
 683 015d 75696E74 		.ascii	"uint32\000"
 683      333200
 684              	.LASF8:
 685 0164 756E7369 		.ascii	"unsigned int\000"
 685      676E6564 
 685      20696E74 
 685      00
 686              	.LASF7:
 687 0171 6C6F6E67 		.ascii	"long long unsigned int\000"
 687      206C6F6E 
 687      6720756E 
 687      7369676E 
 687      65642069 
 688              	.LASF23:
 689 0188 4379496E 		.ascii	"CyIntSetPriority\000"
 689      74536574 
 689      5072696F 
 689      72697479 
 689      00
 690              	.LASF27:
 691 0199 433A5C55 		.ascii	"C:\\Users\\ddemidov\\Documents\\PSoC Creator\\BLE_F"
 691      73657273 
 691      5C646465 
 691      6D69646F 
 691      765C446F 
 692 01c7 696E644D 		.ascii	"indMe01\\SenseAbility.cydsn\000"
 692      6530315C 
 692      53656E73 
 692      65416269 
 692      6C697479 
 693              	.LASF17:
 694 01e2 73697A65 		.ascii	"sizetype\000"
 694      74797065 
 694      00
 695              	.LASF29:
 696 01eb 4932434D 		.ascii	"I2CM_I2CStop\000"
 696      5F493243 
 696      53746F70 
 696      00
 697              	.LASF6:
 698 01f8 6C6F6E67 		.ascii	"long long int\000"
ARM GAS  C:\Users\ddemidov\AppData\Local\Temp\ccMf89Zd.s 			page 20


 698      206C6F6E 
 698      6720696E 
 698      7400
 699              	.LASF21:
 700 0206 4932434D 		.ascii	"I2CM_mstrWrBufIndex\000"
 700      5F6D7374 
 700      72577242 
 700      7566496E 
 700      64657800 
 701              	.LASF14:
 702 021a 63686172 		.ascii	"char\000"
 702      00
 703              	.LASF22:
 704 021f 4379496E 		.ascii	"CyIntDisable\000"
 704      74446973 
 704      61626C65 
 704      00
 705              	.LASF2:
 706 022c 73686F72 		.ascii	"short int\000"
 706      7420696E 
 706      7400
 707              	.LASF4:
 708 0236 6C6F6E67 		.ascii	"long int\000"
 708      20696E74 
 708      00
 709              	.LASF0:
 710 023f 7369676E 		.ascii	"signed char\000"
 710      65642063 
 710      68617200 
 711              		.ident	"GCC: (GNU Tools for ARM Embedded Processors) 4.9.3 20150303 (release) [ARM/embedded-4_9-br
