ARM GAS  C:\Users\ddemidov\AppData\Local\Temp\ccNP88qc.s 			page 1


   1              		.cpu cortex-m0
   2              		.fpu softvfp
   3              		.eabi_attribute 20, 1
   4              		.eabi_attribute 21, 1
   5              		.eabi_attribute 23, 3
   6              		.eabi_attribute 24, 1
   7              		.eabi_attribute 25, 1
   8              		.eabi_attribute 26, 1
   9              		.eabi_attribute 30, 4
  10              		.eabi_attribute 34, 0
  11              		.eabi_attribute 18, 4
  12              		.code	16
  13              		.file	"I2CM_PM.c"
  14              		.text
  15              	.Ltext0:
  16              		.cfi_sections	.debug_frame
  17              		.section	.text.I2CM_Sleep,"ax",%progbits
  18              		.align	1
  19              		.global	I2CM_Sleep
  20              		.code	16
  21              		.thumb_func
  22              		.type	I2CM_Sleep, %function
  23              	I2CM_Sleep:
  24              	.LFB2:
  25              		.file 1 ".\\Generated_Source\\PSoC4\\I2CM_PM.c"
   1:.\Generated_Source\PSoC4/I2CM_PM.c **** /*******************************************************************************
   2:.\Generated_Source\PSoC4/I2CM_PM.c **** * File Name: I2CM_PM.c
   3:.\Generated_Source\PSoC4/I2CM_PM.c **** * Version 3.0
   4:.\Generated_Source\PSoC4/I2CM_PM.c **** *
   5:.\Generated_Source\PSoC4/I2CM_PM.c **** * Description:
   6:.\Generated_Source\PSoC4/I2CM_PM.c **** *  This file provides the source code to the Power Management support for
   7:.\Generated_Source\PSoC4/I2CM_PM.c **** *  the SCB Component.
   8:.\Generated_Source\PSoC4/I2CM_PM.c **** *
   9:.\Generated_Source\PSoC4/I2CM_PM.c **** * Note:
  10:.\Generated_Source\PSoC4/I2CM_PM.c **** *
  11:.\Generated_Source\PSoC4/I2CM_PM.c **** ********************************************************************************
  12:.\Generated_Source\PSoC4/I2CM_PM.c **** * Copyright 2013-2015, Cypress Semiconductor Corporation.  All rights reserved.
  13:.\Generated_Source\PSoC4/I2CM_PM.c **** * You may use this file only in accordance with the license, terms, conditions,
  14:.\Generated_Source\PSoC4/I2CM_PM.c **** * disclaimers, and limitations in the end user license agreement accompanying
  15:.\Generated_Source\PSoC4/I2CM_PM.c **** * the software package with which this file was provided.
  16:.\Generated_Source\PSoC4/I2CM_PM.c **** *******************************************************************************/
  17:.\Generated_Source\PSoC4/I2CM_PM.c **** 
  18:.\Generated_Source\PSoC4/I2CM_PM.c **** #include "I2CM.h"
  19:.\Generated_Source\PSoC4/I2CM_PM.c **** #include "I2CM_PVT.h"
  20:.\Generated_Source\PSoC4/I2CM_PM.c **** 
  21:.\Generated_Source\PSoC4/I2CM_PM.c **** #if(I2CM_SCB_MODE_I2C_INC)
  22:.\Generated_Source\PSoC4/I2CM_PM.c ****     #include "I2CM_I2C_PVT.h"
  23:.\Generated_Source\PSoC4/I2CM_PM.c **** #endif /* (I2CM_SCB_MODE_I2C_INC) */
  24:.\Generated_Source\PSoC4/I2CM_PM.c **** 
  25:.\Generated_Source\PSoC4/I2CM_PM.c **** #if(I2CM_SCB_MODE_EZI2C_INC)
  26:.\Generated_Source\PSoC4/I2CM_PM.c ****     #include "I2CM_EZI2C_PVT.h"
  27:.\Generated_Source\PSoC4/I2CM_PM.c **** #endif /* (I2CM_SCB_MODE_EZI2C_INC) */
  28:.\Generated_Source\PSoC4/I2CM_PM.c **** 
  29:.\Generated_Source\PSoC4/I2CM_PM.c **** #if(I2CM_SCB_MODE_SPI_INC || I2CM_SCB_MODE_UART_INC)
  30:.\Generated_Source\PSoC4/I2CM_PM.c ****     #include "I2CM_SPI_UART_PVT.h"
  31:.\Generated_Source\PSoC4/I2CM_PM.c **** #endif /* (I2CM_SCB_MODE_SPI_INC || I2CM_SCB_MODE_UART_INC) */
  32:.\Generated_Source\PSoC4/I2CM_PM.c **** 
ARM GAS  C:\Users\ddemidov\AppData\Local\Temp\ccNP88qc.s 			page 2


  33:.\Generated_Source\PSoC4/I2CM_PM.c **** 
  34:.\Generated_Source\PSoC4/I2CM_PM.c **** /***************************************
  35:.\Generated_Source\PSoC4/I2CM_PM.c **** *   Backup Structure declaration
  36:.\Generated_Source\PSoC4/I2CM_PM.c **** ***************************************/
  37:.\Generated_Source\PSoC4/I2CM_PM.c **** 
  38:.\Generated_Source\PSoC4/I2CM_PM.c **** #if(I2CM_SCB_MODE_UNCONFIG_CONST_CFG || \
  39:.\Generated_Source\PSoC4/I2CM_PM.c ****    (I2CM_SCB_MODE_I2C_CONST_CFG   && (!I2CM_I2C_WAKE_ENABLE_CONST))   || \
  40:.\Generated_Source\PSoC4/I2CM_PM.c ****    (I2CM_SCB_MODE_EZI2C_CONST_CFG && (!I2CM_EZI2C_WAKE_ENABLE_CONST)) || \
  41:.\Generated_Source\PSoC4/I2CM_PM.c ****    (I2CM_SCB_MODE_SPI_CONST_CFG   && (!I2CM_SPI_WAKE_ENABLE_CONST))   || \
  42:.\Generated_Source\PSoC4/I2CM_PM.c ****    (I2CM_SCB_MODE_UART_CONST_CFG  && (!I2CM_UART_WAKE_ENABLE_CONST)))
  43:.\Generated_Source\PSoC4/I2CM_PM.c **** 
  44:.\Generated_Source\PSoC4/I2CM_PM.c ****     I2CM_BACKUP_STRUCT I2CM_backup =
  45:.\Generated_Source\PSoC4/I2CM_PM.c ****     {
  46:.\Generated_Source\PSoC4/I2CM_PM.c ****         0u, /* enableState */
  47:.\Generated_Source\PSoC4/I2CM_PM.c ****     };
  48:.\Generated_Source\PSoC4/I2CM_PM.c **** #endif
  49:.\Generated_Source\PSoC4/I2CM_PM.c **** 
  50:.\Generated_Source\PSoC4/I2CM_PM.c **** 
  51:.\Generated_Source\PSoC4/I2CM_PM.c **** /*******************************************************************************
  52:.\Generated_Source\PSoC4/I2CM_PM.c **** * Function Name: I2CM_Sleep
  53:.\Generated_Source\PSoC4/I2CM_PM.c **** ********************************************************************************
  54:.\Generated_Source\PSoC4/I2CM_PM.c **** *
  55:.\Generated_Source\PSoC4/I2CM_PM.c **** * Summary:
  56:.\Generated_Source\PSoC4/I2CM_PM.c **** *  Prepares the component to enter Deep Sleep.
  57:.\Generated_Source\PSoC4/I2CM_PM.c **** *  The "Enable wakeup from Sleep Mode" selection has an influence on
  58:.\Generated_Source\PSoC4/I2CM_PM.c **** *  this function implementation.
  59:.\Generated_Source\PSoC4/I2CM_PM.c **** *
  60:.\Generated_Source\PSoC4/I2CM_PM.c **** * Parameters:
  61:.\Generated_Source\PSoC4/I2CM_PM.c **** *  None
  62:.\Generated_Source\PSoC4/I2CM_PM.c **** *
  63:.\Generated_Source\PSoC4/I2CM_PM.c **** * Return:
  64:.\Generated_Source\PSoC4/I2CM_PM.c **** *  None
  65:.\Generated_Source\PSoC4/I2CM_PM.c **** *
  66:.\Generated_Source\PSoC4/I2CM_PM.c **** *******************************************************************************/
  67:.\Generated_Source\PSoC4/I2CM_PM.c **** void I2CM_Sleep(void)
  68:.\Generated_Source\PSoC4/I2CM_PM.c **** {
  26              		.loc 1 68 0
  27              		.cfi_startproc
  28 0000 08B5     		push	{r3, lr}
  29              		.cfi_def_cfa_offset 8
  30              		.cfi_offset 3, -8
  31              		.cfi_offset 14, -4
  69:.\Generated_Source\PSoC4/I2CM_PM.c **** #if(I2CM_SCB_MODE_UNCONFIG_CONST_CFG)
  70:.\Generated_Source\PSoC4/I2CM_PM.c **** 
  71:.\Generated_Source\PSoC4/I2CM_PM.c ****     if(I2CM_SCB_WAKE_ENABLE_CHECK)
  72:.\Generated_Source\PSoC4/I2CM_PM.c ****     {
  73:.\Generated_Source\PSoC4/I2CM_PM.c ****         if(I2CM_SCB_MODE_I2C_RUNTM_CFG)
  74:.\Generated_Source\PSoC4/I2CM_PM.c ****         {
  75:.\Generated_Source\PSoC4/I2CM_PM.c ****             I2CM_I2CSaveConfig();
  76:.\Generated_Source\PSoC4/I2CM_PM.c ****         }
  77:.\Generated_Source\PSoC4/I2CM_PM.c ****         else if(I2CM_SCB_MODE_EZI2C_RUNTM_CFG)
  78:.\Generated_Source\PSoC4/I2CM_PM.c ****         {
  79:.\Generated_Source\PSoC4/I2CM_PM.c ****             I2CM_EzI2CSaveConfig();
  80:.\Generated_Source\PSoC4/I2CM_PM.c ****         }
  81:.\Generated_Source\PSoC4/I2CM_PM.c ****     #if(!I2CM_CY_SCBIP_V1)
  82:.\Generated_Source\PSoC4/I2CM_PM.c ****         else if(I2CM_SCB_MODE_SPI_RUNTM_CFG)
  83:.\Generated_Source\PSoC4/I2CM_PM.c ****         {
ARM GAS  C:\Users\ddemidov\AppData\Local\Temp\ccNP88qc.s 			page 3


  84:.\Generated_Source\PSoC4/I2CM_PM.c ****             I2CM_SpiSaveConfig();
  85:.\Generated_Source\PSoC4/I2CM_PM.c ****         }
  86:.\Generated_Source\PSoC4/I2CM_PM.c ****         else if(I2CM_SCB_MODE_UART_RUNTM_CFG)
  87:.\Generated_Source\PSoC4/I2CM_PM.c ****         {
  88:.\Generated_Source\PSoC4/I2CM_PM.c ****             I2CM_UartSaveConfig();
  89:.\Generated_Source\PSoC4/I2CM_PM.c ****         }
  90:.\Generated_Source\PSoC4/I2CM_PM.c ****     #endif /* (!I2CM_CY_SCBIP_V1) */
  91:.\Generated_Source\PSoC4/I2CM_PM.c ****         else
  92:.\Generated_Source\PSoC4/I2CM_PM.c ****         {
  93:.\Generated_Source\PSoC4/I2CM_PM.c ****             /* Unknown mode */
  94:.\Generated_Source\PSoC4/I2CM_PM.c ****         }
  95:.\Generated_Source\PSoC4/I2CM_PM.c ****     }
  96:.\Generated_Source\PSoC4/I2CM_PM.c ****     else
  97:.\Generated_Source\PSoC4/I2CM_PM.c ****     {
  98:.\Generated_Source\PSoC4/I2CM_PM.c ****         I2CM_backup.enableState = (uint8) I2CM_GET_CTRL_ENABLED;
  99:.\Generated_Source\PSoC4/I2CM_PM.c **** 
 100:.\Generated_Source\PSoC4/I2CM_PM.c ****         if(0u != I2CM_backup.enableState)
 101:.\Generated_Source\PSoC4/I2CM_PM.c ****         {
 102:.\Generated_Source\PSoC4/I2CM_PM.c ****             I2CM_Stop();
 103:.\Generated_Source\PSoC4/I2CM_PM.c ****         }
 104:.\Generated_Source\PSoC4/I2CM_PM.c ****     }
 105:.\Generated_Source\PSoC4/I2CM_PM.c **** 
 106:.\Generated_Source\PSoC4/I2CM_PM.c **** #else
 107:.\Generated_Source\PSoC4/I2CM_PM.c **** 
 108:.\Generated_Source\PSoC4/I2CM_PM.c ****     #if (I2CM_SCB_MODE_I2C_CONST_CFG && I2CM_I2C_WAKE_ENABLE_CONST)
 109:.\Generated_Source\PSoC4/I2CM_PM.c ****         I2CM_I2CSaveConfig();
 110:.\Generated_Source\PSoC4/I2CM_PM.c **** 
 111:.\Generated_Source\PSoC4/I2CM_PM.c ****     #elif (I2CM_SCB_MODE_EZI2C_CONST_CFG && I2CM_EZI2C_WAKE_ENABLE_CONST)
 112:.\Generated_Source\PSoC4/I2CM_PM.c ****         I2CM_EzI2CSaveConfig();
 113:.\Generated_Source\PSoC4/I2CM_PM.c **** 
 114:.\Generated_Source\PSoC4/I2CM_PM.c ****     #elif (I2CM_SCB_MODE_SPI_CONST_CFG && I2CM_SPI_WAKE_ENABLE_CONST)
 115:.\Generated_Source\PSoC4/I2CM_PM.c ****         I2CM_SpiSaveConfig();
 116:.\Generated_Source\PSoC4/I2CM_PM.c **** 
 117:.\Generated_Source\PSoC4/I2CM_PM.c ****     #elif (I2CM_SCB_MODE_UART_CONST_CFG && I2CM_UART_WAKE_ENABLE_CONST)
 118:.\Generated_Source\PSoC4/I2CM_PM.c ****         I2CM_UartSaveConfig();
 119:.\Generated_Source\PSoC4/I2CM_PM.c **** 
 120:.\Generated_Source\PSoC4/I2CM_PM.c ****     #else
 121:.\Generated_Source\PSoC4/I2CM_PM.c **** 
 122:.\Generated_Source\PSoC4/I2CM_PM.c ****         I2CM_backup.enableState = (uint8) I2CM_GET_CTRL_ENABLED;
  32              		.loc 1 122 0
  33 0002 044B     		ldr	r3, .L7
  34 0004 044A     		ldr	r2, .L7+4
  35 0006 1B68     		ldr	r3, [r3]
  36 0008 DB0F     		lsr	r3, r3, #31
  37 000a 1370     		strb	r3, [r2]
 123:.\Generated_Source\PSoC4/I2CM_PM.c **** 
 124:.\Generated_Source\PSoC4/I2CM_PM.c ****         if(0u != I2CM_backup.enableState)
  38              		.loc 1 124 0
  39 000c 01D0     		beq	.L1
 125:.\Generated_Source\PSoC4/I2CM_PM.c ****         {
 126:.\Generated_Source\PSoC4/I2CM_PM.c ****             I2CM_Stop();
  40              		.loc 1 126 0
  41 000e FFF7FEFF 		bl	I2CM_Stop
  42              	.LVL0:
  43              	.L1:
 127:.\Generated_Source\PSoC4/I2CM_PM.c ****         }
 128:.\Generated_Source\PSoC4/I2CM_PM.c **** 
ARM GAS  C:\Users\ddemidov\AppData\Local\Temp\ccNP88qc.s 			page 4


 129:.\Generated_Source\PSoC4/I2CM_PM.c ****     #endif /* defined (I2CM_SCB_MODE_I2C_CONST_CFG) && (I2CM_I2C_WAKE_ENABLE_CONST) */
 130:.\Generated_Source\PSoC4/I2CM_PM.c **** 
 131:.\Generated_Source\PSoC4/I2CM_PM.c **** #endif /* (I2CM_SCB_MODE_UNCONFIG_CONST_CFG) */
 132:.\Generated_Source\PSoC4/I2CM_PM.c **** }
  44              		.loc 1 132 0
  45              		@ sp needed
  46 0012 08BD     		pop	{r3, pc}
  47              	.L8:
  48              		.align	2
  49              	.L7:
  50 0014 00002540 		.word	1076166656
  51 0018 00000000 		.word	.LANCHOR0
  52              		.cfi_endproc
  53              	.LFE2:
  54              		.size	I2CM_Sleep, .-I2CM_Sleep
  55              		.section	.text.I2CM_Wakeup,"ax",%progbits
  56              		.align	1
  57              		.global	I2CM_Wakeup
  58              		.code	16
  59              		.thumb_func
  60              		.type	I2CM_Wakeup, %function
  61              	I2CM_Wakeup:
  62              	.LFB3:
 133:.\Generated_Source\PSoC4/I2CM_PM.c **** 
 134:.\Generated_Source\PSoC4/I2CM_PM.c **** 
 135:.\Generated_Source\PSoC4/I2CM_PM.c **** /*******************************************************************************
 136:.\Generated_Source\PSoC4/I2CM_PM.c **** * Function Name: I2CM_Wakeup
 137:.\Generated_Source\PSoC4/I2CM_PM.c **** ********************************************************************************
 138:.\Generated_Source\PSoC4/I2CM_PM.c **** *
 139:.\Generated_Source\PSoC4/I2CM_PM.c **** * Summary:
 140:.\Generated_Source\PSoC4/I2CM_PM.c **** *  Prepares the component for the Active mode operation after exiting
 141:.\Generated_Source\PSoC4/I2CM_PM.c **** *  Deep Sleep. The "Enable wakeup from Sleep Mode" option has an influence
 142:.\Generated_Source\PSoC4/I2CM_PM.c **** *  on this function implementation.
 143:.\Generated_Source\PSoC4/I2CM_PM.c **** *  This function should not be called after exiting Sleep.
 144:.\Generated_Source\PSoC4/I2CM_PM.c **** *
 145:.\Generated_Source\PSoC4/I2CM_PM.c **** * Parameters:
 146:.\Generated_Source\PSoC4/I2CM_PM.c **** *  None
 147:.\Generated_Source\PSoC4/I2CM_PM.c **** *
 148:.\Generated_Source\PSoC4/I2CM_PM.c **** * Return:
 149:.\Generated_Source\PSoC4/I2CM_PM.c **** *  None
 150:.\Generated_Source\PSoC4/I2CM_PM.c **** *
 151:.\Generated_Source\PSoC4/I2CM_PM.c **** *******************************************************************************/
 152:.\Generated_Source\PSoC4/I2CM_PM.c **** void I2CM_Wakeup(void)
 153:.\Generated_Source\PSoC4/I2CM_PM.c **** {
  63              		.loc 1 153 0
  64              		.cfi_startproc
  65 0000 08B5     		push	{r3, lr}
  66              		.cfi_def_cfa_offset 8
  67              		.cfi_offset 3, -8
  68              		.cfi_offset 14, -4
 154:.\Generated_Source\PSoC4/I2CM_PM.c **** #if(I2CM_SCB_MODE_UNCONFIG_CONST_CFG)
 155:.\Generated_Source\PSoC4/I2CM_PM.c **** 
 156:.\Generated_Source\PSoC4/I2CM_PM.c ****     if(I2CM_SCB_WAKE_ENABLE_CHECK)
 157:.\Generated_Source\PSoC4/I2CM_PM.c ****     {
 158:.\Generated_Source\PSoC4/I2CM_PM.c ****         if(I2CM_SCB_MODE_I2C_RUNTM_CFG)
 159:.\Generated_Source\PSoC4/I2CM_PM.c ****         {
 160:.\Generated_Source\PSoC4/I2CM_PM.c ****             I2CM_I2CRestoreConfig();
ARM GAS  C:\Users\ddemidov\AppData\Local\Temp\ccNP88qc.s 			page 5


 161:.\Generated_Source\PSoC4/I2CM_PM.c ****         }
 162:.\Generated_Source\PSoC4/I2CM_PM.c ****         else if(I2CM_SCB_MODE_EZI2C_RUNTM_CFG)
 163:.\Generated_Source\PSoC4/I2CM_PM.c ****         {
 164:.\Generated_Source\PSoC4/I2CM_PM.c ****             I2CM_EzI2CRestoreConfig();
 165:.\Generated_Source\PSoC4/I2CM_PM.c ****         }
 166:.\Generated_Source\PSoC4/I2CM_PM.c ****     #if(!I2CM_CY_SCBIP_V1)
 167:.\Generated_Source\PSoC4/I2CM_PM.c ****         else if(I2CM_SCB_MODE_SPI_RUNTM_CFG)
 168:.\Generated_Source\PSoC4/I2CM_PM.c ****         {
 169:.\Generated_Source\PSoC4/I2CM_PM.c ****             I2CM_SpiRestoreConfig();
 170:.\Generated_Source\PSoC4/I2CM_PM.c ****         }
 171:.\Generated_Source\PSoC4/I2CM_PM.c ****         else if(I2CM_SCB_MODE_UART_RUNTM_CFG)
 172:.\Generated_Source\PSoC4/I2CM_PM.c ****         {
 173:.\Generated_Source\PSoC4/I2CM_PM.c ****             I2CM_UartRestoreConfig();
 174:.\Generated_Source\PSoC4/I2CM_PM.c ****         }
 175:.\Generated_Source\PSoC4/I2CM_PM.c ****     #endif /* (!I2CM_CY_SCBIP_V1) */
 176:.\Generated_Source\PSoC4/I2CM_PM.c ****         else
 177:.\Generated_Source\PSoC4/I2CM_PM.c ****         {
 178:.\Generated_Source\PSoC4/I2CM_PM.c ****             /* Unknown mode */
 179:.\Generated_Source\PSoC4/I2CM_PM.c ****         }
 180:.\Generated_Source\PSoC4/I2CM_PM.c ****     }
 181:.\Generated_Source\PSoC4/I2CM_PM.c ****     else
 182:.\Generated_Source\PSoC4/I2CM_PM.c ****     {
 183:.\Generated_Source\PSoC4/I2CM_PM.c ****         if(0u != I2CM_backup.enableState)
 184:.\Generated_Source\PSoC4/I2CM_PM.c ****         {
 185:.\Generated_Source\PSoC4/I2CM_PM.c ****             I2CM_Enable();
 186:.\Generated_Source\PSoC4/I2CM_PM.c ****         }
 187:.\Generated_Source\PSoC4/I2CM_PM.c ****     }
 188:.\Generated_Source\PSoC4/I2CM_PM.c **** 
 189:.\Generated_Source\PSoC4/I2CM_PM.c **** #else
 190:.\Generated_Source\PSoC4/I2CM_PM.c **** 
 191:.\Generated_Source\PSoC4/I2CM_PM.c ****     #if (I2CM_SCB_MODE_I2C_CONST_CFG  && I2CM_I2C_WAKE_ENABLE_CONST)
 192:.\Generated_Source\PSoC4/I2CM_PM.c ****         I2CM_I2CRestoreConfig();
 193:.\Generated_Source\PSoC4/I2CM_PM.c **** 
 194:.\Generated_Source\PSoC4/I2CM_PM.c ****     #elif (I2CM_SCB_MODE_EZI2C_CONST_CFG && I2CM_EZI2C_WAKE_ENABLE_CONST)
 195:.\Generated_Source\PSoC4/I2CM_PM.c ****         I2CM_EzI2CRestoreConfig();
 196:.\Generated_Source\PSoC4/I2CM_PM.c **** 
 197:.\Generated_Source\PSoC4/I2CM_PM.c ****     #elif (I2CM_SCB_MODE_SPI_CONST_CFG && I2CM_SPI_WAKE_ENABLE_CONST)
 198:.\Generated_Source\PSoC4/I2CM_PM.c ****         I2CM_SpiRestoreConfig();
 199:.\Generated_Source\PSoC4/I2CM_PM.c **** 
 200:.\Generated_Source\PSoC4/I2CM_PM.c ****     #elif (I2CM_SCB_MODE_UART_CONST_CFG && I2CM_UART_WAKE_ENABLE_CONST)
 201:.\Generated_Source\PSoC4/I2CM_PM.c ****         I2CM_UartRestoreConfig();
 202:.\Generated_Source\PSoC4/I2CM_PM.c **** 
 203:.\Generated_Source\PSoC4/I2CM_PM.c ****     #else
 204:.\Generated_Source\PSoC4/I2CM_PM.c **** 
 205:.\Generated_Source\PSoC4/I2CM_PM.c ****         if(0u != I2CM_backup.enableState)
  69              		.loc 1 205 0
  70 0002 034B     		ldr	r3, .L14
  71 0004 1B78     		ldrb	r3, [r3]
  72 0006 002B     		cmp	r3, #0
  73 0008 01D0     		beq	.L9
 206:.\Generated_Source\PSoC4/I2CM_PM.c ****         {
 207:.\Generated_Source\PSoC4/I2CM_PM.c ****             I2CM_Enable();
  74              		.loc 1 207 0
  75 000a FFF7FEFF 		bl	I2CM_Enable
  76              	.LVL1:
  77              	.L9:
 208:.\Generated_Source\PSoC4/I2CM_PM.c ****         }
ARM GAS  C:\Users\ddemidov\AppData\Local\Temp\ccNP88qc.s 			page 6


 209:.\Generated_Source\PSoC4/I2CM_PM.c **** 
 210:.\Generated_Source\PSoC4/I2CM_PM.c ****     #endif /* (I2CM_I2C_WAKE_ENABLE_CONST) */
 211:.\Generated_Source\PSoC4/I2CM_PM.c **** 
 212:.\Generated_Source\PSoC4/I2CM_PM.c **** #endif /* (I2CM_SCB_MODE_UNCONFIG_CONST_CFG) */
 213:.\Generated_Source\PSoC4/I2CM_PM.c **** }
  78              		.loc 1 213 0
  79              		@ sp needed
  80 000e 08BD     		pop	{r3, pc}
  81              	.L15:
  82              		.align	2
  83              	.L14:
  84 0010 00000000 		.word	.LANCHOR0
  85              		.cfi_endproc
  86              	.LFE3:
  87              		.size	I2CM_Wakeup, .-I2CM_Wakeup
  88              		.global	I2CM_backup
  89              		.bss
  90              		.set	.LANCHOR0,. + 0
  91              		.type	I2CM_backup, %object
  92              		.size	I2CM_backup, 1
  93              	I2CM_backup:
  94 0000 00       		.space	1
  95              		.text
  96              	.Letext0:
  97              		.file 2 "Generated_Source\\PSoC4/cytypes.h"
  98              		.file 3 ".\\Generated_Source\\PSoC4\\I2CM.h"
  99              		.section	.debug_info,"",%progbits
 100              	.Ldebug_info0:
 101 0000 2A010000 		.4byte	0x12a
 102 0004 0400     		.2byte	0x4
 103 0006 00000000 		.4byte	.Ldebug_abbrev0
 104 000a 04       		.byte	0x4
 105 000b 01       		.uleb128 0x1
 106 000c 67000000 		.4byte	.LASF21
 107 0010 01       		.byte	0x1
 108 0011 44000000 		.4byte	.LASF22
 109 0015 3D010000 		.4byte	.LASF23
 110 0019 00000000 		.4byte	.Ldebug_ranges0+0
 111 001d 00000000 		.4byte	0
 112 0021 00000000 		.4byte	.Ldebug_line0
 113 0025 02       		.uleb128 0x2
 114 0026 01       		.byte	0x1
 115 0027 06       		.byte	0x6
 116 0028 CC010000 		.4byte	.LASF0
 117 002c 02       		.uleb128 0x2
 118 002d 01       		.byte	0x1
 119 002e 08       		.byte	0x8
 120 002f 91010000 		.4byte	.LASF1
 121 0033 02       		.uleb128 0x2
 122 0034 02       		.byte	0x2
 123 0035 05       		.byte	0x5
 124 0036 F1010000 		.4byte	.LASF2
 125 003a 02       		.uleb128 0x2
 126 003b 02       		.byte	0x2
 127 003c 07       		.byte	0x7
 128 003d 1E010000 		.4byte	.LASF3
 129 0041 02       		.uleb128 0x2
ARM GAS  C:\Users\ddemidov\AppData\Local\Temp\ccNP88qc.s 			page 7


 130 0042 04       		.byte	0x4
 131 0043 05       		.byte	0x5
 132 0044 A4010000 		.4byte	.LASF4
 133 0048 02       		.uleb128 0x2
 134 0049 04       		.byte	0x4
 135 004a 07       		.byte	0x7
 136 004b F5000000 		.4byte	.LASF5
 137 004f 02       		.uleb128 0x2
 138 0050 08       		.byte	0x8
 139 0051 05       		.byte	0x5
 140 0052 00000000 		.4byte	.LASF6
 141 0056 02       		.uleb128 0x2
 142 0057 08       		.byte	0x8
 143 0058 07       		.byte	0x7
 144 0059 07010000 		.4byte	.LASF7
 145 005d 03       		.uleb128 0x3
 146 005e 04       		.byte	0x4
 147 005f 05       		.byte	0x5
 148 0060 696E7400 		.ascii	"int\000"
 149 0064 02       		.uleb128 0x2
 150 0065 04       		.byte	0x4
 151 0066 07       		.byte	0x7
 152 0067 21000000 		.4byte	.LASF8
 153 006b 04       		.uleb128 0x4
 154 006c C6010000 		.4byte	.LASF9
 155 0070 02       		.byte	0x2
 156 0071 3801     		.2byte	0x138
 157 0073 2C000000 		.4byte	0x2c
 158 0077 04       		.uleb128 0x4
 159 0078 0E000000 		.4byte	.LASF10
 160 007c 02       		.byte	0x2
 161 007d 3A01     		.2byte	0x13a
 162 007f 48000000 		.4byte	0x48
 163 0083 02       		.uleb128 0x2
 164 0084 04       		.byte	0x4
 165 0085 04       		.byte	0x4
 166 0086 D8010000 		.4byte	.LASF11
 167 008a 02       		.uleb128 0x2
 168 008b 08       		.byte	0x8
 169 008c 04       		.byte	0x4
 170 008d B9010000 		.4byte	.LASF12
 171 0091 02       		.uleb128 0x2
 172 0092 01       		.byte	0x1
 173 0093 08       		.byte	0x8
 174 0094 9F010000 		.4byte	.LASF13
 175 0098 04       		.uleb128 0x4
 176 0099 C0010000 		.4byte	.LASF14
 177 009d 02       		.byte	0x2
 178 009e E401     		.2byte	0x1e4
 179 00a0 A4000000 		.4byte	0xa4
 180 00a4 05       		.uleb128 0x5
 181 00a5 77000000 		.4byte	0x77
 182 00a9 02       		.uleb128 0x2
 183 00aa 04       		.byte	0x4
 184 00ab 07       		.byte	0x7
 185 00ac FB010000 		.4byte	.LASF15
 186 00b0 06       		.uleb128 0x6
ARM GAS  C:\Users\ddemidov\AppData\Local\Temp\ccNP88qc.s 			page 8


 187 00b1 01       		.byte	0x1
 188 00b2 03       		.byte	0x3
 189 00b3 5B       		.byte	0x5b
 190 00b4 C5000000 		.4byte	0xc5
 191 00b8 07       		.uleb128 0x7
 192 00b9 15000000 		.4byte	.LASF24
 193 00bd 03       		.byte	0x3
 194 00be 5D       		.byte	0x5d
 195 00bf 6B000000 		.4byte	0x6b
 196 00c3 00       		.byte	0
 197 00c4 00       		.byte	0
 198 00c5 08       		.uleb128 0x8
 199 00c6 DE010000 		.4byte	.LASF16
 200 00ca 03       		.byte	0x3
 201 00cb 5E       		.byte	0x5e
 202 00cc B0000000 		.4byte	0xb0
 203 00d0 09       		.uleb128 0x9
 204 00d1 86010000 		.4byte	.LASF17
 205 00d5 01       		.byte	0x1
 206 00d6 43       		.byte	0x43
 207 00d7 00000000 		.4byte	.LFB2
 208 00db 1C000000 		.4byte	.LFE2-.LFB2
 209 00df 01       		.uleb128 0x1
 210 00e0 9C       		.byte	0x9c
 211 00e1 EF000000 		.4byte	0xef
 212 00e5 0A       		.uleb128 0xa
 213 00e6 12000000 		.4byte	.LVL0
 214 00ea 1F010000 		.4byte	0x11f
 215 00ee 00       		.byte	0
 216 00ef 09       		.uleb128 0x9
 217 00f0 38000000 		.4byte	.LASF18
 218 00f4 01       		.byte	0x1
 219 00f5 98       		.byte	0x98
 220 00f6 00000000 		.4byte	.LFB3
 221 00fa 14000000 		.4byte	.LFE3-.LFB3
 222 00fe 01       		.uleb128 0x1
 223 00ff 9C       		.byte	0x9c
 224 0100 0E010000 		.4byte	0x10e
 225 0104 0A       		.uleb128 0xa
 226 0105 0E000000 		.4byte	.LVL1
 227 0109 26010000 		.4byte	0x126
 228 010d 00       		.byte	0
 229 010e 0B       		.uleb128 0xb
 230 010f 31010000 		.4byte	.LASF25
 231 0113 01       		.byte	0x1
 232 0114 2C       		.byte	0x2c
 233 0115 C5000000 		.4byte	0xc5
 234 0119 05       		.uleb128 0x5
 235 011a 03       		.byte	0x3
 236 011b 00000000 		.4byte	I2CM_backup
 237 011f 0C       		.uleb128 0xc
 238 0120 2E000000 		.4byte	.LASF19
 239 0124 03       		.byte	0x3
 240 0125 69       		.byte	0x69
 241 0126 0C       		.uleb128 0xc
 242 0127 AD010000 		.4byte	.LASF20
 243 012b 03       		.byte	0x3
ARM GAS  C:\Users\ddemidov\AppData\Local\Temp\ccNP88qc.s 			page 9


 244 012c 67       		.byte	0x67
 245 012d 00       		.byte	0
 246              		.section	.debug_abbrev,"",%progbits
 247              	.Ldebug_abbrev0:
 248 0000 01       		.uleb128 0x1
 249 0001 11       		.uleb128 0x11
 250 0002 01       		.byte	0x1
 251 0003 25       		.uleb128 0x25
 252 0004 0E       		.uleb128 0xe
 253 0005 13       		.uleb128 0x13
 254 0006 0B       		.uleb128 0xb
 255 0007 03       		.uleb128 0x3
 256 0008 0E       		.uleb128 0xe
 257 0009 1B       		.uleb128 0x1b
 258 000a 0E       		.uleb128 0xe
 259 000b 55       		.uleb128 0x55
 260 000c 17       		.uleb128 0x17
 261 000d 11       		.uleb128 0x11
 262 000e 01       		.uleb128 0x1
 263 000f 10       		.uleb128 0x10
 264 0010 17       		.uleb128 0x17
 265 0011 00       		.byte	0
 266 0012 00       		.byte	0
 267 0013 02       		.uleb128 0x2
 268 0014 24       		.uleb128 0x24
 269 0015 00       		.byte	0
 270 0016 0B       		.uleb128 0xb
 271 0017 0B       		.uleb128 0xb
 272 0018 3E       		.uleb128 0x3e
 273 0019 0B       		.uleb128 0xb
 274 001a 03       		.uleb128 0x3
 275 001b 0E       		.uleb128 0xe
 276 001c 00       		.byte	0
 277 001d 00       		.byte	0
 278 001e 03       		.uleb128 0x3
 279 001f 24       		.uleb128 0x24
 280 0020 00       		.byte	0
 281 0021 0B       		.uleb128 0xb
 282 0022 0B       		.uleb128 0xb
 283 0023 3E       		.uleb128 0x3e
 284 0024 0B       		.uleb128 0xb
 285 0025 03       		.uleb128 0x3
 286 0026 08       		.uleb128 0x8
 287 0027 00       		.byte	0
 288 0028 00       		.byte	0
 289 0029 04       		.uleb128 0x4
 290 002a 16       		.uleb128 0x16
 291 002b 00       		.byte	0
 292 002c 03       		.uleb128 0x3
 293 002d 0E       		.uleb128 0xe
 294 002e 3A       		.uleb128 0x3a
 295 002f 0B       		.uleb128 0xb
 296 0030 3B       		.uleb128 0x3b
 297 0031 05       		.uleb128 0x5
 298 0032 49       		.uleb128 0x49
 299 0033 13       		.uleb128 0x13
 300 0034 00       		.byte	0
ARM GAS  C:\Users\ddemidov\AppData\Local\Temp\ccNP88qc.s 			page 10


 301 0035 00       		.byte	0
 302 0036 05       		.uleb128 0x5
 303 0037 35       		.uleb128 0x35
 304 0038 00       		.byte	0
 305 0039 49       		.uleb128 0x49
 306 003a 13       		.uleb128 0x13
 307 003b 00       		.byte	0
 308 003c 00       		.byte	0
 309 003d 06       		.uleb128 0x6
 310 003e 13       		.uleb128 0x13
 311 003f 01       		.byte	0x1
 312 0040 0B       		.uleb128 0xb
 313 0041 0B       		.uleb128 0xb
 314 0042 3A       		.uleb128 0x3a
 315 0043 0B       		.uleb128 0xb
 316 0044 3B       		.uleb128 0x3b
 317 0045 0B       		.uleb128 0xb
 318 0046 01       		.uleb128 0x1
 319 0047 13       		.uleb128 0x13
 320 0048 00       		.byte	0
 321 0049 00       		.byte	0
 322 004a 07       		.uleb128 0x7
 323 004b 0D       		.uleb128 0xd
 324 004c 00       		.byte	0
 325 004d 03       		.uleb128 0x3
 326 004e 0E       		.uleb128 0xe
 327 004f 3A       		.uleb128 0x3a
 328 0050 0B       		.uleb128 0xb
 329 0051 3B       		.uleb128 0x3b
 330 0052 0B       		.uleb128 0xb
 331 0053 49       		.uleb128 0x49
 332 0054 13       		.uleb128 0x13
 333 0055 38       		.uleb128 0x38
 334 0056 0B       		.uleb128 0xb
 335 0057 00       		.byte	0
 336 0058 00       		.byte	0
 337 0059 08       		.uleb128 0x8
 338 005a 16       		.uleb128 0x16
 339 005b 00       		.byte	0
 340 005c 03       		.uleb128 0x3
 341 005d 0E       		.uleb128 0xe
 342 005e 3A       		.uleb128 0x3a
 343 005f 0B       		.uleb128 0xb
 344 0060 3B       		.uleb128 0x3b
 345 0061 0B       		.uleb128 0xb
 346 0062 49       		.uleb128 0x49
 347 0063 13       		.uleb128 0x13
 348 0064 00       		.byte	0
 349 0065 00       		.byte	0
 350 0066 09       		.uleb128 0x9
 351 0067 2E       		.uleb128 0x2e
 352 0068 01       		.byte	0x1
 353 0069 3F       		.uleb128 0x3f
 354 006a 19       		.uleb128 0x19
 355 006b 03       		.uleb128 0x3
 356 006c 0E       		.uleb128 0xe
 357 006d 3A       		.uleb128 0x3a
ARM GAS  C:\Users\ddemidov\AppData\Local\Temp\ccNP88qc.s 			page 11


 358 006e 0B       		.uleb128 0xb
 359 006f 3B       		.uleb128 0x3b
 360 0070 0B       		.uleb128 0xb
 361 0071 27       		.uleb128 0x27
 362 0072 19       		.uleb128 0x19
 363 0073 11       		.uleb128 0x11
 364 0074 01       		.uleb128 0x1
 365 0075 12       		.uleb128 0x12
 366 0076 06       		.uleb128 0x6
 367 0077 40       		.uleb128 0x40
 368 0078 18       		.uleb128 0x18
 369 0079 9742     		.uleb128 0x2117
 370 007b 19       		.uleb128 0x19
 371 007c 01       		.uleb128 0x1
 372 007d 13       		.uleb128 0x13
 373 007e 00       		.byte	0
 374 007f 00       		.byte	0
 375 0080 0A       		.uleb128 0xa
 376 0081 898201   		.uleb128 0x4109
 377 0084 00       		.byte	0
 378 0085 11       		.uleb128 0x11
 379 0086 01       		.uleb128 0x1
 380 0087 31       		.uleb128 0x31
 381 0088 13       		.uleb128 0x13
 382 0089 00       		.byte	0
 383 008a 00       		.byte	0
 384 008b 0B       		.uleb128 0xb
 385 008c 34       		.uleb128 0x34
 386 008d 00       		.byte	0
 387 008e 03       		.uleb128 0x3
 388 008f 0E       		.uleb128 0xe
 389 0090 3A       		.uleb128 0x3a
 390 0091 0B       		.uleb128 0xb
 391 0092 3B       		.uleb128 0x3b
 392 0093 0B       		.uleb128 0xb
 393 0094 49       		.uleb128 0x49
 394 0095 13       		.uleb128 0x13
 395 0096 3F       		.uleb128 0x3f
 396 0097 19       		.uleb128 0x19
 397 0098 02       		.uleb128 0x2
 398 0099 18       		.uleb128 0x18
 399 009a 00       		.byte	0
 400 009b 00       		.byte	0
 401 009c 0C       		.uleb128 0xc
 402 009d 2E       		.uleb128 0x2e
 403 009e 00       		.byte	0
 404 009f 3F       		.uleb128 0x3f
 405 00a0 19       		.uleb128 0x19
 406 00a1 03       		.uleb128 0x3
 407 00a2 0E       		.uleb128 0xe
 408 00a3 3A       		.uleb128 0x3a
 409 00a4 0B       		.uleb128 0xb
 410 00a5 3B       		.uleb128 0x3b
 411 00a6 0B       		.uleb128 0xb
 412 00a7 27       		.uleb128 0x27
 413 00a8 19       		.uleb128 0x19
 414 00a9 3C       		.uleb128 0x3c
ARM GAS  C:\Users\ddemidov\AppData\Local\Temp\ccNP88qc.s 			page 12


 415 00aa 19       		.uleb128 0x19
 416 00ab 00       		.byte	0
 417 00ac 00       		.byte	0
 418 00ad 00       		.byte	0
 419              		.section	.debug_aranges,"",%progbits
 420 0000 24000000 		.4byte	0x24
 421 0004 0200     		.2byte	0x2
 422 0006 00000000 		.4byte	.Ldebug_info0
 423 000a 04       		.byte	0x4
 424 000b 00       		.byte	0
 425 000c 0000     		.2byte	0
 426 000e 0000     		.2byte	0
 427 0010 00000000 		.4byte	.LFB2
 428 0014 1C000000 		.4byte	.LFE2-.LFB2
 429 0018 00000000 		.4byte	.LFB3
 430 001c 14000000 		.4byte	.LFE3-.LFB3
 431 0020 00000000 		.4byte	0
 432 0024 00000000 		.4byte	0
 433              		.section	.debug_ranges,"",%progbits
 434              	.Ldebug_ranges0:
 435 0000 00000000 		.4byte	.LFB2
 436 0004 1C000000 		.4byte	.LFE2
 437 0008 00000000 		.4byte	.LFB3
 438 000c 14000000 		.4byte	.LFE3
 439 0010 00000000 		.4byte	0
 440 0014 00000000 		.4byte	0
 441              		.section	.debug_line,"",%progbits
 442              	.Ldebug_line0:
 443 0000 98000000 		.section	.debug_str,"MS",%progbits,1
 443      02006700 
 443      00000201 
 443      FB0E0D00 
 443      01010101 
 444              	.LASF6:
 445 0000 6C6F6E67 		.ascii	"long long int\000"
 445      206C6F6E 
 445      6720696E 
 445      7400
 446              	.LASF10:
 447 000e 75696E74 		.ascii	"uint32\000"
 447      333200
 448              	.LASF24:
 449 0015 656E6162 		.ascii	"enableState\000"
 449      6C655374 
 449      61746500 
 450              	.LASF8:
 451 0021 756E7369 		.ascii	"unsigned int\000"
 451      676E6564 
 451      20696E74 
 451      00
 452              	.LASF19:
 453 002e 4932434D 		.ascii	"I2CM_Stop\000"
 453      5F53746F 
 453      7000
 454              	.LASF18:
 455 0038 4932434D 		.ascii	"I2CM_Wakeup\000"
 455      5F57616B 
ARM GAS  C:\Users\ddemidov\AppData\Local\Temp\ccNP88qc.s 			page 13


 455      65757000 
 456              	.LASF22:
 457 0044 2E5C4765 		.ascii	".\\Generated_Source\\PSoC4\\I2CM_PM.c\000"
 457      6E657261 
 457      7465645F 
 457      536F7572 
 457      63655C50 
 458              	.LASF21:
 459 0067 474E5520 		.ascii	"GNU C 4.9.3 20150303 (release) [ARM/embedded-4_9-br"
 459      4320342E 
 459      392E3320 
 459      32303135 
 459      30333033 
 460 009a 616E6368 		.ascii	"anch revision 221220] -mcpu=cortex-m0 -mthumb -g -O"
 460      20726576 
 460      6973696F 
 460      6E203232 
 460      31323230 
 461 00cd 73202D66 		.ascii	"s -ffunction-sections -ffat-lto-objects\000"
 461      66756E63 
 461      74696F6E 
 461      2D736563 
 461      74696F6E 
 462              	.LASF5:
 463 00f5 6C6F6E67 		.ascii	"long unsigned int\000"
 463      20756E73 
 463      69676E65 
 463      6420696E 
 463      7400
 464              	.LASF7:
 465 0107 6C6F6E67 		.ascii	"long long unsigned int\000"
 465      206C6F6E 
 465      6720756E 
 465      7369676E 
 465      65642069 
 466              	.LASF3:
 467 011e 73686F72 		.ascii	"short unsigned int\000"
 467      7420756E 
 467      7369676E 
 467      65642069 
 467      6E7400
 468              	.LASF25:
 469 0131 4932434D 		.ascii	"I2CM_backup\000"
 469      5F626163 
 469      6B757000 
 470              	.LASF23:
 471 013d 433A5C55 		.ascii	"C:\\Users\\ddemidov\\Documents\\PSoC Creator\\BLE_F"
 471      73657273 
 471      5C646465 
 471      6D69646F 
 471      765C446F 
 472 016b 696E644D 		.ascii	"indMe01\\SenseAbility.cydsn\000"
 472      6530315C 
 472      53656E73 
 472      65416269 
 472      6C697479 
 473              	.LASF17:
ARM GAS  C:\Users\ddemidov\AppData\Local\Temp\ccNP88qc.s 			page 14


 474 0186 4932434D 		.ascii	"I2CM_Sleep\000"
 474      5F536C65 
 474      657000
 475              	.LASF1:
 476 0191 756E7369 		.ascii	"unsigned char\000"
 476      676E6564 
 476      20636861 
 476      7200
 477              	.LASF13:
 478 019f 63686172 		.ascii	"char\000"
 478      00
 479              	.LASF4:
 480 01a4 6C6F6E67 		.ascii	"long int\000"
 480      20696E74 
 480      00
 481              	.LASF20:
 482 01ad 4932434D 		.ascii	"I2CM_Enable\000"
 482      5F456E61 
 482      626C6500 
 483              	.LASF12:
 484 01b9 646F7562 		.ascii	"double\000"
 484      6C6500
 485              	.LASF14:
 486 01c0 72656733 		.ascii	"reg32\000"
 486      3200
 487              	.LASF9:
 488 01c6 75696E74 		.ascii	"uint8\000"
 488      3800
 489              	.LASF0:
 490 01cc 7369676E 		.ascii	"signed char\000"
 490      65642063 
 490      68617200 
 491              	.LASF11:
 492 01d8 666C6F61 		.ascii	"float\000"
 492      7400
 493              	.LASF16:
 494 01de 4932434D 		.ascii	"I2CM_BACKUP_STRUCT\000"
 494      5F424143 
 494      4B55505F 
 494      53545255 
 494      435400
 495              	.LASF2:
 496 01f1 73686F72 		.ascii	"short int\000"
 496      7420696E 
 496      7400
 497              	.LASF15:
 498 01fb 73697A65 		.ascii	"sizetype\000"
 498      74797065 
 498      00
 499              		.ident	"GCC: (GNU Tools for ARM Embedded Processors) 4.9.3 20150303 (release) [ARM/embedded-4_9-br
