ARM GAS  C:\Users\ddemidov\AppData\Local\Temp\ccgFGFL5.s 			page 1


   1              		.cpu cortex-m0
   2              		.fpu softvfp
   3              		.eabi_attribute 20, 1
   4              		.eabi_attribute 21, 1
   5              		.eabi_attribute 23, 3
   6              		.eabi_attribute 24, 1
   7              		.eabi_attribute 25, 1
   8              		.eabi_attribute 26, 1
   9              		.eabi_attribute 30, 4
  10              		.eabi_attribute 34, 0
  11              		.eabi_attribute 18, 4
  12              		.code	16
  13              		.file	"inet.c"
  14              		.text
  15              	.Ltext0:
  16              		.cfi_sections	.debug_frame
  17              		.section	.text._htons,"ax",%progbits
  18              		.align	1
  19              		.global	_htons
  20              		.code	16
  21              		.thumb_func
  22              		.type	_htons, %function
  23              	_htons:
  24              	.LFB0:
  25              		.file 1 "..\\acn-sdk-c\\src\\bsd\\inet.c"
   1:..\acn-sdk-c\src\bsd/inet.c **** /* Copyright (c) 2017 Arrow Electronics, Inc.
   2:..\acn-sdk-c\src\bsd/inet.c ****  * All rights reserved. This program and the accompanying materials
   3:..\acn-sdk-c\src\bsd/inet.c ****  * are made available under the terms of the Apache License 2.0
   4:..\acn-sdk-c\src\bsd/inet.c ****  * which accompanies this distribution, and is available at
   5:..\acn-sdk-c\src\bsd/inet.c ****  * http://apache.org/licenses/LICENSE-2.0
   6:..\acn-sdk-c\src\bsd/inet.c ****  * Contributors: Arrow Electronics, Inc.
   7:..\acn-sdk-c\src\bsd/inet.c ****  */
   8:..\acn-sdk-c\src\bsd/inet.c **** 
   9:..\acn-sdk-c\src\bsd/inet.c **** #include <config.h>
  10:..\acn-sdk-c\src\bsd/inet.c **** #include <bsd/inet.h>
  11:..\acn-sdk-c\src\bsd/inet.c **** 
  12:..\acn-sdk-c\src\bsd/inet.c **** uint16_t _htons(uint16_t n) {
  26              		.loc 1 12 0
  27              		.cfi_startproc
  28              	.LVL0:
  13:..\acn-sdk-c\src\bsd/inet.c ****   return (uint16_t)((n & 0xff) << 8) | ((n & 0xff00) >> 8);
  29              		.loc 1 13 0
  30 0000 0302     		lsl	r3, r0, #8
  31 0002 000A     		lsr	r0, r0, #8
  32              	.LVL1:
  33 0004 1843     		orr	r0, r3
  34 0006 80B2     		uxth	r0, r0
  14:..\acn-sdk-c\src\bsd/inet.c **** }
  35              		.loc 1 14 0
  36              		@ sp needed
  37 0008 7047     		bx	lr
  38              		.cfi_endproc
  39              	.LFE0:
  40              		.size	_htons, .-_htons
  41              		.section	.text._ntohs,"ax",%progbits
  42              		.align	1
  43              		.global	_ntohs
ARM GAS  C:\Users\ddemidov\AppData\Local\Temp\ccgFGFL5.s 			page 2


  44              		.code	16
  45              		.thumb_func
  46              		.type	_ntohs, %function
  47              	_ntohs:
  48              	.LFB1:
  15:..\acn-sdk-c\src\bsd/inet.c **** 
  16:..\acn-sdk-c\src\bsd/inet.c **** uint16_t _ntohs(uint16_t n) {
  49              		.loc 1 16 0
  50              		.cfi_startproc
  51              	.LVL2:
  52              	.LBB4:
  53              	.LBB5:
  13:..\acn-sdk-c\src\bsd/inet.c **** }
  54              		.loc 1 13 0
  55 0000 0302     		lsl	r3, r0, #8
  56 0002 000A     		lsr	r0, r0, #8
  57              	.LVL3:
  58 0004 1843     		orr	r0, r3
  59              	.LBE5:
  60              	.LBE4:
  17:..\acn-sdk-c\src\bsd/inet.c ****   return _htons(n);
  61              		.loc 1 17 0
  62 0006 80B2     		uxth	r0, r0
  18:..\acn-sdk-c\src\bsd/inet.c **** }
  63              		.loc 1 18 0
  64              		@ sp needed
  65 0008 7047     		bx	lr
  66              		.cfi_endproc
  67              	.LFE1:
  68              		.size	_ntohs, .-_ntohs
  69              		.section	.text._htonl,"ax",%progbits
  70              		.align	1
  71              		.global	_htonl
  72              		.code	16
  73              		.thumb_func
  74              		.type	_htonl, %function
  75              	_htonl:
  76              	.LFB2:
  19:..\acn-sdk-c\src\bsd/inet.c **** 
  20:..\acn-sdk-c\src\bsd/inet.c **** uint32_t _htonl(uint32_t n) {
  77              		.loc 1 20 0
  78              		.cfi_startproc
  79              	.LVL4:
  80 0000 00BA     		rev	r0, r0
  81              	.LVL5:
  21:..\acn-sdk-c\src\bsd/inet.c ****   return ((n & 0xff) << 24) |
  22:..\acn-sdk-c\src\bsd/inet.c ****     ((n & 0xff00) << 8) |
  23:..\acn-sdk-c\src\bsd/inet.c ****     ((n & 0xff0000UL) >> 8) |
  24:..\acn-sdk-c\src\bsd/inet.c ****     ((n & 0xff000000UL) >> 24);
  25:..\acn-sdk-c\src\bsd/inet.c **** }
  82              		.loc 1 25 0
  83              		@ sp needed
  84 0002 7047     		bx	lr
  85              		.cfi_endproc
  86              	.LFE2:
  87              		.size	_htonl, .-_htonl
  88              		.section	.text._ntohl,"ax",%progbits
ARM GAS  C:\Users\ddemidov\AppData\Local\Temp\ccgFGFL5.s 			page 3


  89              		.align	1
  90              		.global	_ntohl
  91              		.code	16
  92              		.thumb_func
  93              		.type	_ntohl, %function
  94              	_ntohl:
  95              	.LFB3:
  26:..\acn-sdk-c\src\bsd/inet.c **** 
  27:..\acn-sdk-c\src\bsd/inet.c **** uint32_t _ntohl(uint32_t n) {
  96              		.loc 1 27 0
  97              		.cfi_startproc
  98              	.LVL6:
  99 0000 08B5     		push	{r3, lr}
 100              		.cfi_def_cfa_offset 8
 101              		.cfi_offset 3, -8
 102              		.cfi_offset 14, -4
  28:..\acn-sdk-c\src\bsd/inet.c ****   return _htonl(n);
 103              		.loc 1 28 0
 104 0002 FFF7FEFF 		bl	_htonl
 105              	.LVL7:
  29:..\acn-sdk-c\src\bsd/inet.c **** }
 106              		.loc 1 29 0
 107              		@ sp needed
 108 0006 08BD     		pop	{r3, pc}
 109              		.cfi_endproc
 110              	.LFE3:
 111              		.size	_ntohl, .-_ntohl
 112              		.text
 113              	.Letext0:
 114              		.file 2 "c:\\program files (x86)\\cypress\\psoc creator\\3.3\\psoc creator\\import\\gnu\\arm\\4.9.
 115              		.file 3 "c:\\program files (x86)\\cypress\\psoc creator\\3.3\\psoc creator\\import\\gnu\\arm\\4.9.
 116              		.section	.debug_info,"",%progbits
 117              	.Ldebug_info0:
 118 0000 82010000 		.4byte	0x182
 119 0004 0400     		.2byte	0x4
 120 0006 00000000 		.4byte	.Ldebug_abbrev0
 121 000a 04       		.byte	0x4
 122 000b 01       		.uleb128 0x1
 123 000c 34000000 		.4byte	.LASF19
 124 0010 01       		.byte	0x1
 125 0011 BA010000 		.4byte	.LASF20
 126 0015 EB000000 		.4byte	.LASF21
 127 0019 00000000 		.4byte	.Ldebug_ranges0+0
 128 001d 00000000 		.4byte	0
 129 0021 00000000 		.4byte	.Ldebug_line0
 130 0025 02       		.uleb128 0x2
 131 0026 01       		.byte	0x1
 132 0027 06       		.byte	0x6
 133 0028 85010000 		.4byte	.LASF0
 134 002c 02       		.uleb128 0x2
 135 002d 01       		.byte	0x1
 136 002e 08       		.byte	0x8
 137 002f 3F010000 		.4byte	.LASF1
 138 0033 02       		.uleb128 0x2
 139 0034 02       		.byte	0x2
 140 0035 05       		.byte	0x5
 141 0036 A0010000 		.4byte	.LASF2
ARM GAS  C:\Users\ddemidov\AppData\Local\Temp\ccgFGFL5.s 			page 4


 142 003a 03       		.uleb128 0x3
 143 003b 34010000 		.4byte	.LASF5
 144 003f 02       		.byte	0x2
 145 0040 2B       		.byte	0x2b
 146 0041 45000000 		.4byte	0x45
 147 0045 02       		.uleb128 0x2
 148 0046 02       		.byte	0x2
 149 0047 07       		.byte	0x7
 150 0048 72010000 		.4byte	.LASF3
 151 004c 02       		.uleb128 0x2
 152 004d 04       		.byte	0x4
 153 004e 05       		.byte	0x5
 154 004f 62010000 		.4byte	.LASF4
 155 0053 03       		.uleb128 0x3
 156 0054 22000000 		.4byte	.LASF6
 157 0058 02       		.byte	0x2
 158 0059 41       		.byte	0x41
 159 005a 5E000000 		.4byte	0x5e
 160 005e 02       		.uleb128 0x2
 161 005f 04       		.byte	0x4
 162 0060 07       		.byte	0x7
 163 0061 C2000000 		.4byte	.LASF7
 164 0065 02       		.uleb128 0x2
 165 0066 08       		.byte	0x8
 166 0067 05       		.byte	0x5
 167 0068 00000000 		.4byte	.LASF8
 168 006c 02       		.uleb128 0x2
 169 006d 08       		.byte	0x8
 170 006e 07       		.byte	0x7
 171 006f D4000000 		.4byte	.LASF9
 172 0073 04       		.uleb128 0x4
 173 0074 04       		.byte	0x4
 174 0075 05       		.byte	0x5
 175 0076 696E7400 		.ascii	"int\000"
 176 007a 02       		.uleb128 0x2
 177 007b 04       		.byte	0x4
 178 007c 07       		.byte	0x7
 179 007d 15000000 		.4byte	.LASF10
 180 0081 03       		.uleb128 0x3
 181 0082 91010000 		.4byte	.LASF11
 182 0086 03       		.byte	0x3
 183 0087 21       		.byte	0x21
 184 0088 3A000000 		.4byte	0x3a
 185 008c 03       		.uleb128 0x3
 186 008d 59010000 		.4byte	.LASF12
 187 0091 03       		.byte	0x3
 188 0092 2D       		.byte	0x2d
 189 0093 53000000 		.4byte	0x53
 190 0097 02       		.uleb128 0x2
 191 0098 04       		.byte	0x4
 192 0099 04       		.byte	0x4
 193 009a 9A010000 		.4byte	.LASF13
 194 009e 02       		.uleb128 0x2
 195 009f 08       		.byte	0x8
 196 00a0 04       		.byte	0x4
 197 00a1 6B010000 		.4byte	.LASF14
 198 00a5 02       		.uleb128 0x2
ARM GAS  C:\Users\ddemidov\AppData\Local\Temp\ccgFGFL5.s 			page 5


 199 00a6 01       		.byte	0x1
 200 00a7 08       		.byte	0x8
 201 00a8 54010000 		.4byte	.LASF15
 202 00ac 02       		.uleb128 0x2
 203 00ad 04       		.byte	0x4
 204 00ae 07       		.byte	0x7
 205 00af B1010000 		.4byte	.LASF16
 206 00b3 05       		.uleb128 0x5
 207 00b4 0E000000 		.4byte	.LASF22
 208 00b8 01       		.byte	0x1
 209 00b9 0C       		.byte	0xc
 210 00ba 81000000 		.4byte	0x81
 211 00be 01       		.byte	0x1
 212 00bf CD000000 		.4byte	0xcd
 213 00c3 06       		.uleb128 0x6
 214 00c4 6E00     		.ascii	"n\000"
 215 00c6 01       		.byte	0x1
 216 00c7 0C       		.byte	0xc
 217 00c8 81000000 		.4byte	0x81
 218 00cc 00       		.byte	0
 219 00cd 07       		.uleb128 0x7
 220 00ce B3000000 		.4byte	0xb3
 221 00d2 00000000 		.4byte	.LFB0
 222 00d6 0A000000 		.4byte	.LFE0-.LFB0
 223 00da 01       		.uleb128 0x1
 224 00db 9C       		.byte	0x9c
 225 00dc EA000000 		.4byte	0xea
 226 00e0 08       		.uleb128 0x8
 227 00e1 C3000000 		.4byte	0xc3
 228 00e5 00000000 		.4byte	.LLST0
 229 00e9 00       		.byte	0
 230 00ea 09       		.uleb128 0x9
 231 00eb 4D010000 		.4byte	.LASF17
 232 00ef 01       		.byte	0x1
 233 00f0 10       		.byte	0x10
 234 00f1 81000000 		.4byte	0x81
 235 00f5 00000000 		.4byte	.LFB1
 236 00f9 0A000000 		.4byte	.LFE1-.LFB1
 237 00fd 01       		.uleb128 0x1
 238 00fe 9C       		.byte	0x9c
 239 00ff 2A010000 		.4byte	0x12a
 240 0103 0A       		.uleb128 0xa
 241 0104 6E00     		.ascii	"n\000"
 242 0106 01       		.byte	0x1
 243 0107 10       		.byte	0x10
 244 0108 81000000 		.4byte	0x81
 245 010c 21000000 		.4byte	.LLST1
 246 0110 0B       		.uleb128 0xb
 247 0111 B3000000 		.4byte	0xb3
 248 0115 00000000 		.4byte	.LBB4
 249 0119 06000000 		.4byte	.LBE4-.LBB4
 250 011d 01       		.byte	0x1
 251 011e 11       		.byte	0x11
 252 011f 08       		.uleb128 0x8
 253 0120 C3000000 		.4byte	0xc3
 254 0124 21000000 		.4byte	.LLST1
 255 0128 00       		.byte	0
ARM GAS  C:\Users\ddemidov\AppData\Local\Temp\ccgFGFL5.s 			page 6


 256 0129 00       		.byte	0
 257 012a 09       		.uleb128 0x9
 258 012b AA010000 		.4byte	.LASF18
 259 012f 01       		.byte	0x1
 260 0130 14       		.byte	0x14
 261 0131 8C000000 		.4byte	0x8c
 262 0135 00000000 		.4byte	.LFB2
 263 0139 04000000 		.4byte	.LFE2-.LFB2
 264 013d 01       		.uleb128 0x1
 265 013e 9C       		.byte	0x9c
 266 013f 51010000 		.4byte	0x151
 267 0143 0A       		.uleb128 0xa
 268 0144 6E00     		.ascii	"n\000"
 269 0146 01       		.byte	0x1
 270 0147 14       		.byte	0x14
 271 0148 8C000000 		.4byte	0x8c
 272 014c 42000000 		.4byte	.LLST3
 273 0150 00       		.byte	0
 274 0151 0C       		.uleb128 0xc
 275 0152 2D000000 		.4byte	.LASF23
 276 0156 01       		.byte	0x1
 277 0157 1B       		.byte	0x1b
 278 0158 8C000000 		.4byte	0x8c
 279 015c 00000000 		.4byte	.LFB3
 280 0160 08000000 		.4byte	.LFE3-.LFB3
 281 0164 01       		.uleb128 0x1
 282 0165 9C       		.byte	0x9c
 283 0166 0A       		.uleb128 0xa
 284 0167 6E00     		.ascii	"n\000"
 285 0169 01       		.byte	0x1
 286 016a 1B       		.byte	0x1b
 287 016b 8C000000 		.4byte	0x8c
 288 016f 63000000 		.4byte	.LLST4
 289 0173 0D       		.uleb128 0xd
 290 0174 06000000 		.4byte	.LVL7
 291 0178 2A010000 		.4byte	0x12a
 292 017c 0E       		.uleb128 0xe
 293 017d 01       		.uleb128 0x1
 294 017e 50       		.byte	0x50
 295 017f 03       		.uleb128 0x3
 296 0180 F3       		.byte	0xf3
 297 0181 01       		.uleb128 0x1
 298 0182 50       		.byte	0x50
 299 0183 00       		.byte	0
 300 0184 00       		.byte	0
 301 0185 00       		.byte	0
 302              		.section	.debug_abbrev,"",%progbits
 303              	.Ldebug_abbrev0:
 304 0000 01       		.uleb128 0x1
 305 0001 11       		.uleb128 0x11
 306 0002 01       		.byte	0x1
 307 0003 25       		.uleb128 0x25
 308 0004 0E       		.uleb128 0xe
 309 0005 13       		.uleb128 0x13
 310 0006 0B       		.uleb128 0xb
 311 0007 03       		.uleb128 0x3
 312 0008 0E       		.uleb128 0xe
ARM GAS  C:\Users\ddemidov\AppData\Local\Temp\ccgFGFL5.s 			page 7


 313 0009 1B       		.uleb128 0x1b
 314 000a 0E       		.uleb128 0xe
 315 000b 55       		.uleb128 0x55
 316 000c 17       		.uleb128 0x17
 317 000d 11       		.uleb128 0x11
 318 000e 01       		.uleb128 0x1
 319 000f 10       		.uleb128 0x10
 320 0010 17       		.uleb128 0x17
 321 0011 00       		.byte	0
 322 0012 00       		.byte	0
 323 0013 02       		.uleb128 0x2
 324 0014 24       		.uleb128 0x24
 325 0015 00       		.byte	0
 326 0016 0B       		.uleb128 0xb
 327 0017 0B       		.uleb128 0xb
 328 0018 3E       		.uleb128 0x3e
 329 0019 0B       		.uleb128 0xb
 330 001a 03       		.uleb128 0x3
 331 001b 0E       		.uleb128 0xe
 332 001c 00       		.byte	0
 333 001d 00       		.byte	0
 334 001e 03       		.uleb128 0x3
 335 001f 16       		.uleb128 0x16
 336 0020 00       		.byte	0
 337 0021 03       		.uleb128 0x3
 338 0022 0E       		.uleb128 0xe
 339 0023 3A       		.uleb128 0x3a
 340 0024 0B       		.uleb128 0xb
 341 0025 3B       		.uleb128 0x3b
 342 0026 0B       		.uleb128 0xb
 343 0027 49       		.uleb128 0x49
 344 0028 13       		.uleb128 0x13
 345 0029 00       		.byte	0
 346 002a 00       		.byte	0
 347 002b 04       		.uleb128 0x4
 348 002c 24       		.uleb128 0x24
 349 002d 00       		.byte	0
 350 002e 0B       		.uleb128 0xb
 351 002f 0B       		.uleb128 0xb
 352 0030 3E       		.uleb128 0x3e
 353 0031 0B       		.uleb128 0xb
 354 0032 03       		.uleb128 0x3
 355 0033 08       		.uleb128 0x8
 356 0034 00       		.byte	0
 357 0035 00       		.byte	0
 358 0036 05       		.uleb128 0x5
 359 0037 2E       		.uleb128 0x2e
 360 0038 01       		.byte	0x1
 361 0039 3F       		.uleb128 0x3f
 362 003a 19       		.uleb128 0x19
 363 003b 03       		.uleb128 0x3
 364 003c 0E       		.uleb128 0xe
 365 003d 3A       		.uleb128 0x3a
 366 003e 0B       		.uleb128 0xb
 367 003f 3B       		.uleb128 0x3b
 368 0040 0B       		.uleb128 0xb
 369 0041 27       		.uleb128 0x27
ARM GAS  C:\Users\ddemidov\AppData\Local\Temp\ccgFGFL5.s 			page 8


 370 0042 19       		.uleb128 0x19
 371 0043 49       		.uleb128 0x49
 372 0044 13       		.uleb128 0x13
 373 0045 20       		.uleb128 0x20
 374 0046 0B       		.uleb128 0xb
 375 0047 01       		.uleb128 0x1
 376 0048 13       		.uleb128 0x13
 377 0049 00       		.byte	0
 378 004a 00       		.byte	0
 379 004b 06       		.uleb128 0x6
 380 004c 05       		.uleb128 0x5
 381 004d 00       		.byte	0
 382 004e 03       		.uleb128 0x3
 383 004f 08       		.uleb128 0x8
 384 0050 3A       		.uleb128 0x3a
 385 0051 0B       		.uleb128 0xb
 386 0052 3B       		.uleb128 0x3b
 387 0053 0B       		.uleb128 0xb
 388 0054 49       		.uleb128 0x49
 389 0055 13       		.uleb128 0x13
 390 0056 00       		.byte	0
 391 0057 00       		.byte	0
 392 0058 07       		.uleb128 0x7
 393 0059 2E       		.uleb128 0x2e
 394 005a 01       		.byte	0x1
 395 005b 31       		.uleb128 0x31
 396 005c 13       		.uleb128 0x13
 397 005d 11       		.uleb128 0x11
 398 005e 01       		.uleb128 0x1
 399 005f 12       		.uleb128 0x12
 400 0060 06       		.uleb128 0x6
 401 0061 40       		.uleb128 0x40
 402 0062 18       		.uleb128 0x18
 403 0063 9742     		.uleb128 0x2117
 404 0065 19       		.uleb128 0x19
 405 0066 01       		.uleb128 0x1
 406 0067 13       		.uleb128 0x13
 407 0068 00       		.byte	0
 408 0069 00       		.byte	0
 409 006a 08       		.uleb128 0x8
 410 006b 05       		.uleb128 0x5
 411 006c 00       		.byte	0
 412 006d 31       		.uleb128 0x31
 413 006e 13       		.uleb128 0x13
 414 006f 02       		.uleb128 0x2
 415 0070 17       		.uleb128 0x17
 416 0071 00       		.byte	0
 417 0072 00       		.byte	0
 418 0073 09       		.uleb128 0x9
 419 0074 2E       		.uleb128 0x2e
 420 0075 01       		.byte	0x1
 421 0076 3F       		.uleb128 0x3f
 422 0077 19       		.uleb128 0x19
 423 0078 03       		.uleb128 0x3
 424 0079 0E       		.uleb128 0xe
 425 007a 3A       		.uleb128 0x3a
 426 007b 0B       		.uleb128 0xb
ARM GAS  C:\Users\ddemidov\AppData\Local\Temp\ccgFGFL5.s 			page 9


 427 007c 3B       		.uleb128 0x3b
 428 007d 0B       		.uleb128 0xb
 429 007e 27       		.uleb128 0x27
 430 007f 19       		.uleb128 0x19
 431 0080 49       		.uleb128 0x49
 432 0081 13       		.uleb128 0x13
 433 0082 11       		.uleb128 0x11
 434 0083 01       		.uleb128 0x1
 435 0084 12       		.uleb128 0x12
 436 0085 06       		.uleb128 0x6
 437 0086 40       		.uleb128 0x40
 438 0087 18       		.uleb128 0x18
 439 0088 9742     		.uleb128 0x2117
 440 008a 19       		.uleb128 0x19
 441 008b 01       		.uleb128 0x1
 442 008c 13       		.uleb128 0x13
 443 008d 00       		.byte	0
 444 008e 00       		.byte	0
 445 008f 0A       		.uleb128 0xa
 446 0090 05       		.uleb128 0x5
 447 0091 00       		.byte	0
 448 0092 03       		.uleb128 0x3
 449 0093 08       		.uleb128 0x8
 450 0094 3A       		.uleb128 0x3a
 451 0095 0B       		.uleb128 0xb
 452 0096 3B       		.uleb128 0x3b
 453 0097 0B       		.uleb128 0xb
 454 0098 49       		.uleb128 0x49
 455 0099 13       		.uleb128 0x13
 456 009a 02       		.uleb128 0x2
 457 009b 17       		.uleb128 0x17
 458 009c 00       		.byte	0
 459 009d 00       		.byte	0
 460 009e 0B       		.uleb128 0xb
 461 009f 1D       		.uleb128 0x1d
 462 00a0 01       		.byte	0x1
 463 00a1 31       		.uleb128 0x31
 464 00a2 13       		.uleb128 0x13
 465 00a3 11       		.uleb128 0x11
 466 00a4 01       		.uleb128 0x1
 467 00a5 12       		.uleb128 0x12
 468 00a6 06       		.uleb128 0x6
 469 00a7 58       		.uleb128 0x58
 470 00a8 0B       		.uleb128 0xb
 471 00a9 59       		.uleb128 0x59
 472 00aa 0B       		.uleb128 0xb
 473 00ab 00       		.byte	0
 474 00ac 00       		.byte	0
 475 00ad 0C       		.uleb128 0xc
 476 00ae 2E       		.uleb128 0x2e
 477 00af 01       		.byte	0x1
 478 00b0 3F       		.uleb128 0x3f
 479 00b1 19       		.uleb128 0x19
 480 00b2 03       		.uleb128 0x3
 481 00b3 0E       		.uleb128 0xe
 482 00b4 3A       		.uleb128 0x3a
 483 00b5 0B       		.uleb128 0xb
ARM GAS  C:\Users\ddemidov\AppData\Local\Temp\ccgFGFL5.s 			page 10


 484 00b6 3B       		.uleb128 0x3b
 485 00b7 0B       		.uleb128 0xb
 486 00b8 27       		.uleb128 0x27
 487 00b9 19       		.uleb128 0x19
 488 00ba 49       		.uleb128 0x49
 489 00bb 13       		.uleb128 0x13
 490 00bc 11       		.uleb128 0x11
 491 00bd 01       		.uleb128 0x1
 492 00be 12       		.uleb128 0x12
 493 00bf 06       		.uleb128 0x6
 494 00c0 40       		.uleb128 0x40
 495 00c1 18       		.uleb128 0x18
 496 00c2 9742     		.uleb128 0x2117
 497 00c4 19       		.uleb128 0x19
 498 00c5 00       		.byte	0
 499 00c6 00       		.byte	0
 500 00c7 0D       		.uleb128 0xd
 501 00c8 898201   		.uleb128 0x4109
 502 00cb 01       		.byte	0x1
 503 00cc 11       		.uleb128 0x11
 504 00cd 01       		.uleb128 0x1
 505 00ce 31       		.uleb128 0x31
 506 00cf 13       		.uleb128 0x13
 507 00d0 00       		.byte	0
 508 00d1 00       		.byte	0
 509 00d2 0E       		.uleb128 0xe
 510 00d3 8A8201   		.uleb128 0x410a
 511 00d6 00       		.byte	0
 512 00d7 02       		.uleb128 0x2
 513 00d8 18       		.uleb128 0x18
 514 00d9 9142     		.uleb128 0x2111
 515 00db 18       		.uleb128 0x18
 516 00dc 00       		.byte	0
 517 00dd 00       		.byte	0
 518 00de 00       		.byte	0
 519              		.section	.debug_loc,"",%progbits
 520              	.Ldebug_loc0:
 521              	.LLST0:
 522 0000 00000000 		.4byte	.LVL0
 523 0004 04000000 		.4byte	.LVL1
 524 0008 0100     		.2byte	0x1
 525 000a 50       		.byte	0x50
 526 000b 04000000 		.4byte	.LVL1
 527 000f 0A000000 		.4byte	.LFE0
 528 0013 0400     		.2byte	0x4
 529 0015 F3       		.byte	0xf3
 530 0016 01       		.uleb128 0x1
 531 0017 50       		.byte	0x50
 532 0018 9F       		.byte	0x9f
 533 0019 00000000 		.4byte	0
 534 001d 00000000 		.4byte	0
 535              	.LLST1:
 536 0021 00000000 		.4byte	.LVL2
 537 0025 04000000 		.4byte	.LVL3
 538 0029 0100     		.2byte	0x1
 539 002b 50       		.byte	0x50
 540 002c 04000000 		.4byte	.LVL3
ARM GAS  C:\Users\ddemidov\AppData\Local\Temp\ccgFGFL5.s 			page 11


 541 0030 0A000000 		.4byte	.LFE1
 542 0034 0400     		.2byte	0x4
 543 0036 F3       		.byte	0xf3
 544 0037 01       		.uleb128 0x1
 545 0038 50       		.byte	0x50
 546 0039 9F       		.byte	0x9f
 547 003a 00000000 		.4byte	0
 548 003e 00000000 		.4byte	0
 549              	.LLST3:
 550 0042 00000000 		.4byte	.LVL4
 551 0046 02000000 		.4byte	.LVL5
 552 004a 0100     		.2byte	0x1
 553 004c 50       		.byte	0x50
 554 004d 02000000 		.4byte	.LVL5
 555 0051 04000000 		.4byte	.LFE2
 556 0055 0400     		.2byte	0x4
 557 0057 F3       		.byte	0xf3
 558 0058 01       		.uleb128 0x1
 559 0059 50       		.byte	0x50
 560 005a 9F       		.byte	0x9f
 561 005b 00000000 		.4byte	0
 562 005f 00000000 		.4byte	0
 563              	.LLST4:
 564 0063 00000000 		.4byte	.LVL6
 565 0067 05000000 		.4byte	.LVL7-1
 566 006b 0100     		.2byte	0x1
 567 006d 50       		.byte	0x50
 568 006e 05000000 		.4byte	.LVL7-1
 569 0072 08000000 		.4byte	.LFE3
 570 0076 0400     		.2byte	0x4
 571 0078 F3       		.byte	0xf3
 572 0079 01       		.uleb128 0x1
 573 007a 50       		.byte	0x50
 574 007b 9F       		.byte	0x9f
 575 007c 00000000 		.4byte	0
 576 0080 00000000 		.4byte	0
 577              		.section	.debug_aranges,"",%progbits
 578 0000 34000000 		.4byte	0x34
 579 0004 0200     		.2byte	0x2
 580 0006 00000000 		.4byte	.Ldebug_info0
 581 000a 04       		.byte	0x4
 582 000b 00       		.byte	0
 583 000c 0000     		.2byte	0
 584 000e 0000     		.2byte	0
 585 0010 00000000 		.4byte	.LFB0
 586 0014 0A000000 		.4byte	.LFE0-.LFB0
 587 0018 00000000 		.4byte	.LFB1
 588 001c 0A000000 		.4byte	.LFE1-.LFB1
 589 0020 00000000 		.4byte	.LFB2
 590 0024 04000000 		.4byte	.LFE2-.LFB2
 591 0028 00000000 		.4byte	.LFB3
 592 002c 08000000 		.4byte	.LFE3-.LFB3
 593 0030 00000000 		.4byte	0
 594 0034 00000000 		.4byte	0
 595              		.section	.debug_ranges,"",%progbits
 596              	.Ldebug_ranges0:
 597 0000 00000000 		.4byte	.LFB0
ARM GAS  C:\Users\ddemidov\AppData\Local\Temp\ccgFGFL5.s 			page 12


 598 0004 0A000000 		.4byte	.LFE0
 599 0008 00000000 		.4byte	.LFB1
 600 000c 0A000000 		.4byte	.LFE1
 601 0010 00000000 		.4byte	.LFB2
 602 0014 04000000 		.4byte	.LFE2
 603 0018 00000000 		.4byte	.LFB3
 604 001c 08000000 		.4byte	.LFE3
 605 0020 00000000 		.4byte	0
 606 0024 00000000 		.4byte	0
 607              		.section	.debug_line,"",%progbits
 608              	.Ldebug_line0:
 609 0000 74010000 		.section	.debug_str,"MS",%progbits,1
 609      02002A01 
 609      00000201 
 609      FB0E0D00 
 609      01010101 
 610              	.LASF8:
 611 0000 6C6F6E67 		.ascii	"long long int\000"
 611      206C6F6E 
 611      6720696E 
 611      7400
 612              	.LASF22:
 613 000e 5F68746F 		.ascii	"_htons\000"
 613      6E7300
 614              	.LASF10:
 615 0015 756E7369 		.ascii	"unsigned int\000"
 615      676E6564 
 615      20696E74 
 615      00
 616              	.LASF6:
 617 0022 5F5F7569 		.ascii	"__uint32_t\000"
 617      6E743332 
 617      5F7400
 618              	.LASF23:
 619 002d 5F6E746F 		.ascii	"_ntohl\000"
 619      686C00
 620              	.LASF19:
 621 0034 474E5520 		.ascii	"GNU C 4.9.3 20150303 (release) [ARM/embedded-4_9-br"
 621      4320342E 
 621      392E3320 
 621      32303135 
 621      30333033 
 622 0067 616E6368 		.ascii	"anch revision 221220] -mcpu=cortex-m0 -mthumb -g -O"
 622      20726576 
 622      6973696F 
 622      6E203232 
 622      31323230 
 623 009a 73202D66 		.ascii	"s -ffunction-sections -ffat-lto-objects\000"
 623      66756E63 
 623      74696F6E 
 623      2D736563 
 623      74696F6E 
 624              	.LASF7:
 625 00c2 6C6F6E67 		.ascii	"long unsigned int\000"
 625      20756E73 
 625      69676E65 
 625      6420696E 
ARM GAS  C:\Users\ddemidov\AppData\Local\Temp\ccgFGFL5.s 			page 13


 625      7400
 626              	.LASF9:
 627 00d4 6C6F6E67 		.ascii	"long long unsigned int\000"
 627      206C6F6E 
 627      6720756E 
 627      7369676E 
 627      65642069 
 628              	.LASF21:
 629 00eb 433A5C55 		.ascii	"C:\\Users\\ddemidov\\Documents\\PSoC Creator\\BLE_F"
 629      73657273 
 629      5C646465 
 629      6D69646F 
 629      765C446F 
 630 0119 696E644D 		.ascii	"indMe01\\SenseAbility.cydsn\000"
 630      6530315C 
 630      53656E73 
 630      65416269 
 630      6C697479 
 631              	.LASF5:
 632 0134 5F5F7569 		.ascii	"__uint16_t\000"
 632      6E743136 
 632      5F7400
 633              	.LASF1:
 634 013f 756E7369 		.ascii	"unsigned char\000"
 634      676E6564 
 634      20636861 
 634      7200
 635              	.LASF17:
 636 014d 5F6E746F 		.ascii	"_ntohs\000"
 636      687300
 637              	.LASF15:
 638 0154 63686172 		.ascii	"char\000"
 638      00
 639              	.LASF12:
 640 0159 75696E74 		.ascii	"uint32_t\000"
 640      33325F74 
 640      00
 641              	.LASF4:
 642 0162 6C6F6E67 		.ascii	"long int\000"
 642      20696E74 
 642      00
 643              	.LASF14:
 644 016b 646F7562 		.ascii	"double\000"
 644      6C6500
 645              	.LASF3:
 646 0172 73686F72 		.ascii	"short unsigned int\000"
 646      7420756E 
 646      7369676E 
 646      65642069 
 646      6E7400
 647              	.LASF0:
 648 0185 7369676E 		.ascii	"signed char\000"
 648      65642063 
 648      68617200 
 649              	.LASF11:
 650 0191 75696E74 		.ascii	"uint16_t\000"
 650      31365F74 
ARM GAS  C:\Users\ddemidov\AppData\Local\Temp\ccgFGFL5.s 			page 14


 650      00
 651              	.LASF13:
 652 019a 666C6F61 		.ascii	"float\000"
 652      7400
 653              	.LASF2:
 654 01a0 73686F72 		.ascii	"short int\000"
 654      7420696E 
 654      7400
 655              	.LASF18:
 656 01aa 5F68746F 		.ascii	"_htonl\000"
 656      6E6C00
 657              	.LASF16:
 658 01b1 73697A65 		.ascii	"sizetype\000"
 658      74797065 
 658      00
 659              	.LASF20:
 660 01ba 2E2E5C61 		.ascii	"..\\acn-sdk-c\\src\\bsd\\inet.c\000"
 660      636E2D73 
 660      646B2D63 
 660      5C737263 
 660      5C627364 
 661              		.ident	"GCC: (GNU Tools for ARM Embedded Processors) 4.9.3 20150303 (release) [ARM/embedded-4_9-br
