ARM GAS  C:\Users\ddemidov\AppData\Local\Temp\ccfxC1TO.s 			page 1


   1              		.cpu cortex-m0
   2              		.fpu softvfp
   3              		.eabi_attribute 20, 1
   4              		.eabi_attribute 21, 1
   5              		.eabi_attribute 23, 3
   6              		.eabi_attribute 24, 1
   7              		.eabi_attribute 25, 1
   8              		.eabi_attribute 26, 1
   9              		.eabi_attribute 30, 4
  10              		.eabi_attribute 34, 0
  11              		.eabi_attribute 18, 4
  12              		.code	16
  13              		.file	"logging.c"
  14              		.text
  15              	.Ltext0:
  16              		.cfi_sections	.debug_frame
  17              		.section	.text.wolfSSL_SetLoggingCb,"ax",%progbits
  18              		.align	1
  19              		.global	wolfSSL_SetLoggingCb
  20              		.code	16
  21              		.thumb_func
  22              		.type	wolfSSL_SetLoggingCb, %function
  23              	wolfSSL_SetLoggingCb:
  24              	.LFB0:
  25              		.file 1 "..\\acn-sdk-c\\src\\wolfSSL\\wolfcrypt\\src\\logging.c"
   1:..\acn-sdk-c\src\wolfSSL\wolfcrypt\src/logging.c **** /* logging.c
   2:..\acn-sdk-c\src\wolfSSL\wolfcrypt\src/logging.c ****  *
   3:..\acn-sdk-c\src\wolfSSL\wolfcrypt\src/logging.c ****  * Copyright (C) 2006-2016 wolfSSL Inc.
   4:..\acn-sdk-c\src\wolfSSL\wolfcrypt\src/logging.c ****  *
   5:..\acn-sdk-c\src\wolfSSL\wolfcrypt\src/logging.c ****  * This file is part of wolfSSL.
   6:..\acn-sdk-c\src\wolfSSL\wolfcrypt\src/logging.c ****  *
   7:..\acn-sdk-c\src\wolfSSL\wolfcrypt\src/logging.c ****  * wolfSSL is free software; you can redistribute it and/or modify
   8:..\acn-sdk-c\src\wolfSSL\wolfcrypt\src/logging.c ****  * it under the terms of the GNU General Public License as published by
   9:..\acn-sdk-c\src\wolfSSL\wolfcrypt\src/logging.c ****  * the Free Software Foundation; either version 2 of the License, or
  10:..\acn-sdk-c\src\wolfSSL\wolfcrypt\src/logging.c ****  * (at your option) any later version.
  11:..\acn-sdk-c\src\wolfSSL\wolfcrypt\src/logging.c ****  *
  12:..\acn-sdk-c\src\wolfSSL\wolfcrypt\src/logging.c ****  * wolfSSL is distributed in the hope that it will be useful,
  13:..\acn-sdk-c\src\wolfSSL\wolfcrypt\src/logging.c ****  * but WITHOUT ANY WARRANTY; without even the implied warranty of
  14:..\acn-sdk-c\src\wolfSSL\wolfcrypt\src/logging.c ****  * MERCHANTABILITY or FITNESS FOR A PARTICULAR PURPOSE.  See the
  15:..\acn-sdk-c\src\wolfSSL\wolfcrypt\src/logging.c ****  * GNU General Public License for more details.
  16:..\acn-sdk-c\src\wolfSSL\wolfcrypt\src/logging.c ****  *
  17:..\acn-sdk-c\src\wolfSSL\wolfcrypt\src/logging.c ****  * You should have received a copy of the GNU General Public License
  18:..\acn-sdk-c\src\wolfSSL\wolfcrypt\src/logging.c ****  * along with this program; if not, write to the Free Software
  19:..\acn-sdk-c\src\wolfSSL\wolfcrypt\src/logging.c ****  * Foundation, Inc., 51 Franklin Street, Fifth Floor, Boston, MA 02110-1335, USA
  20:..\acn-sdk-c\src\wolfSSL\wolfcrypt\src/logging.c ****  */
  21:..\acn-sdk-c\src\wolfSSL\wolfcrypt\src/logging.c **** 
  22:..\acn-sdk-c\src\wolfSSL\wolfcrypt\src/logging.c **** 
  23:..\acn-sdk-c\src\wolfSSL\wolfcrypt\src/logging.c **** #ifdef HAVE_CONFIG_H
  24:..\acn-sdk-c\src\wolfSSL\wolfcrypt\src/logging.c ****     #include <config.h>
  25:..\acn-sdk-c\src\wolfSSL\wolfcrypt\src/logging.c **** #endif
  26:..\acn-sdk-c\src\wolfSSL\wolfcrypt\src/logging.c **** 
  27:..\acn-sdk-c\src\wolfSSL\wolfcrypt\src/logging.c **** #include <wolfssl/wolfcrypt/settings.h>
  28:..\acn-sdk-c\src\wolfSSL\wolfcrypt\src/logging.c **** 
  29:..\acn-sdk-c\src\wolfSSL\wolfcrypt\src/logging.c **** /* submitted by eof */
  30:..\acn-sdk-c\src\wolfSSL\wolfcrypt\src/logging.c **** 
  31:..\acn-sdk-c\src\wolfSSL\wolfcrypt\src/logging.c **** #include <wolfssl/wolfcrypt/logging.h>
  32:..\acn-sdk-c\src\wolfSSL\wolfcrypt\src/logging.c **** #include <wolfssl/wolfcrypt/error-crypt.h>
ARM GAS  C:\Users\ddemidov\AppData\Local\Temp\ccfxC1TO.s 			page 2


  33:..\acn-sdk-c\src\wolfSSL\wolfcrypt\src/logging.c **** 
  34:..\acn-sdk-c\src\wolfSSL\wolfcrypt\src/logging.c **** 
  35:..\acn-sdk-c\src\wolfSSL\wolfcrypt\src/logging.c **** #ifdef __cplusplus
  36:..\acn-sdk-c\src\wolfSSL\wolfcrypt\src/logging.c ****     extern "C" {
  37:..\acn-sdk-c\src\wolfSSL\wolfcrypt\src/logging.c **** #endif
  38:..\acn-sdk-c\src\wolfSSL\wolfcrypt\src/logging.c ****     WOLFSSL_API int  wolfSSL_Debugging_ON(void);
  39:..\acn-sdk-c\src\wolfSSL\wolfcrypt\src/logging.c ****     WOLFSSL_API void wolfSSL_Debugging_OFF(void);
  40:..\acn-sdk-c\src\wolfSSL\wolfcrypt\src/logging.c **** #ifdef __cplusplus
  41:..\acn-sdk-c\src\wolfSSL\wolfcrypt\src/logging.c ****     } 
  42:..\acn-sdk-c\src\wolfSSL\wolfcrypt\src/logging.c **** #endif
  43:..\acn-sdk-c\src\wolfSSL\wolfcrypt\src/logging.c **** 
  44:..\acn-sdk-c\src\wolfSSL\wolfcrypt\src/logging.c **** 
  45:..\acn-sdk-c\src\wolfSSL\wolfcrypt\src/logging.c **** #ifdef DEBUG_WOLFSSL
  46:..\acn-sdk-c\src\wolfSSL\wolfcrypt\src/logging.c **** 
  47:..\acn-sdk-c\src\wolfSSL\wolfcrypt\src/logging.c **** /* Set these to default values initially. */
  48:..\acn-sdk-c\src\wolfSSL\wolfcrypt\src/logging.c **** static wolfSSL_Logging_cb log_function = 0;
  49:..\acn-sdk-c\src\wolfSSL\wolfcrypt\src/logging.c **** static int loggingEnabled = 0;
  50:..\acn-sdk-c\src\wolfSSL\wolfcrypt\src/logging.c **** 
  51:..\acn-sdk-c\src\wolfSSL\wolfcrypt\src/logging.c **** #endif /* DEBUG_WOLFSSL */
  52:..\acn-sdk-c\src\wolfSSL\wolfcrypt\src/logging.c **** 
  53:..\acn-sdk-c\src\wolfSSL\wolfcrypt\src/logging.c **** 
  54:..\acn-sdk-c\src\wolfSSL\wolfcrypt\src/logging.c **** int wolfSSL_SetLoggingCb(wolfSSL_Logging_cb f)
  55:..\acn-sdk-c\src\wolfSSL\wolfcrypt\src/logging.c **** {
  26              		.loc 1 55 0
  27              		.cfi_startproc
  28              	.LVL0:
  56:..\acn-sdk-c\src\wolfSSL\wolfcrypt\src/logging.c **** #ifdef DEBUG_WOLFSSL
  57:..\acn-sdk-c\src\wolfSSL\wolfcrypt\src/logging.c ****     int res = 0;
  58:..\acn-sdk-c\src\wolfSSL\wolfcrypt\src/logging.c **** 
  59:..\acn-sdk-c\src\wolfSSL\wolfcrypt\src/logging.c ****     if (f)
  60:..\acn-sdk-c\src\wolfSSL\wolfcrypt\src/logging.c ****         log_function = f;
  61:..\acn-sdk-c\src\wolfSSL\wolfcrypt\src/logging.c ****     else
  62:..\acn-sdk-c\src\wolfSSL\wolfcrypt\src/logging.c ****         res = BAD_FUNC_ARG;
  63:..\acn-sdk-c\src\wolfSSL\wolfcrypt\src/logging.c **** 
  64:..\acn-sdk-c\src\wolfSSL\wolfcrypt\src/logging.c ****     return res;
  65:..\acn-sdk-c\src\wolfSSL\wolfcrypt\src/logging.c **** #else
  66:..\acn-sdk-c\src\wolfSSL\wolfcrypt\src/logging.c ****     (void)f;
  67:..\acn-sdk-c\src\wolfSSL\wolfcrypt\src/logging.c ****     return NOT_COMPILED_IN;
  68:..\acn-sdk-c\src\wolfSSL\wolfcrypt\src/logging.c **** #endif
  69:..\acn-sdk-c\src\wolfSSL\wolfcrypt\src/logging.c **** }
  29              		.loc 1 69 0
  30 0000 AE20     		mov	r0, #174
  31              	.LVL1:
  32              		@ sp needed
  33 0002 4042     		neg	r0, r0
  34 0004 7047     		bx	lr
  35              		.cfi_endproc
  36              	.LFE0:
  37              		.size	wolfSSL_SetLoggingCb, .-wolfSSL_SetLoggingCb
  38              		.section	.text.wolfSSL_Debugging_ON,"ax",%progbits
  39              		.align	1
  40              		.global	wolfSSL_Debugging_ON
  41              		.code	16
  42              		.thumb_func
  43              		.type	wolfSSL_Debugging_ON, %function
  44              	wolfSSL_Debugging_ON:
  45              	.LFB1:
ARM GAS  C:\Users\ddemidov\AppData\Local\Temp\ccfxC1TO.s 			page 3


  70:..\acn-sdk-c\src\wolfSSL\wolfcrypt\src/logging.c **** 
  71:..\acn-sdk-c\src\wolfSSL\wolfcrypt\src/logging.c **** 
  72:..\acn-sdk-c\src\wolfSSL\wolfcrypt\src/logging.c **** int wolfSSL_Debugging_ON(void)
  73:..\acn-sdk-c\src\wolfSSL\wolfcrypt\src/logging.c **** {
  46              		.loc 1 73 0
  47              		.cfi_startproc
  74:..\acn-sdk-c\src\wolfSSL\wolfcrypt\src/logging.c **** #ifdef DEBUG_WOLFSSL
  75:..\acn-sdk-c\src\wolfSSL\wolfcrypt\src/logging.c ****     loggingEnabled = 1;
  76:..\acn-sdk-c\src\wolfSSL\wolfcrypt\src/logging.c ****     return 0;
  77:..\acn-sdk-c\src\wolfSSL\wolfcrypt\src/logging.c **** #else
  78:..\acn-sdk-c\src\wolfSSL\wolfcrypt\src/logging.c ****     return NOT_COMPILED_IN;
  79:..\acn-sdk-c\src\wolfSSL\wolfcrypt\src/logging.c **** #endif
  80:..\acn-sdk-c\src\wolfSSL\wolfcrypt\src/logging.c **** }
  48              		.loc 1 80 0
  49 0000 AE20     		mov	r0, #174
  50              		@ sp needed
  51 0002 4042     		neg	r0, r0
  52 0004 7047     		bx	lr
  53              		.cfi_endproc
  54              	.LFE1:
  55              		.size	wolfSSL_Debugging_ON, .-wolfSSL_Debugging_ON
  56              		.section	.text.wolfSSL_Debugging_OFF,"ax",%progbits
  57              		.align	1
  58              		.global	wolfSSL_Debugging_OFF
  59              		.code	16
  60              		.thumb_func
  61              		.type	wolfSSL_Debugging_OFF, %function
  62              	wolfSSL_Debugging_OFF:
  63              	.LFB2:
  81:..\acn-sdk-c\src\wolfSSL\wolfcrypt\src/logging.c **** 
  82:..\acn-sdk-c\src\wolfSSL\wolfcrypt\src/logging.c **** 
  83:..\acn-sdk-c\src\wolfSSL\wolfcrypt\src/logging.c **** void wolfSSL_Debugging_OFF(void)
  84:..\acn-sdk-c\src\wolfSSL\wolfcrypt\src/logging.c **** {
  64              		.loc 1 84 0
  65              		.cfi_startproc
  85:..\acn-sdk-c\src\wolfSSL\wolfcrypt\src/logging.c **** #ifdef DEBUG_WOLFSSL
  86:..\acn-sdk-c\src\wolfSSL\wolfcrypt\src/logging.c ****     loggingEnabled = 0;
  87:..\acn-sdk-c\src\wolfSSL\wolfcrypt\src/logging.c **** #endif
  88:..\acn-sdk-c\src\wolfSSL\wolfcrypt\src/logging.c **** }
  66              		.loc 1 88 0
  67              		@ sp needed
  68 0000 7047     		bx	lr
  69              		.cfi_endproc
  70              	.LFE2:
  71              		.size	wolfSSL_Debugging_OFF, .-wolfSSL_Debugging_OFF
  72              		.text
  73              	.Letext0:
  74              		.file 2 "..\\acn-sdk-c\\src\\wolfSSL/wolfssl/wolfcrypt/logging.h"
  75              		.file 3 "..\\acn-sdk-c\\src\\wolfSSL/wolfssl/wolfcrypt/error-crypt.h"
  76              		.section	.debug_info,"",%progbits
  77              	.Ldebug_info0:
  78 0000 12040000 		.4byte	0x412
  79 0004 0400     		.2byte	0x4
  80 0006 00000000 		.4byte	.Ldebug_abbrev0
  81 000a 04       		.byte	0x4
  82 000b 01       		.uleb128 0x1
  83 000c 00000000 		.4byte	.LASF123
ARM GAS  C:\Users\ddemidov\AppData\Local\Temp\ccfxC1TO.s 			page 4


  84 0010 01       		.byte	0x1
  85 0011 CF060000 		.4byte	.LASF124
  86 0015 54050000 		.4byte	.LASF125
  87 0019 00000000 		.4byte	.Ldebug_ranges0+0
  88 001d 00000000 		.4byte	0
  89 0021 00000000 		.4byte	.Ldebug_line0
  90 0025 02       		.uleb128 0x2
  91 0026 04       		.byte	0x4
  92 0027 05       		.byte	0x5
  93 0028 696E7400 		.ascii	"int\000"
  94 002c 03       		.uleb128 0x3
  95 002d 01       		.byte	0x1
  96 002e 08       		.byte	0x8
  97 002f DE040000 		.4byte	.LASF0
  98 0033 03       		.uleb128 0x3
  99 0034 02       		.byte	0x2
 100 0035 07       		.byte	0x7
 101 0036 7C030000 		.4byte	.LASF1
 102 003a 03       		.uleb128 0x3
 103 003b 04       		.byte	0x4
 104 003c 07       		.byte	0x7
 105 003d DA020000 		.4byte	.LASF2
 106 0041 03       		.uleb128 0x3
 107 0042 08       		.byte	0x8
 108 0043 07       		.byte	0x7
 109 0044 15010000 		.4byte	.LASF3
 110 0048 03       		.uleb128 0x3
 111 0049 01       		.byte	0x1
 112 004a 06       		.byte	0x6
 113 004b B5010000 		.4byte	.LASF4
 114 004f 03       		.uleb128 0x3
 115 0050 02       		.byte	0x2
 116 0051 05       		.byte	0x5
 117 0052 F8040000 		.4byte	.LASF5
 118 0056 03       		.uleb128 0x3
 119 0057 04       		.byte	0x4
 120 0058 05       		.byte	0x5
 121 0059 05020000 		.4byte	.LASF6
 122 005d 03       		.uleb128 0x3
 123 005e 04       		.byte	0x4
 124 005f 07       		.byte	0x7
 125 0060 0F030000 		.4byte	.LASF7
 126 0064 03       		.uleb128 0x3
 127 0065 08       		.byte	0x8
 128 0066 05       		.byte	0x5
 129 0067 A7010000 		.4byte	.LASF8
 130 006b 03       		.uleb128 0x3
 131 006c 04       		.byte	0x4
 132 006d 07       		.byte	0x7
 133 006e 41040000 		.4byte	.LASF9
 134 0072 03       		.uleb128 0x3
 135 0073 01       		.byte	0x1
 136 0074 08       		.byte	0x8
 137 0075 D9050000 		.4byte	.LASF10
 138 0079 04       		.uleb128 0x4
 139 007a 04       		.byte	0x4
 140 007b 7F000000 		.4byte	0x7f
ARM GAS  C:\Users\ddemidov\AppData\Local\Temp\ccfxC1TO.s 			page 5


 141 007f 05       		.uleb128 0x5
 142 0080 72000000 		.4byte	0x72
 143 0084 06       		.uleb128 0x6
 144 0085 41050000 		.4byte	.LASF126
 145 0089 02       		.byte	0x2
 146 008a 2C       		.byte	0x2c
 147 008b 8F000000 		.4byte	0x8f
 148 008f 04       		.uleb128 0x4
 149 0090 04       		.byte	0x4
 150 0091 95000000 		.4byte	0x95
 151 0095 07       		.uleb128 0x7
 152 0096 A5000000 		.4byte	0xa5
 153 009a 08       		.uleb128 0x8
 154 009b A5000000 		.4byte	0xa5
 155 009f 08       		.uleb128 0x8
 156 00a0 AA000000 		.4byte	0xaa
 157 00a4 00       		.byte	0
 158 00a5 05       		.uleb128 0x5
 159 00a6 25000000 		.4byte	0x25
 160 00aa 05       		.uleb128 0x5
 161 00ab 79000000 		.4byte	0x79
 162 00af 09       		.uleb128 0x9
 163 00b0 02       		.byte	0x2
 164 00b1 03       		.byte	0x3
 165 00b2 27       		.byte	0x27
 166 00b3 C8030000 		.4byte	0x3c8
 167 00b7 0A       		.uleb128 0xa
 168 00b8 B5040000 		.4byte	.LASF11
 169 00bc 9C7F     		.sleb128 -100
 170 00be 0A       		.uleb128 0xa
 171 00bf 41030000 		.4byte	.LASF12
 172 00c3 9B7F     		.sleb128 -101
 173 00c5 0A       		.uleb128 0xa
 174 00c6 4A040000 		.4byte	.LASF13
 175 00ca 9A7F     		.sleb128 -102
 176 00cc 0A       		.uleb128 0xa
 177 00cd 96060000 		.4byte	.LASF14
 178 00d1 997F     		.sleb128 -103
 179 00d3 0A       		.uleb128 0xa
 180 00d4 43070000 		.4byte	.LASF15
 181 00d8 987F     		.sleb128 -104
 182 00da 0A       		.uleb128 0xa
 183 00db A9040000 		.4byte	.LASF16
 184 00df 977F     		.sleb128 -105
 185 00e1 0A       		.uleb128 0xa
 186 00e2 8B070000 		.4byte	.LASF17
 187 00e6 967F     		.sleb128 -106
 188 00e8 0A       		.uleb128 0xa
 189 00e9 0E020000 		.4byte	.LASF18
 190 00ed 927F     		.sleb128 -110
 191 00ef 0A       		.uleb128 0xa
 192 00f0 53020000 		.4byte	.LASF19
 193 00f4 917F     		.sleb128 -111
 194 00f6 0A       		.uleb128 0xa
 195 00f7 D0030000 		.4byte	.LASF20
 196 00fb 907F     		.sleb128 -112
 197 00fd 0A       		.uleb128 0xa
ARM GAS  C:\Users\ddemidov\AppData\Local\Temp\ccfxC1TO.s 			page 6


 198 00fe EF000000 		.4byte	.LASF21
 199 0102 8F7F     		.sleb128 -113
 200 0104 0A       		.uleb128 0xa
 201 0105 AE000000 		.4byte	.LASF22
 202 0109 8E7F     		.sleb128 -114
 203 010b 0A       		.uleb128 0xa
 204 010c 4A020000 		.4byte	.LASF23
 205 0110 8D7F     		.sleb128 -115
 206 0112 0A       		.uleb128 0xa
 207 0113 F9030000 		.4byte	.LASF24
 208 0117 8C7F     		.sleb128 -116
 209 0119 0A       		.uleb128 0xa
 210 011a EC040000 		.4byte	.LASF25
 211 011e 8B7F     		.sleb128 -117
 212 0120 0A       		.uleb128 0xa
 213 0121 8A040000 		.4byte	.LASF26
 214 0125 8A7F     		.sleb128 -118
 215 0127 0A       		.uleb128 0xa
 216 0128 4C030000 		.4byte	.LASF27
 217 012c 897F     		.sleb128 -119
 218 012e 0A       		.uleb128 0xa
 219 012f E7020000 		.4byte	.LASF28
 220 0133 887F     		.sleb128 -120
 221 0135 0A       		.uleb128 0xa
 222 0136 C5000000 		.4byte	.LASF29
 223 013a 877F     		.sleb128 -121
 224 013c 0A       		.uleb128 0xa
 225 013d 9B000000 		.4byte	.LASF30
 226 0141 837F     		.sleb128 -125
 227 0143 0A       		.uleb128 0xa
 228 0144 02040000 		.4byte	.LASF31
 229 0148 FE7E     		.sleb128 -130
 230 014a 0A       		.uleb128 0xa
 231 014b 6B060000 		.4byte	.LASF32
 232 014f FD7E     		.sleb128 -131
 233 0151 0A       		.uleb128 0xa
 234 0152 10070000 		.4byte	.LASF33
 235 0156 FC7E     		.sleb128 -132
 236 0158 0A       		.uleb128 0xa
 237 0159 9F040000 		.4byte	.LASF34
 238 015d FB7E     		.sleb128 -133
 239 015f 0A       		.uleb128 0xa
 240 0160 6C010000 		.4byte	.LASF35
 241 0164 FA7E     		.sleb128 -134
 242 0166 0A       		.uleb128 0xa
 243 0167 2C040000 		.4byte	.LASF36
 244 016b F97E     		.sleb128 -135
 245 016d 0A       		.uleb128 0xa
 246 016e 13040000 		.4byte	.LASF37
 247 0172 F87E     		.sleb128 -136
 248 0174 0A       		.uleb128 0xa
 249 0175 5D020000 		.4byte	.LASF38
 250 0179 F77E     		.sleb128 -137
 251 017b 0A       		.uleb128 0xa
 252 017c 2A060000 		.4byte	.LASF39
 253 0180 F67E     		.sleb128 -138
 254 0182 0A       		.uleb128 0xa
ARM GAS  C:\Users\ddemidov\AppData\Local\Temp\ccfxC1TO.s 			page 7


 255 0183 4E070000 		.4byte	.LASF40
 256 0187 F57E     		.sleb128 -139
 257 0189 0A       		.uleb128 0xa
 258 018a A4030000 		.4byte	.LASF41
 259 018e F47E     		.sleb128 -140
 260 0190 0A       		.uleb128 0xa
 261 0191 B7000000 		.4byte	.LASF42
 262 0195 F37E     		.sleb128 -141
 263 0197 0A       		.uleb128 0xa
 264 0198 AD070000 		.4byte	.LASF43
 265 019c F27E     		.sleb128 -142
 266 019e 0A       		.uleb128 0xa
 267 019f 34060000 		.4byte	.LASF44
 268 01a3 F17E     		.sleb128 -143
 269 01a5 0A       		.uleb128 0xa
 270 01a6 33070000 		.4byte	.LASF45
 271 01aa F07E     		.sleb128 -144
 272 01ac 0A       		.uleb128 0xa
 273 01ad 98010000 		.4byte	.LASF46
 274 01b1 EF7E     		.sleb128 -145
 275 01b3 0A       		.uleb128 0xa
 276 01b4 1D040000 		.4byte	.LASF47
 277 01b8 EE7E     		.sleb128 -146
 278 01ba 0A       		.uleb128 0xa
 279 01bb 67040000 		.4byte	.LASF48
 280 01bf ED7E     		.sleb128 -147
 281 01c1 0A       		.uleb128 0xa
 282 01c2 76020000 		.4byte	.LASF49
 283 01c6 EC7E     		.sleb128 -148
 284 01c8 0A       		.uleb128 0xa
 285 01c9 25070000 		.4byte	.LASF50
 286 01cd EB7E     		.sleb128 -149
 287 01cf 0A       		.uleb128 0xa
 288 01d0 CF000000 		.4byte	.LASF51
 289 01d4 EA7E     		.sleb128 -150
 290 01d6 0A       		.uleb128 0xa
 291 01d7 10050000 		.4byte	.LASF52
 292 01db E97E     		.sleb128 -151
 293 01dd 0A       		.uleb128 0xa
 294 01de D0040000 		.4byte	.LASF53
 295 01e2 E87E     		.sleb128 -152
 296 01e4 0A       		.uleb128 0xa
 297 01e5 61010000 		.4byte	.LASF54
 298 01e9 E77E     		.sleb128 -153
 299 01eb 0A       		.uleb128 0xa
 300 01ec 38010000 		.4byte	.LASF55
 301 01f0 E67E     		.sleb128 -154
 302 01f2 0A       		.uleb128 0xa
 303 01f3 09060000 		.4byte	.LASF56
 304 01f7 E57E     		.sleb128 -155
 305 01f9 0A       		.uleb128 0xa
 306 01fa 32030000 		.4byte	.LASF57
 307 01fe E47E     		.sleb128 -156
 308 0200 0A       		.uleb128 0xa
 309 0201 EC050000 		.4byte	.LASF58
 310 0205 E37E     		.sleb128 -157
 311 0207 0A       		.uleb128 0xa
ARM GAS  C:\Users\ddemidov\AppData\Local\Temp\ccfxC1TO.s 			page 8


 312 0208 8E000000 		.4byte	.LASF59
 313 020c E27E     		.sleb128 -158
 314 020e 0A       		.uleb128 0xa
 315 020f 1B060000 		.4byte	.LASF60
 316 0213 E17E     		.sleb128 -159
 317 0215 0A       		.uleb128 0xa
 318 0216 32050000 		.4byte	.LASF61
 319 021a E07E     		.sleb128 -160
 320 021c 0A       		.uleb128 0xa
 321 021d AF060000 		.4byte	.LASF62
 322 0221 D67E     		.sleb128 -170
 323 0223 0A       		.uleb128 0xa
 324 0224 79010000 		.4byte	.LASF63
 325 0228 D57E     		.sleb128 -171
 326 022a 0A       		.uleb128 0xa
 327 022b 97020000 		.4byte	.LASF64
 328 022f D47E     		.sleb128 -172
 329 0231 0A       		.uleb128 0xa
 330 0232 B7020000 		.4byte	.LASF65
 331 0236 D37E     		.sleb128 -173
 332 0238 0A       		.uleb128 0xa
 333 0239 9D050000 		.4byte	.LASF66
 334 023d D27E     		.sleb128 -174
 335 023f 0A       		.uleb128 0xa
 336 0240 97070000 		.4byte	.LASF67
 337 0244 D17E     		.sleb128 -175
 338 0246 0A       		.uleb128 0xa
 339 0247 2C010000 		.4byte	.LASF68
 340 024b D07E     		.sleb128 -176
 341 024d 0A       		.uleb128 0xa
 342 024e EE010000 		.4byte	.LASF69
 343 0252 CF7E     		.sleb128 -177
 344 0254 0A       		.uleb128 0xa
 345 0255 FA050000 		.4byte	.LASF70
 346 0259 CC7E     		.sleb128 -180
 347 025b 0A       		.uleb128 0xa
 348 025c CA050000 		.4byte	.LASF71
 349 0260 CB7E     		.sleb128 -181
 350 0262 0A       		.uleb128 0xa
 351 0263 33040000 		.4byte	.LASF72
 352 0267 CA7E     		.sleb128 -182
 353 0269 0A       		.uleb128 0xa
 354 026a 66020000 		.4byte	.LASF73
 355 026e C97E     		.sleb128 -183
 356 0270 0A       		.uleb128 0xa
 357 0271 7F040000 		.4byte	.LASF74
 358 0275 C87E     		.sleb128 -184
 359 0277 0A       		.uleb128 0xa
 360 0278 5B070000 		.4byte	.LASF75
 361 027c C77E     		.sleb128 -185
 362 027e 0A       		.uleb128 0xa
 363 027f E1010000 		.4byte	.LASF76
 364 0283 C67E     		.sleb128 -186
 365 0285 0A       		.uleb128 0xa
 366 0286 F9010000 		.4byte	.LASF77
 367 028a C57E     		.sleb128 -187
 368 028c 0A       		.uleb128 0xa
ARM GAS  C:\Users\ddemidov\AppData\Local\Temp\ccfxC1TO.s 			page 9


 369 028d 26020000 		.4byte	.LASF78
 370 0291 C47E     		.sleb128 -188
 371 0293 0A       		.uleb128 0xa
 372 0294 78060000 		.4byte	.LASF79
 373 0298 C37E     		.sleb128 -189
 374 029a 0A       		.uleb128 0xa
 375 029b 36020000 		.4byte	.LASF80
 376 029f C27E     		.sleb128 -190
 377 02a1 0A       		.uleb128 0xa
 378 02a2 BD030000 		.4byte	.LASF81
 379 02a6 C17E     		.sleb128 -191
 380 02a8 0A       		.uleb128 0xa
 381 02a9 C0040000 		.4byte	.LASF82
 382 02ad C07E     		.sleb128 -192
 383 02af 0A       		.uleb128 0xa
 384 02b0 18020000 		.4byte	.LASF83
 385 02b4 BF7E     		.sleb128 -193
 386 02b6 0A       		.uleb128 0xa
 387 02b7 DD030000 		.4byte	.LASF84
 388 02bb BE7E     		.sleb128 -194
 389 02bd 0A       		.uleb128 0xa
 390 02be 19070000 		.4byte	.LASF85
 391 02c2 BD7E     		.sleb128 -195
 392 02c4 0A       		.uleb128 0xa
 393 02c5 02050000 		.4byte	.LASF86
 394 02c9 BC7E     		.sleb128 -196
 395 02cb 0A       		.uleb128 0xa
 396 02cc AD050000 		.4byte	.LASF87
 397 02d0 BB7E     		.sleb128 -197
 398 02d2 0A       		.uleb128 0xa
 399 02d3 78070000 		.4byte	.LASF88
 400 02d7 BA7E     		.sleb128 -198
 401 02d9 0A       		.uleb128 0xa
 402 02da E1000000 		.4byte	.LASF89
 403 02de B97E     		.sleb128 -199
 404 02e0 0A       		.uleb128 0xa
 405 02e1 BD060000 		.4byte	.LASF90
 406 02e5 B87E     		.sleb128 -200
 407 02e7 0A       		.uleb128 0xa
 408 02e8 61060000 		.4byte	.LASF91
 409 02ec B77E     		.sleb128 -201
 410 02ee 0A       		.uleb128 0xa
 411 02ef DE050000 		.4byte	.LASF92
 412 02f3 B67E     		.sleb128 -202
 413 02f5 0A       		.uleb128 0xa
 414 02f6 6D030000 		.4byte	.LASF93
 415 02fa B57E     		.sleb128 -203
 416 02fc 0A       		.uleb128 0xa
 417 02fd BA070000 		.4byte	.LASF94
 418 0301 B47E     		.sleb128 -204
 419 0303 0A       		.uleb128 0xa
 420 0304 00070000 		.4byte	.LASF95
 421 0308 B37E     		.sleb128 -205
 422 030a 0A       		.uleb128 0xa
 423 030b A7020000 		.4byte	.LASF96
 424 030f B27E     		.sleb128 -206
 425 0311 0A       		.uleb128 0xa
ARM GAS  C:\Users\ddemidov\AppData\Local\Temp\ccfxC1TO.s 			page 10


 426 0312 88020000 		.4byte	.LASF97
 427 0316 B17E     		.sleb128 -207
 428 0318 0A       		.uleb128 0xa
 429 0319 FF020000 		.4byte	.LASF98
 430 031d B07E     		.sleb128 -208
 431 031f 0A       		.uleb128 0xa
 432 0320 21050000 		.4byte	.LASF99
 433 0324 AF7E     		.sleb128 -209
 434 0326 0A       		.uleb128 0xa
 435 0327 44010000 		.4byte	.LASF100
 436 032b AE7E     		.sleb128 -210
 437 032d 0A       		.uleb128 0xa
 438 032e C1010000 		.4byte	.LASF101
 439 0332 AD7E     		.sleb128 -211
 440 0334 0A       		.uleb128 0xa
 441 0335 F7000000 		.4byte	.LASF102
 442 0339 AC7E     		.sleb128 -212
 443 033b 0A       		.uleb128 0xa
 444 033c 21030000 		.4byte	.LASF103
 445 0340 AB7E     		.sleb128 -213
 446 0342 0A       		.uleb128 0xa
 447 0343 74040000 		.4byte	.LASF104
 448 0347 AA7E     		.sleb128 -214
 449 0349 0A       		.uleb128 0xa
 450 034a C0050000 		.4byte	.LASF105
 451 034e A97E     		.sleb128 -215
 452 0350 0A       		.uleb128 0xa
 453 0351 F0020000 		.4byte	.LASF106
 454 0355 A87E     		.sleb128 -216
 455 0357 0A       		.uleb128 0xa
 456 0358 87010000 		.4byte	.LASF107
 457 035c A77E     		.sleb128 -217
 458 035e 0A       		.uleb128 0xa
 459 035f B0030000 		.4byte	.LASF108
 460 0363 A67E     		.sleb128 -218
 461 0365 0A       		.uleb128 0xa
 462 0366 A1060000 		.4byte	.LASF109
 463 036a A57E     		.sleb128 -219
 464 036c 0A       		.uleb128 0xa
 465 036d 8A060000 		.4byte	.LASF110
 466 0371 A47E     		.sleb128 -220
 467 0373 0A       		.uleb128 0xa
 468 0374 ED030000 		.4byte	.LASF111
 469 0378 A37E     		.sleb128 -221
 470 037a 0A       		.uleb128 0xa
 471 037b 42060000 		.4byte	.LASF112
 472 037f A17E     		.sleb128 -223
 473 0381 0A       		.uleb128 0xa
 474 0382 55040000 		.4byte	.LASF113
 475 0386 A07E     		.sleb128 -224
 476 0388 0A       		.uleb128 0xa
 477 0389 A6070000 		.4byte	.LASF114
 478 038d 9F7E     		.sleb128 -225
 479 038f 0A       		.uleb128 0xa
 480 0390 0A010000 		.4byte	.LASF115
 481 0394 9E7E     		.sleb128 -226
 482 0396 0A       		.uleb128 0xa
ARM GAS  C:\Users\ddemidov\AppData\Local\Temp\ccfxC1TO.s 			page 11


 483 0397 52060000 		.4byte	.LASF116
 484 039b 9D7E     		.sleb128 -227
 485 039d 0A       		.uleb128 0xa
 486 039e A4000000 		.4byte	.LASF117
 487 03a2 9C7E     		.sleb128 -228
 488 03a4 0A       		.uleb128 0xa
 489 03a5 D4010000 		.4byte	.LASF118
 490 03a9 9B7E     		.sleb128 -229
 491 03ab 0A       		.uleb128 0xa
 492 03ac 56010000 		.4byte	.LASF119
 493 03b0 9A7E     		.sleb128 -230
 494 03b2 0A       		.uleb128 0xa
 495 03b3 6D070000 		.4byte	.LASF120
 496 03b7 997E     		.sleb128 -231
 497 03b9 0A       		.uleb128 0xa
 498 03ba 93040000 		.4byte	.LASF121
 499 03be 987E     		.sleb128 -232
 500 03c0 0A       		.uleb128 0xa
 501 03c1 5C040000 		.4byte	.LASF122
 502 03c5 D47D     		.sleb128 -300
 503 03c7 00       		.byte	0
 504 03c8 0B       		.uleb128 0xb
 505 03c9 58030000 		.4byte	.LASF127
 506 03cd 01       		.byte	0x1
 507 03ce 36       		.byte	0x36
 508 03cf 25000000 		.4byte	0x25
 509 03d3 00000000 		.4byte	.LFB0
 510 03d7 06000000 		.4byte	.LFE0-.LFB0
 511 03db 01       		.uleb128 0x1
 512 03dc 9C       		.byte	0x9c
 513 03dd EF030000 		.4byte	0x3ef
 514 03e1 0C       		.uleb128 0xc
 515 03e2 6600     		.ascii	"f\000"
 516 03e4 01       		.byte	0x1
 517 03e5 36       		.byte	0x36
 518 03e6 84000000 		.4byte	0x84
 519 03ea 00000000 		.4byte	.LLST0
 520 03ee 00       		.byte	0
 521 03ef 0D       		.uleb128 0xd
 522 03f0 8F030000 		.4byte	.LASF128
 523 03f4 01       		.byte	0x1
 524 03f5 48       		.byte	0x48
 525 03f6 25000000 		.4byte	0x25
 526 03fa 00000000 		.4byte	.LFB1
 527 03fe 06000000 		.4byte	.LFE1-.LFB1
 528 0402 01       		.uleb128 0x1
 529 0403 9C       		.byte	0x9c
 530 0404 0E       		.uleb128 0xe
 531 0405 C4020000 		.4byte	.LASF129
 532 0409 01       		.byte	0x1
 533 040a 53       		.byte	0x53
 534 040b 00000000 		.4byte	.LFB2
 535 040f 02000000 		.4byte	.LFE2-.LFB2
 536 0413 01       		.uleb128 0x1
 537 0414 9C       		.byte	0x9c
 538 0415 00       		.byte	0
 539              		.section	.debug_abbrev,"",%progbits
ARM GAS  C:\Users\ddemidov\AppData\Local\Temp\ccfxC1TO.s 			page 12


 540              	.Ldebug_abbrev0:
 541 0000 01       		.uleb128 0x1
 542 0001 11       		.uleb128 0x11
 543 0002 01       		.byte	0x1
 544 0003 25       		.uleb128 0x25
 545 0004 0E       		.uleb128 0xe
 546 0005 13       		.uleb128 0x13
 547 0006 0B       		.uleb128 0xb
 548 0007 03       		.uleb128 0x3
 549 0008 0E       		.uleb128 0xe
 550 0009 1B       		.uleb128 0x1b
 551 000a 0E       		.uleb128 0xe
 552 000b 55       		.uleb128 0x55
 553 000c 17       		.uleb128 0x17
 554 000d 11       		.uleb128 0x11
 555 000e 01       		.uleb128 0x1
 556 000f 10       		.uleb128 0x10
 557 0010 17       		.uleb128 0x17
 558 0011 00       		.byte	0
 559 0012 00       		.byte	0
 560 0013 02       		.uleb128 0x2
 561 0014 24       		.uleb128 0x24
 562 0015 00       		.byte	0
 563 0016 0B       		.uleb128 0xb
 564 0017 0B       		.uleb128 0xb
 565 0018 3E       		.uleb128 0x3e
 566 0019 0B       		.uleb128 0xb
 567 001a 03       		.uleb128 0x3
 568 001b 08       		.uleb128 0x8
 569 001c 00       		.byte	0
 570 001d 00       		.byte	0
 571 001e 03       		.uleb128 0x3
 572 001f 24       		.uleb128 0x24
 573 0020 00       		.byte	0
 574 0021 0B       		.uleb128 0xb
 575 0022 0B       		.uleb128 0xb
 576 0023 3E       		.uleb128 0x3e
 577 0024 0B       		.uleb128 0xb
 578 0025 03       		.uleb128 0x3
 579 0026 0E       		.uleb128 0xe
 580 0027 00       		.byte	0
 581 0028 00       		.byte	0
 582 0029 04       		.uleb128 0x4
 583 002a 0F       		.uleb128 0xf
 584 002b 00       		.byte	0
 585 002c 0B       		.uleb128 0xb
 586 002d 0B       		.uleb128 0xb
 587 002e 49       		.uleb128 0x49
 588 002f 13       		.uleb128 0x13
 589 0030 00       		.byte	0
 590 0031 00       		.byte	0
 591 0032 05       		.uleb128 0x5
 592 0033 26       		.uleb128 0x26
 593 0034 00       		.byte	0
 594 0035 49       		.uleb128 0x49
 595 0036 13       		.uleb128 0x13
 596 0037 00       		.byte	0
ARM GAS  C:\Users\ddemidov\AppData\Local\Temp\ccfxC1TO.s 			page 13


 597 0038 00       		.byte	0
 598 0039 06       		.uleb128 0x6
 599 003a 16       		.uleb128 0x16
 600 003b 00       		.byte	0
 601 003c 03       		.uleb128 0x3
 602 003d 0E       		.uleb128 0xe
 603 003e 3A       		.uleb128 0x3a
 604 003f 0B       		.uleb128 0xb
 605 0040 3B       		.uleb128 0x3b
 606 0041 0B       		.uleb128 0xb
 607 0042 49       		.uleb128 0x49
 608 0043 13       		.uleb128 0x13
 609 0044 00       		.byte	0
 610 0045 00       		.byte	0
 611 0046 07       		.uleb128 0x7
 612 0047 15       		.uleb128 0x15
 613 0048 01       		.byte	0x1
 614 0049 27       		.uleb128 0x27
 615 004a 19       		.uleb128 0x19
 616 004b 01       		.uleb128 0x1
 617 004c 13       		.uleb128 0x13
 618 004d 00       		.byte	0
 619 004e 00       		.byte	0
 620 004f 08       		.uleb128 0x8
 621 0050 05       		.uleb128 0x5
 622 0051 00       		.byte	0
 623 0052 49       		.uleb128 0x49
 624 0053 13       		.uleb128 0x13
 625 0054 00       		.byte	0
 626 0055 00       		.byte	0
 627 0056 09       		.uleb128 0x9
 628 0057 04       		.uleb128 0x4
 629 0058 01       		.byte	0x1
 630 0059 0B       		.uleb128 0xb
 631 005a 0B       		.uleb128 0xb
 632 005b 3A       		.uleb128 0x3a
 633 005c 0B       		.uleb128 0xb
 634 005d 3B       		.uleb128 0x3b
 635 005e 0B       		.uleb128 0xb
 636 005f 01       		.uleb128 0x1
 637 0060 13       		.uleb128 0x13
 638 0061 00       		.byte	0
 639 0062 00       		.byte	0
 640 0063 0A       		.uleb128 0xa
 641 0064 28       		.uleb128 0x28
 642 0065 00       		.byte	0
 643 0066 03       		.uleb128 0x3
 644 0067 0E       		.uleb128 0xe
 645 0068 1C       		.uleb128 0x1c
 646 0069 0D       		.uleb128 0xd
 647 006a 00       		.byte	0
 648 006b 00       		.byte	0
 649 006c 0B       		.uleb128 0xb
 650 006d 2E       		.uleb128 0x2e
 651 006e 01       		.byte	0x1
 652 006f 3F       		.uleb128 0x3f
 653 0070 19       		.uleb128 0x19
ARM GAS  C:\Users\ddemidov\AppData\Local\Temp\ccfxC1TO.s 			page 14


 654 0071 03       		.uleb128 0x3
 655 0072 0E       		.uleb128 0xe
 656 0073 3A       		.uleb128 0x3a
 657 0074 0B       		.uleb128 0xb
 658 0075 3B       		.uleb128 0x3b
 659 0076 0B       		.uleb128 0xb
 660 0077 27       		.uleb128 0x27
 661 0078 19       		.uleb128 0x19
 662 0079 49       		.uleb128 0x49
 663 007a 13       		.uleb128 0x13
 664 007b 11       		.uleb128 0x11
 665 007c 01       		.uleb128 0x1
 666 007d 12       		.uleb128 0x12
 667 007e 06       		.uleb128 0x6
 668 007f 40       		.uleb128 0x40
 669 0080 18       		.uleb128 0x18
 670 0081 9742     		.uleb128 0x2117
 671 0083 19       		.uleb128 0x19
 672 0084 01       		.uleb128 0x1
 673 0085 13       		.uleb128 0x13
 674 0086 00       		.byte	0
 675 0087 00       		.byte	0
 676 0088 0C       		.uleb128 0xc
 677 0089 05       		.uleb128 0x5
 678 008a 00       		.byte	0
 679 008b 03       		.uleb128 0x3
 680 008c 08       		.uleb128 0x8
 681 008d 3A       		.uleb128 0x3a
 682 008e 0B       		.uleb128 0xb
 683 008f 3B       		.uleb128 0x3b
 684 0090 0B       		.uleb128 0xb
 685 0091 49       		.uleb128 0x49
 686 0092 13       		.uleb128 0x13
 687 0093 02       		.uleb128 0x2
 688 0094 17       		.uleb128 0x17
 689 0095 00       		.byte	0
 690 0096 00       		.byte	0
 691 0097 0D       		.uleb128 0xd
 692 0098 2E       		.uleb128 0x2e
 693 0099 00       		.byte	0
 694 009a 3F       		.uleb128 0x3f
 695 009b 19       		.uleb128 0x19
 696 009c 03       		.uleb128 0x3
 697 009d 0E       		.uleb128 0xe
 698 009e 3A       		.uleb128 0x3a
 699 009f 0B       		.uleb128 0xb
 700 00a0 3B       		.uleb128 0x3b
 701 00a1 0B       		.uleb128 0xb
 702 00a2 27       		.uleb128 0x27
 703 00a3 19       		.uleb128 0x19
 704 00a4 49       		.uleb128 0x49
 705 00a5 13       		.uleb128 0x13
 706 00a6 11       		.uleb128 0x11
 707 00a7 01       		.uleb128 0x1
 708 00a8 12       		.uleb128 0x12
 709 00a9 06       		.uleb128 0x6
 710 00aa 40       		.uleb128 0x40
ARM GAS  C:\Users\ddemidov\AppData\Local\Temp\ccfxC1TO.s 			page 15


 711 00ab 18       		.uleb128 0x18
 712 00ac 9742     		.uleb128 0x2117
 713 00ae 19       		.uleb128 0x19
 714 00af 00       		.byte	0
 715 00b0 00       		.byte	0
 716 00b1 0E       		.uleb128 0xe
 717 00b2 2E       		.uleb128 0x2e
 718 00b3 00       		.byte	0
 719 00b4 3F       		.uleb128 0x3f
 720 00b5 19       		.uleb128 0x19
 721 00b6 03       		.uleb128 0x3
 722 00b7 0E       		.uleb128 0xe
 723 00b8 3A       		.uleb128 0x3a
 724 00b9 0B       		.uleb128 0xb
 725 00ba 3B       		.uleb128 0x3b
 726 00bb 0B       		.uleb128 0xb
 727 00bc 27       		.uleb128 0x27
 728 00bd 19       		.uleb128 0x19
 729 00be 11       		.uleb128 0x11
 730 00bf 01       		.uleb128 0x1
 731 00c0 12       		.uleb128 0x12
 732 00c1 06       		.uleb128 0x6
 733 00c2 40       		.uleb128 0x40
 734 00c3 18       		.uleb128 0x18
 735 00c4 9742     		.uleb128 0x2117
 736 00c6 19       		.uleb128 0x19
 737 00c7 00       		.byte	0
 738 00c8 00       		.byte	0
 739 00c9 00       		.byte	0
 740              		.section	.debug_loc,"",%progbits
 741              	.Ldebug_loc0:
 742              	.LLST0:
 743 0000 00000000 		.4byte	.LVL0
 744 0004 02000000 		.4byte	.LVL1
 745 0008 0100     		.2byte	0x1
 746 000a 50       		.byte	0x50
 747 000b 02000000 		.4byte	.LVL1
 748 000f 06000000 		.4byte	.LFE0
 749 0013 0400     		.2byte	0x4
 750 0015 F3       		.byte	0xf3
 751 0016 01       		.uleb128 0x1
 752 0017 50       		.byte	0x50
 753 0018 9F       		.byte	0x9f
 754 0019 00000000 		.4byte	0
 755 001d 00000000 		.4byte	0
 756              		.section	.debug_aranges,"",%progbits
 757 0000 2C000000 		.4byte	0x2c
 758 0004 0200     		.2byte	0x2
 759 0006 00000000 		.4byte	.Ldebug_info0
 760 000a 04       		.byte	0x4
 761 000b 00       		.byte	0
 762 000c 0000     		.2byte	0
 763 000e 0000     		.2byte	0
 764 0010 00000000 		.4byte	.LFB0
 765 0014 06000000 		.4byte	.LFE0-.LFB0
 766 0018 00000000 		.4byte	.LFB1
 767 001c 06000000 		.4byte	.LFE1-.LFB1
ARM GAS  C:\Users\ddemidov\AppData\Local\Temp\ccfxC1TO.s 			page 16


 768 0020 00000000 		.4byte	.LFB2
 769 0024 02000000 		.4byte	.LFE2-.LFB2
 770 0028 00000000 		.4byte	0
 771 002c 00000000 		.4byte	0
 772              		.section	.debug_ranges,"",%progbits
 773              	.Ldebug_ranges0:
 774 0000 00000000 		.4byte	.LFB0
 775 0004 06000000 		.4byte	.LFE0
 776 0008 00000000 		.4byte	.LFB1
 777 000c 06000000 		.4byte	.LFE1
 778 0010 00000000 		.4byte	.LFB2
 779 0014 02000000 		.4byte	.LFE2
 780 0018 00000000 		.4byte	0
 781 001c 00000000 		.4byte	0
 782              		.section	.debug_line,"",%progbits
 783              	.Ldebug_line0:
 784 0000 CA000000 		.section	.debug_str,"MS",%progbits,1
 784      02009000 
 784      00000201 
 784      FB0E0D00 
 784      01010101 
 785              	.LASF123:
 786 0000 474E5520 		.ascii	"GNU C 4.9.3 20150303 (release) [ARM/embedded-4_9-br"
 786      4320342E 
 786      392E3320 
 786      32303135 
 786      30333033 
 787 0033 616E6368 		.ascii	"anch revision 221220] -mcpu=cortex-m0 -mthumb -g -O"
 787      20726576 
 787      6973696F 
 787      6E203232 
 787      31323230 
 788 0066 73202D66 		.ascii	"s -ffunction-sections -ffat-lto-objects\000"
 788      66756E63 
 788      74696F6E 
 788      2D736563 
 788      74696F6E 
 789              	.LASF59:
 790 008e 41534E5F 		.ascii	"ASN_DH_KEY_E\000"
 790      44485F4B 
 790      45595F45 
 790      00
 791              	.LASF30:
 792 009b 4D454D4F 		.ascii	"MEMORY_E\000"
 792      52595F45 
 792      00
 793              	.LASF117:
 794 00a4 57435F49 		.ascii	"WC_INIT_E\000"
 794      4E49545F 
 794      4500
 795              	.LASF22:
 796 00ae 4D505F53 		.ascii	"MP_SUB_E\000"
 796      55425F45 
 796      00
 797              	.LASF42:
 798 00b7 41534E5F 		.ascii	"ASN_VERSION_E\000"
 798      56455253 
ARM GAS  C:\Users\ddemidov\AppData\Local\Temp\ccfxC1TO.s 			page 17


 798      494F4E5F 
 798      4500
 799              	.LASF29:
 800 00c5 4D505F5A 		.ascii	"MP_ZERO_E\000"
 800      45524F5F 
 800      4500
 801              	.LASF51:
 802 00cf 41534E5F 		.ascii	"ASN_BEFORE_DATE_E\000"
 802      4245464F 
 802      52455F44 
 802      4154455F 
 802      4500
 803              	.LASF89:
 804 00e1 524E475F 		.ascii	"RNG_FAILURE_E\000"
 804      4641494C 
 804      5552455F 
 804      4500
 805              	.LASF21:
 806 00ef 4D505F54 		.ascii	"MP_TO_E\000"
 806      4F5F4500 
 807              	.LASF102:
 808 00f7 54485245 		.ascii	"THREAD_STORE_SET_E\000"
 808      41445F53 
 808      544F5245 
 808      5F534554 
 808      5F4500
 809              	.LASF115:
 810 010a 4B455955 		.ascii	"KEYUSAGE_E\000"
 810      53414745 
 810      5F4500
 811              	.LASF3:
 812 0115 6C6F6E67 		.ascii	"long long unsigned int\000"
 812      206C6F6E 
 812      6720756E 
 812      7369676E 
 812      65642069 
 813              	.LASF68:
 814 012c 4E4F5F50 		.ascii	"NO_PASSWORD\000"
 814      41535357 
 814      4F524400 
 815              	.LASF55:
 816 0138 41534E5F 		.ascii	"ASN_INPUT_E\000"
 816      494E5055 
 816      545F4500 
 817              	.LASF100:
 818 0144 41455347 		.ascii	"AESGCM_KAT_FIPS_E\000"
 818      434D5F4B 
 818      41545F46 
 818      4950535F 
 818      4500
 819              	.LASF119:
 820 0156 4241445F 		.ascii	"BAD_COND_E\000"
 820      434F4E44 
 820      5F4500
 821              	.LASF54:
 822 0161 41534E5F 		.ascii	"ASN_TIME_E\000"
 822      54494D45 
ARM GAS  C:\Users\ddemidov\AppData\Local\Temp\ccfxC1TO.s 			page 18


 822      5F4500
 823              	.LASF35:
 824 016c 5055424C 		.ascii	"PUBLIC_KEY_E\000"
 824      49435F4B 
 824      45595F45 
 824      00
 825              	.LASF63:
 826 0179 41534E5F 		.ascii	"ASN_ECC_KEY_E\000"
 826      4543435F 
 826      4B45595F 
 826      4500
 827              	.LASF107:
 828 0187 5352505F 		.ascii	"SRP_CALL_ORDER_E\000"
 828      43414C4C 
 828      5F4F5244 
 828      45525F45 
 828      00
 829              	.LASF46:
 830 0198 41534E5F 		.ascii	"ASN_TAG_NULL_E\000"
 830      5441475F 
 830      4E554C4C 
 830      5F4500
 831              	.LASF8:
 832 01a7 6C6F6E67 		.ascii	"long long int\000"
 832      206C6F6E 
 832      6720696E 
 832      7400
 833              	.LASF4:
 834 01b5 7369676E 		.ascii	"signed char\000"
 834      65642063 
 834      68617200 
 835              	.LASF101:
 836 01c1 54485245 		.ascii	"THREAD_STORE_KEY_E\000"
 836      41445F53 
 836      544F5245 
 836      5F4B4559 
 836      5F4500
 837              	.LASF118:
 838 01d4 5349475F 		.ascii	"SIG_VERIFY_E\000"
 838      56455249 
 838      46595F45 
 838      00
 839              	.LASF76:
 840 01e1 4445434F 		.ascii	"DECOMPRESS_E\000"
 840      4D505245 
 840      53535F45 
 840      00
 841              	.LASF69:
 842 01ee 414C545F 		.ascii	"ALT_NAME_E\000"
 842      4E414D45 
 842      5F4500
 843              	.LASF77:
 844 01f9 4241445F 		.ascii	"BAD_ALIGN_E\000"
 844      414C4947 
 844      4E5F4500 
 845              	.LASF6:
 846 0205 6C6F6E67 		.ascii	"long int\000"
ARM GAS  C:\Users\ddemidov\AppData\Local\Temp\ccfxC1TO.s 			page 19


 846      20696E74 
 846      00
 847              	.LASF18:
 848 020e 4D505F49 		.ascii	"MP_INIT_E\000"
 848      4E49545F 
 848      4500
 849              	.LASF83:
 850 0218 4241445F 		.ascii	"BAD_PADDING_E\000"
 850      50414444 
 850      494E475F 
 850      4500
 851              	.LASF78:
 852 0226 41534E5F 		.ascii	"ASN_NO_SIGNER_E\000"
 852      4E4F5F53 
 852      49474E45 
 852      525F4500 
 853              	.LASF80:
 854 0236 41534E5F 		.ascii	"ASN_CRL_NO_SIGNER_E\000"
 854      43524C5F 
 854      4E4F5F53 
 854      49474E45 
 854      525F4500 
 855              	.LASF23:
 856 024a 4D505F41 		.ascii	"MP_ADD_E\000"
 856      44445F45 
 856      00
 857              	.LASF19:
 858 0253 4D505F52 		.ascii	"MP_READ_E\000"
 858      4541445F 
 858      4500
 859              	.LASF38:
 860 025d 49535355 		.ascii	"ISSUER_E\000"
 860      45525F45 
 860      00
 861              	.LASF73:
 862 0266 434F4D50 		.ascii	"COMPRESS_INIT_E\000"
 862      52455353 
 862      5F494E49 
 862      545F4500 
 863              	.LASF49:
 864 0276 41534E5F 		.ascii	"ASN_UNKNOWN_OID_E\000"
 864      554E4B4E 
 864      4F574E5F 
 864      4F49445F 
 864      4500
 865              	.LASF97:
 866 0288 5253415F 		.ascii	"RSA_KAT_FIPS_E\000"
 866      4B41545F 
 866      46495053 
 866      5F4500
 867              	.LASF64:
 868 0297 4543435F 		.ascii	"ECC_CURVE_OID_E\000"
 868      43555256 
 868      455F4F49 
 868      445F4500 
 869              	.LASF96:
 870 02a7 484D4143 		.ascii	"HMAC_KAT_FIPS_E\000"
ARM GAS  C:\Users\ddemidov\AppData\Local\Temp\ccfxC1TO.s 			page 20


 870      5F4B4154 
 870      5F464950 
 870      535F4500 
 871              	.LASF65:
 872 02b7 4241445F 		.ascii	"BAD_FUNC_ARG\000"
 872      46554E43 
 872      5F415247 
 872      00
 873              	.LASF129:
 874 02c4 776F6C66 		.ascii	"wolfSSL_Debugging_OFF\000"
 874      53534C5F 
 874      44656275 
 874      6767696E 
 874      675F4F46 
 875              	.LASF2:
 876 02da 756E7369 		.ascii	"unsigned int\000"
 876      676E6564 
 876      20696E74 
 876      00
 877              	.LASF28:
 878 02e7 4D505F43 		.ascii	"MP_CMP_E\000"
 878      4D505F45 
 878      00
 879              	.LASF106:
 880 02f0 4543435F 		.ascii	"ECC_PRIV_KEY_E\000"
 880      50524956 
 880      5F4B4559 
 880      5F4500
 881              	.LASF98:
 882 02ff 44524247 		.ascii	"DRBG_KAT_FIPS_E\000"
 882      5F4B4154 
 882      5F464950 
 882      535F4500 
 883              	.LASF7:
 884 030f 6C6F6E67 		.ascii	"long unsigned int\000"
 884      20756E73 
 884      69676E65 
 884      6420696E 
 884      7400
 885              	.LASF103:
 886 0321 4D41435F 		.ascii	"MAC_CMP_FAILED_E\000"
 886      434D505F 
 886      4641494C 
 886      45445F45 
 886      00
 887              	.LASF57:
 888 0332 41534E5F 		.ascii	"ASN_SIG_HASH_E\000"
 888      5349475F 
 888      48415348 
 888      5F4500
 889              	.LASF12:
 890 0341 4F50454E 		.ascii	"OPEN_RAN_E\000"
 890      5F52414E 
 890      5F4500
 891              	.LASF27:
 892 034c 4D505F49 		.ascii	"MP_INVMOD_E\000"
 892      4E564D4F 
ARM GAS  C:\Users\ddemidov\AppData\Local\Temp\ccfxC1TO.s 			page 21


 892      445F4500 
 893              	.LASF127:
 894 0358 776F6C66 		.ascii	"wolfSSL_SetLoggingCb\000"
 894      53534C5F 
 894      5365744C 
 894      6F676769 
 894      6E674362 
 895              	.LASF93:
 896 036d 494E5F43 		.ascii	"IN_CORE_FIPS_E\000"
 896      4F52455F 
 896      46495053 
 896      5F4500
 897              	.LASF1:
 898 037c 73686F72 		.ascii	"short unsigned int\000"
 898      7420756E 
 898      7369676E 
 898      65642069 
 898      6E7400
 899              	.LASF128:
 900 038f 776F6C66 		.ascii	"wolfSSL_Debugging_ON\000"
 900      53534C5F 
 900      44656275 
 900      6767696E 
 900      675F4F4E 
 901              	.LASF41:
 902 03a4 41534E5F 		.ascii	"ASN_PARSE_E\000"
 902      50415253 
 902      455F4500 
 903              	.LASF108:
 904 03b0 5352505F 		.ascii	"SRP_VERIFY_E\000"
 904      56455249 
 904      46595F45 
 904      00
 905              	.LASF81:
 906 03bd 41534E5F 		.ascii	"ASN_OCSP_CONFIRM_E\000"
 906      4F435350 
 906      5F434F4E 
 906      4649524D 
 906      5F4500
 907              	.LASF20:
 908 03d0 4D505F45 		.ascii	"MP_EXPTMOD_E\000"
 908      5850544D 
 908      4F445F45 
 908      00
 909              	.LASF84:
 910 03dd 5245515F 		.ascii	"REQ_ATTRIBUTE_E\000"
 910      41545452 
 910      49425554 
 910      455F4500 
 911              	.LASF111:
 912 03ed 41534E5F 		.ascii	"ASN_NO_AKID\000"
 912      4E4F5F41 
 912      4B494400 
 913              	.LASF24:
 914 03f9 4D505F4D 		.ascii	"MP_MUL_E\000"
 914      554C5F45 
 914      00
ARM GAS  C:\Users\ddemidov\AppData\Local\Temp\ccfxC1TO.s 			page 22


 915              	.LASF31:
 916 0402 5253415F 		.ascii	"RSA_WRONG_TYPE_E\000"
 916      57524F4E 
 916      475F5459 
 916      50455F45 
 916      00
 917              	.LASF37:
 918 0413 5355424A 		.ascii	"SUBJECT_E\000"
 918      4543545F 
 918      4500
 919              	.LASF47:
 920 041d 41534E5F 		.ascii	"ASN_EXPECT_0_E\000"
 920      45585045 
 920      43545F30 
 920      5F4500
 921              	.LASF36:
 922 042c 44415445 		.ascii	"DATE_E\000"
 922      5F4500
 923              	.LASF72:
 924 0433 43415649 		.ascii	"CAVIUM_INIT_E\000"
 924      554D5F49 
 924      4E49545F 
 924      4500
 925              	.LASF9:
 926 0441 73697A65 		.ascii	"sizetype\000"
 926      74797065 
 926      00
 927              	.LASF13:
 928 044a 52454144 		.ascii	"READ_RAN_E\000"
 928      5F52414E 
 928      5F4500
 929              	.LASF113:
 930 0455 534B4944 		.ascii	"SKID_E\000"
 930      5F4500
 931              	.LASF122:
 932 045c 4D494E5F 		.ascii	"MIN_CODE_E\000"
 932      434F4445 
 932      5F4500
 933              	.LASF48:
 934 0467 41534E5F 		.ascii	"ASN_BITSTR_E\000"
 934      42495453 
 934      54525F45 
 934      00
 935              	.LASF104:
 936 0474 49535F50 		.ascii	"IS_POINT_E\000"
 936      4F494E54 
 936      5F4500
 937              	.LASF74:
 938 047f 434F4D50 		.ascii	"COMPRESS_E\000"
 938      52455353 
 938      5F4500
 939              	.LASF26:
 940 048a 4D505F4D 		.ascii	"MP_MOD_E\000"
 940      4F445F45 
 940      00
 941              	.LASF121:
 942 0493 48415348 		.ascii	"HASH_TYPE_E\000"
ARM GAS  C:\Users\ddemidov\AppData\Local\Temp\ccfxC1TO.s 			page 23


 942      5F545950 
 942      455F4500 
 943              	.LASF34:
 944 049f 414C474F 		.ascii	"ALGO_ID_E\000"
 944      5F49445F 
 944      4500
 945              	.LASF16:
 946 04a9 52414E5F 		.ascii	"RAN_BLOCK_E\000"
 946      424C4F43 
 946      4B5F4500 
 947              	.LASF11:
 948 04b5 4D41585F 		.ascii	"MAX_CODE_E\000"
 948      434F4445 
 948      5F4500
 949              	.LASF82:
 950 04c0 4241445F 		.ascii	"BAD_ENC_STATE_E\000"
 950      454E435F 
 950      53544154 
 950      455F4500 
 951              	.LASF53:
 952 04d0 41534E5F 		.ascii	"ASN_SIG_OID_E\000"
 952      5349475F 
 952      4F49445F 
 952      4500
 953              	.LASF0:
 954 04de 756E7369 		.ascii	"unsigned char\000"
 954      676E6564 
 954      20636861 
 954      7200
 955              	.LASF25:
 956 04ec 4D505F4D 		.ascii	"MP_MULMOD_E\000"
 956      554C4D4F 
 956      445F4500 
 957              	.LASF5:
 958 04f8 73686F72 		.ascii	"short int\000"
 958      7420696E 
 958      7400
 959              	.LASF86:
 960 0502 504B4353 		.ascii	"PKCS7_RECIP_E\000"
 960      375F5245 
 960      4349505F 
 960      4500
 961              	.LASF52:
 962 0510 41534E5F 		.ascii	"ASN_AFTER_DATE_E\000"
 962      41465445 
 962      525F4441 
 962      54455F45 
 962      00
 963              	.LASF99:
 964 0521 44524247 		.ascii	"DRBG_CONT_FIPS_E\000"
 964      5F434F4E 
 964      545F4649 
 964      50535F45 
 964      00
 965              	.LASF61:
 966 0532 41534E5F 		.ascii	"ASN_CRIT_EXT_E\000"
 966      43524954 
ARM GAS  C:\Users\ddemidov\AppData\Local\Temp\ccfxC1TO.s 			page 24


 966      5F455854 
 966      5F4500
 967              	.LASF126:
 968 0541 776F6C66 		.ascii	"wolfSSL_Logging_cb\000"
 968      53534C5F 
 968      4C6F6767 
 968      696E675F 
 968      636200
 969              	.LASF125:
 970 0554 433A5C55 		.ascii	"C:\\Users\\ddemidov\\Documents\\PSoC Creator\\BLE_F"
 970      73657273 
 970      5C646465 
 970      6D69646F 
 970      765C446F 
 971 0582 696E644D 		.ascii	"indMe01\\SenseAbility.cydsn\000"
 971      6530315C 
 971      53656E73 
 971      65416269 
 971      6C697479 
 972              	.LASF66:
 973 059d 4E4F545F 		.ascii	"NOT_COMPILED_IN\000"
 973      434F4D50 
 973      494C4544 
 973      5F494E00 
 974              	.LASF87:
 975 05ad 46495053 		.ascii	"FIPS_NOT_ALLOWED_E\000"
 975      5F4E4F54 
 975      5F414C4C 
 975      4F574544 
 975      5F4500
 976              	.LASF105:
 977 05c0 4543435F 		.ascii	"ECC_INF_E\000"
 977      494E465F 
 977      4500
 978              	.LASF71:
 979 05ca 4145535F 		.ascii	"AES_CCM_AUTH_E\000"
 979      43434D5F 
 979      41555448 
 979      5F4500
 980              	.LASF10:
 981 05d9 63686172 		.ascii	"char\000"
 981      00
 982              	.LASF92:
 983 05de 4C454E47 		.ascii	"LENGTH_ONLY_E\000"
 983      54485F4F 
 983      4E4C595F 
 983      4500
 984              	.LASF58:
 985 05ec 41534E5F 		.ascii	"ASN_SIG_KEY_E\000"
 985      5349475F 
 985      4B45595F 
 985      4500
 986              	.LASF70:
 987 05fa 4145535F 		.ascii	"AES_GCM_AUTH_E\000"
 987      47434D5F 
 987      41555448 
 987      5F4500
ARM GAS  C:\Users\ddemidov\AppData\Local\Temp\ccfxC1TO.s 			page 25


 988              	.LASF56:
 989 0609 41534E5F 		.ascii	"ASN_SIG_CONFIRM_E\000"
 989      5349475F 
 989      434F4E46 
 989      49524D5F 
 989      4500
 990              	.LASF60:
 991 061b 41534E5F 		.ascii	"ASN_NTRU_KEY_E\000"
 991      4E545255 
 991      5F4B4559 
 991      5F4500
 992              	.LASF39:
 993 062a 43415F54 		.ascii	"CA_TRUE_E\000"
 993      5255455F 
 993      4500
 994              	.LASF44:
 995 0634 41534E5F 		.ascii	"ASN_RSA_KEY_E\000"
 995      5253415F 
 995      4B45595F 
 995      4500
 996              	.LASF112:
 997 0642 41534E5F 		.ascii	"ASN_NO_KEYUSAGE\000"
 997      4E4F5F4B 
 997      45595553 
 997      41474500 
 998              	.LASF116:
 999 0652 43455254 		.ascii	"CERTPOLICIES_E\000"
 999      504F4C49 
 999      43494553 
 999      5F4500
 1000              	.LASF91:
 1001 0661 5253415F 		.ascii	"RSA_PAD_E\000"
 1001      5041445F 
 1001      4500
 1002              	.LASF32:
 1003 066b 5253415F 		.ascii	"RSA_BUFFER_E\000"
 1003      42554646 
 1003      45525F45 
 1003      00
 1004              	.LASF79:
 1005 0678 41534E5F 		.ascii	"ASN_CRL_CONFIRM_E\000"
 1005      43524C5F 
 1005      434F4E46 
 1005      49524D5F 
 1005      4500
 1006              	.LASF110:
 1007 068a 41534E5F 		.ascii	"ASN_NO_SKID\000"
 1007      4E4F5F53 
 1007      4B494400 
 1008              	.LASF14:
 1009 0696 57494E43 		.ascii	"WINCRYPT_E\000"
 1009      52595054 
 1009      5F4500
 1010              	.LASF109:
 1011 06a1 5352505F 		.ascii	"SRP_BAD_KEY_E\000"
 1011      4241445F 
 1011      4B45595F 
ARM GAS  C:\Users\ddemidov\AppData\Local\Temp\ccfxC1TO.s 			page 26


 1011      4500
 1012              	.LASF62:
 1013 06af 4543435F 		.ascii	"ECC_BAD_ARG_E\000"
 1013      4241445F 
 1013      4152475F 
 1013      4500
 1014              	.LASF90:
 1015 06bd 484D4143 		.ascii	"HMAC_MIN_KEYLEN_E\000"
 1015      5F4D494E 
 1015      5F4B4559 
 1015      4C454E5F 
 1015      4500
 1016              	.LASF124:
 1017 06cf 2E2E5C61 		.ascii	"..\\acn-sdk-c\\src\\wolfSSL\\wolfcrypt\\src\\loggin"
 1017      636E2D73 
 1017      646B2D63 
 1017      5C737263 
 1017      5C776F6C 
 1018 06fc 672E6300 		.ascii	"g.c\000"
 1019              	.LASF95:
 1020 0700 44455333 		.ascii	"DES3_KAT_FIPS_E\000"
 1020      5F4B4154 
 1020      5F464950 
 1020      535F4500 
 1021              	.LASF33:
 1022 0710 42554646 		.ascii	"BUFFER_E\000"
 1022      45525F45 
 1022      00
 1023              	.LASF85:
 1024 0719 504B4353 		.ascii	"PKCS7_OID_E\000"
 1024      375F4F49 
 1024      445F4500 
 1025              	.LASF50:
 1026 0725 41534E5F 		.ascii	"ASN_DATE_SZ_E\000"
 1026      44415445 
 1026      5F535A5F 
 1026      4500
 1027              	.LASF45:
 1028 0733 41534E5F 		.ascii	"ASN_OBJECT_ID_E\000"
 1028      4F424A45 
 1028      43545F49 
 1028      445F4500 
 1029              	.LASF15:
 1030 0743 43525950 		.ascii	"CRYPTGEN_E\000"
 1030      5447454E 
 1030      5F4500
 1031              	.LASF40:
 1032 074e 45585445 		.ascii	"EXTENSIONS_E\000"
 1032      4E53494F 
 1032      4E535F45 
 1032      00
 1033              	.LASF75:
 1034 075b 4445434F 		.ascii	"DECOMPRESS_INIT_E\000"
 1034      4D505245 
 1034      53535F49 
 1034      4E49545F 
 1034      4500
ARM GAS  C:\Users\ddemidov\AppData\Local\Temp\ccfxC1TO.s 			page 27


 1035              	.LASF120:
 1036 076d 5349475F 		.ascii	"SIG_TYPE_E\000"
 1036      54595045 
 1036      5F4500
 1037              	.LASF88:
 1038 0778 41534E5F 		.ascii	"ASN_NAME_INVALID_E\000"
 1038      4E414D45 
 1038      5F494E56 
 1038      414C4944 
 1038      5F4500
 1039              	.LASF17:
 1040 078b 4241445F 		.ascii	"BAD_MUTEX_E\000"
 1040      4D555445 
 1040      585F4500 
 1041              	.LASF67:
 1042 0797 554E4943 		.ascii	"UNICODE_SIZE_E\000"
 1042      4F44455F 
 1042      53495A45 
 1042      5F4500
 1043              	.LASF114:
 1044 07a6 414B4944 		.ascii	"AKID_E\000"
 1044      5F4500
 1045              	.LASF43:
 1046 07ad 41534E5F 		.ascii	"ASN_GETINT_E\000"
 1046      47455449 
 1046      4E545F45 
 1046      00
 1047              	.LASF94:
 1048 07ba 4145535F 		.ascii	"AES_KAT_FIPS_E\000"
 1048      4B41545F 
 1048      46495053 
 1048      5F4500
 1049              		.ident	"GCC: (GNU Tools for ARM Embedded Processors) 4.9.3 20150303 (release) [ARM/embedded-4_9-br
