ARM GAS  C:\Users\ddemidov\AppData\Local\Temp\ccj6ZMvG.s 			page 1


   1              		.cpu cortex-m0
   2              		.fpu softvfp
   3              		.eabi_attribute 20, 1
   4              		.eabi_attribute 21, 1
   5              		.eabi_attribute 23, 3
   6              		.eabi_attribute 24, 1
   7              		.eabi_attribute 25, 1
   8              		.eabi_attribute 26, 1
   9              		.eabi_attribute 30, 4
  10              		.eabi_attribute 34, 0
  11              		.eabi_attribute 18, 4
  12              		.code	16
  13              		.file	"misc.c"
  14              		.text
  15              	.Ltext0:
  16              		.cfi_sections	.debug_frame
  17              	.Letext0:
  18              		.section	.debug_info,"",%progbits
  19              	.Ldebug_info0:
  20 0000 6E000000 		.4byte	0x6e
  21 0004 0400     		.2byte	0x4
  22 0006 00000000 		.4byte	.Ldebug_abbrev0
  23 000a 04       		.byte	0x4
  24 000b 01       		.uleb128 0x1
  25 000c 48000000 		.4byte	.LASF11
  26 0010 01       		.byte	0x1
  27 0011 ED000000 		.4byte	.LASF12
  28 0015 3B010000 		.4byte	.LASF13
  29 0019 00000000 		.4byte	.Ldebug_line0
  30 001d 02       		.uleb128 0x2
  31 001e 04       		.byte	0x4
  32 001f 05       		.byte	0x5
  33 0020 696E7400 		.ascii	"int\000"
  34 0024 03       		.uleb128 0x3
  35 0025 01       		.byte	0x1
  36 0026 08       		.byte	0x8
  37 0027 1B010000 		.4byte	.LASF0
  38 002b 03       		.uleb128 0x3
  39 002c 02       		.byte	0x2
  40 002d 07       		.byte	0x7
  41 002e 2B000000 		.4byte	.LASF1
  42 0032 03       		.uleb128 0x3
  43 0033 04       		.byte	0x4
  44 0034 07       		.byte	0x7
  45 0035 00000000 		.4byte	.LASF2
  46 0039 03       		.uleb128 0x3
  47 003a 08       		.byte	0x8
  48 003b 07       		.byte	0x7
  49 003c D6000000 		.4byte	.LASF3
  50 0040 03       		.uleb128 0x3
  51 0041 01       		.byte	0x1
  52 0042 06       		.byte	0x6
  53 0043 1F000000 		.4byte	.LASF4
  54 0047 03       		.uleb128 0x3
  55 0048 02       		.byte	0x2
  56 0049 05       		.byte	0x5
  57 004a 3E000000 		.4byte	.LASF5
ARM GAS  C:\Users\ddemidov\AppData\Local\Temp\ccj6ZMvG.s 			page 2


  58 004e 03       		.uleb128 0x3
  59 004f 04       		.byte	0x4
  60 0050 05       		.byte	0x5
  61 0051 29010000 		.4byte	.LASF6
  62 0055 03       		.uleb128 0x3
  63 0056 04       		.byte	0x4
  64 0057 07       		.byte	0x7
  65 0058 0D000000 		.4byte	.LASF7
  66 005c 03       		.uleb128 0x3
  67 005d 08       		.byte	0x8
  68 005e 05       		.byte	0x5
  69 005f 89010000 		.4byte	.LASF8
  70 0063 03       		.uleb128 0x3
  71 0064 04       		.byte	0x4
  72 0065 07       		.byte	0x7
  73 0066 32010000 		.4byte	.LASF9
  74 006a 03       		.uleb128 0x3
  75 006b 01       		.byte	0x1
  76 006c 08       		.byte	0x8
  77 006d 84010000 		.4byte	.LASF10
  78 0071 00       		.byte	0
  79              		.section	.debug_abbrev,"",%progbits
  80              	.Ldebug_abbrev0:
  81 0000 01       		.uleb128 0x1
  82 0001 11       		.uleb128 0x11
  83 0002 01       		.byte	0x1
  84 0003 25       		.uleb128 0x25
  85 0004 0E       		.uleb128 0xe
  86 0005 13       		.uleb128 0x13
  87 0006 0B       		.uleb128 0xb
  88 0007 03       		.uleb128 0x3
  89 0008 0E       		.uleb128 0xe
  90 0009 1B       		.uleb128 0x1b
  91 000a 0E       		.uleb128 0xe
  92 000b 10       		.uleb128 0x10
  93 000c 17       		.uleb128 0x17
  94 000d 00       		.byte	0
  95 000e 00       		.byte	0
  96 000f 02       		.uleb128 0x2
  97 0010 24       		.uleb128 0x24
  98 0011 00       		.byte	0
  99 0012 0B       		.uleb128 0xb
 100 0013 0B       		.uleb128 0xb
 101 0014 3E       		.uleb128 0x3e
 102 0015 0B       		.uleb128 0xb
 103 0016 03       		.uleb128 0x3
 104 0017 08       		.uleb128 0x8
 105 0018 00       		.byte	0
 106 0019 00       		.byte	0
 107 001a 03       		.uleb128 0x3
 108 001b 24       		.uleb128 0x24
 109 001c 00       		.byte	0
 110 001d 0B       		.uleb128 0xb
 111 001e 0B       		.uleb128 0xb
 112 001f 3E       		.uleb128 0x3e
 113 0020 0B       		.uleb128 0xb
 114 0021 03       		.uleb128 0x3
ARM GAS  C:\Users\ddemidov\AppData\Local\Temp\ccj6ZMvG.s 			page 3


 115 0022 0E       		.uleb128 0xe
 116 0023 00       		.byte	0
 117 0024 00       		.byte	0
 118 0025 00       		.byte	0
 119              		.section	.debug_aranges,"",%progbits
 120 0000 14000000 		.4byte	0x14
 121 0004 0200     		.2byte	0x2
 122 0006 00000000 		.4byte	.Ldebug_info0
 123 000a 04       		.byte	0x4
 124 000b 00       		.byte	0
 125 000c 0000     		.2byte	0
 126 000e 0000     		.2byte	0
 127 0010 00000000 		.4byte	0
 128 0014 00000000 		.4byte	0
 129              		.section	.debug_line,"",%progbits
 130              	.Ldebug_line0:
 131 0000 19000000 		.section	.debug_str,"MS",%progbits,1
 131      02001300 
 131      00000201 
 131      FB0E0D00 
 131      01010101 
 132              	.LASF2:
 133 0000 756E7369 		.ascii	"unsigned int\000"
 133      676E6564 
 133      20696E74 
 133      00
 134              	.LASF7:
 135 000d 6C6F6E67 		.ascii	"long unsigned int\000"
 135      20756E73 
 135      69676E65 
 135      6420696E 
 135      7400
 136              	.LASF4:
 137 001f 7369676E 		.ascii	"signed char\000"
 137      65642063 
 137      68617200 
 138              	.LASF1:
 139 002b 73686F72 		.ascii	"short unsigned int\000"
 139      7420756E 
 139      7369676E 
 139      65642069 
 139      6E7400
 140              	.LASF5:
 141 003e 73686F72 		.ascii	"short int\000"
 141      7420696E 
 141      7400
 142              	.LASF11:
 143 0048 474E5520 		.ascii	"GNU C 4.9.3 20150303 (release) [ARM/embedded-4_9-br"
 143      4320342E 
 143      392E3320 
 143      32303135 
 143      30333033 
 144 007b 616E6368 		.ascii	"anch revision 221220] -mcpu=cortex-m0 -mthumb -g -O"
 144      20726576 
 144      6973696F 
 144      6E203232 
 144      31323230 
ARM GAS  C:\Users\ddemidov\AppData\Local\Temp\ccj6ZMvG.s 			page 4


 145 00ae 73202D66 		.ascii	"s -ffunction-sections -ffat-lto-objects\000"
 145      66756E63 
 145      74696F6E 
 145      2D736563 
 145      74696F6E 
 146              	.LASF3:
 147 00d6 6C6F6E67 		.ascii	"long long unsigned int\000"
 147      206C6F6E 
 147      6720756E 
 147      7369676E 
 147      65642069 
 148              	.LASF12:
 149 00ed 2E2E5C61 		.ascii	"..\\acn-sdk-c\\src\\wolfSSL\\wolfcrypt\\src\\misc.c"
 149      636E2D73 
 149      646B2D63 
 149      5C737263 
 149      5C776F6C 
 150 011a 00       		.ascii	"\000"
 151              	.LASF0:
 152 011b 756E7369 		.ascii	"unsigned char\000"
 152      676E6564 
 152      20636861 
 152      7200
 153              	.LASF6:
 154 0129 6C6F6E67 		.ascii	"long int\000"
 154      20696E74 
 154      00
 155              	.LASF9:
 156 0132 73697A65 		.ascii	"sizetype\000"
 156      74797065 
 156      00
 157              	.LASF13:
 158 013b 433A5C55 		.ascii	"C:\\Users\\ddemidov\\Documents\\PSoC Creator\\BLE_F"
 158      73657273 
 158      5C646465 
 158      6D69646F 
 158      765C446F 
 159 0169 696E644D 		.ascii	"indMe01\\SenseAbility.cydsn\000"
 159      6530315C 
 159      53656E73 
 159      65416269 
 159      6C697479 
 160              	.LASF10:
 161 0184 63686172 		.ascii	"char\000"
 161      00
 162              	.LASF8:
 163 0189 6C6F6E67 		.ascii	"long long int\000"
 163      206C6F6E 
 163      6720696E 
 163      7400
 164              		.ident	"GCC: (GNU Tools for ARM Embedded Processors) 4.9.3 20150303 (release) [ARM/embedded-4_9-br
