ARM GAS  C:\Users\ddemidov\AppData\Local\Temp\ccwZ1bXK.s 			page 1


   1              		.cpu cortex-m0
   2              		.fpu softvfp
   3              		.eabi_attribute 20, 1
   4              		.eabi_attribute 21, 1
   5              		.eabi_attribute 23, 3
   6              		.eabi_attribute 24, 1
   7              		.eabi_attribute 25, 1
   8              		.eabi_attribute 26, 1
   9              		.eabi_attribute 30, 4
  10              		.eabi_attribute 34, 0
  11              		.eabi_attribute 18, 4
  12              		.code	16
  13              		.file	"MQTTUnsubscribeClient.c"
  14              		.text
  15              	.Ltext0:
  16              		.cfi_sections	.debug_frame
  17              		.section	.text.MQTTSerialize_unsubscribe,"ax",%progbits
  18              		.align	1
  19              		.global	MQTTSerialize_unsubscribe
  20              		.code	16
  21              		.thumb_func
  22              		.type	MQTTSerialize_unsubscribe, %function
  23              	MQTTSerialize_unsubscribe:
  24              	.LFB1:
  25              		.file 1 "..\\acn-sdk-c\\src\\mqtt\\packet\\src\\MQTTUnsubscribeClient.c"
   1:..\acn-sdk-c\src\mqtt\packet\src/MQTTUnsubscribeClient.c **** /*******************************************************************************
   2:..\acn-sdk-c\src\mqtt\packet\src/MQTTUnsubscribeClient.c ****  * Copyright (c) 2014 IBM Corp.
   3:..\acn-sdk-c\src\mqtt\packet\src/MQTTUnsubscribeClient.c ****  *
   4:..\acn-sdk-c\src\mqtt\packet\src/MQTTUnsubscribeClient.c ****  * All rights reserved. This program and the accompanying materials
   5:..\acn-sdk-c\src\mqtt\packet\src/MQTTUnsubscribeClient.c ****  * are made available under the terms of the Eclipse Public License v1.0
   6:..\acn-sdk-c\src\mqtt\packet\src/MQTTUnsubscribeClient.c ****  * and Eclipse Distribution License v1.0 which accompany this distribution.
   7:..\acn-sdk-c\src\mqtt\packet\src/MQTTUnsubscribeClient.c ****  *
   8:..\acn-sdk-c\src\mqtt\packet\src/MQTTUnsubscribeClient.c ****  * The Eclipse Public License is available at
   9:..\acn-sdk-c\src\mqtt\packet\src/MQTTUnsubscribeClient.c ****  *    http://www.eclipse.org/legal/epl-v10.html
  10:..\acn-sdk-c\src\mqtt\packet\src/MQTTUnsubscribeClient.c ****  * and the Eclipse Distribution License is available at
  11:..\acn-sdk-c\src\mqtt\packet\src/MQTTUnsubscribeClient.c ****  *   http://www.eclipse.org/org/documents/edl-v10.php.
  12:..\acn-sdk-c\src\mqtt\packet\src/MQTTUnsubscribeClient.c ****  *
  13:..\acn-sdk-c\src\mqtt\packet\src/MQTTUnsubscribeClient.c ****  * Contributors:
  14:..\acn-sdk-c\src\mqtt\packet\src/MQTTUnsubscribeClient.c ****  *    Ian Craggs - initial API and implementation and/or initial documentation
  15:..\acn-sdk-c\src\mqtt\packet\src/MQTTUnsubscribeClient.c ****  *******************************************************************************/
  16:..\acn-sdk-c\src\mqtt\packet\src/MQTTUnsubscribeClient.c **** 
  17:..\acn-sdk-c\src\mqtt\packet\src/MQTTUnsubscribeClient.c **** #include "mqtt/packet/MQTTPacket.h"
  18:..\acn-sdk-c\src\mqtt\packet\src/MQTTUnsubscribeClient.c **** #include "mqtt/packet/StackTrace.h"
  19:..\acn-sdk-c\src\mqtt\packet\src/MQTTUnsubscribeClient.c **** #include "mqtt/packet/MQTTUnsubscribe.h"
  20:..\acn-sdk-c\src\mqtt\packet\src/MQTTUnsubscribeClient.c **** 
  21:..\acn-sdk-c\src\mqtt\packet\src/MQTTUnsubscribeClient.c **** #if defined(__USE_STD__)
  22:..\acn-sdk-c\src\mqtt\packet\src/MQTTUnsubscribeClient.c **** # include <string.h>
  23:..\acn-sdk-c\src\mqtt\packet\src/MQTTUnsubscribeClient.c **** #endif
  24:..\acn-sdk-c\src\mqtt\packet\src/MQTTUnsubscribeClient.c **** 
  25:..\acn-sdk-c\src\mqtt\packet\src/MQTTUnsubscribeClient.c **** /**
  26:..\acn-sdk-c\src\mqtt\packet\src/MQTTUnsubscribeClient.c ****   * Determines the length of the MQTT unsubscribe packet that would be produced using the supplied 
  27:..\acn-sdk-c\src\mqtt\packet\src/MQTTUnsubscribeClient.c ****   * @param count the number of topic filter strings in topicFilters
  28:..\acn-sdk-c\src\mqtt\packet\src/MQTTUnsubscribeClient.c ****   * @param topicFilters the array of topic filter strings to be used in the publish
  29:..\acn-sdk-c\src\mqtt\packet\src/MQTTUnsubscribeClient.c ****   * @return the length of buffer needed to contain the serialized version of the packet
  30:..\acn-sdk-c\src\mqtt\packet\src/MQTTUnsubscribeClient.c ****   */
  31:..\acn-sdk-c\src\mqtt\packet\src/MQTTUnsubscribeClient.c **** static int MQTTSerialize_unsubscribeLength(int count, MQTTString topicFilters[])
  32:..\acn-sdk-c\src\mqtt\packet\src/MQTTUnsubscribeClient.c **** {
ARM GAS  C:\Users\ddemidov\AppData\Local\Temp\ccwZ1bXK.s 			page 2


  33:..\acn-sdk-c\src\mqtt\packet\src/MQTTUnsubscribeClient.c **** 	int i;
  34:..\acn-sdk-c\src\mqtt\packet\src/MQTTUnsubscribeClient.c **** 	int len = 2; /* packetid */
  35:..\acn-sdk-c\src\mqtt\packet\src/MQTTUnsubscribeClient.c **** 
  36:..\acn-sdk-c\src\mqtt\packet\src/MQTTUnsubscribeClient.c **** 	for (i = 0; i < count; ++i)
  37:..\acn-sdk-c\src\mqtt\packet\src/MQTTUnsubscribeClient.c **** 		len += 2 + MQTTstrlen(topicFilters[i]); /* length + topic*/
  38:..\acn-sdk-c\src\mqtt\packet\src/MQTTUnsubscribeClient.c **** 	return len;
  39:..\acn-sdk-c\src\mqtt\packet\src/MQTTUnsubscribeClient.c **** }
  40:..\acn-sdk-c\src\mqtt\packet\src/MQTTUnsubscribeClient.c **** 
  41:..\acn-sdk-c\src\mqtt\packet\src/MQTTUnsubscribeClient.c **** 
  42:..\acn-sdk-c\src\mqtt\packet\src/MQTTUnsubscribeClient.c **** /**
  43:..\acn-sdk-c\src\mqtt\packet\src/MQTTUnsubscribeClient.c ****   * Serializes the supplied unsubscribe data into the supplied buffer, ready for sending
  44:..\acn-sdk-c\src\mqtt\packet\src/MQTTUnsubscribeClient.c ****   * @param buf the raw buffer data, of the correct length determined by the remaining length field
  45:..\acn-sdk-c\src\mqtt\packet\src/MQTTUnsubscribeClient.c ****   * @param buflen the length in bytes of the data in the supplied buffer
  46:..\acn-sdk-c\src\mqtt\packet\src/MQTTUnsubscribeClient.c ****   * @param dup integer - the MQTT dup flag
  47:..\acn-sdk-c\src\mqtt\packet\src/MQTTUnsubscribeClient.c ****   * @param packetid integer - the MQTT packet identifier
  48:..\acn-sdk-c\src\mqtt\packet\src/MQTTUnsubscribeClient.c ****   * @param count - number of members in the topicFilters array
  49:..\acn-sdk-c\src\mqtt\packet\src/MQTTUnsubscribeClient.c ****   * @param topicFilters - array of topic filter names
  50:..\acn-sdk-c\src\mqtt\packet\src/MQTTUnsubscribeClient.c ****   * @return the length of the serialized data.  <= 0 indicates error
  51:..\acn-sdk-c\src\mqtt\packet\src/MQTTUnsubscribeClient.c ****   */
  52:..\acn-sdk-c\src\mqtt\packet\src/MQTTUnsubscribeClient.c **** int MQTTSerialize_unsubscribe(unsigned char* buf, int buflen, unsigned char dup, unsigned short pac
  53:..\acn-sdk-c\src\mqtt\packet\src/MQTTUnsubscribeClient.c **** 		int count, MQTTString topicFilters[])
  54:..\acn-sdk-c\src\mqtt\packet\src/MQTTUnsubscribeClient.c **** {
  26              		.loc 1 54 0
  27              		.cfi_startproc
  28              	.LVL0:
  29 0000 F0B5     		push	{r4, r5, r6, r7, lr}
  30              		.cfi_def_cfa_offset 20
  31              		.cfi_offset 4, -20
  32              		.cfi_offset 5, -16
  33              		.cfi_offset 6, -12
  34              		.cfi_offset 7, -8
  35              		.cfi_offset 14, -4
  36 0002 071C     		mov	r7, r0
  37              	.LBB4:
  38              	.LBB5:
  34:..\acn-sdk-c\src\mqtt\packet\src/MQTTUnsubscribeClient.c **** 
  39              		.loc 1 34 0
  40 0004 0225     		mov	r5, #2
  36:..\acn-sdk-c\src\mqtt\packet\src/MQTTUnsubscribeClient.c **** 		len += 2 + MQTTstrlen(topicFilters[i]); /* length + topic*/
  41              		.loc 1 36 0
  42 0006 0026     		mov	r6, #0
  43              	.LBE5:
  44              	.LBE4:
  45              		.loc 1 54 0
  46 0008 87B0     		sub	sp, sp, #28
  47              		.cfi_def_cfa_offset 48
  48              		.loc 1 54 0
  49 000a 0D9C     		ldr	r4, [sp, #52]
  50 000c 0191     		str	r1, [sp, #4]
  51 000e 0292     		str	r2, [sp, #8]
  52 0010 0393     		str	r3, [sp, #12]
  55:..\acn-sdk-c\src\mqtt\packet\src/MQTTUnsubscribeClient.c **** 	unsigned char *ptr = buf;
  53              		.loc 1 55 0
  54 0012 0590     		str	r0, [sp, #20]
  55              	.LVL1:
  56              	.L2:
  57              	.LBB7:
ARM GAS  C:\Users\ddemidov\AppData\Local\Temp\ccwZ1bXK.s 			page 3


  58              	.LBB6:
  36:..\acn-sdk-c\src\mqtt\packet\src/MQTTUnsubscribeClient.c **** 		len += 2 + MQTTstrlen(topicFilters[i]); /* length + topic*/
  59              		.loc 1 36 0
  60 0014 0C9B     		ldr	r3, [sp, #48]
  61 0016 9E42     		cmp	r6, r3
  62 0018 0BDA     		bge	.L9
  37:..\acn-sdk-c\src\mqtt\packet\src/MQTTUnsubscribeClient.c **** 	return len;
  63              		.loc 1 37 0
  64 001a 0C23     		mov	r3, #12
  65 001c 7343     		mul	r3, r6
  66 001e 1859     		ldr	r0, [r3, r4]
  67 0020 E318     		add	r3, r4, r3
  68 0022 5968     		ldr	r1, [r3, #4]
  69 0024 9A68     		ldr	r2, [r3, #8]
  70 0026 FFF7FEFF 		bl	MQTTstrlen
  71              	.LVL2:
  72 002a 0230     		add	r0, r0, #2
  73 002c 2D18     		add	r5, r5, r0
  74              	.LVL3:
  36:..\acn-sdk-c\src\mqtt\packet\src/MQTTUnsubscribeClient.c **** 		len += 2 + MQTTstrlen(topicFilters[i]); /* length + topic*/
  75              		.loc 1 36 0
  76 002e 0136     		add	r6, r6, #1
  77              	.LVL4:
  78 0030 F0E7     		b	.L2
  79              	.L9:
  80              	.LVL5:
  81              	.LBE6:
  82              	.LBE7:
  56:..\acn-sdk-c\src\mqtt\packet\src/MQTTUnsubscribeClient.c **** 	MQTTHeader header = {0};
  57:..\acn-sdk-c\src\mqtt\packet\src/MQTTUnsubscribeClient.c **** 	int rem_len = 0;
  58:..\acn-sdk-c\src\mqtt\packet\src/MQTTUnsubscribeClient.c **** 	int rc = -1;
  59:..\acn-sdk-c\src\mqtt\packet\src/MQTTUnsubscribeClient.c **** 	int i = 0;
  60:..\acn-sdk-c\src\mqtt\packet\src/MQTTUnsubscribeClient.c **** 
  61:..\acn-sdk-c\src\mqtt\packet\src/MQTTUnsubscribeClient.c **** 	FUNC_ENTRY;
  62:..\acn-sdk-c\src\mqtt\packet\src/MQTTUnsubscribeClient.c **** 	if (MQTTPacket_len(rem_len = MQTTSerialize_unsubscribeLength(count, topicFilters)) > buflen)
  83              		.loc 1 62 0
  84 0032 281C     		mov	r0, r5
  85 0034 FFF7FEFF 		bl	MQTTPacket_len
  86              	.LVL6:
  87 0038 019B     		ldr	r3, [sp, #4]
  88 003a 9842     		cmp	r0, r3
  89 003c 27DC     		bgt	.L7
  63:..\acn-sdk-c\src\mqtt\packet\src/MQTTUnsubscribeClient.c **** 	{
  64:..\acn-sdk-c\src\mqtt\packet\src/MQTTUnsubscribeClient.c **** 		rc = MQTTPACKET_BUFFER_TOO_SHORT;
  65:..\acn-sdk-c\src\mqtt\packet\src/MQTTUnsubscribeClient.c **** 		goto exit;
  66:..\acn-sdk-c\src\mqtt\packet\src/MQTTUnsubscribeClient.c **** 	}
  67:..\acn-sdk-c\src\mqtt\packet\src/MQTTUnsubscribeClient.c **** 
  68:..\acn-sdk-c\src\mqtt\packet\src/MQTTUnsubscribeClient.c **** 	header.byte = 0;
  69:..\acn-sdk-c\src\mqtt\packet\src/MQTTUnsubscribeClient.c **** 	header.bits.type = UNSUBSCRIBE;
  70:..\acn-sdk-c\src\mqtt\packet\src/MQTTUnsubscribeClient.c **** 	header.bits.dup = dup;
  90              		.loc 1 70 0
  91 003e 0121     		mov	r1, #1
  92 0040 029B     		ldr	r3, [sp, #8]
  71:..\acn-sdk-c\src\mqtt\packet\src/MQTTUnsubscribeClient.c **** 	header.bits.qos = 1;
  72:..\acn-sdk-c\src\mqtt\packet\src/MQTTUnsubscribeClient.c **** 	writeChar(&ptr, (char)header.byte); /* write header */
  93              		.loc 1 72 0
  94 0042 05A8     		add	r0, sp, #20
ARM GAS  C:\Users\ddemidov\AppData\Local\Temp\ccwZ1bXK.s 			page 4


  70:..\acn-sdk-c\src\mqtt\packet\src/MQTTUnsubscribeClient.c **** 	header.bits.qos = 1;
  95              		.loc 1 70 0
  96 0044 0B40     		and	r3, r1
  97 0046 D900     		lsl	r1, r3, #3
  71:..\acn-sdk-c\src\mqtt\packet\src/MQTTUnsubscribeClient.c **** 	header.bits.qos = 1;
  98              		.loc 1 71 0
  99 0048 A023     		mov	r3, #160
 100 004a 1943     		orr	r1, r3
 101              		.loc 1 72 0
 102 004c 9E3B     		sub	r3, r3, #158
 103 004e 1943     		orr	r1, r3
 104              	.LVL7:
 105 0050 FFF7FEFF 		bl	writeChar
 106              	.LVL8:
  73:..\acn-sdk-c\src\mqtt\packet\src/MQTTUnsubscribeClient.c **** 
  74:..\acn-sdk-c\src\mqtt\packet\src/MQTTUnsubscribeClient.c **** 	ptr += MQTTPacket_encode(ptr, rem_len); /* write remaining length */;
 107              		.loc 1 74 0
 108 0054 291C     		mov	r1, r5
 109 0056 0598     		ldr	r0, [sp, #20]
 110 0058 FFF7FEFF 		bl	MQTTPacket_encode
 111              	.LVL9:
 112 005c 059B     		ldr	r3, [sp, #20]
  75:..\acn-sdk-c\src\mqtt\packet\src/MQTTUnsubscribeClient.c **** 
  76:..\acn-sdk-c\src\mqtt\packet\src/MQTTUnsubscribeClient.c **** 	writeInt(&ptr, packetid);
 113              		.loc 1 76 0
 114 005e 0399     		ldr	r1, [sp, #12]
  74:..\acn-sdk-c\src\mqtt\packet\src/MQTTUnsubscribeClient.c **** 
 115              		.loc 1 74 0
 116 0060 1818     		add	r0, r3, r0
 117 0062 0590     		str	r0, [sp, #20]
 118              		.loc 1 76 0
 119 0064 05A8     		add	r0, sp, #20
 120 0066 FFF7FEFF 		bl	writeInt
 121              	.LVL10:
  77:..\acn-sdk-c\src\mqtt\packet\src/MQTTUnsubscribeClient.c **** 
  78:..\acn-sdk-c\src\mqtt\packet\src/MQTTUnsubscribeClient.c **** 	for (i = 0; i < count; ++i)
 122              		.loc 1 78 0
 123 006a 0025     		mov	r5, #0
 124              	.LVL11:
 125              	.L5:
 126              		.loc 1 78 0 is_stmt 0 discriminator 1
 127 006c 0C9B     		ldr	r3, [sp, #48]
 128 006e 9D42     		cmp	r5, r3
 129 0070 0ADA     		bge	.L10
  79:..\acn-sdk-c\src\mqtt\packet\src/MQTTUnsubscribeClient.c **** 		writeMQTTString(&ptr, topicFilters[i]);
 130              		.loc 1 79 0 is_stmt 1 discriminator 3
 131 0072 0C23     		mov	r3, #12
 132 0074 6B43     		mul	r3, r5
 133 0076 1959     		ldr	r1, [r3, r4]
 134 0078 E318     		add	r3, r4, r3
 135 007a 5A68     		ldr	r2, [r3, #4]
 136 007c 05A8     		add	r0, sp, #20
 137 007e 9B68     		ldr	r3, [r3, #8]
 138 0080 FFF7FEFF 		bl	writeMQTTString
 139              	.LVL12:
  78:..\acn-sdk-c\src\mqtt\packet\src/MQTTUnsubscribeClient.c **** 		writeMQTTString(&ptr, topicFilters[i]);
 140              		.loc 1 78 0 discriminator 3
ARM GAS  C:\Users\ddemidov\AppData\Local\Temp\ccwZ1bXK.s 			page 5


 141 0084 0135     		add	r5, r5, #1
 142              	.LVL13:
 143 0086 F1E7     		b	.L5
 144              	.L10:
  80:..\acn-sdk-c\src\mqtt\packet\src/MQTTUnsubscribeClient.c **** 
  81:..\acn-sdk-c\src\mqtt\packet\src/MQTTUnsubscribeClient.c **** 	rc = ptr - buf;
 145              		.loc 1 81 0
 146 0088 059B     		ldr	r3, [sp, #20]
 147 008a D81B     		sub	r0, r3, r7
 148              	.LVL14:
 149 008c 01E0     		b	.L4
 150              	.LVL15:
 151              	.L7:
  64:..\acn-sdk-c\src\mqtt\packet\src/MQTTUnsubscribeClient.c **** 		goto exit;
 152              		.loc 1 64 0
 153 008e 0220     		mov	r0, #2
 154 0090 4042     		neg	r0, r0
 155              	.LVL16:
 156              	.L4:
  82:..\acn-sdk-c\src\mqtt\packet\src/MQTTUnsubscribeClient.c **** exit:
  83:..\acn-sdk-c\src\mqtt\packet\src/MQTTUnsubscribeClient.c **** 	FUNC_EXIT_RC(rc);
  84:..\acn-sdk-c\src\mqtt\packet\src/MQTTUnsubscribeClient.c **** 	return rc;
  85:..\acn-sdk-c\src\mqtt\packet\src/MQTTUnsubscribeClient.c **** }
 157              		.loc 1 85 0
 158 0092 07B0     		add	sp, sp, #28
 159              		@ sp needed
 160              	.LVL17:
 161              	.LVL18:
 162              	.LVL19:
 163 0094 F0BD     		pop	{r4, r5, r6, r7, pc}
 164              		.cfi_endproc
 165              	.LFE1:
 166              		.size	MQTTSerialize_unsubscribe, .-MQTTSerialize_unsubscribe
 167              		.section	.text.MQTTDeserialize_unsuback,"ax",%progbits
 168              		.align	1
 169              		.global	MQTTDeserialize_unsuback
 170              		.code	16
 171              		.thumb_func
 172              		.type	MQTTDeserialize_unsuback, %function
 173              	MQTTDeserialize_unsuback:
 174              	.LFB2:
  86:..\acn-sdk-c\src\mqtt\packet\src/MQTTUnsubscribeClient.c **** 
  87:..\acn-sdk-c\src\mqtt\packet\src/MQTTUnsubscribeClient.c **** 
  88:..\acn-sdk-c\src\mqtt\packet\src/MQTTUnsubscribeClient.c **** /**
  89:..\acn-sdk-c\src\mqtt\packet\src/MQTTUnsubscribeClient.c ****   * Deserializes the supplied (wire) buffer into unsuback data
  90:..\acn-sdk-c\src\mqtt\packet\src/MQTTUnsubscribeClient.c ****   * @param packetid returned integer - the MQTT packet identifier
  91:..\acn-sdk-c\src\mqtt\packet\src/MQTTUnsubscribeClient.c ****   * @param buf the raw buffer data, of the correct length determined by the remaining length field
  92:..\acn-sdk-c\src\mqtt\packet\src/MQTTUnsubscribeClient.c ****   * @param buflen the length in bytes of the data in the supplied buffer
  93:..\acn-sdk-c\src\mqtt\packet\src/MQTTUnsubscribeClient.c ****   * @return error code.  1 is success, 0 is failure
  94:..\acn-sdk-c\src\mqtt\packet\src/MQTTUnsubscribeClient.c ****   */
  95:..\acn-sdk-c\src\mqtt\packet\src/MQTTUnsubscribeClient.c **** int MQTTDeserialize_unsuback(unsigned short* packetid, unsigned char* buf, int buflen)
  96:..\acn-sdk-c\src\mqtt\packet\src/MQTTUnsubscribeClient.c **** {
 175              		.loc 1 96 0
 176              		.cfi_startproc
 177              	.LVL20:
 178 0000 30B5     		push	{r4, r5, lr}
 179              		.cfi_def_cfa_offset 12
ARM GAS  C:\Users\ddemidov\AppData\Local\Temp\ccwZ1bXK.s 			page 6


 180              		.cfi_offset 4, -12
 181              		.cfi_offset 5, -8
 182              		.cfi_offset 14, -4
 183 0002 0B1C     		mov	r3, r1
  97:..\acn-sdk-c\src\mqtt\packet\src/MQTTUnsubscribeClient.c **** 	unsigned char type = 0;
 184              		.loc 1 97 0
 185 0004 0E24     		mov	r4, #14
  98:..\acn-sdk-c\src\mqtt\packet\src/MQTTUnsubscribeClient.c **** 	unsigned char dup = 0;
 186              		.loc 1 98 0
 187 0006 0F21     		mov	r1, #15
 188              	.LVL21:
  96:..\acn-sdk-c\src\mqtt\packet\src/MQTTUnsubscribeClient.c **** 	unsigned char type = 0;
 189              		.loc 1 96 0
 190 0008 051C     		mov	r5, r0
  97:..\acn-sdk-c\src\mqtt\packet\src/MQTTUnsubscribeClient.c **** 	unsigned char type = 0;
 191              		.loc 1 97 0
 192 000a 0020     		mov	r0, #0
 193              	.LVL22:
  96:..\acn-sdk-c\src\mqtt\packet\src/MQTTUnsubscribeClient.c **** 	unsigned char type = 0;
 194              		.loc 1 96 0
 195 000c 85B0     		sub	sp, sp, #20
 196              		.cfi_def_cfa_offset 32
  97:..\acn-sdk-c\src\mqtt\packet\src/MQTTUnsubscribeClient.c **** 	unsigned char type = 0;
 197              		.loc 1 97 0
 198 000e 6C44     		add	r4, r4, sp
 199              		.loc 1 98 0
 200 0010 6944     		add	r1, r1, sp
  97:..\acn-sdk-c\src\mqtt\packet\src/MQTTUnsubscribeClient.c **** 	unsigned char type = 0;
 201              		.loc 1 97 0
 202 0012 2070     		strb	r0, [r4]
 203              		.loc 1 98 0
 204 0014 0870     		strb	r0, [r1]
 205              	.LVL23:
  99:..\acn-sdk-c\src\mqtt\packet\src/MQTTUnsubscribeClient.c **** 	int rc = 0;
 100:..\acn-sdk-c\src\mqtt\packet\src/MQTTUnsubscribeClient.c **** 
 101:..\acn-sdk-c\src\mqtt\packet\src/MQTTUnsubscribeClient.c **** 	FUNC_ENTRY;
 102:..\acn-sdk-c\src\mqtt\packet\src/MQTTUnsubscribeClient.c **** 	rc = MQTTDeserialize_ack(&type, &dup, packetid, buf, buflen);
 206              		.loc 1 102 0
 207 0016 0092     		str	r2, [sp]
 208 0018 201C     		mov	r0, r4
 209 001a 2A1C     		mov	r2, r5
 210              	.LVL24:
 211 001c FFF7FEFF 		bl	MQTTDeserialize_ack
 212              	.LVL25:
 103:..\acn-sdk-c\src\mqtt\packet\src/MQTTUnsubscribeClient.c **** 	if (type == UNSUBACK)
 213              		.loc 1 103 0
 214 0020 2378     		ldrb	r3, [r4]
 215 0022 0B2B     		cmp	r3, #11
 216 0024 00D1     		bne	.L12
 104:..\acn-sdk-c\src\mqtt\packet\src/MQTTUnsubscribeClient.c **** 		rc = 1;
 217              		.loc 1 104 0
 218 0026 0120     		mov	r0, #1
 219              	.LVL26:
 220              	.L12:
 105:..\acn-sdk-c\src\mqtt\packet\src/MQTTUnsubscribeClient.c **** 	FUNC_EXIT_RC(rc);
 106:..\acn-sdk-c\src\mqtt\packet\src/MQTTUnsubscribeClient.c **** 	return rc;
 107:..\acn-sdk-c\src\mqtt\packet\src/MQTTUnsubscribeClient.c **** }
ARM GAS  C:\Users\ddemidov\AppData\Local\Temp\ccwZ1bXK.s 			page 7


 221              		.loc 1 107 0
 222 0028 05B0     		add	sp, sp, #20
 223              		@ sp needed
 224              	.LVL27:
 225 002a 30BD     		pop	{r4, r5, pc}
 226              		.cfi_endproc
 227              	.LFE2:
 228              		.size	MQTTDeserialize_unsuback, .-MQTTDeserialize_unsuback
 229              		.text
 230              	.Letext0:
 231              		.file 2 "..\\acn-sdk-c\\include/mqtt/packet/MQTTPacket.h"
 232              		.section	.debug_info,"",%progbits
 233              	.Ldebug_info0:
 234 0000 D8040000 		.4byte	0x4d8
 235 0004 0400     		.2byte	0x4
 236 0006 00000000 		.4byte	.Ldebug_abbrev0
 237 000a 04       		.byte	0x4
 238 000b 01       		.uleb128 0x1
 239 000c 22000000 		.4byte	.LASF55
 240 0010 01       		.byte	0x1
 241 0011 62020000 		.4byte	.LASF56
 242 0015 0B030000 		.4byte	.LASF57
 243 0019 18000000 		.4byte	.Ldebug_ranges0+0x18
 244 001d 00000000 		.4byte	0
 245 0021 00000000 		.4byte	.Ldebug_line0
 246 0025 02       		.uleb128 0x2
 247 0026 9D010000 		.4byte	.LASF3
 248 002a 01       		.byte	0x1
 249 002b 02       		.byte	0x2
 250 002c 2A       		.byte	0x2a
 251 002d 44000000 		.4byte	0x44
 252 0031 03       		.uleb128 0x3
 253 0032 00000000 		.4byte	.LASF0
 254 0036 7E       		.sleb128 -2
 255 0037 03       		.uleb128 0x3
 256 0038 15010000 		.4byte	.LASF1
 257 003c 7F       		.sleb128 -1
 258 003d 03       		.uleb128 0x3
 259 003e CE010000 		.4byte	.LASF2
 260 0042 00       		.sleb128 0
 261 0043 00       		.byte	0
 262 0044 02       		.uleb128 0x2
 263 0045 7F010000 		.4byte	.LASF4
 264 0049 01       		.byte	0x1
 265 004a 02       		.byte	0x2
 266 004b 31       		.byte	0x31
 267 004c A5000000 		.4byte	0xa5
 268 0050 03       		.uleb128 0x3
 269 0051 CC020000 		.4byte	.LASF5
 270 0055 01       		.sleb128 1
 271 0056 03       		.uleb128 0x3
 272 0057 95010000 		.4byte	.LASF6
 273 005b 02       		.sleb128 2
 274 005c 03       		.uleb128 0x3
 275 005d F7020000 		.4byte	.LASF7
 276 0061 03       		.sleb128 3
 277 0062 03       		.uleb128 0x3
ARM GAS  C:\Users\ddemidov\AppData\Local\Temp\ccwZ1bXK.s 			page 8


 278 0063 7C030000 		.4byte	.LASF8
 279 0067 04       		.sleb128 4
 280 0068 03       		.uleb128 0x3
 281 0069 95030000 		.4byte	.LASF9
 282 006d 05       		.sleb128 5
 283 006e 03       		.uleb128 0x3
 284 006f 9C030000 		.4byte	.LASF10
 285 0073 06       		.sleb128 6
 286 0074 03       		.uleb128 0x3
 287 0075 83030000 		.4byte	.LASF11
 288 0079 07       		.sleb128 7
 289 007a 03       		.uleb128 0x3
 290 007b 6D030000 		.4byte	.LASF12
 291 007f 08       		.sleb128 8
 292 0080 03       		.uleb128 0x3
 293 0081 01020000 		.4byte	.LASF13
 294 0085 09       		.sleb128 9
 295 0086 03       		.uleb128 0x3
 296 0087 5C010000 		.4byte	.LASF14
 297 008b 0A       		.sleb128 10
 298 008c 03       		.uleb128 0x3
 299 008d E4000000 		.4byte	.LASF15
 300 0091 0B       		.sleb128 11
 301 0092 03       		.uleb128 0x3
 302 0093 A3030000 		.4byte	.LASF16
 303 0097 0C       		.sleb128 12
 304 0098 03       		.uleb128 0x3
 305 0099 C3020000 		.4byte	.LASF17
 306 009d 0D       		.sleb128 13
 307 009e 03       		.uleb128 0x3
 308 009f B0020000 		.4byte	.LASF18
 309 00a3 0E       		.sleb128 14
 310 00a4 00       		.byte	0
 311 00a5 04       		.uleb128 0x4
 312 00a6 04       		.byte	0x4
 313 00a7 02       		.byte	0x2
 314 00a8 47       		.byte	0x47
 315 00a9 EA000000 		.4byte	0xea
 316 00ad 05       		.uleb128 0x5
 317 00ae ED000000 		.4byte	.LASF19
 318 00b2 02       		.byte	0x2
 319 00b3 49       		.byte	0x49
 320 00b4 EA000000 		.4byte	0xea
 321 00b8 04       		.byte	0x4
 322 00b9 01       		.byte	0x1
 323 00ba 1F       		.byte	0x1f
 324 00bb 00       		.byte	0
 325 00bc 06       		.uleb128 0x6
 326 00bd 716F7300 		.ascii	"qos\000"
 327 00c1 02       		.byte	0x2
 328 00c2 4A       		.byte	0x4a
 329 00c3 EA000000 		.4byte	0xea
 330 00c7 04       		.byte	0x4
 331 00c8 02       		.byte	0x2
 332 00c9 1D       		.byte	0x1d
 333 00ca 00       		.byte	0
 334 00cb 06       		.uleb128 0x6
ARM GAS  C:\Users\ddemidov\AppData\Local\Temp\ccwZ1bXK.s 			page 9


 335 00cc 64757000 		.ascii	"dup\000"
 336 00d0 02       		.byte	0x2
 337 00d1 4B       		.byte	0x4b
 338 00d2 EA000000 		.4byte	0xea
 339 00d6 04       		.byte	0x4
 340 00d7 01       		.byte	0x1
 341 00d8 1C       		.byte	0x1c
 342 00d9 00       		.byte	0
 343 00da 05       		.uleb128 0x5
 344 00db DF000000 		.4byte	.LASF20
 345 00df 02       		.byte	0x2
 346 00e0 4C       		.byte	0x4c
 347 00e1 EA000000 		.4byte	0xea
 348 00e5 04       		.byte	0x4
 349 00e6 04       		.byte	0x4
 350 00e7 18       		.byte	0x18
 351 00e8 00       		.byte	0
 352 00e9 00       		.byte	0
 353 00ea 07       		.uleb128 0x7
 354 00eb 04       		.byte	0x4
 355 00ec 07       		.byte	0x7
 356 00ed 88010000 		.4byte	.LASF23
 357 00f1 08       		.uleb128 0x8
 358 00f2 04       		.byte	0x4
 359 00f3 02       		.byte	0x2
 360 00f4 3B       		.byte	0x3b
 361 00f5 10010000 		.4byte	0x110
 362 00f9 09       		.uleb128 0x9
 363 00fa 68010000 		.4byte	.LASF21
 364 00fe 02       		.byte	0x2
 365 00ff 3D       		.byte	0x3d
 366 0100 10010000 		.4byte	0x110
 367 0104 09       		.uleb128 0x9
 368 0105 4E010000 		.4byte	.LASF22
 369 0109 02       		.byte	0x2
 370 010a 4D       		.byte	0x4d
 371 010b A5000000 		.4byte	0xa5
 372 010f 00       		.byte	0
 373 0110 07       		.uleb128 0x7
 374 0111 01       		.byte	0x1
 375 0112 08       		.byte	0x8
 376 0113 D4020000 		.4byte	.LASF24
 377 0117 0A       		.uleb128 0xa
 378 0118 54030000 		.4byte	.LASF27
 379 011c 02       		.byte	0x2
 380 011d 4F       		.byte	0x4f
 381 011e F1000000 		.4byte	0xf1
 382 0122 04       		.uleb128 0x4
 383 0123 08       		.byte	0x8
 384 0124 02       		.byte	0x2
 385 0125 51       		.byte	0x51
 386 0126 43010000 		.4byte	0x143
 387 012a 0B       		.uleb128 0xb
 388 012b 6C656E00 		.ascii	"len\000"
 389 012f 02       		.byte	0x2
 390 0130 53       		.byte	0x53
 391 0131 43010000 		.4byte	0x143
ARM GAS  C:\Users\ddemidov\AppData\Local\Temp\ccwZ1bXK.s 			page 10


 392 0135 00       		.byte	0
 393 0136 0C       		.uleb128 0xc
 394 0137 B6010000 		.4byte	.LASF25
 395 013b 02       		.byte	0x2
 396 013c 54       		.byte	0x54
 397 013d 4A010000 		.4byte	0x14a
 398 0141 04       		.byte	0x4
 399 0142 00       		.byte	0
 400 0143 0D       		.uleb128 0xd
 401 0144 04       		.byte	0x4
 402 0145 05       		.byte	0x5
 403 0146 696E7400 		.ascii	"int\000"
 404 014a 0E       		.uleb128 0xe
 405 014b 04       		.byte	0x4
 406 014c 50010000 		.4byte	0x150
 407 0150 07       		.uleb128 0x7
 408 0151 01       		.byte	0x1
 409 0152 08       		.byte	0x8
 410 0153 77030000 		.4byte	.LASF26
 411 0157 0A       		.uleb128 0xa
 412 0158 5F030000 		.4byte	.LASF28
 413 015c 02       		.byte	0x2
 414 015d 55       		.byte	0x55
 415 015e 22010000 		.4byte	0x122
 416 0162 04       		.uleb128 0x4
 417 0163 0C       		.byte	0xc
 418 0164 02       		.byte	0x2
 419 0165 57       		.byte	0x57
 420 0166 83010000 		.4byte	0x183
 421 016a 0C       		.uleb128 0xc
 422 016b A8020000 		.4byte	.LASF29
 423 016f 02       		.byte	0x2
 424 0170 59       		.byte	0x59
 425 0171 4A010000 		.4byte	0x14a
 426 0175 00       		.byte	0
 427 0176 0C       		.uleb128 0xc
 428 0177 F4000000 		.4byte	.LASF30
 429 017b 02       		.byte	0x2
 430 017c 5A       		.byte	0x5a
 431 017d 57010000 		.4byte	0x157
 432 0181 04       		.byte	0x4
 433 0182 00       		.byte	0
 434 0183 0A       		.uleb128 0xa
 435 0184 1C020000 		.4byte	.LASF31
 436 0188 02       		.byte	0x2
 437 0189 5B       		.byte	0x5b
 438 018a 62010000 		.4byte	0x162
 439 018e 0E       		.uleb128 0xe
 440 018f 04       		.byte	0x4
 441 0190 10010000 		.4byte	0x110
 442 0194 07       		.uleb128 0x7
 443 0195 01       		.byte	0x1
 444 0196 06       		.byte	0x6
 445 0197 39010000 		.4byte	.LASF32
 446 019b 07       		.uleb128 0x7
 447 019c 02       		.byte	0x2
 448 019d 05       		.byte	0x5
ARM GAS  C:\Users\ddemidov\AppData\Local\Temp\ccwZ1bXK.s 			page 11


 449 019e ED020000 		.4byte	.LASF33
 450 01a2 07       		.uleb128 0x7
 451 01a3 02       		.byte	0x2
 452 01a4 07       		.byte	0x7
 453 01a5 BB010000 		.4byte	.LASF34
 454 01a9 07       		.uleb128 0x7
 455 01aa 04       		.byte	0x4
 456 01ab 05       		.byte	0x5
 457 01ac 53010000 		.4byte	.LASF35
 458 01b0 07       		.uleb128 0x7
 459 01b1 04       		.byte	0x4
 460 01b2 07       		.byte	0x7
 461 01b3 A4010000 		.4byte	.LASF36
 462 01b7 07       		.uleb128 0x7
 463 01b8 08       		.byte	0x8
 464 01b9 05       		.byte	0x5
 465 01ba 2B010000 		.4byte	.LASF37
 466 01be 07       		.uleb128 0x7
 467 01bf 08       		.byte	0x8
 468 01c0 07       		.byte	0x7
 469 01c1 FE000000 		.4byte	.LASF38
 470 01c5 07       		.uleb128 0x7
 471 01c6 04       		.byte	0x4
 472 01c7 07       		.byte	0x7
 473 01c8 49020000 		.4byte	.LASF39
 474 01cc 0F       		.uleb128 0xf
 475 01cd B0000000 		.4byte	.LASF58
 476 01d1 01       		.byte	0x1
 477 01d2 1F       		.byte	0x1f
 478 01d3 43010000 		.4byte	0x143
 479 01d7 01       		.byte	0x1
 480 01d8 07020000 		.4byte	0x207
 481 01dc 10       		.uleb128 0x10
 482 01dd 1C000000 		.4byte	.LASF40
 483 01e1 01       		.byte	0x1
 484 01e2 1F       		.byte	0x1f
 485 01e3 43010000 		.4byte	0x143
 486 01e7 10       		.uleb128 0x10
 487 01e8 9B020000 		.4byte	.LASF41
 488 01ec 01       		.byte	0x1
 489 01ed 1F       		.byte	0x1f
 490 01ee 07020000 		.4byte	0x207
 491 01f2 11       		.uleb128 0x11
 492 01f3 6900     		.ascii	"i\000"
 493 01f5 01       		.byte	0x1
 494 01f6 21       		.byte	0x21
 495 01f7 43010000 		.4byte	0x143
 496 01fb 11       		.uleb128 0x11
 497 01fc 6C656E00 		.ascii	"len\000"
 498 0200 01       		.byte	0x1
 499 0201 22       		.byte	0x22
 500 0202 43010000 		.4byte	0x143
 501 0206 00       		.byte	0
 502 0207 0E       		.uleb128 0xe
 503 0208 04       		.byte	0x4
 504 0209 83010000 		.4byte	0x183
 505 020d 12       		.uleb128 0x12
ARM GAS  C:\Users\ddemidov\AppData\Local\Temp\ccwZ1bXK.s 			page 12


 506 020e E7010000 		.4byte	.LASF46
 507 0212 01       		.byte	0x1
 508 0213 34       		.byte	0x34
 509 0214 43010000 		.4byte	0x143
 510 0218 00000000 		.4byte	.LFB1
 511 021c 96000000 		.4byte	.LFE1-.LFB1
 512 0220 01       		.uleb128 0x1
 513 0221 9C       		.byte	0x9c
 514 0222 88030000 		.4byte	0x388
 515 0226 13       		.uleb128 0x13
 516 0227 62756600 		.ascii	"buf\000"
 517 022b 01       		.byte	0x1
 518 022c 34       		.byte	0x34
 519 022d 8E010000 		.4byte	0x18e
 520 0231 00000000 		.4byte	.LLST0
 521 0235 14       		.uleb128 0x14
 522 0236 FF020000 		.4byte	.LASF42
 523 023a 01       		.byte	0x1
 524 023b 34       		.byte	0x34
 525 023c 43010000 		.4byte	0x143
 526 0240 2C000000 		.4byte	.LLST1
 527 0244 13       		.uleb128 0x13
 528 0245 64757000 		.ascii	"dup\000"
 529 0249 01       		.byte	0x1
 530 024a 34       		.byte	0x34
 531 024b 10010000 		.4byte	0x110
 532 024f 4B000000 		.4byte	.LLST2
 533 0253 14       		.uleb128 0x14
 534 0254 27020000 		.4byte	.LASF43
 535 0258 01       		.byte	0x1
 536 0259 34       		.byte	0x34
 537 025a A2010000 		.4byte	0x1a2
 538 025e 6C000000 		.4byte	.LLST3
 539 0262 15       		.uleb128 0x15
 540 0263 1C000000 		.4byte	.LASF40
 541 0267 01       		.byte	0x1
 542 0268 35       		.byte	0x35
 543 0269 43010000 		.4byte	0x143
 544 026d 02       		.uleb128 0x2
 545 026e 91       		.byte	0x91
 546 026f 00       		.sleb128 0
 547 0270 15       		.uleb128 0x15
 548 0271 9B020000 		.4byte	.LASF41
 549 0275 01       		.byte	0x1
 550 0276 35       		.byte	0x35
 551 0277 07020000 		.4byte	0x207
 552 027b 02       		.uleb128 0x2
 553 027c 91       		.byte	0x91
 554 027d 04       		.sleb128 4
 555 027e 16       		.uleb128 0x16
 556 027f 70747200 		.ascii	"ptr\000"
 557 0283 01       		.byte	0x1
 558 0284 37       		.byte	0x37
 559 0285 8E010000 		.4byte	0x18e
 560 0289 02       		.uleb128 0x2
 561 028a 91       		.byte	0x91
 562 028b 64       		.sleb128 -28
ARM GAS  C:\Users\ddemidov\AppData\Local\Temp\ccwZ1bXK.s 			page 13


 563 028c 17       		.uleb128 0x17
 564 028d AB030000 		.4byte	.LASF44
 565 0291 01       		.byte	0x1
 566 0292 38       		.byte	0x38
 567 0293 17010000 		.4byte	0x117
 568 0297 18       		.uleb128 0x18
 569 0298 BB020000 		.4byte	.LASF45
 570 029c 01       		.byte	0x1
 571 029d 39       		.byte	0x39
 572 029e 43010000 		.4byte	0x143
 573 02a2 8D000000 		.4byte	.LLST4
 574 02a6 19       		.uleb128 0x19
 575 02a7 726300   		.ascii	"rc\000"
 576 02aa 01       		.byte	0x1
 577 02ab 3A       		.byte	0x3a
 578 02ac 43010000 		.4byte	0x143
 579 02b0 A1000000 		.4byte	.LLST5
 580 02b4 19       		.uleb128 0x19
 581 02b5 6900     		.ascii	"i\000"
 582 02b7 01       		.byte	0x1
 583 02b8 3B       		.byte	0x3b
 584 02b9 43010000 		.4byte	0x143
 585 02bd D9000000 		.4byte	.LLST6
 586 02c1 1A       		.uleb128 0x1a
 587 02c2 06030000 		.4byte	.LASF59
 588 02c6 01       		.byte	0x1
 589 02c7 52       		.byte	0x52
 590 02c8 92000000 		.4byte	.L4
 591 02cc 1B       		.uleb128 0x1b
 592 02cd CC010000 		.4byte	0x1cc
 593 02d1 04000000 		.4byte	.LBB4
 594 02d5 00000000 		.4byte	.Ldebug_ranges0+0
 595 02d9 01       		.byte	0x1
 596 02da 3E       		.byte	0x3e
 597 02db 12030000 		.4byte	0x312
 598 02df 1C       		.uleb128 0x1c
 599 02e0 E7010000 		.4byte	0x1e7
 600 02e4 04010000 		.4byte	.LLST7
 601 02e8 1D       		.uleb128 0x1d
 602 02e9 DC010000 		.4byte	0x1dc
 603 02ed 02       		.uleb128 0x2
 604 02ee 91       		.byte	0x91
 605 02ef 00       		.sleb128 0
 606 02f0 1E       		.uleb128 0x1e
 607 02f1 00000000 		.4byte	.Ldebug_ranges0+0
 608 02f5 1F       		.uleb128 0x1f
 609 02f6 F2010000 		.4byte	0x1f2
 610 02fa 23010000 		.4byte	.LLST8
 611 02fe 1F       		.uleb128 0x1f
 612 02ff FB010000 		.4byte	0x1fb
 613 0303 36010000 		.4byte	.LLST9
 614 0307 20       		.uleb128 0x20
 615 0308 2A000000 		.4byte	.LVL2
 616 030c 2A040000 		.4byte	0x42a
 617 0310 00       		.byte	0
 618 0311 00       		.byte	0
 619 0312 21       		.uleb128 0x21
ARM GAS  C:\Users\ddemidov\AppData\Local\Temp\ccwZ1bXK.s 			page 14


 620 0313 38000000 		.4byte	.LVL6
 621 0317 3F040000 		.4byte	0x43f
 622 031b 26030000 		.4byte	0x326
 623 031f 22       		.uleb128 0x22
 624 0320 01       		.uleb128 0x1
 625 0321 50       		.byte	0x50
 626 0322 02       		.uleb128 0x2
 627 0323 75       		.byte	0x75
 628 0324 00       		.sleb128 0
 629 0325 00       		.byte	0
 630 0326 21       		.uleb128 0x21
 631 0327 54000000 		.4byte	.LVL8
 632 032b 54040000 		.4byte	0x454
 633 032f 48030000 		.4byte	0x348
 634 0333 22       		.uleb128 0x22
 635 0334 01       		.uleb128 0x1
 636 0335 51       		.byte	0x51
 637 0336 0A       		.uleb128 0xa
 638 0337 91       		.byte	0x91
 639 0338 58       		.sleb128 -40
 640 0339 06       		.byte	0x6
 641 033a 31       		.byte	0x31
 642 033b 1A       		.byte	0x1a
 643 033c 33       		.byte	0x33
 644 033d 24       		.byte	0x24
 645 033e 08       		.byte	0x8
 646 033f A2       		.byte	0xa2
 647 0340 21       		.byte	0x21
 648 0341 22       		.uleb128 0x22
 649 0342 01       		.uleb128 0x1
 650 0343 50       		.byte	0x50
 651 0344 02       		.uleb128 0x2
 652 0345 91       		.byte	0x91
 653 0346 64       		.sleb128 -28
 654 0347 00       		.byte	0
 655 0348 21       		.uleb128 0x21
 656 0349 5C000000 		.4byte	.LVL9
 657 034d 70040000 		.4byte	0x470
 658 0351 5C030000 		.4byte	0x35c
 659 0355 22       		.uleb128 0x22
 660 0356 01       		.uleb128 0x1
 661 0357 51       		.byte	0x51
 662 0358 02       		.uleb128 0x2
 663 0359 75       		.byte	0x75
 664 035a 00       		.sleb128 0
 665 035b 00       		.byte	0
 666 035c 21       		.uleb128 0x21
 667 035d 6A000000 		.4byte	.LVL10
 668 0361 8A040000 		.4byte	0x48a
 669 0365 77030000 		.4byte	0x377
 670 0369 22       		.uleb128 0x22
 671 036a 01       		.uleb128 0x1
 672 036b 51       		.byte	0x51
 673 036c 03       		.uleb128 0x3
 674 036d 91       		.byte	0x91
 675 036e 5C       		.sleb128 -36
 676 036f 06       		.byte	0x6
ARM GAS  C:\Users\ddemidov\AppData\Local\Temp\ccwZ1bXK.s 			page 15


 677 0370 22       		.uleb128 0x22
 678 0371 01       		.uleb128 0x1
 679 0372 50       		.byte	0x50
 680 0373 02       		.uleb128 0x2
 681 0374 91       		.byte	0x91
 682 0375 64       		.sleb128 -28
 683 0376 00       		.byte	0
 684 0377 23       		.uleb128 0x23
 685 0378 84000000 		.4byte	.LVL12
 686 037c A0040000 		.4byte	0x4a0
 687 0380 22       		.uleb128 0x22
 688 0381 01       		.uleb128 0x1
 689 0382 50       		.byte	0x50
 690 0383 02       		.uleb128 0x2
 691 0384 91       		.byte	0x91
 692 0385 64       		.sleb128 -28
 693 0386 00       		.byte	0
 694 0387 00       		.byte	0
 695 0388 12       		.uleb128 0x12
 696 0389 30020000 		.4byte	.LASF47
 697 038d 01       		.byte	0x1
 698 038e 5F       		.byte	0x5f
 699 038f 43010000 		.4byte	0x143
 700 0393 00000000 		.4byte	.LFB2
 701 0397 2C000000 		.4byte	.LFE2-.LFB2
 702 039b 01       		.uleb128 0x1
 703 039c 9C       		.byte	0x9c
 704 039d 24040000 		.4byte	0x424
 705 03a1 14       		.uleb128 0x14
 706 03a2 27020000 		.4byte	.LASF43
 707 03a6 01       		.byte	0x1
 708 03a7 5F       		.byte	0x5f
 709 03a8 24040000 		.4byte	0x424
 710 03ac 54010000 		.4byte	.LLST10
 711 03b0 13       		.uleb128 0x13
 712 03b1 62756600 		.ascii	"buf\000"
 713 03b5 01       		.byte	0x1
 714 03b6 5F       		.byte	0x5f
 715 03b7 8E010000 		.4byte	0x18e
 716 03bb 80010000 		.4byte	.LLST11
 717 03bf 14       		.uleb128 0x14
 718 03c0 FF020000 		.4byte	.LASF42
 719 03c4 01       		.byte	0x1
 720 03c5 5F       		.byte	0x5f
 721 03c6 43010000 		.4byte	0x143
 722 03ca AC010000 		.4byte	.LLST12
 723 03ce 24       		.uleb128 0x24
 724 03cf DF000000 		.4byte	.LASF20
 725 03d3 01       		.byte	0x1
 726 03d4 61       		.byte	0x61
 727 03d5 10010000 		.4byte	0x110
 728 03d9 02       		.uleb128 0x2
 729 03da 91       		.byte	0x91
 730 03db 6E       		.sleb128 -18
 731 03dc 16       		.uleb128 0x16
 732 03dd 64757000 		.ascii	"dup\000"
 733 03e1 01       		.byte	0x1
ARM GAS  C:\Users\ddemidov\AppData\Local\Temp\ccwZ1bXK.s 			page 16


 734 03e2 62       		.byte	0x62
 735 03e3 10010000 		.4byte	0x110
 736 03e7 02       		.uleb128 0x2
 737 03e8 91       		.byte	0x91
 738 03e9 6F       		.sleb128 -17
 739 03ea 19       		.uleb128 0x19
 740 03eb 726300   		.ascii	"rc\000"
 741 03ee 01       		.byte	0x1
 742 03ef 63       		.byte	0x63
 743 03f0 43010000 		.4byte	0x143
 744 03f4 D9010000 		.4byte	.LLST13
 745 03f8 23       		.uleb128 0x23
 746 03f9 20000000 		.4byte	.LVL25
 747 03fd B6040000 		.4byte	0x4b6
 748 0401 22       		.uleb128 0x22
 749 0402 01       		.uleb128 0x1
 750 0403 53       		.byte	0x53
 751 0404 03       		.uleb128 0x3
 752 0405 F3       		.byte	0xf3
 753 0406 01       		.uleb128 0x1
 754 0407 51       		.byte	0x51
 755 0408 22       		.uleb128 0x22
 756 0409 01       		.uleb128 0x1
 757 040a 52       		.byte	0x52
 758 040b 02       		.uleb128 0x2
 759 040c 75       		.byte	0x75
 760 040d 00       		.sleb128 0
 761 040e 22       		.uleb128 0x22
 762 040f 01       		.uleb128 0x1
 763 0410 51       		.byte	0x51
 764 0411 02       		.uleb128 0x2
 765 0412 91       		.byte	0x91
 766 0413 6F       		.sleb128 -17
 767 0414 22       		.uleb128 0x22
 768 0415 01       		.uleb128 0x1
 769 0416 50       		.byte	0x50
 770 0417 02       		.uleb128 0x2
 771 0418 74       		.byte	0x74
 772 0419 00       		.sleb128 0
 773 041a 22       		.uleb128 0x22
 774 041b 02       		.uleb128 0x2
 775 041c 7D       		.byte	0x7d
 776 041d 00       		.sleb128 0
 777 041e 03       		.uleb128 0x3
 778 041f F3       		.byte	0xf3
 779 0420 01       		.uleb128 0x1
 780 0421 52       		.byte	0x52
 781 0422 00       		.byte	0
 782 0423 00       		.byte	0
 783 0424 0E       		.uleb128 0xe
 784 0425 04       		.byte	0x4
 785 0426 A2010000 		.4byte	0x1a2
 786 042a 25       		.uleb128 0x25
 787 042b E2020000 		.4byte	.LASF48
 788 042f 02       		.byte	0x2
 789 0430 5F       		.byte	0x5f
 790 0431 43010000 		.4byte	0x143
ARM GAS  C:\Users\ddemidov\AppData\Local\Temp\ccwZ1bXK.s 			page 17


 791 0435 3F040000 		.4byte	0x43f
 792 0439 26       		.uleb128 0x26
 793 043a 83010000 		.4byte	0x183
 794 043e 00       		.byte	0
 795 043f 25       		.uleb128 0x25
 796 0440 D0000000 		.4byte	.LASF49
 797 0444 02       		.byte	0x2
 798 0445 64       		.byte	0x64
 799 0446 43010000 		.4byte	0x143
 800 044a 54040000 		.4byte	0x454
 801 044e 26       		.uleb128 0x26
 802 044f 43010000 		.4byte	0x143
 803 0453 00       		.byte	0
 804 0454 27       		.uleb128 0x27
 805 0455 8B030000 		.4byte	.LASF51
 806 0459 02       		.byte	0x2
 807 045a 6D       		.byte	0x6d
 808 045b 6A040000 		.4byte	0x46a
 809 045f 26       		.uleb128 0x26
 810 0460 6A040000 		.4byte	0x46a
 811 0464 26       		.uleb128 0x26
 812 0465 50010000 		.4byte	0x150
 813 0469 00       		.byte	0
 814 046a 0E       		.uleb128 0xe
 815 046b 04       		.byte	0x4
 816 046c 8E010000 		.4byte	0x18e
 817 0470 25       		.uleb128 0x25
 818 0471 6D010000 		.4byte	.LASF50
 819 0475 02       		.byte	0x2
 820 0476 67       		.byte	0x67
 821 0477 43010000 		.4byte	0x143
 822 047b 8A040000 		.4byte	0x48a
 823 047f 26       		.uleb128 0x26
 824 0480 8E010000 		.4byte	0x18e
 825 0484 26       		.uleb128 0x26
 826 0485 43010000 		.4byte	0x143
 827 0489 00       		.byte	0
 828 048a 27       		.uleb128 0x27
 829 048b 45010000 		.4byte	.LASF52
 830 048f 02       		.byte	0x2
 831 0490 6E       		.byte	0x6e
 832 0491 A0040000 		.4byte	0x4a0
 833 0495 26       		.uleb128 0x26
 834 0496 6A040000 		.4byte	0x46a
 835 049a 26       		.uleb128 0x26
 836 049b 43010000 		.4byte	0x143
 837 049f 00       		.byte	0
 838 04a0 27       		.uleb128 0x27
 839 04a1 52020000 		.4byte	.LASF53
 840 04a5 02       		.byte	0x2
 841 04a6 71       		.byte	0x71
 842 04a7 B6040000 		.4byte	0x4b6
 843 04ab 26       		.uleb128 0x26
 844 04ac 6A040000 		.4byte	0x46a
 845 04b0 26       		.uleb128 0x26
 846 04b1 83010000 		.4byte	0x183
 847 04b5 00       		.byte	0
ARM GAS  C:\Users\ddemidov\AppData\Local\Temp\ccwZ1bXK.s 			page 18


 848 04b6 28       		.uleb128 0x28
 849 04b7 08020000 		.4byte	.LASF54
 850 04bb 02       		.byte	0x2
 851 04bc 62       		.byte	0x62
 852 04bd 43010000 		.4byte	0x143
 853 04c1 26       		.uleb128 0x26
 854 04c2 8E010000 		.4byte	0x18e
 855 04c6 26       		.uleb128 0x26
 856 04c7 8E010000 		.4byte	0x18e
 857 04cb 26       		.uleb128 0x26
 858 04cc 24040000 		.4byte	0x424
 859 04d0 26       		.uleb128 0x26
 860 04d1 8E010000 		.4byte	0x18e
 861 04d5 26       		.uleb128 0x26
 862 04d6 43010000 		.4byte	0x143
 863 04da 00       		.byte	0
 864 04db 00       		.byte	0
 865              		.section	.debug_abbrev,"",%progbits
 866              	.Ldebug_abbrev0:
 867 0000 01       		.uleb128 0x1
 868 0001 11       		.uleb128 0x11
 869 0002 01       		.byte	0x1
 870 0003 25       		.uleb128 0x25
 871 0004 0E       		.uleb128 0xe
 872 0005 13       		.uleb128 0x13
 873 0006 0B       		.uleb128 0xb
 874 0007 03       		.uleb128 0x3
 875 0008 0E       		.uleb128 0xe
 876 0009 1B       		.uleb128 0x1b
 877 000a 0E       		.uleb128 0xe
 878 000b 55       		.uleb128 0x55
 879 000c 17       		.uleb128 0x17
 880 000d 11       		.uleb128 0x11
 881 000e 01       		.uleb128 0x1
 882 000f 10       		.uleb128 0x10
 883 0010 17       		.uleb128 0x17
 884 0011 00       		.byte	0
 885 0012 00       		.byte	0
 886 0013 02       		.uleb128 0x2
 887 0014 04       		.uleb128 0x4
 888 0015 01       		.byte	0x1
 889 0016 03       		.uleb128 0x3
 890 0017 0E       		.uleb128 0xe
 891 0018 0B       		.uleb128 0xb
 892 0019 0B       		.uleb128 0xb
 893 001a 3A       		.uleb128 0x3a
 894 001b 0B       		.uleb128 0xb
 895 001c 3B       		.uleb128 0x3b
 896 001d 0B       		.uleb128 0xb
 897 001e 01       		.uleb128 0x1
 898 001f 13       		.uleb128 0x13
 899 0020 00       		.byte	0
 900 0021 00       		.byte	0
 901 0022 03       		.uleb128 0x3
 902 0023 28       		.uleb128 0x28
 903 0024 00       		.byte	0
 904 0025 03       		.uleb128 0x3
ARM GAS  C:\Users\ddemidov\AppData\Local\Temp\ccwZ1bXK.s 			page 19


 905 0026 0E       		.uleb128 0xe
 906 0027 1C       		.uleb128 0x1c
 907 0028 0D       		.uleb128 0xd
 908 0029 00       		.byte	0
 909 002a 00       		.byte	0
 910 002b 04       		.uleb128 0x4
 911 002c 13       		.uleb128 0x13
 912 002d 01       		.byte	0x1
 913 002e 0B       		.uleb128 0xb
 914 002f 0B       		.uleb128 0xb
 915 0030 3A       		.uleb128 0x3a
 916 0031 0B       		.uleb128 0xb
 917 0032 3B       		.uleb128 0x3b
 918 0033 0B       		.uleb128 0xb
 919 0034 01       		.uleb128 0x1
 920 0035 13       		.uleb128 0x13
 921 0036 00       		.byte	0
 922 0037 00       		.byte	0
 923 0038 05       		.uleb128 0x5
 924 0039 0D       		.uleb128 0xd
 925 003a 00       		.byte	0
 926 003b 03       		.uleb128 0x3
 927 003c 0E       		.uleb128 0xe
 928 003d 3A       		.uleb128 0x3a
 929 003e 0B       		.uleb128 0xb
 930 003f 3B       		.uleb128 0x3b
 931 0040 0B       		.uleb128 0xb
 932 0041 49       		.uleb128 0x49
 933 0042 13       		.uleb128 0x13
 934 0043 0B       		.uleb128 0xb
 935 0044 0B       		.uleb128 0xb
 936 0045 0D       		.uleb128 0xd
 937 0046 0B       		.uleb128 0xb
 938 0047 0C       		.uleb128 0xc
 939 0048 0B       		.uleb128 0xb
 940 0049 38       		.uleb128 0x38
 941 004a 0B       		.uleb128 0xb
 942 004b 00       		.byte	0
 943 004c 00       		.byte	0
 944 004d 06       		.uleb128 0x6
 945 004e 0D       		.uleb128 0xd
 946 004f 00       		.byte	0
 947 0050 03       		.uleb128 0x3
 948 0051 08       		.uleb128 0x8
 949 0052 3A       		.uleb128 0x3a
 950 0053 0B       		.uleb128 0xb
 951 0054 3B       		.uleb128 0x3b
 952 0055 0B       		.uleb128 0xb
 953 0056 49       		.uleb128 0x49
 954 0057 13       		.uleb128 0x13
 955 0058 0B       		.uleb128 0xb
 956 0059 0B       		.uleb128 0xb
 957 005a 0D       		.uleb128 0xd
 958 005b 0B       		.uleb128 0xb
 959 005c 0C       		.uleb128 0xc
 960 005d 0B       		.uleb128 0xb
 961 005e 38       		.uleb128 0x38
ARM GAS  C:\Users\ddemidov\AppData\Local\Temp\ccwZ1bXK.s 			page 20


 962 005f 0B       		.uleb128 0xb
 963 0060 00       		.byte	0
 964 0061 00       		.byte	0
 965 0062 07       		.uleb128 0x7
 966 0063 24       		.uleb128 0x24
 967 0064 00       		.byte	0
 968 0065 0B       		.uleb128 0xb
 969 0066 0B       		.uleb128 0xb
 970 0067 3E       		.uleb128 0x3e
 971 0068 0B       		.uleb128 0xb
 972 0069 03       		.uleb128 0x3
 973 006a 0E       		.uleb128 0xe
 974 006b 00       		.byte	0
 975 006c 00       		.byte	0
 976 006d 08       		.uleb128 0x8
 977 006e 17       		.uleb128 0x17
 978 006f 01       		.byte	0x1
 979 0070 0B       		.uleb128 0xb
 980 0071 0B       		.uleb128 0xb
 981 0072 3A       		.uleb128 0x3a
 982 0073 0B       		.uleb128 0xb
 983 0074 3B       		.uleb128 0x3b
 984 0075 0B       		.uleb128 0xb
 985 0076 01       		.uleb128 0x1
 986 0077 13       		.uleb128 0x13
 987 0078 00       		.byte	0
 988 0079 00       		.byte	0
 989 007a 09       		.uleb128 0x9
 990 007b 0D       		.uleb128 0xd
 991 007c 00       		.byte	0
 992 007d 03       		.uleb128 0x3
 993 007e 0E       		.uleb128 0xe
 994 007f 3A       		.uleb128 0x3a
 995 0080 0B       		.uleb128 0xb
 996 0081 3B       		.uleb128 0x3b
 997 0082 0B       		.uleb128 0xb
 998 0083 49       		.uleb128 0x49
 999 0084 13       		.uleb128 0x13
 1000 0085 00       		.byte	0
 1001 0086 00       		.byte	0
 1002 0087 0A       		.uleb128 0xa
 1003 0088 16       		.uleb128 0x16
 1004 0089 00       		.byte	0
 1005 008a 03       		.uleb128 0x3
 1006 008b 0E       		.uleb128 0xe
 1007 008c 3A       		.uleb128 0x3a
 1008 008d 0B       		.uleb128 0xb
 1009 008e 3B       		.uleb128 0x3b
 1010 008f 0B       		.uleb128 0xb
 1011 0090 49       		.uleb128 0x49
 1012 0091 13       		.uleb128 0x13
 1013 0092 00       		.byte	0
 1014 0093 00       		.byte	0
 1015 0094 0B       		.uleb128 0xb
 1016 0095 0D       		.uleb128 0xd
 1017 0096 00       		.byte	0
 1018 0097 03       		.uleb128 0x3
ARM GAS  C:\Users\ddemidov\AppData\Local\Temp\ccwZ1bXK.s 			page 21


 1019 0098 08       		.uleb128 0x8
 1020 0099 3A       		.uleb128 0x3a
 1021 009a 0B       		.uleb128 0xb
 1022 009b 3B       		.uleb128 0x3b
 1023 009c 0B       		.uleb128 0xb
 1024 009d 49       		.uleb128 0x49
 1025 009e 13       		.uleb128 0x13
 1026 009f 38       		.uleb128 0x38
 1027 00a0 0B       		.uleb128 0xb
 1028 00a1 00       		.byte	0
 1029 00a2 00       		.byte	0
 1030 00a3 0C       		.uleb128 0xc
 1031 00a4 0D       		.uleb128 0xd
 1032 00a5 00       		.byte	0
 1033 00a6 03       		.uleb128 0x3
 1034 00a7 0E       		.uleb128 0xe
 1035 00a8 3A       		.uleb128 0x3a
 1036 00a9 0B       		.uleb128 0xb
 1037 00aa 3B       		.uleb128 0x3b
 1038 00ab 0B       		.uleb128 0xb
 1039 00ac 49       		.uleb128 0x49
 1040 00ad 13       		.uleb128 0x13
 1041 00ae 38       		.uleb128 0x38
 1042 00af 0B       		.uleb128 0xb
 1043 00b0 00       		.byte	0
 1044 00b1 00       		.byte	0
 1045 00b2 0D       		.uleb128 0xd
 1046 00b3 24       		.uleb128 0x24
 1047 00b4 00       		.byte	0
 1048 00b5 0B       		.uleb128 0xb
 1049 00b6 0B       		.uleb128 0xb
 1050 00b7 3E       		.uleb128 0x3e
 1051 00b8 0B       		.uleb128 0xb
 1052 00b9 03       		.uleb128 0x3
 1053 00ba 08       		.uleb128 0x8
 1054 00bb 00       		.byte	0
 1055 00bc 00       		.byte	0
 1056 00bd 0E       		.uleb128 0xe
 1057 00be 0F       		.uleb128 0xf
 1058 00bf 00       		.byte	0
 1059 00c0 0B       		.uleb128 0xb
 1060 00c1 0B       		.uleb128 0xb
 1061 00c2 49       		.uleb128 0x49
 1062 00c3 13       		.uleb128 0x13
 1063 00c4 00       		.byte	0
 1064 00c5 00       		.byte	0
 1065 00c6 0F       		.uleb128 0xf
 1066 00c7 2E       		.uleb128 0x2e
 1067 00c8 01       		.byte	0x1
 1068 00c9 03       		.uleb128 0x3
 1069 00ca 0E       		.uleb128 0xe
 1070 00cb 3A       		.uleb128 0x3a
 1071 00cc 0B       		.uleb128 0xb
 1072 00cd 3B       		.uleb128 0x3b
 1073 00ce 0B       		.uleb128 0xb
 1074 00cf 27       		.uleb128 0x27
 1075 00d0 19       		.uleb128 0x19
ARM GAS  C:\Users\ddemidov\AppData\Local\Temp\ccwZ1bXK.s 			page 22


 1076 00d1 49       		.uleb128 0x49
 1077 00d2 13       		.uleb128 0x13
 1078 00d3 20       		.uleb128 0x20
 1079 00d4 0B       		.uleb128 0xb
 1080 00d5 01       		.uleb128 0x1
 1081 00d6 13       		.uleb128 0x13
 1082 00d7 00       		.byte	0
 1083 00d8 00       		.byte	0
 1084 00d9 10       		.uleb128 0x10
 1085 00da 05       		.uleb128 0x5
 1086 00db 00       		.byte	0
 1087 00dc 03       		.uleb128 0x3
 1088 00dd 0E       		.uleb128 0xe
 1089 00de 3A       		.uleb128 0x3a
 1090 00df 0B       		.uleb128 0xb
 1091 00e0 3B       		.uleb128 0x3b
 1092 00e1 0B       		.uleb128 0xb
 1093 00e2 49       		.uleb128 0x49
 1094 00e3 13       		.uleb128 0x13
 1095 00e4 00       		.byte	0
 1096 00e5 00       		.byte	0
 1097 00e6 11       		.uleb128 0x11
 1098 00e7 34       		.uleb128 0x34
 1099 00e8 00       		.byte	0
 1100 00e9 03       		.uleb128 0x3
 1101 00ea 08       		.uleb128 0x8
 1102 00eb 3A       		.uleb128 0x3a
 1103 00ec 0B       		.uleb128 0xb
 1104 00ed 3B       		.uleb128 0x3b
 1105 00ee 0B       		.uleb128 0xb
 1106 00ef 49       		.uleb128 0x49
 1107 00f0 13       		.uleb128 0x13
 1108 00f1 00       		.byte	0
 1109 00f2 00       		.byte	0
 1110 00f3 12       		.uleb128 0x12
 1111 00f4 2E       		.uleb128 0x2e
 1112 00f5 01       		.byte	0x1
 1113 00f6 3F       		.uleb128 0x3f
 1114 00f7 19       		.uleb128 0x19
 1115 00f8 03       		.uleb128 0x3
 1116 00f9 0E       		.uleb128 0xe
 1117 00fa 3A       		.uleb128 0x3a
 1118 00fb 0B       		.uleb128 0xb
 1119 00fc 3B       		.uleb128 0x3b
 1120 00fd 0B       		.uleb128 0xb
 1121 00fe 27       		.uleb128 0x27
 1122 00ff 19       		.uleb128 0x19
 1123 0100 49       		.uleb128 0x49
 1124 0101 13       		.uleb128 0x13
 1125 0102 11       		.uleb128 0x11
 1126 0103 01       		.uleb128 0x1
 1127 0104 12       		.uleb128 0x12
 1128 0105 06       		.uleb128 0x6
 1129 0106 40       		.uleb128 0x40
 1130 0107 18       		.uleb128 0x18
 1131 0108 9742     		.uleb128 0x2117
 1132 010a 19       		.uleb128 0x19
ARM GAS  C:\Users\ddemidov\AppData\Local\Temp\ccwZ1bXK.s 			page 23


 1133 010b 01       		.uleb128 0x1
 1134 010c 13       		.uleb128 0x13
 1135 010d 00       		.byte	0
 1136 010e 00       		.byte	0
 1137 010f 13       		.uleb128 0x13
 1138 0110 05       		.uleb128 0x5
 1139 0111 00       		.byte	0
 1140 0112 03       		.uleb128 0x3
 1141 0113 08       		.uleb128 0x8
 1142 0114 3A       		.uleb128 0x3a
 1143 0115 0B       		.uleb128 0xb
 1144 0116 3B       		.uleb128 0x3b
 1145 0117 0B       		.uleb128 0xb
 1146 0118 49       		.uleb128 0x49
 1147 0119 13       		.uleb128 0x13
 1148 011a 02       		.uleb128 0x2
 1149 011b 17       		.uleb128 0x17
 1150 011c 00       		.byte	0
 1151 011d 00       		.byte	0
 1152 011e 14       		.uleb128 0x14
 1153 011f 05       		.uleb128 0x5
 1154 0120 00       		.byte	0
 1155 0121 03       		.uleb128 0x3
 1156 0122 0E       		.uleb128 0xe
 1157 0123 3A       		.uleb128 0x3a
 1158 0124 0B       		.uleb128 0xb
 1159 0125 3B       		.uleb128 0x3b
 1160 0126 0B       		.uleb128 0xb
 1161 0127 49       		.uleb128 0x49
 1162 0128 13       		.uleb128 0x13
 1163 0129 02       		.uleb128 0x2
 1164 012a 17       		.uleb128 0x17
 1165 012b 00       		.byte	0
 1166 012c 00       		.byte	0
 1167 012d 15       		.uleb128 0x15
 1168 012e 05       		.uleb128 0x5
 1169 012f 00       		.byte	0
 1170 0130 03       		.uleb128 0x3
 1171 0131 0E       		.uleb128 0xe
 1172 0132 3A       		.uleb128 0x3a
 1173 0133 0B       		.uleb128 0xb
 1174 0134 3B       		.uleb128 0x3b
 1175 0135 0B       		.uleb128 0xb
 1176 0136 49       		.uleb128 0x49
 1177 0137 13       		.uleb128 0x13
 1178 0138 02       		.uleb128 0x2
 1179 0139 18       		.uleb128 0x18
 1180 013a 00       		.byte	0
 1181 013b 00       		.byte	0
 1182 013c 16       		.uleb128 0x16
 1183 013d 34       		.uleb128 0x34
 1184 013e 00       		.byte	0
 1185 013f 03       		.uleb128 0x3
 1186 0140 08       		.uleb128 0x8
 1187 0141 3A       		.uleb128 0x3a
 1188 0142 0B       		.uleb128 0xb
 1189 0143 3B       		.uleb128 0x3b
ARM GAS  C:\Users\ddemidov\AppData\Local\Temp\ccwZ1bXK.s 			page 24


 1190 0144 0B       		.uleb128 0xb
 1191 0145 49       		.uleb128 0x49
 1192 0146 13       		.uleb128 0x13
 1193 0147 02       		.uleb128 0x2
 1194 0148 18       		.uleb128 0x18
 1195 0149 00       		.byte	0
 1196 014a 00       		.byte	0
 1197 014b 17       		.uleb128 0x17
 1198 014c 34       		.uleb128 0x34
 1199 014d 00       		.byte	0
 1200 014e 03       		.uleb128 0x3
 1201 014f 0E       		.uleb128 0xe
 1202 0150 3A       		.uleb128 0x3a
 1203 0151 0B       		.uleb128 0xb
 1204 0152 3B       		.uleb128 0x3b
 1205 0153 0B       		.uleb128 0xb
 1206 0154 49       		.uleb128 0x49
 1207 0155 13       		.uleb128 0x13
 1208 0156 00       		.byte	0
 1209 0157 00       		.byte	0
 1210 0158 18       		.uleb128 0x18
 1211 0159 34       		.uleb128 0x34
 1212 015a 00       		.byte	0
 1213 015b 03       		.uleb128 0x3
 1214 015c 0E       		.uleb128 0xe
 1215 015d 3A       		.uleb128 0x3a
 1216 015e 0B       		.uleb128 0xb
 1217 015f 3B       		.uleb128 0x3b
 1218 0160 0B       		.uleb128 0xb
 1219 0161 49       		.uleb128 0x49
 1220 0162 13       		.uleb128 0x13
 1221 0163 02       		.uleb128 0x2
 1222 0164 17       		.uleb128 0x17
 1223 0165 00       		.byte	0
 1224 0166 00       		.byte	0
 1225 0167 19       		.uleb128 0x19
 1226 0168 34       		.uleb128 0x34
 1227 0169 00       		.byte	0
 1228 016a 03       		.uleb128 0x3
 1229 016b 08       		.uleb128 0x8
 1230 016c 3A       		.uleb128 0x3a
 1231 016d 0B       		.uleb128 0xb
 1232 016e 3B       		.uleb128 0x3b
 1233 016f 0B       		.uleb128 0xb
 1234 0170 49       		.uleb128 0x49
 1235 0171 13       		.uleb128 0x13
 1236 0172 02       		.uleb128 0x2
 1237 0173 17       		.uleb128 0x17
 1238 0174 00       		.byte	0
 1239 0175 00       		.byte	0
 1240 0176 1A       		.uleb128 0x1a
 1241 0177 0A       		.uleb128 0xa
 1242 0178 00       		.byte	0
 1243 0179 03       		.uleb128 0x3
 1244 017a 0E       		.uleb128 0xe
 1245 017b 3A       		.uleb128 0x3a
 1246 017c 0B       		.uleb128 0xb
ARM GAS  C:\Users\ddemidov\AppData\Local\Temp\ccwZ1bXK.s 			page 25


 1247 017d 3B       		.uleb128 0x3b
 1248 017e 0B       		.uleb128 0xb
 1249 017f 11       		.uleb128 0x11
 1250 0180 01       		.uleb128 0x1
 1251 0181 00       		.byte	0
 1252 0182 00       		.byte	0
 1253 0183 1B       		.uleb128 0x1b
 1254 0184 1D       		.uleb128 0x1d
 1255 0185 01       		.byte	0x1
 1256 0186 31       		.uleb128 0x31
 1257 0187 13       		.uleb128 0x13
 1258 0188 52       		.uleb128 0x52
 1259 0189 01       		.uleb128 0x1
 1260 018a 55       		.uleb128 0x55
 1261 018b 17       		.uleb128 0x17
 1262 018c 58       		.uleb128 0x58
 1263 018d 0B       		.uleb128 0xb
 1264 018e 59       		.uleb128 0x59
 1265 018f 0B       		.uleb128 0xb
 1266 0190 01       		.uleb128 0x1
 1267 0191 13       		.uleb128 0x13
 1268 0192 00       		.byte	0
 1269 0193 00       		.byte	0
 1270 0194 1C       		.uleb128 0x1c
 1271 0195 05       		.uleb128 0x5
 1272 0196 00       		.byte	0
 1273 0197 31       		.uleb128 0x31
 1274 0198 13       		.uleb128 0x13
 1275 0199 02       		.uleb128 0x2
 1276 019a 17       		.uleb128 0x17
 1277 019b 00       		.byte	0
 1278 019c 00       		.byte	0
 1279 019d 1D       		.uleb128 0x1d
 1280 019e 05       		.uleb128 0x5
 1281 019f 00       		.byte	0
 1282 01a0 31       		.uleb128 0x31
 1283 01a1 13       		.uleb128 0x13
 1284 01a2 02       		.uleb128 0x2
 1285 01a3 18       		.uleb128 0x18
 1286 01a4 00       		.byte	0
 1287 01a5 00       		.byte	0
 1288 01a6 1E       		.uleb128 0x1e
 1289 01a7 0B       		.uleb128 0xb
 1290 01a8 01       		.byte	0x1
 1291 01a9 55       		.uleb128 0x55
 1292 01aa 17       		.uleb128 0x17
 1293 01ab 00       		.byte	0
 1294 01ac 00       		.byte	0
 1295 01ad 1F       		.uleb128 0x1f
 1296 01ae 34       		.uleb128 0x34
 1297 01af 00       		.byte	0
 1298 01b0 31       		.uleb128 0x31
 1299 01b1 13       		.uleb128 0x13
 1300 01b2 02       		.uleb128 0x2
 1301 01b3 17       		.uleb128 0x17
 1302 01b4 00       		.byte	0
 1303 01b5 00       		.byte	0
ARM GAS  C:\Users\ddemidov\AppData\Local\Temp\ccwZ1bXK.s 			page 26


 1304 01b6 20       		.uleb128 0x20
 1305 01b7 898201   		.uleb128 0x4109
 1306 01ba 00       		.byte	0
 1307 01bb 11       		.uleb128 0x11
 1308 01bc 01       		.uleb128 0x1
 1309 01bd 31       		.uleb128 0x31
 1310 01be 13       		.uleb128 0x13
 1311 01bf 00       		.byte	0
 1312 01c0 00       		.byte	0
 1313 01c1 21       		.uleb128 0x21
 1314 01c2 898201   		.uleb128 0x4109
 1315 01c5 01       		.byte	0x1
 1316 01c6 11       		.uleb128 0x11
 1317 01c7 01       		.uleb128 0x1
 1318 01c8 31       		.uleb128 0x31
 1319 01c9 13       		.uleb128 0x13
 1320 01ca 01       		.uleb128 0x1
 1321 01cb 13       		.uleb128 0x13
 1322 01cc 00       		.byte	0
 1323 01cd 00       		.byte	0
 1324 01ce 22       		.uleb128 0x22
 1325 01cf 8A8201   		.uleb128 0x410a
 1326 01d2 00       		.byte	0
 1327 01d3 02       		.uleb128 0x2
 1328 01d4 18       		.uleb128 0x18
 1329 01d5 9142     		.uleb128 0x2111
 1330 01d7 18       		.uleb128 0x18
 1331 01d8 00       		.byte	0
 1332 01d9 00       		.byte	0
 1333 01da 23       		.uleb128 0x23
 1334 01db 898201   		.uleb128 0x4109
 1335 01de 01       		.byte	0x1
 1336 01df 11       		.uleb128 0x11
 1337 01e0 01       		.uleb128 0x1
 1338 01e1 31       		.uleb128 0x31
 1339 01e2 13       		.uleb128 0x13
 1340 01e3 00       		.byte	0
 1341 01e4 00       		.byte	0
 1342 01e5 24       		.uleb128 0x24
 1343 01e6 34       		.uleb128 0x34
 1344 01e7 00       		.byte	0
 1345 01e8 03       		.uleb128 0x3
 1346 01e9 0E       		.uleb128 0xe
 1347 01ea 3A       		.uleb128 0x3a
 1348 01eb 0B       		.uleb128 0xb
 1349 01ec 3B       		.uleb128 0x3b
 1350 01ed 0B       		.uleb128 0xb
 1351 01ee 49       		.uleb128 0x49
 1352 01ef 13       		.uleb128 0x13
 1353 01f0 02       		.uleb128 0x2
 1354 01f1 18       		.uleb128 0x18
 1355 01f2 00       		.byte	0
 1356 01f3 00       		.byte	0
 1357 01f4 25       		.uleb128 0x25
 1358 01f5 2E       		.uleb128 0x2e
 1359 01f6 01       		.byte	0x1
 1360 01f7 3F       		.uleb128 0x3f
ARM GAS  C:\Users\ddemidov\AppData\Local\Temp\ccwZ1bXK.s 			page 27


 1361 01f8 19       		.uleb128 0x19
 1362 01f9 03       		.uleb128 0x3
 1363 01fa 0E       		.uleb128 0xe
 1364 01fb 3A       		.uleb128 0x3a
 1365 01fc 0B       		.uleb128 0xb
 1366 01fd 3B       		.uleb128 0x3b
 1367 01fe 0B       		.uleb128 0xb
 1368 01ff 27       		.uleb128 0x27
 1369 0200 19       		.uleb128 0x19
 1370 0201 49       		.uleb128 0x49
 1371 0202 13       		.uleb128 0x13
 1372 0203 3C       		.uleb128 0x3c
 1373 0204 19       		.uleb128 0x19
 1374 0205 01       		.uleb128 0x1
 1375 0206 13       		.uleb128 0x13
 1376 0207 00       		.byte	0
 1377 0208 00       		.byte	0
 1378 0209 26       		.uleb128 0x26
 1379 020a 05       		.uleb128 0x5
 1380 020b 00       		.byte	0
 1381 020c 49       		.uleb128 0x49
 1382 020d 13       		.uleb128 0x13
 1383 020e 00       		.byte	0
 1384 020f 00       		.byte	0
 1385 0210 27       		.uleb128 0x27
 1386 0211 2E       		.uleb128 0x2e
 1387 0212 01       		.byte	0x1
 1388 0213 3F       		.uleb128 0x3f
 1389 0214 19       		.uleb128 0x19
 1390 0215 03       		.uleb128 0x3
 1391 0216 0E       		.uleb128 0xe
 1392 0217 3A       		.uleb128 0x3a
 1393 0218 0B       		.uleb128 0xb
 1394 0219 3B       		.uleb128 0x3b
 1395 021a 0B       		.uleb128 0xb
 1396 021b 27       		.uleb128 0x27
 1397 021c 19       		.uleb128 0x19
 1398 021d 3C       		.uleb128 0x3c
 1399 021e 19       		.uleb128 0x19
 1400 021f 01       		.uleb128 0x1
 1401 0220 13       		.uleb128 0x13
 1402 0221 00       		.byte	0
 1403 0222 00       		.byte	0
 1404 0223 28       		.uleb128 0x28
 1405 0224 2E       		.uleb128 0x2e
 1406 0225 01       		.byte	0x1
 1407 0226 3F       		.uleb128 0x3f
 1408 0227 19       		.uleb128 0x19
 1409 0228 03       		.uleb128 0x3
 1410 0229 0E       		.uleb128 0xe
 1411 022a 3A       		.uleb128 0x3a
 1412 022b 0B       		.uleb128 0xb
 1413 022c 3B       		.uleb128 0x3b
 1414 022d 0B       		.uleb128 0xb
 1415 022e 27       		.uleb128 0x27
 1416 022f 19       		.uleb128 0x19
 1417 0230 49       		.uleb128 0x49
ARM GAS  C:\Users\ddemidov\AppData\Local\Temp\ccwZ1bXK.s 			page 28


 1418 0231 13       		.uleb128 0x13
 1419 0232 3C       		.uleb128 0x3c
 1420 0233 19       		.uleb128 0x19
 1421 0234 00       		.byte	0
 1422 0235 00       		.byte	0
 1423 0236 00       		.byte	0
 1424              		.section	.debug_loc,"",%progbits
 1425              	.Ldebug_loc0:
 1426              	.LLST0:
 1427 0000 00000000 		.4byte	.LVL0
 1428 0004 14000000 		.4byte	.LVL1
 1429 0008 0100     		.2byte	0x1
 1430 000a 50       		.byte	0x50
 1431 000b 14000000 		.4byte	.LVL1
 1432 000f 94000000 		.4byte	.LVL19
 1433 0013 0100     		.2byte	0x1
 1434 0015 57       		.byte	0x57
 1435 0016 94000000 		.4byte	.LVL19
 1436 001a 96000000 		.4byte	.LFE1
 1437 001e 0400     		.2byte	0x4
 1438 0020 F3       		.byte	0xf3
 1439 0021 01       		.uleb128 0x1
 1440 0022 50       		.byte	0x50
 1441 0023 9F       		.byte	0x9f
 1442 0024 00000000 		.4byte	0
 1443 0028 00000000 		.4byte	0
 1444              	.LLST1:
 1445 002c 00000000 		.4byte	.LVL0
 1446 0030 14000000 		.4byte	.LVL1
 1447 0034 0100     		.2byte	0x1
 1448 0036 51       		.byte	0x51
 1449 0037 14000000 		.4byte	.LVL1
 1450 003b 96000000 		.4byte	.LFE1
 1451 003f 0200     		.2byte	0x2
 1452 0041 91       		.byte	0x91
 1453 0042 54       		.sleb128 -44
 1454 0043 00000000 		.4byte	0
 1455 0047 00000000 		.4byte	0
 1456              	.LLST2:
 1457 004b 00000000 		.4byte	.LVL0
 1458 004f 14000000 		.4byte	.LVL1
 1459 0053 0100     		.2byte	0x1
 1460 0055 52       		.byte	0x52
 1461 0056 14000000 		.4byte	.LVL1
 1462 005a 96000000 		.4byte	.LFE1
 1463 005e 0400     		.2byte	0x4
 1464 0060 F3       		.byte	0xf3
 1465 0061 01       		.uleb128 0x1
 1466 0062 52       		.byte	0x52
 1467 0063 9F       		.byte	0x9f
 1468 0064 00000000 		.4byte	0
 1469 0068 00000000 		.4byte	0
 1470              	.LLST3:
 1471 006c 00000000 		.4byte	.LVL0
 1472 0070 14000000 		.4byte	.LVL1
 1473 0074 0100     		.2byte	0x1
 1474 0076 53       		.byte	0x53
ARM GAS  C:\Users\ddemidov\AppData\Local\Temp\ccwZ1bXK.s 			page 29


 1475 0077 14000000 		.4byte	.LVL1
 1476 007b 96000000 		.4byte	.LFE1
 1477 007f 0400     		.2byte	0x4
 1478 0081 F3       		.byte	0xf3
 1479 0082 01       		.uleb128 0x1
 1480 0083 53       		.byte	0x53
 1481 0084 9F       		.byte	0x9f
 1482 0085 00000000 		.4byte	0
 1483 0089 00000000 		.4byte	0
 1484              	.LLST4:
 1485 008d 14000000 		.4byte	.LVL1
 1486 0091 32000000 		.4byte	.LVL5
 1487 0095 0200     		.2byte	0x2
 1488 0097 30       		.byte	0x30
 1489 0098 9F       		.byte	0x9f
 1490 0099 00000000 		.4byte	0
 1491 009d 00000000 		.4byte	0
 1492              	.LLST5:
 1493 00a1 14000000 		.4byte	.LVL1
 1494 00a5 8C000000 		.4byte	.LVL14
 1495 00a9 0300     		.2byte	0x3
 1496 00ab 09       		.byte	0x9
 1497 00ac FF       		.byte	0xff
 1498 00ad 9F       		.byte	0x9f
 1499 00ae 8C000000 		.4byte	.LVL14
 1500 00b2 8E000000 		.4byte	.LVL15
 1501 00b6 0100     		.2byte	0x1
 1502 00b8 50       		.byte	0x50
 1503 00b9 8E000000 		.4byte	.LVL15
 1504 00bd 92000000 		.4byte	.LVL16
 1505 00c1 0300     		.2byte	0x3
 1506 00c3 09       		.byte	0x9
 1507 00c4 FF       		.byte	0xff
 1508 00c5 9F       		.byte	0x9f
 1509 00c6 92000000 		.4byte	.LVL16
 1510 00ca 96000000 		.4byte	.LFE1
 1511 00ce 0100     		.2byte	0x1
 1512 00d0 50       		.byte	0x50
 1513 00d1 00000000 		.4byte	0
 1514 00d5 00000000 		.4byte	0
 1515              	.LLST6:
 1516 00d9 14000000 		.4byte	.LVL1
 1517 00dd 6C000000 		.4byte	.LVL11
 1518 00e1 0200     		.2byte	0x2
 1519 00e3 30       		.byte	0x30
 1520 00e4 9F       		.byte	0x9f
 1521 00e5 6C000000 		.4byte	.LVL11
 1522 00e9 8E000000 		.4byte	.LVL15
 1523 00ed 0100     		.2byte	0x1
 1524 00ef 55       		.byte	0x55
 1525 00f0 8E000000 		.4byte	.LVL15
 1526 00f4 92000000 		.4byte	.LVL16
 1527 00f8 0200     		.2byte	0x2
 1528 00fa 30       		.byte	0x30
 1529 00fb 9F       		.byte	0x9f
 1530 00fc 00000000 		.4byte	0
 1531 0100 00000000 		.4byte	0
ARM GAS  C:\Users\ddemidov\AppData\Local\Temp\ccwZ1bXK.s 			page 30


 1532              	.LLST7:
 1533 0104 14000000 		.4byte	.LVL1
 1534 0108 94000000 		.4byte	.LVL17
 1535 010c 0100     		.2byte	0x1
 1536 010e 54       		.byte	0x54
 1537 010f 94000000 		.4byte	.LVL17
 1538 0113 96000000 		.4byte	.LFE1
 1539 0117 0200     		.2byte	0x2
 1540 0119 91       		.byte	0x91
 1541 011a 04       		.sleb128 4
 1542 011b 00000000 		.4byte	0
 1543 011f 00000000 		.4byte	0
 1544              	.LLST8:
 1545 0123 14000000 		.4byte	.LVL1
 1546 0127 94000000 		.4byte	.LVL18
 1547 012b 0100     		.2byte	0x1
 1548 012d 56       		.byte	0x56
 1549 012e 00000000 		.4byte	0
 1550 0132 00000000 		.4byte	0
 1551              	.LLST9:
 1552 0136 14000000 		.4byte	.LVL1
 1553 013a 6C000000 		.4byte	.LVL11
 1554 013e 0100     		.2byte	0x1
 1555 0140 55       		.byte	0x55
 1556 0141 8E000000 		.4byte	.LVL15
 1557 0145 92000000 		.4byte	.LVL16
 1558 0149 0100     		.2byte	0x1
 1559 014b 55       		.byte	0x55
 1560 014c 00000000 		.4byte	0
 1561 0150 00000000 		.4byte	0
 1562              	.LLST10:
 1563 0154 00000000 		.4byte	.LVL20
 1564 0158 0C000000 		.4byte	.LVL22
 1565 015c 0100     		.2byte	0x1
 1566 015e 50       		.byte	0x50
 1567 015f 0C000000 		.4byte	.LVL22
 1568 0163 2A000000 		.4byte	.LVL27
 1569 0167 0100     		.2byte	0x1
 1570 0169 55       		.byte	0x55
 1571 016a 2A000000 		.4byte	.LVL27
 1572 016e 2C000000 		.4byte	.LFE2
 1573 0172 0400     		.2byte	0x4
 1574 0174 F3       		.byte	0xf3
 1575 0175 01       		.uleb128 0x1
 1576 0176 50       		.byte	0x50
 1577 0177 9F       		.byte	0x9f
 1578 0178 00000000 		.4byte	0
 1579 017c 00000000 		.4byte	0
 1580              	.LLST11:
 1581 0180 00000000 		.4byte	.LVL20
 1582 0184 08000000 		.4byte	.LVL21
 1583 0188 0100     		.2byte	0x1
 1584 018a 51       		.byte	0x51
 1585 018b 08000000 		.4byte	.LVL21
 1586 018f 1F000000 		.4byte	.LVL25-1
 1587 0193 0100     		.2byte	0x1
 1588 0195 53       		.byte	0x53
ARM GAS  C:\Users\ddemidov\AppData\Local\Temp\ccwZ1bXK.s 			page 31


 1589 0196 1F000000 		.4byte	.LVL25-1
 1590 019a 2C000000 		.4byte	.LFE2
 1591 019e 0400     		.2byte	0x4
 1592 01a0 F3       		.byte	0xf3
 1593 01a1 01       		.uleb128 0x1
 1594 01a2 51       		.byte	0x51
 1595 01a3 9F       		.byte	0x9f
 1596 01a4 00000000 		.4byte	0
 1597 01a8 00000000 		.4byte	0
 1598              	.LLST12:
 1599 01ac 00000000 		.4byte	.LVL20
 1600 01b0 1C000000 		.4byte	.LVL24
 1601 01b4 0100     		.2byte	0x1
 1602 01b6 52       		.byte	0x52
 1603 01b7 1C000000 		.4byte	.LVL24
 1604 01bb 1F000000 		.4byte	.LVL25-1
 1605 01bf 0200     		.2byte	0x2
 1606 01c1 7D       		.byte	0x7d
 1607 01c2 00       		.sleb128 0
 1608 01c3 1F000000 		.4byte	.LVL25-1
 1609 01c7 2C000000 		.4byte	.LFE2
 1610 01cb 0400     		.2byte	0x4
 1611 01cd F3       		.byte	0xf3
 1612 01ce 01       		.uleb128 0x1
 1613 01cf 52       		.byte	0x52
 1614 01d0 9F       		.byte	0x9f
 1615 01d1 00000000 		.4byte	0
 1616 01d5 00000000 		.4byte	0
 1617              	.LLST13:
 1618 01d9 16000000 		.4byte	.LVL23
 1619 01dd 20000000 		.4byte	.LVL25
 1620 01e1 0200     		.2byte	0x2
 1621 01e3 30       		.byte	0x30
 1622 01e4 9F       		.byte	0x9f
 1623 01e5 20000000 		.4byte	.LVL25
 1624 01e9 2C000000 		.4byte	.LFE2
 1625 01ed 0100     		.2byte	0x1
 1626 01ef 50       		.byte	0x50
 1627 01f0 00000000 		.4byte	0
 1628 01f4 00000000 		.4byte	0
 1629              		.section	.debug_aranges,"",%progbits
 1630 0000 24000000 		.4byte	0x24
 1631 0004 0200     		.2byte	0x2
 1632 0006 00000000 		.4byte	.Ldebug_info0
 1633 000a 04       		.byte	0x4
 1634 000b 00       		.byte	0
 1635 000c 0000     		.2byte	0
 1636 000e 0000     		.2byte	0
 1637 0010 00000000 		.4byte	.LFB1
 1638 0014 96000000 		.4byte	.LFE1-.LFB1
 1639 0018 00000000 		.4byte	.LFB2
 1640 001c 2C000000 		.4byte	.LFE2-.LFB2
 1641 0020 00000000 		.4byte	0
 1642 0024 00000000 		.4byte	0
 1643              		.section	.debug_ranges,"",%progbits
 1644              	.Ldebug_ranges0:
 1645 0000 04000000 		.4byte	.LBB4
ARM GAS  C:\Users\ddemidov\AppData\Local\Temp\ccwZ1bXK.s 			page 32


 1646 0004 08000000 		.4byte	.LBE4
 1647 0008 14000000 		.4byte	.LBB7
 1648 000c 32000000 		.4byte	.LBE7
 1649 0010 00000000 		.4byte	0
 1650 0014 00000000 		.4byte	0
 1651 0018 00000000 		.4byte	.LFB1
 1652 001c 96000000 		.4byte	.LFE1
 1653 0020 00000000 		.4byte	.LFB2
 1654 0024 2C000000 		.4byte	.LFE2
 1655 0028 00000000 		.4byte	0
 1656 002c 00000000 		.4byte	0
 1657              		.section	.debug_line,"",%progbits
 1658              	.Ldebug_line0:
 1659 0000 E5000000 		.section	.debug_str,"MS",%progbits,1
 1659      02008000 
 1659      00000201 
 1659      FB0E0D00 
 1659      01010101 
 1660              	.LASF0:
 1661 0000 4D515454 		.ascii	"MQTTPACKET_BUFFER_TOO_SHORT\000"
 1661      5041434B 
 1661      45545F42 
 1661      55464645 
 1661      525F544F 
 1662              	.LASF40:
 1663 001c 636F756E 		.ascii	"count\000"
 1663      7400
 1664              	.LASF55:
 1665 0022 474E5520 		.ascii	"GNU C 4.9.3 20150303 (release) [ARM/embedded-4_9-br"
 1665      4320342E 
 1665      392E3320 
 1665      32303135 
 1665      30333033 
 1666 0055 616E6368 		.ascii	"anch revision 221220] -mcpu=cortex-m0 -mthumb -g -O"
 1666      20726576 
 1666      6973696F 
 1666      6E203232 
 1666      31323230 
 1667 0088 73202D66 		.ascii	"s -ffunction-sections -ffat-lto-objects\000"
 1667      66756E63 
 1667      74696F6E 
 1667      2D736563 
 1667      74696F6E 
 1668              	.LASF58:
 1669 00b0 4D515454 		.ascii	"MQTTSerialize_unsubscribeLength\000"
 1669      53657269 
 1669      616C697A 
 1669      655F756E 
 1669      73756273 
 1670              	.LASF49:
 1671 00d0 4D515454 		.ascii	"MQTTPacket_len\000"
 1671      5061636B 
 1671      65745F6C 
 1671      656E00
 1672              	.LASF20:
 1673 00df 74797065 		.ascii	"type\000"
 1673      00
ARM GAS  C:\Users\ddemidov\AppData\Local\Temp\ccwZ1bXK.s 			page 33


 1674              	.LASF15:
 1675 00e4 554E5355 		.ascii	"UNSUBACK\000"
 1675      4241434B 
 1675      00
 1676              	.LASF19:
 1677 00ed 72657461 		.ascii	"retain\000"
 1677      696E00
 1678              	.LASF30:
 1679 00f4 6C656E73 		.ascii	"lenstring\000"
 1679      7472696E 
 1679      6700
 1680              	.LASF38:
 1681 00fe 6C6F6E67 		.ascii	"long long unsigned int\000"
 1681      206C6F6E 
 1681      6720756E 
 1681      7369676E 
 1681      65642069 
 1682              	.LASF1:
 1683 0115 4D515454 		.ascii	"MQTTPACKET_READ_ERROR\000"
 1683      5041434B 
 1683      45545F52 
 1683      4541445F 
 1683      4552524F 
 1684              	.LASF37:
 1685 012b 6C6F6E67 		.ascii	"long long int\000"
 1685      206C6F6E 
 1685      6720696E 
 1685      7400
 1686              	.LASF32:
 1687 0139 7369676E 		.ascii	"signed char\000"
 1687      65642063 
 1687      68617200 
 1688              	.LASF52:
 1689 0145 77726974 		.ascii	"writeInt\000"
 1689      65496E74 
 1689      00
 1690              	.LASF22:
 1691 014e 62697473 		.ascii	"bits\000"
 1691      00
 1692              	.LASF35:
 1693 0153 6C6F6E67 		.ascii	"long int\000"
 1693      20696E74 
 1693      00
 1694              	.LASF14:
 1695 015c 554E5355 		.ascii	"UNSUBSCRIBE\000"
 1695      42534352 
 1695      49424500 
 1696              	.LASF21:
 1697 0168 62797465 		.ascii	"byte\000"
 1697      00
 1698              	.LASF50:
 1699 016d 4D515454 		.ascii	"MQTTPacket_encode\000"
 1699      5061636B 
 1699      65745F65 
 1699      6E636F64 
 1699      6500
 1700              	.LASF4:
ARM GAS  C:\Users\ddemidov\AppData\Local\Temp\ccwZ1bXK.s 			page 34


 1701 017f 6D736754 		.ascii	"msgTypes\000"
 1701      79706573 
 1701      00
 1702              	.LASF23:
 1703 0188 756E7369 		.ascii	"unsigned int\000"
 1703      676E6564 
 1703      20696E74 
 1703      00
 1704              	.LASF6:
 1705 0195 434F4E4E 		.ascii	"CONNACK\000"
 1705      41434B00 
 1706              	.LASF3:
 1707 019d 6572726F 		.ascii	"errors\000"
 1707      727300
 1708              	.LASF36:
 1709 01a4 6C6F6E67 		.ascii	"long unsigned int\000"
 1709      20756E73 
 1709      69676E65 
 1709      6420696E 
 1709      7400
 1710              	.LASF25:
 1711 01b6 64617461 		.ascii	"data\000"
 1711      00
 1712              	.LASF34:
 1713 01bb 73686F72 		.ascii	"short unsigned int\000"
 1713      7420756E 
 1713      7369676E 
 1713      65642069 
 1713      6E7400
 1714              	.LASF2:
 1715 01ce 4D515454 		.ascii	"MQTTPACKET_READ_COMPLETE\000"
 1715      5041434B 
 1715      45545F52 
 1715      4541445F 
 1715      434F4D50 
 1716              	.LASF46:
 1717 01e7 4D515454 		.ascii	"MQTTSerialize_unsubscribe\000"
 1717      53657269 
 1717      616C697A 
 1717      655F756E 
 1717      73756273 
 1718              	.LASF13:
 1719 0201 53554241 		.ascii	"SUBACK\000"
 1719      434B00
 1720              	.LASF54:
 1721 0208 4D515454 		.ascii	"MQTTDeserialize_ack\000"
 1721      44657365 
 1721      7269616C 
 1721      697A655F 
 1721      61636B00 
 1722              	.LASF31:
 1723 021c 4D515454 		.ascii	"MQTTString\000"
 1723      53747269 
 1723      6E6700
 1724              	.LASF43:
 1725 0227 7061636B 		.ascii	"packetid\000"
 1725      65746964 
ARM GAS  C:\Users\ddemidov\AppData\Local\Temp\ccwZ1bXK.s 			page 35


 1725      00
 1726              	.LASF47:
 1727 0230 4D515454 		.ascii	"MQTTDeserialize_unsuback\000"
 1727      44657365 
 1727      7269616C 
 1727      697A655F 
 1727      756E7375 
 1728              	.LASF39:
 1729 0249 73697A65 		.ascii	"sizetype\000"
 1729      74797065 
 1729      00
 1730              	.LASF53:
 1731 0252 77726974 		.ascii	"writeMQTTString\000"
 1731      654D5154 
 1731      54537472 
 1731      696E6700 
 1732              	.LASF56:
 1733 0262 2E2E5C61 		.ascii	"..\\acn-sdk-c\\src\\mqtt\\packet\\src\\MQTTUnsubscr"
 1733      636E2D73 
 1733      646B2D63 
 1733      5C737263 
 1733      5C6D7174 
 1734 028f 69626543 		.ascii	"ibeClient.c\000"
 1734      6C69656E 
 1734      742E6300 
 1735              	.LASF41:
 1736 029b 746F7069 		.ascii	"topicFilters\000"
 1736      6346696C 
 1736      74657273 
 1736      00
 1737              	.LASF29:
 1738 02a8 63737472 		.ascii	"cstring\000"
 1738      696E6700 
 1739              	.LASF18:
 1740 02b0 44495343 		.ascii	"DISCONNECT\000"
 1740      4F4E4E45 
 1740      435400
 1741              	.LASF45:
 1742 02bb 72656D5F 		.ascii	"rem_len\000"
 1742      6C656E00 
 1743              	.LASF17:
 1744 02c3 50494E47 		.ascii	"PINGRESP\000"
 1744      52455350 
 1744      00
 1745              	.LASF5:
 1746 02cc 434F4E4E 		.ascii	"CONNECT\000"
 1746      45435400 
 1747              	.LASF24:
 1748 02d4 756E7369 		.ascii	"unsigned char\000"
 1748      676E6564 
 1748      20636861 
 1748      7200
 1749              	.LASF48:
 1750 02e2 4D515454 		.ascii	"MQTTstrlen\000"
 1750      7374726C 
 1750      656E00
 1751              	.LASF33:
ARM GAS  C:\Users\ddemidov\AppData\Local\Temp\ccwZ1bXK.s 			page 36


 1752 02ed 73686F72 		.ascii	"short int\000"
 1752      7420696E 
 1752      7400
 1753              	.LASF7:
 1754 02f7 5055424C 		.ascii	"PUBLISH\000"
 1754      49534800 
 1755              	.LASF42:
 1756 02ff 6275666C 		.ascii	"buflen\000"
 1756      656E00
 1757              	.LASF59:
 1758 0306 65786974 		.ascii	"exit\000"
 1758      00
 1759              	.LASF57:
 1760 030b 433A5C55 		.ascii	"C:\\Users\\ddemidov\\Documents\\PSoC Creator\\BLE_F"
 1760      73657273 
 1760      5C646465 
 1760      6D69646F 
 1760      765C446F 
 1761 0339 696E644D 		.ascii	"indMe01\\SenseAbility.cydsn\000"
 1761      6530315C 
 1761      53656E73 
 1761      65416269 
 1761      6C697479 
 1762              	.LASF27:
 1763 0354 4D515454 		.ascii	"MQTTHeader\000"
 1763      48656164 
 1763      657200
 1764              	.LASF28:
 1765 035f 4D515454 		.ascii	"MQTTLenString\000"
 1765      4C656E53 
 1765      7472696E 
 1765      6700
 1766              	.LASF12:
 1767 036d 53554253 		.ascii	"SUBSCRIBE\000"
 1767      43524942 
 1767      4500
 1768              	.LASF26:
 1769 0377 63686172 		.ascii	"char\000"
 1769      00
 1770              	.LASF8:
 1771 037c 50554241 		.ascii	"PUBACK\000"
 1771      434B00
 1772              	.LASF11:
 1773 0383 50554243 		.ascii	"PUBCOMP\000"
 1773      4F4D5000 
 1774              	.LASF51:
 1775 038b 77726974 		.ascii	"writeChar\000"
 1775      65436861 
 1775      7200
 1776              	.LASF9:
 1777 0395 50554252 		.ascii	"PUBREC\000"
 1777      454300
 1778              	.LASF10:
 1779 039c 50554252 		.ascii	"PUBREL\000"
 1779      454C00
 1780              	.LASF16:
 1781 03a3 50494E47 		.ascii	"PINGREQ\000"
ARM GAS  C:\Users\ddemidov\AppData\Local\Temp\ccwZ1bXK.s 			page 37


 1781      52455100 
 1782              	.LASF44:
 1783 03ab 68656164 		.ascii	"header\000"
 1783      657200
 1784              		.ident	"GCC: (GNU Tools for ARM Embedded Processors) 4.9.3 20150303 (release) [ARM/embedded-4_9-br
