ARM GAS  C:\Users\ddemidov\AppData\Local\Temp\ccaKwQ22.s 			page 1


   1              		.cpu cortex-m0
   2              		.fpu softvfp
   3              		.eabi_attribute 20, 1
   4              		.eabi_attribute 21, 1
   5              		.eabi_attribute 23, 3
   6              		.eabi_attribute 24, 1
   7              		.eabi_attribute 25, 1
   8              		.eabi_attribute 26, 1
   9              		.eabi_attribute 30, 4
  10              		.eabi_attribute 34, 0
  11              		.eabi_attribute 18, 4
  12              		.code	16
  13              		.file	"MQTTUnsubscribeServer.c"
  14              		.text
  15              	.Ltext0:
  16              		.cfi_sections	.debug_frame
  17              		.section	.text.MQTTDeserialize_unsubscribe,"ax",%progbits
  18              		.align	1
  19              		.global	MQTTDeserialize_unsubscribe
  20              		.code	16
  21              		.thumb_func
  22              		.type	MQTTDeserialize_unsubscribe, %function
  23              	MQTTDeserialize_unsubscribe:
  24              	.LFB0:
  25              		.file 1 "..\\acn-sdk-c\\src\\mqtt\\packet\\src\\MQTTUnsubscribeServer.c"
   1:..\acn-sdk-c\src\mqtt\packet\src/MQTTUnsubscribeServer.c **** /*******************************************************************************
   2:..\acn-sdk-c\src\mqtt\packet\src/MQTTUnsubscribeServer.c ****  * Copyright (c) 2014 IBM Corp.
   3:..\acn-sdk-c\src\mqtt\packet\src/MQTTUnsubscribeServer.c ****  *
   4:..\acn-sdk-c\src\mqtt\packet\src/MQTTUnsubscribeServer.c ****  * All rights reserved. This program and the accompanying materials
   5:..\acn-sdk-c\src\mqtt\packet\src/MQTTUnsubscribeServer.c ****  * are made available under the terms of the Eclipse Public License v1.0
   6:..\acn-sdk-c\src\mqtt\packet\src/MQTTUnsubscribeServer.c ****  * and Eclipse Distribution License v1.0 which accompany this distribution.
   7:..\acn-sdk-c\src\mqtt\packet\src/MQTTUnsubscribeServer.c ****  *
   8:..\acn-sdk-c\src\mqtt\packet\src/MQTTUnsubscribeServer.c ****  * The Eclipse Public License is available at
   9:..\acn-sdk-c\src\mqtt\packet\src/MQTTUnsubscribeServer.c ****  *    http://www.eclipse.org/legal/epl-v10.html
  10:..\acn-sdk-c\src\mqtt\packet\src/MQTTUnsubscribeServer.c ****  * and the Eclipse Distribution License is available at
  11:..\acn-sdk-c\src\mqtt\packet\src/MQTTUnsubscribeServer.c ****  *   http://www.eclipse.org/org/documents/edl-v10.php.
  12:..\acn-sdk-c\src\mqtt\packet\src/MQTTUnsubscribeServer.c ****  *
  13:..\acn-sdk-c\src\mqtt\packet\src/MQTTUnsubscribeServer.c ****  * Contributors:
  14:..\acn-sdk-c\src\mqtt\packet\src/MQTTUnsubscribeServer.c ****  *    Ian Craggs - initial API and implementation and/or initial documentation
  15:..\acn-sdk-c\src\mqtt\packet\src/MQTTUnsubscribeServer.c ****  *******************************************************************************/
  16:..\acn-sdk-c\src\mqtt\packet\src/MQTTUnsubscribeServer.c **** 
  17:..\acn-sdk-c\src\mqtt\packet\src/MQTTUnsubscribeServer.c **** #include "mqtt/packet/MQTTPacket.h"
  18:..\acn-sdk-c\src\mqtt\packet\src/MQTTUnsubscribeServer.c **** #include "mqtt/packet/StackTrace.h"
  19:..\acn-sdk-c\src\mqtt\packet\src/MQTTUnsubscribeServer.c **** 
  20:..\acn-sdk-c\src\mqtt\packet\src/MQTTUnsubscribeServer.c **** #include <string.h>
  21:..\acn-sdk-c\src\mqtt\packet\src/MQTTUnsubscribeServer.c **** 
  22:..\acn-sdk-c\src\mqtt\packet\src/MQTTUnsubscribeServer.c **** 
  23:..\acn-sdk-c\src\mqtt\packet\src/MQTTUnsubscribeServer.c **** /**
  24:..\acn-sdk-c\src\mqtt\packet\src/MQTTUnsubscribeServer.c ****   * Deserializes the supplied (wire) buffer into unsubscribe data
  25:..\acn-sdk-c\src\mqtt\packet\src/MQTTUnsubscribeServer.c ****   * @param dup integer returned - the MQTT dup flag
  26:..\acn-sdk-c\src\mqtt\packet\src/MQTTUnsubscribeServer.c ****   * @param packetid integer returned - the MQTT packet identifier
  27:..\acn-sdk-c\src\mqtt\packet\src/MQTTUnsubscribeServer.c ****   * @param maxcount - the maximum number of members allowed in the topicFilters and requestedQoSs a
  28:..\acn-sdk-c\src\mqtt\packet\src/MQTTUnsubscribeServer.c ****   * @param count - number of members in the topicFilters and requestedQoSs arrays
  29:..\acn-sdk-c\src\mqtt\packet\src/MQTTUnsubscribeServer.c ****   * @param topicFilters - array of topic filter names
  30:..\acn-sdk-c\src\mqtt\packet\src/MQTTUnsubscribeServer.c ****   * @param buf the raw buffer data, of the correct length determined by the remaining length field
  31:..\acn-sdk-c\src\mqtt\packet\src/MQTTUnsubscribeServer.c ****   * @param buflen the length in bytes of the data in the supplied buffer
  32:..\acn-sdk-c\src\mqtt\packet\src/MQTTUnsubscribeServer.c ****   * @return the length of the serialized data.  <= 0 indicates error
ARM GAS  C:\Users\ddemidov\AppData\Local\Temp\ccaKwQ22.s 			page 2


  33:..\acn-sdk-c\src\mqtt\packet\src/MQTTUnsubscribeServer.c ****   */
  34:..\acn-sdk-c\src\mqtt\packet\src/MQTTUnsubscribeServer.c **** int MQTTDeserialize_unsubscribe(unsigned char* dup, unsigned short* packetid, int maxcount, int* co
  35:..\acn-sdk-c\src\mqtt\packet\src/MQTTUnsubscribeServer.c **** 		unsigned char* buf, int len)
  36:..\acn-sdk-c\src\mqtt\packet\src/MQTTUnsubscribeServer.c **** {
  26              		.loc 1 36 0
  27              		.cfi_startproc
  28              	.LVL0:
  29 0000 F0B5     		push	{r4, r5, r6, r7, lr}
  30              		.cfi_def_cfa_offset 20
  31              		.cfi_offset 4, -20
  32              		.cfi_offset 5, -16
  33              		.cfi_offset 6, -12
  34              		.cfi_offset 7, -8
  35              		.cfi_offset 14, -4
  37:..\acn-sdk-c\src\mqtt\packet\src/MQTTUnsubscribeServer.c ****   SSP_PARAMETER_NOT_USED(len);
  38:..\acn-sdk-c\src\mqtt\packet\src/MQTTUnsubscribeServer.c ****   SSP_PARAMETER_NOT_USED(maxcount);
  39:..\acn-sdk-c\src\mqtt\packet\src/MQTTUnsubscribeServer.c **** 	MQTTHeader header = {0};
  40:..\acn-sdk-c\src\mqtt\packet\src/MQTTUnsubscribeServer.c **** 	unsigned char* curdata = buf;
  41:..\acn-sdk-c\src\mqtt\packet\src/MQTTUnsubscribeServer.c **** 	unsigned char* enddata = NULL;
  42:..\acn-sdk-c\src\mqtt\packet\src/MQTTUnsubscribeServer.c **** 	int rc = 0;
  43:..\acn-sdk-c\src\mqtt\packet\src/MQTTUnsubscribeServer.c **** 	int mylen = 0;
  36              		.loc 1 43 0
  37 0002 0026     		mov	r6, #0
  36:..\acn-sdk-c\src\mqtt\packet\src/MQTTUnsubscribeServer.c ****   SSP_PARAMETER_NOT_USED(len);
  38              		.loc 1 36 0
  39 0004 85B0     		sub	sp, sp, #20
  40              		.cfi_def_cfa_offset 40
  36:..\acn-sdk-c\src\mqtt\packet\src/MQTTUnsubscribeServer.c ****   SSP_PARAMETER_NOT_USED(len);
  41              		.loc 1 36 0
  42 0006 1D1C     		mov	r5, r3
  40:..\acn-sdk-c\src\mqtt\packet\src/MQTTUnsubscribeServer.c **** 	unsigned char* enddata = NULL;
  43              		.loc 1 40 0
  44 0008 0B9B     		ldr	r3, [sp, #44]
  45              	.LVL1:
  36:..\acn-sdk-c\src\mqtt\packet\src/MQTTUnsubscribeServer.c ****   SSP_PARAMETER_NOT_USED(len);
  46              		.loc 1 36 0
  47 000a 071C     		mov	r7, r0
  44:..\acn-sdk-c\src\mqtt\packet\src/MQTTUnsubscribeServer.c **** 
  45:..\acn-sdk-c\src\mqtt\packet\src/MQTTUnsubscribeServer.c **** 	FUNC_ENTRY;
  46:..\acn-sdk-c\src\mqtt\packet\src/MQTTUnsubscribeServer.c **** 	header.byte = readChar(&curdata);
  48              		.loc 1 46 0
  49 000c 02A8     		add	r0, sp, #8
  50              	.LVL2:
  40:..\acn-sdk-c\src\mqtt\packet\src/MQTTUnsubscribeServer.c **** 	unsigned char* enddata = NULL;
  51              		.loc 1 40 0
  52 000e 0293     		str	r3, [sp, #8]
  53              	.LVL3:
  36:..\acn-sdk-c\src\mqtt\packet\src/MQTTUnsubscribeServer.c ****   SSP_PARAMETER_NOT_USED(len);
  54              		.loc 1 36 0
  55 0010 0191     		str	r1, [sp, #4]
  43:..\acn-sdk-c\src\mqtt\packet\src/MQTTUnsubscribeServer.c **** 
  56              		.loc 1 43 0
  57 0012 0396     		str	r6, [sp, #12]
  58              		.loc 1 46 0
  59 0014 FFF7FEFF 		bl	readChar
  60              	.LVL4:
  47:..\acn-sdk-c\src\mqtt\packet\src/MQTTUnsubscribeServer.c **** 	if (header.bits.type != UNSUBSCRIBE)
ARM GAS  C:\Users\ddemidov\AppData\Local\Temp\ccaKwQ22.s 			page 3


  61              		.loc 1 47 0
  62 0018 F023     		mov	r3, #240
  42:..\acn-sdk-c\src\mqtt\packet\src/MQTTUnsubscribeServer.c **** 	int mylen = 0;
  63              		.loc 1 42 0
  64 001a 341C     		mov	r4, r6
  65              		.loc 1 47 0
  66 001c 0340     		and	r3, r0
  67 001e A02B     		cmp	r3, #160
  68 0020 25D1     		bne	.L2
  48:..\acn-sdk-c\src\mqtt\packet\src/MQTTUnsubscribeServer.c **** 		goto exit;
  49:..\acn-sdk-c\src\mqtt\packet\src/MQTTUnsubscribeServer.c **** 	*dup = header.bits.dup;
  69              		.loc 1 49 0
  70 0022 0007     		lsl	r0, r0, #28
  71 0024 C00F     		lsr	r0, r0, #31
  72 0026 3870     		strb	r0, [r7]
  50:..\acn-sdk-c\src\mqtt\packet\src/MQTTUnsubscribeServer.c **** 
  51:..\acn-sdk-c\src\mqtt\packet\src/MQTTUnsubscribeServer.c **** 	curdata += (rc = MQTTPacket_decodeBuf(curdata, &mylen)); /* read remaining length */
  73              		.loc 1 51 0
  74 0028 03A9     		add	r1, sp, #12
  75 002a 0298     		ldr	r0, [sp, #8]
  76 002c FFF7FEFF 		bl	MQTTPacket_decodeBuf
  77              	.LVL5:
  78 0030 029B     		ldr	r3, [sp, #8]
  79 0032 041C     		mov	r4, r0
  80              	.LVL6:
  81 0034 1F18     		add	r7, r3, r0
  82              	.LVL7:
  52:..\acn-sdk-c\src\mqtt\packet\src/MQTTUnsubscribeServer.c **** 	enddata = curdata + mylen;
  83              		.loc 1 52 0
  84 0036 039B     		ldr	r3, [sp, #12]
  53:..\acn-sdk-c\src\mqtt\packet\src/MQTTUnsubscribeServer.c **** 
  54:..\acn-sdk-c\src\mqtt\packet\src/MQTTUnsubscribeServer.c **** 	*packetid = readInt(&curdata);
  85              		.loc 1 54 0
  86 0038 02A8     		add	r0, sp, #8
  87              	.LVL8:
  51:..\acn-sdk-c\src\mqtt\packet\src/MQTTUnsubscribeServer.c **** 	enddata = curdata + mylen;
  88              		.loc 1 51 0
  89 003a 0297     		str	r7, [sp, #8]
  52:..\acn-sdk-c\src\mqtt\packet\src/MQTTUnsubscribeServer.c **** 	enddata = curdata + mylen;
  90              		.loc 1 52 0
  91 003c FF18     		add	r7, r7, r3
  92              	.LVL9:
  93              		.loc 1 54 0
  94 003e FFF7FEFF 		bl	readInt
  95              	.LVL10:
  96 0042 019B     		ldr	r3, [sp, #4]
  97 0044 1880     		strh	r0, [r3]
  55:..\acn-sdk-c\src\mqtt\packet\src/MQTTUnsubscribeServer.c **** 
  56:..\acn-sdk-c\src\mqtt\packet\src/MQTTUnsubscribeServer.c **** 	*count = 0;
  98              		.loc 1 56 0
  99 0046 2E60     		str	r6, [r5]
 100              	.L3:
  57:..\acn-sdk-c\src\mqtt\packet\src/MQTTUnsubscribeServer.c **** 	while (curdata < enddata)
 101              		.loc 1 57 0
 102 0048 029B     		ldr	r3, [sp, #8]
 103 004a BB42     		cmp	r3, r7
 104 004c 0ED2     		bcs	.L10
ARM GAS  C:\Users\ddemidov\AppData\Local\Temp\ccaKwQ22.s 			page 4


  58:..\acn-sdk-c\src\mqtt\packet\src/MQTTUnsubscribeServer.c **** 	{
  59:..\acn-sdk-c\src\mqtt\packet\src/MQTTUnsubscribeServer.c **** 		if (!readMQTTLenString(&topicFilters[*count], &curdata, enddata))
 105              		.loc 1 59 0
 106 004e 0C20     		mov	r0, #12
 107 0050 2B68     		ldr	r3, [r5]
 108 0052 02A9     		add	r1, sp, #8
 109 0054 5843     		mul	r0, r3
 110 0056 0A9B     		ldr	r3, [sp, #40]
 111 0058 3A1C     		mov	r2, r7
 112 005a 1818     		add	r0, r3, r0
 113 005c FFF7FEFF 		bl	readMQTTLenString
 114              	.LVL11:
 115 0060 0028     		cmp	r0, #0
 116 0062 04D0     		beq	.L2
  60:..\acn-sdk-c\src\mqtt\packet\src/MQTTUnsubscribeServer.c **** 			goto exit;
  61:..\acn-sdk-c\src\mqtt\packet\src/MQTTUnsubscribeServer.c **** 		(*count)++;
 117              		.loc 1 61 0
 118 0064 2B68     		ldr	r3, [r5]
 119 0066 0133     		add	r3, r3, #1
 120 0068 2B60     		str	r3, [r5]
 121 006a EDE7     		b	.L3
 122              	.L10:
  62:..\acn-sdk-c\src\mqtt\packet\src/MQTTUnsubscribeServer.c **** 	}
  63:..\acn-sdk-c\src\mqtt\packet\src/MQTTUnsubscribeServer.c **** 
  64:..\acn-sdk-c\src\mqtt\packet\src/MQTTUnsubscribeServer.c **** 	rc = 1;
 123              		.loc 1 64 0
 124 006c 0124     		mov	r4, #1
 125              	.LVL12:
 126              	.L2:
  65:..\acn-sdk-c\src\mqtt\packet\src/MQTTUnsubscribeServer.c **** exit:
  66:..\acn-sdk-c\src\mqtt\packet\src/MQTTUnsubscribeServer.c **** 	FUNC_EXIT_RC(rc);
  67:..\acn-sdk-c\src\mqtt\packet\src/MQTTUnsubscribeServer.c **** 	return rc;
  68:..\acn-sdk-c\src\mqtt\packet\src/MQTTUnsubscribeServer.c **** }
 127              		.loc 1 68 0
 128 006e 201C     		mov	r0, r4
 129 0070 05B0     		add	sp, sp, #20
 130              		@ sp needed
 131              	.LVL13:
 132              	.LVL14:
 133 0072 F0BD     		pop	{r4, r5, r6, r7, pc}
 134              		.cfi_endproc
 135              	.LFE0:
 136              		.size	MQTTDeserialize_unsubscribe, .-MQTTDeserialize_unsubscribe
 137              		.section	.text.MQTTSerialize_unsuback,"ax",%progbits
 138              		.align	1
 139              		.global	MQTTSerialize_unsuback
 140              		.code	16
 141              		.thumb_func
 142              		.type	MQTTSerialize_unsuback, %function
 143              	MQTTSerialize_unsuback:
 144              	.LFB1:
  69:..\acn-sdk-c\src\mqtt\packet\src/MQTTUnsubscribeServer.c **** 
  70:..\acn-sdk-c\src\mqtt\packet\src/MQTTUnsubscribeServer.c **** 
  71:..\acn-sdk-c\src\mqtt\packet\src/MQTTUnsubscribeServer.c **** /**
  72:..\acn-sdk-c\src\mqtt\packet\src/MQTTUnsubscribeServer.c ****   * Serializes the supplied unsuback data into the supplied buffer, ready for sending
  73:..\acn-sdk-c\src\mqtt\packet\src/MQTTUnsubscribeServer.c ****   * @param buf the buffer into which the packet will be serialized
  74:..\acn-sdk-c\src\mqtt\packet\src/MQTTUnsubscribeServer.c ****   * @param buflen the length in bytes of the supplied buffer
ARM GAS  C:\Users\ddemidov\AppData\Local\Temp\ccaKwQ22.s 			page 5


  75:..\acn-sdk-c\src\mqtt\packet\src/MQTTUnsubscribeServer.c ****   * @param packetid integer - the MQTT packet identifier
  76:..\acn-sdk-c\src\mqtt\packet\src/MQTTUnsubscribeServer.c ****   * @return the length of the serialized data.  <= 0 indicates error
  77:..\acn-sdk-c\src\mqtt\packet\src/MQTTUnsubscribeServer.c ****   */
  78:..\acn-sdk-c\src\mqtt\packet\src/MQTTUnsubscribeServer.c **** int MQTTSerialize_unsuback(unsigned char* buf, int buflen, unsigned short packetid)
  79:..\acn-sdk-c\src\mqtt\packet\src/MQTTUnsubscribeServer.c **** {
 145              		.loc 1 79 0
 146              		.cfi_startproc
 147              	.LVL15:
 148 0000 37B5     		push	{r0, r1, r2, r4, r5, lr}
 149              		.cfi_def_cfa_offset 24
 150              		.cfi_offset 0, -24
 151              		.cfi_offset 1, -20
 152              		.cfi_offset 2, -16
 153              		.cfi_offset 4, -12
 154              		.cfi_offset 5, -8
 155              		.cfi_offset 14, -4
  80:..\acn-sdk-c\src\mqtt\packet\src/MQTTUnsubscribeServer.c **** 	MQTTHeader header = {0};
  81:..\acn-sdk-c\src\mqtt\packet\src/MQTTUnsubscribeServer.c **** 	int rc = 0;
  82:..\acn-sdk-c\src\mqtt\packet\src/MQTTUnsubscribeServer.c **** 	unsigned char *ptr = buf;
 156              		.loc 1 82 0
 157 0002 0190     		str	r0, [sp, #4]
  83:..\acn-sdk-c\src\mqtt\packet\src/MQTTUnsubscribeServer.c **** 
  84:..\acn-sdk-c\src\mqtt\packet\src/MQTTUnsubscribeServer.c **** 	FUNC_ENTRY;
  85:..\acn-sdk-c\src\mqtt\packet\src/MQTTUnsubscribeServer.c **** 	if (buflen < 2)
 158              		.loc 1 85 0
 159 0004 0129     		cmp	r1, #1
 160 0006 13DD     		ble	.L13
 161 0008 041C     		mov	r4, r0
  86:..\acn-sdk-c\src\mqtt\packet\src/MQTTUnsubscribeServer.c **** 	{
  87:..\acn-sdk-c\src\mqtt\packet\src/MQTTUnsubscribeServer.c **** 		rc = MQTTPACKET_BUFFER_TOO_SHORT;
  88:..\acn-sdk-c\src\mqtt\packet\src/MQTTUnsubscribeServer.c **** 		goto exit;
  89:..\acn-sdk-c\src\mqtt\packet\src/MQTTUnsubscribeServer.c **** 	}
  90:..\acn-sdk-c\src\mqtt\packet\src/MQTTUnsubscribeServer.c **** 	header.byte = 0;
  91:..\acn-sdk-c\src\mqtt\packet\src/MQTTUnsubscribeServer.c **** 	header.bits.type = UNSUBACK;
  92:..\acn-sdk-c\src\mqtt\packet\src/MQTTUnsubscribeServer.c **** 	writeChar(&ptr, header.byte); /* write header */
 162              		.loc 1 92 0
 163 000a B021     		mov	r1, #176
 164              	.LVL16:
 165 000c 01A8     		add	r0, sp, #4
 166              	.LVL17:
 167 000e 151C     		mov	r5, r2
 168 0010 FFF7FEFF 		bl	writeChar
 169              	.LVL18:
  93:..\acn-sdk-c\src\mqtt\packet\src/MQTTUnsubscribeServer.c **** 
  94:..\acn-sdk-c\src\mqtt\packet\src/MQTTUnsubscribeServer.c **** 	ptr += MQTTPacket_encode(ptr, 2); /* write remaining length */
 170              		.loc 1 94 0
 171 0014 0221     		mov	r1, #2
 172 0016 0198     		ldr	r0, [sp, #4]
 173 0018 FFF7FEFF 		bl	MQTTPacket_encode
 174              	.LVL19:
 175 001c 019B     		ldr	r3, [sp, #4]
  95:..\acn-sdk-c\src\mqtt\packet\src/MQTTUnsubscribeServer.c **** 
  96:..\acn-sdk-c\src\mqtt\packet\src/MQTTUnsubscribeServer.c **** 	writeInt(&ptr, packetid);
 176              		.loc 1 96 0
 177 001e 291C     		mov	r1, r5
  94:..\acn-sdk-c\src\mqtt\packet\src/MQTTUnsubscribeServer.c **** 
 178              		.loc 1 94 0
ARM GAS  C:\Users\ddemidov\AppData\Local\Temp\ccaKwQ22.s 			page 6


 179 0020 1818     		add	r0, r3, r0
 180 0022 0190     		str	r0, [sp, #4]
 181              		.loc 1 96 0
 182 0024 01A8     		add	r0, sp, #4
 183 0026 FFF7FEFF 		bl	writeInt
 184              	.LVL20:
  97:..\acn-sdk-c\src\mqtt\packet\src/MQTTUnsubscribeServer.c **** 
  98:..\acn-sdk-c\src\mqtt\packet\src/MQTTUnsubscribeServer.c **** 	rc = ptr - buf;
 185              		.loc 1 98 0
 186 002a 019B     		ldr	r3, [sp, #4]
 187 002c 181B     		sub	r0, r3, r4
 188              	.LVL21:
 189 002e 01E0     		b	.L12
 190              	.LVL22:
 191              	.L13:
  87:..\acn-sdk-c\src\mqtt\packet\src/MQTTUnsubscribeServer.c **** 		goto exit;
 192              		.loc 1 87 0
 193 0030 0220     		mov	r0, #2
 194              	.LVL23:
 195 0032 4042     		neg	r0, r0
 196              	.LVL24:
 197              	.L12:
  99:..\acn-sdk-c\src\mqtt\packet\src/MQTTUnsubscribeServer.c **** exit:
 100:..\acn-sdk-c\src\mqtt\packet\src/MQTTUnsubscribeServer.c **** 	FUNC_EXIT_RC(rc);
 101:..\acn-sdk-c\src\mqtt\packet\src/MQTTUnsubscribeServer.c **** 	return rc;
 102:..\acn-sdk-c\src\mqtt\packet\src/MQTTUnsubscribeServer.c **** }
 198              		.loc 1 102 0
 199              		@ sp needed
 200 0034 3EBD     		pop	{r1, r2, r3, r4, r5, pc}
 201              		.cfi_endproc
 202              	.LFE1:
 203              		.size	MQTTSerialize_unsuback, .-MQTTSerialize_unsuback
 204              		.text
 205              	.Letext0:
 206              		.file 2 "..\\acn-sdk-c\\include/mqtt/packet/MQTTPacket.h"
 207              		.section	.debug_info,"",%progbits
 208              	.Ldebug_info0:
 209 0000 63040000 		.4byte	0x463
 210 0004 0400     		.2byte	0x4
 211 0006 00000000 		.4byte	.Ldebug_abbrev0
 212 000a 04       		.byte	0x4
 213 000b 01       		.uleb128 0x1
 214 000c 22000000 		.4byte	.LASF57
 215 0010 01       		.byte	0x1
 216 0011 EC010000 		.4byte	.LASF58
 217 0015 E0020000 		.4byte	.LASF59
 218 0019 00000000 		.4byte	.Ldebug_ranges0+0
 219 001d 00000000 		.4byte	0
 220 0021 00000000 		.4byte	.Ldebug_line0
 221 0025 02       		.uleb128 0x2
 222 0026 9A010000 		.4byte	.LASF3
 223 002a 01       		.byte	0x1
 224 002b 02       		.byte	0x2
 225 002c 2A       		.byte	0x2a
 226 002d 44000000 		.4byte	0x44
 227 0031 03       		.uleb128 0x3
 228 0032 00000000 		.4byte	.LASF0
ARM GAS  C:\Users\ddemidov\AppData\Local\Temp\ccaKwQ22.s 			page 7


 229 0036 7E       		.sleb128 -2
 230 0037 03       		.uleb128 0x3
 231 0038 09010000 		.4byte	.LASF1
 232 003c 7F       		.sleb128 -1
 233 003d 03       		.uleb128 0x3
 234 003e D3010000 		.4byte	.LASF2
 235 0042 00       		.sleb128 0
 236 0043 00       		.byte	0
 237 0044 02       		.uleb128 0x2
 238 0045 7C010000 		.4byte	.LASF4
 239 0049 01       		.byte	0x1
 240 004a 02       		.byte	0x2
 241 004b 31       		.byte	0x31
 242 004c A5000000 		.4byte	0xa5
 243 0050 03       		.uleb128 0x3
 244 0051 AC020000 		.4byte	.LASF5
 245 0055 01       		.sleb128 1
 246 0056 03       		.uleb128 0x3
 247 0057 92010000 		.4byte	.LASF6
 248 005b 02       		.sleb128 2
 249 005c 03       		.uleb128 0x3
 250 005d CC020000 		.4byte	.LASF7
 251 0061 03       		.sleb128 3
 252 0062 03       		.uleb128 0x3
 253 0063 51030000 		.4byte	.LASF8
 254 0067 04       		.sleb128 4
 255 0068 03       		.uleb128 0x3
 256 0069 6A030000 		.4byte	.LASF9
 257 006d 05       		.sleb128 5
 258 006e 03       		.uleb128 0x3
 259 006f 8D030000 		.4byte	.LASF10
 260 0073 06       		.sleb128 6
 261 0074 03       		.uleb128 0x3
 262 0075 58030000 		.4byte	.LASF11
 263 0079 07       		.sleb128 7
 264 007a 03       		.uleb128 0x3
 265 007b 42030000 		.4byte	.LASF12
 266 007f 08       		.sleb128 8
 267 0080 03       		.uleb128 0x3
 268 0081 25020000 		.4byte	.LASF13
 269 0085 09       		.sleb128 9
 270 0086 03       		.uleb128 0x3
 271 0087 59010000 		.4byte	.LASF14
 272 008b 0A       		.sleb128 10
 273 008c 03       		.uleb128 0x3
 274 008d CF000000 		.4byte	.LASF15
 275 0091 0B       		.sleb128 11
 276 0092 03       		.uleb128 0x3
 277 0093 94030000 		.4byte	.LASF16
 278 0097 0C       		.sleb128 12
 279 0098 03       		.uleb128 0x3
 280 0099 A3020000 		.4byte	.LASF17
 281 009d 0D       		.sleb128 13
 282 009e 03       		.uleb128 0x3
 283 009f 5E020000 		.4byte	.LASF18
 284 00a3 0E       		.sleb128 14
 285 00a4 00       		.byte	0
ARM GAS  C:\Users\ddemidov\AppData\Local\Temp\ccaKwQ22.s 			page 8


 286 00a5 04       		.uleb128 0x4
 287 00a6 04       		.byte	0x4
 288 00a7 02       		.byte	0x2
 289 00a8 47       		.byte	0x47
 290 00a9 EA000000 		.4byte	0xea
 291 00ad 05       		.uleb128 0x5
 292 00ae D8000000 		.4byte	.LASF19
 293 00b2 02       		.byte	0x2
 294 00b3 49       		.byte	0x49
 295 00b4 EA000000 		.4byte	0xea
 296 00b8 04       		.byte	0x4
 297 00b9 01       		.byte	0x1
 298 00ba 1F       		.byte	0x1f
 299 00bb 00       		.byte	0
 300 00bc 06       		.uleb128 0x6
 301 00bd 716F7300 		.ascii	"qos\000"
 302 00c1 02       		.byte	0x2
 303 00c2 4A       		.byte	0x4a
 304 00c3 EA000000 		.4byte	0xea
 305 00c7 04       		.byte	0x4
 306 00c8 02       		.byte	0x2
 307 00c9 1D       		.byte	0x1d
 308 00ca 00       		.byte	0
 309 00cb 06       		.uleb128 0x6
 310 00cc 64757000 		.ascii	"dup\000"
 311 00d0 02       		.byte	0x2
 312 00d1 4B       		.byte	0x4b
 313 00d2 EA000000 		.4byte	0xea
 314 00d6 04       		.byte	0x4
 315 00d7 01       		.byte	0x1
 316 00d8 1C       		.byte	0x1c
 317 00d9 00       		.byte	0
 318 00da 05       		.uleb128 0x5
 319 00db B8000000 		.4byte	.LASF20
 320 00df 02       		.byte	0x2
 321 00e0 4C       		.byte	0x4c
 322 00e1 EA000000 		.4byte	0xea
 323 00e5 04       		.byte	0x4
 324 00e6 04       		.byte	0x4
 325 00e7 18       		.byte	0x18
 326 00e8 00       		.byte	0
 327 00e9 00       		.byte	0
 328 00ea 07       		.uleb128 0x7
 329 00eb 04       		.byte	0x4
 330 00ec 07       		.byte	0x7
 331 00ed 85010000 		.4byte	.LASF23
 332 00f1 08       		.uleb128 0x8
 333 00f2 04       		.byte	0x4
 334 00f3 02       		.byte	0x2
 335 00f4 3B       		.byte	0x3b
 336 00f5 10010000 		.4byte	0x110
 337 00f9 09       		.uleb128 0x9
 338 00fa 65010000 		.4byte	.LASF21
 339 00fe 02       		.byte	0x2
 340 00ff 3D       		.byte	0x3d
 341 0100 10010000 		.4byte	0x110
 342 0104 09       		.uleb128 0x9
ARM GAS  C:\Users\ddemidov\AppData\Local\Temp\ccaKwQ22.s 			page 9


 343 0105 42010000 		.4byte	.LASF22
 344 0109 02       		.byte	0x2
 345 010a 4D       		.byte	0x4d
 346 010b A5000000 		.4byte	0xa5
 347 010f 00       		.byte	0
 348 0110 07       		.uleb128 0x7
 349 0111 01       		.byte	0x1
 350 0112 08       		.byte	0x8
 351 0113 B4020000 		.4byte	.LASF24
 352 0117 0A       		.uleb128 0xa
 353 0118 29030000 		.4byte	.LASF27
 354 011c 02       		.byte	0x2
 355 011d 4F       		.byte	0x4f
 356 011e F1000000 		.4byte	0xf1
 357 0122 04       		.uleb128 0x4
 358 0123 08       		.byte	0x8
 359 0124 02       		.byte	0x2
 360 0125 51       		.byte	0x51
 361 0126 43010000 		.4byte	0x143
 362 012a 0B       		.uleb128 0xb
 363 012b 6C656E00 		.ascii	"len\000"
 364 012f 02       		.byte	0x2
 365 0130 53       		.byte	0x53
 366 0131 43010000 		.4byte	0x143
 367 0135 00       		.byte	0
 368 0136 0C       		.uleb128 0xc
 369 0137 BB010000 		.4byte	.LASF25
 370 013b 02       		.byte	0x2
 371 013c 54       		.byte	0x54
 372 013d 4A010000 		.4byte	0x14a
 373 0141 04       		.byte	0x4
 374 0142 00       		.byte	0
 375 0143 0D       		.uleb128 0xd
 376 0144 04       		.byte	0x4
 377 0145 05       		.byte	0x5
 378 0146 696E7400 		.ascii	"int\000"
 379 014a 0E       		.uleb128 0xe
 380 014b 04       		.byte	0x4
 381 014c 50010000 		.4byte	0x150
 382 0150 07       		.uleb128 0x7
 383 0151 01       		.byte	0x1
 384 0152 08       		.byte	0x8
 385 0153 4C030000 		.4byte	.LASF26
 386 0157 0A       		.uleb128 0xa
 387 0158 34030000 		.4byte	.LASF28
 388 015c 02       		.byte	0x2
 389 015d 55       		.byte	0x55
 390 015e 22010000 		.4byte	0x122
 391 0162 04       		.uleb128 0x4
 392 0163 0C       		.byte	0xc
 393 0164 02       		.byte	0x2
 394 0165 57       		.byte	0x57
 395 0166 83010000 		.4byte	0x183
 396 016a 0C       		.uleb128 0xc
 397 016b 56020000 		.4byte	.LASF29
 398 016f 02       		.byte	0x2
 399 0170 59       		.byte	0x59
ARM GAS  C:\Users\ddemidov\AppData\Local\Temp\ccaKwQ22.s 			page 10


 400 0171 4A010000 		.4byte	0x14a
 401 0175 00       		.byte	0
 402 0176 0C       		.uleb128 0xc
 403 0177 DF000000 		.4byte	.LASF30
 404 017b 02       		.byte	0x2
 405 017c 5A       		.byte	0x5a
 406 017d 57010000 		.4byte	0x157
 407 0181 04       		.byte	0x4
 408 0182 00       		.byte	0
 409 0183 0A       		.uleb128 0xa
 410 0184 2C020000 		.4byte	.LASF31
 411 0188 02       		.byte	0x2
 412 0189 5B       		.byte	0x5b
 413 018a 62010000 		.4byte	0x162
 414 018e 0E       		.uleb128 0xe
 415 018f 04       		.byte	0x4
 416 0190 10010000 		.4byte	0x110
 417 0194 07       		.uleb128 0x7
 418 0195 01       		.byte	0x1
 419 0196 06       		.byte	0x6
 420 0197 2D010000 		.4byte	.LASF32
 421 019b 07       		.uleb128 0x7
 422 019c 02       		.byte	0x2
 423 019d 05       		.byte	0x5
 424 019e C2020000 		.4byte	.LASF33
 425 01a2 07       		.uleb128 0x7
 426 01a3 02       		.byte	0x2
 427 01a4 07       		.byte	0x7
 428 01a5 C0010000 		.4byte	.LASF34
 429 01a9 07       		.uleb128 0x7
 430 01aa 04       		.byte	0x4
 431 01ab 05       		.byte	0x5
 432 01ac 47010000 		.4byte	.LASF35
 433 01b0 07       		.uleb128 0x7
 434 01b1 04       		.byte	0x4
 435 01b2 07       		.byte	0x7
 436 01b3 A1010000 		.4byte	.LASF36
 437 01b7 07       		.uleb128 0x7
 438 01b8 08       		.byte	0x8
 439 01b9 05       		.byte	0x5
 440 01ba 1F010000 		.4byte	.LASF37
 441 01be 07       		.uleb128 0x7
 442 01bf 08       		.byte	0x8
 443 01c0 07       		.byte	0x7
 444 01c1 E9000000 		.4byte	.LASF38
 445 01c5 07       		.uleb128 0x7
 446 01c6 04       		.byte	0x4
 447 01c7 07       		.byte	0x7
 448 01c8 40020000 		.4byte	.LASF39
 449 01cc 0F       		.uleb128 0xf
 450 01cd 71030000 		.4byte	.LASF47
 451 01d1 01       		.byte	0x1
 452 01d2 22       		.byte	0x22
 453 01d3 43010000 		.4byte	0x143
 454 01d7 00000000 		.4byte	.LFB0
 455 01db 74000000 		.4byte	.LFE0-.LFB0
 456 01df 01       		.uleb128 0x1
ARM GAS  C:\Users\ddemidov\AppData\Local\Temp\ccaKwQ22.s 			page 11


 457 01e0 9C       		.byte	0x9c
 458 01e1 ED020000 		.4byte	0x2ed
 459 01e5 10       		.uleb128 0x10
 460 01e6 64757000 		.ascii	"dup\000"
 461 01ea 01       		.byte	0x1
 462 01eb 22       		.byte	0x22
 463 01ec 8E010000 		.4byte	0x18e
 464 01f0 00000000 		.4byte	.LLST0
 465 01f4 11       		.uleb128 0x11
 466 01f5 37020000 		.4byte	.LASF40
 467 01f9 01       		.byte	0x1
 468 01fa 22       		.byte	0x22
 469 01fb ED020000 		.4byte	0x2ed
 470 01ff 2C000000 		.4byte	.LLST1
 471 0203 11       		.uleb128 0x11
 472 0204 00010000 		.4byte	.LASF41
 473 0208 01       		.byte	0x1
 474 0209 22       		.byte	0x22
 475 020a 43010000 		.4byte	0x143
 476 020e 4B000000 		.4byte	.LLST2
 477 0212 11       		.uleb128 0x11
 478 0213 1C000000 		.4byte	.LASF42
 479 0217 01       		.byte	0x1
 480 0218 22       		.byte	0x22
 481 0219 F3020000 		.4byte	0x2f3
 482 021d 6C000000 		.4byte	.LLST3
 483 0221 12       		.uleb128 0x12
 484 0222 49020000 		.4byte	.LASF43
 485 0226 01       		.byte	0x1
 486 0227 22       		.byte	0x22
 487 0228 F9020000 		.4byte	0x2f9
 488 022c 02       		.uleb128 0x2
 489 022d 91       		.byte	0x91
 490 022e 00       		.sleb128 0
 491 022f 13       		.uleb128 0x13
 492 0230 62756600 		.ascii	"buf\000"
 493 0234 01       		.byte	0x1
 494 0235 23       		.byte	0x23
 495 0236 8E010000 		.4byte	0x18e
 496 023a 02       		.uleb128 0x2
 497 023b 91       		.byte	0x91
 498 023c 04       		.sleb128 4
 499 023d 13       		.uleb128 0x13
 500 023e 6C656E00 		.ascii	"len\000"
 501 0242 01       		.byte	0x1
 502 0243 23       		.byte	0x23
 503 0244 43010000 		.4byte	0x143
 504 0248 02       		.uleb128 0x2
 505 0249 91       		.byte	0x91
 506 024a 08       		.sleb128 8
 507 024b 14       		.uleb128 0x14
 508 024c 9C030000 		.4byte	.LASF50
 509 0250 01       		.byte	0x1
 510 0251 27       		.byte	0x27
 511 0252 17010000 		.4byte	0x117
 512 0256 15       		.uleb128 0x15
 513 0257 7E020000 		.4byte	.LASF44
ARM GAS  C:\Users\ddemidov\AppData\Local\Temp\ccaKwQ22.s 			page 12


 514 025b 01       		.byte	0x1
 515 025c 28       		.byte	0x28
 516 025d 8E010000 		.4byte	0x18e
 517 0261 02       		.uleb128 0x2
 518 0262 91       		.byte	0x91
 519 0263 60       		.sleb128 -32
 520 0264 16       		.uleb128 0x16
 521 0265 B3010000 		.4byte	.LASF45
 522 0269 01       		.byte	0x1
 523 026a 29       		.byte	0x29
 524 026b 8E010000 		.4byte	0x18e
 525 026f 98000000 		.4byte	.LLST4
 526 0273 17       		.uleb128 0x17
 527 0274 726300   		.ascii	"rc\000"
 528 0277 01       		.byte	0x1
 529 0278 2A       		.byte	0x2a
 530 0279 43010000 		.4byte	0x143
 531 027d B7000000 		.4byte	.LLST5
 532 0281 15       		.uleb128 0x15
 533 0282 86020000 		.4byte	.LASF46
 534 0286 01       		.byte	0x1
 535 0287 2B       		.byte	0x2b
 536 0288 43010000 		.4byte	0x143
 537 028c 02       		.uleb128 0x2
 538 028d 91       		.byte	0x91
 539 028e 64       		.sleb128 -28
 540 028f 18       		.uleb128 0x18
 541 0290 DB020000 		.4byte	.LASF51
 542 0294 01       		.byte	0x1
 543 0295 41       		.byte	0x41
 544 0296 6E000000 		.4byte	.L2
 545 029a 19       		.uleb128 0x19
 546 029b 18000000 		.4byte	.LVL4
 547 029f BB030000 		.4byte	0x3bb
 548 02a3 AE020000 		.4byte	0x2ae
 549 02a7 1A       		.uleb128 0x1a
 550 02a8 01       		.uleb128 0x1
 551 02a9 50       		.byte	0x50
 552 02aa 02       		.uleb128 0x2
 553 02ab 91       		.byte	0x91
 554 02ac 60       		.sleb128 -32
 555 02ad 00       		.byte	0
 556 02ae 19       		.uleb128 0x19
 557 02af 30000000 		.4byte	.LVL5
 558 02b3 D6030000 		.4byte	0x3d6
 559 02b7 C2020000 		.4byte	0x2c2
 560 02bb 1A       		.uleb128 0x1a
 561 02bc 01       		.uleb128 0x1
 562 02bd 51       		.byte	0x51
 563 02be 02       		.uleb128 0x2
 564 02bf 91       		.byte	0x91
 565 02c0 64       		.sleb128 -28
 566 02c1 00       		.byte	0
 567 02c2 19       		.uleb128 0x19
 568 02c3 42000000 		.4byte	.LVL10
 569 02c7 F0030000 		.4byte	0x3f0
 570 02cb D6020000 		.4byte	0x2d6
ARM GAS  C:\Users\ddemidov\AppData\Local\Temp\ccaKwQ22.s 			page 13


 571 02cf 1A       		.uleb128 0x1a
 572 02d0 01       		.uleb128 0x1
 573 02d1 50       		.byte	0x50
 574 02d2 02       		.uleb128 0x2
 575 02d3 91       		.byte	0x91
 576 02d4 60       		.sleb128 -32
 577 02d5 00       		.byte	0
 578 02d6 1B       		.uleb128 0x1b
 579 02d7 60000000 		.4byte	.LVL11
 580 02db 05040000 		.4byte	0x405
 581 02df 1A       		.uleb128 0x1a
 582 02e0 01       		.uleb128 0x1
 583 02e1 52       		.byte	0x52
 584 02e2 02       		.uleb128 0x2
 585 02e3 77       		.byte	0x77
 586 02e4 00       		.sleb128 0
 587 02e5 1A       		.uleb128 0x1a
 588 02e6 01       		.uleb128 0x1
 589 02e7 51       		.byte	0x51
 590 02e8 02       		.uleb128 0x2
 591 02e9 91       		.byte	0x91
 592 02ea 60       		.sleb128 -32
 593 02eb 00       		.byte	0
 594 02ec 00       		.byte	0
 595 02ed 0E       		.uleb128 0xe
 596 02ee 04       		.byte	0x4
 597 02ef A2010000 		.4byte	0x1a2
 598 02f3 0E       		.uleb128 0xe
 599 02f4 04       		.byte	0x4
 600 02f5 43010000 		.4byte	0x143
 601 02f9 0E       		.uleb128 0xe
 602 02fa 04       		.byte	0x4
 603 02fb 83010000 		.4byte	0x183
 604 02ff 0F       		.uleb128 0xf
 605 0300 8C020000 		.4byte	.LASF48
 606 0304 01       		.byte	0x1
 607 0305 4E       		.byte	0x4e
 608 0306 43010000 		.4byte	0x143
 609 030a 00000000 		.4byte	.LFB1
 610 030e 36000000 		.4byte	.LFE1-.LFB1
 611 0312 01       		.uleb128 0x1
 612 0313 9C       		.byte	0x9c
 613 0314 BB030000 		.4byte	0x3bb
 614 0318 10       		.uleb128 0x10
 615 0319 62756600 		.ascii	"buf\000"
 616 031d 01       		.byte	0x1
 617 031e 4E       		.byte	0x4e
 618 031f 8E010000 		.4byte	0x18e
 619 0323 EC000000 		.4byte	.LLST6
 620 0327 11       		.uleb128 0x11
 621 0328 D4020000 		.4byte	.LASF49
 622 032c 01       		.byte	0x1
 623 032d 4E       		.byte	0x4e
 624 032e 43010000 		.4byte	0x143
 625 0332 2F010000 		.4byte	.LLST7
 626 0336 11       		.uleb128 0x11
 627 0337 37020000 		.4byte	.LASF40
ARM GAS  C:\Users\ddemidov\AppData\Local\Temp\ccaKwQ22.s 			page 14


 628 033b 01       		.byte	0x1
 629 033c 4E       		.byte	0x4e
 630 033d A2010000 		.4byte	0x1a2
 631 0341 69010000 		.4byte	.LLST8
 632 0345 14       		.uleb128 0x14
 633 0346 9C030000 		.4byte	.LASF50
 634 034a 01       		.byte	0x1
 635 034b 50       		.byte	0x50
 636 034c 17010000 		.4byte	0x117
 637 0350 17       		.uleb128 0x17
 638 0351 726300   		.ascii	"rc\000"
 639 0354 01       		.byte	0x1
 640 0355 51       		.byte	0x51
 641 0356 43010000 		.4byte	0x143
 642 035a A3010000 		.4byte	.LLST9
 643 035e 1C       		.uleb128 0x1c
 644 035f 70747200 		.ascii	"ptr\000"
 645 0363 01       		.byte	0x1
 646 0364 52       		.byte	0x52
 647 0365 8E010000 		.4byte	0x18e
 648 0369 02       		.uleb128 0x2
 649 036a 91       		.byte	0x91
 650 036b 6C       		.sleb128 -20
 651 036c 18       		.uleb128 0x18
 652 036d DB020000 		.4byte	.LASF51
 653 0371 01       		.byte	0x1
 654 0372 63       		.byte	0x63
 655 0373 34000000 		.4byte	.L12
 656 0377 19       		.uleb128 0x19
 657 0378 14000000 		.4byte	.LVL18
 658 037c 24040000 		.4byte	0x424
 659 0380 91030000 		.4byte	0x391
 660 0384 1A       		.uleb128 0x1a
 661 0385 01       		.uleb128 0x1
 662 0386 51       		.byte	0x51
 663 0387 02       		.uleb128 0x2
 664 0388 09       		.byte	0x9
 665 0389 B0       		.byte	0xb0
 666 038a 1A       		.uleb128 0x1a
 667 038b 01       		.uleb128 0x1
 668 038c 50       		.byte	0x50
 669 038d 02       		.uleb128 0x2
 670 038e 91       		.byte	0x91
 671 038f 6C       		.sleb128 -20
 672 0390 00       		.byte	0
 673 0391 19       		.uleb128 0x19
 674 0392 1C000000 		.4byte	.LVL19
 675 0396 3A040000 		.4byte	0x43a
 676 039a A4030000 		.4byte	0x3a4
 677 039e 1A       		.uleb128 0x1a
 678 039f 01       		.uleb128 0x1
 679 03a0 51       		.byte	0x51
 680 03a1 01       		.uleb128 0x1
 681 03a2 32       		.byte	0x32
 682 03a3 00       		.byte	0
 683 03a4 1B       		.uleb128 0x1b
 684 03a5 2A000000 		.4byte	.LVL20
ARM GAS  C:\Users\ddemidov\AppData\Local\Temp\ccaKwQ22.s 			page 15


 685 03a9 54040000 		.4byte	0x454
 686 03ad 1A       		.uleb128 0x1a
 687 03ae 01       		.uleb128 0x1
 688 03af 51       		.byte	0x51
 689 03b0 02       		.uleb128 0x2
 690 03b1 75       		.byte	0x75
 691 03b2 00       		.sleb128 0
 692 03b3 1A       		.uleb128 0x1a
 693 03b4 01       		.uleb128 0x1
 694 03b5 50       		.byte	0x50
 695 03b6 02       		.uleb128 0x2
 696 03b7 91       		.byte	0x91
 697 03b8 6C       		.sleb128 -20
 698 03b9 00       		.byte	0
 699 03ba 00       		.byte	0
 700 03bb 1D       		.uleb128 0x1d
 701 03bc 39010000 		.4byte	.LASF52
 702 03c0 02       		.byte	0x2
 703 03c1 6C       		.byte	0x6c
 704 03c2 50010000 		.4byte	0x150
 705 03c6 D0030000 		.4byte	0x3d0
 706 03ca 1E       		.uleb128 0x1e
 707 03cb D0030000 		.4byte	0x3d0
 708 03cf 00       		.byte	0
 709 03d0 0E       		.uleb128 0xe
 710 03d1 04       		.byte	0x4
 711 03d2 8E010000 		.4byte	0x18e
 712 03d6 1D       		.uleb128 0x1d
 713 03d7 69020000 		.4byte	.LASF53
 714 03db 02       		.byte	0x2
 715 03dc 69       		.byte	0x69
 716 03dd 43010000 		.4byte	0x143
 717 03e1 F0030000 		.4byte	0x3f0
 718 03e5 1E       		.uleb128 0x1e
 719 03e6 8E010000 		.4byte	0x18e
 720 03ea 1E       		.uleb128 0x1e
 721 03eb F3020000 		.4byte	0x2f3
 722 03ef 00       		.byte	0
 723 03f0 1D       		.uleb128 0x1d
 724 03f1 B0000000 		.4byte	.LASF54
 725 03f5 02       		.byte	0x2
 726 03f6 6B       		.byte	0x6b
 727 03f7 43010000 		.4byte	0x143
 728 03fb 05040000 		.4byte	0x405
 729 03ff 1E       		.uleb128 0x1e
 730 0400 D0030000 		.4byte	0x3d0
 731 0404 00       		.byte	0
 732 0405 1D       		.uleb128 0x1d
 733 0406 BD000000 		.4byte	.LASF55
 734 040a 02       		.byte	0x2
 735 040b 6F       		.byte	0x6f
 736 040c 43010000 		.4byte	0x143
 737 0410 24040000 		.4byte	0x424
 738 0414 1E       		.uleb128 0x1e
 739 0415 F9020000 		.4byte	0x2f9
 740 0419 1E       		.uleb128 0x1e
 741 041a D0030000 		.4byte	0x3d0
ARM GAS  C:\Users\ddemidov\AppData\Local\Temp\ccaKwQ22.s 			page 16


 742 041e 1E       		.uleb128 0x1e
 743 041f 8E010000 		.4byte	0x18e
 744 0423 00       		.byte	0
 745 0424 1F       		.uleb128 0x1f
 746 0425 60030000 		.4byte	.LASF60
 747 0429 02       		.byte	0x2
 748 042a 6D       		.byte	0x6d
 749 042b 3A040000 		.4byte	0x43a
 750 042f 1E       		.uleb128 0x1e
 751 0430 D0030000 		.4byte	0x3d0
 752 0434 1E       		.uleb128 0x1e
 753 0435 50010000 		.4byte	0x150
 754 0439 00       		.byte	0
 755 043a 1D       		.uleb128 0x1d
 756 043b 6A010000 		.4byte	.LASF56
 757 043f 02       		.byte	0x2
 758 0440 67       		.byte	0x67
 759 0441 43010000 		.4byte	0x143
 760 0445 54040000 		.4byte	0x454
 761 0449 1E       		.uleb128 0x1e
 762 044a 8E010000 		.4byte	0x18e
 763 044e 1E       		.uleb128 0x1e
 764 044f 43010000 		.4byte	0x143
 765 0453 00       		.byte	0
 766 0454 20       		.uleb128 0x20
 767 0455 50010000 		.4byte	.LASF61
 768 0459 02       		.byte	0x2
 769 045a 6E       		.byte	0x6e
 770 045b 1E       		.uleb128 0x1e
 771 045c D0030000 		.4byte	0x3d0
 772 0460 1E       		.uleb128 0x1e
 773 0461 43010000 		.4byte	0x143
 774 0465 00       		.byte	0
 775 0466 00       		.byte	0
 776              		.section	.debug_abbrev,"",%progbits
 777              	.Ldebug_abbrev0:
 778 0000 01       		.uleb128 0x1
 779 0001 11       		.uleb128 0x11
 780 0002 01       		.byte	0x1
 781 0003 25       		.uleb128 0x25
 782 0004 0E       		.uleb128 0xe
 783 0005 13       		.uleb128 0x13
 784 0006 0B       		.uleb128 0xb
 785 0007 03       		.uleb128 0x3
 786 0008 0E       		.uleb128 0xe
 787 0009 1B       		.uleb128 0x1b
 788 000a 0E       		.uleb128 0xe
 789 000b 55       		.uleb128 0x55
 790 000c 17       		.uleb128 0x17
 791 000d 11       		.uleb128 0x11
 792 000e 01       		.uleb128 0x1
 793 000f 10       		.uleb128 0x10
 794 0010 17       		.uleb128 0x17
 795 0011 00       		.byte	0
 796 0012 00       		.byte	0
 797 0013 02       		.uleb128 0x2
 798 0014 04       		.uleb128 0x4
ARM GAS  C:\Users\ddemidov\AppData\Local\Temp\ccaKwQ22.s 			page 17


 799 0015 01       		.byte	0x1
 800 0016 03       		.uleb128 0x3
 801 0017 0E       		.uleb128 0xe
 802 0018 0B       		.uleb128 0xb
 803 0019 0B       		.uleb128 0xb
 804 001a 3A       		.uleb128 0x3a
 805 001b 0B       		.uleb128 0xb
 806 001c 3B       		.uleb128 0x3b
 807 001d 0B       		.uleb128 0xb
 808 001e 01       		.uleb128 0x1
 809 001f 13       		.uleb128 0x13
 810 0020 00       		.byte	0
 811 0021 00       		.byte	0
 812 0022 03       		.uleb128 0x3
 813 0023 28       		.uleb128 0x28
 814 0024 00       		.byte	0
 815 0025 03       		.uleb128 0x3
 816 0026 0E       		.uleb128 0xe
 817 0027 1C       		.uleb128 0x1c
 818 0028 0D       		.uleb128 0xd
 819 0029 00       		.byte	0
 820 002a 00       		.byte	0
 821 002b 04       		.uleb128 0x4
 822 002c 13       		.uleb128 0x13
 823 002d 01       		.byte	0x1
 824 002e 0B       		.uleb128 0xb
 825 002f 0B       		.uleb128 0xb
 826 0030 3A       		.uleb128 0x3a
 827 0031 0B       		.uleb128 0xb
 828 0032 3B       		.uleb128 0x3b
 829 0033 0B       		.uleb128 0xb
 830 0034 01       		.uleb128 0x1
 831 0035 13       		.uleb128 0x13
 832 0036 00       		.byte	0
 833 0037 00       		.byte	0
 834 0038 05       		.uleb128 0x5
 835 0039 0D       		.uleb128 0xd
 836 003a 00       		.byte	0
 837 003b 03       		.uleb128 0x3
 838 003c 0E       		.uleb128 0xe
 839 003d 3A       		.uleb128 0x3a
 840 003e 0B       		.uleb128 0xb
 841 003f 3B       		.uleb128 0x3b
 842 0040 0B       		.uleb128 0xb
 843 0041 49       		.uleb128 0x49
 844 0042 13       		.uleb128 0x13
 845 0043 0B       		.uleb128 0xb
 846 0044 0B       		.uleb128 0xb
 847 0045 0D       		.uleb128 0xd
 848 0046 0B       		.uleb128 0xb
 849 0047 0C       		.uleb128 0xc
 850 0048 0B       		.uleb128 0xb
 851 0049 38       		.uleb128 0x38
 852 004a 0B       		.uleb128 0xb
 853 004b 00       		.byte	0
 854 004c 00       		.byte	0
 855 004d 06       		.uleb128 0x6
ARM GAS  C:\Users\ddemidov\AppData\Local\Temp\ccaKwQ22.s 			page 18


 856 004e 0D       		.uleb128 0xd
 857 004f 00       		.byte	0
 858 0050 03       		.uleb128 0x3
 859 0051 08       		.uleb128 0x8
 860 0052 3A       		.uleb128 0x3a
 861 0053 0B       		.uleb128 0xb
 862 0054 3B       		.uleb128 0x3b
 863 0055 0B       		.uleb128 0xb
 864 0056 49       		.uleb128 0x49
 865 0057 13       		.uleb128 0x13
 866 0058 0B       		.uleb128 0xb
 867 0059 0B       		.uleb128 0xb
 868 005a 0D       		.uleb128 0xd
 869 005b 0B       		.uleb128 0xb
 870 005c 0C       		.uleb128 0xc
 871 005d 0B       		.uleb128 0xb
 872 005e 38       		.uleb128 0x38
 873 005f 0B       		.uleb128 0xb
 874 0060 00       		.byte	0
 875 0061 00       		.byte	0
 876 0062 07       		.uleb128 0x7
 877 0063 24       		.uleb128 0x24
 878 0064 00       		.byte	0
 879 0065 0B       		.uleb128 0xb
 880 0066 0B       		.uleb128 0xb
 881 0067 3E       		.uleb128 0x3e
 882 0068 0B       		.uleb128 0xb
 883 0069 03       		.uleb128 0x3
 884 006a 0E       		.uleb128 0xe
 885 006b 00       		.byte	0
 886 006c 00       		.byte	0
 887 006d 08       		.uleb128 0x8
 888 006e 17       		.uleb128 0x17
 889 006f 01       		.byte	0x1
 890 0070 0B       		.uleb128 0xb
 891 0071 0B       		.uleb128 0xb
 892 0072 3A       		.uleb128 0x3a
 893 0073 0B       		.uleb128 0xb
 894 0074 3B       		.uleb128 0x3b
 895 0075 0B       		.uleb128 0xb
 896 0076 01       		.uleb128 0x1
 897 0077 13       		.uleb128 0x13
 898 0078 00       		.byte	0
 899 0079 00       		.byte	0
 900 007a 09       		.uleb128 0x9
 901 007b 0D       		.uleb128 0xd
 902 007c 00       		.byte	0
 903 007d 03       		.uleb128 0x3
 904 007e 0E       		.uleb128 0xe
 905 007f 3A       		.uleb128 0x3a
 906 0080 0B       		.uleb128 0xb
 907 0081 3B       		.uleb128 0x3b
 908 0082 0B       		.uleb128 0xb
 909 0083 49       		.uleb128 0x49
 910 0084 13       		.uleb128 0x13
 911 0085 00       		.byte	0
 912 0086 00       		.byte	0
ARM GAS  C:\Users\ddemidov\AppData\Local\Temp\ccaKwQ22.s 			page 19


 913 0087 0A       		.uleb128 0xa
 914 0088 16       		.uleb128 0x16
 915 0089 00       		.byte	0
 916 008a 03       		.uleb128 0x3
 917 008b 0E       		.uleb128 0xe
 918 008c 3A       		.uleb128 0x3a
 919 008d 0B       		.uleb128 0xb
 920 008e 3B       		.uleb128 0x3b
 921 008f 0B       		.uleb128 0xb
 922 0090 49       		.uleb128 0x49
 923 0091 13       		.uleb128 0x13
 924 0092 00       		.byte	0
 925 0093 00       		.byte	0
 926 0094 0B       		.uleb128 0xb
 927 0095 0D       		.uleb128 0xd
 928 0096 00       		.byte	0
 929 0097 03       		.uleb128 0x3
 930 0098 08       		.uleb128 0x8
 931 0099 3A       		.uleb128 0x3a
 932 009a 0B       		.uleb128 0xb
 933 009b 3B       		.uleb128 0x3b
 934 009c 0B       		.uleb128 0xb
 935 009d 49       		.uleb128 0x49
 936 009e 13       		.uleb128 0x13
 937 009f 38       		.uleb128 0x38
 938 00a0 0B       		.uleb128 0xb
 939 00a1 00       		.byte	0
 940 00a2 00       		.byte	0
 941 00a3 0C       		.uleb128 0xc
 942 00a4 0D       		.uleb128 0xd
 943 00a5 00       		.byte	0
 944 00a6 03       		.uleb128 0x3
 945 00a7 0E       		.uleb128 0xe
 946 00a8 3A       		.uleb128 0x3a
 947 00a9 0B       		.uleb128 0xb
 948 00aa 3B       		.uleb128 0x3b
 949 00ab 0B       		.uleb128 0xb
 950 00ac 49       		.uleb128 0x49
 951 00ad 13       		.uleb128 0x13
 952 00ae 38       		.uleb128 0x38
 953 00af 0B       		.uleb128 0xb
 954 00b0 00       		.byte	0
 955 00b1 00       		.byte	0
 956 00b2 0D       		.uleb128 0xd
 957 00b3 24       		.uleb128 0x24
 958 00b4 00       		.byte	0
 959 00b5 0B       		.uleb128 0xb
 960 00b6 0B       		.uleb128 0xb
 961 00b7 3E       		.uleb128 0x3e
 962 00b8 0B       		.uleb128 0xb
 963 00b9 03       		.uleb128 0x3
 964 00ba 08       		.uleb128 0x8
 965 00bb 00       		.byte	0
 966 00bc 00       		.byte	0
 967 00bd 0E       		.uleb128 0xe
 968 00be 0F       		.uleb128 0xf
 969 00bf 00       		.byte	0
ARM GAS  C:\Users\ddemidov\AppData\Local\Temp\ccaKwQ22.s 			page 20


 970 00c0 0B       		.uleb128 0xb
 971 00c1 0B       		.uleb128 0xb
 972 00c2 49       		.uleb128 0x49
 973 00c3 13       		.uleb128 0x13
 974 00c4 00       		.byte	0
 975 00c5 00       		.byte	0
 976 00c6 0F       		.uleb128 0xf
 977 00c7 2E       		.uleb128 0x2e
 978 00c8 01       		.byte	0x1
 979 00c9 3F       		.uleb128 0x3f
 980 00ca 19       		.uleb128 0x19
 981 00cb 03       		.uleb128 0x3
 982 00cc 0E       		.uleb128 0xe
 983 00cd 3A       		.uleb128 0x3a
 984 00ce 0B       		.uleb128 0xb
 985 00cf 3B       		.uleb128 0x3b
 986 00d0 0B       		.uleb128 0xb
 987 00d1 27       		.uleb128 0x27
 988 00d2 19       		.uleb128 0x19
 989 00d3 49       		.uleb128 0x49
 990 00d4 13       		.uleb128 0x13
 991 00d5 11       		.uleb128 0x11
 992 00d6 01       		.uleb128 0x1
 993 00d7 12       		.uleb128 0x12
 994 00d8 06       		.uleb128 0x6
 995 00d9 40       		.uleb128 0x40
 996 00da 18       		.uleb128 0x18
 997 00db 9742     		.uleb128 0x2117
 998 00dd 19       		.uleb128 0x19
 999 00de 01       		.uleb128 0x1
 1000 00df 13       		.uleb128 0x13
 1001 00e0 00       		.byte	0
 1002 00e1 00       		.byte	0
 1003 00e2 10       		.uleb128 0x10
 1004 00e3 05       		.uleb128 0x5
 1005 00e4 00       		.byte	0
 1006 00e5 03       		.uleb128 0x3
 1007 00e6 08       		.uleb128 0x8
 1008 00e7 3A       		.uleb128 0x3a
 1009 00e8 0B       		.uleb128 0xb
 1010 00e9 3B       		.uleb128 0x3b
 1011 00ea 0B       		.uleb128 0xb
 1012 00eb 49       		.uleb128 0x49
 1013 00ec 13       		.uleb128 0x13
 1014 00ed 02       		.uleb128 0x2
 1015 00ee 17       		.uleb128 0x17
 1016 00ef 00       		.byte	0
 1017 00f0 00       		.byte	0
 1018 00f1 11       		.uleb128 0x11
 1019 00f2 05       		.uleb128 0x5
 1020 00f3 00       		.byte	0
 1021 00f4 03       		.uleb128 0x3
 1022 00f5 0E       		.uleb128 0xe
 1023 00f6 3A       		.uleb128 0x3a
 1024 00f7 0B       		.uleb128 0xb
 1025 00f8 3B       		.uleb128 0x3b
 1026 00f9 0B       		.uleb128 0xb
ARM GAS  C:\Users\ddemidov\AppData\Local\Temp\ccaKwQ22.s 			page 21


 1027 00fa 49       		.uleb128 0x49
 1028 00fb 13       		.uleb128 0x13
 1029 00fc 02       		.uleb128 0x2
 1030 00fd 17       		.uleb128 0x17
 1031 00fe 00       		.byte	0
 1032 00ff 00       		.byte	0
 1033 0100 12       		.uleb128 0x12
 1034 0101 05       		.uleb128 0x5
 1035 0102 00       		.byte	0
 1036 0103 03       		.uleb128 0x3
 1037 0104 0E       		.uleb128 0xe
 1038 0105 3A       		.uleb128 0x3a
 1039 0106 0B       		.uleb128 0xb
 1040 0107 3B       		.uleb128 0x3b
 1041 0108 0B       		.uleb128 0xb
 1042 0109 49       		.uleb128 0x49
 1043 010a 13       		.uleb128 0x13
 1044 010b 02       		.uleb128 0x2
 1045 010c 18       		.uleb128 0x18
 1046 010d 00       		.byte	0
 1047 010e 00       		.byte	0
 1048 010f 13       		.uleb128 0x13
 1049 0110 05       		.uleb128 0x5
 1050 0111 00       		.byte	0
 1051 0112 03       		.uleb128 0x3
 1052 0113 08       		.uleb128 0x8
 1053 0114 3A       		.uleb128 0x3a
 1054 0115 0B       		.uleb128 0xb
 1055 0116 3B       		.uleb128 0x3b
 1056 0117 0B       		.uleb128 0xb
 1057 0118 49       		.uleb128 0x49
 1058 0119 13       		.uleb128 0x13
 1059 011a 02       		.uleb128 0x2
 1060 011b 18       		.uleb128 0x18
 1061 011c 00       		.byte	0
 1062 011d 00       		.byte	0
 1063 011e 14       		.uleb128 0x14
 1064 011f 34       		.uleb128 0x34
 1065 0120 00       		.byte	0
 1066 0121 03       		.uleb128 0x3
 1067 0122 0E       		.uleb128 0xe
 1068 0123 3A       		.uleb128 0x3a
 1069 0124 0B       		.uleb128 0xb
 1070 0125 3B       		.uleb128 0x3b
 1071 0126 0B       		.uleb128 0xb
 1072 0127 49       		.uleb128 0x49
 1073 0128 13       		.uleb128 0x13
 1074 0129 00       		.byte	0
 1075 012a 00       		.byte	0
 1076 012b 15       		.uleb128 0x15
 1077 012c 34       		.uleb128 0x34
 1078 012d 00       		.byte	0
 1079 012e 03       		.uleb128 0x3
 1080 012f 0E       		.uleb128 0xe
 1081 0130 3A       		.uleb128 0x3a
 1082 0131 0B       		.uleb128 0xb
 1083 0132 3B       		.uleb128 0x3b
ARM GAS  C:\Users\ddemidov\AppData\Local\Temp\ccaKwQ22.s 			page 22


 1084 0133 0B       		.uleb128 0xb
 1085 0134 49       		.uleb128 0x49
 1086 0135 13       		.uleb128 0x13
 1087 0136 02       		.uleb128 0x2
 1088 0137 18       		.uleb128 0x18
 1089 0138 00       		.byte	0
 1090 0139 00       		.byte	0
 1091 013a 16       		.uleb128 0x16
 1092 013b 34       		.uleb128 0x34
 1093 013c 00       		.byte	0
 1094 013d 03       		.uleb128 0x3
 1095 013e 0E       		.uleb128 0xe
 1096 013f 3A       		.uleb128 0x3a
 1097 0140 0B       		.uleb128 0xb
 1098 0141 3B       		.uleb128 0x3b
 1099 0142 0B       		.uleb128 0xb
 1100 0143 49       		.uleb128 0x49
 1101 0144 13       		.uleb128 0x13
 1102 0145 02       		.uleb128 0x2
 1103 0146 17       		.uleb128 0x17
 1104 0147 00       		.byte	0
 1105 0148 00       		.byte	0
 1106 0149 17       		.uleb128 0x17
 1107 014a 34       		.uleb128 0x34
 1108 014b 00       		.byte	0
 1109 014c 03       		.uleb128 0x3
 1110 014d 08       		.uleb128 0x8
 1111 014e 3A       		.uleb128 0x3a
 1112 014f 0B       		.uleb128 0xb
 1113 0150 3B       		.uleb128 0x3b
 1114 0151 0B       		.uleb128 0xb
 1115 0152 49       		.uleb128 0x49
 1116 0153 13       		.uleb128 0x13
 1117 0154 02       		.uleb128 0x2
 1118 0155 17       		.uleb128 0x17
 1119 0156 00       		.byte	0
 1120 0157 00       		.byte	0
 1121 0158 18       		.uleb128 0x18
 1122 0159 0A       		.uleb128 0xa
 1123 015a 00       		.byte	0
 1124 015b 03       		.uleb128 0x3
 1125 015c 0E       		.uleb128 0xe
 1126 015d 3A       		.uleb128 0x3a
 1127 015e 0B       		.uleb128 0xb
 1128 015f 3B       		.uleb128 0x3b
 1129 0160 0B       		.uleb128 0xb
 1130 0161 11       		.uleb128 0x11
 1131 0162 01       		.uleb128 0x1
 1132 0163 00       		.byte	0
 1133 0164 00       		.byte	0
 1134 0165 19       		.uleb128 0x19
 1135 0166 898201   		.uleb128 0x4109
 1136 0169 01       		.byte	0x1
 1137 016a 11       		.uleb128 0x11
 1138 016b 01       		.uleb128 0x1
 1139 016c 31       		.uleb128 0x31
 1140 016d 13       		.uleb128 0x13
ARM GAS  C:\Users\ddemidov\AppData\Local\Temp\ccaKwQ22.s 			page 23


 1141 016e 01       		.uleb128 0x1
 1142 016f 13       		.uleb128 0x13
 1143 0170 00       		.byte	0
 1144 0171 00       		.byte	0
 1145 0172 1A       		.uleb128 0x1a
 1146 0173 8A8201   		.uleb128 0x410a
 1147 0176 00       		.byte	0
 1148 0177 02       		.uleb128 0x2
 1149 0178 18       		.uleb128 0x18
 1150 0179 9142     		.uleb128 0x2111
 1151 017b 18       		.uleb128 0x18
 1152 017c 00       		.byte	0
 1153 017d 00       		.byte	0
 1154 017e 1B       		.uleb128 0x1b
 1155 017f 898201   		.uleb128 0x4109
 1156 0182 01       		.byte	0x1
 1157 0183 11       		.uleb128 0x11
 1158 0184 01       		.uleb128 0x1
 1159 0185 31       		.uleb128 0x31
 1160 0186 13       		.uleb128 0x13
 1161 0187 00       		.byte	0
 1162 0188 00       		.byte	0
 1163 0189 1C       		.uleb128 0x1c
 1164 018a 34       		.uleb128 0x34
 1165 018b 00       		.byte	0
 1166 018c 03       		.uleb128 0x3
 1167 018d 08       		.uleb128 0x8
 1168 018e 3A       		.uleb128 0x3a
 1169 018f 0B       		.uleb128 0xb
 1170 0190 3B       		.uleb128 0x3b
 1171 0191 0B       		.uleb128 0xb
 1172 0192 49       		.uleb128 0x49
 1173 0193 13       		.uleb128 0x13
 1174 0194 02       		.uleb128 0x2
 1175 0195 18       		.uleb128 0x18
 1176 0196 00       		.byte	0
 1177 0197 00       		.byte	0
 1178 0198 1D       		.uleb128 0x1d
 1179 0199 2E       		.uleb128 0x2e
 1180 019a 01       		.byte	0x1
 1181 019b 3F       		.uleb128 0x3f
 1182 019c 19       		.uleb128 0x19
 1183 019d 03       		.uleb128 0x3
 1184 019e 0E       		.uleb128 0xe
 1185 019f 3A       		.uleb128 0x3a
 1186 01a0 0B       		.uleb128 0xb
 1187 01a1 3B       		.uleb128 0x3b
 1188 01a2 0B       		.uleb128 0xb
 1189 01a3 27       		.uleb128 0x27
 1190 01a4 19       		.uleb128 0x19
 1191 01a5 49       		.uleb128 0x49
 1192 01a6 13       		.uleb128 0x13
 1193 01a7 3C       		.uleb128 0x3c
 1194 01a8 19       		.uleb128 0x19
 1195 01a9 01       		.uleb128 0x1
 1196 01aa 13       		.uleb128 0x13
 1197 01ab 00       		.byte	0
ARM GAS  C:\Users\ddemidov\AppData\Local\Temp\ccaKwQ22.s 			page 24


 1198 01ac 00       		.byte	0
 1199 01ad 1E       		.uleb128 0x1e
 1200 01ae 05       		.uleb128 0x5
 1201 01af 00       		.byte	0
 1202 01b0 49       		.uleb128 0x49
 1203 01b1 13       		.uleb128 0x13
 1204 01b2 00       		.byte	0
 1205 01b3 00       		.byte	0
 1206 01b4 1F       		.uleb128 0x1f
 1207 01b5 2E       		.uleb128 0x2e
 1208 01b6 01       		.byte	0x1
 1209 01b7 3F       		.uleb128 0x3f
 1210 01b8 19       		.uleb128 0x19
 1211 01b9 03       		.uleb128 0x3
 1212 01ba 0E       		.uleb128 0xe
 1213 01bb 3A       		.uleb128 0x3a
 1214 01bc 0B       		.uleb128 0xb
 1215 01bd 3B       		.uleb128 0x3b
 1216 01be 0B       		.uleb128 0xb
 1217 01bf 27       		.uleb128 0x27
 1218 01c0 19       		.uleb128 0x19
 1219 01c1 3C       		.uleb128 0x3c
 1220 01c2 19       		.uleb128 0x19
 1221 01c3 01       		.uleb128 0x1
 1222 01c4 13       		.uleb128 0x13
 1223 01c5 00       		.byte	0
 1224 01c6 00       		.byte	0
 1225 01c7 20       		.uleb128 0x20
 1226 01c8 2E       		.uleb128 0x2e
 1227 01c9 01       		.byte	0x1
 1228 01ca 3F       		.uleb128 0x3f
 1229 01cb 19       		.uleb128 0x19
 1230 01cc 03       		.uleb128 0x3
 1231 01cd 0E       		.uleb128 0xe
 1232 01ce 3A       		.uleb128 0x3a
 1233 01cf 0B       		.uleb128 0xb
 1234 01d0 3B       		.uleb128 0x3b
 1235 01d1 0B       		.uleb128 0xb
 1236 01d2 27       		.uleb128 0x27
 1237 01d3 19       		.uleb128 0x19
 1238 01d4 3C       		.uleb128 0x3c
 1239 01d5 19       		.uleb128 0x19
 1240 01d6 00       		.byte	0
 1241 01d7 00       		.byte	0
 1242 01d8 00       		.byte	0
 1243              		.section	.debug_loc,"",%progbits
 1244              	.Ldebug_loc0:
 1245              	.LLST0:
 1246 0000 00000000 		.4byte	.LVL0
 1247 0004 0E000000 		.4byte	.LVL2
 1248 0008 0100     		.2byte	0x1
 1249 000a 50       		.byte	0x50
 1250 000b 0E000000 		.4byte	.LVL2
 1251 000f 36000000 		.4byte	.LVL7
 1252 0013 0100     		.2byte	0x1
 1253 0015 57       		.byte	0x57
 1254 0016 36000000 		.4byte	.LVL7
ARM GAS  C:\Users\ddemidov\AppData\Local\Temp\ccaKwQ22.s 			page 25


 1255 001a 74000000 		.4byte	.LFE0
 1256 001e 0400     		.2byte	0x4
 1257 0020 F3       		.byte	0xf3
 1258 0021 01       		.uleb128 0x1
 1259 0022 50       		.byte	0x50
 1260 0023 9F       		.byte	0x9f
 1261 0024 00000000 		.4byte	0
 1262 0028 00000000 		.4byte	0
 1263              	.LLST1:
 1264 002c 00000000 		.4byte	.LVL0
 1265 0030 17000000 		.4byte	.LVL4-1
 1266 0034 0100     		.2byte	0x1
 1267 0036 51       		.byte	0x51
 1268 0037 17000000 		.4byte	.LVL4-1
 1269 003b 74000000 		.4byte	.LFE0
 1270 003f 0200     		.2byte	0x2
 1271 0041 91       		.byte	0x91
 1272 0042 5C       		.sleb128 -36
 1273 0043 00000000 		.4byte	0
 1274 0047 00000000 		.4byte	0
 1275              	.LLST2:
 1276 004b 00000000 		.4byte	.LVL0
 1277 004f 17000000 		.4byte	.LVL4-1
 1278 0053 0100     		.2byte	0x1
 1279 0055 52       		.byte	0x52
 1280 0056 17000000 		.4byte	.LVL4-1
 1281 005a 74000000 		.4byte	.LFE0
 1282 005e 0400     		.2byte	0x4
 1283 0060 F3       		.byte	0xf3
 1284 0061 01       		.uleb128 0x1
 1285 0062 52       		.byte	0x52
 1286 0063 9F       		.byte	0x9f
 1287 0064 00000000 		.4byte	0
 1288 0068 00000000 		.4byte	0
 1289              	.LLST3:
 1290 006c 00000000 		.4byte	.LVL0
 1291 0070 0A000000 		.4byte	.LVL1
 1292 0074 0100     		.2byte	0x1
 1293 0076 53       		.byte	0x53
 1294 0077 0A000000 		.4byte	.LVL1
 1295 007b 72000000 		.4byte	.LVL14
 1296 007f 0100     		.2byte	0x1
 1297 0081 55       		.byte	0x55
 1298 0082 72000000 		.4byte	.LVL14
 1299 0086 74000000 		.4byte	.LFE0
 1300 008a 0400     		.2byte	0x4
 1301 008c F3       		.byte	0xf3
 1302 008d 01       		.uleb128 0x1
 1303 008e 53       		.byte	0x53
 1304 008f 9F       		.byte	0x9f
 1305 0090 00000000 		.4byte	0
 1306 0094 00000000 		.4byte	0
 1307              	.LLST4:
 1308 0098 10000000 		.4byte	.LVL3
 1309 009c 3E000000 		.4byte	.LVL9
 1310 00a0 0200     		.2byte	0x2
 1311 00a2 30       		.byte	0x30
ARM GAS  C:\Users\ddemidov\AppData\Local\Temp\ccaKwQ22.s 			page 26


 1312 00a3 9F       		.byte	0x9f
 1313 00a4 3E000000 		.4byte	.LVL9
 1314 00a8 6E000000 		.4byte	.LVL12
 1315 00ac 0100     		.2byte	0x1
 1316 00ae 57       		.byte	0x57
 1317 00af 00000000 		.4byte	0
 1318 00b3 00000000 		.4byte	0
 1319              	.LLST5:
 1320 00b7 10000000 		.4byte	.LVL3
 1321 00bb 34000000 		.4byte	.LVL6
 1322 00bf 0200     		.2byte	0x2
 1323 00c1 30       		.byte	0x30
 1324 00c2 9F       		.byte	0x9f
 1325 00c3 34000000 		.4byte	.LVL6
 1326 00c7 3A000000 		.4byte	.LVL8
 1327 00cb 0100     		.2byte	0x1
 1328 00cd 50       		.byte	0x50
 1329 00ce 3A000000 		.4byte	.LVL8
 1330 00d2 72000000 		.4byte	.LVL13
 1331 00d6 0100     		.2byte	0x1
 1332 00d8 54       		.byte	0x54
 1333 00d9 72000000 		.4byte	.LVL13
 1334 00dd 74000000 		.4byte	.LFE0
 1335 00e1 0100     		.2byte	0x1
 1336 00e3 50       		.byte	0x50
 1337 00e4 00000000 		.4byte	0
 1338 00e8 00000000 		.4byte	0
 1339              	.LLST6:
 1340 00ec 00000000 		.4byte	.LVL15
 1341 00f0 0E000000 		.4byte	.LVL17
 1342 00f4 0100     		.2byte	0x1
 1343 00f6 50       		.byte	0x50
 1344 00f7 0E000000 		.4byte	.LVL17
 1345 00fb 30000000 		.4byte	.LVL22
 1346 00ff 0100     		.2byte	0x1
 1347 0101 54       		.byte	0x54
 1348 0102 30000000 		.4byte	.LVL22
 1349 0106 32000000 		.4byte	.LVL23
 1350 010a 0100     		.2byte	0x1
 1351 010c 50       		.byte	0x50
 1352 010d 32000000 		.4byte	.LVL23
 1353 0111 34000000 		.4byte	.LVL24
 1354 0115 0200     		.2byte	0x2
 1355 0117 91       		.byte	0x91
 1356 0118 6C       		.sleb128 -20
 1357 0119 34000000 		.4byte	.LVL24
 1358 011d 36000000 		.4byte	.LFE1
 1359 0121 0400     		.2byte	0x4
 1360 0123 F3       		.byte	0xf3
 1361 0124 01       		.uleb128 0x1
 1362 0125 50       		.byte	0x50
 1363 0126 9F       		.byte	0x9f
 1364 0127 00000000 		.4byte	0
 1365 012b 00000000 		.4byte	0
 1366              	.LLST7:
 1367 012f 00000000 		.4byte	.LVL15
 1368 0133 0C000000 		.4byte	.LVL16
ARM GAS  C:\Users\ddemidov\AppData\Local\Temp\ccaKwQ22.s 			page 27


 1369 0137 0100     		.2byte	0x1
 1370 0139 51       		.byte	0x51
 1371 013a 0C000000 		.4byte	.LVL16
 1372 013e 30000000 		.4byte	.LVL22
 1373 0142 0400     		.2byte	0x4
 1374 0144 F3       		.byte	0xf3
 1375 0145 01       		.uleb128 0x1
 1376 0146 51       		.byte	0x51
 1377 0147 9F       		.byte	0x9f
 1378 0148 30000000 		.4byte	.LVL22
 1379 014c 34000000 		.4byte	.LVL24
 1380 0150 0100     		.2byte	0x1
 1381 0152 51       		.byte	0x51
 1382 0153 34000000 		.4byte	.LVL24
 1383 0157 36000000 		.4byte	.LFE1
 1384 015b 0400     		.2byte	0x4
 1385 015d F3       		.byte	0xf3
 1386 015e 01       		.uleb128 0x1
 1387 015f 51       		.byte	0x51
 1388 0160 9F       		.byte	0x9f
 1389 0161 00000000 		.4byte	0
 1390 0165 00000000 		.4byte	0
 1391              	.LLST8:
 1392 0169 00000000 		.4byte	.LVL15
 1393 016d 13000000 		.4byte	.LVL18-1
 1394 0171 0100     		.2byte	0x1
 1395 0173 52       		.byte	0x52
 1396 0174 13000000 		.4byte	.LVL18-1
 1397 0178 30000000 		.4byte	.LVL22
 1398 017c 0400     		.2byte	0x4
 1399 017e F3       		.byte	0xf3
 1400 017f 01       		.uleb128 0x1
 1401 0180 52       		.byte	0x52
 1402 0181 9F       		.byte	0x9f
 1403 0182 30000000 		.4byte	.LVL22
 1404 0186 34000000 		.4byte	.LVL24
 1405 018a 0100     		.2byte	0x1
 1406 018c 52       		.byte	0x52
 1407 018d 34000000 		.4byte	.LVL24
 1408 0191 36000000 		.4byte	.LFE1
 1409 0195 0400     		.2byte	0x4
 1410 0197 F3       		.byte	0xf3
 1411 0198 01       		.uleb128 0x1
 1412 0199 52       		.byte	0x52
 1413 019a 9F       		.byte	0x9f
 1414 019b 00000000 		.4byte	0
 1415 019f 00000000 		.4byte	0
 1416              	.LLST9:
 1417 01a3 00000000 		.4byte	.LVL15
 1418 01a7 2E000000 		.4byte	.LVL21
 1419 01ab 0200     		.2byte	0x2
 1420 01ad 30       		.byte	0x30
 1421 01ae 9F       		.byte	0x9f
 1422 01af 2E000000 		.4byte	.LVL21
 1423 01b3 30000000 		.4byte	.LVL22
 1424 01b7 0100     		.2byte	0x1
 1425 01b9 50       		.byte	0x50
ARM GAS  C:\Users\ddemidov\AppData\Local\Temp\ccaKwQ22.s 			page 28


 1426 01ba 30000000 		.4byte	.LVL22
 1427 01be 34000000 		.4byte	.LVL24
 1428 01c2 0200     		.2byte	0x2
 1429 01c4 30       		.byte	0x30
 1430 01c5 9F       		.byte	0x9f
 1431 01c6 34000000 		.4byte	.LVL24
 1432 01ca 36000000 		.4byte	.LFE1
 1433 01ce 0100     		.2byte	0x1
 1434 01d0 50       		.byte	0x50
 1435 01d1 00000000 		.4byte	0
 1436 01d5 00000000 		.4byte	0
 1437              		.section	.debug_aranges,"",%progbits
 1438 0000 24000000 		.4byte	0x24
 1439 0004 0200     		.2byte	0x2
 1440 0006 00000000 		.4byte	.Ldebug_info0
 1441 000a 04       		.byte	0x4
 1442 000b 00       		.byte	0
 1443 000c 0000     		.2byte	0
 1444 000e 0000     		.2byte	0
 1445 0010 00000000 		.4byte	.LFB0
 1446 0014 74000000 		.4byte	.LFE0-.LFB0
 1447 0018 00000000 		.4byte	.LFB1
 1448 001c 36000000 		.4byte	.LFE1-.LFB1
 1449 0020 00000000 		.4byte	0
 1450 0024 00000000 		.4byte	0
 1451              		.section	.debug_ranges,"",%progbits
 1452              	.Ldebug_ranges0:
 1453 0000 00000000 		.4byte	.LFB0
 1454 0004 74000000 		.4byte	.LFE0
 1455 0008 00000000 		.4byte	.LFB1
 1456 000c 36000000 		.4byte	.LFE1
 1457 0010 00000000 		.4byte	0
 1458 0014 00000000 		.4byte	0
 1459              		.section	.debug_line,"",%progbits
 1460              	.Ldebug_line0:
 1461 0000 D3000000 		.section	.debug_str,"MS",%progbits,1
 1461      02008000 
 1461      00000201 
 1461      FB0E0D00 
 1461      01010101 
 1462              	.LASF0:
 1463 0000 4D515454 		.ascii	"MQTTPACKET_BUFFER_TOO_SHORT\000"
 1463      5041434B 
 1463      45545F42 
 1463      55464645 
 1463      525F544F 
 1464              	.LASF42:
 1465 001c 636F756E 		.ascii	"count\000"
 1465      7400
 1466              	.LASF57:
 1467 0022 474E5520 		.ascii	"GNU C 4.9.3 20150303 (release) [ARM/embedded-4_9-br"
 1467      4320342E 
 1467      392E3320 
 1467      32303135 
 1467      30333033 
 1468 0055 616E6368 		.ascii	"anch revision 221220] -mcpu=cortex-m0 -mthumb -g -O"
 1468      20726576 
ARM GAS  C:\Users\ddemidov\AppData\Local\Temp\ccaKwQ22.s 			page 29


 1468      6973696F 
 1468      6E203232 
 1468      31323230 
 1469 0088 73202D66 		.ascii	"s -ffunction-sections -ffat-lto-objects\000"
 1469      66756E63 
 1469      74696F6E 
 1469      2D736563 
 1469      74696F6E 
 1470              	.LASF54:
 1471 00b0 72656164 		.ascii	"readInt\000"
 1471      496E7400 
 1472              	.LASF20:
 1473 00b8 74797065 		.ascii	"type\000"
 1473      00
 1474              	.LASF55:
 1475 00bd 72656164 		.ascii	"readMQTTLenString\000"
 1475      4D515454 
 1475      4C656E53 
 1475      7472696E 
 1475      6700
 1476              	.LASF15:
 1477 00cf 554E5355 		.ascii	"UNSUBACK\000"
 1477      4241434B 
 1477      00
 1478              	.LASF19:
 1479 00d8 72657461 		.ascii	"retain\000"
 1479      696E00
 1480              	.LASF30:
 1481 00df 6C656E73 		.ascii	"lenstring\000"
 1481      7472696E 
 1481      6700
 1482              	.LASF38:
 1483 00e9 6C6F6E67 		.ascii	"long long unsigned int\000"
 1483      206C6F6E 
 1483      6720756E 
 1483      7369676E 
 1483      65642069 
 1484              	.LASF41:
 1485 0100 6D617863 		.ascii	"maxcount\000"
 1485      6F756E74 
 1485      00
 1486              	.LASF1:
 1487 0109 4D515454 		.ascii	"MQTTPACKET_READ_ERROR\000"
 1487      5041434B 
 1487      45545F52 
 1487      4541445F 
 1487      4552524F 
 1488              	.LASF37:
 1489 011f 6C6F6E67 		.ascii	"long long int\000"
 1489      206C6F6E 
 1489      6720696E 
 1489      7400
 1490              	.LASF32:
 1491 012d 7369676E 		.ascii	"signed char\000"
 1491      65642063 
 1491      68617200 
 1492              	.LASF52:
ARM GAS  C:\Users\ddemidov\AppData\Local\Temp\ccaKwQ22.s 			page 30


 1493 0139 72656164 		.ascii	"readChar\000"
 1493      43686172 
 1493      00
 1494              	.LASF22:
 1495 0142 62697473 		.ascii	"bits\000"
 1495      00
 1496              	.LASF35:
 1497 0147 6C6F6E67 		.ascii	"long int\000"
 1497      20696E74 
 1497      00
 1498              	.LASF61:
 1499 0150 77726974 		.ascii	"writeInt\000"
 1499      65496E74 
 1499      00
 1500              	.LASF14:
 1501 0159 554E5355 		.ascii	"UNSUBSCRIBE\000"
 1501      42534352 
 1501      49424500 
 1502              	.LASF21:
 1503 0165 62797465 		.ascii	"byte\000"
 1503      00
 1504              	.LASF56:
 1505 016a 4D515454 		.ascii	"MQTTPacket_encode\000"
 1505      5061636B 
 1505      65745F65 
 1505      6E636F64 
 1505      6500
 1506              	.LASF4:
 1507 017c 6D736754 		.ascii	"msgTypes\000"
 1507      79706573 
 1507      00
 1508              	.LASF23:
 1509 0185 756E7369 		.ascii	"unsigned int\000"
 1509      676E6564 
 1509      20696E74 
 1509      00
 1510              	.LASF6:
 1511 0192 434F4E4E 		.ascii	"CONNACK\000"
 1511      41434B00 
 1512              	.LASF3:
 1513 019a 6572726F 		.ascii	"errors\000"
 1513      727300
 1514              	.LASF36:
 1515 01a1 6C6F6E67 		.ascii	"long unsigned int\000"
 1515      20756E73 
 1515      69676E65 
 1515      6420696E 
 1515      7400
 1516              	.LASF45:
 1517 01b3 656E6464 		.ascii	"enddata\000"
 1517      61746100 
 1518              	.LASF25:
 1519 01bb 64617461 		.ascii	"data\000"
 1519      00
 1520              	.LASF34:
 1521 01c0 73686F72 		.ascii	"short unsigned int\000"
 1521      7420756E 
ARM GAS  C:\Users\ddemidov\AppData\Local\Temp\ccaKwQ22.s 			page 31


 1521      7369676E 
 1521      65642069 
 1521      6E7400
 1522              	.LASF2:
 1523 01d3 4D515454 		.ascii	"MQTTPACKET_READ_COMPLETE\000"
 1523      5041434B 
 1523      45545F52 
 1523      4541445F 
 1523      434F4D50 
 1524              	.LASF58:
 1525 01ec 2E2E5C61 		.ascii	"..\\acn-sdk-c\\src\\mqtt\\packet\\src\\MQTTUnsubscr"
 1525      636E2D73 
 1525      646B2D63 
 1525      5C737263 
 1525      5C6D7174 
 1526 0219 69626553 		.ascii	"ibeServer.c\000"
 1526      65727665 
 1526      722E6300 
 1527              	.LASF13:
 1528 0225 53554241 		.ascii	"SUBACK\000"
 1528      434B00
 1529              	.LASF31:
 1530 022c 4D515454 		.ascii	"MQTTString\000"
 1530      53747269 
 1530      6E6700
 1531              	.LASF40:
 1532 0237 7061636B 		.ascii	"packetid\000"
 1532      65746964 
 1532      00
 1533              	.LASF39:
 1534 0240 73697A65 		.ascii	"sizetype\000"
 1534      74797065 
 1534      00
 1535              	.LASF43:
 1536 0249 746F7069 		.ascii	"topicFilters\000"
 1536      6346696C 
 1536      74657273 
 1536      00
 1537              	.LASF29:
 1538 0256 63737472 		.ascii	"cstring\000"
 1538      696E6700 
 1539              	.LASF18:
 1540 025e 44495343 		.ascii	"DISCONNECT\000"
 1540      4F4E4E45 
 1540      435400
 1541              	.LASF53:
 1542 0269 4D515454 		.ascii	"MQTTPacket_decodeBuf\000"
 1542      5061636B 
 1542      65745F64 
 1542      65636F64 
 1542      65427566 
 1543              	.LASF44:
 1544 027e 63757264 		.ascii	"curdata\000"
 1544      61746100 
 1545              	.LASF46:
 1546 0286 6D796C65 		.ascii	"mylen\000"
 1546      6E00
ARM GAS  C:\Users\ddemidov\AppData\Local\Temp\ccaKwQ22.s 			page 32


 1547              	.LASF48:
 1548 028c 4D515454 		.ascii	"MQTTSerialize_unsuback\000"
 1548      53657269 
 1548      616C697A 
 1548      655F756E 
 1548      73756261 
 1549              	.LASF17:
 1550 02a3 50494E47 		.ascii	"PINGRESP\000"
 1550      52455350 
 1550      00
 1551              	.LASF5:
 1552 02ac 434F4E4E 		.ascii	"CONNECT\000"
 1552      45435400 
 1553              	.LASF24:
 1554 02b4 756E7369 		.ascii	"unsigned char\000"
 1554      676E6564 
 1554      20636861 
 1554      7200
 1555              	.LASF33:
 1556 02c2 73686F72 		.ascii	"short int\000"
 1556      7420696E 
 1556      7400
 1557              	.LASF7:
 1558 02cc 5055424C 		.ascii	"PUBLISH\000"
 1558      49534800 
 1559              	.LASF49:
 1560 02d4 6275666C 		.ascii	"buflen\000"
 1560      656E00
 1561              	.LASF51:
 1562 02db 65786974 		.ascii	"exit\000"
 1562      00
 1563              	.LASF59:
 1564 02e0 433A5C55 		.ascii	"C:\\Users\\ddemidov\\Documents\\PSoC Creator\\BLE_F"
 1564      73657273 
 1564      5C646465 
 1564      6D69646F 
 1564      765C446F 
 1565 030e 696E644D 		.ascii	"indMe01\\SenseAbility.cydsn\000"
 1565      6530315C 
 1565      53656E73 
 1565      65416269 
 1565      6C697479 
 1566              	.LASF27:
 1567 0329 4D515454 		.ascii	"MQTTHeader\000"
 1567      48656164 
 1567      657200
 1568              	.LASF28:
 1569 0334 4D515454 		.ascii	"MQTTLenString\000"
 1569      4C656E53 
 1569      7472696E 
 1569      6700
 1570              	.LASF12:
 1571 0342 53554253 		.ascii	"SUBSCRIBE\000"
 1571      43524942 
 1571      4500
 1572              	.LASF26:
 1573 034c 63686172 		.ascii	"char\000"
ARM GAS  C:\Users\ddemidov\AppData\Local\Temp\ccaKwQ22.s 			page 33


 1573      00
 1574              	.LASF8:
 1575 0351 50554241 		.ascii	"PUBACK\000"
 1575      434B00
 1576              	.LASF11:
 1577 0358 50554243 		.ascii	"PUBCOMP\000"
 1577      4F4D5000 
 1578              	.LASF60:
 1579 0360 77726974 		.ascii	"writeChar\000"
 1579      65436861 
 1579      7200
 1580              	.LASF9:
 1581 036a 50554252 		.ascii	"PUBREC\000"
 1581      454300
 1582              	.LASF47:
 1583 0371 4D515454 		.ascii	"MQTTDeserialize_unsubscribe\000"
 1583      44657365 
 1583      7269616C 
 1583      697A655F 
 1583      756E7375 
 1584              	.LASF10:
 1585 038d 50554252 		.ascii	"PUBREL\000"
 1585      454C00
 1586              	.LASF16:
 1587 0394 50494E47 		.ascii	"PINGREQ\000"
 1587      52455100 
 1588              	.LASF50:
 1589 039c 68656164 		.ascii	"header\000"
 1589      657200
 1590              		.ident	"GCC: (GNU Tools for ARM Embedded Processors) 4.9.3 20150303 (release) [ARM/embedded-4_9-br
