ARM GAS  C:\Users\ddemidov\AppData\Local\Temp\ccVAAkHe.s 			page 1


   1              		.cpu cortex-m0
   2              		.fpu softvfp
   3              		.eabi_attribute 20, 1
   4              		.eabi_attribute 21, 1
   5              		.eabi_attribute 23, 3
   6              		.eabi_attribute 24, 1
   7              		.eabi_attribute 25, 1
   8              		.eabi_attribute 26, 1
   9              		.eabi_attribute 30, 4
  10              		.eabi_attribute 34, 0
  11              		.eabi_attribute 18, 4
  12              		.code	16
  13              		.file	"MQTTSubscribeClient.c"
  14              		.text
  15              	.Ltext0:
  16              		.cfi_sections	.debug_frame
  17              		.section	.text.MQTTSerialize_subscribeLength,"ax",%progbits
  18              		.align	1
  19              		.global	MQTTSerialize_subscribeLength
  20              		.code	16
  21              		.thumb_func
  22              		.type	MQTTSerialize_subscribeLength, %function
  23              	MQTTSerialize_subscribeLength:
  24              	.LFB0:
  25              		.file 1 "..\\acn-sdk-c\\src\\mqtt\\packet\\src\\MQTTSubscribeClient.c"
   1:..\acn-sdk-c\src\mqtt\packet\src/MQTTSubscribeClient.c **** /*******************************************************************************
   2:..\acn-sdk-c\src\mqtt\packet\src/MQTTSubscribeClient.c ****  * Copyright (c) 2014 IBM Corp.
   3:..\acn-sdk-c\src\mqtt\packet\src/MQTTSubscribeClient.c ****  *
   4:..\acn-sdk-c\src\mqtt\packet\src/MQTTSubscribeClient.c ****  * All rights reserved. This program and the accompanying materials
   5:..\acn-sdk-c\src\mqtt\packet\src/MQTTSubscribeClient.c ****  * are made available under the terms of the Eclipse Public License v1.0
   6:..\acn-sdk-c\src\mqtt\packet\src/MQTTSubscribeClient.c ****  * and Eclipse Distribution License v1.0 which accompany this distribution.
   7:..\acn-sdk-c\src\mqtt\packet\src/MQTTSubscribeClient.c ****  *
   8:..\acn-sdk-c\src\mqtt\packet\src/MQTTSubscribeClient.c ****  * The Eclipse Public License is available at
   9:..\acn-sdk-c\src\mqtt\packet\src/MQTTSubscribeClient.c ****  *    http://www.eclipse.org/legal/epl-v10.html
  10:..\acn-sdk-c\src\mqtt\packet\src/MQTTSubscribeClient.c ****  * and the Eclipse Distribution License is available at
  11:..\acn-sdk-c\src\mqtt\packet\src/MQTTSubscribeClient.c ****  *   http://www.eclipse.org/org/documents/edl-v10.php.
  12:..\acn-sdk-c\src\mqtt\packet\src/MQTTSubscribeClient.c ****  *
  13:..\acn-sdk-c\src\mqtt\packet\src/MQTTSubscribeClient.c ****  * Contributors:
  14:..\acn-sdk-c\src\mqtt\packet\src/MQTTSubscribeClient.c ****  *    Ian Craggs - initial API and implementation and/or initial documentation
  15:..\acn-sdk-c\src\mqtt\packet\src/MQTTSubscribeClient.c ****  *******************************************************************************/
  16:..\acn-sdk-c\src\mqtt\packet\src/MQTTSubscribeClient.c **** 
  17:..\acn-sdk-c\src\mqtt\packet\src/MQTTSubscribeClient.c **** #include <mqtt/packet/StackTrace.h>
  18:..\acn-sdk-c\src\mqtt\packet\src/MQTTSubscribeClient.c **** #include "mqtt/packet/MQTTPacket.h"
  19:..\acn-sdk-c\src\mqtt\packet\src/MQTTSubscribeClient.c **** #include <string.h>
  20:..\acn-sdk-c\src\mqtt\packet\src/MQTTSubscribeClient.c **** 
  21:..\acn-sdk-c\src\mqtt\packet\src/MQTTSubscribeClient.c **** /**
  22:..\acn-sdk-c\src\mqtt\packet\src/MQTTSubscribeClient.c ****   * Determines the length of the MQTT subscribe packet that would be produced using the supplied pa
  23:..\acn-sdk-c\src\mqtt\packet\src/MQTTSubscribeClient.c ****   * @param count the number of topic filter strings in topicFilters
  24:..\acn-sdk-c\src\mqtt\packet\src/MQTTSubscribeClient.c ****   * @param topicFilters the array of topic filter strings to be used in the publish
  25:..\acn-sdk-c\src\mqtt\packet\src/MQTTSubscribeClient.c ****   * @return the length of buffer needed to contain the serialized version of the packet
  26:..\acn-sdk-c\src\mqtt\packet\src/MQTTSubscribeClient.c ****   */
  27:..\acn-sdk-c\src\mqtt\packet\src/MQTTSubscribeClient.c **** int MQTTSerialize_subscribeLength(int count, MQTTString topicFilters[])
  28:..\acn-sdk-c\src\mqtt\packet\src/MQTTSubscribeClient.c **** {
  26              		.loc 1 28 0
  27              		.cfi_startproc
  28              	.LVL0:
  29 0000 F8B5     		push	{r3, r4, r5, r6, r7, lr}
ARM GAS  C:\Users\ddemidov\AppData\Local\Temp\ccVAAkHe.s 			page 2


  30              		.cfi_def_cfa_offset 24
  31              		.cfi_offset 3, -24
  32              		.cfi_offset 4, -20
  33              		.cfi_offset 5, -16
  34              		.cfi_offset 6, -12
  35              		.cfi_offset 7, -8
  36              		.cfi_offset 14, -4
  37              		.loc 1 28 0
  38 0002 071C     		mov	r7, r0
  39 0004 0E1C     		mov	r6, r1
  29:..\acn-sdk-c\src\mqtt\packet\src/MQTTSubscribeClient.c **** 	int i;
  30:..\acn-sdk-c\src\mqtt\packet\src/MQTTSubscribeClient.c **** 	int len = 2; /* packetid */
  40              		.loc 1 30 0
  41 0006 0225     		mov	r5, #2
  31:..\acn-sdk-c\src\mqtt\packet\src/MQTTSubscribeClient.c **** 
  32:..\acn-sdk-c\src\mqtt\packet\src/MQTTSubscribeClient.c **** 	for (i = 0; i < count; ++i)
  42              		.loc 1 32 0
  43 0008 0024     		mov	r4, #0
  44              	.LVL1:
  45              	.L2:
  46              		.loc 1 32 0 is_stmt 0 discriminator 1
  47 000a BC42     		cmp	r4, r7
  48 000c 0BDA     		bge	.L5
  33:..\acn-sdk-c\src\mqtt\packet\src/MQTTSubscribeClient.c **** 		len += 2 + MQTTstrlen(topicFilters[i]) + 1; /* length + topic + req_qos */
  49              		.loc 1 33 0 is_stmt 1 discriminator 3
  50 000e 0C23     		mov	r3, #12
  51 0010 6343     		mul	r3, r4
  52 0012 9859     		ldr	r0, [r3, r6]
  53 0014 F318     		add	r3, r6, r3
  54 0016 5968     		ldr	r1, [r3, #4]
  55 0018 9A68     		ldr	r2, [r3, #8]
  56 001a FFF7FEFF 		bl	MQTTstrlen
  57              	.LVL2:
  58 001e 0330     		add	r0, r0, #3
  59 0020 2D18     		add	r5, r5, r0
  60              	.LVL3:
  32:..\acn-sdk-c\src\mqtt\packet\src/MQTTSubscribeClient.c **** 		len += 2 + MQTTstrlen(topicFilters[i]) + 1; /* length + topic + req_qos */
  61              		.loc 1 32 0 discriminator 3
  62 0022 0134     		add	r4, r4, #1
  63              	.LVL4:
  64 0024 F1E7     		b	.L2
  65              	.L5:
  34:..\acn-sdk-c\src\mqtt\packet\src/MQTTSubscribeClient.c **** 	return len;
  35:..\acn-sdk-c\src\mqtt\packet\src/MQTTSubscribeClient.c **** }
  66              		.loc 1 35 0
  67 0026 281C     		mov	r0, r5
  68              		@ sp needed
  69              	.LVL5:
  70              	.LVL6:
  71              	.LVL7:
  72              	.LVL8:
  73 0028 F8BD     		pop	{r3, r4, r5, r6, r7, pc}
  74              		.cfi_endproc
  75              	.LFE0:
  76              		.size	MQTTSerialize_subscribeLength, .-MQTTSerialize_subscribeLength
  77              		.section	.text.MQTTSerialize_subscribe,"ax",%progbits
  78              		.align	1
ARM GAS  C:\Users\ddemidov\AppData\Local\Temp\ccVAAkHe.s 			page 3


  79              		.global	MQTTSerialize_subscribe
  80              		.code	16
  81              		.thumb_func
  82              		.type	MQTTSerialize_subscribe, %function
  83              	MQTTSerialize_subscribe:
  84              	.LFB1:
  36:..\acn-sdk-c\src\mqtt\packet\src/MQTTSubscribeClient.c **** 
  37:..\acn-sdk-c\src\mqtt\packet\src/MQTTSubscribeClient.c **** 
  38:..\acn-sdk-c\src\mqtt\packet\src/MQTTSubscribeClient.c **** /**
  39:..\acn-sdk-c\src\mqtt\packet\src/MQTTSubscribeClient.c ****   * Serializes the supplied subscribe data into the supplied buffer, ready for sending
  40:..\acn-sdk-c\src\mqtt\packet\src/MQTTSubscribeClient.c ****   * @param buf the buffer into which the packet will be serialized
  41:..\acn-sdk-c\src\mqtt\packet\src/MQTTSubscribeClient.c ****   * @param buflen the length in bytes of the supplied bufferr
  42:..\acn-sdk-c\src\mqtt\packet\src/MQTTSubscribeClient.c ****   * @param dup integer - the MQTT dup flag
  43:..\acn-sdk-c\src\mqtt\packet\src/MQTTSubscribeClient.c ****   * @param packetid integer - the MQTT packet identifier
  44:..\acn-sdk-c\src\mqtt\packet\src/MQTTSubscribeClient.c ****   * @param count - number of members in the topicFilters and reqQos arrays
  45:..\acn-sdk-c\src\mqtt\packet\src/MQTTSubscribeClient.c ****   * @param topicFilters - array of topic filter names
  46:..\acn-sdk-c\src\mqtt\packet\src/MQTTSubscribeClient.c ****   * @param requestedQoSs - array of requested QoS
  47:..\acn-sdk-c\src\mqtt\packet\src/MQTTSubscribeClient.c ****   * @return the length of the serialized data.  <= 0 indicates error
  48:..\acn-sdk-c\src\mqtt\packet\src/MQTTSubscribeClient.c ****   */
  49:..\acn-sdk-c\src\mqtt\packet\src/MQTTSubscribeClient.c **** int MQTTSerialize_subscribe(unsigned char* buf, int buflen, unsigned char dup, unsigned short packe
  50:..\acn-sdk-c\src\mqtt\packet\src/MQTTSubscribeClient.c **** 		MQTTString topicFilters[], int requestedQoSs[])
  51:..\acn-sdk-c\src\mqtt\packet\src/MQTTSubscribeClient.c **** {
  85              		.loc 1 51 0
  86              		.cfi_startproc
  87              	.LVL9:
  88 0000 F0B5     		push	{r4, r5, r6, r7, lr}
  89              		.cfi_def_cfa_offset 20
  90              		.cfi_offset 4, -20
  91              		.cfi_offset 5, -16
  92              		.cfi_offset 6, -12
  93              		.cfi_offset 7, -8
  94              		.cfi_offset 14, -4
  95 0002 85B0     		sub	sp, sp, #20
  96              		.cfi_def_cfa_offset 40
  97              		.loc 1 51 0
  98 0004 0F1C     		mov	r7, r1
  52:..\acn-sdk-c\src\mqtt\packet\src/MQTTSubscribeClient.c **** 	unsigned char *ptr = buf;
  99              		.loc 1 52 0
 100 0006 0390     		str	r0, [sp, #12]
 101              	.LVL10:
  51:..\acn-sdk-c\src\mqtt\packet\src/MQTTSubscribeClient.c **** 	unsigned char *ptr = buf;
 102              		.loc 1 51 0
 103 0008 051C     		mov	r5, r0
  53:..\acn-sdk-c\src\mqtt\packet\src/MQTTSubscribeClient.c **** 	MQTTHeader header = {0};
  54:..\acn-sdk-c\src\mqtt\packet\src/MQTTSubscribeClient.c **** 	int rem_len = 0;
  55:..\acn-sdk-c\src\mqtt\packet\src/MQTTSubscribeClient.c **** 	int rc = 0;
  56:..\acn-sdk-c\src\mqtt\packet\src/MQTTSubscribeClient.c **** 	int i = 0;
  57:..\acn-sdk-c\src\mqtt\packet\src/MQTTSubscribeClient.c **** 
  58:..\acn-sdk-c\src\mqtt\packet\src/MQTTSubscribeClient.c **** 	FUNC_ENTRY;
  59:..\acn-sdk-c\src\mqtt\packet\src/MQTTSubscribeClient.c **** 	if (MQTTPacket_len(rem_len = MQTTSerialize_subscribeLength(count, topicFilters)) > buflen)
 104              		.loc 1 59 0
 105 000a 0B99     		ldr	r1, [sp, #44]
 106              	.LVL11:
 107 000c 0A98     		ldr	r0, [sp, #40]
 108              	.LVL12:
  51:..\acn-sdk-c\src\mqtt\packet\src/MQTTSubscribeClient.c **** 	unsigned char *ptr = buf;
 109              		.loc 1 51 0
ARM GAS  C:\Users\ddemidov\AppData\Local\Temp\ccVAAkHe.s 			page 4


 110 000e 0192     		str	r2, [sp, #4]
 111 0010 1C1C     		mov	r4, r3
 112              		.loc 1 59 0
 113 0012 FFF7FEFF 		bl	MQTTSerialize_subscribeLength
 114              	.LVL13:
 115 0016 061C     		mov	r6, r0
 116              	.LVL14:
 117 0018 FFF7FEFF 		bl	MQTTPacket_len
 118              	.LVL15:
 119 001c B842     		cmp	r0, r7
 120 001e 2FDC     		bgt	.L10
  60:..\acn-sdk-c\src\mqtt\packet\src/MQTTSubscribeClient.c **** 	{
  61:..\acn-sdk-c\src\mqtt\packet\src/MQTTSubscribeClient.c **** 		rc = MQTTPACKET_BUFFER_TOO_SHORT;
  62:..\acn-sdk-c\src\mqtt\packet\src/MQTTSubscribeClient.c **** 		goto exit;
  63:..\acn-sdk-c\src\mqtt\packet\src/MQTTSubscribeClient.c **** 	}
  64:..\acn-sdk-c\src\mqtt\packet\src/MQTTSubscribeClient.c **** 
  65:..\acn-sdk-c\src\mqtt\packet\src/MQTTSubscribeClient.c **** 	header.byte = 0;
  66:..\acn-sdk-c\src\mqtt\packet\src/MQTTSubscribeClient.c **** 	header.bits.type = SUBSCRIBE;
  67:..\acn-sdk-c\src\mqtt\packet\src/MQTTSubscribeClient.c **** 	header.bits.dup = dup;
 121              		.loc 1 67 0
 122 0020 0121     		mov	r1, #1
 123 0022 019B     		ldr	r3, [sp, #4]
  68:..\acn-sdk-c\src\mqtt\packet\src/MQTTSubscribeClient.c **** 	header.bits.qos = 1;
  69:..\acn-sdk-c\src\mqtt\packet\src/MQTTSubscribeClient.c **** 	writeChar(&ptr, header.byte); /* write header */
 124              		.loc 1 69 0
 125 0024 03A8     		add	r0, sp, #12
  67:..\acn-sdk-c\src\mqtt\packet\src/MQTTSubscribeClient.c **** 	header.bits.qos = 1;
 126              		.loc 1 67 0
 127 0026 0B40     		and	r3, r1
 128 0028 D900     		lsl	r1, r3, #3
  68:..\acn-sdk-c\src\mqtt\packet\src/MQTTSubscribeClient.c **** 	header.bits.qos = 1;
 129              		.loc 1 68 0
 130 002a 8023     		mov	r3, #128
 131 002c 1943     		orr	r1, r3
 132              		.loc 1 69 0
 133 002e 7E3B     		sub	r3, r3, #126
 134 0030 1943     		orr	r1, r3
 135              	.LVL16:
 136 0032 FFF7FEFF 		bl	writeChar
 137              	.LVL17:
  70:..\acn-sdk-c\src\mqtt\packet\src/MQTTSubscribeClient.c **** 
  71:..\acn-sdk-c\src\mqtt\packet\src/MQTTSubscribeClient.c **** 	ptr += MQTTPacket_encode(ptr, rem_len); /* write remaining length */;
 138              		.loc 1 71 0
 139 0036 311C     		mov	r1, r6
 140 0038 0398     		ldr	r0, [sp, #12]
 141 003a FFF7FEFF 		bl	MQTTPacket_encode
 142              	.LVL18:
 143 003e 039B     		ldr	r3, [sp, #12]
  72:..\acn-sdk-c\src\mqtt\packet\src/MQTTSubscribeClient.c **** 
  73:..\acn-sdk-c\src\mqtt\packet\src/MQTTSubscribeClient.c **** 	writeInt(&ptr, packetid);
 144              		.loc 1 73 0
 145 0040 211C     		mov	r1, r4
  71:..\acn-sdk-c\src\mqtt\packet\src/MQTTSubscribeClient.c **** 
 146              		.loc 1 71 0
 147 0042 1818     		add	r0, r3, r0
 148 0044 0390     		str	r0, [sp, #12]
 149              		.loc 1 73 0
ARM GAS  C:\Users\ddemidov\AppData\Local\Temp\ccVAAkHe.s 			page 5


 150 0046 03A8     		add	r0, sp, #12
 151 0048 FFF7FEFF 		bl	writeInt
 152              	.LVL19:
  74:..\acn-sdk-c\src\mqtt\packet\src/MQTTSubscribeClient.c **** 
  75:..\acn-sdk-c\src\mqtt\packet\src/MQTTSubscribeClient.c **** 	for (i = 0; i < count; ++i)
 153              		.loc 1 75 0
 154 004c 0026     		mov	r6, #0
 155              	.LVL20:
 156              	.L8:
 157              		.loc 1 75 0 is_stmt 0 discriminator 1
 158 004e 0A9B     		ldr	r3, [sp, #40]
 159 0050 9E42     		cmp	r6, r3
 160 0052 12DA     		bge	.L11
  76:..\acn-sdk-c\src\mqtt\packet\src/MQTTSubscribeClient.c **** 	{
  77:..\acn-sdk-c\src\mqtt\packet\src/MQTTSubscribeClient.c **** 		writeMQTTString(&ptr, topicFilters[i]);
 161              		.loc 1 77 0 is_stmt 1 discriminator 3
 162 0054 0C23     		mov	r3, #12
 163 0056 7343     		mul	r3, r6
 164 0058 0B9A     		ldr	r2, [sp, #44]
 165 005a 03A8     		add	r0, sp, #12
 166 005c 9958     		ldr	r1, [r3, r2]
 167 005e D318     		add	r3, r2, r3
 168 0060 5A68     		ldr	r2, [r3, #4]
 169 0062 9B68     		ldr	r3, [r3, #8]
 170 0064 FFF7FEFF 		bl	writeMQTTString
 171              	.LVL21:
  78:..\acn-sdk-c\src\mqtt\packet\src/MQTTSubscribeClient.c **** 		writeChar(&ptr, requestedQoSs[i]);
 172              		.loc 1 78 0 discriminator 3
 173 0068 0C9A     		ldr	r2, [sp, #48]
 174 006a B300     		lsl	r3, r6, #2
 175 006c D158     		ldr	r1, [r2, r3]
 176 006e 03A8     		add	r0, sp, #12
 177 0070 C9B2     		uxtb	r1, r1
 178 0072 FFF7FEFF 		bl	writeChar
 179              	.LVL22:
  75:..\acn-sdk-c\src\mqtt\packet\src/MQTTSubscribeClient.c **** 	{
 180              		.loc 1 75 0 discriminator 3
 181 0076 0136     		add	r6, r6, #1
 182              	.LVL23:
 183 0078 E9E7     		b	.L8
 184              	.L11:
  79:..\acn-sdk-c\src\mqtt\packet\src/MQTTSubscribeClient.c **** 	}
  80:..\acn-sdk-c\src\mqtt\packet\src/MQTTSubscribeClient.c **** 
  81:..\acn-sdk-c\src\mqtt\packet\src/MQTTSubscribeClient.c **** 	rc = ptr - buf;
 185              		.loc 1 81 0
 186 007a 039B     		ldr	r3, [sp, #12]
 187 007c 581B     		sub	r0, r3, r5
 188              	.LVL24:
 189 007e 01E0     		b	.L7
 190              	.LVL25:
 191              	.L10:
  61:..\acn-sdk-c\src\mqtt\packet\src/MQTTSubscribeClient.c **** 		goto exit;
 192              		.loc 1 61 0
 193 0080 0220     		mov	r0, #2
 194 0082 4042     		neg	r0, r0
 195              	.LVL26:
 196              	.L7:
ARM GAS  C:\Users\ddemidov\AppData\Local\Temp\ccVAAkHe.s 			page 6


  82:..\acn-sdk-c\src\mqtt\packet\src/MQTTSubscribeClient.c **** exit:
  83:..\acn-sdk-c\src\mqtt\packet\src/MQTTSubscribeClient.c **** 	FUNC_EXIT_RC(rc);
  84:..\acn-sdk-c\src\mqtt\packet\src/MQTTSubscribeClient.c **** 	return rc;
  85:..\acn-sdk-c\src\mqtt\packet\src/MQTTSubscribeClient.c **** }
 197              		.loc 1 85 0
 198 0084 05B0     		add	sp, sp, #20
 199              		@ sp needed
 200              	.LVL27:
 201              	.LVL28:
 202 0086 F0BD     		pop	{r4, r5, r6, r7, pc}
 203              		.cfi_endproc
 204              	.LFE1:
 205              		.size	MQTTSerialize_subscribe, .-MQTTSerialize_subscribe
 206              		.section	.text.MQTTDeserialize_suback,"ax",%progbits
 207              		.align	1
 208              		.global	MQTTDeserialize_suback
 209              		.code	16
 210              		.thumb_func
 211              		.type	MQTTDeserialize_suback, %function
 212              	MQTTDeserialize_suback:
 213              	.LFB2:
  86:..\acn-sdk-c\src\mqtt\packet\src/MQTTSubscribeClient.c **** 
  87:..\acn-sdk-c\src\mqtt\packet\src/MQTTSubscribeClient.c **** 
  88:..\acn-sdk-c\src\mqtt\packet\src/MQTTSubscribeClient.c **** 
  89:..\acn-sdk-c\src\mqtt\packet\src/MQTTSubscribeClient.c **** /**
  90:..\acn-sdk-c\src\mqtt\packet\src/MQTTSubscribeClient.c ****   * Deserializes the supplied (wire) buffer into suback data
  91:..\acn-sdk-c\src\mqtt\packet\src/MQTTSubscribeClient.c ****   * @param packetid returned integer - the MQTT packet identifier
  92:..\acn-sdk-c\src\mqtt\packet\src/MQTTSubscribeClient.c ****   * @param maxcount - the maximum number of members allowed in the grantedQoSs array
  93:..\acn-sdk-c\src\mqtt\packet\src/MQTTSubscribeClient.c ****   * @param count returned integer - number of members in the grantedQoSs array
  94:..\acn-sdk-c\src\mqtt\packet\src/MQTTSubscribeClient.c ****   * @param grantedQoSs returned array of integers - the granted qualities of service
  95:..\acn-sdk-c\src\mqtt\packet\src/MQTTSubscribeClient.c ****   * @param buf the raw buffer data, of the correct length determined by the remaining length field
  96:..\acn-sdk-c\src\mqtt\packet\src/MQTTSubscribeClient.c ****   * @param buflen the length in bytes of the data in the supplied buffer
  97:..\acn-sdk-c\src\mqtt\packet\src/MQTTSubscribeClient.c ****   * @return error code.  1 is success, 0 is failure
  98:..\acn-sdk-c\src\mqtt\packet\src/MQTTSubscribeClient.c ****   */
  99:..\acn-sdk-c\src\mqtt\packet\src/MQTTSubscribeClient.c **** int MQTTDeserialize_suback(unsigned short* packetid, int maxcount, int* count, int grantedQoSs[], u
 100:..\acn-sdk-c\src\mqtt\packet\src/MQTTSubscribeClient.c **** {
 214              		.loc 1 100 0
 215              		.cfi_startproc
 216              	.LVL29:
 217 0000 F0B5     		push	{r4, r5, r6, r7, lr}
 218              		.cfi_def_cfa_offset 20
 219              		.cfi_offset 4, -20
 220              		.cfi_offset 5, -16
 221              		.cfi_offset 6, -12
 222              		.cfi_offset 7, -8
 223              		.cfi_offset 14, -4
 224 0002 85B0     		sub	sp, sp, #20
 225              		.cfi_def_cfa_offset 40
 226              		.loc 1 100 0
 227 0004 0193     		str	r3, [sp, #4]
 101:..\acn-sdk-c\src\mqtt\packet\src/MQTTSubscribeClient.c ****   SSP_PARAMETER_NOT_USED(buflen);
 102:..\acn-sdk-c\src\mqtt\packet\src/MQTTSubscribeClient.c **** 	MQTTHeader header = {0};
 103:..\acn-sdk-c\src\mqtt\packet\src/MQTTSubscribeClient.c **** 	unsigned char* curdata = buf;
 228              		.loc 1 103 0
 229 0006 0A9B     		ldr	r3, [sp, #40]
 230              	.LVL30:
 100:..\acn-sdk-c\src\mqtt\packet\src/MQTTSubscribeClient.c ****   SSP_PARAMETER_NOT_USED(buflen);
ARM GAS  C:\Users\ddemidov\AppData\Local\Temp\ccVAAkHe.s 			page 7


 231              		.loc 1 100 0
 232 0008 041C     		mov	r4, r0
 104:..\acn-sdk-c\src\mqtt\packet\src/MQTTSubscribeClient.c **** 	unsigned char* enddata = NULL;
 105:..\acn-sdk-c\src\mqtt\packet\src/MQTTSubscribeClient.c **** 	int rc = 0;
 106:..\acn-sdk-c\src\mqtt\packet\src/MQTTSubscribeClient.c **** 	int mylen;
 107:..\acn-sdk-c\src\mqtt\packet\src/MQTTSubscribeClient.c **** 
 108:..\acn-sdk-c\src\mqtt\packet\src/MQTTSubscribeClient.c **** 	FUNC_ENTRY;
 109:..\acn-sdk-c\src\mqtt\packet\src/MQTTSubscribeClient.c **** 	header.byte = readChar(&curdata);
 233              		.loc 1 109 0
 234 000a 02A8     		add	r0, sp, #8
 235              	.LVL31:
 103:..\acn-sdk-c\src\mqtt\packet\src/MQTTSubscribeClient.c **** 	unsigned char* enddata = NULL;
 236              		.loc 1 103 0
 237 000c 0293     		str	r3, [sp, #8]
 238              	.LVL32:
 100:..\acn-sdk-c\src\mqtt\packet\src/MQTTSubscribeClient.c ****   SSP_PARAMETER_NOT_USED(buflen);
 239              		.loc 1 100 0
 240 000e 0091     		str	r1, [sp]
 241 0010 161C     		mov	r6, r2
 242              		.loc 1 109 0
 243 0012 FFF7FEFF 		bl	readChar
 244              	.LVL33:
 110:..\acn-sdk-c\src\mqtt\packet\src/MQTTSubscribeClient.c **** 	if (header.bits.type != SUBACK)
 245              		.loc 1 110 0
 246 0016 F023     		mov	r3, #240
 247 0018 0340     		and	r3, r0
 105:..\acn-sdk-c\src\mqtt\packet\src/MQTTSubscribeClient.c **** 	int mylen;
 248              		.loc 1 105 0
 249 001a 0020     		mov	r0, #0
 250              	.LVL34:
 251              		.loc 1 110 0
 252 001c 902B     		cmp	r3, #144
 253 001e 25D1     		bne	.L13
 111:..\acn-sdk-c\src\mqtt\packet\src/MQTTSubscribeClient.c **** 		goto exit;
 112:..\acn-sdk-c\src\mqtt\packet\src/MQTTSubscribeClient.c **** 
 113:..\acn-sdk-c\src\mqtt\packet\src/MQTTSubscribeClient.c **** 	curdata += (rc = MQTTPacket_decodeBuf(curdata, &mylen)); /* read remaining length */
 254              		.loc 1 113 0
 255 0020 0298     		ldr	r0, [sp, #8]
 256 0022 03A9     		add	r1, sp, #12
 257 0024 FFF7FEFF 		bl	MQTTPacket_decodeBuf
 258              	.LVL35:
 259 0028 029B     		ldr	r3, [sp, #8]
 114:..\acn-sdk-c\src\mqtt\packet\src/MQTTSubscribeClient.c **** 	enddata = curdata + mylen;
 260              		.loc 1 114 0
 261 002a 039F     		ldr	r7, [sp, #12]
 113:..\acn-sdk-c\src\mqtt\packet\src/MQTTSubscribeClient.c **** 	enddata = curdata + mylen;
 262              		.loc 1 113 0
 263 002c 1D18     		add	r5, r3, r0
 264              	.LVL36:
 265 002e 0295     		str	r5, [sp, #8]
 115:..\acn-sdk-c\src\mqtt\packet\src/MQTTSubscribeClient.c **** 	if (enddata - curdata < 2)
 266              		.loc 1 115 0
 267 0030 012F     		cmp	r7, #1
 268 0032 1BDD     		ble	.L13
 116:..\acn-sdk-c\src\mqtt\packet\src/MQTTSubscribeClient.c **** 		goto exit;
 117:..\acn-sdk-c\src\mqtt\packet\src/MQTTSubscribeClient.c **** 
 118:..\acn-sdk-c\src\mqtt\packet\src/MQTTSubscribeClient.c **** 	*packetid = readInt(&curdata);
ARM GAS  C:\Users\ddemidov\AppData\Local\Temp\ccVAAkHe.s 			page 8


 269              		.loc 1 118 0
 270 0034 02A8     		add	r0, sp, #8
 271              	.LVL37:
 272 0036 FFF7FEFF 		bl	readInt
 273              	.LVL38:
 119:..\acn-sdk-c\src\mqtt\packet\src/MQTTSubscribeClient.c **** 
 120:..\acn-sdk-c\src\mqtt\packet\src/MQTTSubscribeClient.c **** 	*count = 0;
 274              		.loc 1 120 0
 275 003a 0023     		mov	r3, #0
 118:..\acn-sdk-c\src\mqtt\packet\src/MQTTSubscribeClient.c **** 
 276              		.loc 1 118 0
 277 003c 2080     		strh	r0, [r4]
 278              		.loc 1 120 0
 279 003e 3360     		str	r3, [r6]
 280              	.LVL39:
 281              	.L14:
 121:..\acn-sdk-c\src\mqtt\packet\src/MQTTSubscribeClient.c **** 	while (curdata < enddata)
 282              		.loc 1 121 0
 283 0040 029A     		ldr	r2, [sp, #8]
 114:..\acn-sdk-c\src\mqtt\packet\src/MQTTSubscribeClient.c **** 	if (enddata - curdata < 2)
 284              		.loc 1 114 0
 285 0042 EB19     		add	r3, r5, r7
 286              		.loc 1 121 0
 287 0044 9A42     		cmp	r2, r3
 288 0046 0DD2     		bcs	.L18
 122:..\acn-sdk-c\src\mqtt\packet\src/MQTTSubscribeClient.c **** 	{
 123:..\acn-sdk-c\src\mqtt\packet\src/MQTTSubscribeClient.c **** 		if (*count > maxcount)
 289              		.loc 1 123 0
 290 0048 3468     		ldr	r4, [r6]
 291 004a 009B     		ldr	r3, [sp]
 292 004c 9C42     		cmp	r4, r3
 293 004e 0BDC     		bgt	.L17
 124:..\acn-sdk-c\src\mqtt\packet\src/MQTTSubscribeClient.c **** 		{
 125:..\acn-sdk-c\src\mqtt\packet\src/MQTTSubscribeClient.c **** 			rc = -1;
 126:..\acn-sdk-c\src\mqtt\packet\src/MQTTSubscribeClient.c **** 			goto exit;
 127:..\acn-sdk-c\src\mqtt\packet\src/MQTTSubscribeClient.c **** 		}
 128:..\acn-sdk-c\src\mqtt\packet\src/MQTTSubscribeClient.c **** 		grantedQoSs[(*count)++] = readChar(&curdata);
 294              		.loc 1 128 0
 295 0050 631C     		add	r3, r4, #1
 296 0052 3360     		str	r3, [r6]
 297 0054 019B     		ldr	r3, [sp, #4]
 298 0056 A400     		lsl	r4, r4, #2
 299 0058 02A8     		add	r0, sp, #8
 300 005a 1C19     		add	r4, r3, r4
 301 005c FFF7FEFF 		bl	readChar
 302              	.LVL40:
 303 0060 2060     		str	r0, [r4]
 304 0062 EDE7     		b	.L14
 305              	.L18:
 129:..\acn-sdk-c\src\mqtt\packet\src/MQTTSubscribeClient.c **** 	}
 130:..\acn-sdk-c\src\mqtt\packet\src/MQTTSubscribeClient.c **** 
 131:..\acn-sdk-c\src\mqtt\packet\src/MQTTSubscribeClient.c **** 	rc = 1;
 306              		.loc 1 131 0
 307 0064 0120     		mov	r0, #1
 308 0066 01E0     		b	.L13
 309              	.L17:
 125:..\acn-sdk-c\src\mqtt\packet\src/MQTTSubscribeClient.c **** 			goto exit;
ARM GAS  C:\Users\ddemidov\AppData\Local\Temp\ccVAAkHe.s 			page 9


 310              		.loc 1 125 0
 311 0068 0120     		mov	r0, #1
 312 006a 4042     		neg	r0, r0
 313              	.LVL41:
 314              	.L13:
 132:..\acn-sdk-c\src\mqtt\packet\src/MQTTSubscribeClient.c **** exit:
 133:..\acn-sdk-c\src\mqtt\packet\src/MQTTSubscribeClient.c **** 	FUNC_EXIT_RC(rc);
 134:..\acn-sdk-c\src\mqtt\packet\src/MQTTSubscribeClient.c **** 	return rc;
 135:..\acn-sdk-c\src\mqtt\packet\src/MQTTSubscribeClient.c **** }
 315              		.loc 1 135 0
 316 006c 05B0     		add	sp, sp, #20
 317              	.LVL42:
 318              		@ sp needed
 319              	.LVL43:
 320 006e F0BD     		pop	{r4, r5, r6, r7, pc}
 321              		.cfi_endproc
 322              	.LFE2:
 323              		.size	MQTTDeserialize_suback, .-MQTTDeserialize_suback
 324              		.text
 325              	.Letext0:
 326              		.file 2 "..\\acn-sdk-c\\include/mqtt/packet/MQTTPacket.h"
 327              		.section	.debug_info,"",%progbits
 328              	.Ldebug_info0:
 329 0000 87050000 		.4byte	0x587
 330 0004 0400     		.2byte	0x4
 331 0006 00000000 		.4byte	.Ldebug_abbrev0
 332 000a 04       		.byte	0x4
 333 000b 01       		.uleb128 0x1
 334 000c 22000000 		.4byte	.LASF65
 335 0010 01       		.byte	0x1
 336 0011 CD000000 		.4byte	.LASF66
 337 0015 46030000 		.4byte	.LASF67
 338 0019 00000000 		.4byte	.Ldebug_ranges0+0
 339 001d 00000000 		.4byte	0
 340 0021 00000000 		.4byte	.Ldebug_line0
 341 0025 02       		.uleb128 0x2
 342 0026 01       		.byte	0x1
 343 0027 06       		.byte	0x6
 344 0028 6F010000 		.4byte	.LASF0
 345 002c 02       		.uleb128 0x2
 346 002d 01       		.byte	0x1
 347 002e 08       		.byte	0x8
 348 002f 0F030000 		.4byte	.LASF1
 349 0033 02       		.uleb128 0x2
 350 0034 02       		.byte	0x2
 351 0035 05       		.byte	0x5
 352 0036 28030000 		.4byte	.LASF2
 353 003a 02       		.uleb128 0x2
 354 003b 02       		.byte	0x2
 355 003c 07       		.byte	0x7
 356 003d F9010000 		.4byte	.LASF3
 357 0041 02       		.uleb128 0x2
 358 0042 04       		.byte	0x4
 359 0043 05       		.byte	0x5
 360 0044 89010000 		.4byte	.LASF4
 361 0048 02       		.uleb128 0x2
 362 0049 04       		.byte	0x4
ARM GAS  C:\Users\ddemidov\AppData\Local\Temp\ccVAAkHe.s 			page 10


 363 004a 07       		.byte	0x7
 364 004b DA010000 		.4byte	.LASF5
 365 004f 02       		.uleb128 0x2
 366 0050 08       		.byte	0x8
 367 0051 05       		.byte	0x5
 368 0052 61010000 		.4byte	.LASF6
 369 0056 02       		.uleb128 0x2
 370 0057 08       		.byte	0x8
 371 0058 07       		.byte	0x7
 372 0059 2B010000 		.4byte	.LASF7
 373 005d 03       		.uleb128 0x3
 374 005e 04       		.byte	0x4
 375 005f 05       		.byte	0x5
 376 0060 696E7400 		.ascii	"int\000"
 377 0064 02       		.uleb128 0x2
 378 0065 04       		.byte	0x4
 379 0066 07       		.byte	0x7
 380 0067 BE010000 		.4byte	.LASF8
 381 006b 02       		.uleb128 0x2
 382 006c 04       		.byte	0x4
 383 006d 07       		.byte	0x7
 384 006e 6D020000 		.4byte	.LASF9
 385 0072 04       		.uleb128 0x4
 386 0073 04       		.byte	0x4
 387 0074 2C000000 		.4byte	0x2c
 388 0078 04       		.uleb128 0x4
 389 0079 04       		.byte	0x4
 390 007a 7E000000 		.4byte	0x7e
 391 007e 02       		.uleb128 0x2
 392 007f 01       		.byte	0x1
 393 0080 08       		.byte	0x8
 394 0081 B2030000 		.4byte	.LASF10
 395 0085 05       		.uleb128 0x5
 396 0086 D3010000 		.4byte	.LASF14
 397 008a 01       		.byte	0x1
 398 008b 02       		.byte	0x2
 399 008c 2A       		.byte	0x2a
 400 008d A4000000 		.4byte	0xa4
 401 0091 06       		.uleb128 0x6
 402 0092 00000000 		.4byte	.LASF11
 403 0096 7E       		.sleb128 -2
 404 0097 06       		.uleb128 0x6
 405 0098 4B010000 		.4byte	.LASF12
 406 009c 7F       		.sleb128 -1
 407 009d 06       		.uleb128 0x6
 408 009e 0C020000 		.4byte	.LASF13
 409 00a2 00       		.sleb128 0
 410 00a3 00       		.byte	0
 411 00a4 05       		.uleb128 0x5
 412 00a5 B5010000 		.4byte	.LASF15
 413 00a9 01       		.byte	0x1
 414 00aa 02       		.byte	0x2
 415 00ab 31       		.byte	0x31
 416 00ac 05010000 		.4byte	0x105
 417 00b0 06       		.uleb128 0x6
 418 00b1 07030000 		.4byte	.LASF16
 419 00b5 01       		.sleb128 1
ARM GAS  C:\Users\ddemidov\AppData\Local\Temp\ccVAAkHe.s 			page 11


 420 00b6 06       		.uleb128 0x6
 421 00b7 CB010000 		.4byte	.LASF17
 422 00bb 02       		.sleb128 2
 423 00bc 06       		.uleb128 0x6
 424 00bd 32030000 		.4byte	.LASF18
 425 00c1 03       		.sleb128 3
 426 00c2 06       		.uleb128 0x6
 427 00c3 B7030000 		.4byte	.LASF19
 428 00c7 04       		.sleb128 4
 429 00c8 06       		.uleb128 0x6
 430 00c9 D0030000 		.4byte	.LASF20
 431 00cd 05       		.sleb128 5
 432 00ce 06       		.uleb128 0x6
 433 00cf D7030000 		.4byte	.LASF21
 434 00d3 06       		.sleb128 6
 435 00d4 06       		.uleb128 0x6
 436 00d5 BE030000 		.4byte	.LASF22
 437 00d9 07       		.sleb128 7
 438 00da 06       		.uleb128 0x6
 439 00db A8030000 		.4byte	.LASF23
 440 00df 08       		.sleb128 8
 441 00e0 06       		.uleb128 0x6
 442 00e1 25020000 		.4byte	.LASF24
 443 00e5 09       		.sleb128 9
 444 00e6 06       		.uleb128 0x6
 445 00e7 92010000 		.4byte	.LASF25
 446 00eb 0A       		.sleb128 10
 447 00ec 06       		.uleb128 0x6
 448 00ed 11010000 		.4byte	.LASF26
 449 00f1 0B       		.sleb128 11
 450 00f2 06       		.uleb128 0x6
 451 00f3 DE030000 		.4byte	.LASF27
 452 00f7 0C       		.sleb128 12
 453 00f8 06       		.uleb128 0x6
 454 00f9 FE020000 		.4byte	.LASF28
 455 00fd 0D       		.sleb128 13
 456 00fe 06       		.uleb128 0x6
 457 00ff 9B020000 		.4byte	.LASF29
 458 0103 0E       		.sleb128 14
 459 0104 00       		.byte	0
 460 0105 07       		.uleb128 0x7
 461 0106 04       		.byte	0x4
 462 0107 02       		.byte	0x2
 463 0108 47       		.byte	0x47
 464 0109 4A010000 		.4byte	0x14a
 465 010d 08       		.uleb128 0x8
 466 010e 1A010000 		.4byte	.LASF30
 467 0112 02       		.byte	0x2
 468 0113 49       		.byte	0x49
 469 0114 64000000 		.4byte	0x64
 470 0118 04       		.byte	0x4
 471 0119 01       		.byte	0x1
 472 011a 1F       		.byte	0x1f
 473 011b 00       		.byte	0
 474 011c 09       		.uleb128 0x9
 475 011d 716F7300 		.ascii	"qos\000"
 476 0121 02       		.byte	0x2
ARM GAS  C:\Users\ddemidov\AppData\Local\Temp\ccVAAkHe.s 			page 12


 477 0122 4A       		.byte	0x4a
 478 0123 64000000 		.4byte	0x64
 479 0127 04       		.byte	0x4
 480 0128 02       		.byte	0x2
 481 0129 1D       		.byte	0x1d
 482 012a 00       		.byte	0
 483 012b 09       		.uleb128 0x9
 484 012c 64757000 		.ascii	"dup\000"
 485 0130 02       		.byte	0x2
 486 0131 4B       		.byte	0x4b
 487 0132 64000000 		.4byte	0x64
 488 0136 04       		.byte	0x4
 489 0137 01       		.byte	0x1
 490 0138 1C       		.byte	0x1c
 491 0139 00       		.byte	0
 492 013a 08       		.uleb128 0x8
 493 013b 0C010000 		.4byte	.LASF31
 494 013f 02       		.byte	0x2
 495 0140 4C       		.byte	0x4c
 496 0141 64000000 		.4byte	0x64
 497 0145 04       		.byte	0x4
 498 0146 04       		.byte	0x4
 499 0147 18       		.byte	0x18
 500 0148 00       		.byte	0
 501 0149 00       		.byte	0
 502 014a 0A       		.uleb128 0xa
 503 014b 04       		.byte	0x4
 504 014c 02       		.byte	0x2
 505 014d 3B       		.byte	0x3b
 506 014e 69010000 		.4byte	0x169
 507 0152 0B       		.uleb128 0xb
 508 0153 9E010000 		.4byte	.LASF32
 509 0157 02       		.byte	0x2
 510 0158 3D       		.byte	0x3d
 511 0159 2C000000 		.4byte	0x2c
 512 015d 0B       		.uleb128 0xb
 513 015e 84010000 		.4byte	.LASF33
 514 0162 02       		.byte	0x2
 515 0163 4D       		.byte	0x4d
 516 0164 05010000 		.4byte	0x105
 517 0168 00       		.byte	0
 518 0169 0C       		.uleb128 0xc
 519 016a 8F030000 		.4byte	.LASF35
 520 016e 02       		.byte	0x2
 521 016f 4F       		.byte	0x4f
 522 0170 4A010000 		.4byte	0x14a
 523 0174 07       		.uleb128 0x7
 524 0175 08       		.byte	0x8
 525 0176 02       		.byte	0x2
 526 0177 51       		.byte	0x51
 527 0178 95010000 		.4byte	0x195
 528 017c 0D       		.uleb128 0xd
 529 017d 6C656E00 		.ascii	"len\000"
 530 0181 02       		.byte	0x2
 531 0182 53       		.byte	0x53
 532 0183 5D000000 		.4byte	0x5d
 533 0187 00       		.byte	0
ARM GAS  C:\Users\ddemidov\AppData\Local\Temp\ccVAAkHe.s 			page 13


 534 0188 0E       		.uleb128 0xe
 535 0189 F4010000 		.4byte	.LASF34
 536 018d 02       		.byte	0x2
 537 018e 54       		.byte	0x54
 538 018f 78000000 		.4byte	0x78
 539 0193 04       		.byte	0x4
 540 0194 00       		.byte	0
 541 0195 0C       		.uleb128 0xc
 542 0196 9A030000 		.4byte	.LASF36
 543 019a 02       		.byte	0x2
 544 019b 55       		.byte	0x55
 545 019c 74010000 		.4byte	0x174
 546 01a0 07       		.uleb128 0x7
 547 01a1 0C       		.byte	0xc
 548 01a2 02       		.byte	0x2
 549 01a3 57       		.byte	0x57
 550 01a4 C1010000 		.4byte	0x1c1
 551 01a8 0E       		.uleb128 0xe
 552 01a9 93020000 		.4byte	.LASF37
 553 01ad 02       		.byte	0x2
 554 01ae 59       		.byte	0x59
 555 01af 78000000 		.4byte	0x78
 556 01b3 00       		.byte	0
 557 01b4 0E       		.uleb128 0xe
 558 01b5 21010000 		.4byte	.LASF38
 559 01b9 02       		.byte	0x2
 560 01ba 5A       		.byte	0x5a
 561 01bb 95010000 		.4byte	0x195
 562 01bf 04       		.byte	0x4
 563 01c0 00       		.byte	0
 564 01c1 0C       		.uleb128 0xc
 565 01c2 2C020000 		.4byte	.LASF39
 566 01c6 02       		.byte	0x2
 567 01c7 5B       		.byte	0x5b
 568 01c8 A0010000 		.4byte	0x1a0
 569 01cc 0F       		.uleb128 0xf
 570 01cd BB020000 		.4byte	.LASF42
 571 01d1 01       		.byte	0x1
 572 01d2 1B       		.byte	0x1b
 573 01d3 5D000000 		.4byte	0x5d
 574 01d7 00000000 		.4byte	.LFB0
 575 01db 2A000000 		.4byte	.LFE0-.LFB0
 576 01df 01       		.uleb128 0x1
 577 01e0 9C       		.byte	0x9c
 578 01e1 29020000 		.4byte	0x229
 579 01e5 10       		.uleb128 0x10
 580 01e6 1C000000 		.4byte	.LASF40
 581 01ea 01       		.byte	0x1
 582 01eb 1B       		.byte	0x1b
 583 01ec 5D000000 		.4byte	0x5d
 584 01f0 00000000 		.4byte	.LLST0
 585 01f4 10       		.uleb128 0x10
 586 01f5 86020000 		.4byte	.LASF41
 587 01f9 01       		.byte	0x1
 588 01fa 1B       		.byte	0x1b
 589 01fb 29020000 		.4byte	0x229
 590 01ff 2C000000 		.4byte	.LLST1
ARM GAS  C:\Users\ddemidov\AppData\Local\Temp\ccVAAkHe.s 			page 14


 591 0203 11       		.uleb128 0x11
 592 0204 6900     		.ascii	"i\000"
 593 0206 01       		.byte	0x1
 594 0207 1D       		.byte	0x1d
 595 0208 5D000000 		.4byte	0x5d
 596 020c 58000000 		.4byte	.LLST2
 597 0210 11       		.uleb128 0x11
 598 0211 6C656E00 		.ascii	"len\000"
 599 0215 01       		.byte	0x1
 600 0216 1E       		.byte	0x1e
 601 0217 5D000000 		.4byte	0x5d
 602 021b 77000000 		.4byte	.LLST3
 603 021f 12       		.uleb128 0x12
 604 0220 1E000000 		.4byte	.LVL2
 605 0224 BE040000 		.4byte	0x4be
 606 0228 00       		.byte	0
 607 0229 04       		.uleb128 0x4
 608 022a 04       		.byte	0x4
 609 022b C1010000 		.4byte	0x1c1
 610 022f 0F       		.uleb128 0xf
 611 0230 4C020000 		.4byte	.LASF43
 612 0234 01       		.byte	0x1
 613 0235 31       		.byte	0x31
 614 0236 5D000000 		.4byte	0x5d
 615 023a 00000000 		.4byte	.LFB1
 616 023e 88000000 		.4byte	.LFE1-.LFB1
 617 0242 01       		.uleb128 0x1
 618 0243 9C       		.byte	0x9c
 619 0244 A1030000 		.4byte	0x3a1
 620 0248 13       		.uleb128 0x13
 621 0249 62756600 		.ascii	"buf\000"
 622 024d 01       		.byte	0x1
 623 024e 31       		.byte	0x31
 624 024f 72000000 		.4byte	0x72
 625 0253 A1000000 		.4byte	.LLST4
 626 0257 10       		.uleb128 0x10
 627 0258 3A030000 		.4byte	.LASF44
 628 025c 01       		.byte	0x1
 629 025d 31       		.byte	0x31
 630 025e 5D000000 		.4byte	0x5d
 631 0262 CD000000 		.4byte	.LLST5
 632 0266 13       		.uleb128 0x13
 633 0267 64757000 		.ascii	"dup\000"
 634 026b 01       		.byte	0x1
 635 026c 31       		.byte	0x31
 636 026d 2C000000 		.4byte	0x2c
 637 0271 F9000000 		.4byte	.LLST6
 638 0275 10       		.uleb128 0x10
 639 0276 43020000 		.4byte	.LASF45
 640 027a 01       		.byte	0x1
 641 027b 31       		.byte	0x31
 642 027c 3A000000 		.4byte	0x3a
 643 0280 1A010000 		.4byte	.LLST7
 644 0284 14       		.uleb128 0x14
 645 0285 1C000000 		.4byte	.LASF40
 646 0289 01       		.byte	0x1
 647 028a 31       		.byte	0x31
ARM GAS  C:\Users\ddemidov\AppData\Local\Temp\ccVAAkHe.s 			page 15


 648 028b 5D000000 		.4byte	0x5d
 649 028f 02       		.uleb128 0x2
 650 0290 91       		.byte	0x91
 651 0291 00       		.sleb128 0
 652 0292 14       		.uleb128 0x14
 653 0293 86020000 		.4byte	.LASF41
 654 0297 01       		.byte	0x1
 655 0298 32       		.byte	0x32
 656 0299 29020000 		.4byte	0x229
 657 029d 02       		.uleb128 0x2
 658 029e 91       		.byte	0x91
 659 029f 04       		.sleb128 4
 660 02a0 14       		.uleb128 0x14
 661 02a1 B0000000 		.4byte	.LASF46
 662 02a5 01       		.byte	0x1
 663 02a6 32       		.byte	0x32
 664 02a7 A1030000 		.4byte	0x3a1
 665 02ab 02       		.uleb128 0x2
 666 02ac 91       		.byte	0x91
 667 02ad 08       		.sleb128 8
 668 02ae 15       		.uleb128 0x15
 669 02af 70747200 		.ascii	"ptr\000"
 670 02b3 01       		.byte	0x1
 671 02b4 34       		.byte	0x34
 672 02b5 72000000 		.4byte	0x72
 673 02b9 02       		.uleb128 0x2
 674 02ba 91       		.byte	0x91
 675 02bb 64       		.sleb128 -28
 676 02bc 16       		.uleb128 0x16
 677 02bd EE030000 		.4byte	.LASF51
 678 02c1 01       		.byte	0x1
 679 02c2 35       		.byte	0x35
 680 02c3 69010000 		.4byte	0x169
 681 02c7 17       		.uleb128 0x17
 682 02c8 F6020000 		.4byte	.LASF47
 683 02cc 01       		.byte	0x1
 684 02cd 36       		.byte	0x36
 685 02ce 5D000000 		.4byte	0x5d
 686 02d2 3B010000 		.4byte	.LLST8
 687 02d6 11       		.uleb128 0x11
 688 02d7 726300   		.ascii	"rc\000"
 689 02da 01       		.byte	0x1
 690 02db 37       		.byte	0x37
 691 02dc 5D000000 		.4byte	0x5d
 692 02e0 70010000 		.4byte	.LLST9
 693 02e4 11       		.uleb128 0x11
 694 02e5 6900     		.ascii	"i\000"
 695 02e7 01       		.byte	0x1
 696 02e8 38       		.byte	0x38
 697 02e9 5D000000 		.4byte	0x5d
 698 02ed A6010000 		.4byte	.LLST10
 699 02f1 18       		.uleb128 0x18
 700 02f2 41030000 		.4byte	.LASF55
 701 02f6 01       		.byte	0x1
 702 02f7 52       		.byte	0x52
 703 02f8 84000000 		.4byte	.L7
 704 02fc 19       		.uleb128 0x19
ARM GAS  C:\Users\ddemidov\AppData\Local\Temp\ccVAAkHe.s 			page 16


 705 02fd 16000000 		.4byte	.LVL13
 706 0301 CC010000 		.4byte	0x1cc
 707 0305 18030000 		.4byte	0x318
 708 0309 1A       		.uleb128 0x1a
 709 030a 01       		.uleb128 0x1
 710 030b 51       		.byte	0x51
 711 030c 03       		.uleb128 0x3
 712 030d 91       		.byte	0x91
 713 030e 04       		.sleb128 4
 714 030f 06       		.byte	0x6
 715 0310 1A       		.uleb128 0x1a
 716 0311 01       		.uleb128 0x1
 717 0312 50       		.byte	0x50
 718 0313 03       		.uleb128 0x3
 719 0314 91       		.byte	0x91
 720 0315 00       		.sleb128 0
 721 0316 06       		.byte	0x6
 722 0317 00       		.byte	0
 723 0318 19       		.uleb128 0x19
 724 0319 1C000000 		.4byte	.LVL15
 725 031d D3040000 		.4byte	0x4d3
 726 0321 2C030000 		.4byte	0x32c
 727 0325 1A       		.uleb128 0x1a
 728 0326 01       		.uleb128 0x1
 729 0327 50       		.byte	0x50
 730 0328 02       		.uleb128 0x2
 731 0329 76       		.byte	0x76
 732 032a 00       		.sleb128 0
 733 032b 00       		.byte	0
 734 032c 19       		.uleb128 0x19
 735 032d 36000000 		.4byte	.LVL17
 736 0331 E8040000 		.4byte	0x4e8
 737 0335 4E030000 		.4byte	0x34e
 738 0339 1A       		.uleb128 0x1a
 739 033a 01       		.uleb128 0x1
 740 033b 51       		.byte	0x51
 741 033c 0A       		.uleb128 0xa
 742 033d 91       		.byte	0x91
 743 033e 5C       		.sleb128 -36
 744 033f 06       		.byte	0x6
 745 0340 31       		.byte	0x31
 746 0341 1A       		.byte	0x1a
 747 0342 33       		.byte	0x33
 748 0343 24       		.byte	0x24
 749 0344 08       		.byte	0x8
 750 0345 82       		.byte	0x82
 751 0346 21       		.byte	0x21
 752 0347 1A       		.uleb128 0x1a
 753 0348 01       		.uleb128 0x1
 754 0349 50       		.byte	0x50
 755 034a 02       		.uleb128 0x2
 756 034b 91       		.byte	0x91
 757 034c 64       		.sleb128 -28
 758 034d 00       		.byte	0
 759 034e 19       		.uleb128 0x19
 760 034f 3E000000 		.4byte	.LVL18
 761 0353 04050000 		.4byte	0x504
ARM GAS  C:\Users\ddemidov\AppData\Local\Temp\ccVAAkHe.s 			page 17


 762 0357 62030000 		.4byte	0x362
 763 035b 1A       		.uleb128 0x1a
 764 035c 01       		.uleb128 0x1
 765 035d 51       		.byte	0x51
 766 035e 02       		.uleb128 0x2
 767 035f 76       		.byte	0x76
 768 0360 00       		.sleb128 0
 769 0361 00       		.byte	0
 770 0362 19       		.uleb128 0x19
 771 0363 4C000000 		.4byte	.LVL19
 772 0367 1E050000 		.4byte	0x51e
 773 036b 7C030000 		.4byte	0x37c
 774 036f 1A       		.uleb128 0x1a
 775 0370 01       		.uleb128 0x1
 776 0371 51       		.byte	0x51
 777 0372 02       		.uleb128 0x2
 778 0373 74       		.byte	0x74
 779 0374 00       		.sleb128 0
 780 0375 1A       		.uleb128 0x1a
 781 0376 01       		.uleb128 0x1
 782 0377 50       		.byte	0x50
 783 0378 02       		.uleb128 0x2
 784 0379 91       		.byte	0x91
 785 037a 64       		.sleb128 -28
 786 037b 00       		.byte	0
 787 037c 19       		.uleb128 0x19
 788 037d 68000000 		.4byte	.LVL21
 789 0381 34050000 		.4byte	0x534
 790 0385 90030000 		.4byte	0x390
 791 0389 1A       		.uleb128 0x1a
 792 038a 01       		.uleb128 0x1
 793 038b 50       		.byte	0x50
 794 038c 02       		.uleb128 0x2
 795 038d 91       		.byte	0x91
 796 038e 64       		.sleb128 -28
 797 038f 00       		.byte	0
 798 0390 1B       		.uleb128 0x1b
 799 0391 76000000 		.4byte	.LVL22
 800 0395 E8040000 		.4byte	0x4e8
 801 0399 1A       		.uleb128 0x1a
 802 039a 01       		.uleb128 0x1
 803 039b 50       		.byte	0x50
 804 039c 02       		.uleb128 0x2
 805 039d 91       		.byte	0x91
 806 039e 64       		.sleb128 -28
 807 039f 00       		.byte	0
 808 03a0 00       		.byte	0
 809 03a1 04       		.uleb128 0x4
 810 03a2 04       		.byte	0x4
 811 03a3 5D000000 		.4byte	0x5d
 812 03a7 0F       		.uleb128 0xf
 813 03a8 D9020000 		.4byte	.LASF48
 814 03ac 01       		.byte	0x1
 815 03ad 63       		.byte	0x63
 816 03ae 5D000000 		.4byte	0x5d
 817 03b2 00000000 		.4byte	.LFB2
 818 03b6 70000000 		.4byte	.LFE2-.LFB2
ARM GAS  C:\Users\ddemidov\AppData\Local\Temp\ccVAAkHe.s 			page 18


 819 03ba 01       		.uleb128 0x1
 820 03bb 9C       		.byte	0x9c
 821 03bc B8040000 		.4byte	0x4b8
 822 03c0 10       		.uleb128 0x10
 823 03c1 43020000 		.4byte	.LASF45
 824 03c5 01       		.byte	0x1
 825 03c6 63       		.byte	0x63
 826 03c7 B8040000 		.4byte	0x4b8
 827 03cb D1010000 		.4byte	.LLST11
 828 03cf 10       		.uleb128 0x10
 829 03d0 42010000 		.4byte	.LASF49
 830 03d4 01       		.byte	0x1
 831 03d5 63       		.byte	0x63
 832 03d6 5D000000 		.4byte	0x5d
 833 03da FD010000 		.4byte	.LLST12
 834 03de 10       		.uleb128 0x10
 835 03df 1C000000 		.4byte	.LASF40
 836 03e3 01       		.byte	0x1
 837 03e4 63       		.byte	0x63
 838 03e5 A1030000 		.4byte	0x3a1
 839 03e9 28020000 		.4byte	.LLST13
 840 03ed 10       		.uleb128 0x10
 841 03ee 37020000 		.4byte	.LASF50
 842 03f2 01       		.byte	0x1
 843 03f3 63       		.byte	0x63
 844 03f4 A1030000 		.4byte	0x3a1
 845 03f8 54020000 		.4byte	.LLST14
 846 03fc 1C       		.uleb128 0x1c
 847 03fd 62756600 		.ascii	"buf\000"
 848 0401 01       		.byte	0x1
 849 0402 63       		.byte	0x63
 850 0403 72000000 		.4byte	0x72
 851 0407 02       		.uleb128 0x2
 852 0408 91       		.byte	0x91
 853 0409 00       		.sleb128 0
 854 040a 14       		.uleb128 0x14
 855 040b 3A030000 		.4byte	.LASF44
 856 040f 01       		.byte	0x1
 857 0410 63       		.byte	0x63
 858 0411 5D000000 		.4byte	0x5d
 859 0415 02       		.uleb128 0x2
 860 0416 91       		.byte	0x91
 861 0417 04       		.sleb128 4
 862 0418 17       		.uleb128 0x17
 863 0419 EE030000 		.4byte	.LASF51
 864 041d 01       		.byte	0x1
 865 041e 66       		.byte	0x66
 866 041f 69010000 		.4byte	0x169
 867 0423 73020000 		.4byte	.LLST15
 868 0427 1D       		.uleb128 0x1d
 869 0428 E6030000 		.4byte	.LASF52
 870 042c 01       		.byte	0x1
 871 042d 67       		.byte	0x67
 872 042e 72000000 		.4byte	0x72
 873 0432 02       		.uleb128 0x2
 874 0433 91       		.byte	0x91
 875 0434 60       		.sleb128 -32
ARM GAS  C:\Users\ddemidov\AppData\Local\Temp\ccVAAkHe.s 			page 19


 876 0435 17       		.uleb128 0x17
 877 0436 EC010000 		.4byte	.LASF53
 878 043a 01       		.byte	0x1
 879 043b 68       		.byte	0x68
 880 043c 72000000 		.4byte	0x72
 881 0440 9A020000 		.4byte	.LLST16
 882 0444 11       		.uleb128 0x11
 883 0445 726300   		.ascii	"rc\000"
 884 0448 01       		.byte	0x1
 885 0449 69       		.byte	0x69
 886 044a 5D000000 		.4byte	0x5d
 887 044e BE020000 		.4byte	.LLST17
 888 0452 1D       		.uleb128 0x1d
 889 0453 F0020000 		.4byte	.LASF54
 890 0457 01       		.byte	0x1
 891 0458 6A       		.byte	0x6a
 892 0459 5D000000 		.4byte	0x5d
 893 045d 02       		.uleb128 0x2
 894 045e 91       		.byte	0x91
 895 045f 64       		.sleb128 -28
 896 0460 18       		.uleb128 0x18
 897 0461 41030000 		.4byte	.LASF55
 898 0465 01       		.byte	0x1
 899 0466 84       		.byte	0x84
 900 0467 6C000000 		.4byte	.L13
 901 046b 19       		.uleb128 0x19
 902 046c 16000000 		.4byte	.LVL33
 903 0470 4A050000 		.4byte	0x54a
 904 0474 7F040000 		.4byte	0x47f
 905 0478 1A       		.uleb128 0x1a
 906 0479 01       		.uleb128 0x1
 907 047a 50       		.byte	0x50
 908 047b 02       		.uleb128 0x2
 909 047c 91       		.byte	0x91
 910 047d 60       		.sleb128 -32
 911 047e 00       		.byte	0
 912 047f 19       		.uleb128 0x19
 913 0480 28000000 		.4byte	.LVL35
 914 0484 5F050000 		.4byte	0x55f
 915 0488 93040000 		.4byte	0x493
 916 048c 1A       		.uleb128 0x1a
 917 048d 01       		.uleb128 0x1
 918 048e 51       		.byte	0x51
 919 048f 02       		.uleb128 0x2
 920 0490 91       		.byte	0x91
 921 0491 64       		.sleb128 -28
 922 0492 00       		.byte	0
 923 0493 19       		.uleb128 0x19
 924 0494 3A000000 		.4byte	.LVL38
 925 0498 79050000 		.4byte	0x579
 926 049c A7040000 		.4byte	0x4a7
 927 04a0 1A       		.uleb128 0x1a
 928 04a1 01       		.uleb128 0x1
 929 04a2 50       		.byte	0x50
 930 04a3 02       		.uleb128 0x2
 931 04a4 91       		.byte	0x91
 932 04a5 60       		.sleb128 -32
ARM GAS  C:\Users\ddemidov\AppData\Local\Temp\ccVAAkHe.s 			page 20


 933 04a6 00       		.byte	0
 934 04a7 1B       		.uleb128 0x1b
 935 04a8 60000000 		.4byte	.LVL40
 936 04ac 4A050000 		.4byte	0x54a
 937 04b0 1A       		.uleb128 0x1a
 938 04b1 01       		.uleb128 0x1
 939 04b2 50       		.byte	0x50
 940 04b3 02       		.uleb128 0x2
 941 04b4 91       		.byte	0x91
 942 04b5 60       		.sleb128 -32
 943 04b6 00       		.byte	0
 944 04b7 00       		.byte	0
 945 04b8 04       		.uleb128 0x4
 946 04b9 04       		.byte	0x4
 947 04ba 3A000000 		.4byte	0x3a
 948 04be 1E       		.uleb128 0x1e
 949 04bf 1D030000 		.4byte	.LASF56
 950 04c3 02       		.byte	0x2
 951 04c4 5F       		.byte	0x5f
 952 04c5 5D000000 		.4byte	0x5d
 953 04c9 D3040000 		.4byte	0x4d3
 954 04cd 1F       		.uleb128 0x1f
 955 04ce C1010000 		.4byte	0x1c1
 956 04d2 00       		.byte	0
 957 04d3 1E       		.uleb128 0x1e
 958 04d4 BE000000 		.4byte	.LASF57
 959 04d8 02       		.byte	0x2
 960 04d9 64       		.byte	0x64
 961 04da 5D000000 		.4byte	0x5d
 962 04de E8040000 		.4byte	0x4e8
 963 04e2 1F       		.uleb128 0x1f
 964 04e3 5D000000 		.4byte	0x5d
 965 04e7 00       		.byte	0
 966 04e8 20       		.uleb128 0x20
 967 04e9 C6030000 		.4byte	.LASF59
 968 04ed 02       		.byte	0x2
 969 04ee 6D       		.byte	0x6d
 970 04ef FE040000 		.4byte	0x4fe
 971 04f3 1F       		.uleb128 0x1f
 972 04f4 FE040000 		.4byte	0x4fe
 973 04f8 1F       		.uleb128 0x1f
 974 04f9 7E000000 		.4byte	0x7e
 975 04fd 00       		.byte	0
 976 04fe 04       		.uleb128 0x4
 977 04ff 04       		.byte	0x4
 978 0500 72000000 		.4byte	0x72
 979 0504 1E       		.uleb128 0x1e
 980 0505 A3010000 		.4byte	.LASF58
 981 0509 02       		.byte	0x2
 982 050a 67       		.byte	0x67
 983 050b 5D000000 		.4byte	0x5d
 984 050f 1E050000 		.4byte	0x51e
 985 0513 1F       		.uleb128 0x1f
 986 0514 72000000 		.4byte	0x72
 987 0518 1F       		.uleb128 0x1f
 988 0519 5D000000 		.4byte	0x5d
 989 051d 00       		.byte	0
ARM GAS  C:\Users\ddemidov\AppData\Local\Temp\ccVAAkHe.s 			page 21


 990 051e 20       		.uleb128 0x20
 991 051f 7B010000 		.4byte	.LASF60
 992 0523 02       		.byte	0x2
 993 0524 6E       		.byte	0x6e
 994 0525 34050000 		.4byte	0x534
 995 0529 1F       		.uleb128 0x1f
 996 052a FE040000 		.4byte	0x4fe
 997 052e 1F       		.uleb128 0x1f
 998 052f 5D000000 		.4byte	0x5d
 999 0533 00       		.byte	0
 1000 0534 20       		.uleb128 0x20
 1001 0535 76020000 		.4byte	.LASF61
 1002 0539 02       		.byte	0x2
 1003 053a 71       		.byte	0x71
 1004 053b 4A050000 		.4byte	0x54a
 1005 053f 1F       		.uleb128 0x1f
 1006 0540 FE040000 		.4byte	0x4fe
 1007 0544 1F       		.uleb128 0x1f
 1008 0545 C1010000 		.4byte	0x1c1
 1009 0549 00       		.byte	0
 1010 054a 1E       		.uleb128 0x1e
 1011 054b 64020000 		.4byte	.LASF62
 1012 054f 02       		.byte	0x2
 1013 0550 6C       		.byte	0x6c
 1014 0551 7E000000 		.4byte	0x7e
 1015 0555 5F050000 		.4byte	0x55f
 1016 0559 1F       		.uleb128 0x1f
 1017 055a FE040000 		.4byte	0x4fe
 1018 055e 00       		.byte	0
 1019 055f 1E       		.uleb128 0x1e
 1020 0560 A6020000 		.4byte	.LASF63
 1021 0564 02       		.byte	0x2
 1022 0565 69       		.byte	0x69
 1023 0566 5D000000 		.4byte	0x5d
 1024 056a 79050000 		.4byte	0x579
 1025 056e 1F       		.uleb128 0x1f
 1026 056f 72000000 		.4byte	0x72
 1027 0573 1F       		.uleb128 0x1f
 1028 0574 A1030000 		.4byte	0x3a1
 1029 0578 00       		.byte	0
 1030 0579 21       		.uleb128 0x21
 1031 057a 04010000 		.4byte	.LASF64
 1032 057e 02       		.byte	0x2
 1033 057f 6B       		.byte	0x6b
 1034 0580 5D000000 		.4byte	0x5d
 1035 0584 1F       		.uleb128 0x1f
 1036 0585 FE040000 		.4byte	0x4fe
 1037 0589 00       		.byte	0
 1038 058a 00       		.byte	0
 1039              		.section	.debug_abbrev,"",%progbits
 1040              	.Ldebug_abbrev0:
 1041 0000 01       		.uleb128 0x1
 1042 0001 11       		.uleb128 0x11
 1043 0002 01       		.byte	0x1
 1044 0003 25       		.uleb128 0x25
 1045 0004 0E       		.uleb128 0xe
 1046 0005 13       		.uleb128 0x13
ARM GAS  C:\Users\ddemidov\AppData\Local\Temp\ccVAAkHe.s 			page 22


 1047 0006 0B       		.uleb128 0xb
 1048 0007 03       		.uleb128 0x3
 1049 0008 0E       		.uleb128 0xe
 1050 0009 1B       		.uleb128 0x1b
 1051 000a 0E       		.uleb128 0xe
 1052 000b 55       		.uleb128 0x55
 1053 000c 17       		.uleb128 0x17
 1054 000d 11       		.uleb128 0x11
 1055 000e 01       		.uleb128 0x1
 1056 000f 10       		.uleb128 0x10
 1057 0010 17       		.uleb128 0x17
 1058 0011 00       		.byte	0
 1059 0012 00       		.byte	0
 1060 0013 02       		.uleb128 0x2
 1061 0014 24       		.uleb128 0x24
 1062 0015 00       		.byte	0
 1063 0016 0B       		.uleb128 0xb
 1064 0017 0B       		.uleb128 0xb
 1065 0018 3E       		.uleb128 0x3e
 1066 0019 0B       		.uleb128 0xb
 1067 001a 03       		.uleb128 0x3
 1068 001b 0E       		.uleb128 0xe
 1069 001c 00       		.byte	0
 1070 001d 00       		.byte	0
 1071 001e 03       		.uleb128 0x3
 1072 001f 24       		.uleb128 0x24
 1073 0020 00       		.byte	0
 1074 0021 0B       		.uleb128 0xb
 1075 0022 0B       		.uleb128 0xb
 1076 0023 3E       		.uleb128 0x3e
 1077 0024 0B       		.uleb128 0xb
 1078 0025 03       		.uleb128 0x3
 1079 0026 08       		.uleb128 0x8
 1080 0027 00       		.byte	0
 1081 0028 00       		.byte	0
 1082 0029 04       		.uleb128 0x4
 1083 002a 0F       		.uleb128 0xf
 1084 002b 00       		.byte	0
 1085 002c 0B       		.uleb128 0xb
 1086 002d 0B       		.uleb128 0xb
 1087 002e 49       		.uleb128 0x49
 1088 002f 13       		.uleb128 0x13
 1089 0030 00       		.byte	0
 1090 0031 00       		.byte	0
 1091 0032 05       		.uleb128 0x5
 1092 0033 04       		.uleb128 0x4
 1093 0034 01       		.byte	0x1
 1094 0035 03       		.uleb128 0x3
 1095 0036 0E       		.uleb128 0xe
 1096 0037 0B       		.uleb128 0xb
 1097 0038 0B       		.uleb128 0xb
 1098 0039 3A       		.uleb128 0x3a
 1099 003a 0B       		.uleb128 0xb
 1100 003b 3B       		.uleb128 0x3b
 1101 003c 0B       		.uleb128 0xb
 1102 003d 01       		.uleb128 0x1
 1103 003e 13       		.uleb128 0x13
ARM GAS  C:\Users\ddemidov\AppData\Local\Temp\ccVAAkHe.s 			page 23


 1104 003f 00       		.byte	0
 1105 0040 00       		.byte	0
 1106 0041 06       		.uleb128 0x6
 1107 0042 28       		.uleb128 0x28
 1108 0043 00       		.byte	0
 1109 0044 03       		.uleb128 0x3
 1110 0045 0E       		.uleb128 0xe
 1111 0046 1C       		.uleb128 0x1c
 1112 0047 0D       		.uleb128 0xd
 1113 0048 00       		.byte	0
 1114 0049 00       		.byte	0
 1115 004a 07       		.uleb128 0x7
 1116 004b 13       		.uleb128 0x13
 1117 004c 01       		.byte	0x1
 1118 004d 0B       		.uleb128 0xb
 1119 004e 0B       		.uleb128 0xb
 1120 004f 3A       		.uleb128 0x3a
 1121 0050 0B       		.uleb128 0xb
 1122 0051 3B       		.uleb128 0x3b
 1123 0052 0B       		.uleb128 0xb
 1124 0053 01       		.uleb128 0x1
 1125 0054 13       		.uleb128 0x13
 1126 0055 00       		.byte	0
 1127 0056 00       		.byte	0
 1128 0057 08       		.uleb128 0x8
 1129 0058 0D       		.uleb128 0xd
 1130 0059 00       		.byte	0
 1131 005a 03       		.uleb128 0x3
 1132 005b 0E       		.uleb128 0xe
 1133 005c 3A       		.uleb128 0x3a
 1134 005d 0B       		.uleb128 0xb
 1135 005e 3B       		.uleb128 0x3b
 1136 005f 0B       		.uleb128 0xb
 1137 0060 49       		.uleb128 0x49
 1138 0061 13       		.uleb128 0x13
 1139 0062 0B       		.uleb128 0xb
 1140 0063 0B       		.uleb128 0xb
 1141 0064 0D       		.uleb128 0xd
 1142 0065 0B       		.uleb128 0xb
 1143 0066 0C       		.uleb128 0xc
 1144 0067 0B       		.uleb128 0xb
 1145 0068 38       		.uleb128 0x38
 1146 0069 0B       		.uleb128 0xb
 1147 006a 00       		.byte	0
 1148 006b 00       		.byte	0
 1149 006c 09       		.uleb128 0x9
 1150 006d 0D       		.uleb128 0xd
 1151 006e 00       		.byte	0
 1152 006f 03       		.uleb128 0x3
 1153 0070 08       		.uleb128 0x8
 1154 0071 3A       		.uleb128 0x3a
 1155 0072 0B       		.uleb128 0xb
 1156 0073 3B       		.uleb128 0x3b
 1157 0074 0B       		.uleb128 0xb
 1158 0075 49       		.uleb128 0x49
 1159 0076 13       		.uleb128 0x13
 1160 0077 0B       		.uleb128 0xb
ARM GAS  C:\Users\ddemidov\AppData\Local\Temp\ccVAAkHe.s 			page 24


 1161 0078 0B       		.uleb128 0xb
 1162 0079 0D       		.uleb128 0xd
 1163 007a 0B       		.uleb128 0xb
 1164 007b 0C       		.uleb128 0xc
 1165 007c 0B       		.uleb128 0xb
 1166 007d 38       		.uleb128 0x38
 1167 007e 0B       		.uleb128 0xb
 1168 007f 00       		.byte	0
 1169 0080 00       		.byte	0
 1170 0081 0A       		.uleb128 0xa
 1171 0082 17       		.uleb128 0x17
 1172 0083 01       		.byte	0x1
 1173 0084 0B       		.uleb128 0xb
 1174 0085 0B       		.uleb128 0xb
 1175 0086 3A       		.uleb128 0x3a
 1176 0087 0B       		.uleb128 0xb
 1177 0088 3B       		.uleb128 0x3b
 1178 0089 0B       		.uleb128 0xb
 1179 008a 01       		.uleb128 0x1
 1180 008b 13       		.uleb128 0x13
 1181 008c 00       		.byte	0
 1182 008d 00       		.byte	0
 1183 008e 0B       		.uleb128 0xb
 1184 008f 0D       		.uleb128 0xd
 1185 0090 00       		.byte	0
 1186 0091 03       		.uleb128 0x3
 1187 0092 0E       		.uleb128 0xe
 1188 0093 3A       		.uleb128 0x3a
 1189 0094 0B       		.uleb128 0xb
 1190 0095 3B       		.uleb128 0x3b
 1191 0096 0B       		.uleb128 0xb
 1192 0097 49       		.uleb128 0x49
 1193 0098 13       		.uleb128 0x13
 1194 0099 00       		.byte	0
 1195 009a 00       		.byte	0
 1196 009b 0C       		.uleb128 0xc
 1197 009c 16       		.uleb128 0x16
 1198 009d 00       		.byte	0
 1199 009e 03       		.uleb128 0x3
 1200 009f 0E       		.uleb128 0xe
 1201 00a0 3A       		.uleb128 0x3a
 1202 00a1 0B       		.uleb128 0xb
 1203 00a2 3B       		.uleb128 0x3b
 1204 00a3 0B       		.uleb128 0xb
 1205 00a4 49       		.uleb128 0x49
 1206 00a5 13       		.uleb128 0x13
 1207 00a6 00       		.byte	0
 1208 00a7 00       		.byte	0
 1209 00a8 0D       		.uleb128 0xd
 1210 00a9 0D       		.uleb128 0xd
 1211 00aa 00       		.byte	0
 1212 00ab 03       		.uleb128 0x3
 1213 00ac 08       		.uleb128 0x8
 1214 00ad 3A       		.uleb128 0x3a
 1215 00ae 0B       		.uleb128 0xb
 1216 00af 3B       		.uleb128 0x3b
 1217 00b0 0B       		.uleb128 0xb
ARM GAS  C:\Users\ddemidov\AppData\Local\Temp\ccVAAkHe.s 			page 25


 1218 00b1 49       		.uleb128 0x49
 1219 00b2 13       		.uleb128 0x13
 1220 00b3 38       		.uleb128 0x38
 1221 00b4 0B       		.uleb128 0xb
 1222 00b5 00       		.byte	0
 1223 00b6 00       		.byte	0
 1224 00b7 0E       		.uleb128 0xe
 1225 00b8 0D       		.uleb128 0xd
 1226 00b9 00       		.byte	0
 1227 00ba 03       		.uleb128 0x3
 1228 00bb 0E       		.uleb128 0xe
 1229 00bc 3A       		.uleb128 0x3a
 1230 00bd 0B       		.uleb128 0xb
 1231 00be 3B       		.uleb128 0x3b
 1232 00bf 0B       		.uleb128 0xb
 1233 00c0 49       		.uleb128 0x49
 1234 00c1 13       		.uleb128 0x13
 1235 00c2 38       		.uleb128 0x38
 1236 00c3 0B       		.uleb128 0xb
 1237 00c4 00       		.byte	0
 1238 00c5 00       		.byte	0
 1239 00c6 0F       		.uleb128 0xf
 1240 00c7 2E       		.uleb128 0x2e
 1241 00c8 01       		.byte	0x1
 1242 00c9 3F       		.uleb128 0x3f
 1243 00ca 19       		.uleb128 0x19
 1244 00cb 03       		.uleb128 0x3
 1245 00cc 0E       		.uleb128 0xe
 1246 00cd 3A       		.uleb128 0x3a
 1247 00ce 0B       		.uleb128 0xb
 1248 00cf 3B       		.uleb128 0x3b
 1249 00d0 0B       		.uleb128 0xb
 1250 00d1 27       		.uleb128 0x27
 1251 00d2 19       		.uleb128 0x19
 1252 00d3 49       		.uleb128 0x49
 1253 00d4 13       		.uleb128 0x13
 1254 00d5 11       		.uleb128 0x11
 1255 00d6 01       		.uleb128 0x1
 1256 00d7 12       		.uleb128 0x12
 1257 00d8 06       		.uleb128 0x6
 1258 00d9 40       		.uleb128 0x40
 1259 00da 18       		.uleb128 0x18
 1260 00db 9742     		.uleb128 0x2117
 1261 00dd 19       		.uleb128 0x19
 1262 00de 01       		.uleb128 0x1
 1263 00df 13       		.uleb128 0x13
 1264 00e0 00       		.byte	0
 1265 00e1 00       		.byte	0
 1266 00e2 10       		.uleb128 0x10
 1267 00e3 05       		.uleb128 0x5
 1268 00e4 00       		.byte	0
 1269 00e5 03       		.uleb128 0x3
 1270 00e6 0E       		.uleb128 0xe
 1271 00e7 3A       		.uleb128 0x3a
 1272 00e8 0B       		.uleb128 0xb
 1273 00e9 3B       		.uleb128 0x3b
 1274 00ea 0B       		.uleb128 0xb
ARM GAS  C:\Users\ddemidov\AppData\Local\Temp\ccVAAkHe.s 			page 26


 1275 00eb 49       		.uleb128 0x49
 1276 00ec 13       		.uleb128 0x13
 1277 00ed 02       		.uleb128 0x2
 1278 00ee 17       		.uleb128 0x17
 1279 00ef 00       		.byte	0
 1280 00f0 00       		.byte	0
 1281 00f1 11       		.uleb128 0x11
 1282 00f2 34       		.uleb128 0x34
 1283 00f3 00       		.byte	0
 1284 00f4 03       		.uleb128 0x3
 1285 00f5 08       		.uleb128 0x8
 1286 00f6 3A       		.uleb128 0x3a
 1287 00f7 0B       		.uleb128 0xb
 1288 00f8 3B       		.uleb128 0x3b
 1289 00f9 0B       		.uleb128 0xb
 1290 00fa 49       		.uleb128 0x49
 1291 00fb 13       		.uleb128 0x13
 1292 00fc 02       		.uleb128 0x2
 1293 00fd 17       		.uleb128 0x17
 1294 00fe 00       		.byte	0
 1295 00ff 00       		.byte	0
 1296 0100 12       		.uleb128 0x12
 1297 0101 898201   		.uleb128 0x4109
 1298 0104 00       		.byte	0
 1299 0105 11       		.uleb128 0x11
 1300 0106 01       		.uleb128 0x1
 1301 0107 31       		.uleb128 0x31
 1302 0108 13       		.uleb128 0x13
 1303 0109 00       		.byte	0
 1304 010a 00       		.byte	0
 1305 010b 13       		.uleb128 0x13
 1306 010c 05       		.uleb128 0x5
 1307 010d 00       		.byte	0
 1308 010e 03       		.uleb128 0x3
 1309 010f 08       		.uleb128 0x8
 1310 0110 3A       		.uleb128 0x3a
 1311 0111 0B       		.uleb128 0xb
 1312 0112 3B       		.uleb128 0x3b
 1313 0113 0B       		.uleb128 0xb
 1314 0114 49       		.uleb128 0x49
 1315 0115 13       		.uleb128 0x13
 1316 0116 02       		.uleb128 0x2
 1317 0117 17       		.uleb128 0x17
 1318 0118 00       		.byte	0
 1319 0119 00       		.byte	0
 1320 011a 14       		.uleb128 0x14
 1321 011b 05       		.uleb128 0x5
 1322 011c 00       		.byte	0
 1323 011d 03       		.uleb128 0x3
 1324 011e 0E       		.uleb128 0xe
 1325 011f 3A       		.uleb128 0x3a
 1326 0120 0B       		.uleb128 0xb
 1327 0121 3B       		.uleb128 0x3b
 1328 0122 0B       		.uleb128 0xb
 1329 0123 49       		.uleb128 0x49
 1330 0124 13       		.uleb128 0x13
 1331 0125 02       		.uleb128 0x2
ARM GAS  C:\Users\ddemidov\AppData\Local\Temp\ccVAAkHe.s 			page 27


 1332 0126 18       		.uleb128 0x18
 1333 0127 00       		.byte	0
 1334 0128 00       		.byte	0
 1335 0129 15       		.uleb128 0x15
 1336 012a 34       		.uleb128 0x34
 1337 012b 00       		.byte	0
 1338 012c 03       		.uleb128 0x3
 1339 012d 08       		.uleb128 0x8
 1340 012e 3A       		.uleb128 0x3a
 1341 012f 0B       		.uleb128 0xb
 1342 0130 3B       		.uleb128 0x3b
 1343 0131 0B       		.uleb128 0xb
 1344 0132 49       		.uleb128 0x49
 1345 0133 13       		.uleb128 0x13
 1346 0134 02       		.uleb128 0x2
 1347 0135 18       		.uleb128 0x18
 1348 0136 00       		.byte	0
 1349 0137 00       		.byte	0
 1350 0138 16       		.uleb128 0x16
 1351 0139 34       		.uleb128 0x34
 1352 013a 00       		.byte	0
 1353 013b 03       		.uleb128 0x3
 1354 013c 0E       		.uleb128 0xe
 1355 013d 3A       		.uleb128 0x3a
 1356 013e 0B       		.uleb128 0xb
 1357 013f 3B       		.uleb128 0x3b
 1358 0140 0B       		.uleb128 0xb
 1359 0141 49       		.uleb128 0x49
 1360 0142 13       		.uleb128 0x13
 1361 0143 00       		.byte	0
 1362 0144 00       		.byte	0
 1363 0145 17       		.uleb128 0x17
 1364 0146 34       		.uleb128 0x34
 1365 0147 00       		.byte	0
 1366 0148 03       		.uleb128 0x3
 1367 0149 0E       		.uleb128 0xe
 1368 014a 3A       		.uleb128 0x3a
 1369 014b 0B       		.uleb128 0xb
 1370 014c 3B       		.uleb128 0x3b
 1371 014d 0B       		.uleb128 0xb
 1372 014e 49       		.uleb128 0x49
 1373 014f 13       		.uleb128 0x13
 1374 0150 02       		.uleb128 0x2
 1375 0151 17       		.uleb128 0x17
 1376 0152 00       		.byte	0
 1377 0153 00       		.byte	0
 1378 0154 18       		.uleb128 0x18
 1379 0155 0A       		.uleb128 0xa
 1380 0156 00       		.byte	0
 1381 0157 03       		.uleb128 0x3
 1382 0158 0E       		.uleb128 0xe
 1383 0159 3A       		.uleb128 0x3a
 1384 015a 0B       		.uleb128 0xb
 1385 015b 3B       		.uleb128 0x3b
 1386 015c 0B       		.uleb128 0xb
 1387 015d 11       		.uleb128 0x11
 1388 015e 01       		.uleb128 0x1
ARM GAS  C:\Users\ddemidov\AppData\Local\Temp\ccVAAkHe.s 			page 28


 1389 015f 00       		.byte	0
 1390 0160 00       		.byte	0
 1391 0161 19       		.uleb128 0x19
 1392 0162 898201   		.uleb128 0x4109
 1393 0165 01       		.byte	0x1
 1394 0166 11       		.uleb128 0x11
 1395 0167 01       		.uleb128 0x1
 1396 0168 31       		.uleb128 0x31
 1397 0169 13       		.uleb128 0x13
 1398 016a 01       		.uleb128 0x1
 1399 016b 13       		.uleb128 0x13
 1400 016c 00       		.byte	0
 1401 016d 00       		.byte	0
 1402 016e 1A       		.uleb128 0x1a
 1403 016f 8A8201   		.uleb128 0x410a
 1404 0172 00       		.byte	0
 1405 0173 02       		.uleb128 0x2
 1406 0174 18       		.uleb128 0x18
 1407 0175 9142     		.uleb128 0x2111
 1408 0177 18       		.uleb128 0x18
 1409 0178 00       		.byte	0
 1410 0179 00       		.byte	0
 1411 017a 1B       		.uleb128 0x1b
 1412 017b 898201   		.uleb128 0x4109
 1413 017e 01       		.byte	0x1
 1414 017f 11       		.uleb128 0x11
 1415 0180 01       		.uleb128 0x1
 1416 0181 31       		.uleb128 0x31
 1417 0182 13       		.uleb128 0x13
 1418 0183 00       		.byte	0
 1419 0184 00       		.byte	0
 1420 0185 1C       		.uleb128 0x1c
 1421 0186 05       		.uleb128 0x5
 1422 0187 00       		.byte	0
 1423 0188 03       		.uleb128 0x3
 1424 0189 08       		.uleb128 0x8
 1425 018a 3A       		.uleb128 0x3a
 1426 018b 0B       		.uleb128 0xb
 1427 018c 3B       		.uleb128 0x3b
 1428 018d 0B       		.uleb128 0xb
 1429 018e 49       		.uleb128 0x49
 1430 018f 13       		.uleb128 0x13
 1431 0190 02       		.uleb128 0x2
 1432 0191 18       		.uleb128 0x18
 1433 0192 00       		.byte	0
 1434 0193 00       		.byte	0
 1435 0194 1D       		.uleb128 0x1d
 1436 0195 34       		.uleb128 0x34
 1437 0196 00       		.byte	0
 1438 0197 03       		.uleb128 0x3
 1439 0198 0E       		.uleb128 0xe
 1440 0199 3A       		.uleb128 0x3a
 1441 019a 0B       		.uleb128 0xb
 1442 019b 3B       		.uleb128 0x3b
 1443 019c 0B       		.uleb128 0xb
 1444 019d 49       		.uleb128 0x49
 1445 019e 13       		.uleb128 0x13
ARM GAS  C:\Users\ddemidov\AppData\Local\Temp\ccVAAkHe.s 			page 29


 1446 019f 02       		.uleb128 0x2
 1447 01a0 18       		.uleb128 0x18
 1448 01a1 00       		.byte	0
 1449 01a2 00       		.byte	0
 1450 01a3 1E       		.uleb128 0x1e
 1451 01a4 2E       		.uleb128 0x2e
 1452 01a5 01       		.byte	0x1
 1453 01a6 3F       		.uleb128 0x3f
 1454 01a7 19       		.uleb128 0x19
 1455 01a8 03       		.uleb128 0x3
 1456 01a9 0E       		.uleb128 0xe
 1457 01aa 3A       		.uleb128 0x3a
 1458 01ab 0B       		.uleb128 0xb
 1459 01ac 3B       		.uleb128 0x3b
 1460 01ad 0B       		.uleb128 0xb
 1461 01ae 27       		.uleb128 0x27
 1462 01af 19       		.uleb128 0x19
 1463 01b0 49       		.uleb128 0x49
 1464 01b1 13       		.uleb128 0x13
 1465 01b2 3C       		.uleb128 0x3c
 1466 01b3 19       		.uleb128 0x19
 1467 01b4 01       		.uleb128 0x1
 1468 01b5 13       		.uleb128 0x13
 1469 01b6 00       		.byte	0
 1470 01b7 00       		.byte	0
 1471 01b8 1F       		.uleb128 0x1f
 1472 01b9 05       		.uleb128 0x5
 1473 01ba 00       		.byte	0
 1474 01bb 49       		.uleb128 0x49
 1475 01bc 13       		.uleb128 0x13
 1476 01bd 00       		.byte	0
 1477 01be 00       		.byte	0
 1478 01bf 20       		.uleb128 0x20
 1479 01c0 2E       		.uleb128 0x2e
 1480 01c1 01       		.byte	0x1
 1481 01c2 3F       		.uleb128 0x3f
 1482 01c3 19       		.uleb128 0x19
 1483 01c4 03       		.uleb128 0x3
 1484 01c5 0E       		.uleb128 0xe
 1485 01c6 3A       		.uleb128 0x3a
 1486 01c7 0B       		.uleb128 0xb
 1487 01c8 3B       		.uleb128 0x3b
 1488 01c9 0B       		.uleb128 0xb
 1489 01ca 27       		.uleb128 0x27
 1490 01cb 19       		.uleb128 0x19
 1491 01cc 3C       		.uleb128 0x3c
 1492 01cd 19       		.uleb128 0x19
 1493 01ce 01       		.uleb128 0x1
 1494 01cf 13       		.uleb128 0x13
 1495 01d0 00       		.byte	0
 1496 01d1 00       		.byte	0
 1497 01d2 21       		.uleb128 0x21
 1498 01d3 2E       		.uleb128 0x2e
 1499 01d4 01       		.byte	0x1
 1500 01d5 3F       		.uleb128 0x3f
 1501 01d6 19       		.uleb128 0x19
 1502 01d7 03       		.uleb128 0x3
ARM GAS  C:\Users\ddemidov\AppData\Local\Temp\ccVAAkHe.s 			page 30


 1503 01d8 0E       		.uleb128 0xe
 1504 01d9 3A       		.uleb128 0x3a
 1505 01da 0B       		.uleb128 0xb
 1506 01db 3B       		.uleb128 0x3b
 1507 01dc 0B       		.uleb128 0xb
 1508 01dd 27       		.uleb128 0x27
 1509 01de 19       		.uleb128 0x19
 1510 01df 49       		.uleb128 0x49
 1511 01e0 13       		.uleb128 0x13
 1512 01e1 3C       		.uleb128 0x3c
 1513 01e2 19       		.uleb128 0x19
 1514 01e3 00       		.byte	0
 1515 01e4 00       		.byte	0
 1516 01e5 00       		.byte	0
 1517              		.section	.debug_loc,"",%progbits
 1518              	.Ldebug_loc0:
 1519              	.LLST0:
 1520 0000 00000000 		.4byte	.LVL0
 1521 0004 0A000000 		.4byte	.LVL1
 1522 0008 0100     		.2byte	0x1
 1523 000a 50       		.byte	0x50
 1524 000b 0A000000 		.4byte	.LVL1
 1525 000f 28000000 		.4byte	.LVL8
 1526 0013 0100     		.2byte	0x1
 1527 0015 57       		.byte	0x57
 1528 0016 28000000 		.4byte	.LVL8
 1529 001a 2A000000 		.4byte	.LFE0
 1530 001e 0400     		.2byte	0x4
 1531 0020 F3       		.byte	0xf3
 1532 0021 01       		.uleb128 0x1
 1533 0022 50       		.byte	0x50
 1534 0023 9F       		.byte	0x9f
 1535 0024 00000000 		.4byte	0
 1536 0028 00000000 		.4byte	0
 1537              	.LLST1:
 1538 002c 00000000 		.4byte	.LVL0
 1539 0030 0A000000 		.4byte	.LVL1
 1540 0034 0100     		.2byte	0x1
 1541 0036 51       		.byte	0x51
 1542 0037 0A000000 		.4byte	.LVL1
 1543 003b 28000000 		.4byte	.LVL7
 1544 003f 0100     		.2byte	0x1
 1545 0041 56       		.byte	0x56
 1546 0042 28000000 		.4byte	.LVL7
 1547 0046 2A000000 		.4byte	.LFE0
 1548 004a 0400     		.2byte	0x4
 1549 004c F3       		.byte	0xf3
 1550 004d 01       		.uleb128 0x1
 1551 004e 51       		.byte	0x51
 1552 004f 9F       		.byte	0x9f
 1553 0050 00000000 		.4byte	0
 1554 0054 00000000 		.4byte	0
 1555              	.LLST2:
 1556 0058 00000000 		.4byte	.LVL0
 1557 005c 0A000000 		.4byte	.LVL1
 1558 0060 0200     		.2byte	0x2
 1559 0062 30       		.byte	0x30
ARM GAS  C:\Users\ddemidov\AppData\Local\Temp\ccVAAkHe.s 			page 31


 1560 0063 9F       		.byte	0x9f
 1561 0064 0A000000 		.4byte	.LVL1
 1562 0068 28000000 		.4byte	.LVL5
 1563 006c 0100     		.2byte	0x1
 1564 006e 54       		.byte	0x54
 1565 006f 00000000 		.4byte	0
 1566 0073 00000000 		.4byte	0
 1567              	.LLST3:
 1568 0077 00000000 		.4byte	.LVL0
 1569 007b 0A000000 		.4byte	.LVL1
 1570 007f 0200     		.2byte	0x2
 1571 0081 32       		.byte	0x32
 1572 0082 9F       		.byte	0x9f
 1573 0083 0A000000 		.4byte	.LVL1
 1574 0087 28000000 		.4byte	.LVL6
 1575 008b 0100     		.2byte	0x1
 1576 008d 55       		.byte	0x55
 1577 008e 28000000 		.4byte	.LVL6
 1578 0092 2A000000 		.4byte	.LFE0
 1579 0096 0100     		.2byte	0x1
 1580 0098 50       		.byte	0x50
 1581 0099 00000000 		.4byte	0
 1582 009d 00000000 		.4byte	0
 1583              	.LLST4:
 1584 00a1 00000000 		.4byte	.LVL9
 1585 00a5 0E000000 		.4byte	.LVL12
 1586 00a9 0100     		.2byte	0x1
 1587 00ab 50       		.byte	0x50
 1588 00ac 0E000000 		.4byte	.LVL12
 1589 00b0 86000000 		.4byte	.LVL27
 1590 00b4 0100     		.2byte	0x1
 1591 00b6 55       		.byte	0x55
 1592 00b7 86000000 		.4byte	.LVL27
 1593 00bb 88000000 		.4byte	.LFE1
 1594 00bf 0400     		.2byte	0x4
 1595 00c1 F3       		.byte	0xf3
 1596 00c2 01       		.uleb128 0x1
 1597 00c3 50       		.byte	0x50
 1598 00c4 9F       		.byte	0x9f
 1599 00c5 00000000 		.4byte	0
 1600 00c9 00000000 		.4byte	0
 1601              	.LLST5:
 1602 00cd 00000000 		.4byte	.LVL9
 1603 00d1 0C000000 		.4byte	.LVL11
 1604 00d5 0100     		.2byte	0x1
 1605 00d7 51       		.byte	0x51
 1606 00d8 0C000000 		.4byte	.LVL11
 1607 00dc 86000000 		.4byte	.LVL28
 1608 00e0 0100     		.2byte	0x1
 1609 00e2 57       		.byte	0x57
 1610 00e3 86000000 		.4byte	.LVL28
 1611 00e7 88000000 		.4byte	.LFE1
 1612 00eb 0400     		.2byte	0x4
 1613 00ed F3       		.byte	0xf3
 1614 00ee 01       		.uleb128 0x1
 1615 00ef 51       		.byte	0x51
 1616 00f0 9F       		.byte	0x9f
ARM GAS  C:\Users\ddemidov\AppData\Local\Temp\ccVAAkHe.s 			page 32


 1617 00f1 00000000 		.4byte	0
 1618 00f5 00000000 		.4byte	0
 1619              	.LLST6:
 1620 00f9 00000000 		.4byte	.LVL9
 1621 00fd 15000000 		.4byte	.LVL13-1
 1622 0101 0100     		.2byte	0x1
 1623 0103 52       		.byte	0x52
 1624 0104 15000000 		.4byte	.LVL13-1
 1625 0108 88000000 		.4byte	.LFE1
 1626 010c 0400     		.2byte	0x4
 1627 010e F3       		.byte	0xf3
 1628 010f 01       		.uleb128 0x1
 1629 0110 52       		.byte	0x52
 1630 0111 9F       		.byte	0x9f
 1631 0112 00000000 		.4byte	0
 1632 0116 00000000 		.4byte	0
 1633              	.LLST7:
 1634 011a 00000000 		.4byte	.LVL9
 1635 011e 15000000 		.4byte	.LVL13-1
 1636 0122 0100     		.2byte	0x1
 1637 0124 53       		.byte	0x53
 1638 0125 15000000 		.4byte	.LVL13-1
 1639 0129 88000000 		.4byte	.LFE1
 1640 012d 0400     		.2byte	0x4
 1641 012f F3       		.byte	0xf3
 1642 0130 01       		.uleb128 0x1
 1643 0131 53       		.byte	0x53
 1644 0132 9F       		.byte	0x9f
 1645 0133 00000000 		.4byte	0
 1646 0137 00000000 		.4byte	0
 1647              	.LLST8:
 1648 013b 08000000 		.4byte	.LVL10
 1649 013f 18000000 		.4byte	.LVL14
 1650 0143 0200     		.2byte	0x2
 1651 0145 30       		.byte	0x30
 1652 0146 9F       		.byte	0x9f
 1653 0147 18000000 		.4byte	.LVL14
 1654 014b 1B000000 		.4byte	.LVL15-1
 1655 014f 0100     		.2byte	0x1
 1656 0151 50       		.byte	0x50
 1657 0152 1B000000 		.4byte	.LVL15-1
 1658 0156 4E000000 		.4byte	.LVL20
 1659 015a 0100     		.2byte	0x1
 1660 015c 56       		.byte	0x56
 1661 015d 80000000 		.4byte	.LVL25
 1662 0161 84000000 		.4byte	.LVL26
 1663 0165 0100     		.2byte	0x1
 1664 0167 56       		.byte	0x56
 1665 0168 00000000 		.4byte	0
 1666 016c 00000000 		.4byte	0
 1667              	.LLST9:
 1668 0170 08000000 		.4byte	.LVL10
 1669 0174 7E000000 		.4byte	.LVL24
 1670 0178 0200     		.2byte	0x2
 1671 017a 30       		.byte	0x30
 1672 017b 9F       		.byte	0x9f
 1673 017c 7E000000 		.4byte	.LVL24
ARM GAS  C:\Users\ddemidov\AppData\Local\Temp\ccVAAkHe.s 			page 33


 1674 0180 80000000 		.4byte	.LVL25
 1675 0184 0100     		.2byte	0x1
 1676 0186 50       		.byte	0x50
 1677 0187 80000000 		.4byte	.LVL25
 1678 018b 84000000 		.4byte	.LVL26
 1679 018f 0200     		.2byte	0x2
 1680 0191 30       		.byte	0x30
 1681 0192 9F       		.byte	0x9f
 1682 0193 84000000 		.4byte	.LVL26
 1683 0197 88000000 		.4byte	.LFE1
 1684 019b 0100     		.2byte	0x1
 1685 019d 50       		.byte	0x50
 1686 019e 00000000 		.4byte	0
 1687 01a2 00000000 		.4byte	0
 1688              	.LLST10:
 1689 01a6 08000000 		.4byte	.LVL10
 1690 01aa 4E000000 		.4byte	.LVL20
 1691 01ae 0200     		.2byte	0x2
 1692 01b0 30       		.byte	0x30
 1693 01b1 9F       		.byte	0x9f
 1694 01b2 4E000000 		.4byte	.LVL20
 1695 01b6 80000000 		.4byte	.LVL25
 1696 01ba 0100     		.2byte	0x1
 1697 01bc 56       		.byte	0x56
 1698 01bd 80000000 		.4byte	.LVL25
 1699 01c1 84000000 		.4byte	.LVL26
 1700 01c5 0200     		.2byte	0x2
 1701 01c7 30       		.byte	0x30
 1702 01c8 9F       		.byte	0x9f
 1703 01c9 00000000 		.4byte	0
 1704 01cd 00000000 		.4byte	0
 1705              	.LLST11:
 1706 01d1 00000000 		.4byte	.LVL29
 1707 01d5 0C000000 		.4byte	.LVL31
 1708 01d9 0100     		.2byte	0x1
 1709 01db 50       		.byte	0x50
 1710 01dc 0C000000 		.4byte	.LVL31
 1711 01e0 40000000 		.4byte	.LVL39
 1712 01e4 0100     		.2byte	0x1
 1713 01e6 54       		.byte	0x54
 1714 01e7 40000000 		.4byte	.LVL39
 1715 01eb 70000000 		.4byte	.LFE2
 1716 01ef 0400     		.2byte	0x4
 1717 01f1 F3       		.byte	0xf3
 1718 01f2 01       		.uleb128 0x1
 1719 01f3 50       		.byte	0x50
 1720 01f4 9F       		.byte	0x9f
 1721 01f5 00000000 		.4byte	0
 1722 01f9 00000000 		.4byte	0
 1723              	.LLST12:
 1724 01fd 00000000 		.4byte	.LVL29
 1725 0201 15000000 		.4byte	.LVL33-1
 1726 0205 0100     		.2byte	0x1
 1727 0207 51       		.byte	0x51
 1728 0208 15000000 		.4byte	.LVL33-1
 1729 020c 6E000000 		.4byte	.LVL42
 1730 0210 0200     		.2byte	0x2
ARM GAS  C:\Users\ddemidov\AppData\Local\Temp\ccVAAkHe.s 			page 34


 1731 0212 7D       		.byte	0x7d
 1732 0213 00       		.sleb128 0
 1733 0214 6E000000 		.4byte	.LVL42
 1734 0218 70000000 		.4byte	.LFE2
 1735 021c 0200     		.2byte	0x2
 1736 021e 91       		.byte	0x91
 1737 021f 58       		.sleb128 -40
 1738 0220 00000000 		.4byte	0
 1739 0224 00000000 		.4byte	0
 1740              	.LLST13:
 1741 0228 00000000 		.4byte	.LVL29
 1742 022c 15000000 		.4byte	.LVL33-1
 1743 0230 0100     		.2byte	0x1
 1744 0232 52       		.byte	0x52
 1745 0233 15000000 		.4byte	.LVL33-1
 1746 0237 6E000000 		.4byte	.LVL43
 1747 023b 0100     		.2byte	0x1
 1748 023d 56       		.byte	0x56
 1749 023e 6E000000 		.4byte	.LVL43
 1750 0242 70000000 		.4byte	.LFE2
 1751 0246 0400     		.2byte	0x4
 1752 0248 F3       		.byte	0xf3
 1753 0249 01       		.uleb128 0x1
 1754 024a 52       		.byte	0x52
 1755 024b 9F       		.byte	0x9f
 1756 024c 00000000 		.4byte	0
 1757 0250 00000000 		.4byte	0
 1758              	.LLST14:
 1759 0254 00000000 		.4byte	.LVL29
 1760 0258 08000000 		.4byte	.LVL30
 1761 025c 0100     		.2byte	0x1
 1762 025e 53       		.byte	0x53
 1763 025f 08000000 		.4byte	.LVL30
 1764 0263 70000000 		.4byte	.LFE2
 1765 0267 0200     		.2byte	0x2
 1766 0269 91       		.byte	0x91
 1767 026a 5C       		.sleb128 -36
 1768 026b 00000000 		.4byte	0
 1769 026f 00000000 		.4byte	0
 1770              	.LLST15:
 1771 0273 00000000 		.4byte	.LVL29
 1772 0277 16000000 		.4byte	.LVL33
 1773 027b 0600     		.2byte	0x6
 1774 027d 30       		.byte	0x30
 1775 027e 9F       		.byte	0x9f
 1776 027f 93       		.byte	0x93
 1777 0280 01       		.uleb128 0x1
 1778 0281 93       		.byte	0x93
 1779 0282 03       		.uleb128 0x3
 1780 0283 16000000 		.4byte	.LVL33
 1781 0287 1C000000 		.4byte	.LVL34
 1782 028b 0500     		.2byte	0x5
 1783 028d 50       		.byte	0x50
 1784 028e 93       		.byte	0x93
 1785 028f 01       		.uleb128 0x1
 1786 0290 93       		.byte	0x93
 1787 0291 03       		.uleb128 0x3
ARM GAS  C:\Users\ddemidov\AppData\Local\Temp\ccVAAkHe.s 			page 35


 1788 0292 00000000 		.4byte	0
 1789 0296 00000000 		.4byte	0
 1790              	.LLST16:
 1791 029a 0E000000 		.4byte	.LVL32
 1792 029e 2E000000 		.4byte	.LVL36
 1793 02a2 0200     		.2byte	0x2
 1794 02a4 30       		.byte	0x30
 1795 02a5 9F       		.byte	0x9f
 1796 02a6 2E000000 		.4byte	.LVL36
 1797 02aa 6C000000 		.4byte	.LVL41
 1798 02ae 0600     		.2byte	0x6
 1799 02b0 75       		.byte	0x75
 1800 02b1 00       		.sleb128 0
 1801 02b2 77       		.byte	0x77
 1802 02b3 00       		.sleb128 0
 1803 02b4 22       		.byte	0x22
 1804 02b5 9F       		.byte	0x9f
 1805 02b6 00000000 		.4byte	0
 1806 02ba 00000000 		.4byte	0
 1807              	.LLST17:
 1808 02be 0E000000 		.4byte	.LVL32
 1809 02c2 28000000 		.4byte	.LVL35
 1810 02c6 0200     		.2byte	0x2
 1811 02c8 30       		.byte	0x30
 1812 02c9 9F       		.byte	0x9f
 1813 02ca 28000000 		.4byte	.LVL35
 1814 02ce 36000000 		.4byte	.LVL37
 1815 02d2 0100     		.2byte	0x1
 1816 02d4 50       		.byte	0x50
 1817 02d5 6C000000 		.4byte	.LVL41
 1818 02d9 70000000 		.4byte	.LFE2
 1819 02dd 0100     		.2byte	0x1
 1820 02df 50       		.byte	0x50
 1821 02e0 00000000 		.4byte	0
 1822 02e4 00000000 		.4byte	0
 1823              		.section	.debug_aranges,"",%progbits
 1824 0000 2C000000 		.4byte	0x2c
 1825 0004 0200     		.2byte	0x2
 1826 0006 00000000 		.4byte	.Ldebug_info0
 1827 000a 04       		.byte	0x4
 1828 000b 00       		.byte	0
 1829 000c 0000     		.2byte	0
 1830 000e 0000     		.2byte	0
 1831 0010 00000000 		.4byte	.LFB0
 1832 0014 2A000000 		.4byte	.LFE0-.LFB0
 1833 0018 00000000 		.4byte	.LFB1
 1834 001c 88000000 		.4byte	.LFE1-.LFB1
 1835 0020 00000000 		.4byte	.LFB2
 1836 0024 70000000 		.4byte	.LFE2-.LFB2
 1837 0028 00000000 		.4byte	0
 1838 002c 00000000 		.4byte	0
 1839              		.section	.debug_ranges,"",%progbits
 1840              	.Ldebug_ranges0:
 1841 0000 00000000 		.4byte	.LFB0
 1842 0004 2A000000 		.4byte	.LFE0
 1843 0008 00000000 		.4byte	.LFB1
 1844 000c 88000000 		.4byte	.LFE1
ARM GAS  C:\Users\ddemidov\AppData\Local\Temp\ccVAAkHe.s 			page 36


 1845 0010 00000000 		.4byte	.LFB2
 1846 0014 70000000 		.4byte	.LFE2
 1847 0018 00000000 		.4byte	0
 1848 001c 00000000 		.4byte	0
 1849              		.section	.debug_line,"",%progbits
 1850              	.Ldebug_line0:
 1851 0000 1C010000 		.section	.debug_str,"MS",%progbits,1
 1851      02007E00 
 1851      00000201 
 1851      FB0E0D00 
 1851      01010101 
 1852              	.LASF11:
 1853 0000 4D515454 		.ascii	"MQTTPACKET_BUFFER_TOO_SHORT\000"
 1853      5041434B 
 1853      45545F42 
 1853      55464645 
 1853      525F544F 
 1854              	.LASF40:
 1855 001c 636F756E 		.ascii	"count\000"
 1855      7400
 1856              	.LASF65:
 1857 0022 474E5520 		.ascii	"GNU C 4.9.3 20150303 (release) [ARM/embedded-4_9-br"
 1857      4320342E 
 1857      392E3320 
 1857      32303135 
 1857      30333033 
 1858 0055 616E6368 		.ascii	"anch revision 221220] -mcpu=cortex-m0 -mthumb -g -O"
 1858      20726576 
 1858      6973696F 
 1858      6E203232 
 1858      31323230 
 1859 0088 73202D66 		.ascii	"s -ffunction-sections -ffat-lto-objects\000"
 1859      66756E63 
 1859      74696F6E 
 1859      2D736563 
 1859      74696F6E 
 1860              	.LASF46:
 1861 00b0 72657175 		.ascii	"requestedQoSs\000"
 1861      65737465 
 1861      64516F53 
 1861      7300
 1862              	.LASF57:
 1863 00be 4D515454 		.ascii	"MQTTPacket_len\000"
 1863      5061636B 
 1863      65745F6C 
 1863      656E00
 1864              	.LASF66:
 1865 00cd 2E2E5C61 		.ascii	"..\\acn-sdk-c\\src\\mqtt\\packet\\src\\MQTTSubscrib"
 1865      636E2D73 
 1865      646B2D63 
 1865      5C737263 
 1865      5C6D7174 
 1866 00fa 65436C69 		.ascii	"eClient.c\000"
 1866      656E742E 
 1866      6300
 1867              	.LASF64:
 1868 0104 72656164 		.ascii	"readInt\000"
ARM GAS  C:\Users\ddemidov\AppData\Local\Temp\ccVAAkHe.s 			page 37


 1868      496E7400 
 1869              	.LASF31:
 1870 010c 74797065 		.ascii	"type\000"
 1870      00
 1871              	.LASF26:
 1872 0111 554E5355 		.ascii	"UNSUBACK\000"
 1872      4241434B 
 1872      00
 1873              	.LASF30:
 1874 011a 72657461 		.ascii	"retain\000"
 1874      696E00
 1875              	.LASF38:
 1876 0121 6C656E73 		.ascii	"lenstring\000"
 1876      7472696E 
 1876      6700
 1877              	.LASF7:
 1878 012b 6C6F6E67 		.ascii	"long long unsigned int\000"
 1878      206C6F6E 
 1878      6720756E 
 1878      7369676E 
 1878      65642069 
 1879              	.LASF49:
 1880 0142 6D617863 		.ascii	"maxcount\000"
 1880      6F756E74 
 1880      00
 1881              	.LASF12:
 1882 014b 4D515454 		.ascii	"MQTTPACKET_READ_ERROR\000"
 1882      5041434B 
 1882      45545F52 
 1882      4541445F 
 1882      4552524F 
 1883              	.LASF6:
 1884 0161 6C6F6E67 		.ascii	"long long int\000"
 1884      206C6F6E 
 1884      6720696E 
 1884      7400
 1885              	.LASF0:
 1886 016f 7369676E 		.ascii	"signed char\000"
 1886      65642063 
 1886      68617200 
 1887              	.LASF60:
 1888 017b 77726974 		.ascii	"writeInt\000"
 1888      65496E74 
 1888      00
 1889              	.LASF33:
 1890 0184 62697473 		.ascii	"bits\000"
 1890      00
 1891              	.LASF4:
 1892 0189 6C6F6E67 		.ascii	"long int\000"
 1892      20696E74 
 1892      00
 1893              	.LASF25:
 1894 0192 554E5355 		.ascii	"UNSUBSCRIBE\000"
 1894      42534352 
 1894      49424500 
 1895              	.LASF32:
 1896 019e 62797465 		.ascii	"byte\000"
ARM GAS  C:\Users\ddemidov\AppData\Local\Temp\ccVAAkHe.s 			page 38


 1896      00
 1897              	.LASF58:
 1898 01a3 4D515454 		.ascii	"MQTTPacket_encode\000"
 1898      5061636B 
 1898      65745F65 
 1898      6E636F64 
 1898      6500
 1899              	.LASF15:
 1900 01b5 6D736754 		.ascii	"msgTypes\000"
 1900      79706573 
 1900      00
 1901              	.LASF8:
 1902 01be 756E7369 		.ascii	"unsigned int\000"
 1902      676E6564 
 1902      20696E74 
 1902      00
 1903              	.LASF17:
 1904 01cb 434F4E4E 		.ascii	"CONNACK\000"
 1904      41434B00 
 1905              	.LASF14:
 1906 01d3 6572726F 		.ascii	"errors\000"
 1906      727300
 1907              	.LASF5:
 1908 01da 6C6F6E67 		.ascii	"long unsigned int\000"
 1908      20756E73 
 1908      69676E65 
 1908      6420696E 
 1908      7400
 1909              	.LASF53:
 1910 01ec 656E6464 		.ascii	"enddata\000"
 1910      61746100 
 1911              	.LASF34:
 1912 01f4 64617461 		.ascii	"data\000"
 1912      00
 1913              	.LASF3:
 1914 01f9 73686F72 		.ascii	"short unsigned int\000"
 1914      7420756E 
 1914      7369676E 
 1914      65642069 
 1914      6E7400
 1915              	.LASF13:
 1916 020c 4D515454 		.ascii	"MQTTPACKET_READ_COMPLETE\000"
 1916      5041434B 
 1916      45545F52 
 1916      4541445F 
 1916      434F4D50 
 1917              	.LASF24:
 1918 0225 53554241 		.ascii	"SUBACK\000"
 1918      434B00
 1919              	.LASF39:
 1920 022c 4D515454 		.ascii	"MQTTString\000"
 1920      53747269 
 1920      6E6700
 1921              	.LASF50:
 1922 0237 6772616E 		.ascii	"grantedQoSs\000"
 1922      74656451 
 1922      6F537300 
ARM GAS  C:\Users\ddemidov\AppData\Local\Temp\ccVAAkHe.s 			page 39


 1923              	.LASF45:
 1924 0243 7061636B 		.ascii	"packetid\000"
 1924      65746964 
 1924      00
 1925              	.LASF43:
 1926 024c 4D515454 		.ascii	"MQTTSerialize_subscribe\000"
 1926      53657269 
 1926      616C697A 
 1926      655F7375 
 1926      62736372 
 1927              	.LASF62:
 1928 0264 72656164 		.ascii	"readChar\000"
 1928      43686172 
 1928      00
 1929              	.LASF9:
 1930 026d 73697A65 		.ascii	"sizetype\000"
 1930      74797065 
 1930      00
 1931              	.LASF61:
 1932 0276 77726974 		.ascii	"writeMQTTString\000"
 1932      654D5154 
 1932      54537472 
 1932      696E6700 
 1933              	.LASF41:
 1934 0286 746F7069 		.ascii	"topicFilters\000"
 1934      6346696C 
 1934      74657273 
 1934      00
 1935              	.LASF37:
 1936 0293 63737472 		.ascii	"cstring\000"
 1936      696E6700 
 1937              	.LASF29:
 1938 029b 44495343 		.ascii	"DISCONNECT\000"
 1938      4F4E4E45 
 1938      435400
 1939              	.LASF63:
 1940 02a6 4D515454 		.ascii	"MQTTPacket_decodeBuf\000"
 1940      5061636B 
 1940      65745F64 
 1940      65636F64 
 1940      65427566 
 1941              	.LASF42:
 1942 02bb 4D515454 		.ascii	"MQTTSerialize_subscribeLength\000"
 1942      53657269 
 1942      616C697A 
 1942      655F7375 
 1942      62736372 
 1943              	.LASF48:
 1944 02d9 4D515454 		.ascii	"MQTTDeserialize_suback\000"
 1944      44657365 
 1944      7269616C 
 1944      697A655F 
 1944      73756261 
 1945              	.LASF54:
 1946 02f0 6D796C65 		.ascii	"mylen\000"
 1946      6E00
 1947              	.LASF47:
ARM GAS  C:\Users\ddemidov\AppData\Local\Temp\ccVAAkHe.s 			page 40


 1948 02f6 72656D5F 		.ascii	"rem_len\000"
 1948      6C656E00 
 1949              	.LASF28:
 1950 02fe 50494E47 		.ascii	"PINGRESP\000"
 1950      52455350 
 1950      00
 1951              	.LASF16:
 1952 0307 434F4E4E 		.ascii	"CONNECT\000"
 1952      45435400 
 1953              	.LASF1:
 1954 030f 756E7369 		.ascii	"unsigned char\000"
 1954      676E6564 
 1954      20636861 
 1954      7200
 1955              	.LASF56:
 1956 031d 4D515454 		.ascii	"MQTTstrlen\000"
 1956      7374726C 
 1956      656E00
 1957              	.LASF2:
 1958 0328 73686F72 		.ascii	"short int\000"
 1958      7420696E 
 1958      7400
 1959              	.LASF18:
 1960 0332 5055424C 		.ascii	"PUBLISH\000"
 1960      49534800 
 1961              	.LASF44:
 1962 033a 6275666C 		.ascii	"buflen\000"
 1962      656E00
 1963              	.LASF55:
 1964 0341 65786974 		.ascii	"exit\000"
 1964      00
 1965              	.LASF67:
 1966 0346 433A5C55 		.ascii	"C:\\Users\\ddemidov\\Documents\\PSoC Creator\\BLE_F"
 1966      73657273 
 1966      5C646465 
 1966      6D69646F 
 1966      765C446F 
 1967 0374 696E644D 		.ascii	"indMe01\\SenseAbility.cydsn\000"
 1967      6530315C 
 1967      53656E73 
 1967      65416269 
 1967      6C697479 
 1968              	.LASF35:
 1969 038f 4D515454 		.ascii	"MQTTHeader\000"
 1969      48656164 
 1969      657200
 1970              	.LASF36:
 1971 039a 4D515454 		.ascii	"MQTTLenString\000"
 1971      4C656E53 
 1971      7472696E 
 1971      6700
 1972              	.LASF23:
 1973 03a8 53554253 		.ascii	"SUBSCRIBE\000"
 1973      43524942 
 1973      4500
 1974              	.LASF10:
 1975 03b2 63686172 		.ascii	"char\000"
ARM GAS  C:\Users\ddemidov\AppData\Local\Temp\ccVAAkHe.s 			page 41


 1975      00
 1976              	.LASF19:
 1977 03b7 50554241 		.ascii	"PUBACK\000"
 1977      434B00
 1978              	.LASF22:
 1979 03be 50554243 		.ascii	"PUBCOMP\000"
 1979      4F4D5000 
 1980              	.LASF59:
 1981 03c6 77726974 		.ascii	"writeChar\000"
 1981      65436861 
 1981      7200
 1982              	.LASF20:
 1983 03d0 50554252 		.ascii	"PUBREC\000"
 1983      454300
 1984              	.LASF21:
 1985 03d7 50554252 		.ascii	"PUBREL\000"
 1985      454C00
 1986              	.LASF27:
 1987 03de 50494E47 		.ascii	"PINGREQ\000"
 1987      52455100 
 1988              	.LASF52:
 1989 03e6 63757264 		.ascii	"curdata\000"
 1989      61746100 
 1990              	.LASF51:
 1991 03ee 68656164 		.ascii	"header\000"
 1991      657200
 1992              		.ident	"GCC: (GNU Tools for ARM Embedded Processors) 4.9.3 20150303 (release) [ARM/embedded-4_9-br
