ARM GAS  C:\Users\ddemidov\AppData\Local\Temp\ccmW2Aop.s 			page 1


   1              		.cpu cortex-m0
   2              		.fpu softvfp
   3              		.eabi_attribute 20, 1
   4              		.eabi_attribute 21, 1
   5              		.eabi_attribute 23, 3
   6              		.eabi_attribute 24, 1
   7              		.eabi_attribute 25, 1
   8              		.eabi_attribute 26, 1
   9              		.eabi_attribute 30, 4
  10              		.eabi_attribute 34, 0
  11              		.eabi_attribute 18, 4
  12              		.code	16
  13              		.file	"MQTTSubscribeServer.c"
  14              		.text
  15              	.Ltext0:
  16              		.cfi_sections	.debug_frame
  17              		.section	.text.MQTTDeserialize_subscribe,"ax",%progbits
  18              		.align	1
  19              		.global	MQTTDeserialize_subscribe
  20              		.code	16
  21              		.thumb_func
  22              		.type	MQTTDeserialize_subscribe, %function
  23              	MQTTDeserialize_subscribe:
  24              	.LFB0:
  25              		.file 1 "..\\acn-sdk-c\\src\\mqtt\\packet\\src\\MQTTSubscribeServer.c"
   1:..\acn-sdk-c\src\mqtt\packet\src/MQTTSubscribeServer.c **** /*******************************************************************************
   2:..\acn-sdk-c\src\mqtt\packet\src/MQTTSubscribeServer.c ****  * Copyright (c) 2014 IBM Corp.
   3:..\acn-sdk-c\src\mqtt\packet\src/MQTTSubscribeServer.c ****  *
   4:..\acn-sdk-c\src\mqtt\packet\src/MQTTSubscribeServer.c ****  * All rights reserved. This program and the accompanying materials
   5:..\acn-sdk-c\src\mqtt\packet\src/MQTTSubscribeServer.c ****  * are made available under the terms of the Eclipse Public License v1.0
   6:..\acn-sdk-c\src\mqtt\packet\src/MQTTSubscribeServer.c ****  * and Eclipse Distribution License v1.0 which accompany this distribution.
   7:..\acn-sdk-c\src\mqtt\packet\src/MQTTSubscribeServer.c ****  *
   8:..\acn-sdk-c\src\mqtt\packet\src/MQTTSubscribeServer.c ****  * The Eclipse Public License is available at
   9:..\acn-sdk-c\src\mqtt\packet\src/MQTTSubscribeServer.c ****  *    http://www.eclipse.org/legal/epl-v10.html
  10:..\acn-sdk-c\src\mqtt\packet\src/MQTTSubscribeServer.c ****  * and the Eclipse Distribution License is available at
  11:..\acn-sdk-c\src\mqtt\packet\src/MQTTSubscribeServer.c ****  *   http://www.eclipse.org/org/documents/edl-v10.php.
  12:..\acn-sdk-c\src\mqtt\packet\src/MQTTSubscribeServer.c ****  *
  13:..\acn-sdk-c\src\mqtt\packet\src/MQTTSubscribeServer.c ****  * Contributors:
  14:..\acn-sdk-c\src\mqtt\packet\src/MQTTSubscribeServer.c ****  *    Ian Craggs - initial API and implementation and/or initial documentation
  15:..\acn-sdk-c\src\mqtt\packet\src/MQTTSubscribeServer.c ****  *******************************************************************************/
  16:..\acn-sdk-c\src\mqtt\packet\src/MQTTSubscribeServer.c **** 
  17:..\acn-sdk-c\src\mqtt\packet\src/MQTTSubscribeServer.c **** #include "mqtt/packet/MQTTPacket.h"
  18:..\acn-sdk-c\src\mqtt\packet\src/MQTTSubscribeServer.c **** #include "mqtt/packet/StackTrace.h"
  19:..\acn-sdk-c\src\mqtt\packet\src/MQTTSubscribeServer.c **** 
  20:..\acn-sdk-c\src\mqtt\packet\src/MQTTSubscribeServer.c **** #include <string.h>
  21:..\acn-sdk-c\src\mqtt\packet\src/MQTTSubscribeServer.c **** 
  22:..\acn-sdk-c\src\mqtt\packet\src/MQTTSubscribeServer.c **** 
  23:..\acn-sdk-c\src\mqtt\packet\src/MQTTSubscribeServer.c **** /**
  24:..\acn-sdk-c\src\mqtt\packet\src/MQTTSubscribeServer.c ****   * Deserializes the supplied (wire) buffer into subscribe data
  25:..\acn-sdk-c\src\mqtt\packet\src/MQTTSubscribeServer.c ****   * @param dup integer returned - the MQTT dup flag
  26:..\acn-sdk-c\src\mqtt\packet\src/MQTTSubscribeServer.c ****   * @param packetid integer returned - the MQTT packet identifier
  27:..\acn-sdk-c\src\mqtt\packet\src/MQTTSubscribeServer.c ****   * @param maxcount - the maximum number of members allowed in the topicFilters and requestedQoSs a
  28:..\acn-sdk-c\src\mqtt\packet\src/MQTTSubscribeServer.c ****   * @param count - number of members in the topicFilters and requestedQoSs arrays
  29:..\acn-sdk-c\src\mqtt\packet\src/MQTTSubscribeServer.c ****   * @param topicFilters - array of topic filter names
  30:..\acn-sdk-c\src\mqtt\packet\src/MQTTSubscribeServer.c ****   * @param requestedQoSs - array of requested QoS
  31:..\acn-sdk-c\src\mqtt\packet\src/MQTTSubscribeServer.c ****   * @param buf the raw buffer data, of the correct length determined by the remaining length field
  32:..\acn-sdk-c\src\mqtt\packet\src/MQTTSubscribeServer.c ****   * @param buflen the length in bytes of the data in the supplied buffer
ARM GAS  C:\Users\ddemidov\AppData\Local\Temp\ccmW2Aop.s 			page 2


  33:..\acn-sdk-c\src\mqtt\packet\src/MQTTSubscribeServer.c ****   * @return the length of the serialized data.  <= 0 indicates error
  34:..\acn-sdk-c\src\mqtt\packet\src/MQTTSubscribeServer.c ****   */
  35:..\acn-sdk-c\src\mqtt\packet\src/MQTTSubscribeServer.c **** int MQTTDeserialize_subscribe(unsigned char* dup, unsigned short* packetid, int maxcount, int* coun
  36:..\acn-sdk-c\src\mqtt\packet\src/MQTTSubscribeServer.c **** 	int requestedQoSs[], unsigned char* buf, int buflen)
  37:..\acn-sdk-c\src\mqtt\packet\src/MQTTSubscribeServer.c **** {
  26              		.loc 1 37 0
  27              		.cfi_startproc
  28              	.LVL0:
  29 0000 F0B5     		push	{r4, r5, r6, r7, lr}
  30              		.cfi_def_cfa_offset 20
  31              		.cfi_offset 4, -20
  32              		.cfi_offset 5, -16
  33              		.cfi_offset 6, -12
  34              		.cfi_offset 7, -8
  35              		.cfi_offset 14, -4
  38:..\acn-sdk-c\src\mqtt\packet\src/MQTTSubscribeServer.c ****   SSP_PARAMETER_NOT_USED(maxcount);
  39:..\acn-sdk-c\src\mqtt\packet\src/MQTTSubscribeServer.c ****   SSP_PARAMETER_NOT_USED(buflen);
  40:..\acn-sdk-c\src\mqtt\packet\src/MQTTSubscribeServer.c **** 	MQTTHeader header = {0};
  41:..\acn-sdk-c\src\mqtt\packet\src/MQTTSubscribeServer.c **** 	unsigned char* curdata = buf;
  42:..\acn-sdk-c\src\mqtt\packet\src/MQTTSubscribeServer.c **** 	unsigned char* enddata = NULL;
  43:..\acn-sdk-c\src\mqtt\packet\src/MQTTSubscribeServer.c **** 	int rc = -1;
  44:..\acn-sdk-c\src\mqtt\packet\src/MQTTSubscribeServer.c **** 	int mylen = 0;
  36              		.loc 1 44 0
  37 0002 0027     		mov	r7, #0
  37:..\acn-sdk-c\src\mqtt\packet\src/MQTTSubscribeServer.c ****   SSP_PARAMETER_NOT_USED(maxcount);
  38              		.loc 1 37 0
  39 0004 85B0     		sub	sp, sp, #20
  40              		.cfi_def_cfa_offset 40
  37:..\acn-sdk-c\src\mqtt\packet\src/MQTTSubscribeServer.c ****   SSP_PARAMETER_NOT_USED(maxcount);
  41              		.loc 1 37 0
  42 0006 1D1C     		mov	r5, r3
  41:..\acn-sdk-c\src\mqtt\packet\src/MQTTSubscribeServer.c **** 	unsigned char* enddata = NULL;
  43              		.loc 1 41 0
  44 0008 0C9B     		ldr	r3, [sp, #48]
  45              	.LVL1:
  37:..\acn-sdk-c\src\mqtt\packet\src/MQTTSubscribeServer.c ****   SSP_PARAMETER_NOT_USED(maxcount);
  46              		.loc 1 37 0
  47 000a 041C     		mov	r4, r0
  45:..\acn-sdk-c\src\mqtt\packet\src/MQTTSubscribeServer.c **** 
  46:..\acn-sdk-c\src\mqtt\packet\src/MQTTSubscribeServer.c **** 	FUNC_ENTRY;
  47:..\acn-sdk-c\src\mqtt\packet\src/MQTTSubscribeServer.c **** 	header.byte = readChar(&curdata);
  48              		.loc 1 47 0
  49 000c 02A8     		add	r0, sp, #8
  50              	.LVL2:
  41:..\acn-sdk-c\src\mqtt\packet\src/MQTTSubscribeServer.c **** 	unsigned char* enddata = NULL;
  51              		.loc 1 41 0
  52 000e 0293     		str	r3, [sp, #8]
  53              	.LVL3:
  37:..\acn-sdk-c\src\mqtt\packet\src/MQTTSubscribeServer.c ****   SSP_PARAMETER_NOT_USED(maxcount);
  54              		.loc 1 37 0
  55 0010 0191     		str	r1, [sp, #4]
  44:..\acn-sdk-c\src\mqtt\packet\src/MQTTSubscribeServer.c **** 
  56              		.loc 1 44 0
  57 0012 0397     		str	r7, [sp, #12]
  58              		.loc 1 47 0
  59 0014 FFF7FEFF 		bl	readChar
  60              	.LVL4:
ARM GAS  C:\Users\ddemidov\AppData\Local\Temp\ccmW2Aop.s 			page 3


  48:..\acn-sdk-c\src\mqtt\packet\src/MQTTSubscribeServer.c **** 	if (header.bits.type != SUBSCRIBE)
  61              		.loc 1 48 0
  62 0018 F023     		mov	r3, #240
  63 001a 0340     		and	r3, r0
  64 001c 802B     		cmp	r3, #128
  65 001e 31D1     		bne	.L5
  49:..\acn-sdk-c\src\mqtt\packet\src/MQTTSubscribeServer.c **** 		goto exit;
  50:..\acn-sdk-c\src\mqtt\packet\src/MQTTSubscribeServer.c **** 	*dup = header.bits.dup;
  66              		.loc 1 50 0
  67 0020 0007     		lsl	r0, r0, #28
  68 0022 C00F     		lsr	r0, r0, #31
  69 0024 2070     		strb	r0, [r4]
  51:..\acn-sdk-c\src\mqtt\packet\src/MQTTSubscribeServer.c **** 
  52:..\acn-sdk-c\src\mqtt\packet\src/MQTTSubscribeServer.c **** 	curdata += (rc = MQTTPacket_decodeBuf(curdata, &mylen)); /* read remaining length */
  70              		.loc 1 52 0
  71 0026 03A9     		add	r1, sp, #12
  72 0028 0298     		ldr	r0, [sp, #8]
  73 002a FFF7FEFF 		bl	MQTTPacket_decodeBuf
  74              	.LVL5:
  75 002e 029B     		ldr	r3, [sp, #8]
  76 0030 061C     		mov	r6, r0
  77              	.LVL6:
  78 0032 1C18     		add	r4, r3, r0
  79              	.LVL7:
  53:..\acn-sdk-c\src\mqtt\packet\src/MQTTSubscribeServer.c **** 	enddata = curdata + mylen;
  80              		.loc 1 53 0
  81 0034 039B     		ldr	r3, [sp, #12]
  54:..\acn-sdk-c\src\mqtt\packet\src/MQTTSubscribeServer.c **** 
  55:..\acn-sdk-c\src\mqtt\packet\src/MQTTSubscribeServer.c **** 	*packetid = readInt(&curdata);
  82              		.loc 1 55 0
  83 0036 02A8     		add	r0, sp, #8
  84              	.LVL8:
  52:..\acn-sdk-c\src\mqtt\packet\src/MQTTSubscribeServer.c **** 	enddata = curdata + mylen;
  85              		.loc 1 52 0
  86 0038 0294     		str	r4, [sp, #8]
  53:..\acn-sdk-c\src\mqtt\packet\src/MQTTSubscribeServer.c **** 	enddata = curdata + mylen;
  87              		.loc 1 53 0
  88 003a E418     		add	r4, r4, r3
  89              	.LVL9:
  90              		.loc 1 55 0
  91 003c FFF7FEFF 		bl	readInt
  92              	.LVL10:
  93 0040 019B     		ldr	r3, [sp, #4]
  94 0042 1880     		strh	r0, [r3]
  56:..\acn-sdk-c\src\mqtt\packet\src/MQTTSubscribeServer.c **** 
  57:..\acn-sdk-c\src\mqtt\packet\src/MQTTSubscribeServer.c **** 	*count = 0;
  95              		.loc 1 57 0
  96 0044 2F60     		str	r7, [r5]
  97              	.L3:
  58:..\acn-sdk-c\src\mqtt\packet\src/MQTTSubscribeServer.c **** 	while (curdata < enddata)
  98              		.loc 1 58 0
  99 0046 029B     		ldr	r3, [sp, #8]
 100 0048 A342     		cmp	r3, r4
 101 004a 19D2     		bcs	.L10
  59:..\acn-sdk-c\src\mqtt\packet\src/MQTTSubscribeServer.c **** 	{
  60:..\acn-sdk-c\src\mqtt\packet\src/MQTTSubscribeServer.c **** 		if (!readMQTTLenString(&topicFilters[*count], &curdata, enddata))
 102              		.loc 1 60 0
ARM GAS  C:\Users\ddemidov\AppData\Local\Temp\ccmW2Aop.s 			page 4


 103 004c 0C20     		mov	r0, #12
 104 004e 2B68     		ldr	r3, [r5]
 105 0050 02A9     		add	r1, sp, #8
 106 0052 5843     		mul	r0, r3
 107 0054 0A9B     		ldr	r3, [sp, #40]
 108 0056 221C     		mov	r2, r4
 109 0058 1818     		add	r0, r3, r0
 110 005a FFF7FEFF 		bl	readMQTTLenString
 111              	.LVL11:
 112 005e 0028     		cmp	r0, #0
 113 0060 12D0     		beq	.L2
  61:..\acn-sdk-c\src\mqtt\packet\src/MQTTSubscribeServer.c **** 			goto exit;
  62:..\acn-sdk-c\src\mqtt\packet\src/MQTTSubscribeServer.c **** 		if (curdata >= enddata) /* do we have enough data to read the req_qos version byte? */
 114              		.loc 1 62 0
 115 0062 029B     		ldr	r3, [sp, #8]
 116 0064 A342     		cmp	r3, r4
 117 0066 0FD2     		bcs	.L2
  63:..\acn-sdk-c\src\mqtt\packet\src/MQTTSubscribeServer.c **** 			goto exit;
  64:..\acn-sdk-c\src\mqtt\packet\src/MQTTSubscribeServer.c **** 		requestedQoSs[*count] = readChar(&curdata);
 118              		.loc 1 64 0
 119 0068 2B68     		ldr	r3, [r5]
 120 006a 02A8     		add	r0, sp, #8
 121 006c 9F00     		lsl	r7, r3, #2
 122 006e 0B9B     		ldr	r3, [sp, #44]
 123 0070 DF19     		add	r7, r3, r7
 124 0072 FFF7FEFF 		bl	readChar
 125              	.LVL12:
 126 0076 3860     		str	r0, [r7]
  65:..\acn-sdk-c\src\mqtt\packet\src/MQTTSubscribeServer.c **** 		(*count)++;
 127              		.loc 1 65 0
 128 0078 2B68     		ldr	r3, [r5]
 129 007a 0133     		add	r3, r3, #1
 130 007c 2B60     		str	r3, [r5]
 131 007e E2E7     		b	.L3
 132              	.L10:
  66:..\acn-sdk-c\src\mqtt\packet\src/MQTTSubscribeServer.c **** 	}
  67:..\acn-sdk-c\src\mqtt\packet\src/MQTTSubscribeServer.c **** 
  68:..\acn-sdk-c\src\mqtt\packet\src/MQTTSubscribeServer.c **** 	rc = 1;
 133              		.loc 1 68 0
 134 0080 0126     		mov	r6, #1
 135              	.LVL13:
 136 0082 01E0     		b	.L2
 137              	.LVL14:
 138              	.L5:
  43:..\acn-sdk-c\src\mqtt\packet\src/MQTTSubscribeServer.c **** 	int mylen = 0;
 139              		.loc 1 43 0
 140 0084 0126     		mov	r6, #1
 141 0086 7642     		neg	r6, r6
 142              	.LVL15:
 143              	.L2:
  69:..\acn-sdk-c\src\mqtt\packet\src/MQTTSubscribeServer.c **** exit:
  70:..\acn-sdk-c\src\mqtt\packet\src/MQTTSubscribeServer.c **** 	FUNC_EXIT_RC(rc);
  71:..\acn-sdk-c\src\mqtt\packet\src/MQTTSubscribeServer.c **** 	return rc;
  72:..\acn-sdk-c\src\mqtt\packet\src/MQTTSubscribeServer.c **** }
 144              		.loc 1 72 0
 145 0088 301C     		mov	r0, r6
 146 008a 05B0     		add	sp, sp, #20
ARM GAS  C:\Users\ddemidov\AppData\Local\Temp\ccmW2Aop.s 			page 5


 147              		@ sp needed
 148              	.LVL16:
 149              	.LVL17:
 150 008c F0BD     		pop	{r4, r5, r6, r7, pc}
 151              		.cfi_endproc
 152              	.LFE0:
 153              		.size	MQTTDeserialize_subscribe, .-MQTTDeserialize_subscribe
 154              		.section	.text.MQTTSerialize_suback,"ax",%progbits
 155              		.align	1
 156              		.global	MQTTSerialize_suback
 157              		.code	16
 158              		.thumb_func
 159              		.type	MQTTSerialize_suback, %function
 160              	MQTTSerialize_suback:
 161              	.LFB1:
  73:..\acn-sdk-c\src\mqtt\packet\src/MQTTSubscribeServer.c **** 
  74:..\acn-sdk-c\src\mqtt\packet\src/MQTTSubscribeServer.c **** 
  75:..\acn-sdk-c\src\mqtt\packet\src/MQTTSubscribeServer.c **** /**
  76:..\acn-sdk-c\src\mqtt\packet\src/MQTTSubscribeServer.c ****   * Serializes the supplied suback data into the supplied buffer, ready for sending
  77:..\acn-sdk-c\src\mqtt\packet\src/MQTTSubscribeServer.c ****   * @param buf the buffer into which the packet will be serialized
  78:..\acn-sdk-c\src\mqtt\packet\src/MQTTSubscribeServer.c ****   * @param buflen the length in bytes of the supplied buffer
  79:..\acn-sdk-c\src\mqtt\packet\src/MQTTSubscribeServer.c ****   * @param packetid integer - the MQTT packet identifier
  80:..\acn-sdk-c\src\mqtt\packet\src/MQTTSubscribeServer.c ****   * @param count - number of members in the grantedQoSs array
  81:..\acn-sdk-c\src\mqtt\packet\src/MQTTSubscribeServer.c ****   * @param grantedQoSs - array of granted QoS
  82:..\acn-sdk-c\src\mqtt\packet\src/MQTTSubscribeServer.c ****   * @return the length of the serialized data.  <= 0 indicates error
  83:..\acn-sdk-c\src\mqtt\packet\src/MQTTSubscribeServer.c ****   */
  84:..\acn-sdk-c\src\mqtt\packet\src/MQTTSubscribeServer.c **** int MQTTSerialize_suback(unsigned char* buf, int buflen, unsigned short packetid, int count, int* g
  85:..\acn-sdk-c\src\mqtt\packet\src/MQTTSubscribeServer.c **** {
 162              		.loc 1 85 0
 163              		.cfi_startproc
 164              	.LVL18:
 165 0000 73B5     		push	{r0, r1, r4, r5, r6, lr}
 166              		.cfi_def_cfa_offset 24
 167              		.cfi_offset 0, -24
 168              		.cfi_offset 1, -20
 169              		.cfi_offset 4, -16
 170              		.cfi_offset 5, -12
 171              		.cfi_offset 6, -8
 172              		.cfi_offset 14, -4
  86:..\acn-sdk-c\src\mqtt\packet\src/MQTTSubscribeServer.c **** 	MQTTHeader header = {0};
  87:..\acn-sdk-c\src\mqtt\packet\src/MQTTSubscribeServer.c **** 	int rc = -1;
  88:..\acn-sdk-c\src\mqtt\packet\src/MQTTSubscribeServer.c **** 	unsigned char *ptr = buf;
  89:..\acn-sdk-c\src\mqtt\packet\src/MQTTSubscribeServer.c **** 	int i;
  90:..\acn-sdk-c\src\mqtt\packet\src/MQTTSubscribeServer.c **** 
  91:..\acn-sdk-c\src\mqtt\packet\src/MQTTSubscribeServer.c **** 	FUNC_ENTRY;
  92:..\acn-sdk-c\src\mqtt\packet\src/MQTTSubscribeServer.c **** 	if (buflen < 2 + count)
 173              		.loc 1 92 0
 174 0002 5C1C     		add	r4, r3, #1
  88:..\acn-sdk-c\src\mqtt\packet\src/MQTTSubscribeServer.c **** 	int i;
 175              		.loc 1 88 0
 176 0004 0190     		str	r0, [sp, #4]
 177              		.loc 1 92 0
 178 0006 8C42     		cmp	r4, r1
 179 0008 20DA     		bge	.L15
 180 000a 1C1C     		mov	r4, r3
  93:..\acn-sdk-c\src\mqtt\packet\src/MQTTSubscribeServer.c **** 	{
  94:..\acn-sdk-c\src\mqtt\packet\src/MQTTSubscribeServer.c **** 		rc = MQTTPACKET_BUFFER_TOO_SHORT;
ARM GAS  C:\Users\ddemidov\AppData\Local\Temp\ccmW2Aop.s 			page 6


  95:..\acn-sdk-c\src\mqtt\packet\src/MQTTSubscribeServer.c **** 		goto exit;
  96:..\acn-sdk-c\src\mqtt\packet\src/MQTTSubscribeServer.c **** 	}
  97:..\acn-sdk-c\src\mqtt\packet\src/MQTTSubscribeServer.c **** 	header.byte = 0;
  98:..\acn-sdk-c\src\mqtt\packet\src/MQTTSubscribeServer.c **** 	header.bits.type = SUBACK;
  99:..\acn-sdk-c\src\mqtt\packet\src/MQTTSubscribeServer.c **** 	writeChar(&ptr, header.byte); /* write header */
 181              		.loc 1 99 0
 182 000c 9021     		mov	r1, #144
 183              	.LVL19:
 184 000e 051C     		mov	r5, r0
 185 0010 01A8     		add	r0, sp, #4
 186              	.LVL20:
 187 0012 161C     		mov	r6, r2
 188 0014 FFF7FEFF 		bl	writeChar
 189              	.LVL21:
 100:..\acn-sdk-c\src\mqtt\packet\src/MQTTSubscribeServer.c **** 
 101:..\acn-sdk-c\src\mqtt\packet\src/MQTTSubscribeServer.c **** 	ptr += MQTTPacket_encode(ptr, 2 + count); /* write remaining length */
 190              		.loc 1 101 0
 191 0018 A11C     		add	r1, r4, #2
 192 001a 0198     		ldr	r0, [sp, #4]
 193 001c FFF7FEFF 		bl	MQTTPacket_encode
 194              	.LVL22:
 195 0020 019B     		ldr	r3, [sp, #4]
 102:..\acn-sdk-c\src\mqtt\packet\src/MQTTSubscribeServer.c **** 
 103:..\acn-sdk-c\src\mqtt\packet\src/MQTTSubscribeServer.c **** 	writeInt(&ptr, packetid);
 196              		.loc 1 103 0
 197 0022 311C     		mov	r1, r6
 101:..\acn-sdk-c\src\mqtt\packet\src/MQTTSubscribeServer.c **** 
 198              		.loc 1 101 0
 199 0024 1818     		add	r0, r3, r0
 200 0026 0190     		str	r0, [sp, #4]
 201              		.loc 1 103 0
 202 0028 01A8     		add	r0, sp, #4
 203 002a FFF7FEFF 		bl	writeInt
 204              	.LVL23:
 104:..\acn-sdk-c\src\mqtt\packet\src/MQTTSubscribeServer.c **** 
 105:..\acn-sdk-c\src\mqtt\packet\src/MQTTSubscribeServer.c **** 	for (i = 0; i < count; ++i)
 205              		.loc 1 105 0
 206 002e 0026     		mov	r6, #0
 207              	.LVL24:
 208              	.L13:
 209              		.loc 1 105 0 is_stmt 0 discriminator 1
 210 0030 A642     		cmp	r6, r4
 211 0032 08DA     		bge	.L16
 106:..\acn-sdk-c\src\mqtt\packet\src/MQTTSubscribeServer.c **** 		writeChar(&ptr, grantedQoSs[i]);
 212              		.loc 1 106 0 is_stmt 1 discriminator 3
 213 0034 069A     		ldr	r2, [sp, #24]
 214 0036 B300     		lsl	r3, r6, #2
 215 0038 D158     		ldr	r1, [r2, r3]
 216 003a 01A8     		add	r0, sp, #4
 217 003c C9B2     		uxtb	r1, r1
 218 003e FFF7FEFF 		bl	writeChar
 219              	.LVL25:
 105:..\acn-sdk-c\src\mqtt\packet\src/MQTTSubscribeServer.c **** 		writeChar(&ptr, grantedQoSs[i]);
 220              		.loc 1 105 0 discriminator 3
 221 0042 0136     		add	r6, r6, #1
 222              	.LVL26:
 223 0044 F4E7     		b	.L13
ARM GAS  C:\Users\ddemidov\AppData\Local\Temp\ccmW2Aop.s 			page 7


 224              	.L16:
 107:..\acn-sdk-c\src\mqtt\packet\src/MQTTSubscribeServer.c **** 
 108:..\acn-sdk-c\src\mqtt\packet\src/MQTTSubscribeServer.c **** 	rc = ptr - buf;
 225              		.loc 1 108 0
 226 0046 019B     		ldr	r3, [sp, #4]
 227 0048 581B     		sub	r0, r3, r5
 228              	.LVL27:
 229 004a 01E0     		b	.L12
 230              	.LVL28:
 231              	.L15:
  94:..\acn-sdk-c\src\mqtt\packet\src/MQTTSubscribeServer.c **** 		goto exit;
 232              		.loc 1 94 0
 233 004c 0220     		mov	r0, #2
 234              	.LVL29:
 235 004e 4042     		neg	r0, r0
 236              	.LVL30:
 237              	.L12:
 109:..\acn-sdk-c\src\mqtt\packet\src/MQTTSubscribeServer.c **** exit:
 110:..\acn-sdk-c\src\mqtt\packet\src/MQTTSubscribeServer.c **** 	FUNC_EXIT_RC(rc);
 111:..\acn-sdk-c\src\mqtt\packet\src/MQTTSubscribeServer.c **** 	return rc;
 112:..\acn-sdk-c\src\mqtt\packet\src/MQTTSubscribeServer.c **** }
 238              		.loc 1 112 0
 239              		@ sp needed
 240 0050 76BD     		pop	{r1, r2, r4, r5, r6, pc}
 241              		.cfi_endproc
 242              	.LFE1:
 243              		.size	MQTTSerialize_suback, .-MQTTSerialize_suback
 244              		.text
 245              	.Letext0:
 246              		.file 2 "..\\acn-sdk-c\\include/mqtt/packet/MQTTPacket.h"
 247              		.section	.debug_info,"",%progbits
 248              	.Ldebug_info0:
 249 0000 C4040000 		.4byte	0x4c4
 250 0004 0400     		.2byte	0x4
 251 0006 00000000 		.4byte	.Ldebug_abbrev0
 252 000a 04       		.byte	0x4
 253 000b 01       		.uleb128 0x1
 254 000c 22000000 		.4byte	.LASF59
 255 0010 01       		.byte	0x1
 256 0011 6A030000 		.4byte	.LASF60
 257 0015 BF020000 		.4byte	.LASF61
 258 0019 00000000 		.4byte	.Ldebug_ranges0+0
 259 001d 00000000 		.4byte	0
 260 0021 00000000 		.4byte	.Ldebug_line0
 261 0025 02       		.uleb128 0x2
 262 0026 BD010000 		.4byte	.LASF3
 263 002a 01       		.byte	0x1
 264 002b 02       		.byte	0x2
 265 002c 2A       		.byte	0x2a
 266 002d 44000000 		.4byte	0x44
 267 0031 03       		.uleb128 0x3
 268 0032 00000000 		.4byte	.LASF0
 269 0036 7E       		.sleb128 -2
 270 0037 03       		.uleb128 0x3
 271 0038 17010000 		.4byte	.LASF1
 272 003c 7F       		.sleb128 -1
 273 003d 03       		.uleb128 0x3
ARM GAS  C:\Users\ddemidov\AppData\Local\Temp\ccmW2Aop.s 			page 8


 274 003e F6010000 		.4byte	.LASF2
 275 0042 00       		.sleb128 0
 276 0043 00       		.byte	0
 277 0044 02       		.uleb128 0x2
 278 0045 8A010000 		.4byte	.LASF4
 279 0049 01       		.byte	0x1
 280 004a 02       		.byte	0x2
 281 004b 31       		.byte	0x31
 282 004c A5000000 		.4byte	0xa5
 283 0050 03       		.uleb128 0x3
 284 0051 8B020000 		.4byte	.LASF5
 285 0055 01       		.sleb128 1
 286 0056 03       		.uleb128 0x3
 287 0057 B5010000 		.4byte	.LASF6
 288 005b 02       		.sleb128 2
 289 005c 03       		.uleb128 0x3
 290 005d AB020000 		.4byte	.LASF7
 291 0061 03       		.sleb128 3
 292 0062 03       		.uleb128 0x3
 293 0063 30030000 		.4byte	.LASF8
 294 0067 04       		.sleb128 4
 295 0068 03       		.uleb128 0x3
 296 0069 63030000 		.4byte	.LASF9
 297 006d 05       		.sleb128 5
 298 006e 03       		.uleb128 0x3
 299 006f A1030000 		.4byte	.LASF10
 300 0073 06       		.sleb128 6
 301 0074 03       		.uleb128 0x3
 302 0075 37030000 		.4byte	.LASF11
 303 0079 07       		.sleb128 7
 304 007a 03       		.uleb128 0x3
 305 007b 21030000 		.4byte	.LASF12
 306 007f 08       		.sleb128 8
 307 0080 03       		.uleb128 0x3
 308 0081 0F020000 		.4byte	.LASF13
 309 0085 09       		.sleb128 9
 310 0086 03       		.uleb128 0x3
 311 0087 67010000 		.4byte	.LASF14
 312 008b 0A       		.sleb128 10
 313 008c 03       		.uleb128 0x3
 314 008d DD000000 		.4byte	.LASF15
 315 0091 0B       		.sleb128 11
 316 0092 03       		.uleb128 0x3
 317 0093 A8030000 		.4byte	.LASF16
 318 0097 0C       		.sleb128 12
 319 0098 03       		.uleb128 0x3
 320 0099 82020000 		.4byte	.LASF17
 321 009d 0D       		.sleb128 13
 322 009e 03       		.uleb128 0x3
 323 009f 54020000 		.4byte	.LASF18
 324 00a3 0E       		.sleb128 14
 325 00a4 00       		.byte	0
 326 00a5 04       		.uleb128 0x4
 327 00a6 04       		.byte	0x4
 328 00a7 02       		.byte	0x2
 329 00a8 47       		.byte	0x47
 330 00a9 EA000000 		.4byte	0xea
ARM GAS  C:\Users\ddemidov\AppData\Local\Temp\ccmW2Aop.s 			page 9


 331 00ad 05       		.uleb128 0x5
 332 00ae E6000000 		.4byte	.LASF19
 333 00b2 02       		.byte	0x2
 334 00b3 49       		.byte	0x49
 335 00b4 EA000000 		.4byte	0xea
 336 00b8 04       		.byte	0x4
 337 00b9 01       		.byte	0x1
 338 00ba 1F       		.byte	0x1f
 339 00bb 00       		.byte	0
 340 00bc 06       		.uleb128 0x6
 341 00bd 716F7300 		.ascii	"qos\000"
 342 00c1 02       		.byte	0x2
 343 00c2 4A       		.byte	0x4a
 344 00c3 EA000000 		.4byte	0xea
 345 00c7 04       		.byte	0x4
 346 00c8 02       		.byte	0x2
 347 00c9 1D       		.byte	0x1d
 348 00ca 00       		.byte	0
 349 00cb 06       		.uleb128 0x6
 350 00cc 64757000 		.ascii	"dup\000"
 351 00d0 02       		.byte	0x2
 352 00d1 4B       		.byte	0x4b
 353 00d2 EA000000 		.4byte	0xea
 354 00d6 04       		.byte	0x4
 355 00d7 01       		.byte	0x1
 356 00d8 1C       		.byte	0x1c
 357 00d9 00       		.byte	0
 358 00da 05       		.uleb128 0x5
 359 00db C6000000 		.4byte	.LASF20
 360 00df 02       		.byte	0x2
 361 00e0 4C       		.byte	0x4c
 362 00e1 EA000000 		.4byte	0xea
 363 00e5 04       		.byte	0x4
 364 00e6 04       		.byte	0x4
 365 00e7 18       		.byte	0x18
 366 00e8 00       		.byte	0
 367 00e9 00       		.byte	0
 368 00ea 07       		.uleb128 0x7
 369 00eb 04       		.byte	0x4
 370 00ec 07       		.byte	0x7
 371 00ed 93010000 		.4byte	.LASF23
 372 00f1 08       		.uleb128 0x8
 373 00f2 04       		.byte	0x4
 374 00f3 02       		.byte	0x2
 375 00f4 3B       		.byte	0x3b
 376 00f5 10010000 		.4byte	0x110
 377 00f9 09       		.uleb128 0x9
 378 00fa 73010000 		.4byte	.LASF21
 379 00fe 02       		.byte	0x2
 380 00ff 3D       		.byte	0x3d
 381 0100 10010000 		.4byte	0x110
 382 0104 09       		.uleb128 0x9
 383 0105 50010000 		.4byte	.LASF22
 384 0109 02       		.byte	0x2
 385 010a 4D       		.byte	0x4d
 386 010b A5000000 		.4byte	0xa5
 387 010f 00       		.byte	0
ARM GAS  C:\Users\ddemidov\AppData\Local\Temp\ccmW2Aop.s 			page 10


 388 0110 07       		.uleb128 0x7
 389 0111 01       		.byte	0x1
 390 0112 08       		.byte	0x8
 391 0113 93020000 		.4byte	.LASF24
 392 0117 0A       		.uleb128 0xa
 393 0118 08030000 		.4byte	.LASF27
 394 011c 02       		.byte	0x2
 395 011d 4F       		.byte	0x4f
 396 011e F1000000 		.4byte	0xf1
 397 0122 04       		.uleb128 0x4
 398 0123 08       		.byte	0x8
 399 0124 02       		.byte	0x2
 400 0125 51       		.byte	0x51
 401 0126 43010000 		.4byte	0x143
 402 012a 0B       		.uleb128 0xb
 403 012b 6C656E00 		.ascii	"len\000"
 404 012f 02       		.byte	0x2
 405 0130 53       		.byte	0x53
 406 0131 43010000 		.4byte	0x143
 407 0135 00       		.byte	0
 408 0136 0C       		.uleb128 0xc
 409 0137 DE010000 		.4byte	.LASF25
 410 013b 02       		.byte	0x2
 411 013c 54       		.byte	0x54
 412 013d 4A010000 		.4byte	0x14a
 413 0141 04       		.byte	0x4
 414 0142 00       		.byte	0
 415 0143 0D       		.uleb128 0xd
 416 0144 04       		.byte	0x4
 417 0145 05       		.byte	0x5
 418 0146 696E7400 		.ascii	"int\000"
 419 014a 0E       		.uleb128 0xe
 420 014b 04       		.byte	0x4
 421 014c 50010000 		.4byte	0x150
 422 0150 07       		.uleb128 0x7
 423 0151 01       		.byte	0x1
 424 0152 08       		.byte	0x8
 425 0153 2B030000 		.4byte	.LASF26
 426 0157 0A       		.uleb128 0xa
 427 0158 13030000 		.4byte	.LASF28
 428 015c 02       		.byte	0x2
 429 015d 55       		.byte	0x55
 430 015e 22010000 		.4byte	0x122
 431 0162 04       		.uleb128 0x4
 432 0163 0C       		.byte	0xc
 433 0164 02       		.byte	0x2
 434 0165 57       		.byte	0x57
 435 0166 83010000 		.4byte	0x183
 436 016a 0C       		.uleb128 0xc
 437 016b 4C020000 		.4byte	.LASF29
 438 016f 02       		.byte	0x2
 439 0170 59       		.byte	0x59
 440 0171 4A010000 		.4byte	0x14a
 441 0175 00       		.byte	0
 442 0176 0C       		.uleb128 0xc
 443 0177 ED000000 		.4byte	.LASF30
 444 017b 02       		.byte	0x2
ARM GAS  C:\Users\ddemidov\AppData\Local\Temp\ccmW2Aop.s 			page 11


 445 017c 5A       		.byte	0x5a
 446 017d 57010000 		.4byte	0x157
 447 0181 04       		.byte	0x4
 448 0182 00       		.byte	0
 449 0183 0A       		.uleb128 0xa
 450 0184 16020000 		.4byte	.LASF31
 451 0188 02       		.byte	0x2
 452 0189 5B       		.byte	0x5b
 453 018a 62010000 		.4byte	0x162
 454 018e 0E       		.uleb128 0xe
 455 018f 04       		.byte	0x4
 456 0190 10010000 		.4byte	0x110
 457 0194 07       		.uleb128 0x7
 458 0195 01       		.byte	0x1
 459 0196 06       		.byte	0x6
 460 0197 3B010000 		.4byte	.LASF32
 461 019b 07       		.uleb128 0x7
 462 019c 02       		.byte	0x2
 463 019d 05       		.byte	0x5
 464 019e A1020000 		.4byte	.LASF33
 465 01a2 07       		.uleb128 0x7
 466 01a3 02       		.byte	0x2
 467 01a4 07       		.byte	0x7
 468 01a5 E3010000 		.4byte	.LASF34
 469 01a9 07       		.uleb128 0x7
 470 01aa 04       		.byte	0x4
 471 01ab 05       		.byte	0x5
 472 01ac 55010000 		.4byte	.LASF35
 473 01b0 07       		.uleb128 0x7
 474 01b1 04       		.byte	0x4
 475 01b2 07       		.byte	0x7
 476 01b3 C4010000 		.4byte	.LASF36
 477 01b7 07       		.uleb128 0x7
 478 01b8 08       		.byte	0x8
 479 01b9 05       		.byte	0x5
 480 01ba 2D010000 		.4byte	.LASF37
 481 01be 07       		.uleb128 0x7
 482 01bf 08       		.byte	0x8
 483 01c0 07       		.byte	0x7
 484 01c1 F7000000 		.4byte	.LASF38
 485 01c5 07       		.uleb128 0x7
 486 01c6 04       		.byte	0x4
 487 01c7 07       		.byte	0x7
 488 01c8 36020000 		.4byte	.LASF39
 489 01cc 0F       		.uleb128 0xf
 490 01cd 3F030000 		.4byte	.LASF49
 491 01d1 01       		.byte	0x1
 492 01d2 23       		.byte	0x23
 493 01d3 43010000 		.4byte	0x143
 494 01d7 00000000 		.4byte	.LFB0
 495 01db 8E000000 		.4byte	.LFE0-.LFB0
 496 01df 01       		.uleb128 0x1
 497 01e0 9C       		.byte	0x9c
 498 01e1 0F030000 		.4byte	0x30f
 499 01e5 10       		.uleb128 0x10
 500 01e6 64757000 		.ascii	"dup\000"
 501 01ea 01       		.byte	0x1
ARM GAS  C:\Users\ddemidov\AppData\Local\Temp\ccmW2Aop.s 			page 12


 502 01eb 23       		.byte	0x23
 503 01ec 8E010000 		.4byte	0x18e
 504 01f0 00000000 		.4byte	.LLST0
 505 01f4 11       		.uleb128 0x11
 506 01f5 2D020000 		.4byte	.LASF40
 507 01f9 01       		.byte	0x1
 508 01fa 23       		.byte	0x23
 509 01fb 0F030000 		.4byte	0x30f
 510 01ff 45000000 		.4byte	.LLST1
 511 0203 11       		.uleb128 0x11
 512 0204 0E010000 		.4byte	.LASF41
 513 0208 01       		.byte	0x1
 514 0209 23       		.byte	0x23
 515 020a 43010000 		.4byte	0x143
 516 020e 64000000 		.4byte	.LLST2
 517 0212 11       		.uleb128 0x11
 518 0213 1C000000 		.4byte	.LASF42
 519 0217 01       		.byte	0x1
 520 0218 23       		.byte	0x23
 521 0219 15030000 		.4byte	0x315
 522 021d 85000000 		.4byte	.LLST3
 523 0221 12       		.uleb128 0x12
 524 0222 3F020000 		.4byte	.LASF43
 525 0226 01       		.byte	0x1
 526 0227 23       		.byte	0x23
 527 0228 1B030000 		.4byte	0x31b
 528 022c 02       		.uleb128 0x2
 529 022d 91       		.byte	0x91
 530 022e 00       		.sleb128 0
 531 022f 12       		.uleb128 0x12
 532 0230 B0000000 		.4byte	.LASF44
 533 0234 01       		.byte	0x1
 534 0235 24       		.byte	0x24
 535 0236 15030000 		.4byte	0x315
 536 023a 02       		.uleb128 0x2
 537 023b 91       		.byte	0x91
 538 023c 04       		.sleb128 4
 539 023d 13       		.uleb128 0x13
 540 023e 62756600 		.ascii	"buf\000"
 541 0242 01       		.byte	0x1
 542 0243 24       		.byte	0x24
 543 0244 8E010000 		.4byte	0x18e
 544 0248 02       		.uleb128 0x2
 545 0249 91       		.byte	0x91
 546 024a 08       		.sleb128 8
 547 024b 12       		.uleb128 0x12
 548 024c B3020000 		.4byte	.LASF45
 549 0250 01       		.byte	0x1
 550 0251 24       		.byte	0x24
 551 0252 43010000 		.4byte	0x143
 552 0256 02       		.uleb128 0x2
 553 0257 91       		.byte	0x91
 554 0258 0C       		.sleb128 12
 555 0259 14       		.uleb128 0x14
 556 025a B0030000 		.4byte	.LASF52
 557 025e 01       		.byte	0x1
 558 025f 28       		.byte	0x28
ARM GAS  C:\Users\ddemidov\AppData\Local\Temp\ccmW2Aop.s 			page 13


 559 0260 17010000 		.4byte	0x117
 560 0264 15       		.uleb128 0x15
 561 0265 74020000 		.4byte	.LASF46
 562 0269 01       		.byte	0x1
 563 026a 29       		.byte	0x29
 564 026b 8E010000 		.4byte	0x18e
 565 026f 02       		.uleb128 0x2
 566 0270 91       		.byte	0x91
 567 0271 60       		.sleb128 -32
 568 0272 16       		.uleb128 0x16
 569 0273 D6010000 		.4byte	.LASF47
 570 0277 01       		.byte	0x1
 571 0278 2A       		.byte	0x2a
 572 0279 8E010000 		.4byte	0x18e
 573 027d B1000000 		.4byte	.LLST4
 574 0281 17       		.uleb128 0x17
 575 0282 726300   		.ascii	"rc\000"
 576 0285 01       		.byte	0x1
 577 0286 2B       		.byte	0x2b
 578 0287 43010000 		.4byte	0x143
 579 028b DC000000 		.4byte	.LLST5
 580 028f 15       		.uleb128 0x15
 581 0290 7C020000 		.4byte	.LASF48
 582 0294 01       		.byte	0x1
 583 0295 2C       		.byte	0x2c
 584 0296 43010000 		.4byte	0x143
 585 029a 02       		.uleb128 0x2
 586 029b 91       		.byte	0x91
 587 029c 64       		.sleb128 -28
 588 029d 18       		.uleb128 0x18
 589 029e BA020000 		.4byte	.LASF53
 590 02a2 01       		.byte	0x1
 591 02a3 45       		.byte	0x45
 592 02a4 88000000 		.4byte	.L2
 593 02a8 19       		.uleb128 0x19
 594 02a9 18000000 		.4byte	.LVL4
 595 02ad 1C040000 		.4byte	0x41c
 596 02b1 BC020000 		.4byte	0x2bc
 597 02b5 1A       		.uleb128 0x1a
 598 02b6 01       		.uleb128 0x1
 599 02b7 50       		.byte	0x50
 600 02b8 02       		.uleb128 0x2
 601 02b9 91       		.byte	0x91
 602 02ba 60       		.sleb128 -32
 603 02bb 00       		.byte	0
 604 02bc 19       		.uleb128 0x19
 605 02bd 2E000000 		.4byte	.LVL5
 606 02c1 37040000 		.4byte	0x437
 607 02c5 D0020000 		.4byte	0x2d0
 608 02c9 1A       		.uleb128 0x1a
 609 02ca 01       		.uleb128 0x1
 610 02cb 51       		.byte	0x51
 611 02cc 02       		.uleb128 0x2
 612 02cd 91       		.byte	0x91
 613 02ce 64       		.sleb128 -28
 614 02cf 00       		.byte	0
 615 02d0 19       		.uleb128 0x19
ARM GAS  C:\Users\ddemidov\AppData\Local\Temp\ccmW2Aop.s 			page 14


 616 02d1 40000000 		.4byte	.LVL10
 617 02d5 51040000 		.4byte	0x451
 618 02d9 E4020000 		.4byte	0x2e4
 619 02dd 1A       		.uleb128 0x1a
 620 02de 01       		.uleb128 0x1
 621 02df 50       		.byte	0x50
 622 02e0 02       		.uleb128 0x2
 623 02e1 91       		.byte	0x91
 624 02e2 60       		.sleb128 -32
 625 02e3 00       		.byte	0
 626 02e4 19       		.uleb128 0x19
 627 02e5 5E000000 		.4byte	.LVL11
 628 02e9 66040000 		.4byte	0x466
 629 02ed FE020000 		.4byte	0x2fe
 630 02f1 1A       		.uleb128 0x1a
 631 02f2 01       		.uleb128 0x1
 632 02f3 52       		.byte	0x52
 633 02f4 02       		.uleb128 0x2
 634 02f5 74       		.byte	0x74
 635 02f6 00       		.sleb128 0
 636 02f7 1A       		.uleb128 0x1a
 637 02f8 01       		.uleb128 0x1
 638 02f9 51       		.byte	0x51
 639 02fa 02       		.uleb128 0x2
 640 02fb 91       		.byte	0x91
 641 02fc 60       		.sleb128 -32
 642 02fd 00       		.byte	0
 643 02fe 1B       		.uleb128 0x1b
 644 02ff 76000000 		.4byte	.LVL12
 645 0303 1C040000 		.4byte	0x41c
 646 0307 1A       		.uleb128 0x1a
 647 0308 01       		.uleb128 0x1
 648 0309 50       		.byte	0x50
 649 030a 02       		.uleb128 0x2
 650 030b 91       		.byte	0x91
 651 030c 60       		.sleb128 -32
 652 030d 00       		.byte	0
 653 030e 00       		.byte	0
 654 030f 0E       		.uleb128 0xe
 655 0310 04       		.byte	0x4
 656 0311 A2010000 		.4byte	0x1a2
 657 0315 0E       		.uleb128 0xe
 658 0316 04       		.byte	0x4
 659 0317 43010000 		.4byte	0x143
 660 031b 0E       		.uleb128 0xe
 661 031c 04       		.byte	0x4
 662 031d 83010000 		.4byte	0x183
 663 0321 0F       		.uleb128 0xf
 664 0322 A0010000 		.4byte	.LASF50
 665 0326 01       		.byte	0x1
 666 0327 54       		.byte	0x54
 667 0328 43010000 		.4byte	0x143
 668 032c 00000000 		.4byte	.LFB1
 669 0330 52000000 		.4byte	.LFE1-.LFB1
 670 0334 01       		.uleb128 0x1
 671 0335 9C       		.byte	0x9c
 672 0336 1C040000 		.4byte	0x41c
ARM GAS  C:\Users\ddemidov\AppData\Local\Temp\ccmW2Aop.s 			page 15


 673 033a 10       		.uleb128 0x10
 674 033b 62756600 		.ascii	"buf\000"
 675 033f 01       		.byte	0x1
 676 0340 54       		.byte	0x54
 677 0341 8E010000 		.4byte	0x18e
 678 0345 2A010000 		.4byte	.LLST6
 679 0349 11       		.uleb128 0x11
 680 034a B3020000 		.4byte	.LASF45
 681 034e 01       		.byte	0x1
 682 034f 54       		.byte	0x54
 683 0350 43010000 		.4byte	0x143
 684 0354 6D010000 		.4byte	.LLST7
 685 0358 11       		.uleb128 0x11
 686 0359 2D020000 		.4byte	.LASF40
 687 035d 01       		.byte	0x1
 688 035e 54       		.byte	0x54
 689 035f A2010000 		.4byte	0x1a2
 690 0363 A7010000 		.4byte	.LLST8
 691 0367 11       		.uleb128 0x11
 692 0368 1C000000 		.4byte	.LASF42
 693 036c 01       		.byte	0x1
 694 036d 54       		.byte	0x54
 695 036e 43010000 		.4byte	0x143
 696 0372 E1010000 		.4byte	.LLST9
 697 0376 12       		.uleb128 0x12
 698 0377 21020000 		.4byte	.LASF51
 699 037b 01       		.byte	0x1
 700 037c 54       		.byte	0x54
 701 037d 15030000 		.4byte	0x315
 702 0381 02       		.uleb128 0x2
 703 0382 91       		.byte	0x91
 704 0383 00       		.sleb128 0
 705 0384 14       		.uleb128 0x14
 706 0385 B0030000 		.4byte	.LASF52
 707 0389 01       		.byte	0x1
 708 038a 56       		.byte	0x56
 709 038b 17010000 		.4byte	0x117
 710 038f 17       		.uleb128 0x17
 711 0390 726300   		.ascii	"rc\000"
 712 0393 01       		.byte	0x1
 713 0394 57       		.byte	0x57
 714 0395 43010000 		.4byte	0x143
 715 0399 18020000 		.4byte	.LLST10
 716 039d 1C       		.uleb128 0x1c
 717 039e 70747200 		.ascii	"ptr\000"
 718 03a2 01       		.byte	0x1
 719 03a3 58       		.byte	0x58
 720 03a4 8E010000 		.4byte	0x18e
 721 03a8 02       		.uleb128 0x2
 722 03a9 91       		.byte	0x91
 723 03aa 6C       		.sleb128 -20
 724 03ab 17       		.uleb128 0x17
 725 03ac 6900     		.ascii	"i\000"
 726 03ae 01       		.byte	0x1
 727 03af 59       		.byte	0x59
 728 03b0 43010000 		.4byte	0x143
 729 03b4 50020000 		.4byte	.LLST11
ARM GAS  C:\Users\ddemidov\AppData\Local\Temp\ccmW2Aop.s 			page 16


 730 03b8 18       		.uleb128 0x18
 731 03b9 BA020000 		.4byte	.LASF53
 732 03bd 01       		.byte	0x1
 733 03be 6D       		.byte	0x6d
 734 03bf 50000000 		.4byte	.L12
 735 03c3 19       		.uleb128 0x19
 736 03c4 18000000 		.4byte	.LVL21
 737 03c8 85040000 		.4byte	0x485
 738 03cc DD030000 		.4byte	0x3dd
 739 03d0 1A       		.uleb128 0x1a
 740 03d1 01       		.uleb128 0x1
 741 03d2 51       		.byte	0x51
 742 03d3 02       		.uleb128 0x2
 743 03d4 09       		.byte	0x9
 744 03d5 90       		.byte	0x90
 745 03d6 1A       		.uleb128 0x1a
 746 03d7 01       		.uleb128 0x1
 747 03d8 50       		.byte	0x50
 748 03d9 02       		.uleb128 0x2
 749 03da 91       		.byte	0x91
 750 03db 6C       		.sleb128 -20
 751 03dc 00       		.byte	0
 752 03dd 19       		.uleb128 0x19
 753 03de 20000000 		.4byte	.LVL22
 754 03e2 9B040000 		.4byte	0x49b
 755 03e6 F1030000 		.4byte	0x3f1
 756 03ea 1A       		.uleb128 0x1a
 757 03eb 01       		.uleb128 0x1
 758 03ec 51       		.byte	0x51
 759 03ed 02       		.uleb128 0x2
 760 03ee 74       		.byte	0x74
 761 03ef 02       		.sleb128 2
 762 03f0 00       		.byte	0
 763 03f1 19       		.uleb128 0x19
 764 03f2 2E000000 		.4byte	.LVL23
 765 03f6 B5040000 		.4byte	0x4b5
 766 03fa 0B040000 		.4byte	0x40b
 767 03fe 1A       		.uleb128 0x1a
 768 03ff 01       		.uleb128 0x1
 769 0400 51       		.byte	0x51
 770 0401 02       		.uleb128 0x2
 771 0402 76       		.byte	0x76
 772 0403 00       		.sleb128 0
 773 0404 1A       		.uleb128 0x1a
 774 0405 01       		.uleb128 0x1
 775 0406 50       		.byte	0x50
 776 0407 02       		.uleb128 0x2
 777 0408 91       		.byte	0x91
 778 0409 6C       		.sleb128 -20
 779 040a 00       		.byte	0
 780 040b 1B       		.uleb128 0x1b
 781 040c 42000000 		.4byte	.LVL25
 782 0410 85040000 		.4byte	0x485
 783 0414 1A       		.uleb128 0x1a
 784 0415 01       		.uleb128 0x1
 785 0416 50       		.byte	0x50
 786 0417 02       		.uleb128 0x2
ARM GAS  C:\Users\ddemidov\AppData\Local\Temp\ccmW2Aop.s 			page 17


 787 0418 91       		.byte	0x91
 788 0419 6C       		.sleb128 -20
 789 041a 00       		.byte	0
 790 041b 00       		.byte	0
 791 041c 1D       		.uleb128 0x1d
 792 041d 47010000 		.4byte	.LASF54
 793 0421 02       		.byte	0x2
 794 0422 6C       		.byte	0x6c
 795 0423 50010000 		.4byte	0x150
 796 0427 31040000 		.4byte	0x431
 797 042b 1E       		.uleb128 0x1e
 798 042c 31040000 		.4byte	0x431
 799 0430 00       		.byte	0
 800 0431 0E       		.uleb128 0xe
 801 0432 04       		.byte	0x4
 802 0433 8E010000 		.4byte	0x18e
 803 0437 1D       		.uleb128 0x1d
 804 0438 5F020000 		.4byte	.LASF55
 805 043c 02       		.byte	0x2
 806 043d 69       		.byte	0x69
 807 043e 43010000 		.4byte	0x143
 808 0442 51040000 		.4byte	0x451
 809 0446 1E       		.uleb128 0x1e
 810 0447 8E010000 		.4byte	0x18e
 811 044b 1E       		.uleb128 0x1e
 812 044c 15030000 		.4byte	0x315
 813 0450 00       		.byte	0
 814 0451 1D       		.uleb128 0x1d
 815 0452 BE000000 		.4byte	.LASF56
 816 0456 02       		.byte	0x2
 817 0457 6B       		.byte	0x6b
 818 0458 43010000 		.4byte	0x143
 819 045c 66040000 		.4byte	0x466
 820 0460 1E       		.uleb128 0x1e
 821 0461 31040000 		.4byte	0x431
 822 0465 00       		.byte	0
 823 0466 1D       		.uleb128 0x1d
 824 0467 CB000000 		.4byte	.LASF57
 825 046b 02       		.byte	0x2
 826 046c 6F       		.byte	0x6f
 827 046d 43010000 		.4byte	0x143
 828 0471 85040000 		.4byte	0x485
 829 0475 1E       		.uleb128 0x1e
 830 0476 1B030000 		.4byte	0x31b
 831 047a 1E       		.uleb128 0x1e
 832 047b 31040000 		.4byte	0x431
 833 047f 1E       		.uleb128 0x1e
 834 0480 8E010000 		.4byte	0x18e
 835 0484 00       		.byte	0
 836 0485 1F       		.uleb128 0x1f
 837 0486 59030000 		.4byte	.LASF62
 838 048a 02       		.byte	0x2
 839 048b 6D       		.byte	0x6d
 840 048c 9B040000 		.4byte	0x49b
 841 0490 1E       		.uleb128 0x1e
 842 0491 31040000 		.4byte	0x431
 843 0495 1E       		.uleb128 0x1e
ARM GAS  C:\Users\ddemidov\AppData\Local\Temp\ccmW2Aop.s 			page 18


 844 0496 50010000 		.4byte	0x150
 845 049a 00       		.byte	0
 846 049b 1D       		.uleb128 0x1d
 847 049c 78010000 		.4byte	.LASF58
 848 04a0 02       		.byte	0x2
 849 04a1 67       		.byte	0x67
 850 04a2 43010000 		.4byte	0x143
 851 04a6 B5040000 		.4byte	0x4b5
 852 04aa 1E       		.uleb128 0x1e
 853 04ab 8E010000 		.4byte	0x18e
 854 04af 1E       		.uleb128 0x1e
 855 04b0 43010000 		.4byte	0x143
 856 04b4 00       		.byte	0
 857 04b5 20       		.uleb128 0x20
 858 04b6 5E010000 		.4byte	.LASF63
 859 04ba 02       		.byte	0x2
 860 04bb 6E       		.byte	0x6e
 861 04bc 1E       		.uleb128 0x1e
 862 04bd 31040000 		.4byte	0x431
 863 04c1 1E       		.uleb128 0x1e
 864 04c2 43010000 		.4byte	0x143
 865 04c6 00       		.byte	0
 866 04c7 00       		.byte	0
 867              		.section	.debug_abbrev,"",%progbits
 868              	.Ldebug_abbrev0:
 869 0000 01       		.uleb128 0x1
 870 0001 11       		.uleb128 0x11
 871 0002 01       		.byte	0x1
 872 0003 25       		.uleb128 0x25
 873 0004 0E       		.uleb128 0xe
 874 0005 13       		.uleb128 0x13
 875 0006 0B       		.uleb128 0xb
 876 0007 03       		.uleb128 0x3
 877 0008 0E       		.uleb128 0xe
 878 0009 1B       		.uleb128 0x1b
 879 000a 0E       		.uleb128 0xe
 880 000b 55       		.uleb128 0x55
 881 000c 17       		.uleb128 0x17
 882 000d 11       		.uleb128 0x11
 883 000e 01       		.uleb128 0x1
 884 000f 10       		.uleb128 0x10
 885 0010 17       		.uleb128 0x17
 886 0011 00       		.byte	0
 887 0012 00       		.byte	0
 888 0013 02       		.uleb128 0x2
 889 0014 04       		.uleb128 0x4
 890 0015 01       		.byte	0x1
 891 0016 03       		.uleb128 0x3
 892 0017 0E       		.uleb128 0xe
 893 0018 0B       		.uleb128 0xb
 894 0019 0B       		.uleb128 0xb
 895 001a 3A       		.uleb128 0x3a
 896 001b 0B       		.uleb128 0xb
 897 001c 3B       		.uleb128 0x3b
 898 001d 0B       		.uleb128 0xb
 899 001e 01       		.uleb128 0x1
 900 001f 13       		.uleb128 0x13
ARM GAS  C:\Users\ddemidov\AppData\Local\Temp\ccmW2Aop.s 			page 19


 901 0020 00       		.byte	0
 902 0021 00       		.byte	0
 903 0022 03       		.uleb128 0x3
 904 0023 28       		.uleb128 0x28
 905 0024 00       		.byte	0
 906 0025 03       		.uleb128 0x3
 907 0026 0E       		.uleb128 0xe
 908 0027 1C       		.uleb128 0x1c
 909 0028 0D       		.uleb128 0xd
 910 0029 00       		.byte	0
 911 002a 00       		.byte	0
 912 002b 04       		.uleb128 0x4
 913 002c 13       		.uleb128 0x13
 914 002d 01       		.byte	0x1
 915 002e 0B       		.uleb128 0xb
 916 002f 0B       		.uleb128 0xb
 917 0030 3A       		.uleb128 0x3a
 918 0031 0B       		.uleb128 0xb
 919 0032 3B       		.uleb128 0x3b
 920 0033 0B       		.uleb128 0xb
 921 0034 01       		.uleb128 0x1
 922 0035 13       		.uleb128 0x13
 923 0036 00       		.byte	0
 924 0037 00       		.byte	0
 925 0038 05       		.uleb128 0x5
 926 0039 0D       		.uleb128 0xd
 927 003a 00       		.byte	0
 928 003b 03       		.uleb128 0x3
 929 003c 0E       		.uleb128 0xe
 930 003d 3A       		.uleb128 0x3a
 931 003e 0B       		.uleb128 0xb
 932 003f 3B       		.uleb128 0x3b
 933 0040 0B       		.uleb128 0xb
 934 0041 49       		.uleb128 0x49
 935 0042 13       		.uleb128 0x13
 936 0043 0B       		.uleb128 0xb
 937 0044 0B       		.uleb128 0xb
 938 0045 0D       		.uleb128 0xd
 939 0046 0B       		.uleb128 0xb
 940 0047 0C       		.uleb128 0xc
 941 0048 0B       		.uleb128 0xb
 942 0049 38       		.uleb128 0x38
 943 004a 0B       		.uleb128 0xb
 944 004b 00       		.byte	0
 945 004c 00       		.byte	0
 946 004d 06       		.uleb128 0x6
 947 004e 0D       		.uleb128 0xd
 948 004f 00       		.byte	0
 949 0050 03       		.uleb128 0x3
 950 0051 08       		.uleb128 0x8
 951 0052 3A       		.uleb128 0x3a
 952 0053 0B       		.uleb128 0xb
 953 0054 3B       		.uleb128 0x3b
 954 0055 0B       		.uleb128 0xb
 955 0056 49       		.uleb128 0x49
 956 0057 13       		.uleb128 0x13
 957 0058 0B       		.uleb128 0xb
ARM GAS  C:\Users\ddemidov\AppData\Local\Temp\ccmW2Aop.s 			page 20


 958 0059 0B       		.uleb128 0xb
 959 005a 0D       		.uleb128 0xd
 960 005b 0B       		.uleb128 0xb
 961 005c 0C       		.uleb128 0xc
 962 005d 0B       		.uleb128 0xb
 963 005e 38       		.uleb128 0x38
 964 005f 0B       		.uleb128 0xb
 965 0060 00       		.byte	0
 966 0061 00       		.byte	0
 967 0062 07       		.uleb128 0x7
 968 0063 24       		.uleb128 0x24
 969 0064 00       		.byte	0
 970 0065 0B       		.uleb128 0xb
 971 0066 0B       		.uleb128 0xb
 972 0067 3E       		.uleb128 0x3e
 973 0068 0B       		.uleb128 0xb
 974 0069 03       		.uleb128 0x3
 975 006a 0E       		.uleb128 0xe
 976 006b 00       		.byte	0
 977 006c 00       		.byte	0
 978 006d 08       		.uleb128 0x8
 979 006e 17       		.uleb128 0x17
 980 006f 01       		.byte	0x1
 981 0070 0B       		.uleb128 0xb
 982 0071 0B       		.uleb128 0xb
 983 0072 3A       		.uleb128 0x3a
 984 0073 0B       		.uleb128 0xb
 985 0074 3B       		.uleb128 0x3b
 986 0075 0B       		.uleb128 0xb
 987 0076 01       		.uleb128 0x1
 988 0077 13       		.uleb128 0x13
 989 0078 00       		.byte	0
 990 0079 00       		.byte	0
 991 007a 09       		.uleb128 0x9
 992 007b 0D       		.uleb128 0xd
 993 007c 00       		.byte	0
 994 007d 03       		.uleb128 0x3
 995 007e 0E       		.uleb128 0xe
 996 007f 3A       		.uleb128 0x3a
 997 0080 0B       		.uleb128 0xb
 998 0081 3B       		.uleb128 0x3b
 999 0082 0B       		.uleb128 0xb
 1000 0083 49       		.uleb128 0x49
 1001 0084 13       		.uleb128 0x13
 1002 0085 00       		.byte	0
 1003 0086 00       		.byte	0
 1004 0087 0A       		.uleb128 0xa
 1005 0088 16       		.uleb128 0x16
 1006 0089 00       		.byte	0
 1007 008a 03       		.uleb128 0x3
 1008 008b 0E       		.uleb128 0xe
 1009 008c 3A       		.uleb128 0x3a
 1010 008d 0B       		.uleb128 0xb
 1011 008e 3B       		.uleb128 0x3b
 1012 008f 0B       		.uleb128 0xb
 1013 0090 49       		.uleb128 0x49
 1014 0091 13       		.uleb128 0x13
ARM GAS  C:\Users\ddemidov\AppData\Local\Temp\ccmW2Aop.s 			page 21


 1015 0092 00       		.byte	0
 1016 0093 00       		.byte	0
 1017 0094 0B       		.uleb128 0xb
 1018 0095 0D       		.uleb128 0xd
 1019 0096 00       		.byte	0
 1020 0097 03       		.uleb128 0x3
 1021 0098 08       		.uleb128 0x8
 1022 0099 3A       		.uleb128 0x3a
 1023 009a 0B       		.uleb128 0xb
 1024 009b 3B       		.uleb128 0x3b
 1025 009c 0B       		.uleb128 0xb
 1026 009d 49       		.uleb128 0x49
 1027 009e 13       		.uleb128 0x13
 1028 009f 38       		.uleb128 0x38
 1029 00a0 0B       		.uleb128 0xb
 1030 00a1 00       		.byte	0
 1031 00a2 00       		.byte	0
 1032 00a3 0C       		.uleb128 0xc
 1033 00a4 0D       		.uleb128 0xd
 1034 00a5 00       		.byte	0
 1035 00a6 03       		.uleb128 0x3
 1036 00a7 0E       		.uleb128 0xe
 1037 00a8 3A       		.uleb128 0x3a
 1038 00a9 0B       		.uleb128 0xb
 1039 00aa 3B       		.uleb128 0x3b
 1040 00ab 0B       		.uleb128 0xb
 1041 00ac 49       		.uleb128 0x49
 1042 00ad 13       		.uleb128 0x13
 1043 00ae 38       		.uleb128 0x38
 1044 00af 0B       		.uleb128 0xb
 1045 00b0 00       		.byte	0
 1046 00b1 00       		.byte	0
 1047 00b2 0D       		.uleb128 0xd
 1048 00b3 24       		.uleb128 0x24
 1049 00b4 00       		.byte	0
 1050 00b5 0B       		.uleb128 0xb
 1051 00b6 0B       		.uleb128 0xb
 1052 00b7 3E       		.uleb128 0x3e
 1053 00b8 0B       		.uleb128 0xb
 1054 00b9 03       		.uleb128 0x3
 1055 00ba 08       		.uleb128 0x8
 1056 00bb 00       		.byte	0
 1057 00bc 00       		.byte	0
 1058 00bd 0E       		.uleb128 0xe
 1059 00be 0F       		.uleb128 0xf
 1060 00bf 00       		.byte	0
 1061 00c0 0B       		.uleb128 0xb
 1062 00c1 0B       		.uleb128 0xb
 1063 00c2 49       		.uleb128 0x49
 1064 00c3 13       		.uleb128 0x13
 1065 00c4 00       		.byte	0
 1066 00c5 00       		.byte	0
 1067 00c6 0F       		.uleb128 0xf
 1068 00c7 2E       		.uleb128 0x2e
 1069 00c8 01       		.byte	0x1
 1070 00c9 3F       		.uleb128 0x3f
 1071 00ca 19       		.uleb128 0x19
ARM GAS  C:\Users\ddemidov\AppData\Local\Temp\ccmW2Aop.s 			page 22


 1072 00cb 03       		.uleb128 0x3
 1073 00cc 0E       		.uleb128 0xe
 1074 00cd 3A       		.uleb128 0x3a
 1075 00ce 0B       		.uleb128 0xb
 1076 00cf 3B       		.uleb128 0x3b
 1077 00d0 0B       		.uleb128 0xb
 1078 00d1 27       		.uleb128 0x27
 1079 00d2 19       		.uleb128 0x19
 1080 00d3 49       		.uleb128 0x49
 1081 00d4 13       		.uleb128 0x13
 1082 00d5 11       		.uleb128 0x11
 1083 00d6 01       		.uleb128 0x1
 1084 00d7 12       		.uleb128 0x12
 1085 00d8 06       		.uleb128 0x6
 1086 00d9 40       		.uleb128 0x40
 1087 00da 18       		.uleb128 0x18
 1088 00db 9742     		.uleb128 0x2117
 1089 00dd 19       		.uleb128 0x19
 1090 00de 01       		.uleb128 0x1
 1091 00df 13       		.uleb128 0x13
 1092 00e0 00       		.byte	0
 1093 00e1 00       		.byte	0
 1094 00e2 10       		.uleb128 0x10
 1095 00e3 05       		.uleb128 0x5
 1096 00e4 00       		.byte	0
 1097 00e5 03       		.uleb128 0x3
 1098 00e6 08       		.uleb128 0x8
 1099 00e7 3A       		.uleb128 0x3a
 1100 00e8 0B       		.uleb128 0xb
 1101 00e9 3B       		.uleb128 0x3b
 1102 00ea 0B       		.uleb128 0xb
 1103 00eb 49       		.uleb128 0x49
 1104 00ec 13       		.uleb128 0x13
 1105 00ed 02       		.uleb128 0x2
 1106 00ee 17       		.uleb128 0x17
 1107 00ef 00       		.byte	0
 1108 00f0 00       		.byte	0
 1109 00f1 11       		.uleb128 0x11
 1110 00f2 05       		.uleb128 0x5
 1111 00f3 00       		.byte	0
 1112 00f4 03       		.uleb128 0x3
 1113 00f5 0E       		.uleb128 0xe
 1114 00f6 3A       		.uleb128 0x3a
 1115 00f7 0B       		.uleb128 0xb
 1116 00f8 3B       		.uleb128 0x3b
 1117 00f9 0B       		.uleb128 0xb
 1118 00fa 49       		.uleb128 0x49
 1119 00fb 13       		.uleb128 0x13
 1120 00fc 02       		.uleb128 0x2
 1121 00fd 17       		.uleb128 0x17
 1122 00fe 00       		.byte	0
 1123 00ff 00       		.byte	0
 1124 0100 12       		.uleb128 0x12
 1125 0101 05       		.uleb128 0x5
 1126 0102 00       		.byte	0
 1127 0103 03       		.uleb128 0x3
 1128 0104 0E       		.uleb128 0xe
ARM GAS  C:\Users\ddemidov\AppData\Local\Temp\ccmW2Aop.s 			page 23


 1129 0105 3A       		.uleb128 0x3a
 1130 0106 0B       		.uleb128 0xb
 1131 0107 3B       		.uleb128 0x3b
 1132 0108 0B       		.uleb128 0xb
 1133 0109 49       		.uleb128 0x49
 1134 010a 13       		.uleb128 0x13
 1135 010b 02       		.uleb128 0x2
 1136 010c 18       		.uleb128 0x18
 1137 010d 00       		.byte	0
 1138 010e 00       		.byte	0
 1139 010f 13       		.uleb128 0x13
 1140 0110 05       		.uleb128 0x5
 1141 0111 00       		.byte	0
 1142 0112 03       		.uleb128 0x3
 1143 0113 08       		.uleb128 0x8
 1144 0114 3A       		.uleb128 0x3a
 1145 0115 0B       		.uleb128 0xb
 1146 0116 3B       		.uleb128 0x3b
 1147 0117 0B       		.uleb128 0xb
 1148 0118 49       		.uleb128 0x49
 1149 0119 13       		.uleb128 0x13
 1150 011a 02       		.uleb128 0x2
 1151 011b 18       		.uleb128 0x18
 1152 011c 00       		.byte	0
 1153 011d 00       		.byte	0
 1154 011e 14       		.uleb128 0x14
 1155 011f 34       		.uleb128 0x34
 1156 0120 00       		.byte	0
 1157 0121 03       		.uleb128 0x3
 1158 0122 0E       		.uleb128 0xe
 1159 0123 3A       		.uleb128 0x3a
 1160 0124 0B       		.uleb128 0xb
 1161 0125 3B       		.uleb128 0x3b
 1162 0126 0B       		.uleb128 0xb
 1163 0127 49       		.uleb128 0x49
 1164 0128 13       		.uleb128 0x13
 1165 0129 00       		.byte	0
 1166 012a 00       		.byte	0
 1167 012b 15       		.uleb128 0x15
 1168 012c 34       		.uleb128 0x34
 1169 012d 00       		.byte	0
 1170 012e 03       		.uleb128 0x3
 1171 012f 0E       		.uleb128 0xe
 1172 0130 3A       		.uleb128 0x3a
 1173 0131 0B       		.uleb128 0xb
 1174 0132 3B       		.uleb128 0x3b
 1175 0133 0B       		.uleb128 0xb
 1176 0134 49       		.uleb128 0x49
 1177 0135 13       		.uleb128 0x13
 1178 0136 02       		.uleb128 0x2
 1179 0137 18       		.uleb128 0x18
 1180 0138 00       		.byte	0
 1181 0139 00       		.byte	0
 1182 013a 16       		.uleb128 0x16
 1183 013b 34       		.uleb128 0x34
 1184 013c 00       		.byte	0
 1185 013d 03       		.uleb128 0x3
ARM GAS  C:\Users\ddemidov\AppData\Local\Temp\ccmW2Aop.s 			page 24


 1186 013e 0E       		.uleb128 0xe
 1187 013f 3A       		.uleb128 0x3a
 1188 0140 0B       		.uleb128 0xb
 1189 0141 3B       		.uleb128 0x3b
 1190 0142 0B       		.uleb128 0xb
 1191 0143 49       		.uleb128 0x49
 1192 0144 13       		.uleb128 0x13
 1193 0145 02       		.uleb128 0x2
 1194 0146 17       		.uleb128 0x17
 1195 0147 00       		.byte	0
 1196 0148 00       		.byte	0
 1197 0149 17       		.uleb128 0x17
 1198 014a 34       		.uleb128 0x34
 1199 014b 00       		.byte	0
 1200 014c 03       		.uleb128 0x3
 1201 014d 08       		.uleb128 0x8
 1202 014e 3A       		.uleb128 0x3a
 1203 014f 0B       		.uleb128 0xb
 1204 0150 3B       		.uleb128 0x3b
 1205 0151 0B       		.uleb128 0xb
 1206 0152 49       		.uleb128 0x49
 1207 0153 13       		.uleb128 0x13
 1208 0154 02       		.uleb128 0x2
 1209 0155 17       		.uleb128 0x17
 1210 0156 00       		.byte	0
 1211 0157 00       		.byte	0
 1212 0158 18       		.uleb128 0x18
 1213 0159 0A       		.uleb128 0xa
 1214 015a 00       		.byte	0
 1215 015b 03       		.uleb128 0x3
 1216 015c 0E       		.uleb128 0xe
 1217 015d 3A       		.uleb128 0x3a
 1218 015e 0B       		.uleb128 0xb
 1219 015f 3B       		.uleb128 0x3b
 1220 0160 0B       		.uleb128 0xb
 1221 0161 11       		.uleb128 0x11
 1222 0162 01       		.uleb128 0x1
 1223 0163 00       		.byte	0
 1224 0164 00       		.byte	0
 1225 0165 19       		.uleb128 0x19
 1226 0166 898201   		.uleb128 0x4109
 1227 0169 01       		.byte	0x1
 1228 016a 11       		.uleb128 0x11
 1229 016b 01       		.uleb128 0x1
 1230 016c 31       		.uleb128 0x31
 1231 016d 13       		.uleb128 0x13
 1232 016e 01       		.uleb128 0x1
 1233 016f 13       		.uleb128 0x13
 1234 0170 00       		.byte	0
 1235 0171 00       		.byte	0
 1236 0172 1A       		.uleb128 0x1a
 1237 0173 8A8201   		.uleb128 0x410a
 1238 0176 00       		.byte	0
 1239 0177 02       		.uleb128 0x2
 1240 0178 18       		.uleb128 0x18
 1241 0179 9142     		.uleb128 0x2111
 1242 017b 18       		.uleb128 0x18
ARM GAS  C:\Users\ddemidov\AppData\Local\Temp\ccmW2Aop.s 			page 25


 1243 017c 00       		.byte	0
 1244 017d 00       		.byte	0
 1245 017e 1B       		.uleb128 0x1b
 1246 017f 898201   		.uleb128 0x4109
 1247 0182 01       		.byte	0x1
 1248 0183 11       		.uleb128 0x11
 1249 0184 01       		.uleb128 0x1
 1250 0185 31       		.uleb128 0x31
 1251 0186 13       		.uleb128 0x13
 1252 0187 00       		.byte	0
 1253 0188 00       		.byte	0
 1254 0189 1C       		.uleb128 0x1c
 1255 018a 34       		.uleb128 0x34
 1256 018b 00       		.byte	0
 1257 018c 03       		.uleb128 0x3
 1258 018d 08       		.uleb128 0x8
 1259 018e 3A       		.uleb128 0x3a
 1260 018f 0B       		.uleb128 0xb
 1261 0190 3B       		.uleb128 0x3b
 1262 0191 0B       		.uleb128 0xb
 1263 0192 49       		.uleb128 0x49
 1264 0193 13       		.uleb128 0x13
 1265 0194 02       		.uleb128 0x2
 1266 0195 18       		.uleb128 0x18
 1267 0196 00       		.byte	0
 1268 0197 00       		.byte	0
 1269 0198 1D       		.uleb128 0x1d
 1270 0199 2E       		.uleb128 0x2e
 1271 019a 01       		.byte	0x1
 1272 019b 3F       		.uleb128 0x3f
 1273 019c 19       		.uleb128 0x19
 1274 019d 03       		.uleb128 0x3
 1275 019e 0E       		.uleb128 0xe
 1276 019f 3A       		.uleb128 0x3a
 1277 01a0 0B       		.uleb128 0xb
 1278 01a1 3B       		.uleb128 0x3b
 1279 01a2 0B       		.uleb128 0xb
 1280 01a3 27       		.uleb128 0x27
 1281 01a4 19       		.uleb128 0x19
 1282 01a5 49       		.uleb128 0x49
 1283 01a6 13       		.uleb128 0x13
 1284 01a7 3C       		.uleb128 0x3c
 1285 01a8 19       		.uleb128 0x19
 1286 01a9 01       		.uleb128 0x1
 1287 01aa 13       		.uleb128 0x13
 1288 01ab 00       		.byte	0
 1289 01ac 00       		.byte	0
 1290 01ad 1E       		.uleb128 0x1e
 1291 01ae 05       		.uleb128 0x5
 1292 01af 00       		.byte	0
 1293 01b0 49       		.uleb128 0x49
 1294 01b1 13       		.uleb128 0x13
 1295 01b2 00       		.byte	0
 1296 01b3 00       		.byte	0
 1297 01b4 1F       		.uleb128 0x1f
 1298 01b5 2E       		.uleb128 0x2e
 1299 01b6 01       		.byte	0x1
ARM GAS  C:\Users\ddemidov\AppData\Local\Temp\ccmW2Aop.s 			page 26


 1300 01b7 3F       		.uleb128 0x3f
 1301 01b8 19       		.uleb128 0x19
 1302 01b9 03       		.uleb128 0x3
 1303 01ba 0E       		.uleb128 0xe
 1304 01bb 3A       		.uleb128 0x3a
 1305 01bc 0B       		.uleb128 0xb
 1306 01bd 3B       		.uleb128 0x3b
 1307 01be 0B       		.uleb128 0xb
 1308 01bf 27       		.uleb128 0x27
 1309 01c0 19       		.uleb128 0x19
 1310 01c1 3C       		.uleb128 0x3c
 1311 01c2 19       		.uleb128 0x19
 1312 01c3 01       		.uleb128 0x1
 1313 01c4 13       		.uleb128 0x13
 1314 01c5 00       		.byte	0
 1315 01c6 00       		.byte	0
 1316 01c7 20       		.uleb128 0x20
 1317 01c8 2E       		.uleb128 0x2e
 1318 01c9 01       		.byte	0x1
 1319 01ca 3F       		.uleb128 0x3f
 1320 01cb 19       		.uleb128 0x19
 1321 01cc 03       		.uleb128 0x3
 1322 01cd 0E       		.uleb128 0xe
 1323 01ce 3A       		.uleb128 0x3a
 1324 01cf 0B       		.uleb128 0xb
 1325 01d0 3B       		.uleb128 0x3b
 1326 01d1 0B       		.uleb128 0xb
 1327 01d2 27       		.uleb128 0x27
 1328 01d3 19       		.uleb128 0x19
 1329 01d4 3C       		.uleb128 0x3c
 1330 01d5 19       		.uleb128 0x19
 1331 01d6 00       		.byte	0
 1332 01d7 00       		.byte	0
 1333 01d8 00       		.byte	0
 1334              		.section	.debug_loc,"",%progbits
 1335              	.Ldebug_loc0:
 1336              	.LLST0:
 1337 0000 00000000 		.4byte	.LVL0
 1338 0004 0E000000 		.4byte	.LVL2
 1339 0008 0100     		.2byte	0x1
 1340 000a 50       		.byte	0x50
 1341 000b 0E000000 		.4byte	.LVL2
 1342 000f 34000000 		.4byte	.LVL7
 1343 0013 0100     		.2byte	0x1
 1344 0015 54       		.byte	0x54
 1345 0016 34000000 		.4byte	.LVL7
 1346 001a 84000000 		.4byte	.LVL14
 1347 001e 0400     		.2byte	0x4
 1348 0020 F3       		.byte	0xf3
 1349 0021 01       		.uleb128 0x1
 1350 0022 50       		.byte	0x50
 1351 0023 9F       		.byte	0x9f
 1352 0024 84000000 		.4byte	.LVL14
 1353 0028 88000000 		.4byte	.LVL15
 1354 002c 0100     		.2byte	0x1
 1355 002e 54       		.byte	0x54
 1356 002f 88000000 		.4byte	.LVL15
ARM GAS  C:\Users\ddemidov\AppData\Local\Temp\ccmW2Aop.s 			page 27


 1357 0033 8E000000 		.4byte	.LFE0
 1358 0037 0400     		.2byte	0x4
 1359 0039 F3       		.byte	0xf3
 1360 003a 01       		.uleb128 0x1
 1361 003b 50       		.byte	0x50
 1362 003c 9F       		.byte	0x9f
 1363 003d 00000000 		.4byte	0
 1364 0041 00000000 		.4byte	0
 1365              	.LLST1:
 1366 0045 00000000 		.4byte	.LVL0
 1367 0049 17000000 		.4byte	.LVL4-1
 1368 004d 0100     		.2byte	0x1
 1369 004f 51       		.byte	0x51
 1370 0050 17000000 		.4byte	.LVL4-1
 1371 0054 8E000000 		.4byte	.LFE0
 1372 0058 0200     		.2byte	0x2
 1373 005a 91       		.byte	0x91
 1374 005b 5C       		.sleb128 -36
 1375 005c 00000000 		.4byte	0
 1376 0060 00000000 		.4byte	0
 1377              	.LLST2:
 1378 0064 00000000 		.4byte	.LVL0
 1379 0068 17000000 		.4byte	.LVL4-1
 1380 006c 0100     		.2byte	0x1
 1381 006e 52       		.byte	0x52
 1382 006f 17000000 		.4byte	.LVL4-1
 1383 0073 8E000000 		.4byte	.LFE0
 1384 0077 0400     		.2byte	0x4
 1385 0079 F3       		.byte	0xf3
 1386 007a 01       		.uleb128 0x1
 1387 007b 52       		.byte	0x52
 1388 007c 9F       		.byte	0x9f
 1389 007d 00000000 		.4byte	0
 1390 0081 00000000 		.4byte	0
 1391              	.LLST3:
 1392 0085 00000000 		.4byte	.LVL0
 1393 0089 0A000000 		.4byte	.LVL1
 1394 008d 0100     		.2byte	0x1
 1395 008f 53       		.byte	0x53
 1396 0090 0A000000 		.4byte	.LVL1
 1397 0094 8C000000 		.4byte	.LVL16
 1398 0098 0100     		.2byte	0x1
 1399 009a 55       		.byte	0x55
 1400 009b 8C000000 		.4byte	.LVL16
 1401 009f 8E000000 		.4byte	.LFE0
 1402 00a3 0400     		.2byte	0x4
 1403 00a5 F3       		.byte	0xf3
 1404 00a6 01       		.uleb128 0x1
 1405 00a7 53       		.byte	0x53
 1406 00a8 9F       		.byte	0x9f
 1407 00a9 00000000 		.4byte	0
 1408 00ad 00000000 		.4byte	0
 1409              	.LLST4:
 1410 00b1 10000000 		.4byte	.LVL3
 1411 00b5 3C000000 		.4byte	.LVL9
 1412 00b9 0200     		.2byte	0x2
 1413 00bb 30       		.byte	0x30
ARM GAS  C:\Users\ddemidov\AppData\Local\Temp\ccmW2Aop.s 			page 28


 1414 00bc 9F       		.byte	0x9f
 1415 00bd 3C000000 		.4byte	.LVL9
 1416 00c1 84000000 		.4byte	.LVL14
 1417 00c5 0100     		.2byte	0x1
 1418 00c7 54       		.byte	0x54
 1419 00c8 84000000 		.4byte	.LVL14
 1420 00cc 88000000 		.4byte	.LVL15
 1421 00d0 0200     		.2byte	0x2
 1422 00d2 30       		.byte	0x30
 1423 00d3 9F       		.byte	0x9f
 1424 00d4 00000000 		.4byte	0
 1425 00d8 00000000 		.4byte	0
 1426              	.LLST5:
 1427 00dc 10000000 		.4byte	.LVL3
 1428 00e0 32000000 		.4byte	.LVL6
 1429 00e4 0300     		.2byte	0x3
 1430 00e6 09       		.byte	0x9
 1431 00e7 FF       		.byte	0xff
 1432 00e8 9F       		.byte	0x9f
 1433 00e9 32000000 		.4byte	.LVL6
 1434 00ed 38000000 		.4byte	.LVL8
 1435 00f1 0100     		.2byte	0x1
 1436 00f3 50       		.byte	0x50
 1437 00f4 38000000 		.4byte	.LVL8
 1438 00f8 82000000 		.4byte	.LVL13
 1439 00fc 0100     		.2byte	0x1
 1440 00fe 56       		.byte	0x56
 1441 00ff 84000000 		.4byte	.LVL14
 1442 0103 88000000 		.4byte	.LVL15
 1443 0107 0300     		.2byte	0x3
 1444 0109 09       		.byte	0x9
 1445 010a FF       		.byte	0xff
 1446 010b 9F       		.byte	0x9f
 1447 010c 88000000 		.4byte	.LVL15
 1448 0110 8C000000 		.4byte	.LVL17
 1449 0114 0100     		.2byte	0x1
 1450 0116 56       		.byte	0x56
 1451 0117 8C000000 		.4byte	.LVL17
 1452 011b 8E000000 		.4byte	.LFE0
 1453 011f 0100     		.2byte	0x1
 1454 0121 50       		.byte	0x50
 1455 0122 00000000 		.4byte	0
 1456 0126 00000000 		.4byte	0
 1457              	.LLST6:
 1458 012a 00000000 		.4byte	.LVL18
 1459 012e 12000000 		.4byte	.LVL20
 1460 0132 0100     		.2byte	0x1
 1461 0134 50       		.byte	0x50
 1462 0135 12000000 		.4byte	.LVL20
 1463 0139 4C000000 		.4byte	.LVL28
 1464 013d 0100     		.2byte	0x1
 1465 013f 55       		.byte	0x55
 1466 0140 4C000000 		.4byte	.LVL28
 1467 0144 4E000000 		.4byte	.LVL29
 1468 0148 0100     		.2byte	0x1
 1469 014a 50       		.byte	0x50
 1470 014b 4E000000 		.4byte	.LVL29
ARM GAS  C:\Users\ddemidov\AppData\Local\Temp\ccmW2Aop.s 			page 29


 1471 014f 50000000 		.4byte	.LVL30
 1472 0153 0200     		.2byte	0x2
 1473 0155 91       		.byte	0x91
 1474 0156 6C       		.sleb128 -20
 1475 0157 50000000 		.4byte	.LVL30
 1476 015b 52000000 		.4byte	.LFE1
 1477 015f 0400     		.2byte	0x4
 1478 0161 F3       		.byte	0xf3
 1479 0162 01       		.uleb128 0x1
 1480 0163 50       		.byte	0x50
 1481 0164 9F       		.byte	0x9f
 1482 0165 00000000 		.4byte	0
 1483 0169 00000000 		.4byte	0
 1484              	.LLST7:
 1485 016d 00000000 		.4byte	.LVL18
 1486 0171 0E000000 		.4byte	.LVL19
 1487 0175 0100     		.2byte	0x1
 1488 0177 51       		.byte	0x51
 1489 0178 0E000000 		.4byte	.LVL19
 1490 017c 4C000000 		.4byte	.LVL28
 1491 0180 0400     		.2byte	0x4
 1492 0182 F3       		.byte	0xf3
 1493 0183 01       		.uleb128 0x1
 1494 0184 51       		.byte	0x51
 1495 0185 9F       		.byte	0x9f
 1496 0186 4C000000 		.4byte	.LVL28
 1497 018a 50000000 		.4byte	.LVL30
 1498 018e 0100     		.2byte	0x1
 1499 0190 51       		.byte	0x51
 1500 0191 50000000 		.4byte	.LVL30
 1501 0195 52000000 		.4byte	.LFE1
 1502 0199 0400     		.2byte	0x4
 1503 019b F3       		.byte	0xf3
 1504 019c 01       		.uleb128 0x1
 1505 019d 51       		.byte	0x51
 1506 019e 9F       		.byte	0x9f
 1507 019f 00000000 		.4byte	0
 1508 01a3 00000000 		.4byte	0
 1509              	.LLST8:
 1510 01a7 00000000 		.4byte	.LVL18
 1511 01ab 17000000 		.4byte	.LVL21-1
 1512 01af 0100     		.2byte	0x1
 1513 01b1 52       		.byte	0x52
 1514 01b2 17000000 		.4byte	.LVL21-1
 1515 01b6 4C000000 		.4byte	.LVL28
 1516 01ba 0400     		.2byte	0x4
 1517 01bc F3       		.byte	0xf3
 1518 01bd 01       		.uleb128 0x1
 1519 01be 52       		.byte	0x52
 1520 01bf 9F       		.byte	0x9f
 1521 01c0 4C000000 		.4byte	.LVL28
 1522 01c4 50000000 		.4byte	.LVL30
 1523 01c8 0100     		.2byte	0x1
 1524 01ca 52       		.byte	0x52
 1525 01cb 50000000 		.4byte	.LVL30
 1526 01cf 52000000 		.4byte	.LFE1
 1527 01d3 0400     		.2byte	0x4
ARM GAS  C:\Users\ddemidov\AppData\Local\Temp\ccmW2Aop.s 			page 30


 1528 01d5 F3       		.byte	0xf3
 1529 01d6 01       		.uleb128 0x1
 1530 01d7 52       		.byte	0x52
 1531 01d8 9F       		.byte	0x9f
 1532 01d9 00000000 		.4byte	0
 1533 01dd 00000000 		.4byte	0
 1534              	.LLST9:
 1535 01e1 00000000 		.4byte	.LVL18
 1536 01e5 17000000 		.4byte	.LVL21-1
 1537 01e9 0100     		.2byte	0x1
 1538 01eb 53       		.byte	0x53
 1539 01ec 17000000 		.4byte	.LVL21-1
 1540 01f0 4C000000 		.4byte	.LVL28
 1541 01f4 0100     		.2byte	0x1
 1542 01f6 54       		.byte	0x54
 1543 01f7 4C000000 		.4byte	.LVL28
 1544 01fb 50000000 		.4byte	.LVL30
 1545 01ff 0100     		.2byte	0x1
 1546 0201 53       		.byte	0x53
 1547 0202 50000000 		.4byte	.LVL30
 1548 0206 52000000 		.4byte	.LFE1
 1549 020a 0400     		.2byte	0x4
 1550 020c F3       		.byte	0xf3
 1551 020d 01       		.uleb128 0x1
 1552 020e 53       		.byte	0x53
 1553 020f 9F       		.byte	0x9f
 1554 0210 00000000 		.4byte	0
 1555 0214 00000000 		.4byte	0
 1556              	.LLST10:
 1557 0218 00000000 		.4byte	.LVL18
 1558 021c 4A000000 		.4byte	.LVL27
 1559 0220 0300     		.2byte	0x3
 1560 0222 09       		.byte	0x9
 1561 0223 FF       		.byte	0xff
 1562 0224 9F       		.byte	0x9f
 1563 0225 4A000000 		.4byte	.LVL27
 1564 0229 4C000000 		.4byte	.LVL28
 1565 022d 0100     		.2byte	0x1
 1566 022f 50       		.byte	0x50
 1567 0230 4C000000 		.4byte	.LVL28
 1568 0234 50000000 		.4byte	.LVL30
 1569 0238 0300     		.2byte	0x3
 1570 023a 09       		.byte	0x9
 1571 023b FF       		.byte	0xff
 1572 023c 9F       		.byte	0x9f
 1573 023d 50000000 		.4byte	.LVL30
 1574 0241 52000000 		.4byte	.LFE1
 1575 0245 0100     		.2byte	0x1
 1576 0247 50       		.byte	0x50
 1577 0248 00000000 		.4byte	0
 1578 024c 00000000 		.4byte	0
 1579              	.LLST11:
 1580 0250 2E000000 		.4byte	.LVL23
 1581 0254 30000000 		.4byte	.LVL24
 1582 0258 0200     		.2byte	0x2
 1583 025a 30       		.byte	0x30
 1584 025b 9F       		.byte	0x9f
ARM GAS  C:\Users\ddemidov\AppData\Local\Temp\ccmW2Aop.s 			page 31


 1585 025c 30000000 		.4byte	.LVL24
 1586 0260 4C000000 		.4byte	.LVL28
 1587 0264 0100     		.2byte	0x1
 1588 0266 56       		.byte	0x56
 1589 0267 00000000 		.4byte	0
 1590 026b 00000000 		.4byte	0
 1591              		.section	.debug_aranges,"",%progbits
 1592 0000 24000000 		.4byte	0x24
 1593 0004 0200     		.2byte	0x2
 1594 0006 00000000 		.4byte	.Ldebug_info0
 1595 000a 04       		.byte	0x4
 1596 000b 00       		.byte	0
 1597 000c 0000     		.2byte	0
 1598 000e 0000     		.2byte	0
 1599 0010 00000000 		.4byte	.LFB0
 1600 0014 8E000000 		.4byte	.LFE0-.LFB0
 1601 0018 00000000 		.4byte	.LFB1
 1602 001c 52000000 		.4byte	.LFE1-.LFB1
 1603 0020 00000000 		.4byte	0
 1604 0024 00000000 		.4byte	0
 1605              		.section	.debug_ranges,"",%progbits
 1606              	.Ldebug_ranges0:
 1607 0000 00000000 		.4byte	.LFB0
 1608 0004 8E000000 		.4byte	.LFE0
 1609 0008 00000000 		.4byte	.LFB1
 1610 000c 52000000 		.4byte	.LFE1
 1611 0010 00000000 		.4byte	0
 1612 0014 00000000 		.4byte	0
 1613              		.section	.debug_line,"",%progbits
 1614              	.Ldebug_line0:
 1615 0000 E9000000 		.section	.debug_str,"MS",%progbits,1
 1615      02007E00 
 1615      00000201 
 1615      FB0E0D00 
 1615      01010101 
 1616              	.LASF0:
 1617 0000 4D515454 		.ascii	"MQTTPACKET_BUFFER_TOO_SHORT\000"
 1617      5041434B 
 1617      45545F42 
 1617      55464645 
 1617      525F544F 
 1618              	.LASF42:
 1619 001c 636F756E 		.ascii	"count\000"
 1619      7400
 1620              	.LASF59:
 1621 0022 474E5520 		.ascii	"GNU C 4.9.3 20150303 (release) [ARM/embedded-4_9-br"
 1621      4320342E 
 1621      392E3320 
 1621      32303135 
 1621      30333033 
 1622 0055 616E6368 		.ascii	"anch revision 221220] -mcpu=cortex-m0 -mthumb -g -O"
 1622      20726576 
 1622      6973696F 
 1622      6E203232 
 1622      31323230 
 1623 0088 73202D66 		.ascii	"s -ffunction-sections -ffat-lto-objects\000"
 1623      66756E63 
ARM GAS  C:\Users\ddemidov\AppData\Local\Temp\ccmW2Aop.s 			page 32


 1623      74696F6E 
 1623      2D736563 
 1623      74696F6E 
 1624              	.LASF44:
 1625 00b0 72657175 		.ascii	"requestedQoSs\000"
 1625      65737465 
 1625      64516F53 
 1625      7300
 1626              	.LASF56:
 1627 00be 72656164 		.ascii	"readInt\000"
 1627      496E7400 
 1628              	.LASF20:
 1629 00c6 74797065 		.ascii	"type\000"
 1629      00
 1630              	.LASF57:
 1631 00cb 72656164 		.ascii	"readMQTTLenString\000"
 1631      4D515454 
 1631      4C656E53 
 1631      7472696E 
 1631      6700
 1632              	.LASF15:
 1633 00dd 554E5355 		.ascii	"UNSUBACK\000"
 1633      4241434B 
 1633      00
 1634              	.LASF19:
 1635 00e6 72657461 		.ascii	"retain\000"
 1635      696E00
 1636              	.LASF30:
 1637 00ed 6C656E73 		.ascii	"lenstring\000"
 1637      7472696E 
 1637      6700
 1638              	.LASF38:
 1639 00f7 6C6F6E67 		.ascii	"long long unsigned int\000"
 1639      206C6F6E 
 1639      6720756E 
 1639      7369676E 
 1639      65642069 
 1640              	.LASF41:
 1641 010e 6D617863 		.ascii	"maxcount\000"
 1641      6F756E74 
 1641      00
 1642              	.LASF1:
 1643 0117 4D515454 		.ascii	"MQTTPACKET_READ_ERROR\000"
 1643      5041434B 
 1643      45545F52 
 1643      4541445F 
 1643      4552524F 
 1644              	.LASF37:
 1645 012d 6C6F6E67 		.ascii	"long long int\000"
 1645      206C6F6E 
 1645      6720696E 
 1645      7400
 1646              	.LASF32:
 1647 013b 7369676E 		.ascii	"signed char\000"
 1647      65642063 
 1647      68617200 
 1648              	.LASF54:
ARM GAS  C:\Users\ddemidov\AppData\Local\Temp\ccmW2Aop.s 			page 33


 1649 0147 72656164 		.ascii	"readChar\000"
 1649      43686172 
 1649      00
 1650              	.LASF22:
 1651 0150 62697473 		.ascii	"bits\000"
 1651      00
 1652              	.LASF35:
 1653 0155 6C6F6E67 		.ascii	"long int\000"
 1653      20696E74 
 1653      00
 1654              	.LASF63:
 1655 015e 77726974 		.ascii	"writeInt\000"
 1655      65496E74 
 1655      00
 1656              	.LASF14:
 1657 0167 554E5355 		.ascii	"UNSUBSCRIBE\000"
 1657      42534352 
 1657      49424500 
 1658              	.LASF21:
 1659 0173 62797465 		.ascii	"byte\000"
 1659      00
 1660              	.LASF58:
 1661 0178 4D515454 		.ascii	"MQTTPacket_encode\000"
 1661      5061636B 
 1661      65745F65 
 1661      6E636F64 
 1661      6500
 1662              	.LASF4:
 1663 018a 6D736754 		.ascii	"msgTypes\000"
 1663      79706573 
 1663      00
 1664              	.LASF23:
 1665 0193 756E7369 		.ascii	"unsigned int\000"
 1665      676E6564 
 1665      20696E74 
 1665      00
 1666              	.LASF50:
 1667 01a0 4D515454 		.ascii	"MQTTSerialize_suback\000"
 1667      53657269 
 1667      616C697A 
 1667      655F7375 
 1667      6261636B 
 1668              	.LASF6:
 1669 01b5 434F4E4E 		.ascii	"CONNACK\000"
 1669      41434B00 
 1670              	.LASF3:
 1671 01bd 6572726F 		.ascii	"errors\000"
 1671      727300
 1672              	.LASF36:
 1673 01c4 6C6F6E67 		.ascii	"long unsigned int\000"
 1673      20756E73 
 1673      69676E65 
 1673      6420696E 
 1673      7400
 1674              	.LASF47:
 1675 01d6 656E6464 		.ascii	"enddata\000"
 1675      61746100 
ARM GAS  C:\Users\ddemidov\AppData\Local\Temp\ccmW2Aop.s 			page 34


 1676              	.LASF25:
 1677 01de 64617461 		.ascii	"data\000"
 1677      00
 1678              	.LASF34:
 1679 01e3 73686F72 		.ascii	"short unsigned int\000"
 1679      7420756E 
 1679      7369676E 
 1679      65642069 
 1679      6E7400
 1680              	.LASF2:
 1681 01f6 4D515454 		.ascii	"MQTTPACKET_READ_COMPLETE\000"
 1681      5041434B 
 1681      45545F52 
 1681      4541445F 
 1681      434F4D50 
 1682              	.LASF13:
 1683 020f 53554241 		.ascii	"SUBACK\000"
 1683      434B00
 1684              	.LASF31:
 1685 0216 4D515454 		.ascii	"MQTTString\000"
 1685      53747269 
 1685      6E6700
 1686              	.LASF51:
 1687 0221 6772616E 		.ascii	"grantedQoSs\000"
 1687      74656451 
 1687      6F537300 
 1688              	.LASF40:
 1689 022d 7061636B 		.ascii	"packetid\000"
 1689      65746964 
 1689      00
 1690              	.LASF39:
 1691 0236 73697A65 		.ascii	"sizetype\000"
 1691      74797065 
 1691      00
 1692              	.LASF43:
 1693 023f 746F7069 		.ascii	"topicFilters\000"
 1693      6346696C 
 1693      74657273 
 1693      00
 1694              	.LASF29:
 1695 024c 63737472 		.ascii	"cstring\000"
 1695      696E6700 
 1696              	.LASF18:
 1697 0254 44495343 		.ascii	"DISCONNECT\000"
 1697      4F4E4E45 
 1697      435400
 1698              	.LASF55:
 1699 025f 4D515454 		.ascii	"MQTTPacket_decodeBuf\000"
 1699      5061636B 
 1699      65745F64 
 1699      65636F64 
 1699      65427566 
 1700              	.LASF46:
 1701 0274 63757264 		.ascii	"curdata\000"
 1701      61746100 
 1702              	.LASF48:
 1703 027c 6D796C65 		.ascii	"mylen\000"
ARM GAS  C:\Users\ddemidov\AppData\Local\Temp\ccmW2Aop.s 			page 35


 1703      6E00
 1704              	.LASF17:
 1705 0282 50494E47 		.ascii	"PINGRESP\000"
 1705      52455350 
 1705      00
 1706              	.LASF5:
 1707 028b 434F4E4E 		.ascii	"CONNECT\000"
 1707      45435400 
 1708              	.LASF24:
 1709 0293 756E7369 		.ascii	"unsigned char\000"
 1709      676E6564 
 1709      20636861 
 1709      7200
 1710              	.LASF33:
 1711 02a1 73686F72 		.ascii	"short int\000"
 1711      7420696E 
 1711      7400
 1712              	.LASF7:
 1713 02ab 5055424C 		.ascii	"PUBLISH\000"
 1713      49534800 
 1714              	.LASF45:
 1715 02b3 6275666C 		.ascii	"buflen\000"
 1715      656E00
 1716              	.LASF53:
 1717 02ba 65786974 		.ascii	"exit\000"
 1717      00
 1718              	.LASF61:
 1719 02bf 433A5C55 		.ascii	"C:\\Users\\ddemidov\\Documents\\PSoC Creator\\BLE_F"
 1719      73657273 
 1719      5C646465 
 1719      6D69646F 
 1719      765C446F 
 1720 02ed 696E644D 		.ascii	"indMe01\\SenseAbility.cydsn\000"
 1720      6530315C 
 1720      53656E73 
 1720      65416269 
 1720      6C697479 
 1721              	.LASF27:
 1722 0308 4D515454 		.ascii	"MQTTHeader\000"
 1722      48656164 
 1722      657200
 1723              	.LASF28:
 1724 0313 4D515454 		.ascii	"MQTTLenString\000"
 1724      4C656E53 
 1724      7472696E 
 1724      6700
 1725              	.LASF12:
 1726 0321 53554253 		.ascii	"SUBSCRIBE\000"
 1726      43524942 
 1726      4500
 1727              	.LASF26:
 1728 032b 63686172 		.ascii	"char\000"
 1728      00
 1729              	.LASF8:
 1730 0330 50554241 		.ascii	"PUBACK\000"
 1730      434B00
 1731              	.LASF11:
ARM GAS  C:\Users\ddemidov\AppData\Local\Temp\ccmW2Aop.s 			page 36


 1732 0337 50554243 		.ascii	"PUBCOMP\000"
 1732      4F4D5000 
 1733              	.LASF49:
 1734 033f 4D515454 		.ascii	"MQTTDeserialize_subscribe\000"
 1734      44657365 
 1734      7269616C 
 1734      697A655F 
 1734      73756273 
 1735              	.LASF62:
 1736 0359 77726974 		.ascii	"writeChar\000"
 1736      65436861 
 1736      7200
 1737              	.LASF9:
 1738 0363 50554252 		.ascii	"PUBREC\000"
 1738      454300
 1739              	.LASF60:
 1740 036a 2E2E5C61 		.ascii	"..\\acn-sdk-c\\src\\mqtt\\packet\\src\\MQTTSubscrib"
 1740      636E2D73 
 1740      646B2D63 
 1740      5C737263 
 1740      5C6D7174 
 1741 0397 65536572 		.ascii	"eServer.c\000"
 1741      7665722E 
 1741      6300
 1742              	.LASF10:
 1743 03a1 50554252 		.ascii	"PUBREL\000"
 1743      454C00
 1744              	.LASF16:
 1745 03a8 50494E47 		.ascii	"PINGREQ\000"
 1745      52455100 
 1746              	.LASF52:
 1747 03b0 68656164 		.ascii	"header\000"
 1747      657200
 1748              		.ident	"GCC: (GNU Tools for ARM Embedded Processors) 4.9.3 20150303 (release) [ARM/embedded-4_9-br
