ARM GAS  C:\Users\ddemidov\AppData\Local\Temp\ccE0jAOP.s 			page 1


   1              		.cpu cortex-m0
   2              		.fpu softvfp
   3              		.eabi_attribute 20, 1
   4              		.eabi_attribute 21, 1
   5              		.eabi_attribute 23, 3
   6              		.eabi_attribute 24, 1
   7              		.eabi_attribute 25, 1
   8              		.eabi_attribute 26, 1
   9              		.eabi_attribute 30, 1
  10              		.eabi_attribute 34, 0
  11              		.eabi_attribute 18, 4
  12              		.code	16
  13              		.file	"poly1305.c"
  14              		.text
  15              	.Ltext0:
  16              		.cfi_sections	.debug_frame
  17              	.Letext0:
  18              		.section	.debug_line,"",%progbits
  19              	.Ldebug_line0:
  20              		.section	.debug_str,"MS",%progbits,1
  21              	.LASF0:
  22 0000 2E2E5C6B 		.ascii	"..\\kronos-c-sdk\\src\\wolfSSL\\wolfcrypt\\src\\pol"
  22      726F6E6F 
  22      732D632D 
  22      73646B5C 
  22      7372635C 
  23 002d 79313330 		.ascii	"y1305.c\000"
  23      352E6300 
  24              	.LASF1:
  25 0035 474E5520 		.ascii	"GNU C 4.9.3 20150303 (release) [ARM/embedded-4_9-br"
  25      4320342E 
  25      392E3320 
  25      32303135 
  25      30333033 
  26 0068 616E6368 		.ascii	"anch revision 221220] -mcpu=cortex-m0 -mthumb -g -O"
  26      20726576 
  26      6973696F 
  26      6E203232 
  26      31323230 
  27 009b 67202D66 		.ascii	"g -ffunction-sections -ffat-lto-objects\000"
  27      66756E63 
  27      74696F6E 
  27      2D736563 
  27      74696F6E 
  28              	.LASF2:
  29 00c3 433A5C55 		.ascii	"C:\\Users\\ddemidov\\Documents\\PSoC Creator\\BLE_F"
  29      73657273 
  29      5C646465 
  29      6D69646F 
  29      765C446F 
  30 00f1 696E644D 		.ascii	"indMe01\\SenseAbility.cydsn\000"
  30      6530315C 
  30      53656E73 
  30      65416269 
  30      6C697479 
  31              		.ident	"GCC: (GNU Tools for ARM Embedded Processors) 4.9.3 20150303 (release) [ARM/embedded-4_9-br
