ARM GAS  C:\Users\ddemidov\AppData\Local\Temp\ccvUJPDx.s 			page 1


   1              		.cpu cortex-m0
   2              		.fpu softvfp
   3              		.eabi_attribute 20, 1
   4              		.eabi_attribute 21, 1
   5              		.eabi_attribute 23, 3
   6              		.eabi_attribute 24, 1
   7              		.eabi_attribute 25, 1
   8              		.eabi_attribute 26, 1
   9              		.eabi_attribute 30, 4
  10              		.eabi_attribute 34, 0
  11              		.eabi_attribute 18, 4
  12              		.code	16
  13              		.file	"request.c"
  14              		.text
  15              	.Ltext0:
  16              		.cfi_sections	.debug_frame
  17              		.section	.text.get_canonical_string,"ax",%progbits
  18              		.align	1
  19              		.global	get_canonical_string
  20              		.code	16
  21              		.thumb_func
  22              		.type	get_canonical_string, %function
  23              	get_canonical_string:
  24              	.LFB0:
  25              		.file 1 "..\\acn-sdk-c\\src\\arrow\\request.c"
   1:..\acn-sdk-c\src\arrow/request.c **** /* Copyright (c) 2017 Arrow Electronics, Inc.
   2:..\acn-sdk-c\src\arrow/request.c ****  * All rights reserved. This program and the accompanying materials
   3:..\acn-sdk-c\src\arrow/request.c ****  * are made available under the terms of the Apache License 2.0
   4:..\acn-sdk-c\src\arrow/request.c ****  * which accompanies this distribution, and is available at
   5:..\acn-sdk-c\src\arrow/request.c ****  * http://apache.org/licenses/LICENSE-2.0
   6:..\acn-sdk-c\src\arrow/request.c ****  * Contributors: Arrow Electronics, Inc.
   7:..\acn-sdk-c\src\arrow/request.c ****  */
   8:..\acn-sdk-c\src\arrow/request.c **** 
   9:..\acn-sdk-c\src\arrow/request.c **** #include "arrow/request.h"
  10:..\acn-sdk-c\src\arrow/request.c **** #include <time/time.h>
  11:..\acn-sdk-c\src\arrow/request.c **** #include <arrow/mem.h>
  12:..\acn-sdk-c\src\arrow/request.c **** #if !defined(__XCC__)
  13:..\acn-sdk-c\src\arrow/request.c **** #include <string.h>
  14:..\acn-sdk-c\src\arrow/request.c **** #endif
  15:..\acn-sdk-c\src\arrow/request.c **** 
  16:..\acn-sdk-c\src\arrow/request.c **** void get_canonical_string(char *buffer, http_request_t *req){
  26              		.loc 1 16 0
  27              		.cfi_startproc
  28              	.LVL0:
  29 0000 38B5     		push	{r3, r4, r5, lr}
  30              		.cfi_def_cfa_offset 16
  31              		.cfi_offset 3, -16
  32              		.cfi_offset 4, -12
  33              		.cfi_offset 5, -8
  34              		.cfi_offset 14, -4
  17:..\acn-sdk-c\src\arrow/request.c ****     http_query_t *query = req->query;
  18:..\acn-sdk-c\src\arrow/request.c ****     buffer[0] = '\0';
  35              		.loc 1 18 0
  36 0002 0023     		mov	r3, #0
  16:..\acn-sdk-c\src\arrow/request.c ****     http_query_t *query = req->query;
  37              		.loc 1 16 0
  38 0004 051C     		mov	r5, r0
ARM GAS  C:\Users\ddemidov\AppData\Local\Temp\ccvUJPDx.s 			page 2


  17:..\acn-sdk-c\src\arrow/request.c ****     http_query_t *query = req->query;
  39              		.loc 1 17 0
  40 0006 F031     		add	r1, r1, #240
  41              	.LVL1:
  42 0008 0C68     		ldr	r4, [r1]
  43              	.LVL2:
  44              		.loc 1 18 0
  45 000a 0370     		strb	r3, [r0]
  46              	.LVL3:
  47              	.L2:
  19:..\acn-sdk-c\src\arrow/request.c ****     while (query) {
  48              		.loc 1 19 0
  49 000c 002C     		cmp	r4, #0
  50 000e 11D0     		beq	.L5
  20:..\acn-sdk-c\src\arrow/request.c ****         strcat(buffer, (char*)query->key);
  51              		.loc 1 20 0
  52 0010 2168     		ldr	r1, [r4]
  53 0012 281C     		mov	r0, r5
  54 0014 FFF7FEFF 		bl	strcat
  55              	.LVL4:
  21:..\acn-sdk-c\src\arrow/request.c ****         strcat(buffer, "=");
  56              		.loc 1 21 0
  57 0018 0749     		ldr	r1, .L6
  58 001a 281C     		mov	r0, r5
  59 001c FFF7FEFF 		bl	strcat
  60              	.LVL5:
  22:..\acn-sdk-c\src\arrow/request.c ****         strcat(buffer, (char*)query->value);
  61              		.loc 1 22 0
  62 0020 6168     		ldr	r1, [r4, #4]
  63 0022 281C     		mov	r0, r5
  64 0024 FFF7FEFF 		bl	strcat
  65              	.LVL6:
  23:..\acn-sdk-c\src\arrow/request.c ****         strcat(buffer, "\r\n");
  66              		.loc 1 23 0
  67 0028 281C     		mov	r0, r5
  68 002a 0449     		ldr	r1, .L6+4
  69 002c FFF7FEFF 		bl	strcat
  70              	.LVL7:
  24:..\acn-sdk-c\src\arrow/request.c ****         query = query->next;
  71              		.loc 1 24 0
  72 0030 A468     		ldr	r4, [r4, #8]
  73              	.LVL8:
  74 0032 EBE7     		b	.L2
  75              	.L5:
  25:..\acn-sdk-c\src\arrow/request.c ****     }
  26:..\acn-sdk-c\src\arrow/request.c **** }
  76              		.loc 1 26 0
  77              		@ sp needed
  78              	.LVL9:
  79              	.LVL10:
  80 0034 38BD     		pop	{r3, r4, r5, pc}
  81              	.L7:
  82 0036 C046     		.align	2
  83              	.L6:
  84 0038 00000000 		.word	.LC0
  85 003c 02000000 		.word	.LC2
  86              		.cfi_endproc
ARM GAS  C:\Users\ddemidov\AppData\Local\Temp\ccvUJPDx.s 			page 3


  87              	.LFE0:
  88              		.size	get_canonical_string, .-get_canonical_string
  89              		.section	.text.sign_request,"ax",%progbits
  90              		.align	1
  91              		.global	sign_request
  92              		.code	16
  93              		.thumb_func
  94              		.type	sign_request, %function
  95              	sign_request:
  96              	.LFB1:
  27:..\acn-sdk-c\src\arrow/request.c **** 
  28:..\acn-sdk-c\src\arrow/request.c **** void sign_request(http_request_t *req) {
  97              		.loc 1 28 0
  98              		.cfi_startproc
  99              	.LVL11:
  29:..\acn-sdk-c\src\arrow/request.c ****     char ts[25];
  30:..\acn-sdk-c\src\arrow/request.c ****     char signature[70];
  31:..\acn-sdk-c\src\arrow/request.c ****     char *canonicalQuery = NULL;
  32:..\acn-sdk-c\src\arrow/request.c ****     if ( req->query ) {
 100              		.loc 1 32 0
 101 0000 031C     		mov	r3, r0
  28:..\acn-sdk-c\src\arrow/request.c ****     char ts[25];
 102              		.loc 1 28 0
 103 0002 70B5     		push	{r4, r5, r6, lr}
 104              		.cfi_def_cfa_offset 16
 105              		.cfi_offset 4, -16
 106              		.cfi_offset 5, -12
 107              		.cfi_offset 6, -8
 108              		.cfi_offset 14, -4
 109              		.loc 1 32 0
 110 0004 F033     		add	r3, r3, #240
 111 0006 1B68     		ldr	r3, [r3]
  28:..\acn-sdk-c\src\arrow/request.c ****     char ts[25];
 112              		.loc 1 28 0
 113 0008 9EB0     		sub	sp, sp, #120
 114              		.cfi_def_cfa_offset 136
  28:..\acn-sdk-c\src\arrow/request.c ****     char ts[25];
 115              		.loc 1 28 0
 116 000a 041C     		mov	r4, r0
  31:..\acn-sdk-c\src\arrow/request.c ****     if ( req->query ) {
 117              		.loc 1 31 0
 118 000c 1D1E     		sub	r5, r3, #0
 119              		.loc 1 32 0
 120 000e 07D0     		beq	.L9
  33:..\acn-sdk-c\src\arrow/request.c ****       canonicalQuery = (char*)malloc(CANONICAL_QUERY_LEN);
 121              		.loc 1 33 0
 122 0010 8020     		mov	r0, #128
 123              	.LVL12:
 124 0012 4000     		lsl	r0, r0, #1
 125 0014 FFF7FEFF 		bl	malloc
 126              	.LVL13:
  34:..\acn-sdk-c\src\arrow/request.c ****       get_canonical_string(canonicalQuery, req);
 127              		.loc 1 34 0
 128 0018 211C     		mov	r1, r4
  33:..\acn-sdk-c\src\arrow/request.c ****       canonicalQuery = (char*)malloc(CANONICAL_QUERY_LEN);
 129              		.loc 1 33 0
 130 001a 051C     		mov	r5, r0
ARM GAS  C:\Users\ddemidov\AppData\Local\Temp\ccvUJPDx.s 			page 4


 131              	.LVL14:
 132              		.loc 1 34 0
 133 001c FFF7FEFF 		bl	get_canonical_string
 134              	.LVL15:
 135              	.L9:
  35:..\acn-sdk-c\src\arrow/request.c ****     }
  36:..\acn-sdk-c\src\arrow/request.c ****     get_time(ts);
 136              		.loc 1 36 0
 137 0020 05A8     		add	r0, sp, #20
 138 0022 FFF7FEFF 		bl	get_time
 139              	.LVL16:
  37:..\acn-sdk-c\src\arrow/request.c ****     http_request_add_header(req, "x-arrow-apikey", get_api_key());
 140              		.loc 1 37 0
 141 0026 FFF7FEFF 		bl	get_api_key
 142              	.LVL17:
 143 002a 2149     		ldr	r1, .L15
 144 002c 021C     		mov	r2, r0
 145 002e 201C     		mov	r0, r4
 146 0030 FFF7FEFF 		bl	http_request_add_header
 147              	.LVL18:
  38:..\acn-sdk-c\src\arrow/request.c ****     http_request_add_header(req, "x-arrow-date", ts);
 148              		.loc 1 38 0
 149 0034 201C     		mov	r0, r4
 150 0036 1F49     		ldr	r1, .L15+4
 151 0038 05AA     		add	r2, sp, #20
 152 003a FFF7FEFF 		bl	http_request_add_header
 153              	.LVL19:
  39:..\acn-sdk-c\src\arrow/request.c ****     http_request_add_header(req, "x-arrow-version", "1");
 154              		.loc 1 39 0
 155 003e 1E4E     		ldr	r6, .L15+8
 156 0040 201C     		mov	r0, r4
 157 0042 1E49     		ldr	r1, .L15+12
 158 0044 321C     		mov	r2, r6
 159 0046 FFF7FEFF 		bl	http_request_add_header
 160              	.LVL20:
  40:..\acn-sdk-c\src\arrow/request.c ****     sign(signature, ts, (char*)req->meth,
  41:..\acn-sdk-c\src\arrow/request.c ****          (char*)req->uri, canonicalQuery,
  42:..\acn-sdk-c\src\arrow/request.c ****          (char*)req->payload.buf, "1");
 161              		.loc 1 42 0
 162 004a 231C     		mov	r3, r4
  40:..\acn-sdk-c\src\arrow/request.c ****     sign(signature, ts, (char*)req->meth,
 163              		.loc 1 40 0
 164 004c 0095     		str	r5, [sp]
 165              		.loc 1 42 0
 166 004e F833     		add	r3, r3, #248
  40:..\acn-sdk-c\src\arrow/request.c ****     sign(signature, ts, (char*)req->meth,
 167              		.loc 1 40 0
 168 0050 1B68     		ldr	r3, [r3]
 169 0052 0CA8     		add	r0, sp, #48
 170 0054 0193     		str	r3, [sp, #4]
 171 0056 231C     		mov	r3, r4
 172 0058 0296     		str	r6, [sp, #8]
 173 005a 05A9     		add	r1, sp, #20
 174 005c 2268     		ldr	r2, [r4]
 175 005e 6C33     		add	r3, r3, #108
 176 0060 FFF7FEFF 		bl	sign
 177              	.LVL21:
ARM GAS  C:\Users\ddemidov\AppData\Local\Temp\ccvUJPDx.s 			page 5


  43:..\acn-sdk-c\src\arrow/request.c ****     if (canonicalQuery) free(canonicalQuery);
 178              		.loc 1 43 0
 179 0064 002D     		cmp	r5, #0
 180 0066 02D0     		beq	.L10
 181              		.loc 1 43 0 is_stmt 0 discriminator 1
 182 0068 281C     		mov	r0, r5
 183 006a FFF7FEFF 		bl	free
 184              	.LVL22:
 185              	.L10:
  44:..\acn-sdk-c\src\arrow/request.c ****     http_request_add_header(req, "x-arrow-signature", signature);
 186              		.loc 1 44 0 is_stmt 1
 187 006e 0CAA     		add	r2, sp, #48
 188 0070 201C     		mov	r0, r4
 189 0072 1349     		ldr	r1, .L15+16
 190 0074 FFF7FEFF 		bl	http_request_add_header
 191              	.LVL23:
  45:..\acn-sdk-c\src\arrow/request.c ****     http_request_set_content_type(req, "application/json");
 192              		.loc 1 45 0
 193 0078 124D     		ldr	r5, .L15+20
 194              	.LVL24:
 195 007a 201C     		mov	r0, r4
 196 007c 291C     		mov	r1, r5
 197 007e FFF7FEFF 		bl	http_request_set_content_type
 198              	.LVL25:
  46:..\acn-sdk-c\src\arrow/request.c ****     http_request_add_header(req, "Accept", "application/json");
 199              		.loc 1 46 0
 200 0082 201C     		mov	r0, r4
 201 0084 2A1C     		mov	r2, r5
 202 0086 1049     		ldr	r1, .L15+24
 203 0088 FFF7FEFF 		bl	http_request_add_header
 204              	.LVL26:
  47:..\acn-sdk-c\src\arrow/request.c ****     http_request_add_header(req, "Connection", "Keep-Alive");
 205              		.loc 1 47 0
 206 008c 201C     		mov	r0, r4
 207 008e 0F49     		ldr	r1, .L15+28
 208 0090 0F4A     		ldr	r2, .L15+32
 209 0092 FFF7FEFF 		bl	http_request_add_header
 210              	.LVL27:
  48:..\acn-sdk-c\src\arrow/request.c ****     http_request_add_header(req, "Accept-Encoding", "gzip, deflate");
 211              		.loc 1 48 0
 212 0096 201C     		mov	r0, r4
 213 0098 0E49     		ldr	r1, .L15+36
 214 009a 0F4A     		ldr	r2, .L15+40
 215 009c FFF7FEFF 		bl	http_request_add_header
 216              	.LVL28:
  49:..\acn-sdk-c\src\arrow/request.c ****     http_request_add_header(req, "User-Agent", "Go 1.1 package http");
 217              		.loc 1 49 0
 218 00a0 201C     		mov	r0, r4
 219 00a2 0E49     		ldr	r1, .L15+44
 220 00a4 0E4A     		ldr	r2, .L15+48
 221 00a6 FFF7FEFF 		bl	http_request_add_header
 222              	.LVL29:
  50:..\acn-sdk-c\src\arrow/request.c **** }
 223              		.loc 1 50 0
 224 00aa 1EB0     		add	sp, sp, #120
 225              		@ sp needed
 226              	.LVL30:
ARM GAS  C:\Users\ddemidov\AppData\Local\Temp\ccvUJPDx.s 			page 6


 227 00ac 70BD     		pop	{r4, r5, r6, pc}
 228              	.L16:
 229 00ae C046     		.align	2
 230              	.L15:
 231 00b0 05000000 		.word	.LC4
 232 00b4 14000000 		.word	.LC6
 233 00b8 31000000 		.word	.LC10
 234 00bc 21000000 		.word	.LC8
 235 00c0 33000000 		.word	.LC12
 236 00c4 45000000 		.word	.LC14
 237 00c8 56000000 		.word	.LC16
 238 00cc 5D000000 		.word	.LC18
 239 00d0 68000000 		.word	.LC20
 240 00d4 73000000 		.word	.LC22
 241 00d8 83000000 		.word	.LC24
 242 00dc 91000000 		.word	.LC26
 243 00e0 9C000000 		.word	.LC28
 244              		.cfi_endproc
 245              	.LFE1:
 246              		.size	sign_request, .-sign_request
 247              		.section	.rodata.str1.1,"aMS",%progbits,1
 248              	.LC0:
 249 0000 3D00     		.ascii	"=\000"
 250              	.LC2:
 251 0002 0D0A00   		.ascii	"\015\012\000"
 252              	.LC4:
 253 0005 782D6172 		.ascii	"x-arrow-apikey\000"
 253      726F772D 
 253      6170696B 
 253      657900
 254              	.LC6:
 255 0014 782D6172 		.ascii	"x-arrow-date\000"
 255      726F772D 
 255      64617465 
 255      00
 256              	.LC8:
 257 0021 782D6172 		.ascii	"x-arrow-version\000"
 257      726F772D 
 257      76657273 
 257      696F6E00 
 258              	.LC10:
 259 0031 3100     		.ascii	"1\000"
 260              	.LC12:
 261 0033 782D6172 		.ascii	"x-arrow-signature\000"
 261      726F772D 
 261      7369676E 
 261      61747572 
 261      6500
 262              	.LC14:
 263 0045 6170706C 		.ascii	"application/json\000"
 263      69636174 
 263      696F6E2F 
 263      6A736F6E 
 263      00
 264              	.LC16:
 265 0056 41636365 		.ascii	"Accept\000"
 265      707400
ARM GAS  C:\Users\ddemidov\AppData\Local\Temp\ccvUJPDx.s 			page 7


 266              	.LC18:
 267 005d 436F6E6E 		.ascii	"Connection\000"
 267      65637469 
 267      6F6E00
 268              	.LC20:
 269 0068 4B656570 		.ascii	"Keep-Alive\000"
 269      2D416C69 
 269      766500
 270              	.LC22:
 271 0073 41636365 		.ascii	"Accept-Encoding\000"
 271      70742D45 
 271      6E636F64 
 271      696E6700 
 272              	.LC24:
 273 0083 677A6970 		.ascii	"gzip, deflate\000"
 273      2C206465 
 273      666C6174 
 273      6500
 274              	.LC26:
 275 0091 55736572 		.ascii	"User-Agent\000"
 275      2D416765 
 275      6E7400
 276              	.LC28:
 277 009c 476F2031 		.ascii	"Go 1.1 package http\000"
 277      2E312070 
 277      61636B61 
 277      67652068 
 277      74747000 
 278              		.text
 279              	.Letext0:
 280              		.file 2 "c:\\program files (x86)\\cypress\\psoc creator\\3.3\\psoc creator\\import\\gnu\\arm\\4.9.
 281              		.file 3 "c:\\program files (x86)\\cypress\\psoc creator\\3.3\\psoc creator\\import\\gnu\\arm\\4.9.
 282              		.file 4 "..\\acn-sdk-c\\include/http/request.h"
 283              		.file 5 "c:\\program files (x86)\\cypress\\psoc creator\\3.3\\psoc creator\\import\\gnu\\arm\\4.9.
 284              		.file 6 "c:\\program files (x86)\\cypress\\psoc creator\\3.3\\psoc creator\\import\\gnu\\arm\\4.9.
 285              		.file 7 "..\\acn-sdk-c\\include/time/time.h"
 286              		.file 8 "..\\acn-sdk-c\\include/arrow/sign.h"
 287              		.section	.debug_info,"",%progbits
 288              	.Ldebug_info0:
 289 0000 B3050000 		.4byte	0x5b3
 290 0004 0400     		.2byte	0x4
 291 0006 00000000 		.4byte	.Ldebug_abbrev0
 292 000a 04       		.byte	0x4
 293 000b 01       		.uleb128 0x1
 294 000c 16000000 		.4byte	.LASF49
 295 0010 01       		.byte	0x1
 296 0011 41020000 		.4byte	.LASF50
 297 0015 C1000000 		.4byte	.LASF51
 298 0019 00000000 		.4byte	.Ldebug_ranges0+0
 299 001d 00000000 		.4byte	0
 300 0021 00000000 		.4byte	.Ldebug_line0
 301 0025 02       		.uleb128 0x2
 302 0026 01       		.byte	0x1
 303 0027 06       		.byte	0x6
 304 0028 04030000 		.4byte	.LASF0
 305 002c 03       		.uleb128 0x3
 306 002d 07000000 		.4byte	.LASF3
ARM GAS  C:\Users\ddemidov\AppData\Local\Temp\ccvUJPDx.s 			page 8


 307 0031 02       		.byte	0x2
 308 0032 1D       		.byte	0x1d
 309 0033 37000000 		.4byte	0x37
 310 0037 02       		.uleb128 0x2
 311 0038 01       		.byte	0x1
 312 0039 08       		.byte	0x8
 313 003a DF010000 		.4byte	.LASF1
 314 003e 02       		.uleb128 0x2
 315 003f 02       		.byte	0x2
 316 0040 05       		.byte	0x5
 317 0041 C6020000 		.4byte	.LASF2
 318 0045 03       		.uleb128 0x3
 319 0046 ED010000 		.4byte	.LASF4
 320 004a 02       		.byte	0x2
 321 004b 2B       		.byte	0x2b
 322 004c 50000000 		.4byte	0x50
 323 0050 02       		.uleb128 0x2
 324 0051 02       		.byte	0x2
 325 0052 07       		.byte	0x7
 326 0053 B0010000 		.4byte	.LASF5
 327 0057 02       		.uleb128 0x2
 328 0058 04       		.byte	0x4
 329 0059 05       		.byte	0x5
 330 005a F6020000 		.4byte	.LASF6
 331 005e 03       		.uleb128 0x3
 332 005f FF010000 		.4byte	.LASF7
 333 0063 02       		.byte	0x2
 334 0064 41       		.byte	0x41
 335 0065 69000000 		.4byte	0x69
 336 0069 02       		.uleb128 0x2
 337 006a 04       		.byte	0x4
 338 006b 07       		.byte	0x7
 339 006c 98010000 		.4byte	.LASF8
 340 0070 02       		.uleb128 0x2
 341 0071 08       		.byte	0x8
 342 0072 05       		.byte	0x5
 343 0073 A3020000 		.4byte	.LASF9
 344 0077 02       		.uleb128 0x2
 345 0078 08       		.byte	0x8
 346 0079 07       		.byte	0x7
 347 007a 62020000 		.4byte	.LASF10
 348 007e 04       		.uleb128 0x4
 349 007f 04       		.byte	0x4
 350 0080 05       		.byte	0x5
 351 0081 696E7400 		.ascii	"int\000"
 352 0085 02       		.uleb128 0x2
 353 0086 04       		.byte	0x4
 354 0087 07       		.byte	0x7
 355 0088 34020000 		.4byte	.LASF11
 356 008c 03       		.uleb128 0x3
 357 008d 79020000 		.4byte	.LASF12
 358 0091 03       		.byte	0x3
 359 0092 15       		.byte	0x15
 360 0093 2C000000 		.4byte	0x2c
 361 0097 03       		.uleb128 0x3
 362 0098 E4020000 		.4byte	.LASF13
 363 009c 03       		.byte	0x3
ARM GAS  C:\Users\ddemidov\AppData\Local\Temp\ccvUJPDx.s 			page 9


 364 009d 21       		.byte	0x21
 365 009e 45000000 		.4byte	0x45
 366 00a2 03       		.uleb128 0x3
 367 00a3 ED020000 		.4byte	.LASF14
 368 00a7 03       		.byte	0x3
 369 00a8 2D       		.byte	0x2d
 370 00a9 5E000000 		.4byte	0x5e
 371 00ad 02       		.uleb128 0x2
 372 00ae 04       		.byte	0x4
 373 00af 04       		.byte	0x4
 374 00b0 48010000 		.4byte	.LASF15
 375 00b4 02       		.uleb128 0x2
 376 00b5 08       		.byte	0x8
 377 00b6 04       		.byte	0x4
 378 00b7 F8010000 		.4byte	.LASF16
 379 00bb 02       		.uleb128 0x2
 380 00bc 01       		.byte	0x1
 381 00bd 08       		.byte	0x8
 382 00be B1020000 		.4byte	.LASF17
 383 00c2 02       		.uleb128 0x2
 384 00c3 04       		.byte	0x4
 385 00c4 07       		.byte	0x7
 386 00c5 8E020000 		.4byte	.LASF18
 387 00c9 05       		.uleb128 0x5
 388 00ca 04       		.byte	0x4
 389 00cb 06       		.uleb128 0x6
 390 00cc 04       		.byte	0x4
 391 00cd BB000000 		.4byte	0xbb
 392 00d1 07       		.uleb128 0x7
 393 00d2 D0020000 		.4byte	.LASF52
 394 00d6 0C       		.byte	0xc
 395 00d7 04       		.byte	0x4
 396 00d8 2F       		.byte	0x2f
 397 00d9 02010000 		.4byte	0x102
 398 00dd 08       		.uleb128 0x8
 399 00de 6B657900 		.ascii	"key\000"
 400 00e2 04       		.byte	0x4
 401 00e3 30       		.byte	0x30
 402 00e4 02010000 		.4byte	0x102
 403 00e8 00       		.byte	0
 404 00e9 09       		.uleb128 0x9
 405 00ea AE000000 		.4byte	.LASF19
 406 00ee 04       		.byte	0x4
 407 00ef 31       		.byte	0x31
 408 00f0 02010000 		.4byte	0x102
 409 00f4 04       		.byte	0x4
 410 00f5 09       		.uleb128 0x9
 411 00f6 11000000 		.4byte	.LASF20
 412 00fa 04       		.byte	0x4
 413 00fb 32       		.byte	0x32
 414 00fc 08010000 		.4byte	0x108
 415 0100 08       		.byte	0x8
 416 0101 00       		.byte	0
 417 0102 06       		.uleb128 0x6
 418 0103 04       		.byte	0x4
 419 0104 8C000000 		.4byte	0x8c
 420 0108 06       		.uleb128 0x6
ARM GAS  C:\Users\ddemidov\AppData\Local\Temp\ccvUJPDx.s 			page 10


 421 0109 04       		.byte	0x4
 422 010a D1000000 		.4byte	0xd1
 423 010e 03       		.uleb128 0x3
 424 010f 3A010000 		.4byte	.LASF21
 425 0113 04       		.byte	0x4
 426 0114 33       		.byte	0x33
 427 0115 D1000000 		.4byte	0xd1
 428 0119 03       		.uleb128 0x3
 429 011a 10030000 		.4byte	.LASF22
 430 011e 04       		.byte	0x4
 431 011f 35       		.byte	0x35
 432 0120 D1000000 		.4byte	0xd1
 433 0124 0A       		.uleb128 0xa
 434 0125 08       		.byte	0x8
 435 0126 04       		.byte	0x4
 436 0127 37       		.byte	0x37
 437 0128 45010000 		.4byte	0x145
 438 012c 09       		.uleb128 0x9
 439 012d 62010000 		.4byte	.LASF23
 440 0131 04       		.byte	0x4
 441 0132 38       		.byte	0x38
 442 0133 A2000000 		.4byte	0xa2
 443 0137 00       		.byte	0
 444 0138 08       		.uleb128 0x8
 445 0139 62756600 		.ascii	"buf\000"
 446 013d 04       		.byte	0x4
 447 013e 39       		.byte	0x39
 448 013f 02010000 		.4byte	0x102
 449 0143 04       		.byte	0x4
 450 0144 00       		.byte	0
 451 0145 03       		.uleb128 0x3
 452 0146 4E010000 		.4byte	.LASF24
 453 014a 04       		.byte	0x4
 454 014b 3A       		.byte	0x3a
 455 014c 24010000 		.4byte	0x124
 456 0150 0A       		.uleb128 0xa
 457 0151 FC       		.byte	0xfc
 458 0152 04       		.byte	0x4
 459 0153 3C       		.byte	0x3c
 460 0154 E9010000 		.4byte	0x1e9
 461 0158 09       		.uleb128 0x9
 462 0159 81020000 		.4byte	.LASF25
 463 015d 04       		.byte	0x4
 464 015e 3D       		.byte	0x3d
 465 015f 02010000 		.4byte	0x102
 466 0163 00       		.byte	0
 467 0164 09       		.uleb128 0x9
 468 0165 00000000 		.4byte	.LASF26
 469 0169 04       		.byte	0x4
 470 016a 3E       		.byte	0x3e
 471 016b 02010000 		.4byte	0x102
 472 016f 04       		.byte	0x4
 473 0170 09       		.uleb128 0x9
 474 0171 5D010000 		.4byte	.LASF27
 475 0175 04       		.byte	0x4
 476 0176 3F       		.byte	0x3f
 477 0177 E9010000 		.4byte	0x1e9
ARM GAS  C:\Users\ddemidov\AppData\Local\Temp\ccvUJPDx.s 			page 11


 478 017b 08       		.byte	0x8
 479 017c 08       		.uleb128 0x8
 480 017d 75726900 		.ascii	"uri\000"
 481 0181 04       		.byte	0x4
 482 0182 40       		.byte	0x40
 483 0183 E9010000 		.4byte	0x1e9
 484 0187 6C       		.byte	0x6c
 485 0188 09       		.uleb128 0x9
 486 0189 C1020000 		.4byte	.LASF28
 487 018d 04       		.byte	0x4
 488 018e 41       		.byte	0x41
 489 018f 97000000 		.4byte	0x97
 490 0193 D0       		.byte	0xd0
 491 0194 09       		.uleb128 0x9
 492 0195 B6020000 		.4byte	.LASF29
 493 0199 04       		.byte	0x4
 494 019a 42       		.byte	0x42
 495 019b 7E000000 		.4byte	0x7e
 496 019f D4       		.byte	0xd4
 497 01a0 09       		.uleb128 0x9
 498 01a1 7F010000 		.4byte	.LASF30
 499 01a5 04       		.byte	0x4
 500 01a6 43       		.byte	0x43
 501 01a7 7E000000 		.4byte	0x7e
 502 01ab D8       		.byte	0xd8
 503 01ac 09       		.uleb128 0x9
 504 01ad 0A010000 		.4byte	.LASF31
 505 01b1 04       		.byte	0x4
 506 01b2 44       		.byte	0x44
 507 01b3 7E000000 		.4byte	0x7e
 508 01b7 DC       		.byte	0xdc
 509 01b8 09       		.uleb128 0x9
 510 01b9 97020000 		.4byte	.LASF32
 511 01bd 04       		.byte	0x4
 512 01be 45       		.byte	0x45
 513 01bf F9010000 		.4byte	0x1f9
 514 01c3 E0       		.byte	0xe0
 515 01c4 09       		.uleb128 0x9
 516 01c5 D2010000 		.4byte	.LASF33
 517 01c9 04       		.byte	0x4
 518 01ca 46       		.byte	0x46
 519 01cb 0E010000 		.4byte	0x10e
 520 01cf E4       		.byte	0xe4
 521 01d0 09       		.uleb128 0x9
 522 01d1 AA010000 		.4byte	.LASF34
 523 01d5 04       		.byte	0x4
 524 01d6 47       		.byte	0x47
 525 01d7 FF010000 		.4byte	0x1ff
 526 01db F0       		.byte	0xf0
 527 01dc 09       		.uleb128 0x9
 528 01dd 86020000 		.4byte	.LASF35
 529 01e1 04       		.byte	0x4
 530 01e2 48       		.byte	0x48
 531 01e3 45010000 		.4byte	0x145
 532 01e7 F4       		.byte	0xf4
 533 01e8 00       		.byte	0
 534 01e9 0B       		.uleb128 0xb
ARM GAS  C:\Users\ddemidov\AppData\Local\Temp\ccvUJPDx.s 			page 12


 535 01ea 8C000000 		.4byte	0x8c
 536 01ee F9010000 		.4byte	0x1f9
 537 01f2 0C       		.uleb128 0xc
 538 01f3 C2000000 		.4byte	0xc2
 539 01f7 63       		.byte	0x63
 540 01f8 00       		.byte	0
 541 01f9 06       		.uleb128 0x6
 542 01fa 04       		.byte	0x4
 543 01fb 0E010000 		.4byte	0x10e
 544 01ff 06       		.uleb128 0x6
 545 0200 04       		.byte	0x4
 546 0201 19010000 		.4byte	0x119
 547 0205 03       		.uleb128 0x3
 548 0206 89010000 		.4byte	.LASF36
 549 020a 04       		.byte	0x4
 550 020b 49       		.byte	0x49
 551 020c 50010000 		.4byte	0x150
 552 0210 06       		.uleb128 0x6
 553 0211 04       		.byte	0x4
 554 0212 16020000 		.4byte	0x216
 555 0216 0D       		.uleb128 0xd
 556 0217 BB000000 		.4byte	0xbb
 557 021b 0B       		.uleb128 0xb
 558 021c BB000000 		.4byte	0xbb
 559 0220 2B020000 		.4byte	0x22b
 560 0224 0C       		.uleb128 0xc
 561 0225 C2000000 		.4byte	0xc2
 562 0229 18       		.byte	0x18
 563 022a 00       		.byte	0
 564 022b 0E       		.uleb128 0xe
 565 022c 25010000 		.4byte	.LASF38
 566 0230 01       		.byte	0x1
 567 0231 10       		.byte	0x10
 568 0232 00000000 		.4byte	.LFB0
 569 0236 40000000 		.4byte	.LFE0-.LFB0
 570 023a 01       		.uleb128 0x1
 571 023b 9C       		.byte	0x9c
 572 023c CC020000 		.4byte	0x2cc
 573 0240 0F       		.uleb128 0xf
 574 0241 DD020000 		.4byte	.LASF37
 575 0245 01       		.byte	0x1
 576 0246 10       		.byte	0x10
 577 0247 CB000000 		.4byte	0xcb
 578 024b 00000000 		.4byte	.LLST0
 579 024f 10       		.uleb128 0x10
 580 0250 72657100 		.ascii	"req\000"
 581 0254 01       		.byte	0x1
 582 0255 10       		.byte	0x10
 583 0256 CC020000 		.4byte	0x2cc
 584 025a 2C000000 		.4byte	.LLST1
 585 025e 11       		.uleb128 0x11
 586 025f AA010000 		.4byte	.LASF34
 587 0263 01       		.byte	0x1
 588 0264 11       		.byte	0x11
 589 0265 FF010000 		.4byte	0x1ff
 590 0269 5B000000 		.4byte	.LLST2
 591 026d 12       		.uleb128 0x12
ARM GAS  C:\Users\ddemidov\AppData\Local\Temp\ccvUJPDx.s 			page 13


 592 026e 18000000 		.4byte	.LVL4
 593 0272 F8040000 		.4byte	0x4f8
 594 0276 81020000 		.4byte	0x281
 595 027a 13       		.uleb128 0x13
 596 027b 01       		.uleb128 0x1
 597 027c 50       		.byte	0x50
 598 027d 02       		.uleb128 0x2
 599 027e 75       		.byte	0x75
 600 027f 00       		.sleb128 0
 601 0280 00       		.byte	0
 602 0281 12       		.uleb128 0x12
 603 0282 20000000 		.4byte	.LVL5
 604 0286 F8040000 		.4byte	0x4f8
 605 028a 9E020000 		.4byte	0x29e
 606 028e 13       		.uleb128 0x13
 607 028f 01       		.uleb128 0x1
 608 0290 51       		.byte	0x51
 609 0291 05       		.uleb128 0x5
 610 0292 03       		.byte	0x3
 611 0293 00000000 		.4byte	.LC0
 612 0297 13       		.uleb128 0x13
 613 0298 01       		.uleb128 0x1
 614 0299 50       		.byte	0x50
 615 029a 02       		.uleb128 0x2
 616 029b 75       		.byte	0x75
 617 029c 00       		.sleb128 0
 618 029d 00       		.byte	0
 619 029e 12       		.uleb128 0x12
 620 029f 28000000 		.4byte	.LVL6
 621 02a3 F8040000 		.4byte	0x4f8
 622 02a7 B2020000 		.4byte	0x2b2
 623 02ab 13       		.uleb128 0x13
 624 02ac 01       		.uleb128 0x1
 625 02ad 50       		.byte	0x50
 626 02ae 02       		.uleb128 0x2
 627 02af 75       		.byte	0x75
 628 02b0 00       		.sleb128 0
 629 02b1 00       		.byte	0
 630 02b2 14       		.uleb128 0x14
 631 02b3 30000000 		.4byte	.LVL7
 632 02b7 F8040000 		.4byte	0x4f8
 633 02bb 13       		.uleb128 0x13
 634 02bc 01       		.uleb128 0x1
 635 02bd 51       		.byte	0x51
 636 02be 05       		.uleb128 0x5
 637 02bf 03       		.byte	0x3
 638 02c0 02000000 		.4byte	.LC2
 639 02c4 13       		.uleb128 0x13
 640 02c5 01       		.uleb128 0x1
 641 02c6 50       		.byte	0x50
 642 02c7 02       		.uleb128 0x2
 643 02c8 75       		.byte	0x75
 644 02c9 00       		.sleb128 0
 645 02ca 00       		.byte	0
 646 02cb 00       		.byte	0
 647 02cc 06       		.uleb128 0x6
 648 02cd 04       		.byte	0x4
ARM GAS  C:\Users\ddemidov\AppData\Local\Temp\ccvUJPDx.s 			page 14


 649 02ce 05020000 		.4byte	0x205
 650 02d2 0E       		.uleb128 0xe
 651 02d3 B4000000 		.4byte	.LASF39
 652 02d7 01       		.byte	0x1
 653 02d8 1C       		.byte	0x1c
 654 02d9 00000000 		.4byte	.LFB1
 655 02dd E4000000 		.4byte	.LFE1-.LFB1
 656 02e1 01       		.uleb128 0x1
 657 02e2 9C       		.byte	0x9c
 658 02e3 E8040000 		.4byte	0x4e8
 659 02e7 10       		.uleb128 0x10
 660 02e8 72657100 		.ascii	"req\000"
 661 02ec 01       		.byte	0x1
 662 02ed 1C       		.byte	0x1c
 663 02ee CC020000 		.4byte	0x2cc
 664 02f2 6E000000 		.4byte	.LLST3
 665 02f6 15       		.uleb128 0x15
 666 02f7 747300   		.ascii	"ts\000"
 667 02fa 01       		.byte	0x1
 668 02fb 1D       		.byte	0x1d
 669 02fc 1B020000 		.4byte	0x21b
 670 0300 03       		.uleb128 0x3
 671 0301 91       		.byte	0x91
 672 0302 8C7F     		.sleb128 -116
 673 0304 16       		.uleb128 0x16
 674 0305 A4000000 		.4byte	.LASF40
 675 0309 01       		.byte	0x1
 676 030a 1E       		.byte	0x1e
 677 030b E8040000 		.4byte	0x4e8
 678 030f 03       		.uleb128 0x3
 679 0310 91       		.byte	0x91
 680 0311 A87F     		.sleb128 -88
 681 0313 11       		.uleb128 0x11
 682 0314 C3010000 		.4byte	.LASF41
 683 0318 01       		.byte	0x1
 684 0319 1F       		.byte	0x1f
 685 031a CB000000 		.4byte	0xcb
 686 031e 9A000000 		.4byte	.LLST4
 687 0322 12       		.uleb128 0x12
 688 0323 18000000 		.4byte	.LVL13
 689 0327 12050000 		.4byte	0x512
 690 032b 37030000 		.4byte	0x337
 691 032f 13       		.uleb128 0x13
 692 0330 01       		.uleb128 0x1
 693 0331 50       		.byte	0x50
 694 0332 03       		.uleb128 0x3
 695 0333 0A       		.byte	0xa
 696 0334 0001     		.2byte	0x100
 697 0336 00       		.byte	0
 698 0337 12       		.uleb128 0x12
 699 0338 20000000 		.4byte	.LVL15
 700 033c 2B020000 		.4byte	0x22b
 701 0340 51030000 		.4byte	0x351
 702 0344 13       		.uleb128 0x13
 703 0345 01       		.uleb128 0x1
 704 0346 51       		.byte	0x51
 705 0347 02       		.uleb128 0x2
ARM GAS  C:\Users\ddemidov\AppData\Local\Temp\ccvUJPDx.s 			page 15


 706 0348 74       		.byte	0x74
 707 0349 00       		.sleb128 0
 708 034a 13       		.uleb128 0x13
 709 034b 01       		.uleb128 0x1
 710 034c 50       		.byte	0x50
 711 034d 02       		.uleb128 0x2
 712 034e 75       		.byte	0x75
 713 034f 00       		.sleb128 0
 714 0350 00       		.byte	0
 715 0351 12       		.uleb128 0x12
 716 0352 26000000 		.4byte	.LVL16
 717 0356 27050000 		.4byte	0x527
 718 035a 66030000 		.4byte	0x366
 719 035e 13       		.uleb128 0x13
 720 035f 01       		.uleb128 0x1
 721 0360 50       		.byte	0x50
 722 0361 03       		.uleb128 0x3
 723 0362 91       		.byte	0x91
 724 0363 8C7F     		.sleb128 -116
 725 0365 00       		.byte	0
 726 0366 17       		.uleb128 0x17
 727 0367 2A000000 		.4byte	.LVL17
 728 036b 38050000 		.4byte	0x538
 729 036f 12       		.uleb128 0x12
 730 0370 34000000 		.4byte	.LVL18
 731 0374 49050000 		.4byte	0x549
 732 0378 8C030000 		.4byte	0x38c
 733 037c 13       		.uleb128 0x13
 734 037d 01       		.uleb128 0x1
 735 037e 51       		.byte	0x51
 736 037f 05       		.uleb128 0x5
 737 0380 03       		.byte	0x3
 738 0381 05000000 		.4byte	.LC4
 739 0385 13       		.uleb128 0x13
 740 0386 01       		.uleb128 0x1
 741 0387 50       		.byte	0x50
 742 0388 02       		.uleb128 0x2
 743 0389 74       		.byte	0x74
 744 038a 00       		.sleb128 0
 745 038b 00       		.byte	0
 746 038c 12       		.uleb128 0x12
 747 038d 3E000000 		.4byte	.LVL19
 748 0391 49050000 		.4byte	0x549
 749 0395 B0030000 		.4byte	0x3b0
 750 0399 13       		.uleb128 0x13
 751 039a 01       		.uleb128 0x1
 752 039b 52       		.byte	0x52
 753 039c 03       		.uleb128 0x3
 754 039d 91       		.byte	0x91
 755 039e 8C7F     		.sleb128 -116
 756 03a0 13       		.uleb128 0x13
 757 03a1 01       		.uleb128 0x1
 758 03a2 51       		.byte	0x51
 759 03a3 05       		.uleb128 0x5
 760 03a4 03       		.byte	0x3
 761 03a5 14000000 		.4byte	.LC6
 762 03a9 13       		.uleb128 0x13
ARM GAS  C:\Users\ddemidov\AppData\Local\Temp\ccvUJPDx.s 			page 16


 763 03aa 01       		.uleb128 0x1
 764 03ab 50       		.byte	0x50
 765 03ac 02       		.uleb128 0x2
 766 03ad 74       		.byte	0x74
 767 03ae 00       		.sleb128 0
 768 03af 00       		.byte	0
 769 03b0 12       		.uleb128 0x12
 770 03b1 4A000000 		.4byte	.LVL20
 771 03b5 49050000 		.4byte	0x549
 772 03b9 D3030000 		.4byte	0x3d3
 773 03bd 13       		.uleb128 0x13
 774 03be 01       		.uleb128 0x1
 775 03bf 52       		.byte	0x52
 776 03c0 02       		.uleb128 0x2
 777 03c1 76       		.byte	0x76
 778 03c2 00       		.sleb128 0
 779 03c3 13       		.uleb128 0x13
 780 03c4 01       		.uleb128 0x1
 781 03c5 51       		.byte	0x51
 782 03c6 05       		.uleb128 0x5
 783 03c7 03       		.byte	0x3
 784 03c8 21000000 		.4byte	.LC8
 785 03cc 13       		.uleb128 0x13
 786 03cd 01       		.uleb128 0x1
 787 03ce 50       		.byte	0x50
 788 03cf 02       		.uleb128 0x2
 789 03d0 74       		.byte	0x74
 790 03d1 00       		.sleb128 0
 791 03d2 00       		.byte	0
 792 03d3 12       		.uleb128 0x12
 793 03d4 64000000 		.4byte	.LVL21
 794 03d8 64050000 		.4byte	0x564
 795 03dc 04040000 		.4byte	0x404
 796 03e0 13       		.uleb128 0x13
 797 03e1 01       		.uleb128 0x1
 798 03e2 53       		.byte	0x53
 799 03e3 03       		.uleb128 0x3
 800 03e4 74       		.byte	0x74
 801 03e5 EC00     		.sleb128 108
 802 03e7 13       		.uleb128 0x13
 803 03e8 01       		.uleb128 0x1
 804 03e9 51       		.byte	0x51
 805 03ea 03       		.uleb128 0x3
 806 03eb 91       		.byte	0x91
 807 03ec 8C7F     		.sleb128 -116
 808 03ee 13       		.uleb128 0x13
 809 03ef 01       		.uleb128 0x1
 810 03f0 50       		.byte	0x50
 811 03f1 03       		.uleb128 0x3
 812 03f2 91       		.byte	0x91
 813 03f3 A87F     		.sleb128 -88
 814 03f5 13       		.uleb128 0x13
 815 03f6 02       		.uleb128 0x2
 816 03f7 7D       		.byte	0x7d
 817 03f8 08       		.sleb128 8
 818 03f9 02       		.uleb128 0x2
 819 03fa 76       		.byte	0x76
ARM GAS  C:\Users\ddemidov\AppData\Local\Temp\ccvUJPDx.s 			page 17


 820 03fb 00       		.sleb128 0
 821 03fc 13       		.uleb128 0x13
 822 03fd 02       		.uleb128 0x2
 823 03fe 7D       		.byte	0x7d
 824 03ff 00       		.sleb128 0
 825 0400 02       		.uleb128 0x2
 826 0401 75       		.byte	0x75
 827 0402 00       		.sleb128 0
 828 0403 00       		.byte	0
 829 0404 12       		.uleb128 0x12
 830 0405 6E000000 		.4byte	.LVL22
 831 0409 93050000 		.4byte	0x593
 832 040d 18040000 		.4byte	0x418
 833 0411 13       		.uleb128 0x13
 834 0412 01       		.uleb128 0x1
 835 0413 50       		.byte	0x50
 836 0414 02       		.uleb128 0x2
 837 0415 75       		.byte	0x75
 838 0416 00       		.sleb128 0
 839 0417 00       		.byte	0
 840 0418 12       		.uleb128 0x12
 841 0419 78000000 		.4byte	.LVL23
 842 041d 49050000 		.4byte	0x549
 843 0421 3C040000 		.4byte	0x43c
 844 0425 13       		.uleb128 0x13
 845 0426 01       		.uleb128 0x1
 846 0427 52       		.byte	0x52
 847 0428 03       		.uleb128 0x3
 848 0429 91       		.byte	0x91
 849 042a A87F     		.sleb128 -88
 850 042c 13       		.uleb128 0x13
 851 042d 01       		.uleb128 0x1
 852 042e 51       		.byte	0x51
 853 042f 05       		.uleb128 0x5
 854 0430 03       		.byte	0x3
 855 0431 33000000 		.4byte	.LC12
 856 0435 13       		.uleb128 0x13
 857 0436 01       		.uleb128 0x1
 858 0437 50       		.byte	0x50
 859 0438 02       		.uleb128 0x2
 860 0439 74       		.byte	0x74
 861 043a 00       		.sleb128 0
 862 043b 00       		.byte	0
 863 043c 12       		.uleb128 0x12
 864 043d 82000000 		.4byte	.LVL25
 865 0441 A4050000 		.4byte	0x5a4
 866 0445 56040000 		.4byte	0x456
 867 0449 13       		.uleb128 0x13
 868 044a 01       		.uleb128 0x1
 869 044b 51       		.byte	0x51
 870 044c 02       		.uleb128 0x2
 871 044d 75       		.byte	0x75
 872 044e 00       		.sleb128 0
 873 044f 13       		.uleb128 0x13
 874 0450 01       		.uleb128 0x1
 875 0451 50       		.byte	0x50
 876 0452 02       		.uleb128 0x2
ARM GAS  C:\Users\ddemidov\AppData\Local\Temp\ccvUJPDx.s 			page 18


 877 0453 74       		.byte	0x74
 878 0454 00       		.sleb128 0
 879 0455 00       		.byte	0
 880 0456 12       		.uleb128 0x12
 881 0457 8C000000 		.4byte	.LVL26
 882 045b 49050000 		.4byte	0x549
 883 045f 79040000 		.4byte	0x479
 884 0463 13       		.uleb128 0x13
 885 0464 01       		.uleb128 0x1
 886 0465 52       		.byte	0x52
 887 0466 02       		.uleb128 0x2
 888 0467 75       		.byte	0x75
 889 0468 00       		.sleb128 0
 890 0469 13       		.uleb128 0x13
 891 046a 01       		.uleb128 0x1
 892 046b 51       		.byte	0x51
 893 046c 05       		.uleb128 0x5
 894 046d 03       		.byte	0x3
 895 046e 56000000 		.4byte	.LC16
 896 0472 13       		.uleb128 0x13
 897 0473 01       		.uleb128 0x1
 898 0474 50       		.byte	0x50
 899 0475 02       		.uleb128 0x2
 900 0476 74       		.byte	0x74
 901 0477 00       		.sleb128 0
 902 0478 00       		.byte	0
 903 0479 12       		.uleb128 0x12
 904 047a 96000000 		.4byte	.LVL27
 905 047e 49050000 		.4byte	0x549
 906 0482 9F040000 		.4byte	0x49f
 907 0486 13       		.uleb128 0x13
 908 0487 01       		.uleb128 0x1
 909 0488 52       		.byte	0x52
 910 0489 05       		.uleb128 0x5
 911 048a 03       		.byte	0x3
 912 048b 68000000 		.4byte	.LC20
 913 048f 13       		.uleb128 0x13
 914 0490 01       		.uleb128 0x1
 915 0491 51       		.byte	0x51
 916 0492 05       		.uleb128 0x5
 917 0493 03       		.byte	0x3
 918 0494 5D000000 		.4byte	.LC18
 919 0498 13       		.uleb128 0x13
 920 0499 01       		.uleb128 0x1
 921 049a 50       		.byte	0x50
 922 049b 02       		.uleb128 0x2
 923 049c 74       		.byte	0x74
 924 049d 00       		.sleb128 0
 925 049e 00       		.byte	0
 926 049f 12       		.uleb128 0x12
 927 04a0 A0000000 		.4byte	.LVL28
 928 04a4 49050000 		.4byte	0x549
 929 04a8 C5040000 		.4byte	0x4c5
 930 04ac 13       		.uleb128 0x13
 931 04ad 01       		.uleb128 0x1
 932 04ae 52       		.byte	0x52
 933 04af 05       		.uleb128 0x5
ARM GAS  C:\Users\ddemidov\AppData\Local\Temp\ccvUJPDx.s 			page 19


 934 04b0 03       		.byte	0x3
 935 04b1 83000000 		.4byte	.LC24
 936 04b5 13       		.uleb128 0x13
 937 04b6 01       		.uleb128 0x1
 938 04b7 51       		.byte	0x51
 939 04b8 05       		.uleb128 0x5
 940 04b9 03       		.byte	0x3
 941 04ba 73000000 		.4byte	.LC22
 942 04be 13       		.uleb128 0x13
 943 04bf 01       		.uleb128 0x1
 944 04c0 50       		.byte	0x50
 945 04c1 02       		.uleb128 0x2
 946 04c2 74       		.byte	0x74
 947 04c3 00       		.sleb128 0
 948 04c4 00       		.byte	0
 949 04c5 14       		.uleb128 0x14
 950 04c6 AA000000 		.4byte	.LVL29
 951 04ca 49050000 		.4byte	0x549
 952 04ce 13       		.uleb128 0x13
 953 04cf 01       		.uleb128 0x1
 954 04d0 52       		.byte	0x52
 955 04d1 05       		.uleb128 0x5
 956 04d2 03       		.byte	0x3
 957 04d3 9C000000 		.4byte	.LC28
 958 04d7 13       		.uleb128 0x13
 959 04d8 01       		.uleb128 0x1
 960 04d9 51       		.byte	0x51
 961 04da 05       		.uleb128 0x5
 962 04db 03       		.byte	0x3
 963 04dc 91000000 		.4byte	.LC26
 964 04e0 13       		.uleb128 0x13
 965 04e1 01       		.uleb128 0x1
 966 04e2 50       		.byte	0x50
 967 04e3 02       		.uleb128 0x2
 968 04e4 74       		.byte	0x74
 969 04e5 00       		.sleb128 0
 970 04e6 00       		.byte	0
 971 04e7 00       		.byte	0
 972 04e8 0B       		.uleb128 0xb
 973 04e9 BB000000 		.4byte	0xbb
 974 04ed F8040000 		.4byte	0x4f8
 975 04f1 0C       		.uleb128 0xc
 976 04f2 C2000000 		.4byte	0xc2
 977 04f6 45       		.byte	0x45
 978 04f7 00       		.byte	0
 979 04f8 18       		.uleb128 0x18
 980 04f9 1E010000 		.4byte	.LASF42
 981 04fd 05       		.byte	0x5
 982 04fe 1A       		.byte	0x1a
 983 04ff CB000000 		.4byte	0xcb
 984 0503 12050000 		.4byte	0x512
 985 0507 19       		.uleb128 0x19
 986 0508 CB000000 		.4byte	0xcb
 987 050c 19       		.uleb128 0x19
 988 050d 10020000 		.4byte	0x210
 989 0511 00       		.byte	0
 990 0512 18       		.uleb128 0x18
ARM GAS  C:\Users\ddemidov\AppData\Local\Temp\ccvUJPDx.s 			page 20


 991 0513 1D030000 		.4byte	.LASF43
 992 0517 06       		.byte	0x6
 993 0518 61       		.byte	0x61
 994 0519 C9000000 		.4byte	0xc9
 995 051d 27050000 		.4byte	0x527
 996 0521 19       		.uleb128 0x19
 997 0522 85000000 		.4byte	0x85
 998 0526 00       		.byte	0
 999 0527 1A       		.uleb128 0x1a
 1000 0528 15010000 		.4byte	.LASF44
 1001 052c 07       		.byte	0x7
 1002 052d 2B       		.byte	0x2b
 1003 052e 38050000 		.4byte	0x538
 1004 0532 19       		.uleb128 0x19
 1005 0533 CB000000 		.4byte	0xcb
 1006 0537 00       		.byte	0
 1007 0538 1B       		.uleb128 0x1b
 1008 0539 0A020000 		.4byte	.LASF45
 1009 053d 08       		.byte	0x8
 1010 053e 0E       		.byte	0xe
 1011 053f CB000000 		.4byte	0xcb
 1012 0543 49050000 		.4byte	0x549
 1013 0547 1C       		.uleb128 0x1c
 1014 0548 00       		.byte	0
 1015 0549 1A       		.uleb128 0x1a
 1016 054a 67010000 		.4byte	.LASF46
 1017 054e 04       		.byte	0x4
 1018 054f 55       		.byte	0x55
 1019 0550 64050000 		.4byte	0x564
 1020 0554 19       		.uleb128 0x19
 1021 0555 CC020000 		.4byte	0x2cc
 1022 0559 19       		.uleb128 0x19
 1023 055a 10020000 		.4byte	0x210
 1024 055e 19       		.uleb128 0x19
 1025 055f 10020000 		.4byte	0x210
 1026 0563 00       		.byte	0
 1027 0564 1A       		.uleb128 0x1a
 1028 0565 FF020000 		.4byte	.LASF47
 1029 0569 08       		.byte	0x8
 1030 056a 11       		.byte	0x11
 1031 056b 93050000 		.4byte	0x593
 1032 056f 19       		.uleb128 0x19
 1033 0570 CB000000 		.4byte	0xcb
 1034 0574 19       		.uleb128 0x19
 1035 0575 10020000 		.4byte	0x210
 1036 0579 19       		.uleb128 0x19
 1037 057a 10020000 		.4byte	0x210
 1038 057e 19       		.uleb128 0x19
 1039 057f 10020000 		.4byte	0x210
 1040 0583 19       		.uleb128 0x19
 1041 0584 10020000 		.4byte	0x210
 1042 0588 19       		.uleb128 0x19
 1043 0589 10020000 		.4byte	0x210
 1044 058d 19       		.uleb128 0x19
 1045 058e 10020000 		.4byte	0x210
 1046 0592 00       		.byte	0
 1047 0593 1A       		.uleb128 0x1a
ARM GAS  C:\Users\ddemidov\AppData\Local\Temp\ccvUJPDx.s 			page 21


 1048 0594 9E020000 		.4byte	.LASF48
 1049 0598 06       		.byte	0x6
 1050 0599 56       		.byte	0x56
 1051 059a A4050000 		.4byte	0x5a4
 1052 059e 19       		.uleb128 0x19
 1053 059f C9000000 		.4byte	0xc9
 1054 05a3 00       		.byte	0
 1055 05a4 1D       		.uleb128 0x1d
 1056 05a5 16020000 		.4byte	.LASF53
 1057 05a9 04       		.byte	0x4
 1058 05aa 56       		.byte	0x56
 1059 05ab 19       		.uleb128 0x19
 1060 05ac CC020000 		.4byte	0x2cc
 1061 05b0 19       		.uleb128 0x19
 1062 05b1 10020000 		.4byte	0x210
 1063 05b5 00       		.byte	0
 1064 05b6 00       		.byte	0
 1065              		.section	.debug_abbrev,"",%progbits
 1066              	.Ldebug_abbrev0:
 1067 0000 01       		.uleb128 0x1
 1068 0001 11       		.uleb128 0x11
 1069 0002 01       		.byte	0x1
 1070 0003 25       		.uleb128 0x25
 1071 0004 0E       		.uleb128 0xe
 1072 0005 13       		.uleb128 0x13
 1073 0006 0B       		.uleb128 0xb
 1074 0007 03       		.uleb128 0x3
 1075 0008 0E       		.uleb128 0xe
 1076 0009 1B       		.uleb128 0x1b
 1077 000a 0E       		.uleb128 0xe
 1078 000b 55       		.uleb128 0x55
 1079 000c 17       		.uleb128 0x17
 1080 000d 11       		.uleb128 0x11
 1081 000e 01       		.uleb128 0x1
 1082 000f 10       		.uleb128 0x10
 1083 0010 17       		.uleb128 0x17
 1084 0011 00       		.byte	0
 1085 0012 00       		.byte	0
 1086 0013 02       		.uleb128 0x2
 1087 0014 24       		.uleb128 0x24
 1088 0015 00       		.byte	0
 1089 0016 0B       		.uleb128 0xb
 1090 0017 0B       		.uleb128 0xb
 1091 0018 3E       		.uleb128 0x3e
 1092 0019 0B       		.uleb128 0xb
 1093 001a 03       		.uleb128 0x3
 1094 001b 0E       		.uleb128 0xe
 1095 001c 00       		.byte	0
 1096 001d 00       		.byte	0
 1097 001e 03       		.uleb128 0x3
 1098 001f 16       		.uleb128 0x16
 1099 0020 00       		.byte	0
 1100 0021 03       		.uleb128 0x3
 1101 0022 0E       		.uleb128 0xe
 1102 0023 3A       		.uleb128 0x3a
 1103 0024 0B       		.uleb128 0xb
 1104 0025 3B       		.uleb128 0x3b
ARM GAS  C:\Users\ddemidov\AppData\Local\Temp\ccvUJPDx.s 			page 22


 1105 0026 0B       		.uleb128 0xb
 1106 0027 49       		.uleb128 0x49
 1107 0028 13       		.uleb128 0x13
 1108 0029 00       		.byte	0
 1109 002a 00       		.byte	0
 1110 002b 04       		.uleb128 0x4
 1111 002c 24       		.uleb128 0x24
 1112 002d 00       		.byte	0
 1113 002e 0B       		.uleb128 0xb
 1114 002f 0B       		.uleb128 0xb
 1115 0030 3E       		.uleb128 0x3e
 1116 0031 0B       		.uleb128 0xb
 1117 0032 03       		.uleb128 0x3
 1118 0033 08       		.uleb128 0x8
 1119 0034 00       		.byte	0
 1120 0035 00       		.byte	0
 1121 0036 05       		.uleb128 0x5
 1122 0037 0F       		.uleb128 0xf
 1123 0038 00       		.byte	0
 1124 0039 0B       		.uleb128 0xb
 1125 003a 0B       		.uleb128 0xb
 1126 003b 00       		.byte	0
 1127 003c 00       		.byte	0
 1128 003d 06       		.uleb128 0x6
 1129 003e 0F       		.uleb128 0xf
 1130 003f 00       		.byte	0
 1131 0040 0B       		.uleb128 0xb
 1132 0041 0B       		.uleb128 0xb
 1133 0042 49       		.uleb128 0x49
 1134 0043 13       		.uleb128 0x13
 1135 0044 00       		.byte	0
 1136 0045 00       		.byte	0
 1137 0046 07       		.uleb128 0x7
 1138 0047 13       		.uleb128 0x13
 1139 0048 01       		.byte	0x1
 1140 0049 03       		.uleb128 0x3
 1141 004a 0E       		.uleb128 0xe
 1142 004b 0B       		.uleb128 0xb
 1143 004c 0B       		.uleb128 0xb
 1144 004d 3A       		.uleb128 0x3a
 1145 004e 0B       		.uleb128 0xb
 1146 004f 3B       		.uleb128 0x3b
 1147 0050 0B       		.uleb128 0xb
 1148 0051 01       		.uleb128 0x1
 1149 0052 13       		.uleb128 0x13
 1150 0053 00       		.byte	0
 1151 0054 00       		.byte	0
 1152 0055 08       		.uleb128 0x8
 1153 0056 0D       		.uleb128 0xd
 1154 0057 00       		.byte	0
 1155 0058 03       		.uleb128 0x3
 1156 0059 08       		.uleb128 0x8
 1157 005a 3A       		.uleb128 0x3a
 1158 005b 0B       		.uleb128 0xb
 1159 005c 3B       		.uleb128 0x3b
 1160 005d 0B       		.uleb128 0xb
 1161 005e 49       		.uleb128 0x49
ARM GAS  C:\Users\ddemidov\AppData\Local\Temp\ccvUJPDx.s 			page 23


 1162 005f 13       		.uleb128 0x13
 1163 0060 38       		.uleb128 0x38
 1164 0061 0B       		.uleb128 0xb
 1165 0062 00       		.byte	0
 1166 0063 00       		.byte	0
 1167 0064 09       		.uleb128 0x9
 1168 0065 0D       		.uleb128 0xd
 1169 0066 00       		.byte	0
 1170 0067 03       		.uleb128 0x3
 1171 0068 0E       		.uleb128 0xe
 1172 0069 3A       		.uleb128 0x3a
 1173 006a 0B       		.uleb128 0xb
 1174 006b 3B       		.uleb128 0x3b
 1175 006c 0B       		.uleb128 0xb
 1176 006d 49       		.uleb128 0x49
 1177 006e 13       		.uleb128 0x13
 1178 006f 38       		.uleb128 0x38
 1179 0070 0B       		.uleb128 0xb
 1180 0071 00       		.byte	0
 1181 0072 00       		.byte	0
 1182 0073 0A       		.uleb128 0xa
 1183 0074 13       		.uleb128 0x13
 1184 0075 01       		.byte	0x1
 1185 0076 0B       		.uleb128 0xb
 1186 0077 0B       		.uleb128 0xb
 1187 0078 3A       		.uleb128 0x3a
 1188 0079 0B       		.uleb128 0xb
 1189 007a 3B       		.uleb128 0x3b
 1190 007b 0B       		.uleb128 0xb
 1191 007c 01       		.uleb128 0x1
 1192 007d 13       		.uleb128 0x13
 1193 007e 00       		.byte	0
 1194 007f 00       		.byte	0
 1195 0080 0B       		.uleb128 0xb
 1196 0081 01       		.uleb128 0x1
 1197 0082 01       		.byte	0x1
 1198 0083 49       		.uleb128 0x49
 1199 0084 13       		.uleb128 0x13
 1200 0085 01       		.uleb128 0x1
 1201 0086 13       		.uleb128 0x13
 1202 0087 00       		.byte	0
 1203 0088 00       		.byte	0
 1204 0089 0C       		.uleb128 0xc
 1205 008a 21       		.uleb128 0x21
 1206 008b 00       		.byte	0
 1207 008c 49       		.uleb128 0x49
 1208 008d 13       		.uleb128 0x13
 1209 008e 2F       		.uleb128 0x2f
 1210 008f 0B       		.uleb128 0xb
 1211 0090 00       		.byte	0
 1212 0091 00       		.byte	0
 1213 0092 0D       		.uleb128 0xd
 1214 0093 26       		.uleb128 0x26
 1215 0094 00       		.byte	0
 1216 0095 49       		.uleb128 0x49
 1217 0096 13       		.uleb128 0x13
 1218 0097 00       		.byte	0
ARM GAS  C:\Users\ddemidov\AppData\Local\Temp\ccvUJPDx.s 			page 24


 1219 0098 00       		.byte	0
 1220 0099 0E       		.uleb128 0xe
 1221 009a 2E       		.uleb128 0x2e
 1222 009b 01       		.byte	0x1
 1223 009c 3F       		.uleb128 0x3f
 1224 009d 19       		.uleb128 0x19
 1225 009e 03       		.uleb128 0x3
 1226 009f 0E       		.uleb128 0xe
 1227 00a0 3A       		.uleb128 0x3a
 1228 00a1 0B       		.uleb128 0xb
 1229 00a2 3B       		.uleb128 0x3b
 1230 00a3 0B       		.uleb128 0xb
 1231 00a4 27       		.uleb128 0x27
 1232 00a5 19       		.uleb128 0x19
 1233 00a6 11       		.uleb128 0x11
 1234 00a7 01       		.uleb128 0x1
 1235 00a8 12       		.uleb128 0x12
 1236 00a9 06       		.uleb128 0x6
 1237 00aa 40       		.uleb128 0x40
 1238 00ab 18       		.uleb128 0x18
 1239 00ac 9742     		.uleb128 0x2117
 1240 00ae 19       		.uleb128 0x19
 1241 00af 01       		.uleb128 0x1
 1242 00b0 13       		.uleb128 0x13
 1243 00b1 00       		.byte	0
 1244 00b2 00       		.byte	0
 1245 00b3 0F       		.uleb128 0xf
 1246 00b4 05       		.uleb128 0x5
 1247 00b5 00       		.byte	0
 1248 00b6 03       		.uleb128 0x3
 1249 00b7 0E       		.uleb128 0xe
 1250 00b8 3A       		.uleb128 0x3a
 1251 00b9 0B       		.uleb128 0xb
 1252 00ba 3B       		.uleb128 0x3b
 1253 00bb 0B       		.uleb128 0xb
 1254 00bc 49       		.uleb128 0x49
 1255 00bd 13       		.uleb128 0x13
 1256 00be 02       		.uleb128 0x2
 1257 00bf 17       		.uleb128 0x17
 1258 00c0 00       		.byte	0
 1259 00c1 00       		.byte	0
 1260 00c2 10       		.uleb128 0x10
 1261 00c3 05       		.uleb128 0x5
 1262 00c4 00       		.byte	0
 1263 00c5 03       		.uleb128 0x3
 1264 00c6 08       		.uleb128 0x8
 1265 00c7 3A       		.uleb128 0x3a
 1266 00c8 0B       		.uleb128 0xb
 1267 00c9 3B       		.uleb128 0x3b
 1268 00ca 0B       		.uleb128 0xb
 1269 00cb 49       		.uleb128 0x49
 1270 00cc 13       		.uleb128 0x13
 1271 00cd 02       		.uleb128 0x2
 1272 00ce 17       		.uleb128 0x17
 1273 00cf 00       		.byte	0
 1274 00d0 00       		.byte	0
 1275 00d1 11       		.uleb128 0x11
ARM GAS  C:\Users\ddemidov\AppData\Local\Temp\ccvUJPDx.s 			page 25


 1276 00d2 34       		.uleb128 0x34
 1277 00d3 00       		.byte	0
 1278 00d4 03       		.uleb128 0x3
 1279 00d5 0E       		.uleb128 0xe
 1280 00d6 3A       		.uleb128 0x3a
 1281 00d7 0B       		.uleb128 0xb
 1282 00d8 3B       		.uleb128 0x3b
 1283 00d9 0B       		.uleb128 0xb
 1284 00da 49       		.uleb128 0x49
 1285 00db 13       		.uleb128 0x13
 1286 00dc 02       		.uleb128 0x2
 1287 00dd 17       		.uleb128 0x17
 1288 00de 00       		.byte	0
 1289 00df 00       		.byte	0
 1290 00e0 12       		.uleb128 0x12
 1291 00e1 898201   		.uleb128 0x4109
 1292 00e4 01       		.byte	0x1
 1293 00e5 11       		.uleb128 0x11
 1294 00e6 01       		.uleb128 0x1
 1295 00e7 31       		.uleb128 0x31
 1296 00e8 13       		.uleb128 0x13
 1297 00e9 01       		.uleb128 0x1
 1298 00ea 13       		.uleb128 0x13
 1299 00eb 00       		.byte	0
 1300 00ec 00       		.byte	0
 1301 00ed 13       		.uleb128 0x13
 1302 00ee 8A8201   		.uleb128 0x410a
 1303 00f1 00       		.byte	0
 1304 00f2 02       		.uleb128 0x2
 1305 00f3 18       		.uleb128 0x18
 1306 00f4 9142     		.uleb128 0x2111
 1307 00f6 18       		.uleb128 0x18
 1308 00f7 00       		.byte	0
 1309 00f8 00       		.byte	0
 1310 00f9 14       		.uleb128 0x14
 1311 00fa 898201   		.uleb128 0x4109
 1312 00fd 01       		.byte	0x1
 1313 00fe 11       		.uleb128 0x11
 1314 00ff 01       		.uleb128 0x1
 1315 0100 31       		.uleb128 0x31
 1316 0101 13       		.uleb128 0x13
 1317 0102 00       		.byte	0
 1318 0103 00       		.byte	0
 1319 0104 15       		.uleb128 0x15
 1320 0105 34       		.uleb128 0x34
 1321 0106 00       		.byte	0
 1322 0107 03       		.uleb128 0x3
 1323 0108 08       		.uleb128 0x8
 1324 0109 3A       		.uleb128 0x3a
 1325 010a 0B       		.uleb128 0xb
 1326 010b 3B       		.uleb128 0x3b
 1327 010c 0B       		.uleb128 0xb
 1328 010d 49       		.uleb128 0x49
 1329 010e 13       		.uleb128 0x13
 1330 010f 02       		.uleb128 0x2
 1331 0110 18       		.uleb128 0x18
 1332 0111 00       		.byte	0
ARM GAS  C:\Users\ddemidov\AppData\Local\Temp\ccvUJPDx.s 			page 26


 1333 0112 00       		.byte	0
 1334 0113 16       		.uleb128 0x16
 1335 0114 34       		.uleb128 0x34
 1336 0115 00       		.byte	0
 1337 0116 03       		.uleb128 0x3
 1338 0117 0E       		.uleb128 0xe
 1339 0118 3A       		.uleb128 0x3a
 1340 0119 0B       		.uleb128 0xb
 1341 011a 3B       		.uleb128 0x3b
 1342 011b 0B       		.uleb128 0xb
 1343 011c 49       		.uleb128 0x49
 1344 011d 13       		.uleb128 0x13
 1345 011e 02       		.uleb128 0x2
 1346 011f 18       		.uleb128 0x18
 1347 0120 00       		.byte	0
 1348 0121 00       		.byte	0
 1349 0122 17       		.uleb128 0x17
 1350 0123 898201   		.uleb128 0x4109
 1351 0126 00       		.byte	0
 1352 0127 11       		.uleb128 0x11
 1353 0128 01       		.uleb128 0x1
 1354 0129 31       		.uleb128 0x31
 1355 012a 13       		.uleb128 0x13
 1356 012b 00       		.byte	0
 1357 012c 00       		.byte	0
 1358 012d 18       		.uleb128 0x18
 1359 012e 2E       		.uleb128 0x2e
 1360 012f 01       		.byte	0x1
 1361 0130 3F       		.uleb128 0x3f
 1362 0131 19       		.uleb128 0x19
 1363 0132 03       		.uleb128 0x3
 1364 0133 0E       		.uleb128 0xe
 1365 0134 3A       		.uleb128 0x3a
 1366 0135 0B       		.uleb128 0xb
 1367 0136 3B       		.uleb128 0x3b
 1368 0137 0B       		.uleb128 0xb
 1369 0138 27       		.uleb128 0x27
 1370 0139 19       		.uleb128 0x19
 1371 013a 49       		.uleb128 0x49
 1372 013b 13       		.uleb128 0x13
 1373 013c 3C       		.uleb128 0x3c
 1374 013d 19       		.uleb128 0x19
 1375 013e 01       		.uleb128 0x1
 1376 013f 13       		.uleb128 0x13
 1377 0140 00       		.byte	0
 1378 0141 00       		.byte	0
 1379 0142 19       		.uleb128 0x19
 1380 0143 05       		.uleb128 0x5
 1381 0144 00       		.byte	0
 1382 0145 49       		.uleb128 0x49
 1383 0146 13       		.uleb128 0x13
 1384 0147 00       		.byte	0
 1385 0148 00       		.byte	0
 1386 0149 1A       		.uleb128 0x1a
 1387 014a 2E       		.uleb128 0x2e
 1388 014b 01       		.byte	0x1
 1389 014c 3F       		.uleb128 0x3f
ARM GAS  C:\Users\ddemidov\AppData\Local\Temp\ccvUJPDx.s 			page 27


 1390 014d 19       		.uleb128 0x19
 1391 014e 03       		.uleb128 0x3
 1392 014f 0E       		.uleb128 0xe
 1393 0150 3A       		.uleb128 0x3a
 1394 0151 0B       		.uleb128 0xb
 1395 0152 3B       		.uleb128 0x3b
 1396 0153 0B       		.uleb128 0xb
 1397 0154 27       		.uleb128 0x27
 1398 0155 19       		.uleb128 0x19
 1399 0156 3C       		.uleb128 0x3c
 1400 0157 19       		.uleb128 0x19
 1401 0158 01       		.uleb128 0x1
 1402 0159 13       		.uleb128 0x13
 1403 015a 00       		.byte	0
 1404 015b 00       		.byte	0
 1405 015c 1B       		.uleb128 0x1b
 1406 015d 2E       		.uleb128 0x2e
 1407 015e 01       		.byte	0x1
 1408 015f 3F       		.uleb128 0x3f
 1409 0160 19       		.uleb128 0x19
 1410 0161 03       		.uleb128 0x3
 1411 0162 0E       		.uleb128 0xe
 1412 0163 3A       		.uleb128 0x3a
 1413 0164 0B       		.uleb128 0xb
 1414 0165 3B       		.uleb128 0x3b
 1415 0166 0B       		.uleb128 0xb
 1416 0167 49       		.uleb128 0x49
 1417 0168 13       		.uleb128 0x13
 1418 0169 3C       		.uleb128 0x3c
 1419 016a 19       		.uleb128 0x19
 1420 016b 01       		.uleb128 0x1
 1421 016c 13       		.uleb128 0x13
 1422 016d 00       		.byte	0
 1423 016e 00       		.byte	0
 1424 016f 1C       		.uleb128 0x1c
 1425 0170 18       		.uleb128 0x18
 1426 0171 00       		.byte	0
 1427 0172 00       		.byte	0
 1428 0173 00       		.byte	0
 1429 0174 1D       		.uleb128 0x1d
 1430 0175 2E       		.uleb128 0x2e
 1431 0176 01       		.byte	0x1
 1432 0177 3F       		.uleb128 0x3f
 1433 0178 19       		.uleb128 0x19
 1434 0179 03       		.uleb128 0x3
 1435 017a 0E       		.uleb128 0xe
 1436 017b 3A       		.uleb128 0x3a
 1437 017c 0B       		.uleb128 0xb
 1438 017d 3B       		.uleb128 0x3b
 1439 017e 0B       		.uleb128 0xb
 1440 017f 27       		.uleb128 0x27
 1441 0180 19       		.uleb128 0x19
 1442 0181 3C       		.uleb128 0x3c
 1443 0182 19       		.uleb128 0x19
 1444 0183 00       		.byte	0
 1445 0184 00       		.byte	0
 1446 0185 00       		.byte	0
ARM GAS  C:\Users\ddemidov\AppData\Local\Temp\ccvUJPDx.s 			page 28


 1447              		.section	.debug_loc,"",%progbits
 1448              	.Ldebug_loc0:
 1449              	.LLST0:
 1450 0000 00000000 		.4byte	.LVL0
 1451 0004 0C000000 		.4byte	.LVL3
 1452 0008 0100     		.2byte	0x1
 1453 000a 50       		.byte	0x50
 1454 000b 0C000000 		.4byte	.LVL3
 1455 000f 34000000 		.4byte	.LVL10
 1456 0013 0100     		.2byte	0x1
 1457 0015 55       		.byte	0x55
 1458 0016 34000000 		.4byte	.LVL10
 1459 001a 40000000 		.4byte	.LFE0
 1460 001e 0400     		.2byte	0x4
 1461 0020 F3       		.byte	0xf3
 1462 0021 01       		.uleb128 0x1
 1463 0022 50       		.byte	0x50
 1464 0023 9F       		.byte	0x9f
 1465 0024 00000000 		.4byte	0
 1466 0028 00000000 		.4byte	0
 1467              	.LLST1:
 1468 002c 00000000 		.4byte	.LVL0
 1469 0030 08000000 		.4byte	.LVL1
 1470 0034 0100     		.2byte	0x1
 1471 0036 51       		.byte	0x51
 1472 0037 08000000 		.4byte	.LVL1
 1473 003b 0C000000 		.4byte	.LVL3
 1474 003f 0400     		.2byte	0x4
 1475 0041 71       		.byte	0x71
 1476 0042 907E     		.sleb128 -240
 1477 0044 9F       		.byte	0x9f
 1478 0045 0C000000 		.4byte	.LVL3
 1479 0049 40000000 		.4byte	.LFE0
 1480 004d 0400     		.2byte	0x4
 1481 004f F3       		.byte	0xf3
 1482 0050 01       		.uleb128 0x1
 1483 0051 51       		.byte	0x51
 1484 0052 9F       		.byte	0x9f
 1485 0053 00000000 		.4byte	0
 1486 0057 00000000 		.4byte	0
 1487              	.LLST2:
 1488 005b 0A000000 		.4byte	.LVL2
 1489 005f 34000000 		.4byte	.LVL9
 1490 0063 0100     		.2byte	0x1
 1491 0065 54       		.byte	0x54
 1492 0066 00000000 		.4byte	0
 1493 006a 00000000 		.4byte	0
 1494              	.LLST3:
 1495 006e 00000000 		.4byte	.LVL11
 1496 0072 12000000 		.4byte	.LVL12
 1497 0076 0100     		.2byte	0x1
 1498 0078 50       		.byte	0x50
 1499 0079 12000000 		.4byte	.LVL12
 1500 007d AC000000 		.4byte	.LVL30
 1501 0081 0100     		.2byte	0x1
 1502 0083 54       		.byte	0x54
 1503 0084 AC000000 		.4byte	.LVL30
ARM GAS  C:\Users\ddemidov\AppData\Local\Temp\ccvUJPDx.s 			page 29


 1504 0088 E4000000 		.4byte	.LFE1
 1505 008c 0400     		.2byte	0x4
 1506 008e F3       		.byte	0xf3
 1507 008f 01       		.uleb128 0x1
 1508 0090 50       		.byte	0x50
 1509 0091 9F       		.byte	0x9f
 1510 0092 00000000 		.4byte	0
 1511 0096 00000000 		.4byte	0
 1512              	.LLST4:
 1513 009a 00000000 		.4byte	.LVL11
 1514 009e 1C000000 		.4byte	.LVL14
 1515 00a2 0200     		.2byte	0x2
 1516 00a4 30       		.byte	0x30
 1517 00a5 9F       		.byte	0x9f
 1518 00a6 1C000000 		.4byte	.LVL14
 1519 00aa 1F000000 		.4byte	.LVL15-1
 1520 00ae 0100     		.2byte	0x1
 1521 00b0 50       		.byte	0x50
 1522 00b1 1F000000 		.4byte	.LVL15-1
 1523 00b5 7A000000 		.4byte	.LVL24
 1524 00b9 0100     		.2byte	0x1
 1525 00bb 55       		.byte	0x55
 1526 00bc 00000000 		.4byte	0
 1527 00c0 00000000 		.4byte	0
 1528              		.section	.debug_aranges,"",%progbits
 1529 0000 24000000 		.4byte	0x24
 1530 0004 0200     		.2byte	0x2
 1531 0006 00000000 		.4byte	.Ldebug_info0
 1532 000a 04       		.byte	0x4
 1533 000b 00       		.byte	0
 1534 000c 0000     		.2byte	0
 1535 000e 0000     		.2byte	0
 1536 0010 00000000 		.4byte	.LFB0
 1537 0014 40000000 		.4byte	.LFE0-.LFB0
 1538 0018 00000000 		.4byte	.LFB1
 1539 001c E4000000 		.4byte	.LFE1-.LFB1
 1540 0020 00000000 		.4byte	0
 1541 0024 00000000 		.4byte	0
 1542              		.section	.debug_ranges,"",%progbits
 1543              	.Ldebug_ranges0:
 1544 0000 00000000 		.4byte	.LFB0
 1545 0004 40000000 		.4byte	.LFE0
 1546 0008 00000000 		.4byte	.LFB1
 1547 000c E4000000 		.4byte	.LFE1
 1548 0010 00000000 		.4byte	0
 1549 0014 00000000 		.4byte	0
 1550              		.section	.debug_line,"",%progbits
 1551              	.Ldebug_line0:
 1552 0000 08020000 		.section	.debug_str,"MS",%progbits,1
 1552      0200B701 
 1552      00000201 
 1552      FB0E0D00 
 1552      01010101 
 1553              	.LASF26:
 1554 0000 73636865 		.ascii	"scheme\000"
 1554      6D6500
 1555              	.LASF3:
ARM GAS  C:\Users\ddemidov\AppData\Local\Temp\ccvUJPDx.s 			page 30


 1556 0007 5F5F7569 		.ascii	"__uint8_t\000"
 1556      6E74385F 
 1556      7400
 1557              	.LASF20:
 1558 0011 6E657874 		.ascii	"next\000"
 1558      00
 1559              	.LASF49:
 1560 0016 474E5520 		.ascii	"GNU C 4.9.3 20150303 (release) [ARM/embedded-4_9-br"
 1560      4320342E 
 1560      392E3320 
 1560      32303135 
 1560      30333033 
 1561 0049 616E6368 		.ascii	"anch revision 221220] -mcpu=cortex-m0 -mthumb -g -O"
 1561      20726576 
 1561      6973696F 
 1561      6E203232 
 1561      31323230 
 1562 007c 73202D66 		.ascii	"s -ffunction-sections -ffat-lto-objects\000"
 1562      66756E63 
 1562      74696F6E 
 1562      2D736563 
 1562      74696F6E 
 1563              	.LASF40:
 1564 00a4 7369676E 		.ascii	"signature\000"
 1564      61747572 
 1564      6500
 1565              	.LASF19:
 1566 00ae 76616C75 		.ascii	"value\000"
 1566      6500
 1567              	.LASF39:
 1568 00b4 7369676E 		.ascii	"sign_request\000"
 1568      5F726571 
 1568      75657374 
 1568      00
 1569              	.LASF51:
 1570 00c1 433A5C55 		.ascii	"C:\\Users\\ddemidov\\Documents\\PSoC Creator\\BLE_F"
 1570      73657273 
 1570      5C646465 
 1570      6D69646F 
 1570      765C446F 
 1571 00ef 696E644D 		.ascii	"indMe01\\SenseAbility.cydsn\000"
 1571      6530315C 
 1571      53656E73 
 1571      65416269 
 1571      6C697479 
 1572              	.LASF31:
 1573 010a 69735F63 		.ascii	"is_chunked\000"
 1573      68756E6B 
 1573      656400
 1574              	.LASF44:
 1575 0115 6765745F 		.ascii	"get_time\000"
 1575      74696D65 
 1575      00
 1576              	.LASF42:
 1577 011e 73747263 		.ascii	"strcat\000"
 1577      617400
 1578              	.LASF38:
ARM GAS  C:\Users\ddemidov\AppData\Local\Temp\ccvUJPDx.s 			page 31


 1579 0125 6765745F 		.ascii	"get_canonical_string\000"
 1579      63616E6F 
 1579      6E696361 
 1579      6C5F7374 
 1579      72696E67 
 1580              	.LASF21:
 1581 013a 68747470 		.ascii	"http_header_t\000"
 1581      5F686561 
 1581      6465725F 
 1581      7400
 1582              	.LASF15:
 1583 0148 666C6F61 		.ascii	"float\000"
 1583      7400
 1584              	.LASF24:
 1585 014e 68747470 		.ascii	"http_payload_t\000"
 1585      5F706179 
 1585      6C6F6164 
 1585      5F7400
 1586              	.LASF27:
 1587 015d 686F7374 		.ascii	"host\000"
 1587      00
 1588              	.LASF23:
 1589 0162 73697A65 		.ascii	"size\000"
 1589      00
 1590              	.LASF46:
 1591 0167 68747470 		.ascii	"http_request_add_header\000"
 1591      5F726571 
 1591      75657374 
 1591      5F616464 
 1591      5F686561 
 1592              	.LASF30:
 1593 017f 69735F63 		.ascii	"is_cipher\000"
 1593      69706865 
 1593      7200
 1594              	.LASF36:
 1595 0189 68747470 		.ascii	"http_request_t\000"
 1595      5F726571 
 1595      75657374 
 1595      5F7400
 1596              	.LASF8:
 1597 0198 6C6F6E67 		.ascii	"long unsigned int\000"
 1597      20756E73 
 1597      69676E65 
 1597      6420696E 
 1597      7400
 1598              	.LASF34:
 1599 01aa 71756572 		.ascii	"query\000"
 1599      7900
 1600              	.LASF5:
 1601 01b0 73686F72 		.ascii	"short unsigned int\000"
 1601      7420756E 
 1601      7369676E 
 1601      65642069 
 1601      6E7400
 1602              	.LASF41:
 1603 01c3 63616E6F 		.ascii	"canonicalQuery\000"
 1603      6E696361 
ARM GAS  C:\Users\ddemidov\AppData\Local\Temp\ccvUJPDx.s 			page 32


 1603      6C517565 
 1603      727900
 1604              	.LASF33:
 1605 01d2 636F6E74 		.ascii	"content_type\000"
 1605      656E745F 
 1605      74797065 
 1605      00
 1606              	.LASF1:
 1607 01df 756E7369 		.ascii	"unsigned char\000"
 1607      676E6564 
 1607      20636861 
 1607      7200
 1608              	.LASF4:
 1609 01ed 5F5F7569 		.ascii	"__uint16_t\000"
 1609      6E743136 
 1609      5F7400
 1610              	.LASF16:
 1611 01f8 646F7562 		.ascii	"double\000"
 1611      6C6500
 1612              	.LASF7:
 1613 01ff 5F5F7569 		.ascii	"__uint32_t\000"
 1613      6E743332 
 1613      5F7400
 1614              	.LASF45:
 1615 020a 6765745F 		.ascii	"get_api_key\000"
 1615      6170695F 
 1615      6B657900 
 1616              	.LASF53:
 1617 0216 68747470 		.ascii	"http_request_set_content_type\000"
 1617      5F726571 
 1617      75657374 
 1617      5F736574 
 1617      5F636F6E 
 1618              	.LASF11:
 1619 0234 756E7369 		.ascii	"unsigned int\000"
 1619      676E6564 
 1619      20696E74 
 1619      00
 1620              	.LASF50:
 1621 0241 2E2E5C61 		.ascii	"..\\acn-sdk-c\\src\\arrow\\request.c\000"
 1621      636E2D73 
 1621      646B2D63 
 1621      5C737263 
 1621      5C617272 
 1622              	.LASF10:
 1623 0262 6C6F6E67 		.ascii	"long long unsigned int\000"
 1623      206C6F6E 
 1623      6720756E 
 1623      7369676E 
 1623      65642069 
 1624              	.LASF12:
 1625 0279 75696E74 		.ascii	"uint8_t\000"
 1625      385F7400 
 1626              	.LASF25:
 1627 0281 6D657468 		.ascii	"meth\000"
 1627      00
 1628              	.LASF35:
ARM GAS  C:\Users\ddemidov\AppData\Local\Temp\ccvUJPDx.s 			page 33


 1629 0286 7061796C 		.ascii	"payload\000"
 1629      6F616400 
 1630              	.LASF18:
 1631 028e 73697A65 		.ascii	"sizetype\000"
 1631      74797065 
 1631      00
 1632              	.LASF32:
 1633 0297 68656164 		.ascii	"header\000"
 1633      657200
 1634              	.LASF48:
 1635 029e 66726565 		.ascii	"free\000"
 1635      00
 1636              	.LASF9:
 1637 02a3 6C6F6E67 		.ascii	"long long int\000"
 1637      206C6F6E 
 1637      6720696E 
 1637      7400
 1638              	.LASF17:
 1639 02b1 63686172 		.ascii	"char\000"
 1639      00
 1640              	.LASF29:
 1641 02b6 69735F63 		.ascii	"is_corrupt\000"
 1641      6F727275 
 1641      707400
 1642              	.LASF28:
 1643 02c1 706F7274 		.ascii	"port\000"
 1643      00
 1644              	.LASF2:
 1645 02c6 73686F72 		.ascii	"short int\000"
 1645      7420696E 
 1645      7400
 1646              	.LASF52:
 1647 02d0 68747470 		.ascii	"http_header_\000"
 1647      5F686561 
 1647      6465725F 
 1647      00
 1648              	.LASF37:
 1649 02dd 62756666 		.ascii	"buffer\000"
 1649      657200
 1650              	.LASF13:
 1651 02e4 75696E74 		.ascii	"uint16_t\000"
 1651      31365F74 
 1651      00
 1652              	.LASF14:
 1653 02ed 75696E74 		.ascii	"uint32_t\000"
 1653      33325F74 
 1653      00
 1654              	.LASF6:
 1655 02f6 6C6F6E67 		.ascii	"long int\000"
 1655      20696E74 
 1655      00
 1656              	.LASF47:
 1657 02ff 7369676E 		.ascii	"sign\000"
 1657      00
 1658              	.LASF0:
 1659 0304 7369676E 		.ascii	"signed char\000"
 1659      65642063 
ARM GAS  C:\Users\ddemidov\AppData\Local\Temp\ccvUJPDx.s 			page 34


 1659      68617200 
 1660              	.LASF22:
 1661 0310 68747470 		.ascii	"http_query_t\000"
 1661      5F717565 
 1661      72795F74 
 1661      00
 1662              	.LASF43:
 1663 031d 6D616C6C 		.ascii	"malloc\000"
 1663      6F6300
 1664              		.ident	"GCC: (GNU Tools for ARM Embedded Processors) 4.9.3 20150303 (release) [ARM/embedded-4_9-br
