ARM GAS  C:\Users\ddemidov\AppData\Local\Temp\cctMXSl6.s 			page 1


   1              		.cpu cortex-m0
   2              		.fpu softvfp
   3              		.eabi_attribute 20, 1
   4              		.eabi_attribute 21, 1
   5              		.eabi_attribute 23, 3
   6              		.eabi_attribute 24, 1
   7              		.eabi_attribute 25, 1
   8              		.eabi_attribute 26, 1
   9              		.eabi_attribute 30, 4
  10              		.eabi_attribute 34, 0
  11              		.eabi_attribute 18, 4
  12              		.code	16
  13              		.file	"SHD_LED_2.c"
  14              		.text
  15              	.Ltext0:
  16              		.cfi_sections	.debug_frame
  17              		.section	.text.SHD_LED_2_Write,"ax",%progbits
  18              		.align	1
  19              		.global	SHD_LED_2_Write
  20              		.code	16
  21              		.thumb_func
  22              		.type	SHD_LED_2_Write, %function
  23              	SHD_LED_2_Write:
  24              	.LFB0:
  25              		.file 1 ".\\Generated_Source\\PSoC4\\SHD_LED_2.c"
   1:.\Generated_Source\PSoC4/SHD_LED_2.c **** /*******************************************************************************
   2:.\Generated_Source\PSoC4/SHD_LED_2.c **** * File Name: SHD_LED_2.c  
   3:.\Generated_Source\PSoC4/SHD_LED_2.c **** * Version 2.10
   4:.\Generated_Source\PSoC4/SHD_LED_2.c **** *
   5:.\Generated_Source\PSoC4/SHD_LED_2.c **** * Description:
   6:.\Generated_Source\PSoC4/SHD_LED_2.c **** *  This file contains API to enable firmware control of a Pins component.
   7:.\Generated_Source\PSoC4/SHD_LED_2.c **** *
   8:.\Generated_Source\PSoC4/SHD_LED_2.c **** * Note:
   9:.\Generated_Source\PSoC4/SHD_LED_2.c **** *
  10:.\Generated_Source\PSoC4/SHD_LED_2.c **** ********************************************************************************
  11:.\Generated_Source\PSoC4/SHD_LED_2.c **** * Copyright 2008-2014, Cypress Semiconductor Corporation.  All rights reserved.
  12:.\Generated_Source\PSoC4/SHD_LED_2.c **** * You may use this file only in accordance with the license, terms, conditions, 
  13:.\Generated_Source\PSoC4/SHD_LED_2.c **** * disclaimers, and limitations in the end user license agreement accompanying 
  14:.\Generated_Source\PSoC4/SHD_LED_2.c **** * the software package with which this file was provided.
  15:.\Generated_Source\PSoC4/SHD_LED_2.c **** *******************************************************************************/
  16:.\Generated_Source\PSoC4/SHD_LED_2.c **** 
  17:.\Generated_Source\PSoC4/SHD_LED_2.c **** #include "cytypes.h"
  18:.\Generated_Source\PSoC4/SHD_LED_2.c **** #include "SHD_LED_2.h"
  19:.\Generated_Source\PSoC4/SHD_LED_2.c **** 
  20:.\Generated_Source\PSoC4/SHD_LED_2.c **** #define SetP4PinDriveMode(shift, mode)  \
  21:.\Generated_Source\PSoC4/SHD_LED_2.c ****     do { \
  22:.\Generated_Source\PSoC4/SHD_LED_2.c ****         SHD_LED_2_PC =   (SHD_LED_2_PC & \
  23:.\Generated_Source\PSoC4/SHD_LED_2.c ****                                 (uint32)(~(uint32)(SHD_LED_2_DRIVE_MODE_IND_MASK << (SHD_LED_2_DRIV
  24:.\Generated_Source\PSoC4/SHD_LED_2.c ****                                 (uint32)((uint32)(mode) << (SHD_LED_2_DRIVE_MODE_BITS * (shift))); 
  25:.\Generated_Source\PSoC4/SHD_LED_2.c ****     } while (0)
  26:.\Generated_Source\PSoC4/SHD_LED_2.c **** 
  27:.\Generated_Source\PSoC4/SHD_LED_2.c **** 
  28:.\Generated_Source\PSoC4/SHD_LED_2.c **** /*******************************************************************************
  29:.\Generated_Source\PSoC4/SHD_LED_2.c **** * Function Name: SHD_LED_2_Write
  30:.\Generated_Source\PSoC4/SHD_LED_2.c **** ********************************************************************************
  31:.\Generated_Source\PSoC4/SHD_LED_2.c **** *
  32:.\Generated_Source\PSoC4/SHD_LED_2.c **** * Summary:
ARM GAS  C:\Users\ddemidov\AppData\Local\Temp\cctMXSl6.s 			page 2


  33:.\Generated_Source\PSoC4/SHD_LED_2.c **** *  Assign a new value to the digital port's data output register.  
  34:.\Generated_Source\PSoC4/SHD_LED_2.c **** *
  35:.\Generated_Source\PSoC4/SHD_LED_2.c **** * Parameters:  
  36:.\Generated_Source\PSoC4/SHD_LED_2.c **** *  prtValue:  The value to be assigned to the Digital Port. 
  37:.\Generated_Source\PSoC4/SHD_LED_2.c **** *
  38:.\Generated_Source\PSoC4/SHD_LED_2.c **** * Return: 
  39:.\Generated_Source\PSoC4/SHD_LED_2.c **** *  None 
  40:.\Generated_Source\PSoC4/SHD_LED_2.c **** *  
  41:.\Generated_Source\PSoC4/SHD_LED_2.c **** *******************************************************************************/
  42:.\Generated_Source\PSoC4/SHD_LED_2.c **** void SHD_LED_2_Write(uint8 value) 
  43:.\Generated_Source\PSoC4/SHD_LED_2.c **** {
  26              		.loc 1 43 0
  27              		.cfi_startproc
  28              	.LVL0:
  44:.\Generated_Source\PSoC4/SHD_LED_2.c ****     uint8 drVal = (uint8)(SHD_LED_2_DR & (uint8)(~SHD_LED_2_MASK));
  29              		.loc 1 44 0
  30 0000 0223     		mov	r3, #2
  31 0002 0449     		ldr	r1, .L2
  45:.\Generated_Source\PSoC4/SHD_LED_2.c ****     drVal = (drVal | ((uint8)(value << SHD_LED_2_SHIFT) & SHD_LED_2_MASK));
  32              		.loc 1 45 0
  33 0004 4000     		lsl	r0, r0, #1
  34              	.LVL1:
  44:.\Generated_Source\PSoC4/SHD_LED_2.c ****     uint8 drVal = (uint8)(SHD_LED_2_DR & (uint8)(~SHD_LED_2_MASK));
  35              		.loc 1 44 0
  36 0006 0A68     		ldr	r2, [r1]
  46:.\Generated_Source\PSoC4/SHD_LED_2.c ****     SHD_LED_2_DR = (uint32)drVal;
  47:.\Generated_Source\PSoC4/SHD_LED_2.c **** }
  37              		.loc 1 47 0
  38              		@ sp needed
  44:.\Generated_Source\PSoC4/SHD_LED_2.c ****     drVal = (drVal | ((uint8)(value << SHD_LED_2_SHIFT) & SHD_LED_2_MASK));
  39              		.loc 1 44 0
  40 0008 9A43     		bic	r2, r3
  41 000a D2B2     		uxtb	r2, r2
  45:.\Generated_Source\PSoC4/SHD_LED_2.c ****     drVal = (drVal | ((uint8)(value << SHD_LED_2_SHIFT) & SHD_LED_2_MASK));
  42              		.loc 1 45 0
  43 000c 0340     		and	r3, r0
  46:.\Generated_Source\PSoC4/SHD_LED_2.c ****     SHD_LED_2_DR = (uint32)drVal;
  44              		.loc 1 46 0
  45 000e 1343     		orr	r3, r2
  46 0010 0B60     		str	r3, [r1]
  47              		.loc 1 47 0
  48 0012 7047     		bx	lr
  49              	.L3:
  50              		.align	2
  51              	.L2:
  52 0014 00020440 		.word	1074004480
  53              		.cfi_endproc
  54              	.LFE0:
  55              		.size	SHD_LED_2_Write, .-SHD_LED_2_Write
  56              		.section	.text.SHD_LED_2_SetDriveMode,"ax",%progbits
  57              		.align	1
  58              		.global	SHD_LED_2_SetDriveMode
  59              		.code	16
  60              		.thumb_func
  61              		.type	SHD_LED_2_SetDriveMode, %function
  62              	SHD_LED_2_SetDriveMode:
  63              	.LFB1:
ARM GAS  C:\Users\ddemidov\AppData\Local\Temp\cctMXSl6.s 			page 3


  48:.\Generated_Source\PSoC4/SHD_LED_2.c **** 
  49:.\Generated_Source\PSoC4/SHD_LED_2.c **** 
  50:.\Generated_Source\PSoC4/SHD_LED_2.c **** /*******************************************************************************
  51:.\Generated_Source\PSoC4/SHD_LED_2.c **** * Function Name: SHD_LED_2_SetDriveMode
  52:.\Generated_Source\PSoC4/SHD_LED_2.c **** ********************************************************************************
  53:.\Generated_Source\PSoC4/SHD_LED_2.c **** *
  54:.\Generated_Source\PSoC4/SHD_LED_2.c **** * Summary:
  55:.\Generated_Source\PSoC4/SHD_LED_2.c **** *  Change the drive mode on the pins of the port.
  56:.\Generated_Source\PSoC4/SHD_LED_2.c **** * 
  57:.\Generated_Source\PSoC4/SHD_LED_2.c **** * Parameters:  
  58:.\Generated_Source\PSoC4/SHD_LED_2.c **** *  mode:  Change the pins to one of the following drive modes.
  59:.\Generated_Source\PSoC4/SHD_LED_2.c **** *
  60:.\Generated_Source\PSoC4/SHD_LED_2.c **** *  SHD_LED_2_DM_STRONG     Strong Drive 
  61:.\Generated_Source\PSoC4/SHD_LED_2.c **** *  SHD_LED_2_DM_OD_HI      Open Drain, Drives High 
  62:.\Generated_Source\PSoC4/SHD_LED_2.c **** *  SHD_LED_2_DM_OD_LO      Open Drain, Drives Low 
  63:.\Generated_Source\PSoC4/SHD_LED_2.c **** *  SHD_LED_2_DM_RES_UP     Resistive Pull Up 
  64:.\Generated_Source\PSoC4/SHD_LED_2.c **** *  SHD_LED_2_DM_RES_DWN    Resistive Pull Down 
  65:.\Generated_Source\PSoC4/SHD_LED_2.c **** *  SHD_LED_2_DM_RES_UPDWN  Resistive Pull Up/Down 
  66:.\Generated_Source\PSoC4/SHD_LED_2.c **** *  SHD_LED_2_DM_DIG_HIZ    High Impedance Digital 
  67:.\Generated_Source\PSoC4/SHD_LED_2.c **** *  SHD_LED_2_DM_ALG_HIZ    High Impedance Analog 
  68:.\Generated_Source\PSoC4/SHD_LED_2.c **** *
  69:.\Generated_Source\PSoC4/SHD_LED_2.c **** * Return: 
  70:.\Generated_Source\PSoC4/SHD_LED_2.c **** *  None
  71:.\Generated_Source\PSoC4/SHD_LED_2.c **** *
  72:.\Generated_Source\PSoC4/SHD_LED_2.c **** *******************************************************************************/
  73:.\Generated_Source\PSoC4/SHD_LED_2.c **** void SHD_LED_2_SetDriveMode(uint8 mode) 
  74:.\Generated_Source\PSoC4/SHD_LED_2.c **** {
  64              		.loc 1 74 0
  65              		.cfi_startproc
  66              	.LVL2:
  75:.\Generated_Source\PSoC4/SHD_LED_2.c **** 	SetP4PinDriveMode(SHD_LED_2__0__SHIFT, mode);
  67              		.loc 1 75 0
  68 0000 3821     		mov	r1, #56
  69 0002 034A     		ldr	r2, .L5
  70 0004 C000     		lsl	r0, r0, #3
  71              	.LVL3:
  72 0006 1368     		ldr	r3, [r2]
  76:.\Generated_Source\PSoC4/SHD_LED_2.c **** }
  73              		.loc 1 76 0
  74              		@ sp needed
  75:.\Generated_Source\PSoC4/SHD_LED_2.c **** 	SetP4PinDriveMode(SHD_LED_2__0__SHIFT, mode);
  75              		.loc 1 75 0
  76 0008 8B43     		bic	r3, r1
  77 000a 1843     		orr	r0, r3
  78 000c 1060     		str	r0, [r2]
  79              		.loc 1 76 0
  80 000e 7047     		bx	lr
  81              	.L6:
  82              		.align	2
  83              	.L5:
  84 0010 08020440 		.word	1074004488
  85              		.cfi_endproc
  86              	.LFE1:
  87              		.size	SHD_LED_2_SetDriveMode, .-SHD_LED_2_SetDriveMode
  88              		.section	.text.SHD_LED_2_Read,"ax",%progbits
  89              		.align	1
  90              		.global	SHD_LED_2_Read
ARM GAS  C:\Users\ddemidov\AppData\Local\Temp\cctMXSl6.s 			page 4


  91              		.code	16
  92              		.thumb_func
  93              		.type	SHD_LED_2_Read, %function
  94              	SHD_LED_2_Read:
  95              	.LFB2:
  77:.\Generated_Source\PSoC4/SHD_LED_2.c **** 
  78:.\Generated_Source\PSoC4/SHD_LED_2.c **** 
  79:.\Generated_Source\PSoC4/SHD_LED_2.c **** /*******************************************************************************
  80:.\Generated_Source\PSoC4/SHD_LED_2.c **** * Function Name: SHD_LED_2_Read
  81:.\Generated_Source\PSoC4/SHD_LED_2.c **** ********************************************************************************
  82:.\Generated_Source\PSoC4/SHD_LED_2.c **** *
  83:.\Generated_Source\PSoC4/SHD_LED_2.c **** * Summary:
  84:.\Generated_Source\PSoC4/SHD_LED_2.c **** *  Read the current value on the pins of the Digital Port in right justified 
  85:.\Generated_Source\PSoC4/SHD_LED_2.c **** *  form.
  86:.\Generated_Source\PSoC4/SHD_LED_2.c **** *
  87:.\Generated_Source\PSoC4/SHD_LED_2.c **** * Parameters:  
  88:.\Generated_Source\PSoC4/SHD_LED_2.c **** *  None 
  89:.\Generated_Source\PSoC4/SHD_LED_2.c **** *
  90:.\Generated_Source\PSoC4/SHD_LED_2.c **** * Return: 
  91:.\Generated_Source\PSoC4/SHD_LED_2.c **** *  Returns the current value of the Digital Port as a right justified number
  92:.\Generated_Source\PSoC4/SHD_LED_2.c **** *  
  93:.\Generated_Source\PSoC4/SHD_LED_2.c **** * Note:
  94:.\Generated_Source\PSoC4/SHD_LED_2.c **** *  Macro SHD_LED_2_ReadPS calls this function. 
  95:.\Generated_Source\PSoC4/SHD_LED_2.c **** *  
  96:.\Generated_Source\PSoC4/SHD_LED_2.c **** *******************************************************************************/
  97:.\Generated_Source\PSoC4/SHD_LED_2.c **** uint8 SHD_LED_2_Read(void) 
  98:.\Generated_Source\PSoC4/SHD_LED_2.c **** {
  96              		.loc 1 98 0
  97              		.cfi_startproc
  99:.\Generated_Source\PSoC4/SHD_LED_2.c ****     return (uint8)((SHD_LED_2_PS & SHD_LED_2_MASK) >> SHD_LED_2_SHIFT);
  98              		.loc 1 99 0
  99 0000 024B     		ldr	r3, .L8
 100:.\Generated_Source\PSoC4/SHD_LED_2.c **** }
 100              		.loc 1 100 0
 101              		@ sp needed
  99:.\Generated_Source\PSoC4/SHD_LED_2.c ****     return (uint8)((SHD_LED_2_PS & SHD_LED_2_MASK) >> SHD_LED_2_SHIFT);
 102              		.loc 1 99 0
 103 0002 1868     		ldr	r0, [r3]
 104 0004 8007     		lsl	r0, r0, #30
 105 0006 C00F     		lsr	r0, r0, #31
 106              		.loc 1 100 0
 107 0008 7047     		bx	lr
 108              	.L9:
 109 000a C046     		.align	2
 110              	.L8:
 111 000c 04020440 		.word	1074004484
 112              		.cfi_endproc
 113              	.LFE2:
 114              		.size	SHD_LED_2_Read, .-SHD_LED_2_Read
 115              		.section	.text.SHD_LED_2_ReadDataReg,"ax",%progbits
 116              		.align	1
 117              		.global	SHD_LED_2_ReadDataReg
 118              		.code	16
 119              		.thumb_func
 120              		.type	SHD_LED_2_ReadDataReg, %function
 121              	SHD_LED_2_ReadDataReg:
 122              	.LFB3:
ARM GAS  C:\Users\ddemidov\AppData\Local\Temp\cctMXSl6.s 			page 5


 101:.\Generated_Source\PSoC4/SHD_LED_2.c **** 
 102:.\Generated_Source\PSoC4/SHD_LED_2.c **** 
 103:.\Generated_Source\PSoC4/SHD_LED_2.c **** /*******************************************************************************
 104:.\Generated_Source\PSoC4/SHD_LED_2.c **** * Function Name: SHD_LED_2_ReadDataReg
 105:.\Generated_Source\PSoC4/SHD_LED_2.c **** ********************************************************************************
 106:.\Generated_Source\PSoC4/SHD_LED_2.c **** *
 107:.\Generated_Source\PSoC4/SHD_LED_2.c **** * Summary:
 108:.\Generated_Source\PSoC4/SHD_LED_2.c **** *  Read the current value assigned to a Digital Port's data output register
 109:.\Generated_Source\PSoC4/SHD_LED_2.c **** *
 110:.\Generated_Source\PSoC4/SHD_LED_2.c **** * Parameters:  
 111:.\Generated_Source\PSoC4/SHD_LED_2.c **** *  None 
 112:.\Generated_Source\PSoC4/SHD_LED_2.c **** *
 113:.\Generated_Source\PSoC4/SHD_LED_2.c **** * Return: 
 114:.\Generated_Source\PSoC4/SHD_LED_2.c **** *  Returns the current value assigned to the Digital Port's data output register
 115:.\Generated_Source\PSoC4/SHD_LED_2.c **** *  
 116:.\Generated_Source\PSoC4/SHD_LED_2.c **** *******************************************************************************/
 117:.\Generated_Source\PSoC4/SHD_LED_2.c **** uint8 SHD_LED_2_ReadDataReg(void) 
 118:.\Generated_Source\PSoC4/SHD_LED_2.c **** {
 123              		.loc 1 118 0
 124              		.cfi_startproc
 119:.\Generated_Source\PSoC4/SHD_LED_2.c ****     return (uint8)((SHD_LED_2_DR & SHD_LED_2_MASK) >> SHD_LED_2_SHIFT);
 125              		.loc 1 119 0
 126 0000 024B     		ldr	r3, .L11
 120:.\Generated_Source\PSoC4/SHD_LED_2.c **** }
 127              		.loc 1 120 0
 128              		@ sp needed
 119:.\Generated_Source\PSoC4/SHD_LED_2.c ****     return (uint8)((SHD_LED_2_DR & SHD_LED_2_MASK) >> SHD_LED_2_SHIFT);
 129              		.loc 1 119 0
 130 0002 1868     		ldr	r0, [r3]
 131 0004 8007     		lsl	r0, r0, #30
 132 0006 C00F     		lsr	r0, r0, #31
 133              		.loc 1 120 0
 134 0008 7047     		bx	lr
 135              	.L12:
 136 000a C046     		.align	2
 137              	.L11:
 138 000c 00020440 		.word	1074004480
 139              		.cfi_endproc
 140              	.LFE3:
 141              		.size	SHD_LED_2_ReadDataReg, .-SHD_LED_2_ReadDataReg
 142              		.section	.text.SHD_LED_2_ClearInterrupt,"ax",%progbits
 143              		.align	1
 144              		.global	SHD_LED_2_ClearInterrupt
 145              		.code	16
 146              		.thumb_func
 147              		.type	SHD_LED_2_ClearInterrupt, %function
 148              	SHD_LED_2_ClearInterrupt:
 149              	.LFB4:
 121:.\Generated_Source\PSoC4/SHD_LED_2.c **** 
 122:.\Generated_Source\PSoC4/SHD_LED_2.c **** 
 123:.\Generated_Source\PSoC4/SHD_LED_2.c **** /* If Interrupts Are Enabled for this Pins component */ 
 124:.\Generated_Source\PSoC4/SHD_LED_2.c **** #if defined(SHD_LED_2_INTSTAT) 
 125:.\Generated_Source\PSoC4/SHD_LED_2.c **** 
 126:.\Generated_Source\PSoC4/SHD_LED_2.c ****     /*******************************************************************************
 127:.\Generated_Source\PSoC4/SHD_LED_2.c ****     * Function Name: SHD_LED_2_ClearInterrupt
 128:.\Generated_Source\PSoC4/SHD_LED_2.c ****     ********************************************************************************
 129:.\Generated_Source\PSoC4/SHD_LED_2.c ****     *
ARM GAS  C:\Users\ddemidov\AppData\Local\Temp\cctMXSl6.s 			page 6


 130:.\Generated_Source\PSoC4/SHD_LED_2.c ****     * Summary:
 131:.\Generated_Source\PSoC4/SHD_LED_2.c ****     *  Clears any active interrupts attached to port and returns the value of the 
 132:.\Generated_Source\PSoC4/SHD_LED_2.c ****     *  interrupt status register.
 133:.\Generated_Source\PSoC4/SHD_LED_2.c ****     *
 134:.\Generated_Source\PSoC4/SHD_LED_2.c ****     * Parameters:  
 135:.\Generated_Source\PSoC4/SHD_LED_2.c ****     *  None 
 136:.\Generated_Source\PSoC4/SHD_LED_2.c ****     *
 137:.\Generated_Source\PSoC4/SHD_LED_2.c ****     * Return: 
 138:.\Generated_Source\PSoC4/SHD_LED_2.c ****     *  Returns the value of the interrupt status register
 139:.\Generated_Source\PSoC4/SHD_LED_2.c ****     *  
 140:.\Generated_Source\PSoC4/SHD_LED_2.c ****     *******************************************************************************/
 141:.\Generated_Source\PSoC4/SHD_LED_2.c ****     uint8 SHD_LED_2_ClearInterrupt(void) 
 142:.\Generated_Source\PSoC4/SHD_LED_2.c ****     {
 150              		.loc 1 142 0
 151              		.cfi_startproc
 143:.\Generated_Source\PSoC4/SHD_LED_2.c **** 		uint8 maskedStatus = (uint8)(SHD_LED_2_INTSTAT & SHD_LED_2_MASK);
 152              		.loc 1 143 0
 153 0000 0223     		mov	r3, #2
 154 0002 034A     		ldr	r2, .L14
 144:.\Generated_Source\PSoC4/SHD_LED_2.c **** 		SHD_LED_2_INTSTAT = maskedStatus;
 145:.\Generated_Source\PSoC4/SHD_LED_2.c ****         return maskedStatus >> SHD_LED_2_SHIFT;
 146:.\Generated_Source\PSoC4/SHD_LED_2.c ****     }
 155              		.loc 1 146 0
 156              		@ sp needed
 143:.\Generated_Source\PSoC4/SHD_LED_2.c **** 		uint8 maskedStatus = (uint8)(SHD_LED_2_INTSTAT & SHD_LED_2_MASK);
 157              		.loc 1 143 0
 158 0004 1068     		ldr	r0, [r2]
 159 0006 1840     		and	r0, r3
 160              	.LVL4:
 144:.\Generated_Source\PSoC4/SHD_LED_2.c **** 		SHD_LED_2_INTSTAT = maskedStatus;
 161              		.loc 1 144 0
 162 0008 1060     		str	r0, [r2]
 145:.\Generated_Source\PSoC4/SHD_LED_2.c ****     }
 163              		.loc 1 145 0
 164 000a 4008     		lsr	r0, r0, #1
 165              	.LVL5:
 166 000c C0B2     		uxtb	r0, r0
 167              		.loc 1 146 0
 168 000e 7047     		bx	lr
 169              	.L15:
 170              		.align	2
 171              	.L14:
 172 0010 10020440 		.word	1074004496
 173              		.cfi_endproc
 174              	.LFE4:
 175              		.size	SHD_LED_2_ClearInterrupt, .-SHD_LED_2_ClearInterrupt
 176              		.text
 177              	.Letext0:
 178              		.file 2 ".\\Generated_Source\\PSoC4\\cytypes.h"
 179              		.section	.debug_info,"",%progbits
 180              	.Ldebug_info0:
 181 0000 4A010000 		.4byte	0x14a
 182 0004 0400     		.2byte	0x4
 183 0006 00000000 		.4byte	.Ldebug_abbrev0
 184 000a 04       		.byte	0x4
 185 000b 01       		.uleb128 0x1
 186 000c 06000000 		.4byte	.LASF22
ARM GAS  C:\Users\ddemidov\AppData\Local\Temp\cctMXSl6.s 			page 7


 187 0010 01       		.byte	0x1
 188 0011 03020000 		.4byte	.LASF23
 189 0015 72010000 		.4byte	.LASF24
 190 0019 00000000 		.4byte	.Ldebug_ranges0+0
 191 001d 00000000 		.4byte	0
 192 0021 00000000 		.4byte	.Ldebug_line0
 193 0025 02       		.uleb128 0x2
 194 0026 01       		.byte	0x1
 195 0027 06       		.byte	0x6
 196 0028 C7000000 		.4byte	.LASF0
 197 002c 02       		.uleb128 0x2
 198 002d 01       		.byte	0x1
 199 002e 08       		.byte	0x8
 200 002f D3000000 		.4byte	.LASF1
 201 0033 02       		.uleb128 0x2
 202 0034 02       		.byte	0x2
 203 0035 05       		.byte	0x5
 204 0036 EA010000 		.4byte	.LASF2
 205 003a 02       		.uleb128 0x2
 206 003b 02       		.byte	0x2
 207 003c 07       		.byte	0x7
 208 003d F9000000 		.4byte	.LASF3
 209 0041 02       		.uleb128 0x2
 210 0042 04       		.byte	0x4
 211 0043 05       		.byte	0x5
 212 0044 FA010000 		.4byte	.LASF4
 213 0048 02       		.uleb128 0x2
 214 0049 04       		.byte	0x4
 215 004a 07       		.byte	0x7
 216 004b E7000000 		.4byte	.LASF5
 217 004f 02       		.uleb128 0x2
 218 0050 08       		.byte	0x8
 219 0051 05       		.byte	0x5
 220 0052 BB010000 		.4byte	.LASF6
 221 0056 02       		.uleb128 0x2
 222 0057 08       		.byte	0x8
 223 0058 07       		.byte	0x7
 224 0059 56010000 		.4byte	.LASF7
 225 005d 03       		.uleb128 0x3
 226 005e 04       		.byte	0x4
 227 005f 05       		.byte	0x5
 228 0060 696E7400 		.ascii	"int\000"
 229 0064 02       		.uleb128 0x2
 230 0065 04       		.byte	0x4
 231 0066 07       		.byte	0x7
 232 0067 49010000 		.4byte	.LASF8
 233 006b 04       		.uleb128 0x4
 234 006c F4010000 		.4byte	.LASF9
 235 0070 02       		.byte	0x2
 236 0071 3801     		.2byte	0x138
 237 0073 2C000000 		.4byte	0x2c
 238 0077 04       		.uleb128 0x4
 239 0078 2C010000 		.4byte	.LASF10
 240 007c 02       		.byte	0x2
 241 007d 3A01     		.2byte	0x13a
 242 007f 48000000 		.4byte	0x48
 243 0083 02       		.uleb128 0x2
ARM GAS  C:\Users\ddemidov\AppData\Local\Temp\cctMXSl6.s 			page 8


 244 0084 04       		.byte	0x4
 245 0085 04       		.byte	0x4
 246 0086 C1000000 		.4byte	.LASF11
 247 008a 02       		.uleb128 0x2
 248 008b 08       		.byte	0x8
 249 008c 04       		.byte	0x4
 250 008d 0C010000 		.4byte	.LASF12
 251 0091 02       		.uleb128 0x2
 252 0092 01       		.byte	0x1
 253 0093 08       		.byte	0x8
 254 0094 D6010000 		.4byte	.LASF13
 255 0098 04       		.uleb128 0x4
 256 0099 00000000 		.4byte	.LASF14
 257 009d 02       		.byte	0x2
 258 009e E401     		.2byte	0x1e4
 259 00a0 A4000000 		.4byte	0xa4
 260 00a4 05       		.uleb128 0x5
 261 00a5 77000000 		.4byte	0x77
 262 00a9 06       		.uleb128 0x6
 263 00aa B1000000 		.4byte	.LASF15
 264 00ae 01       		.byte	0x1
 265 00af 2A       		.byte	0x2a
 266 00b0 00000000 		.4byte	.LFB0
 267 00b4 18000000 		.4byte	.LFE0-.LFB0
 268 00b8 01       		.uleb128 0x1
 269 00b9 9C       		.byte	0x9c
 270 00ba D9000000 		.4byte	0xd9
 271 00be 07       		.uleb128 0x7
 272 00bf 94000000 		.4byte	.LASF17
 273 00c3 01       		.byte	0x1
 274 00c4 2A       		.byte	0x2a
 275 00c5 6B000000 		.4byte	0x6b
 276 00c9 00000000 		.4byte	.LLST0
 277 00cd 08       		.uleb128 0x8
 278 00ce E1000000 		.4byte	.LASF25
 279 00d2 01       		.byte	0x1
 280 00d3 2C       		.byte	0x2c
 281 00d4 6B000000 		.4byte	0x6b
 282 00d8 00       		.byte	0
 283 00d9 06       		.uleb128 0x6
 284 00da 9A000000 		.4byte	.LASF16
 285 00de 01       		.byte	0x1
 286 00df 49       		.byte	0x49
 287 00e0 00000000 		.4byte	.LFB1
 288 00e4 14000000 		.4byte	.LFE1-.LFB1
 289 00e8 01       		.uleb128 0x1
 290 00e9 9C       		.byte	0x9c
 291 00ea FE000000 		.4byte	0xfe
 292 00ee 07       		.uleb128 0x7
 293 00ef 6D010000 		.4byte	.LASF18
 294 00f3 01       		.byte	0x1
 295 00f4 49       		.byte	0x49
 296 00f5 6B000000 		.4byte	0x6b
 297 00f9 21000000 		.4byte	.LLST1
 298 00fd 00       		.byte	0
 299 00fe 09       		.uleb128 0x9
 300 00ff DB010000 		.4byte	.LASF19
ARM GAS  C:\Users\ddemidov\AppData\Local\Temp\cctMXSl6.s 			page 9


 301 0103 01       		.byte	0x1
 302 0104 61       		.byte	0x61
 303 0105 6B000000 		.4byte	0x6b
 304 0109 00000000 		.4byte	.LFB2
 305 010d 10000000 		.4byte	.LFE2-.LFB2
 306 0111 01       		.uleb128 0x1
 307 0112 9C       		.byte	0x9c
 308 0113 09       		.uleb128 0x9
 309 0114 33010000 		.4byte	.LASF20
 310 0118 01       		.byte	0x1
 311 0119 75       		.byte	0x75
 312 011a 6B000000 		.4byte	0x6b
 313 011e 00000000 		.4byte	.LFB3
 314 0122 10000000 		.4byte	.LFE3-.LFB3
 315 0126 01       		.uleb128 0x1
 316 0127 9C       		.byte	0x9c
 317 0128 0A       		.uleb128 0xa
 318 0129 13010000 		.4byte	.LASF21
 319 012d 01       		.byte	0x1
 320 012e 8D       		.byte	0x8d
 321 012f 6B000000 		.4byte	0x6b
 322 0133 00000000 		.4byte	.LFB4
 323 0137 14000000 		.4byte	.LFE4-.LFB4
 324 013b 01       		.uleb128 0x1
 325 013c 9C       		.byte	0x9c
 326 013d 0B       		.uleb128 0xb
 327 013e C9010000 		.4byte	.LASF26
 328 0142 01       		.byte	0x1
 329 0143 8F       		.byte	0x8f
 330 0144 6B000000 		.4byte	0x6b
 331 0148 42000000 		.4byte	.LLST2
 332 014c 00       		.byte	0
 333 014d 00       		.byte	0
 334              		.section	.debug_abbrev,"",%progbits
 335              	.Ldebug_abbrev0:
 336 0000 01       		.uleb128 0x1
 337 0001 11       		.uleb128 0x11
 338 0002 01       		.byte	0x1
 339 0003 25       		.uleb128 0x25
 340 0004 0E       		.uleb128 0xe
 341 0005 13       		.uleb128 0x13
 342 0006 0B       		.uleb128 0xb
 343 0007 03       		.uleb128 0x3
 344 0008 0E       		.uleb128 0xe
 345 0009 1B       		.uleb128 0x1b
 346 000a 0E       		.uleb128 0xe
 347 000b 55       		.uleb128 0x55
 348 000c 17       		.uleb128 0x17
 349 000d 11       		.uleb128 0x11
 350 000e 01       		.uleb128 0x1
 351 000f 10       		.uleb128 0x10
 352 0010 17       		.uleb128 0x17
 353 0011 00       		.byte	0
 354 0012 00       		.byte	0
 355 0013 02       		.uleb128 0x2
 356 0014 24       		.uleb128 0x24
 357 0015 00       		.byte	0
ARM GAS  C:\Users\ddemidov\AppData\Local\Temp\cctMXSl6.s 			page 10


 358 0016 0B       		.uleb128 0xb
 359 0017 0B       		.uleb128 0xb
 360 0018 3E       		.uleb128 0x3e
 361 0019 0B       		.uleb128 0xb
 362 001a 03       		.uleb128 0x3
 363 001b 0E       		.uleb128 0xe
 364 001c 00       		.byte	0
 365 001d 00       		.byte	0
 366 001e 03       		.uleb128 0x3
 367 001f 24       		.uleb128 0x24
 368 0020 00       		.byte	0
 369 0021 0B       		.uleb128 0xb
 370 0022 0B       		.uleb128 0xb
 371 0023 3E       		.uleb128 0x3e
 372 0024 0B       		.uleb128 0xb
 373 0025 03       		.uleb128 0x3
 374 0026 08       		.uleb128 0x8
 375 0027 00       		.byte	0
 376 0028 00       		.byte	0
 377 0029 04       		.uleb128 0x4
 378 002a 16       		.uleb128 0x16
 379 002b 00       		.byte	0
 380 002c 03       		.uleb128 0x3
 381 002d 0E       		.uleb128 0xe
 382 002e 3A       		.uleb128 0x3a
 383 002f 0B       		.uleb128 0xb
 384 0030 3B       		.uleb128 0x3b
 385 0031 05       		.uleb128 0x5
 386 0032 49       		.uleb128 0x49
 387 0033 13       		.uleb128 0x13
 388 0034 00       		.byte	0
 389 0035 00       		.byte	0
 390 0036 05       		.uleb128 0x5
 391 0037 35       		.uleb128 0x35
 392 0038 00       		.byte	0
 393 0039 49       		.uleb128 0x49
 394 003a 13       		.uleb128 0x13
 395 003b 00       		.byte	0
 396 003c 00       		.byte	0
 397 003d 06       		.uleb128 0x6
 398 003e 2E       		.uleb128 0x2e
 399 003f 01       		.byte	0x1
 400 0040 3F       		.uleb128 0x3f
 401 0041 19       		.uleb128 0x19
 402 0042 03       		.uleb128 0x3
 403 0043 0E       		.uleb128 0xe
 404 0044 3A       		.uleb128 0x3a
 405 0045 0B       		.uleb128 0xb
 406 0046 3B       		.uleb128 0x3b
 407 0047 0B       		.uleb128 0xb
 408 0048 27       		.uleb128 0x27
 409 0049 19       		.uleb128 0x19
 410 004a 11       		.uleb128 0x11
 411 004b 01       		.uleb128 0x1
 412 004c 12       		.uleb128 0x12
 413 004d 06       		.uleb128 0x6
 414 004e 40       		.uleb128 0x40
ARM GAS  C:\Users\ddemidov\AppData\Local\Temp\cctMXSl6.s 			page 11


 415 004f 18       		.uleb128 0x18
 416 0050 9742     		.uleb128 0x2117
 417 0052 19       		.uleb128 0x19
 418 0053 01       		.uleb128 0x1
 419 0054 13       		.uleb128 0x13
 420 0055 00       		.byte	0
 421 0056 00       		.byte	0
 422 0057 07       		.uleb128 0x7
 423 0058 05       		.uleb128 0x5
 424 0059 00       		.byte	0
 425 005a 03       		.uleb128 0x3
 426 005b 0E       		.uleb128 0xe
 427 005c 3A       		.uleb128 0x3a
 428 005d 0B       		.uleb128 0xb
 429 005e 3B       		.uleb128 0x3b
 430 005f 0B       		.uleb128 0xb
 431 0060 49       		.uleb128 0x49
 432 0061 13       		.uleb128 0x13
 433 0062 02       		.uleb128 0x2
 434 0063 17       		.uleb128 0x17
 435 0064 00       		.byte	0
 436 0065 00       		.byte	0
 437 0066 08       		.uleb128 0x8
 438 0067 34       		.uleb128 0x34
 439 0068 00       		.byte	0
 440 0069 03       		.uleb128 0x3
 441 006a 0E       		.uleb128 0xe
 442 006b 3A       		.uleb128 0x3a
 443 006c 0B       		.uleb128 0xb
 444 006d 3B       		.uleb128 0x3b
 445 006e 0B       		.uleb128 0xb
 446 006f 49       		.uleb128 0x49
 447 0070 13       		.uleb128 0x13
 448 0071 00       		.byte	0
 449 0072 00       		.byte	0
 450 0073 09       		.uleb128 0x9
 451 0074 2E       		.uleb128 0x2e
 452 0075 00       		.byte	0
 453 0076 3F       		.uleb128 0x3f
 454 0077 19       		.uleb128 0x19
 455 0078 03       		.uleb128 0x3
 456 0079 0E       		.uleb128 0xe
 457 007a 3A       		.uleb128 0x3a
 458 007b 0B       		.uleb128 0xb
 459 007c 3B       		.uleb128 0x3b
 460 007d 0B       		.uleb128 0xb
 461 007e 27       		.uleb128 0x27
 462 007f 19       		.uleb128 0x19
 463 0080 49       		.uleb128 0x49
 464 0081 13       		.uleb128 0x13
 465 0082 11       		.uleb128 0x11
 466 0083 01       		.uleb128 0x1
 467 0084 12       		.uleb128 0x12
 468 0085 06       		.uleb128 0x6
 469 0086 40       		.uleb128 0x40
 470 0087 18       		.uleb128 0x18
 471 0088 9742     		.uleb128 0x2117
ARM GAS  C:\Users\ddemidov\AppData\Local\Temp\cctMXSl6.s 			page 12


 472 008a 19       		.uleb128 0x19
 473 008b 00       		.byte	0
 474 008c 00       		.byte	0
 475 008d 0A       		.uleb128 0xa
 476 008e 2E       		.uleb128 0x2e
 477 008f 01       		.byte	0x1
 478 0090 3F       		.uleb128 0x3f
 479 0091 19       		.uleb128 0x19
 480 0092 03       		.uleb128 0x3
 481 0093 0E       		.uleb128 0xe
 482 0094 3A       		.uleb128 0x3a
 483 0095 0B       		.uleb128 0xb
 484 0096 3B       		.uleb128 0x3b
 485 0097 0B       		.uleb128 0xb
 486 0098 27       		.uleb128 0x27
 487 0099 19       		.uleb128 0x19
 488 009a 49       		.uleb128 0x49
 489 009b 13       		.uleb128 0x13
 490 009c 11       		.uleb128 0x11
 491 009d 01       		.uleb128 0x1
 492 009e 12       		.uleb128 0x12
 493 009f 06       		.uleb128 0x6
 494 00a0 40       		.uleb128 0x40
 495 00a1 18       		.uleb128 0x18
 496 00a2 9742     		.uleb128 0x2117
 497 00a4 19       		.uleb128 0x19
 498 00a5 00       		.byte	0
 499 00a6 00       		.byte	0
 500 00a7 0B       		.uleb128 0xb
 501 00a8 34       		.uleb128 0x34
 502 00a9 00       		.byte	0
 503 00aa 03       		.uleb128 0x3
 504 00ab 0E       		.uleb128 0xe
 505 00ac 3A       		.uleb128 0x3a
 506 00ad 0B       		.uleb128 0xb
 507 00ae 3B       		.uleb128 0x3b
 508 00af 0B       		.uleb128 0xb
 509 00b0 49       		.uleb128 0x49
 510 00b1 13       		.uleb128 0x13
 511 00b2 02       		.uleb128 0x2
 512 00b3 17       		.uleb128 0x17
 513 00b4 00       		.byte	0
 514 00b5 00       		.byte	0
 515 00b6 00       		.byte	0
 516              		.section	.debug_loc,"",%progbits
 517              	.Ldebug_loc0:
 518              	.LLST0:
 519 0000 00000000 		.4byte	.LVL0
 520 0004 06000000 		.4byte	.LVL1
 521 0008 0100     		.2byte	0x1
 522 000a 50       		.byte	0x50
 523 000b 06000000 		.4byte	.LVL1
 524 000f 18000000 		.4byte	.LFE0
 525 0013 0400     		.2byte	0x4
 526 0015 F3       		.byte	0xf3
 527 0016 01       		.uleb128 0x1
 528 0017 50       		.byte	0x50
ARM GAS  C:\Users\ddemidov\AppData\Local\Temp\cctMXSl6.s 			page 13


 529 0018 9F       		.byte	0x9f
 530 0019 00000000 		.4byte	0
 531 001d 00000000 		.4byte	0
 532              	.LLST1:
 533 0021 00000000 		.4byte	.LVL2
 534 0025 06000000 		.4byte	.LVL3
 535 0029 0100     		.2byte	0x1
 536 002b 50       		.byte	0x50
 537 002c 06000000 		.4byte	.LVL3
 538 0030 14000000 		.4byte	.LFE1
 539 0034 0400     		.2byte	0x4
 540 0036 F3       		.byte	0xf3
 541 0037 01       		.uleb128 0x1
 542 0038 50       		.byte	0x50
 543 0039 9F       		.byte	0x9f
 544 003a 00000000 		.4byte	0
 545 003e 00000000 		.4byte	0
 546              	.LLST2:
 547 0042 08000000 		.4byte	.LVL4
 548 0046 0C000000 		.4byte	.LVL5
 549 004a 0100     		.2byte	0x1
 550 004c 50       		.byte	0x50
 551 004d 0C000000 		.4byte	.LVL5
 552 0051 14000000 		.4byte	.LFE4
 553 0055 0400     		.2byte	0x4
 554 0057 72       		.byte	0x72
 555 0058 00       		.sleb128 0
 556 0059 06       		.byte	0x6
 557 005a 9F       		.byte	0x9f
 558 005b 00000000 		.4byte	0
 559 005f 00000000 		.4byte	0
 560              		.section	.debug_aranges,"",%progbits
 561 0000 3C000000 		.4byte	0x3c
 562 0004 0200     		.2byte	0x2
 563 0006 00000000 		.4byte	.Ldebug_info0
 564 000a 04       		.byte	0x4
 565 000b 00       		.byte	0
 566 000c 0000     		.2byte	0
 567 000e 0000     		.2byte	0
 568 0010 00000000 		.4byte	.LFB0
 569 0014 18000000 		.4byte	.LFE0-.LFB0
 570 0018 00000000 		.4byte	.LFB1
 571 001c 14000000 		.4byte	.LFE1-.LFB1
 572 0020 00000000 		.4byte	.LFB2
 573 0024 10000000 		.4byte	.LFE2-.LFB2
 574 0028 00000000 		.4byte	.LFB3
 575 002c 10000000 		.4byte	.LFE3-.LFB3
 576 0030 00000000 		.4byte	.LFB4
 577 0034 14000000 		.4byte	.LFE4-.LFB4
 578 0038 00000000 		.4byte	0
 579 003c 00000000 		.4byte	0
 580              		.section	.debug_ranges,"",%progbits
 581              	.Ldebug_ranges0:
 582 0000 00000000 		.4byte	.LFB0
 583 0004 18000000 		.4byte	.LFE0
 584 0008 00000000 		.4byte	.LFB1
 585 000c 14000000 		.4byte	.LFE1
ARM GAS  C:\Users\ddemidov\AppData\Local\Temp\cctMXSl6.s 			page 14


 586 0010 00000000 		.4byte	.LFB2
 587 0014 10000000 		.4byte	.LFE2
 588 0018 00000000 		.4byte	.LFB3
 589 001c 10000000 		.4byte	.LFE3
 590 0020 00000000 		.4byte	.LFB4
 591 0024 14000000 		.4byte	.LFE4
 592 0028 00000000 		.4byte	0
 593 002c 00000000 		.4byte	0
 594              		.section	.debug_line,"",%progbits
 595              	.Ldebug_line0:
 596 0000 B7000000 		.section	.debug_str,"MS",%progbits,1
 596      02004800 
 596      00000201 
 596      FB0E0D00 
 596      01010101 
 597              	.LASF14:
 598 0000 72656733 		.ascii	"reg32\000"
 598      3200
 599              	.LASF22:
 600 0006 474E5520 		.ascii	"GNU C 4.9.3 20150303 (release) [ARM/embedded-4_9-br"
 600      4320342E 
 600      392E3320 
 600      32303135 
 600      30333033 
 601 0039 616E6368 		.ascii	"anch revision 221220] -mcpu=cortex-m0 -mthumb -g -O"
 601      20726576 
 601      6973696F 
 601      6E203232 
 601      31323230 
 602 006c 73202D66 		.ascii	"s -ffunction-sections -ffat-lto-objects\000"
 602      66756E63 
 602      74696F6E 
 602      2D736563 
 602      74696F6E 
 603              	.LASF17:
 604 0094 76616C75 		.ascii	"value\000"
 604      6500
 605              	.LASF16:
 606 009a 5348445F 		.ascii	"SHD_LED_2_SetDriveMode\000"
 606      4C45445F 
 606      325F5365 
 606      74447269 
 606      76654D6F 
 607              	.LASF15:
 608 00b1 5348445F 		.ascii	"SHD_LED_2_Write\000"
 608      4C45445F 
 608      325F5772 
 608      69746500 
 609              	.LASF11:
 610 00c1 666C6F61 		.ascii	"float\000"
 610      7400
 611              	.LASF0:
 612 00c7 7369676E 		.ascii	"signed char\000"
 612      65642063 
 612      68617200 
 613              	.LASF1:
 614 00d3 756E7369 		.ascii	"unsigned char\000"
ARM GAS  C:\Users\ddemidov\AppData\Local\Temp\cctMXSl6.s 			page 15


 614      676E6564 
 614      20636861 
 614      7200
 615              	.LASF25:
 616 00e1 64725661 		.ascii	"drVal\000"
 616      6C00
 617              	.LASF5:
 618 00e7 6C6F6E67 		.ascii	"long unsigned int\000"
 618      20756E73 
 618      69676E65 
 618      6420696E 
 618      7400
 619              	.LASF3:
 620 00f9 73686F72 		.ascii	"short unsigned int\000"
 620      7420756E 
 620      7369676E 
 620      65642069 
 620      6E7400
 621              	.LASF12:
 622 010c 646F7562 		.ascii	"double\000"
 622      6C6500
 623              	.LASF21:
 624 0113 5348445F 		.ascii	"SHD_LED_2_ClearInterrupt\000"
 624      4C45445F 
 624      325F436C 
 624      65617249 
 624      6E746572 
 625              	.LASF10:
 626 012c 75696E74 		.ascii	"uint32\000"
 626      333200
 627              	.LASF20:
 628 0133 5348445F 		.ascii	"SHD_LED_2_ReadDataReg\000"
 628      4C45445F 
 628      325F5265 
 628      61644461 
 628      74615265 
 629              	.LASF8:
 630 0149 756E7369 		.ascii	"unsigned int\000"
 630      676E6564 
 630      20696E74 
 630      00
 631              	.LASF7:
 632 0156 6C6F6E67 		.ascii	"long long unsigned int\000"
 632      206C6F6E 
 632      6720756E 
 632      7369676E 
 632      65642069 
 633              	.LASF18:
 634 016d 6D6F6465 		.ascii	"mode\000"
 634      00
 635              	.LASF24:
 636 0172 433A5C55 		.ascii	"C:\\Users\\ddemidov\\Documents\\PSoC Creator\\BLE_F"
 636      73657273 
 636      5C646465 
 636      6D69646F 
 636      765C446F 
 637 01a0 696E644D 		.ascii	"indMe01\\SenseAbility.cydsn\000"
ARM GAS  C:\Users\ddemidov\AppData\Local\Temp\cctMXSl6.s 			page 16


 637      6530315C 
 637      53656E73 
 637      65416269 
 637      6C697479 
 638              	.LASF6:
 639 01bb 6C6F6E67 		.ascii	"long long int\000"
 639      206C6F6E 
 639      6720696E 
 639      7400
 640              	.LASF26:
 641 01c9 6D61736B 		.ascii	"maskedStatus\000"
 641      65645374 
 641      61747573 
 641      00
 642              	.LASF13:
 643 01d6 63686172 		.ascii	"char\000"
 643      00
 644              	.LASF19:
 645 01db 5348445F 		.ascii	"SHD_LED_2_Read\000"
 645      4C45445F 
 645      325F5265 
 645      616400
 646              	.LASF2:
 647 01ea 73686F72 		.ascii	"short int\000"
 647      7420696E 
 647      7400
 648              	.LASF9:
 649 01f4 75696E74 		.ascii	"uint8\000"
 649      3800
 650              	.LASF4:
 651 01fa 6C6F6E67 		.ascii	"long int\000"
 651      20696E74 
 651      00
 652              	.LASF23:
 653 0203 2E5C4765 		.ascii	".\\Generated_Source\\PSoC4\\SHD_LED_2.c\000"
 653      6E657261 
 653      7465645F 
 653      536F7572 
 653      63655C50 
 654              		.ident	"GCC: (GNU Tools for ARM Embedded Processors) 4.9.3 20150303 (release) [ARM/embedded-4_9-br
