ARM GAS  C:\Users\ddemidov\AppData\Local\Temp\ccDlK6OJ.s 			page 1


   1              		.cpu cortex-m0
   2              		.fpu softvfp
   3              		.eabi_attribute 20, 1
   4              		.eabi_attribute 21, 1
   5              		.eabi_attribute 23, 3
   6              		.eabi_attribute 24, 1
   7              		.eabi_attribute 25, 1
   8              		.eabi_attribute 26, 1
   9              		.eabi_attribute 30, 4
  10              		.eabi_attribute 34, 0
  11              		.eabi_attribute 18, 4
  12              		.code	16
  13              		.file	"SHD_LED_1.c"
  14              		.text
  15              	.Ltext0:
  16              		.cfi_sections	.debug_frame
  17              		.section	.text.SHD_LED_1_Write,"ax",%progbits
  18              		.align	1
  19              		.global	SHD_LED_1_Write
  20              		.code	16
  21              		.thumb_func
  22              		.type	SHD_LED_1_Write, %function
  23              	SHD_LED_1_Write:
  24              	.LFB0:
  25              		.file 1 ".\\Generated_Source\\PSoC4\\SHD_LED_1.c"
   1:.\Generated_Source\PSoC4/SHD_LED_1.c **** /*******************************************************************************
   2:.\Generated_Source\PSoC4/SHD_LED_1.c **** * File Name: SHD_LED_1.c  
   3:.\Generated_Source\PSoC4/SHD_LED_1.c **** * Version 2.10
   4:.\Generated_Source\PSoC4/SHD_LED_1.c **** *
   5:.\Generated_Source\PSoC4/SHD_LED_1.c **** * Description:
   6:.\Generated_Source\PSoC4/SHD_LED_1.c **** *  This file contains API to enable firmware control of a Pins component.
   7:.\Generated_Source\PSoC4/SHD_LED_1.c **** *
   8:.\Generated_Source\PSoC4/SHD_LED_1.c **** * Note:
   9:.\Generated_Source\PSoC4/SHD_LED_1.c **** *
  10:.\Generated_Source\PSoC4/SHD_LED_1.c **** ********************************************************************************
  11:.\Generated_Source\PSoC4/SHD_LED_1.c **** * Copyright 2008-2014, Cypress Semiconductor Corporation.  All rights reserved.
  12:.\Generated_Source\PSoC4/SHD_LED_1.c **** * You may use this file only in accordance with the license, terms, conditions, 
  13:.\Generated_Source\PSoC4/SHD_LED_1.c **** * disclaimers, and limitations in the end user license agreement accompanying 
  14:.\Generated_Source\PSoC4/SHD_LED_1.c **** * the software package with which this file was provided.
  15:.\Generated_Source\PSoC4/SHD_LED_1.c **** *******************************************************************************/
  16:.\Generated_Source\PSoC4/SHD_LED_1.c **** 
  17:.\Generated_Source\PSoC4/SHD_LED_1.c **** #include "cytypes.h"
  18:.\Generated_Source\PSoC4/SHD_LED_1.c **** #include "SHD_LED_1.h"
  19:.\Generated_Source\PSoC4/SHD_LED_1.c **** 
  20:.\Generated_Source\PSoC4/SHD_LED_1.c **** #define SetP4PinDriveMode(shift, mode)  \
  21:.\Generated_Source\PSoC4/SHD_LED_1.c ****     do { \
  22:.\Generated_Source\PSoC4/SHD_LED_1.c ****         SHD_LED_1_PC =   (SHD_LED_1_PC & \
  23:.\Generated_Source\PSoC4/SHD_LED_1.c ****                                 (uint32)(~(uint32)(SHD_LED_1_DRIVE_MODE_IND_MASK << (SHD_LED_1_DRIV
  24:.\Generated_Source\PSoC4/SHD_LED_1.c ****                                 (uint32)((uint32)(mode) << (SHD_LED_1_DRIVE_MODE_BITS * (shift))); 
  25:.\Generated_Source\PSoC4/SHD_LED_1.c ****     } while (0)
  26:.\Generated_Source\PSoC4/SHD_LED_1.c **** 
  27:.\Generated_Source\PSoC4/SHD_LED_1.c **** 
  28:.\Generated_Source\PSoC4/SHD_LED_1.c **** /*******************************************************************************
  29:.\Generated_Source\PSoC4/SHD_LED_1.c **** * Function Name: SHD_LED_1_Write
  30:.\Generated_Source\PSoC4/SHD_LED_1.c **** ********************************************************************************
  31:.\Generated_Source\PSoC4/SHD_LED_1.c **** *
  32:.\Generated_Source\PSoC4/SHD_LED_1.c **** * Summary:
ARM GAS  C:\Users\ddemidov\AppData\Local\Temp\ccDlK6OJ.s 			page 2


  33:.\Generated_Source\PSoC4/SHD_LED_1.c **** *  Assign a new value to the digital port's data output register.  
  34:.\Generated_Source\PSoC4/SHD_LED_1.c **** *
  35:.\Generated_Source\PSoC4/SHD_LED_1.c **** * Parameters:  
  36:.\Generated_Source\PSoC4/SHD_LED_1.c **** *  prtValue:  The value to be assigned to the Digital Port. 
  37:.\Generated_Source\PSoC4/SHD_LED_1.c **** *
  38:.\Generated_Source\PSoC4/SHD_LED_1.c **** * Return: 
  39:.\Generated_Source\PSoC4/SHD_LED_1.c **** *  None 
  40:.\Generated_Source\PSoC4/SHD_LED_1.c **** *  
  41:.\Generated_Source\PSoC4/SHD_LED_1.c **** *******************************************************************************/
  42:.\Generated_Source\PSoC4/SHD_LED_1.c **** void SHD_LED_1_Write(uint8 value) 
  43:.\Generated_Source\PSoC4/SHD_LED_1.c **** {
  26              		.loc 1 43 0
  27              		.cfi_startproc
  28              	.LVL0:
  44:.\Generated_Source\PSoC4/SHD_LED_1.c ****     uint8 drVal = (uint8)(SHD_LED_1_DR & (uint8)(~SHD_LED_1_MASK));
  29              		.loc 1 44 0
  30 0000 0123     		mov	r3, #1
  31 0002 0449     		ldr	r1, .L2
  45:.\Generated_Source\PSoC4/SHD_LED_1.c ****     drVal = (drVal | ((uint8)(value << SHD_LED_1_SHIFT) & SHD_LED_1_MASK));
  46:.\Generated_Source\PSoC4/SHD_LED_1.c ****     SHD_LED_1_DR = (uint32)drVal;
  47:.\Generated_Source\PSoC4/SHD_LED_1.c **** }
  32              		.loc 1 47 0
  33              		@ sp needed
  44:.\Generated_Source\PSoC4/SHD_LED_1.c ****     uint8 drVal = (uint8)(SHD_LED_1_DR & (uint8)(~SHD_LED_1_MASK));
  34              		.loc 1 44 0
  35 0004 0A68     		ldr	r2, [r1]
  36 0006 9A43     		bic	r2, r3
  37 0008 D2B2     		uxtb	r2, r2
  38              	.LVL1:
  45:.\Generated_Source\PSoC4/SHD_LED_1.c ****     drVal = (drVal | ((uint8)(value << SHD_LED_1_SHIFT) & SHD_LED_1_MASK));
  39              		.loc 1 45 0
  40 000a 0340     		and	r3, r0
  46:.\Generated_Source\PSoC4/SHD_LED_1.c **** }
  41              		.loc 1 46 0
  42 000c 1343     		orr	r3, r2
  43 000e 0B60     		str	r3, [r1]
  44              		.loc 1 47 0
  45 0010 7047     		bx	lr
  46              	.L3:
  47 0012 C046     		.align	2
  48              	.L2:
  49 0014 00020440 		.word	1074004480
  50              		.cfi_endproc
  51              	.LFE0:
  52              		.size	SHD_LED_1_Write, .-SHD_LED_1_Write
  53              		.section	.text.SHD_LED_1_SetDriveMode,"ax",%progbits
  54              		.align	1
  55              		.global	SHD_LED_1_SetDriveMode
  56              		.code	16
  57              		.thumb_func
  58              		.type	SHD_LED_1_SetDriveMode, %function
  59              	SHD_LED_1_SetDriveMode:
  60              	.LFB1:
  48:.\Generated_Source\PSoC4/SHD_LED_1.c **** 
  49:.\Generated_Source\PSoC4/SHD_LED_1.c **** 
  50:.\Generated_Source\PSoC4/SHD_LED_1.c **** /*******************************************************************************
  51:.\Generated_Source\PSoC4/SHD_LED_1.c **** * Function Name: SHD_LED_1_SetDriveMode
ARM GAS  C:\Users\ddemidov\AppData\Local\Temp\ccDlK6OJ.s 			page 3


  52:.\Generated_Source\PSoC4/SHD_LED_1.c **** ********************************************************************************
  53:.\Generated_Source\PSoC4/SHD_LED_1.c **** *
  54:.\Generated_Source\PSoC4/SHD_LED_1.c **** * Summary:
  55:.\Generated_Source\PSoC4/SHD_LED_1.c **** *  Change the drive mode on the pins of the port.
  56:.\Generated_Source\PSoC4/SHD_LED_1.c **** * 
  57:.\Generated_Source\PSoC4/SHD_LED_1.c **** * Parameters:  
  58:.\Generated_Source\PSoC4/SHD_LED_1.c **** *  mode:  Change the pins to one of the following drive modes.
  59:.\Generated_Source\PSoC4/SHD_LED_1.c **** *
  60:.\Generated_Source\PSoC4/SHD_LED_1.c **** *  SHD_LED_1_DM_STRONG     Strong Drive 
  61:.\Generated_Source\PSoC4/SHD_LED_1.c **** *  SHD_LED_1_DM_OD_HI      Open Drain, Drives High 
  62:.\Generated_Source\PSoC4/SHD_LED_1.c **** *  SHD_LED_1_DM_OD_LO      Open Drain, Drives Low 
  63:.\Generated_Source\PSoC4/SHD_LED_1.c **** *  SHD_LED_1_DM_RES_UP     Resistive Pull Up 
  64:.\Generated_Source\PSoC4/SHD_LED_1.c **** *  SHD_LED_1_DM_RES_DWN    Resistive Pull Down 
  65:.\Generated_Source\PSoC4/SHD_LED_1.c **** *  SHD_LED_1_DM_RES_UPDWN  Resistive Pull Up/Down 
  66:.\Generated_Source\PSoC4/SHD_LED_1.c **** *  SHD_LED_1_DM_DIG_HIZ    High Impedance Digital 
  67:.\Generated_Source\PSoC4/SHD_LED_1.c **** *  SHD_LED_1_DM_ALG_HIZ    High Impedance Analog 
  68:.\Generated_Source\PSoC4/SHD_LED_1.c **** *
  69:.\Generated_Source\PSoC4/SHD_LED_1.c **** * Return: 
  70:.\Generated_Source\PSoC4/SHD_LED_1.c **** *  None
  71:.\Generated_Source\PSoC4/SHD_LED_1.c **** *
  72:.\Generated_Source\PSoC4/SHD_LED_1.c **** *******************************************************************************/
  73:.\Generated_Source\PSoC4/SHD_LED_1.c **** void SHD_LED_1_SetDriveMode(uint8 mode) 
  74:.\Generated_Source\PSoC4/SHD_LED_1.c **** {
  61              		.loc 1 74 0
  62              		.cfi_startproc
  63              	.LVL2:
  75:.\Generated_Source\PSoC4/SHD_LED_1.c **** 	SetP4PinDriveMode(SHD_LED_1__0__SHIFT, mode);
  64              		.loc 1 75 0
  65 0000 0721     		mov	r1, #7
  66 0002 034A     		ldr	r2, .L5
  76:.\Generated_Source\PSoC4/SHD_LED_1.c **** }
  67              		.loc 1 76 0
  68              		@ sp needed
  75:.\Generated_Source\PSoC4/SHD_LED_1.c **** 	SetP4PinDriveMode(SHD_LED_1__0__SHIFT, mode);
  69              		.loc 1 75 0
  70 0004 1368     		ldr	r3, [r2]
  71 0006 8B43     		bic	r3, r1
  72 0008 1843     		orr	r0, r3
  73              	.LVL3:
  74 000a 1060     		str	r0, [r2]
  75              		.loc 1 76 0
  76 000c 7047     		bx	lr
  77              	.L6:
  78 000e C046     		.align	2
  79              	.L5:
  80 0010 08020440 		.word	1074004488
  81              		.cfi_endproc
  82              	.LFE1:
  83              		.size	SHD_LED_1_SetDriveMode, .-SHD_LED_1_SetDriveMode
  84              		.section	.text.SHD_LED_1_Read,"ax",%progbits
  85              		.align	1
  86              		.global	SHD_LED_1_Read
  87              		.code	16
  88              		.thumb_func
  89              		.type	SHD_LED_1_Read, %function
  90              	SHD_LED_1_Read:
  91              	.LFB2:
ARM GAS  C:\Users\ddemidov\AppData\Local\Temp\ccDlK6OJ.s 			page 4


  77:.\Generated_Source\PSoC4/SHD_LED_1.c **** 
  78:.\Generated_Source\PSoC4/SHD_LED_1.c **** 
  79:.\Generated_Source\PSoC4/SHD_LED_1.c **** /*******************************************************************************
  80:.\Generated_Source\PSoC4/SHD_LED_1.c **** * Function Name: SHD_LED_1_Read
  81:.\Generated_Source\PSoC4/SHD_LED_1.c **** ********************************************************************************
  82:.\Generated_Source\PSoC4/SHD_LED_1.c **** *
  83:.\Generated_Source\PSoC4/SHD_LED_1.c **** * Summary:
  84:.\Generated_Source\PSoC4/SHD_LED_1.c **** *  Read the current value on the pins of the Digital Port in right justified 
  85:.\Generated_Source\PSoC4/SHD_LED_1.c **** *  form.
  86:.\Generated_Source\PSoC4/SHD_LED_1.c **** *
  87:.\Generated_Source\PSoC4/SHD_LED_1.c **** * Parameters:  
  88:.\Generated_Source\PSoC4/SHD_LED_1.c **** *  None 
  89:.\Generated_Source\PSoC4/SHD_LED_1.c **** *
  90:.\Generated_Source\PSoC4/SHD_LED_1.c **** * Return: 
  91:.\Generated_Source\PSoC4/SHD_LED_1.c **** *  Returns the current value of the Digital Port as a right justified number
  92:.\Generated_Source\PSoC4/SHD_LED_1.c **** *  
  93:.\Generated_Source\PSoC4/SHD_LED_1.c **** * Note:
  94:.\Generated_Source\PSoC4/SHD_LED_1.c **** *  Macro SHD_LED_1_ReadPS calls this function. 
  95:.\Generated_Source\PSoC4/SHD_LED_1.c **** *  
  96:.\Generated_Source\PSoC4/SHD_LED_1.c **** *******************************************************************************/
  97:.\Generated_Source\PSoC4/SHD_LED_1.c **** uint8 SHD_LED_1_Read(void) 
  98:.\Generated_Source\PSoC4/SHD_LED_1.c **** {
  92              		.loc 1 98 0
  93              		.cfi_startproc
  99:.\Generated_Source\PSoC4/SHD_LED_1.c ****     return (uint8)((SHD_LED_1_PS & SHD_LED_1_MASK) >> SHD_LED_1_SHIFT);
  94              		.loc 1 99 0
  95 0000 024B     		ldr	r3, .L8
 100:.\Generated_Source\PSoC4/SHD_LED_1.c **** }
  96              		.loc 1 100 0
  97              		@ sp needed
  99:.\Generated_Source\PSoC4/SHD_LED_1.c ****     return (uint8)((SHD_LED_1_PS & SHD_LED_1_MASK) >> SHD_LED_1_SHIFT);
  98              		.loc 1 99 0
  99 0002 1868     		ldr	r0, [r3]
 100 0004 0123     		mov	r3, #1
 101 0006 1840     		and	r0, r3
 102              		.loc 1 100 0
 103 0008 7047     		bx	lr
 104              	.L9:
 105 000a C046     		.align	2
 106              	.L8:
 107 000c 04020440 		.word	1074004484
 108              		.cfi_endproc
 109              	.LFE2:
 110              		.size	SHD_LED_1_Read, .-SHD_LED_1_Read
 111              		.section	.text.SHD_LED_1_ReadDataReg,"ax",%progbits
 112              		.align	1
 113              		.global	SHD_LED_1_ReadDataReg
 114              		.code	16
 115              		.thumb_func
 116              		.type	SHD_LED_1_ReadDataReg, %function
 117              	SHD_LED_1_ReadDataReg:
 118              	.LFB3:
 101:.\Generated_Source\PSoC4/SHD_LED_1.c **** 
 102:.\Generated_Source\PSoC4/SHD_LED_1.c **** 
 103:.\Generated_Source\PSoC4/SHD_LED_1.c **** /*******************************************************************************
 104:.\Generated_Source\PSoC4/SHD_LED_1.c **** * Function Name: SHD_LED_1_ReadDataReg
 105:.\Generated_Source\PSoC4/SHD_LED_1.c **** ********************************************************************************
ARM GAS  C:\Users\ddemidov\AppData\Local\Temp\ccDlK6OJ.s 			page 5


 106:.\Generated_Source\PSoC4/SHD_LED_1.c **** *
 107:.\Generated_Source\PSoC4/SHD_LED_1.c **** * Summary:
 108:.\Generated_Source\PSoC4/SHD_LED_1.c **** *  Read the current value assigned to a Digital Port's data output register
 109:.\Generated_Source\PSoC4/SHD_LED_1.c **** *
 110:.\Generated_Source\PSoC4/SHD_LED_1.c **** * Parameters:  
 111:.\Generated_Source\PSoC4/SHD_LED_1.c **** *  None 
 112:.\Generated_Source\PSoC4/SHD_LED_1.c **** *
 113:.\Generated_Source\PSoC4/SHD_LED_1.c **** * Return: 
 114:.\Generated_Source\PSoC4/SHD_LED_1.c **** *  Returns the current value assigned to the Digital Port's data output register
 115:.\Generated_Source\PSoC4/SHD_LED_1.c **** *  
 116:.\Generated_Source\PSoC4/SHD_LED_1.c **** *******************************************************************************/
 117:.\Generated_Source\PSoC4/SHD_LED_1.c **** uint8 SHD_LED_1_ReadDataReg(void) 
 118:.\Generated_Source\PSoC4/SHD_LED_1.c **** {
 119              		.loc 1 118 0
 120              		.cfi_startproc
 119:.\Generated_Source\PSoC4/SHD_LED_1.c ****     return (uint8)((SHD_LED_1_DR & SHD_LED_1_MASK) >> SHD_LED_1_SHIFT);
 121              		.loc 1 119 0
 122 0000 024B     		ldr	r3, .L11
 120:.\Generated_Source\PSoC4/SHD_LED_1.c **** }
 123              		.loc 1 120 0
 124              		@ sp needed
 119:.\Generated_Source\PSoC4/SHD_LED_1.c ****     return (uint8)((SHD_LED_1_DR & SHD_LED_1_MASK) >> SHD_LED_1_SHIFT);
 125              		.loc 1 119 0
 126 0002 1868     		ldr	r0, [r3]
 127 0004 0123     		mov	r3, #1
 128 0006 1840     		and	r0, r3
 129              		.loc 1 120 0
 130 0008 7047     		bx	lr
 131              	.L12:
 132 000a C046     		.align	2
 133              	.L11:
 134 000c 00020440 		.word	1074004480
 135              		.cfi_endproc
 136              	.LFE3:
 137              		.size	SHD_LED_1_ReadDataReg, .-SHD_LED_1_ReadDataReg
 138              		.section	.text.SHD_LED_1_ClearInterrupt,"ax",%progbits
 139              		.align	1
 140              		.global	SHD_LED_1_ClearInterrupt
 141              		.code	16
 142              		.thumb_func
 143              		.type	SHD_LED_1_ClearInterrupt, %function
 144              	SHD_LED_1_ClearInterrupt:
 145              	.LFB4:
 121:.\Generated_Source\PSoC4/SHD_LED_1.c **** 
 122:.\Generated_Source\PSoC4/SHD_LED_1.c **** 
 123:.\Generated_Source\PSoC4/SHD_LED_1.c **** /* If Interrupts Are Enabled for this Pins component */ 
 124:.\Generated_Source\PSoC4/SHD_LED_1.c **** #if defined(SHD_LED_1_INTSTAT) 
 125:.\Generated_Source\PSoC4/SHD_LED_1.c **** 
 126:.\Generated_Source\PSoC4/SHD_LED_1.c ****     /*******************************************************************************
 127:.\Generated_Source\PSoC4/SHD_LED_1.c ****     * Function Name: SHD_LED_1_ClearInterrupt
 128:.\Generated_Source\PSoC4/SHD_LED_1.c ****     ********************************************************************************
 129:.\Generated_Source\PSoC4/SHD_LED_1.c ****     *
 130:.\Generated_Source\PSoC4/SHD_LED_1.c ****     * Summary:
 131:.\Generated_Source\PSoC4/SHD_LED_1.c ****     *  Clears any active interrupts attached to port and returns the value of the 
 132:.\Generated_Source\PSoC4/SHD_LED_1.c ****     *  interrupt status register.
 133:.\Generated_Source\PSoC4/SHD_LED_1.c ****     *
 134:.\Generated_Source\PSoC4/SHD_LED_1.c ****     * Parameters:  
ARM GAS  C:\Users\ddemidov\AppData\Local\Temp\ccDlK6OJ.s 			page 6


 135:.\Generated_Source\PSoC4/SHD_LED_1.c ****     *  None 
 136:.\Generated_Source\PSoC4/SHD_LED_1.c ****     *
 137:.\Generated_Source\PSoC4/SHD_LED_1.c ****     * Return: 
 138:.\Generated_Source\PSoC4/SHD_LED_1.c ****     *  Returns the value of the interrupt status register
 139:.\Generated_Source\PSoC4/SHD_LED_1.c ****     *  
 140:.\Generated_Source\PSoC4/SHD_LED_1.c ****     *******************************************************************************/
 141:.\Generated_Source\PSoC4/SHD_LED_1.c ****     uint8 SHD_LED_1_ClearInterrupt(void) 
 142:.\Generated_Source\PSoC4/SHD_LED_1.c ****     {
 146              		.loc 1 142 0
 147              		.cfi_startproc
 143:.\Generated_Source\PSoC4/SHD_LED_1.c **** 		uint8 maskedStatus = (uint8)(SHD_LED_1_INTSTAT & SHD_LED_1_MASK);
 148              		.loc 1 143 0
 149 0000 0123     		mov	r3, #1
 150 0002 024A     		ldr	r2, .L14
 144:.\Generated_Source\PSoC4/SHD_LED_1.c **** 		SHD_LED_1_INTSTAT = maskedStatus;
 145:.\Generated_Source\PSoC4/SHD_LED_1.c ****         return maskedStatus >> SHD_LED_1_SHIFT;
 146:.\Generated_Source\PSoC4/SHD_LED_1.c ****     }
 151              		.loc 1 146 0
 152              		@ sp needed
 143:.\Generated_Source\PSoC4/SHD_LED_1.c **** 		uint8 maskedStatus = (uint8)(SHD_LED_1_INTSTAT & SHD_LED_1_MASK);
 153              		.loc 1 143 0
 154 0004 1068     		ldr	r0, [r2]
 155 0006 1840     		and	r0, r3
 156              	.LVL4:
 144:.\Generated_Source\PSoC4/SHD_LED_1.c **** 		SHD_LED_1_INTSTAT = maskedStatus;
 157              		.loc 1 144 0
 158 0008 1060     		str	r0, [r2]
 159              		.loc 1 146 0
 160 000a 7047     		bx	lr
 161              	.L15:
 162              		.align	2
 163              	.L14:
 164 000c 10020440 		.word	1074004496
 165              		.cfi_endproc
 166              	.LFE4:
 167              		.size	SHD_LED_1_ClearInterrupt, .-SHD_LED_1_ClearInterrupt
 168              		.text
 169              	.Letext0:
 170              		.file 2 ".\\Generated_Source\\PSoC4\\cytypes.h"
 171              		.section	.debug_info,"",%progbits
 172              	.Ldebug_info0:
 173 0000 4F010000 		.4byte	0x14f
 174 0004 0400     		.2byte	0x4
 175 0006 00000000 		.4byte	.Ldebug_abbrev0
 176 000a 04       		.byte	0x4
 177 000b 01       		.uleb128 0x1
 178 000c 06000000 		.4byte	.LASF24
 179 0010 01       		.byte	0x1
 180 0011 33010000 		.4byte	.LASF25
 181 0015 8B010000 		.4byte	.LASF26
 182 0019 00000000 		.4byte	.Ldebug_ranges0+0
 183 001d 00000000 		.4byte	0
 184 0021 00000000 		.4byte	.Ldebug_line0
 185 0025 02       		.uleb128 0x2
 186 0026 01       		.byte	0x1
 187 0027 06       		.byte	0x6
 188 0028 0D020000 		.4byte	.LASF0
ARM GAS  C:\Users\ddemidov\AppData\Local\Temp\ccDlK6OJ.s 			page 7


 189 002c 02       		.uleb128 0x2
 190 002d 01       		.byte	0x1
 191 002e 08       		.byte	0x8
 192 002f EC000000 		.4byte	.LASF1
 193 0033 02       		.uleb128 0x2
 194 0034 02       		.byte	0x2
 195 0035 05       		.byte	0x5
 196 0036 F4010000 		.4byte	.LASF2
 197 003a 02       		.uleb128 0x2
 198 003b 02       		.byte	0x2
 199 003c 07       		.byte	0x7
 200 003d 12010000 		.4byte	.LASF3
 201 0041 02       		.uleb128 0x2
 202 0042 04       		.byte	0x4
 203 0043 05       		.byte	0x5
 204 0044 04020000 		.4byte	.LASF4
 205 0048 02       		.uleb128 0x2
 206 0049 04       		.byte	0x4
 207 004a 07       		.byte	0x7
 208 004b 00010000 		.4byte	.LASF5
 209 004f 02       		.uleb128 0x2
 210 0050 08       		.byte	0x8
 211 0051 05       		.byte	0x5
 212 0052 D4010000 		.4byte	.LASF6
 213 0056 02       		.uleb128 0x2
 214 0057 08       		.byte	0x8
 215 0058 07       		.byte	0x7
 216 0059 58010000 		.4byte	.LASF7
 217 005d 03       		.uleb128 0x3
 218 005e 04       		.byte	0x4
 219 005f 05       		.byte	0x5
 220 0060 696E7400 		.ascii	"int\000"
 221 0064 02       		.uleb128 0x2
 222 0065 04       		.byte	0x4
 223 0066 07       		.byte	0x7
 224 0067 B0000000 		.4byte	.LASF8
 225 006b 04       		.uleb128 0x4
 226 006c FE010000 		.4byte	.LASF9
 227 0070 02       		.byte	0x2
 228 0071 3801     		.2byte	0x138
 229 0073 2C000000 		.4byte	0x2c
 230 0077 04       		.uleb128 0x4
 231 0078 2C010000 		.4byte	.LASF10
 232 007c 02       		.byte	0x2
 233 007d 3A01     		.2byte	0x13a
 234 007f 48000000 		.4byte	0x48
 235 0083 02       		.uleb128 0x2
 236 0084 04       		.byte	0x4
 237 0085 04       		.byte	0x4
 238 0086 E6000000 		.4byte	.LASF11
 239 008a 02       		.uleb128 0x2
 240 008b 08       		.byte	0x8
 241 008c 04       		.byte	0x4
 242 008d 25010000 		.4byte	.LASF12
 243 0091 02       		.uleb128 0x2
 244 0092 01       		.byte	0x1
 245 0093 08       		.byte	0x8
ARM GAS  C:\Users\ddemidov\AppData\Local\Temp\ccDlK6OJ.s 			page 8


 246 0094 EF010000 		.4byte	.LASF13
 247 0098 04       		.uleb128 0x4
 248 0099 00000000 		.4byte	.LASF14
 249 009d 02       		.byte	0x2
 250 009e E401     		.2byte	0x1e4
 251 00a0 A4000000 		.4byte	0xa4
 252 00a4 05       		.uleb128 0x5
 253 00a5 77000000 		.4byte	0x77
 254 00a9 06       		.uleb128 0x6
 255 00aa D6000000 		.4byte	.LASF15
 256 00ae 01       		.byte	0x1
 257 00af 2A       		.byte	0x2a
 258 00b0 00000000 		.4byte	.LFB0
 259 00b4 18000000 		.4byte	.LFE0-.LFB0
 260 00b8 01       		.uleb128 0x1
 261 00b9 9C       		.byte	0x9c
 262 00ba E0000000 		.4byte	0xe0
 263 00be 07       		.uleb128 0x7
 264 00bf AA000000 		.4byte	.LASF17
 265 00c3 01       		.byte	0x1
 266 00c4 2A       		.byte	0x2a
 267 00c5 6B000000 		.4byte	0x6b
 268 00c9 01       		.uleb128 0x1
 269 00ca 50       		.byte	0x50
 270 00cb 08       		.uleb128 0x8
 271 00cc FA000000 		.4byte	.LASF22
 272 00d0 01       		.byte	0x1
 273 00d1 2C       		.byte	0x2c
 274 00d2 6B000000 		.4byte	0x6b
 275 00d6 08       		.uleb128 0x8
 276 00d7 70       		.byte	0x70
 277 00d8 00       		.sleb128 0
 278 00d9 31       		.byte	0x31
 279 00da 1A       		.byte	0x1a
 280 00db 72       		.byte	0x72
 281 00dc 00       		.sleb128 0
 282 00dd 21       		.byte	0x21
 283 00de 9F       		.byte	0x9f
 284 00df 00       		.byte	0
 285 00e0 06       		.uleb128 0x6
 286 00e1 74010000 		.4byte	.LASF16
 287 00e5 01       		.byte	0x1
 288 00e6 49       		.byte	0x49
 289 00e7 00000000 		.4byte	.LFB1
 290 00eb 14000000 		.4byte	.LFE1-.LFB1
 291 00ef 01       		.uleb128 0x1
 292 00f0 9C       		.byte	0x9c
 293 00f1 05010000 		.4byte	0x105
 294 00f5 09       		.uleb128 0x9
 295 00f6 6F010000 		.4byte	.LASF18
 296 00fa 01       		.byte	0x1
 297 00fb 49       		.byte	0x49
 298 00fc 6B000000 		.4byte	0x6b
 299 0100 00000000 		.4byte	.LLST0
 300 0104 00       		.byte	0
 301 0105 0A       		.uleb128 0xa
 302 0106 19020000 		.4byte	.LASF19
ARM GAS  C:\Users\ddemidov\AppData\Local\Temp\ccDlK6OJ.s 			page 9


 303 010a 01       		.byte	0x1
 304 010b 61       		.byte	0x61
 305 010c 6B000000 		.4byte	0x6b
 306 0110 00000000 		.4byte	.LFB2
 307 0114 10000000 		.4byte	.LFE2-.LFB2
 308 0118 01       		.uleb128 0x1
 309 0119 9C       		.byte	0x9c
 310 011a 0A       		.uleb128 0xa
 311 011b 94000000 		.4byte	.LASF20
 312 011f 01       		.byte	0x1
 313 0120 75       		.byte	0x75
 314 0121 6B000000 		.4byte	0x6b
 315 0125 00000000 		.4byte	.LFB3
 316 0129 10000000 		.4byte	.LFE3-.LFB3
 317 012d 01       		.uleb128 0x1
 318 012e 9C       		.byte	0x9c
 319 012f 0B       		.uleb128 0xb
 320 0130 BD000000 		.4byte	.LASF21
 321 0134 01       		.byte	0x1
 322 0135 8D       		.byte	0x8d
 323 0136 6B000000 		.4byte	0x6b
 324 013a 00000000 		.4byte	.LFB4
 325 013e 10000000 		.4byte	.LFE4-.LFB4
 326 0142 01       		.uleb128 0x1
 327 0143 9C       		.byte	0x9c
 328 0144 08       		.uleb128 0x8
 329 0145 E2010000 		.4byte	.LASF23
 330 0149 01       		.byte	0x1
 331 014a 8F       		.byte	0x8f
 332 014b 6B000000 		.4byte	0x6b
 333 014f 01       		.uleb128 0x1
 334 0150 50       		.byte	0x50
 335 0151 00       		.byte	0
 336 0152 00       		.byte	0
 337              		.section	.debug_abbrev,"",%progbits
 338              	.Ldebug_abbrev0:
 339 0000 01       		.uleb128 0x1
 340 0001 11       		.uleb128 0x11
 341 0002 01       		.byte	0x1
 342 0003 25       		.uleb128 0x25
 343 0004 0E       		.uleb128 0xe
 344 0005 13       		.uleb128 0x13
 345 0006 0B       		.uleb128 0xb
 346 0007 03       		.uleb128 0x3
 347 0008 0E       		.uleb128 0xe
 348 0009 1B       		.uleb128 0x1b
 349 000a 0E       		.uleb128 0xe
 350 000b 55       		.uleb128 0x55
 351 000c 17       		.uleb128 0x17
 352 000d 11       		.uleb128 0x11
 353 000e 01       		.uleb128 0x1
 354 000f 10       		.uleb128 0x10
 355 0010 17       		.uleb128 0x17
 356 0011 00       		.byte	0
 357 0012 00       		.byte	0
 358 0013 02       		.uleb128 0x2
 359 0014 24       		.uleb128 0x24
ARM GAS  C:\Users\ddemidov\AppData\Local\Temp\ccDlK6OJ.s 			page 10


 360 0015 00       		.byte	0
 361 0016 0B       		.uleb128 0xb
 362 0017 0B       		.uleb128 0xb
 363 0018 3E       		.uleb128 0x3e
 364 0019 0B       		.uleb128 0xb
 365 001a 03       		.uleb128 0x3
 366 001b 0E       		.uleb128 0xe
 367 001c 00       		.byte	0
 368 001d 00       		.byte	0
 369 001e 03       		.uleb128 0x3
 370 001f 24       		.uleb128 0x24
 371 0020 00       		.byte	0
 372 0021 0B       		.uleb128 0xb
 373 0022 0B       		.uleb128 0xb
 374 0023 3E       		.uleb128 0x3e
 375 0024 0B       		.uleb128 0xb
 376 0025 03       		.uleb128 0x3
 377 0026 08       		.uleb128 0x8
 378 0027 00       		.byte	0
 379 0028 00       		.byte	0
 380 0029 04       		.uleb128 0x4
 381 002a 16       		.uleb128 0x16
 382 002b 00       		.byte	0
 383 002c 03       		.uleb128 0x3
 384 002d 0E       		.uleb128 0xe
 385 002e 3A       		.uleb128 0x3a
 386 002f 0B       		.uleb128 0xb
 387 0030 3B       		.uleb128 0x3b
 388 0031 05       		.uleb128 0x5
 389 0032 49       		.uleb128 0x49
 390 0033 13       		.uleb128 0x13
 391 0034 00       		.byte	0
 392 0035 00       		.byte	0
 393 0036 05       		.uleb128 0x5
 394 0037 35       		.uleb128 0x35
 395 0038 00       		.byte	0
 396 0039 49       		.uleb128 0x49
 397 003a 13       		.uleb128 0x13
 398 003b 00       		.byte	0
 399 003c 00       		.byte	0
 400 003d 06       		.uleb128 0x6
 401 003e 2E       		.uleb128 0x2e
 402 003f 01       		.byte	0x1
 403 0040 3F       		.uleb128 0x3f
 404 0041 19       		.uleb128 0x19
 405 0042 03       		.uleb128 0x3
 406 0043 0E       		.uleb128 0xe
 407 0044 3A       		.uleb128 0x3a
 408 0045 0B       		.uleb128 0xb
 409 0046 3B       		.uleb128 0x3b
 410 0047 0B       		.uleb128 0xb
 411 0048 27       		.uleb128 0x27
 412 0049 19       		.uleb128 0x19
 413 004a 11       		.uleb128 0x11
 414 004b 01       		.uleb128 0x1
 415 004c 12       		.uleb128 0x12
 416 004d 06       		.uleb128 0x6
ARM GAS  C:\Users\ddemidov\AppData\Local\Temp\ccDlK6OJ.s 			page 11


 417 004e 40       		.uleb128 0x40
 418 004f 18       		.uleb128 0x18
 419 0050 9742     		.uleb128 0x2117
 420 0052 19       		.uleb128 0x19
 421 0053 01       		.uleb128 0x1
 422 0054 13       		.uleb128 0x13
 423 0055 00       		.byte	0
 424 0056 00       		.byte	0
 425 0057 07       		.uleb128 0x7
 426 0058 05       		.uleb128 0x5
 427 0059 00       		.byte	0
 428 005a 03       		.uleb128 0x3
 429 005b 0E       		.uleb128 0xe
 430 005c 3A       		.uleb128 0x3a
 431 005d 0B       		.uleb128 0xb
 432 005e 3B       		.uleb128 0x3b
 433 005f 0B       		.uleb128 0xb
 434 0060 49       		.uleb128 0x49
 435 0061 13       		.uleb128 0x13
 436 0062 02       		.uleb128 0x2
 437 0063 18       		.uleb128 0x18
 438 0064 00       		.byte	0
 439 0065 00       		.byte	0
 440 0066 08       		.uleb128 0x8
 441 0067 34       		.uleb128 0x34
 442 0068 00       		.byte	0
 443 0069 03       		.uleb128 0x3
 444 006a 0E       		.uleb128 0xe
 445 006b 3A       		.uleb128 0x3a
 446 006c 0B       		.uleb128 0xb
 447 006d 3B       		.uleb128 0x3b
 448 006e 0B       		.uleb128 0xb
 449 006f 49       		.uleb128 0x49
 450 0070 13       		.uleb128 0x13
 451 0071 02       		.uleb128 0x2
 452 0072 18       		.uleb128 0x18
 453 0073 00       		.byte	0
 454 0074 00       		.byte	0
 455 0075 09       		.uleb128 0x9
 456 0076 05       		.uleb128 0x5
 457 0077 00       		.byte	0
 458 0078 03       		.uleb128 0x3
 459 0079 0E       		.uleb128 0xe
 460 007a 3A       		.uleb128 0x3a
 461 007b 0B       		.uleb128 0xb
 462 007c 3B       		.uleb128 0x3b
 463 007d 0B       		.uleb128 0xb
 464 007e 49       		.uleb128 0x49
 465 007f 13       		.uleb128 0x13
 466 0080 02       		.uleb128 0x2
 467 0081 17       		.uleb128 0x17
 468 0082 00       		.byte	0
 469 0083 00       		.byte	0
 470 0084 0A       		.uleb128 0xa
 471 0085 2E       		.uleb128 0x2e
 472 0086 00       		.byte	0
 473 0087 3F       		.uleb128 0x3f
ARM GAS  C:\Users\ddemidov\AppData\Local\Temp\ccDlK6OJ.s 			page 12


 474 0088 19       		.uleb128 0x19
 475 0089 03       		.uleb128 0x3
 476 008a 0E       		.uleb128 0xe
 477 008b 3A       		.uleb128 0x3a
 478 008c 0B       		.uleb128 0xb
 479 008d 3B       		.uleb128 0x3b
 480 008e 0B       		.uleb128 0xb
 481 008f 27       		.uleb128 0x27
 482 0090 19       		.uleb128 0x19
 483 0091 49       		.uleb128 0x49
 484 0092 13       		.uleb128 0x13
 485 0093 11       		.uleb128 0x11
 486 0094 01       		.uleb128 0x1
 487 0095 12       		.uleb128 0x12
 488 0096 06       		.uleb128 0x6
 489 0097 40       		.uleb128 0x40
 490 0098 18       		.uleb128 0x18
 491 0099 9742     		.uleb128 0x2117
 492 009b 19       		.uleb128 0x19
 493 009c 00       		.byte	0
 494 009d 00       		.byte	0
 495 009e 0B       		.uleb128 0xb
 496 009f 2E       		.uleb128 0x2e
 497 00a0 01       		.byte	0x1
 498 00a1 3F       		.uleb128 0x3f
 499 00a2 19       		.uleb128 0x19
 500 00a3 03       		.uleb128 0x3
 501 00a4 0E       		.uleb128 0xe
 502 00a5 3A       		.uleb128 0x3a
 503 00a6 0B       		.uleb128 0xb
 504 00a7 3B       		.uleb128 0x3b
 505 00a8 0B       		.uleb128 0xb
 506 00a9 27       		.uleb128 0x27
 507 00aa 19       		.uleb128 0x19
 508 00ab 49       		.uleb128 0x49
 509 00ac 13       		.uleb128 0x13
 510 00ad 11       		.uleb128 0x11
 511 00ae 01       		.uleb128 0x1
 512 00af 12       		.uleb128 0x12
 513 00b0 06       		.uleb128 0x6
 514 00b1 40       		.uleb128 0x40
 515 00b2 18       		.uleb128 0x18
 516 00b3 9742     		.uleb128 0x2117
 517 00b5 19       		.uleb128 0x19
 518 00b6 00       		.byte	0
 519 00b7 00       		.byte	0
 520 00b8 00       		.byte	0
 521              		.section	.debug_loc,"",%progbits
 522              	.Ldebug_loc0:
 523              	.LLST0:
 524 0000 00000000 		.4byte	.LVL2
 525 0004 0A000000 		.4byte	.LVL3
 526 0008 0100     		.2byte	0x1
 527 000a 50       		.byte	0x50
 528 000b 0A000000 		.4byte	.LVL3
 529 000f 14000000 		.4byte	.LFE1
 530 0013 0400     		.2byte	0x4
ARM GAS  C:\Users\ddemidov\AppData\Local\Temp\ccDlK6OJ.s 			page 13


 531 0015 F3       		.byte	0xf3
 532 0016 01       		.uleb128 0x1
 533 0017 50       		.byte	0x50
 534 0018 9F       		.byte	0x9f
 535 0019 00000000 		.4byte	0
 536 001d 00000000 		.4byte	0
 537              		.section	.debug_aranges,"",%progbits
 538 0000 3C000000 		.4byte	0x3c
 539 0004 0200     		.2byte	0x2
 540 0006 00000000 		.4byte	.Ldebug_info0
 541 000a 04       		.byte	0x4
 542 000b 00       		.byte	0
 543 000c 0000     		.2byte	0
 544 000e 0000     		.2byte	0
 545 0010 00000000 		.4byte	.LFB0
 546 0014 18000000 		.4byte	.LFE0-.LFB0
 547 0018 00000000 		.4byte	.LFB1
 548 001c 14000000 		.4byte	.LFE1-.LFB1
 549 0020 00000000 		.4byte	.LFB2
 550 0024 10000000 		.4byte	.LFE2-.LFB2
 551 0028 00000000 		.4byte	.LFB3
 552 002c 10000000 		.4byte	.LFE3-.LFB3
 553 0030 00000000 		.4byte	.LFB4
 554 0034 10000000 		.4byte	.LFE4-.LFB4
 555 0038 00000000 		.4byte	0
 556 003c 00000000 		.4byte	0
 557              		.section	.debug_ranges,"",%progbits
 558              	.Ldebug_ranges0:
 559 0000 00000000 		.4byte	.LFB0
 560 0004 18000000 		.4byte	.LFE0
 561 0008 00000000 		.4byte	.LFB1
 562 000c 14000000 		.4byte	.LFE1
 563 0010 00000000 		.4byte	.LFB2
 564 0014 10000000 		.4byte	.LFE2
 565 0018 00000000 		.4byte	.LFB3
 566 001c 10000000 		.4byte	.LFE3
 567 0020 00000000 		.4byte	.LFB4
 568 0024 10000000 		.4byte	.LFE4
 569 0028 00000000 		.4byte	0
 570 002c 00000000 		.4byte	0
 571              		.section	.debug_line,"",%progbits
 572              	.Ldebug_line0:
 573 0000 B4000000 		.section	.debug_str,"MS",%progbits,1
 573      02004800 
 573      00000201 
 573      FB0E0D00 
 573      01010101 
 574              	.LASF14:
 575 0000 72656733 		.ascii	"reg32\000"
 575      3200
 576              	.LASF24:
 577 0006 474E5520 		.ascii	"GNU C 4.9.3 20150303 (release) [ARM/embedded-4_9-br"
 577      4320342E 
 577      392E3320 
 577      32303135 
 577      30333033 
 578 0039 616E6368 		.ascii	"anch revision 221220] -mcpu=cortex-m0 -mthumb -g -O"
ARM GAS  C:\Users\ddemidov\AppData\Local\Temp\ccDlK6OJ.s 			page 14


 578      20726576 
 578      6973696F 
 578      6E203232 
 578      31323230 
 579 006c 73202D66 		.ascii	"s -ffunction-sections -ffat-lto-objects\000"
 579      66756E63 
 579      74696F6E 
 579      2D736563 
 579      74696F6E 
 580              	.LASF20:
 581 0094 5348445F 		.ascii	"SHD_LED_1_ReadDataReg\000"
 581      4C45445F 
 581      315F5265 
 581      61644461 
 581      74615265 
 582              	.LASF17:
 583 00aa 76616C75 		.ascii	"value\000"
 583      6500
 584              	.LASF8:
 585 00b0 756E7369 		.ascii	"unsigned int\000"
 585      676E6564 
 585      20696E74 
 585      00
 586              	.LASF21:
 587 00bd 5348445F 		.ascii	"SHD_LED_1_ClearInterrupt\000"
 587      4C45445F 
 587      315F436C 
 587      65617249 
 587      6E746572 
 588              	.LASF15:
 589 00d6 5348445F 		.ascii	"SHD_LED_1_Write\000"
 589      4C45445F 
 589      315F5772 
 589      69746500 
 590              	.LASF11:
 591 00e6 666C6F61 		.ascii	"float\000"
 591      7400
 592              	.LASF1:
 593 00ec 756E7369 		.ascii	"unsigned char\000"
 593      676E6564 
 593      20636861 
 593      7200
 594              	.LASF22:
 595 00fa 64725661 		.ascii	"drVal\000"
 595      6C00
 596              	.LASF5:
 597 0100 6C6F6E67 		.ascii	"long unsigned int\000"
 597      20756E73 
 597      69676E65 
 597      6420696E 
 597      7400
 598              	.LASF3:
 599 0112 73686F72 		.ascii	"short unsigned int\000"
 599      7420756E 
 599      7369676E 
 599      65642069 
 599      6E7400
ARM GAS  C:\Users\ddemidov\AppData\Local\Temp\ccDlK6OJ.s 			page 15


 600              	.LASF12:
 601 0125 646F7562 		.ascii	"double\000"
 601      6C6500
 602              	.LASF10:
 603 012c 75696E74 		.ascii	"uint32\000"
 603      333200
 604              	.LASF25:
 605 0133 2E5C4765 		.ascii	".\\Generated_Source\\PSoC4\\SHD_LED_1.c\000"
 605      6E657261 
 605      7465645F 
 605      536F7572 
 605      63655C50 
 606              	.LASF7:
 607 0158 6C6F6E67 		.ascii	"long long unsigned int\000"
 607      206C6F6E 
 607      6720756E 
 607      7369676E 
 607      65642069 
 608              	.LASF18:
 609 016f 6D6F6465 		.ascii	"mode\000"
 609      00
 610              	.LASF16:
 611 0174 5348445F 		.ascii	"SHD_LED_1_SetDriveMode\000"
 611      4C45445F 
 611      315F5365 
 611      74447269 
 611      76654D6F 
 612              	.LASF26:
 613 018b 433A5C55 		.ascii	"C:\\Users\\ddemidov\\Documents\\PSoC Creator\\BLE_F"
 613      73657273 
 613      5C646465 
 613      6D69646F 
 613      765C446F 
 614 01b9 696E644D 		.ascii	"indMe01\\SenseAbility.cydsn\000"
 614      6530315C 
 614      53656E73 
 614      65416269 
 614      6C697479 
 615              	.LASF6:
 616 01d4 6C6F6E67 		.ascii	"long long int\000"
 616      206C6F6E 
 616      6720696E 
 616      7400
 617              	.LASF23:
 618 01e2 6D61736B 		.ascii	"maskedStatus\000"
 618      65645374 
 618      61747573 
 618      00
 619              	.LASF13:
 620 01ef 63686172 		.ascii	"char\000"
 620      00
 621              	.LASF2:
 622 01f4 73686F72 		.ascii	"short int\000"
 622      7420696E 
 622      7400
 623              	.LASF9:
 624 01fe 75696E74 		.ascii	"uint8\000"
ARM GAS  C:\Users\ddemidov\AppData\Local\Temp\ccDlK6OJ.s 			page 16


 624      3800
 625              	.LASF4:
 626 0204 6C6F6E67 		.ascii	"long int\000"
 626      20696E74 
 626      00
 627              	.LASF0:
 628 020d 7369676E 		.ascii	"signed char\000"
 628      65642063 
 628      68617200 
 629              	.LASF19:
 630 0219 5348445F 		.ascii	"SHD_LED_1_Read\000"
 630      4C45445F 
 630      315F5265 
 630      616400
 631              		.ident	"GCC: (GNU Tools for ARM Embedded Processors) 4.9.3 20150303 (release) [ARM/embedded-4_9-br
