ARM GAS  C:\Users\ddemidov\AppData\Local\Temp\cccxBuI8.s 			page 1


   1              		.cpu cortex-m0
   2              		.fpu softvfp
   3              		.eabi_attribute 20, 1
   4              		.eabi_attribute 21, 1
   5              		.eabi_attribute 23, 3
   6              		.eabi_attribute 24, 1
   7              		.eabi_attribute 25, 1
   8              		.eabi_attribute 26, 1
   9              		.eabi_attribute 30, 4
  10              		.eabi_attribute 34, 0
  11              		.eabi_attribute 18, 4
  12              		.code	16
  13              		.file	"SW_Tx_UART_1.c"
  14              		.text
  15              	.Ltext0:
  16              		.cfi_sections	.debug_frame
  17              		.section	.text.SW_Tx_UART_1_Start,"ax",%progbits
  18              		.align	1
  19              		.global	SW_Tx_UART_1_Start
  20              		.code	16
  21              		.thumb_func
  22              		.type	SW_Tx_UART_1_Start, %function
  23              	SW_Tx_UART_1_Start:
  24              	.LFB0:
  25              		.file 1 ".\\Generated_Source\\PSoC4\\SW_Tx_UART_1.c"
   1:.\Generated_Source\PSoC4/SW_Tx_UART_1.c **** /*******************************************************************************
   2:.\Generated_Source\PSoC4/SW_Tx_UART_1.c **** * File Name: SW_Tx_UART_1.c
   3:.\Generated_Source\PSoC4/SW_Tx_UART_1.c **** * Version 1.50
   4:.\Generated_Source\PSoC4/SW_Tx_UART_1.c **** *
   5:.\Generated_Source\PSoC4/SW_Tx_UART_1.c **** * Description:
   6:.\Generated_Source\PSoC4/SW_Tx_UART_1.c **** *  This file provides the source code to the API for the Software Transmit UART.
   7:.\Generated_Source\PSoC4/SW_Tx_UART_1.c **** *
   8:.\Generated_Source\PSoC4/SW_Tx_UART_1.c **** ********************************************************************************
   9:.\Generated_Source\PSoC4/SW_Tx_UART_1.c **** * Copyright 2013-2015, Cypress Semiconductor Corporation.  All rights reserved.
  10:.\Generated_Source\PSoC4/SW_Tx_UART_1.c **** * You may use this file only in accordance with the license, terms, conditions,
  11:.\Generated_Source\PSoC4/SW_Tx_UART_1.c **** * disclaimers, and limitations in the end user license agreement accompanying
  12:.\Generated_Source\PSoC4/SW_Tx_UART_1.c **** * the software package with which this file was provided.
  13:.\Generated_Source\PSoC4/SW_Tx_UART_1.c **** *******************************************************************************/
  14:.\Generated_Source\PSoC4/SW_Tx_UART_1.c **** 
  15:.\Generated_Source\PSoC4/SW_Tx_UART_1.c **** #include "SW_Tx_UART_1_PVT.h"
  16:.\Generated_Source\PSoC4/SW_Tx_UART_1.c **** 
  17:.\Generated_Source\PSoC4/SW_Tx_UART_1.c **** #if(SW_Tx_UART_1_PIN_STATIC_MODE == 1u)
  18:.\Generated_Source\PSoC4/SW_Tx_UART_1.c ****     uint32 SW_Tx_UART_1_pinNumber = SW_Tx_UART_1_PIN_NUMBER;
  19:.\Generated_Source\PSoC4/SW_Tx_UART_1.c ****     uint32 SW_Tx_UART_1_pinPortNumber = SW_Tx_UART_1_PIN_PORT_NUMBER;
  20:.\Generated_Source\PSoC4/SW_Tx_UART_1.c ****     #if(CY_PSOC3)
  21:.\Generated_Source\PSoC4/SW_Tx_UART_1.c ****         uint32 pdata SW_Tx_UART_1_pinDrAdress = SW_Tx_UART_1_PIN_DR;
  22:.\Generated_Source\PSoC4/SW_Tx_UART_1.c ****     #else
  23:.\Generated_Source\PSoC4/SW_Tx_UART_1.c ****         uint32 SW_Tx_UART_1_pinDrAdress = SW_Tx_UART_1_PIN_DR;
  24:.\Generated_Source\PSoC4/SW_Tx_UART_1.c ****     #endif /* (CY_PSOC3) */
  25:.\Generated_Source\PSoC4/SW_Tx_UART_1.c **** #else
  26:.\Generated_Source\PSoC4/SW_Tx_UART_1.c ****     uint32 SW_Tx_UART_1_pinNumber;
  27:.\Generated_Source\PSoC4/SW_Tx_UART_1.c ****     uint32 SW_Tx_UART_1_pinPortNumber;
  28:.\Generated_Source\PSoC4/SW_Tx_UART_1.c ****     #if(CY_PSOC3)
  29:.\Generated_Source\PSoC4/SW_Tx_UART_1.c ****         uint32 pdata SW_Tx_UART_1_pinDrAdress;
  30:.\Generated_Source\PSoC4/SW_Tx_UART_1.c ****     #else
  31:.\Generated_Source\PSoC4/SW_Tx_UART_1.c ****         uint32 SW_Tx_UART_1_pinDrAdress;
  32:.\Generated_Source\PSoC4/SW_Tx_UART_1.c ****     #endif /* (CY_PSOC3) */
ARM GAS  C:\Users\ddemidov\AppData\Local\Temp\cccxBuI8.s 			page 2


  33:.\Generated_Source\PSoC4/SW_Tx_UART_1.c **** #endif /* (SW_Tx_UART_1_PIN_STATIC_MODE == 1u) */
  34:.\Generated_Source\PSoC4/SW_Tx_UART_1.c **** 
  35:.\Generated_Source\PSoC4/SW_Tx_UART_1.c **** 
  36:.\Generated_Source\PSoC4/SW_Tx_UART_1.c **** #if(SW_Tx_UART_1_PIN_STATIC_MODE == 1u)
  37:.\Generated_Source\PSoC4/SW_Tx_UART_1.c ****     /*******************************************************************************
  38:.\Generated_Source\PSoC4/SW_Tx_UART_1.c ****     * Function Name: SW_Tx_UART_1_Start
  39:.\Generated_Source\PSoC4/SW_Tx_UART_1.c ****     ********************************************************************************
  40:.\Generated_Source\PSoC4/SW_Tx_UART_1.c ****     *
  41:.\Generated_Source\PSoC4/SW_Tx_UART_1.c ****     * Summary:
  42:.\Generated_Source\PSoC4/SW_Tx_UART_1.c ****     *  Empty function. Included for consistency with other
  43:.\Generated_Source\PSoC4/SW_Tx_UART_1.c ****     *  components. This API is not available when PinAssignmentMethod
  44:.\Generated_Source\PSoC4/SW_Tx_UART_1.c ****     *  is set to Dynamic.
  45:.\Generated_Source\PSoC4/SW_Tx_UART_1.c ****     *
  46:.\Generated_Source\PSoC4/SW_Tx_UART_1.c ****     * Parameters:
  47:.\Generated_Source\PSoC4/SW_Tx_UART_1.c ****     *  None
  48:.\Generated_Source\PSoC4/SW_Tx_UART_1.c ****     *
  49:.\Generated_Source\PSoC4/SW_Tx_UART_1.c ****     * Return:
  50:.\Generated_Source\PSoC4/SW_Tx_UART_1.c ****     *  None
  51:.\Generated_Source\PSoC4/SW_Tx_UART_1.c ****     *
  52:.\Generated_Source\PSoC4/SW_Tx_UART_1.c ****     *******************************************************************************/
  53:.\Generated_Source\PSoC4/SW_Tx_UART_1.c ****     void SW_Tx_UART_1_Start(void) 
  54:.\Generated_Source\PSoC4/SW_Tx_UART_1.c ****     {
  26              		.loc 1 54 0
  27              		.cfi_startproc
  55:.\Generated_Source\PSoC4/SW_Tx_UART_1.c **** 
  56:.\Generated_Source\PSoC4/SW_Tx_UART_1.c ****     }
  28              		.loc 1 56 0
  29              		@ sp needed
  30 0000 7047     		bx	lr
  31              		.cfi_endproc
  32              	.LFE0:
  33              		.size	SW_Tx_UART_1_Start, .-SW_Tx_UART_1_Start
  34              		.section	.text.SW_Tx_UART_1_Stop,"ax",%progbits
  35              		.align	1
  36              		.global	SW_Tx_UART_1_Stop
  37              		.code	16
  38              		.thumb_func
  39              		.type	SW_Tx_UART_1_Stop, %function
  40              	SW_Tx_UART_1_Stop:
  41              	.LFB1:
  57:.\Generated_Source\PSoC4/SW_Tx_UART_1.c **** #else
  58:.\Generated_Source\PSoC4/SW_Tx_UART_1.c ****     /*******************************************************************************
  59:.\Generated_Source\PSoC4/SW_Tx_UART_1.c ****     * Function Name: SW_Tx_UART_1_StartEx
  60:.\Generated_Source\PSoC4/SW_Tx_UART_1.c ****     ********************************************************************************
  61:.\Generated_Source\PSoC4/SW_Tx_UART_1.c ****     *
  62:.\Generated_Source\PSoC4/SW_Tx_UART_1.c ****     * Summary:
  63:.\Generated_Source\PSoC4/SW_Tx_UART_1.c ****     *  Configures the SW Tx UART to use the pin specified
  64:.\Generated_Source\PSoC4/SW_Tx_UART_1.c ****     *  by the parameters. This API is only available when
  65:.\Generated_Source\PSoC4/SW_Tx_UART_1.c ****     *  PinAssignmentMethod is set to Dynamic.
  66:.\Generated_Source\PSoC4/SW_Tx_UART_1.c ****     *
  67:.\Generated_Source\PSoC4/SW_Tx_UART_1.c ****     * Parameters:
  68:.\Generated_Source\PSoC4/SW_Tx_UART_1.c ****     *  port:  Port number for dynamic pin assignment
  69:.\Generated_Source\PSoC4/SW_Tx_UART_1.c ****     *  pin:   Pin number for dynamic pin assignment
  70:.\Generated_Source\PSoC4/SW_Tx_UART_1.c ****     *
  71:.\Generated_Source\PSoC4/SW_Tx_UART_1.c ****     * Return:
  72:.\Generated_Source\PSoC4/SW_Tx_UART_1.c ****     *  None
  73:.\Generated_Source\PSoC4/SW_Tx_UART_1.c ****     *
ARM GAS  C:\Users\ddemidov\AppData\Local\Temp\cccxBuI8.s 			page 3


  74:.\Generated_Source\PSoC4/SW_Tx_UART_1.c ****     *******************************************************************************/
  75:.\Generated_Source\PSoC4/SW_Tx_UART_1.c ****     void SW_Tx_UART_1_StartEx(uint8 port, uint8 pin) 
  76:.\Generated_Source\PSoC4/SW_Tx_UART_1.c ****     {
  77:.\Generated_Source\PSoC4/SW_Tx_UART_1.c ****         uint32 portConfigAddr;
  78:.\Generated_Source\PSoC4/SW_Tx_UART_1.c **** 
  79:.\Generated_Source\PSoC4/SW_Tx_UART_1.c ****         #if (CY_PSOC4)
  80:.\Generated_Source\PSoC4/SW_Tx_UART_1.c ****             uint32 portDataRegAddr;
  81:.\Generated_Source\PSoC4/SW_Tx_UART_1.c ****         #endif /* (CY_PSOC4) */
  82:.\Generated_Source\PSoC4/SW_Tx_UART_1.c **** 
  83:.\Generated_Source\PSoC4/SW_Tx_UART_1.c ****         if ((pin <= SW_Tx_UART_1_MAX_PIN_NUMBER) && (port <= SW_Tx_UART_1_MAX_PORT_NUMBER))
  84:.\Generated_Source\PSoC4/SW_Tx_UART_1.c ****         {
  85:.\Generated_Source\PSoC4/SW_Tx_UART_1.c ****             #if (!CY_PSOC4)
  86:.\Generated_Source\PSoC4/SW_Tx_UART_1.c ****                 portConfigAddr = SW_Tx_UART_1_PORT_CNF_BASE;
  87:.\Generated_Source\PSoC4/SW_Tx_UART_1.c ****                 portConfigAddr += ((uint32)port * (SW_Tx_UART_1_MAX_PIN_NUMBER + 1u)) + pin;
  88:.\Generated_Source\PSoC4/SW_Tx_UART_1.c ****                 CyPins_SetPinDriveMode(portConfigAddr, CY_PINS_DM_STRONG);
  89:.\Generated_Source\PSoC4/SW_Tx_UART_1.c ****                 CyPins_SetPin(portConfigAddr);
  90:.\Generated_Source\PSoC4/SW_Tx_UART_1.c ****                 SW_Tx_UART_1_pinDrAdress = portConfigAddr;
  91:.\Generated_Source\PSoC4/SW_Tx_UART_1.c ****             #else
  92:.\Generated_Source\PSoC4/SW_Tx_UART_1.c ****                 portConfigAddr = SW_Tx_UART_1_PORT_CNF_BASE + (SW_Tx_UART_1_PORT_CNF_SIZE * port) +
  93:.\Generated_Source\PSoC4/SW_Tx_UART_1.c ****                                                                                 SW_Tx_UART_1_PORT_C
  94:.\Generated_Source\PSoC4/SW_Tx_UART_1.c ****                 CY_SYS_PINS_SET_DRIVE_MODE(portConfigAddr, pin, CY_SYS_PINS_DM_STRONG);
  95:.\Generated_Source\PSoC4/SW_Tx_UART_1.c ****                 portDataRegAddr = SW_Tx_UART_1_PORT_CNF_BASE + (SW_Tx_UART_1_PORT_CNF_SIZE * port) 
  96:.\Generated_Source\PSoC4/SW_Tx_UART_1.c ****                                                                                 SW_Tx_UART_1_PORT_C
  97:.\Generated_Source\PSoC4/SW_Tx_UART_1.c ****                 CY_SYS_PINS_SET_PIN(portDataRegAddr, pin);
  98:.\Generated_Source\PSoC4/SW_Tx_UART_1.c ****                 SW_Tx_UART_1_pinDrAdress = portDataRegAddr;
  99:.\Generated_Source\PSoC4/SW_Tx_UART_1.c ****             #endif /* (!CY_PSOC4) */
 100:.\Generated_Source\PSoC4/SW_Tx_UART_1.c ****             SW_Tx_UART_1_pinNumber = pin;
 101:.\Generated_Source\PSoC4/SW_Tx_UART_1.c ****             SW_Tx_UART_1_pinPortNumber = port;
 102:.\Generated_Source\PSoC4/SW_Tx_UART_1.c ****         }
 103:.\Generated_Source\PSoC4/SW_Tx_UART_1.c ****     }
 104:.\Generated_Source\PSoC4/SW_Tx_UART_1.c **** #endif /* (SW_Tx_UART_1_PIN_STATIC_MODE == 1u) */
 105:.\Generated_Source\PSoC4/SW_Tx_UART_1.c **** 
 106:.\Generated_Source\PSoC4/SW_Tx_UART_1.c **** 
 107:.\Generated_Source\PSoC4/SW_Tx_UART_1.c **** /*******************************************************************************
 108:.\Generated_Source\PSoC4/SW_Tx_UART_1.c **** * Function Name: SW_Tx_UART_1_Stop
 109:.\Generated_Source\PSoC4/SW_Tx_UART_1.c **** ********************************************************************************
 110:.\Generated_Source\PSoC4/SW_Tx_UART_1.c **** *
 111:.\Generated_Source\PSoC4/SW_Tx_UART_1.c **** * Summary:
 112:.\Generated_Source\PSoC4/SW_Tx_UART_1.c **** *  Empty function. Included for consistency with other components.
 113:.\Generated_Source\PSoC4/SW_Tx_UART_1.c **** *
 114:.\Generated_Source\PSoC4/SW_Tx_UART_1.c **** * Parameters:
 115:.\Generated_Source\PSoC4/SW_Tx_UART_1.c **** *  None
 116:.\Generated_Source\PSoC4/SW_Tx_UART_1.c **** *
 117:.\Generated_Source\PSoC4/SW_Tx_UART_1.c **** * Return:
 118:.\Generated_Source\PSoC4/SW_Tx_UART_1.c **** *  None
 119:.\Generated_Source\PSoC4/SW_Tx_UART_1.c **** *
 120:.\Generated_Source\PSoC4/SW_Tx_UART_1.c **** *******************************************************************************/
 121:.\Generated_Source\PSoC4/SW_Tx_UART_1.c **** void SW_Tx_UART_1_Stop(void) 
 122:.\Generated_Source\PSoC4/SW_Tx_UART_1.c **** {
  42              		.loc 1 122 0
  43              		.cfi_startproc
 123:.\Generated_Source\PSoC4/SW_Tx_UART_1.c **** 
 124:.\Generated_Source\PSoC4/SW_Tx_UART_1.c **** }
  44              		.loc 1 124 0
  45              		@ sp needed
  46 0000 7047     		bx	lr
  47              		.cfi_endproc
ARM GAS  C:\Users\ddemidov\AppData\Local\Temp\cccxBuI8.s 			page 4


  48              	.LFE1:
  49              		.size	SW_Tx_UART_1_Stop, .-SW_Tx_UART_1_Stop
  50              		.section	.text.SW_Tx_UART_1_PutString,"ax",%progbits
  51              		.align	1
  52              		.global	SW_Tx_UART_1_PutString
  53              		.code	16
  54              		.thumb_func
  55              		.type	SW_Tx_UART_1_PutString, %function
  56              	SW_Tx_UART_1_PutString:
  57              	.LFB2:
 125:.\Generated_Source\PSoC4/SW_Tx_UART_1.c **** 
 126:.\Generated_Source\PSoC4/SW_Tx_UART_1.c **** 
 127:.\Generated_Source\PSoC4/SW_Tx_UART_1.c **** /*******************************************************************************
 128:.\Generated_Source\PSoC4/SW_Tx_UART_1.c **** * Function Name: SW_Tx_UART_1_PutString
 129:.\Generated_Source\PSoC4/SW_Tx_UART_1.c **** ********************************************************************************
 130:.\Generated_Source\PSoC4/SW_Tx_UART_1.c **** *
 131:.\Generated_Source\PSoC4/SW_Tx_UART_1.c **** * Summary:
 132:.\Generated_Source\PSoC4/SW_Tx_UART_1.c **** *  Sends a NULL terminated string via the Tx pin.
 133:.\Generated_Source\PSoC4/SW_Tx_UART_1.c **** *
 134:.\Generated_Source\PSoC4/SW_Tx_UART_1.c **** * Parameters:
 135:.\Generated_Source\PSoC4/SW_Tx_UART_1.c **** *  string: Pointer to the null terminated string to send
 136:.\Generated_Source\PSoC4/SW_Tx_UART_1.c **** *
 137:.\Generated_Source\PSoC4/SW_Tx_UART_1.c **** * Return:
 138:.\Generated_Source\PSoC4/SW_Tx_UART_1.c **** *  None
 139:.\Generated_Source\PSoC4/SW_Tx_UART_1.c **** *
 140:.\Generated_Source\PSoC4/SW_Tx_UART_1.c **** *******************************************************************************/
 141:.\Generated_Source\PSoC4/SW_Tx_UART_1.c **** void SW_Tx_UART_1_PutString(const char8 string[]) 
 142:.\Generated_Source\PSoC4/SW_Tx_UART_1.c **** {
  58              		.loc 1 142 0
  59              		.cfi_startproc
  60              	.LVL0:
  61 0000 38B5     		push	{r3, r4, r5, lr}
  62              		.cfi_def_cfa_offset 16
  63              		.cfi_offset 3, -16
  64              		.cfi_offset 4, -12
  65              		.cfi_offset 5, -8
  66              		.cfi_offset 14, -4
 143:.\Generated_Source\PSoC4/SW_Tx_UART_1.c ****     uint8 stringIndex = 1u;
  67              		.loc 1 143 0
  68 0002 0124     		mov	r4, #1
 142:.\Generated_Source\PSoC4/SW_Tx_UART_1.c ****     uint8 stringIndex = 1u;
  69              		.loc 1 142 0
  70 0004 051C     		mov	r5, r0
 144:.\Generated_Source\PSoC4/SW_Tx_UART_1.c ****     char8 current = *string;
  71              		.loc 1 144 0
  72 0006 0078     		ldrb	r0, [r0]
  73              	.LVL1:
  74              	.L4:
 145:.\Generated_Source\PSoC4/SW_Tx_UART_1.c **** 
 146:.\Generated_Source\PSoC4/SW_Tx_UART_1.c ****     /* Until null is reached, print next character */
 147:.\Generated_Source\PSoC4/SW_Tx_UART_1.c ****     while((char8) '\0' != current)
  75              		.loc 1 147 0
  76 0008 0028     		cmp	r0, #0
  77 000a 05D0     		beq	.L7
 148:.\Generated_Source\PSoC4/SW_Tx_UART_1.c ****     {
 149:.\Generated_Source\PSoC4/SW_Tx_UART_1.c ****         SW_Tx_UART_1_PutChar((uint8)current);
  78              		.loc 1 149 0
ARM GAS  C:\Users\ddemidov\AppData\Local\Temp\cccxBuI8.s 			page 5


  79 000c FFF7FEFF 		bl	SW_Tx_UART_1_PutChar
  80              	.LVL2:
 150:.\Generated_Source\PSoC4/SW_Tx_UART_1.c ****         current = string[stringIndex];
  81              		.loc 1 150 0
  82 0010 285D     		ldrb	r0, [r5, r4]
  83              	.LVL3:
 151:.\Generated_Source\PSoC4/SW_Tx_UART_1.c ****         stringIndex++;
  84              		.loc 1 151 0
  85 0012 0134     		add	r4, r4, #1
  86              	.LVL4:
  87 0014 E4B2     		uxtb	r4, r4
  88              	.LVL5:
  89 0016 F7E7     		b	.L4
  90              	.L7:
 152:.\Generated_Source\PSoC4/SW_Tx_UART_1.c ****     }
 153:.\Generated_Source\PSoC4/SW_Tx_UART_1.c **** }
  91              		.loc 1 153 0
  92              		@ sp needed
  93              	.LVL6:
  94              	.LVL7:
  95 0018 38BD     		pop	{r3, r4, r5, pc}
  96              		.cfi_endproc
  97              	.LFE2:
  98              		.size	SW_Tx_UART_1_PutString, .-SW_Tx_UART_1_PutString
  99              		.section	.text.SW_Tx_UART_1_PutArray,"ax",%progbits
 100              		.align	1
 101              		.global	SW_Tx_UART_1_PutArray
 102              		.code	16
 103              		.thumb_func
 104              		.type	SW_Tx_UART_1_PutArray, %function
 105              	SW_Tx_UART_1_PutArray:
 106              	.LFB3:
 154:.\Generated_Source\PSoC4/SW_Tx_UART_1.c **** 
 155:.\Generated_Source\PSoC4/SW_Tx_UART_1.c **** 
 156:.\Generated_Source\PSoC4/SW_Tx_UART_1.c **** /*******************************************************************************
 157:.\Generated_Source\PSoC4/SW_Tx_UART_1.c **** * Function Name: SW_Tx_UART_1_PutArray
 158:.\Generated_Source\PSoC4/SW_Tx_UART_1.c **** ********************************************************************************
 159:.\Generated_Source\PSoC4/SW_Tx_UART_1.c **** *
 160:.\Generated_Source\PSoC4/SW_Tx_UART_1.c **** * Summary:
 161:.\Generated_Source\PSoC4/SW_Tx_UART_1.c **** *  Sends byteCount bytes from a memory array via the Tx pin.
 162:.\Generated_Source\PSoC4/SW_Tx_UART_1.c **** *
 163:.\Generated_Source\PSoC4/SW_Tx_UART_1.c **** * Parameters:
 164:.\Generated_Source\PSoC4/SW_Tx_UART_1.c **** *  data: Pointer to the memory array
 165:.\Generated_Source\PSoC4/SW_Tx_UART_1.c **** *  byteCount: Number of bytes to be transmitted
 166:.\Generated_Source\PSoC4/SW_Tx_UART_1.c **** *
 167:.\Generated_Source\PSoC4/SW_Tx_UART_1.c **** * Return:
 168:.\Generated_Source\PSoC4/SW_Tx_UART_1.c **** *  None
 169:.\Generated_Source\PSoC4/SW_Tx_UART_1.c **** *
 170:.\Generated_Source\PSoC4/SW_Tx_UART_1.c **** *******************************************************************************/
 171:.\Generated_Source\PSoC4/SW_Tx_UART_1.c **** void SW_Tx_UART_1_PutArray(const uint8 array[], uint32 byteCount) 
 172:.\Generated_Source\PSoC4/SW_Tx_UART_1.c **** {
 107              		.loc 1 172 0
 108              		.cfi_startproc
 109              	.LVL8:
 110 0000 38B5     		push	{r3, r4, r5, lr}
 111              		.cfi_def_cfa_offset 16
 112              		.cfi_offset 3, -16
ARM GAS  C:\Users\ddemidov\AppData\Local\Temp\cccxBuI8.s 			page 6


 113              		.cfi_offset 4, -12
 114              		.cfi_offset 5, -8
 115              		.cfi_offset 14, -4
 116 0002 041C     		mov	r4, r0
 117 0004 4518     		add	r5, r0, r1
 118              	.LVL9:
 119              	.L9:
 173:.\Generated_Source\PSoC4/SW_Tx_UART_1.c ****     uint32 arrayIndex;
 174:.\Generated_Source\PSoC4/SW_Tx_UART_1.c **** 
 175:.\Generated_Source\PSoC4/SW_Tx_UART_1.c ****     for (arrayIndex = 0u; arrayIndex < byteCount; arrayIndex++)
 120              		.loc 1 175 0 discriminator 1
 121 0006 AC42     		cmp	r4, r5
 122 0008 04D0     		beq	.L11
 176:.\Generated_Source\PSoC4/SW_Tx_UART_1.c ****     {
 177:.\Generated_Source\PSoC4/SW_Tx_UART_1.c ****         SW_Tx_UART_1_PutChar(array[arrayIndex]);
 123              		.loc 1 177 0 discriminator 3
 124 000a 2078     		ldrb	r0, [r4]
 125 000c FFF7FEFF 		bl	SW_Tx_UART_1_PutChar
 126              	.LVL10:
 127 0010 0134     		add	r4, r4, #1
 128              	.LVL11:
 129 0012 F8E7     		b	.L9
 130              	.L11:
 178:.\Generated_Source\PSoC4/SW_Tx_UART_1.c ****     }
 179:.\Generated_Source\PSoC4/SW_Tx_UART_1.c **** }
 131              		.loc 1 179 0
 132              		@ sp needed
 133              	.LVL12:
 134 0014 38BD     		pop	{r3, r4, r5, pc}
 135              		.cfi_endproc
 136              	.LFE3:
 137              		.size	SW_Tx_UART_1_PutArray, .-SW_Tx_UART_1_PutArray
 138              		.section	.text.SW_Tx_UART_1_PutHexByte,"ax",%progbits
 139              		.align	1
 140              		.global	SW_Tx_UART_1_PutHexByte
 141              		.code	16
 142              		.thumb_func
 143              		.type	SW_Tx_UART_1_PutHexByte, %function
 144              	SW_Tx_UART_1_PutHexByte:
 145              	.LFB4:
 180:.\Generated_Source\PSoC4/SW_Tx_UART_1.c **** 
 181:.\Generated_Source\PSoC4/SW_Tx_UART_1.c **** 
 182:.\Generated_Source\PSoC4/SW_Tx_UART_1.c **** /*******************************************************************************
 183:.\Generated_Source\PSoC4/SW_Tx_UART_1.c **** * Function Name: SW_Tx_UART_1_PutHexByte
 184:.\Generated_Source\PSoC4/SW_Tx_UART_1.c **** ********************************************************************************
 185:.\Generated_Source\PSoC4/SW_Tx_UART_1.c **** *
 186:.\Generated_Source\PSoC4/SW_Tx_UART_1.c **** * Summary:
 187:.\Generated_Source\PSoC4/SW_Tx_UART_1.c **** *  Sends a byte in Hex representation (two characters, uppercase for A-F) via
 188:.\Generated_Source\PSoC4/SW_Tx_UART_1.c **** *  the Tx pin.
 189:.\Generated_Source\PSoC4/SW_Tx_UART_1.c **** *
 190:.\Generated_Source\PSoC4/SW_Tx_UART_1.c **** * Parameters:
 191:.\Generated_Source\PSoC4/SW_Tx_UART_1.c **** *  TxHexByte: The byte to be converted to ASCII characters and
 192:.\Generated_Source\PSoC4/SW_Tx_UART_1.c **** *             sent via the Tx pin.
 193:.\Generated_Source\PSoC4/SW_Tx_UART_1.c **** *
 194:.\Generated_Source\PSoC4/SW_Tx_UART_1.c **** * Return:
 195:.\Generated_Source\PSoC4/SW_Tx_UART_1.c **** *  None
 196:.\Generated_Source\PSoC4/SW_Tx_UART_1.c **** *
ARM GAS  C:\Users\ddemidov\AppData\Local\Temp\cccxBuI8.s 			page 7


 197:.\Generated_Source\PSoC4/SW_Tx_UART_1.c **** *******************************************************************************/
 198:.\Generated_Source\PSoC4/SW_Tx_UART_1.c **** void SW_Tx_UART_1_PutHexByte(uint8 txHexByte) 
 199:.\Generated_Source\PSoC4/SW_Tx_UART_1.c **** {
 146              		.loc 1 199 0
 147              		.cfi_startproc
 148              	.LVL13:
 149 0000 38B5     		push	{r3, r4, r5, lr}
 150              		.cfi_def_cfa_offset 16
 151              		.cfi_offset 3, -16
 152              		.cfi_offset 4, -12
 153              		.cfi_offset 5, -8
 154              		.cfi_offset 14, -4
 200:.\Generated_Source\PSoC4/SW_Tx_UART_1.c ****     static char8 const CYCODE SW_Tx_UART_1_hex[] = "0123456789ABCDEF";
 201:.\Generated_Source\PSoC4/SW_Tx_UART_1.c **** 
 202:.\Generated_Source\PSoC4/SW_Tx_UART_1.c ****     SW_Tx_UART_1_PutChar((uint8) SW_Tx_UART_1_hex[txHexByte >> SW_Tx_UART_1_BYTE_UPPER_NIBBLE_SHIFT
 155              		.loc 1 202 0
 156 0002 064C     		ldr	r4, .L13
 157 0004 0309     		lsr	r3, r0, #4
 199:.\Generated_Source\PSoC4/SW_Tx_UART_1.c ****     static char8 const CYCODE SW_Tx_UART_1_hex[] = "0123456789ABCDEF";
 158              		.loc 1 199 0
 159 0006 051C     		mov	r5, r0
 160              		.loc 1 202 0
 161 0008 E05C     		ldrb	r0, [r4, r3]
 162              	.LVL14:
 163 000a FFF7FEFF 		bl	SW_Tx_UART_1_PutChar
 164              	.LVL15:
 203:.\Generated_Source\PSoC4/SW_Tx_UART_1.c ****     SW_Tx_UART_1_PutChar((uint8) SW_Tx_UART_1_hex[txHexByte & SW_Tx_UART_1_BYTE_LOWER_NIBBLE_MASK])
 165              		.loc 1 203 0
 166 000e 0F20     		mov	r0, #15
 167 0010 2840     		and	r0, r5
 168 0012 205C     		ldrb	r0, [r4, r0]
 169 0014 FFF7FEFF 		bl	SW_Tx_UART_1_PutChar
 170              	.LVL16:
 204:.\Generated_Source\PSoC4/SW_Tx_UART_1.c **** }
 171              		.loc 1 204 0
 172              		@ sp needed
 173 0018 38BD     		pop	{r3, r4, r5, pc}
 174              	.L14:
 175 001a C046     		.align	2
 176              	.L13:
 177 001c 00000000 		.word	.LANCHOR0
 178              		.cfi_endproc
 179              	.LFE4:
 180              		.size	SW_Tx_UART_1_PutHexByte, .-SW_Tx_UART_1_PutHexByte
 181              		.section	.text.SW_Tx_UART_1_PutHexInt,"ax",%progbits
 182              		.align	1
 183              		.global	SW_Tx_UART_1_PutHexInt
 184              		.code	16
 185              		.thumb_func
 186              		.type	SW_Tx_UART_1_PutHexInt, %function
 187              	SW_Tx_UART_1_PutHexInt:
 188              	.LFB5:
 205:.\Generated_Source\PSoC4/SW_Tx_UART_1.c **** 
 206:.\Generated_Source\PSoC4/SW_Tx_UART_1.c **** 
 207:.\Generated_Source\PSoC4/SW_Tx_UART_1.c **** /*******************************************************************************
 208:.\Generated_Source\PSoC4/SW_Tx_UART_1.c **** * Function Name: SW_Tx_UART_1_PutHexInt
 209:.\Generated_Source\PSoC4/SW_Tx_UART_1.c **** ********************************************************************************
ARM GAS  C:\Users\ddemidov\AppData\Local\Temp\cccxBuI8.s 			page 8


 210:.\Generated_Source\PSoC4/SW_Tx_UART_1.c **** *
 211:.\Generated_Source\PSoC4/SW_Tx_UART_1.c **** * Summary:
 212:.\Generated_Source\PSoC4/SW_Tx_UART_1.c **** *  Sends a 16-bit unsigned integer in Hex representation (four characters,
 213:.\Generated_Source\PSoC4/SW_Tx_UART_1.c **** *  uppercase for A-F) via the Tx pin.
 214:.\Generated_Source\PSoC4/SW_Tx_UART_1.c **** *
 215:.\Generated_Source\PSoC4/SW_Tx_UART_1.c **** * Parameters:
 216:.\Generated_Source\PSoC4/SW_Tx_UART_1.c **** *  TxHexInt: The uint16 to be converted to ASCII characters and sent via
 217:.\Generated_Source\PSoC4/SW_Tx_UART_1.c **** *            the Tx pin.
 218:.\Generated_Source\PSoC4/SW_Tx_UART_1.c **** *
 219:.\Generated_Source\PSoC4/SW_Tx_UART_1.c **** * Return:
 220:.\Generated_Source\PSoC4/SW_Tx_UART_1.c **** *  None
 221:.\Generated_Source\PSoC4/SW_Tx_UART_1.c **** *
 222:.\Generated_Source\PSoC4/SW_Tx_UART_1.c **** *******************************************************************************/
 223:.\Generated_Source\PSoC4/SW_Tx_UART_1.c **** void SW_Tx_UART_1_PutHexInt(uint16 txHexInt) 
 224:.\Generated_Source\PSoC4/SW_Tx_UART_1.c **** {
 189              		.loc 1 224 0
 190              		.cfi_startproc
 191              	.LVL17:
 192 0000 10B5     		push	{r4, lr}
 193              		.cfi_def_cfa_offset 8
 194              		.cfi_offset 4, -8
 195              		.cfi_offset 14, -4
 196              		.loc 1 224 0
 197 0002 041C     		mov	r4, r0
 225:.\Generated_Source\PSoC4/SW_Tx_UART_1.c ****     SW_Tx_UART_1_PutHexByte((uint8)(txHexInt >> SW_Tx_UART_1_U16_UPPER_BYTE_SHIFT));
 198              		.loc 1 225 0
 199 0004 000A     		lsr	r0, r0, #8
 200              	.LVL18:
 201 0006 FFF7FEFF 		bl	SW_Tx_UART_1_PutHexByte
 202              	.LVL19:
 226:.\Generated_Source\PSoC4/SW_Tx_UART_1.c ****     SW_Tx_UART_1_PutHexByte((uint8)(txHexInt & SW_Tx_UART_1_U16_LOWER_BYTE_MASK));
 203              		.loc 1 226 0
 204 000a E0B2     		uxtb	r0, r4
 205 000c FFF7FEFF 		bl	SW_Tx_UART_1_PutHexByte
 206              	.LVL20:
 227:.\Generated_Source\PSoC4/SW_Tx_UART_1.c **** }
 207              		.loc 1 227 0
 208              		@ sp needed
 209 0010 10BD     		pop	{r4, pc}
 210              		.cfi_endproc
 211              	.LFE5:
 212              		.size	SW_Tx_UART_1_PutHexInt, .-SW_Tx_UART_1_PutHexInt
 213              		.section	.text.SW_Tx_UART_1_PutCRLF,"ax",%progbits
 214              		.align	1
 215              		.global	SW_Tx_UART_1_PutCRLF
 216              		.code	16
 217              		.thumb_func
 218              		.type	SW_Tx_UART_1_PutCRLF, %function
 219              	SW_Tx_UART_1_PutCRLF:
 220              	.LFB6:
 228:.\Generated_Source\PSoC4/SW_Tx_UART_1.c **** 
 229:.\Generated_Source\PSoC4/SW_Tx_UART_1.c **** 
 230:.\Generated_Source\PSoC4/SW_Tx_UART_1.c **** /*******************************************************************************
 231:.\Generated_Source\PSoC4/SW_Tx_UART_1.c **** * Function Name: SW_Tx_UART_1_PutCRLF
 232:.\Generated_Source\PSoC4/SW_Tx_UART_1.c **** ********************************************************************************
 233:.\Generated_Source\PSoC4/SW_Tx_UART_1.c **** *
 234:.\Generated_Source\PSoC4/SW_Tx_UART_1.c **** * Summary:
ARM GAS  C:\Users\ddemidov\AppData\Local\Temp\cccxBuI8.s 			page 9


 235:.\Generated_Source\PSoC4/SW_Tx_UART_1.c **** *  Sends a carriage return (0x0D) and a line feed (0x0A) via the Tx pin.
 236:.\Generated_Source\PSoC4/SW_Tx_UART_1.c **** *
 237:.\Generated_Source\PSoC4/SW_Tx_UART_1.c **** * Parameters:
 238:.\Generated_Source\PSoC4/SW_Tx_UART_1.c **** *  None
 239:.\Generated_Source\PSoC4/SW_Tx_UART_1.c **** *
 240:.\Generated_Source\PSoC4/SW_Tx_UART_1.c **** * Return:
 241:.\Generated_Source\PSoC4/SW_Tx_UART_1.c **** *  None
 242:.\Generated_Source\PSoC4/SW_Tx_UART_1.c **** *
 243:.\Generated_Source\PSoC4/SW_Tx_UART_1.c **** *******************************************************************************/
 244:.\Generated_Source\PSoC4/SW_Tx_UART_1.c **** void SW_Tx_UART_1_PutCRLF(void) 
 245:.\Generated_Source\PSoC4/SW_Tx_UART_1.c **** {
 221              		.loc 1 245 0
 222              		.cfi_startproc
 223 0000 08B5     		push	{r3, lr}
 224              		.cfi_def_cfa_offset 8
 225              		.cfi_offset 3, -8
 226              		.cfi_offset 14, -4
 246:.\Generated_Source\PSoC4/SW_Tx_UART_1.c ****     SW_Tx_UART_1_PutChar(0x0Du);
 227              		.loc 1 246 0
 228 0002 0D20     		mov	r0, #13
 229 0004 FFF7FEFF 		bl	SW_Tx_UART_1_PutChar
 230              	.LVL21:
 247:.\Generated_Source\PSoC4/SW_Tx_UART_1.c ****     SW_Tx_UART_1_PutChar(0x0Au);
 231              		.loc 1 247 0
 232 0008 0A20     		mov	r0, #10
 233 000a FFF7FEFF 		bl	SW_Tx_UART_1_PutChar
 234              	.LVL22:
 248:.\Generated_Source\PSoC4/SW_Tx_UART_1.c **** }
 235              		.loc 1 248 0
 236              		@ sp needed
 237 000e 08BD     		pop	{r3, pc}
 238              		.cfi_endproc
 239              	.LFE6:
 240              		.size	SW_Tx_UART_1_PutCRLF, .-SW_Tx_UART_1_PutCRLF
 241              		.global	SW_Tx_UART_1_pinDrAdress
 242              		.global	SW_Tx_UART_1_pinPortNumber
 243              		.global	SW_Tx_UART_1_pinNumber
 244              		.section	.rodata
 245              		.set	.LANCHOR0,. + 0
 246              		.type	SW_Tx_UART_1_hex.4188, %object
 247              		.size	SW_Tx_UART_1_hex.4188, 17
 248              	SW_Tx_UART_1_hex.4188:
 249 0000 30313233 		.ascii	"0123456789ABCDEF\000"
 249      34353637 
 249      38394142 
 249      43444546 
 249      00
 250              		.data
 251              		.align	2
 252              		.type	SW_Tx_UART_1_pinDrAdress, %object
 253              		.size	SW_Tx_UART_1_pinDrAdress, 4
 254              	SW_Tx_UART_1_pinDrAdress:
 255 0000 00010440 		.word	1074004224
 256              		.type	SW_Tx_UART_1_pinPortNumber, %object
 257              		.size	SW_Tx_UART_1_pinPortNumber, 4
 258              	SW_Tx_UART_1_pinPortNumber:
 259 0004 01000000 		.word	1
ARM GAS  C:\Users\ddemidov\AppData\Local\Temp\cccxBuI8.s 			page 10


 260              		.type	SW_Tx_UART_1_pinNumber, %object
 261              		.size	SW_Tx_UART_1_pinNumber, 4
 262              	SW_Tx_UART_1_pinNumber:
 263 0008 05000000 		.word	5
 264              		.text
 265              	.Letext0:
 266              		.file 2 ".\\Generated_Source\\PSoC4\\cytypes.h"
 267              		.file 3 ".\\Generated_Source\\PSoC4\\SW_Tx_UART_1.h"
 268              		.section	.debug_info,"",%progbits
 269              	.Ldebug_info0:
 270 0000 C4020000 		.4byte	0x2c4
 271 0004 0400     		.2byte	0x4
 272 0006 00000000 		.4byte	.Ldebug_abbrev0
 273 000a 04       		.byte	0x4
 274 000b 01       		.uleb128 0x1
 275 000c 1B000000 		.4byte	.LASF36
 276 0010 01       		.byte	0x1
 277 0011 1E020000 		.4byte	.LASF37
 278 0015 BF020000 		.4byte	.LASF38
 279 0019 00000000 		.4byte	.Ldebug_ranges0+0
 280 001d 00000000 		.4byte	0
 281 0021 00000000 		.4byte	.Ldebug_line0
 282 0025 02       		.uleb128 0x2
 283 0026 01       		.byte	0x1
 284 0027 06       		.byte	0x6
 285 0028 96010000 		.4byte	.LASF0
 286 002c 02       		.uleb128 0x2
 287 002d 01       		.byte	0x1
 288 002e 08       		.byte	0x8
 289 002f 65010000 		.4byte	.LASF1
 290 0033 02       		.uleb128 0x2
 291 0034 02       		.byte	0x2
 292 0035 05       		.byte	0x5
 293 0036 11000000 		.4byte	.LASF2
 294 003a 02       		.uleb128 0x2
 295 003b 02       		.byte	0x2
 296 003c 07       		.byte	0x7
 297 003d EF010000 		.4byte	.LASF3
 298 0041 02       		.uleb128 0x2
 299 0042 04       		.byte	0x4
 300 0043 05       		.byte	0x5
 301 0044 30010000 		.4byte	.LASF4
 302 0048 02       		.uleb128 0x2
 303 0049 04       		.byte	0x4
 304 004a 07       		.byte	0x7
 305 004b 58020000 		.4byte	.LASF5
 306 004f 02       		.uleb128 0x2
 307 0050 08       		.byte	0x8
 308 0051 05       		.byte	0x5
 309 0052 22010000 		.4byte	.LASF6
 310 0056 02       		.uleb128 0x2
 311 0057 08       		.byte	0x8
 312 0058 07       		.byte	0x7
 313 0059 A2010000 		.4byte	.LASF7
 314 005d 03       		.uleb128 0x3
 315 005e 04       		.byte	0x4
 316 005f 05       		.byte	0x5
ARM GAS  C:\Users\ddemidov\AppData\Local\Temp\cccxBuI8.s 			page 11


 317 0060 696E7400 		.ascii	"int\000"
 318 0064 02       		.uleb128 0x2
 319 0065 04       		.byte	0x4
 320 0066 07       		.byte	0x7
 321 0067 C2010000 		.4byte	.LASF8
 322 006b 04       		.uleb128 0x4
 323 006c D8000000 		.4byte	.LASF9
 324 0070 02       		.byte	0x2
 325 0071 3801     		.2byte	0x138
 326 0073 2C000000 		.4byte	0x2c
 327 0077 04       		.uleb128 0x4
 328 0078 B8000000 		.4byte	.LASF10
 329 007c 02       		.byte	0x2
 330 007d 3901     		.2byte	0x139
 331 007f 3A000000 		.4byte	0x3a
 332 0083 04       		.uleb128 0x4
 333 0084 51020000 		.4byte	.LASF11
 334 0088 02       		.byte	0x2
 335 0089 3A01     		.2byte	0x13a
 336 008b 48000000 		.4byte	0x48
 337 008f 02       		.uleb128 0x2
 338 0090 04       		.byte	0x4
 339 0091 04       		.byte	0x4
 340 0092 05010000 		.4byte	.LASF12
 341 0096 02       		.uleb128 0x2
 342 0097 08       		.byte	0x8
 343 0098 04       		.byte	0x4
 344 0099 6A020000 		.4byte	.LASF13
 345 009d 04       		.uleb128 0x4
 346 009e B2000000 		.4byte	.LASF14
 347 00a2 02       		.byte	0x2
 348 00a3 4901     		.2byte	0x149
 349 00a5 A9000000 		.4byte	0xa9
 350 00a9 02       		.uleb128 0x2
 351 00aa 01       		.byte	0x1
 352 00ab 08       		.byte	0x8
 353 00ac 02020000 		.4byte	.LASF15
 354 00b0 05       		.uleb128 0x5
 355 00b1 8D020000 		.4byte	.LASF16
 356 00b5 01       		.byte	0x1
 357 00b6 35       		.byte	0x35
 358 00b7 00000000 		.4byte	.LFB0
 359 00bb 02000000 		.4byte	.LFE0-.LFB0
 360 00bf 01       		.uleb128 0x1
 361 00c0 9C       		.byte	0x9c
 362 00c1 05       		.uleb128 0x5
 363 00c2 DE000000 		.4byte	.LASF17
 364 00c6 01       		.byte	0x1
 365 00c7 79       		.byte	0x79
 366 00c8 00000000 		.4byte	.LFB1
 367 00cc 02000000 		.4byte	.LFE1-.LFB1
 368 00d0 01       		.uleb128 0x1
 369 00d1 9C       		.byte	0x9c
 370 00d2 06       		.uleb128 0x6
 371 00d3 07020000 		.4byte	.LASF20
 372 00d7 01       		.byte	0x1
 373 00d8 8D       		.byte	0x8d
ARM GAS  C:\Users\ddemidov\AppData\Local\Temp\cccxBuI8.s 			page 12


 374 00d9 00000000 		.4byte	.LFB2
 375 00dd 1A000000 		.4byte	.LFE2-.LFB2
 376 00e1 01       		.uleb128 0x1
 377 00e2 9C       		.byte	0x9c
 378 00e3 1E010000 		.4byte	0x11e
 379 00e7 07       		.uleb128 0x7
 380 00e8 39010000 		.4byte	.LASF22
 381 00ec 01       		.byte	0x1
 382 00ed 8D       		.byte	0x8d
 383 00ee 1E010000 		.4byte	0x11e
 384 00f2 00000000 		.4byte	.LLST0
 385 00f6 08       		.uleb128 0x8
 386 00f7 8A010000 		.4byte	.LASF18
 387 00fb 01       		.byte	0x1
 388 00fc 8F       		.byte	0x8f
 389 00fd 6B000000 		.4byte	0x6b
 390 0101 2C000000 		.4byte	.LLST1
 391 0105 08       		.uleb128 0x8
 392 0106 E7010000 		.4byte	.LASF19
 393 010a 01       		.byte	0x1
 394 010b 90       		.byte	0x90
 395 010c 9D000000 		.4byte	0x9d
 396 0110 56000000 		.4byte	.LLST2
 397 0114 09       		.uleb128 0x9
 398 0115 10000000 		.4byte	.LVL2
 399 0119 BA020000 		.4byte	0x2ba
 400 011d 00       		.byte	0
 401 011e 0A       		.uleb128 0xa
 402 011f 04       		.byte	0x4
 403 0120 24010000 		.4byte	0x124
 404 0124 0B       		.uleb128 0xb
 405 0125 9D000000 		.4byte	0x9d
 406 0129 06       		.uleb128 0x6
 407 012a 71020000 		.4byte	.LASF21
 408 012e 01       		.byte	0x1
 409 012f AB       		.byte	0xab
 410 0130 00000000 		.4byte	.LFB3
 411 0134 16000000 		.4byte	.LFE3-.LFB3
 412 0138 01       		.uleb128 0x1
 413 0139 9C       		.byte	0x9c
 414 013a 75010000 		.4byte	0x175
 415 013e 07       		.uleb128 0x7
 416 013f 87020000 		.4byte	.LASF23
 417 0143 01       		.byte	0x1
 418 0144 AB       		.byte	0xab
 419 0145 75010000 		.4byte	0x175
 420 0149 74000000 		.4byte	.LLST3
 421 014d 07       		.uleb128 0x7
 422 014e B5020000 		.4byte	.LASF24
 423 0152 01       		.byte	0x1
 424 0153 AB       		.byte	0xab
 425 0154 83000000 		.4byte	0x83
 426 0158 95000000 		.4byte	.LLST4
 427 015c 08       		.uleb128 0x8
 428 015d 46020000 		.4byte	.LASF25
 429 0161 01       		.byte	0x1
 430 0162 AD       		.byte	0xad
ARM GAS  C:\Users\ddemidov\AppData\Local\Temp\cccxBuI8.s 			page 13


 431 0163 83000000 		.4byte	0x83
 432 0167 B6000000 		.4byte	.LLST5
 433 016b 09       		.uleb128 0x9
 434 016c 10000000 		.4byte	.LVL10
 435 0170 BA020000 		.4byte	0x2ba
 436 0174 00       		.byte	0
 437 0175 0A       		.uleb128 0xa
 438 0176 04       		.byte	0x4
 439 0177 7B010000 		.4byte	0x17b
 440 017b 0B       		.uleb128 0xb
 441 017c 6B000000 		.4byte	0x6b
 442 0180 06       		.uleb128 0x6
 443 0181 CF010000 		.4byte	.LASF26
 444 0185 01       		.byte	0x1
 445 0186 C6       		.byte	0xc6
 446 0187 00000000 		.4byte	.LFB4
 447 018b 20000000 		.4byte	.LFE4-.LFB4
 448 018f 01       		.uleb128 0x1
 449 0190 9C       		.byte	0x9c
 450 0191 E8010000 		.4byte	0x1e8
 451 0195 07       		.uleb128 0x7
 452 0196 5B010000 		.4byte	.LASF27
 453 019a 01       		.byte	0x1
 454 019b C6       		.byte	0xc6
 455 019c 6B000000 		.4byte	0x6b
 456 01a0 FF000000 		.4byte	.LLST6
 457 01a4 0C       		.uleb128 0xc
 458 01a5 00000000 		.4byte	.LASF28
 459 01a9 01       		.byte	0x1
 460 01aa C8       		.byte	0xc8
 461 01ab FF010000 		.4byte	0x1ff
 462 01af 05       		.uleb128 0x5
 463 01b0 03       		.byte	0x3
 464 01b1 00000000 		.4byte	SW_Tx_UART_1_hex.4188
 465 01b5 0D       		.uleb128 0xd
 466 01b6 0E000000 		.4byte	.LVL15
 467 01ba BA020000 		.4byte	0x2ba
 468 01be D0010000 		.4byte	0x1d0
 469 01c2 0E       		.uleb128 0xe
 470 01c3 01       		.uleb128 0x1
 471 01c4 50       		.byte	0x50
 472 01c5 09       		.uleb128 0x9
 473 01c6 75       		.byte	0x75
 474 01c7 00       		.sleb128 0
 475 01c8 34       		.byte	0x34
 476 01c9 25       		.byte	0x25
 477 01ca 74       		.byte	0x74
 478 01cb 00       		.sleb128 0
 479 01cc 22       		.byte	0x22
 480 01cd 94       		.byte	0x94
 481 01ce 01       		.byte	0x1
 482 01cf 00       		.byte	0
 483 01d0 0F       		.uleb128 0xf
 484 01d1 18000000 		.4byte	.LVL16
 485 01d5 BA020000 		.4byte	0x2ba
 486 01d9 0E       		.uleb128 0xe
 487 01da 01       		.uleb128 0x1
ARM GAS  C:\Users\ddemidov\AppData\Local\Temp\cccxBuI8.s 			page 14


 488 01db 50       		.byte	0x50
 489 01dc 09       		.uleb128 0x9
 490 01dd 75       		.byte	0x75
 491 01de 00       		.sleb128 0
 492 01df 3F       		.byte	0x3f
 493 01e0 1A       		.byte	0x1a
 494 01e1 74       		.byte	0x74
 495 01e2 00       		.sleb128 0
 496 01e3 22       		.byte	0x22
 497 01e4 94       		.byte	0x94
 498 01e5 01       		.byte	0x1
 499 01e6 00       		.byte	0
 500 01e7 00       		.byte	0
 501 01e8 10       		.uleb128 0x10
 502 01e9 9D000000 		.4byte	0x9d
 503 01ed F8010000 		.4byte	0x1f8
 504 01f1 11       		.uleb128 0x11
 505 01f2 F8010000 		.4byte	0x1f8
 506 01f6 10       		.byte	0x10
 507 01f7 00       		.byte	0
 508 01f8 02       		.uleb128 0x2
 509 01f9 04       		.byte	0x4
 510 01fa 07       		.byte	0x7
 511 01fb A9000000 		.4byte	.LASF29
 512 01ff 0B       		.uleb128 0xb
 513 0200 E8010000 		.4byte	0x1e8
 514 0204 06       		.uleb128 0x6
 515 0205 0B010000 		.4byte	.LASF30
 516 0209 01       		.byte	0x1
 517 020a DF       		.byte	0xdf
 518 020b 00000000 		.4byte	.LFB5
 519 020f 12000000 		.4byte	.LFE5-.LFB5
 520 0213 01       		.uleb128 0x1
 521 0214 9C       		.byte	0x9c
 522 0215 4F020000 		.4byte	0x24f
 523 0219 07       		.uleb128 0x7
 524 021a B9010000 		.4byte	.LASF31
 525 021e 01       		.byte	0x1
 526 021f DF       		.byte	0xdf
 527 0220 77000000 		.4byte	0x77
 528 0224 20010000 		.4byte	.LLST7
 529 0228 0D       		.uleb128 0xd
 530 0229 0A000000 		.4byte	.LVL19
 531 022d 80010000 		.4byte	0x180
 532 0231 3E020000 		.4byte	0x23e
 533 0235 0E       		.uleb128 0xe
 534 0236 01       		.uleb128 0x1
 535 0237 50       		.byte	0x50
 536 0238 04       		.uleb128 0x4
 537 0239 74       		.byte	0x74
 538 023a 00       		.sleb128 0
 539 023b 38       		.byte	0x38
 540 023c 25       		.byte	0x25
 541 023d 00       		.byte	0
 542 023e 0F       		.uleb128 0xf
 543 023f 10000000 		.4byte	.LVL20
 544 0243 80010000 		.4byte	0x180
ARM GAS  C:\Users\ddemidov\AppData\Local\Temp\cccxBuI8.s 			page 15


 545 0247 0E       		.uleb128 0xe
 546 0248 01       		.uleb128 0x1
 547 0249 50       		.byte	0x50
 548 024a 02       		.uleb128 0x2
 549 024b 74       		.byte	0x74
 550 024c 00       		.sleb128 0
 551 024d 00       		.byte	0
 552 024e 00       		.byte	0
 553 024f 06       		.uleb128 0x6
 554 0250 F0000000 		.4byte	.LASF32
 555 0254 01       		.byte	0x1
 556 0255 F4       		.byte	0xf4
 557 0256 00000000 		.4byte	.LFB6
 558 025a 10000000 		.4byte	.LFE6-.LFB6
 559 025e 01       		.uleb128 0x1
 560 025f 9C       		.byte	0x9c
 561 0260 87020000 		.4byte	0x287
 562 0264 0D       		.uleb128 0xd
 563 0265 08000000 		.4byte	.LVL21
 564 0269 BA020000 		.4byte	0x2ba
 565 026d 77020000 		.4byte	0x277
 566 0271 0E       		.uleb128 0xe
 567 0272 01       		.uleb128 0x1
 568 0273 50       		.byte	0x50
 569 0274 01       		.uleb128 0x1
 570 0275 3D       		.byte	0x3d
 571 0276 00       		.byte	0
 572 0277 0F       		.uleb128 0xf
 573 0278 0E000000 		.4byte	.LVL22
 574 027c BA020000 		.4byte	0x2ba
 575 0280 0E       		.uleb128 0xe
 576 0281 01       		.uleb128 0x1
 577 0282 50       		.byte	0x50
 578 0283 01       		.uleb128 0x1
 579 0284 3A       		.byte	0x3a
 580 0285 00       		.byte	0
 581 0286 00       		.byte	0
 582 0287 12       		.uleb128 0x12
 583 0288 73010000 		.4byte	.LASF33
 584 028c 01       		.byte	0x1
 585 028d 12       		.byte	0x12
 586 028e 83000000 		.4byte	0x83
 587 0292 05       		.uleb128 0x5
 588 0293 03       		.byte	0x3
 589 0294 00000000 		.4byte	SW_Tx_UART_1_pinNumber
 590 0298 12       		.uleb128 0x12
 591 0299 40010000 		.4byte	.LASF34
 592 029d 01       		.byte	0x1
 593 029e 13       		.byte	0x13
 594 029f 83000000 		.4byte	0x83
 595 02a3 05       		.uleb128 0x5
 596 02a4 03       		.byte	0x3
 597 02a5 00000000 		.4byte	SW_Tx_UART_1_pinPortNumber
 598 02a9 12       		.uleb128 0x12
 599 02aa BF000000 		.4byte	.LASF35
 600 02ae 01       		.byte	0x1
 601 02af 17       		.byte	0x17
ARM GAS  C:\Users\ddemidov\AppData\Local\Temp\cccxBuI8.s 			page 16


 602 02b0 83000000 		.4byte	0x83
 603 02b4 05       		.uleb128 0x5
 604 02b5 03       		.byte	0x3
 605 02b6 00000000 		.4byte	SW_Tx_UART_1_pinDrAdress
 606 02ba 13       		.uleb128 0x13
 607 02bb A0020000 		.4byte	.LASF39
 608 02bf 03       		.byte	0x3
 609 02c0 25       		.byte	0x25
 610 02c1 14       		.uleb128 0x14
 611 02c2 6B000000 		.4byte	0x6b
 612 02c6 00       		.byte	0
 613 02c7 00       		.byte	0
 614              		.section	.debug_abbrev,"",%progbits
 615              	.Ldebug_abbrev0:
 616 0000 01       		.uleb128 0x1
 617 0001 11       		.uleb128 0x11
 618 0002 01       		.byte	0x1
 619 0003 25       		.uleb128 0x25
 620 0004 0E       		.uleb128 0xe
 621 0005 13       		.uleb128 0x13
 622 0006 0B       		.uleb128 0xb
 623 0007 03       		.uleb128 0x3
 624 0008 0E       		.uleb128 0xe
 625 0009 1B       		.uleb128 0x1b
 626 000a 0E       		.uleb128 0xe
 627 000b 55       		.uleb128 0x55
 628 000c 17       		.uleb128 0x17
 629 000d 11       		.uleb128 0x11
 630 000e 01       		.uleb128 0x1
 631 000f 10       		.uleb128 0x10
 632 0010 17       		.uleb128 0x17
 633 0011 00       		.byte	0
 634 0012 00       		.byte	0
 635 0013 02       		.uleb128 0x2
 636 0014 24       		.uleb128 0x24
 637 0015 00       		.byte	0
 638 0016 0B       		.uleb128 0xb
 639 0017 0B       		.uleb128 0xb
 640 0018 3E       		.uleb128 0x3e
 641 0019 0B       		.uleb128 0xb
 642 001a 03       		.uleb128 0x3
 643 001b 0E       		.uleb128 0xe
 644 001c 00       		.byte	0
 645 001d 00       		.byte	0
 646 001e 03       		.uleb128 0x3
 647 001f 24       		.uleb128 0x24
 648 0020 00       		.byte	0
 649 0021 0B       		.uleb128 0xb
 650 0022 0B       		.uleb128 0xb
 651 0023 3E       		.uleb128 0x3e
 652 0024 0B       		.uleb128 0xb
 653 0025 03       		.uleb128 0x3
 654 0026 08       		.uleb128 0x8
 655 0027 00       		.byte	0
 656 0028 00       		.byte	0
 657 0029 04       		.uleb128 0x4
 658 002a 16       		.uleb128 0x16
ARM GAS  C:\Users\ddemidov\AppData\Local\Temp\cccxBuI8.s 			page 17


 659 002b 00       		.byte	0
 660 002c 03       		.uleb128 0x3
 661 002d 0E       		.uleb128 0xe
 662 002e 3A       		.uleb128 0x3a
 663 002f 0B       		.uleb128 0xb
 664 0030 3B       		.uleb128 0x3b
 665 0031 05       		.uleb128 0x5
 666 0032 49       		.uleb128 0x49
 667 0033 13       		.uleb128 0x13
 668 0034 00       		.byte	0
 669 0035 00       		.byte	0
 670 0036 05       		.uleb128 0x5
 671 0037 2E       		.uleb128 0x2e
 672 0038 00       		.byte	0
 673 0039 3F       		.uleb128 0x3f
 674 003a 19       		.uleb128 0x19
 675 003b 03       		.uleb128 0x3
 676 003c 0E       		.uleb128 0xe
 677 003d 3A       		.uleb128 0x3a
 678 003e 0B       		.uleb128 0xb
 679 003f 3B       		.uleb128 0x3b
 680 0040 0B       		.uleb128 0xb
 681 0041 27       		.uleb128 0x27
 682 0042 19       		.uleb128 0x19
 683 0043 11       		.uleb128 0x11
 684 0044 01       		.uleb128 0x1
 685 0045 12       		.uleb128 0x12
 686 0046 06       		.uleb128 0x6
 687 0047 40       		.uleb128 0x40
 688 0048 18       		.uleb128 0x18
 689 0049 9742     		.uleb128 0x2117
 690 004b 19       		.uleb128 0x19
 691 004c 00       		.byte	0
 692 004d 00       		.byte	0
 693 004e 06       		.uleb128 0x6
 694 004f 2E       		.uleb128 0x2e
 695 0050 01       		.byte	0x1
 696 0051 3F       		.uleb128 0x3f
 697 0052 19       		.uleb128 0x19
 698 0053 03       		.uleb128 0x3
 699 0054 0E       		.uleb128 0xe
 700 0055 3A       		.uleb128 0x3a
 701 0056 0B       		.uleb128 0xb
 702 0057 3B       		.uleb128 0x3b
 703 0058 0B       		.uleb128 0xb
 704 0059 27       		.uleb128 0x27
 705 005a 19       		.uleb128 0x19
 706 005b 11       		.uleb128 0x11
 707 005c 01       		.uleb128 0x1
 708 005d 12       		.uleb128 0x12
 709 005e 06       		.uleb128 0x6
 710 005f 40       		.uleb128 0x40
 711 0060 18       		.uleb128 0x18
 712 0061 9742     		.uleb128 0x2117
 713 0063 19       		.uleb128 0x19
 714 0064 01       		.uleb128 0x1
 715 0065 13       		.uleb128 0x13
ARM GAS  C:\Users\ddemidov\AppData\Local\Temp\cccxBuI8.s 			page 18


 716 0066 00       		.byte	0
 717 0067 00       		.byte	0
 718 0068 07       		.uleb128 0x7
 719 0069 05       		.uleb128 0x5
 720 006a 00       		.byte	0
 721 006b 03       		.uleb128 0x3
 722 006c 0E       		.uleb128 0xe
 723 006d 3A       		.uleb128 0x3a
 724 006e 0B       		.uleb128 0xb
 725 006f 3B       		.uleb128 0x3b
 726 0070 0B       		.uleb128 0xb
 727 0071 49       		.uleb128 0x49
 728 0072 13       		.uleb128 0x13
 729 0073 02       		.uleb128 0x2
 730 0074 17       		.uleb128 0x17
 731 0075 00       		.byte	0
 732 0076 00       		.byte	0
 733 0077 08       		.uleb128 0x8
 734 0078 34       		.uleb128 0x34
 735 0079 00       		.byte	0
 736 007a 03       		.uleb128 0x3
 737 007b 0E       		.uleb128 0xe
 738 007c 3A       		.uleb128 0x3a
 739 007d 0B       		.uleb128 0xb
 740 007e 3B       		.uleb128 0x3b
 741 007f 0B       		.uleb128 0xb
 742 0080 49       		.uleb128 0x49
 743 0081 13       		.uleb128 0x13
 744 0082 02       		.uleb128 0x2
 745 0083 17       		.uleb128 0x17
 746 0084 00       		.byte	0
 747 0085 00       		.byte	0
 748 0086 09       		.uleb128 0x9
 749 0087 898201   		.uleb128 0x4109
 750 008a 00       		.byte	0
 751 008b 11       		.uleb128 0x11
 752 008c 01       		.uleb128 0x1
 753 008d 31       		.uleb128 0x31
 754 008e 13       		.uleb128 0x13
 755 008f 00       		.byte	0
 756 0090 00       		.byte	0
 757 0091 0A       		.uleb128 0xa
 758 0092 0F       		.uleb128 0xf
 759 0093 00       		.byte	0
 760 0094 0B       		.uleb128 0xb
 761 0095 0B       		.uleb128 0xb
 762 0096 49       		.uleb128 0x49
 763 0097 13       		.uleb128 0x13
 764 0098 00       		.byte	0
 765 0099 00       		.byte	0
 766 009a 0B       		.uleb128 0xb
 767 009b 26       		.uleb128 0x26
 768 009c 00       		.byte	0
 769 009d 49       		.uleb128 0x49
 770 009e 13       		.uleb128 0x13
 771 009f 00       		.byte	0
 772 00a0 00       		.byte	0
ARM GAS  C:\Users\ddemidov\AppData\Local\Temp\cccxBuI8.s 			page 19


 773 00a1 0C       		.uleb128 0xc
 774 00a2 34       		.uleb128 0x34
 775 00a3 00       		.byte	0
 776 00a4 03       		.uleb128 0x3
 777 00a5 0E       		.uleb128 0xe
 778 00a6 3A       		.uleb128 0x3a
 779 00a7 0B       		.uleb128 0xb
 780 00a8 3B       		.uleb128 0x3b
 781 00a9 0B       		.uleb128 0xb
 782 00aa 49       		.uleb128 0x49
 783 00ab 13       		.uleb128 0x13
 784 00ac 02       		.uleb128 0x2
 785 00ad 18       		.uleb128 0x18
 786 00ae 00       		.byte	0
 787 00af 00       		.byte	0
 788 00b0 0D       		.uleb128 0xd
 789 00b1 898201   		.uleb128 0x4109
 790 00b4 01       		.byte	0x1
 791 00b5 11       		.uleb128 0x11
 792 00b6 01       		.uleb128 0x1
 793 00b7 31       		.uleb128 0x31
 794 00b8 13       		.uleb128 0x13
 795 00b9 01       		.uleb128 0x1
 796 00ba 13       		.uleb128 0x13
 797 00bb 00       		.byte	0
 798 00bc 00       		.byte	0
 799 00bd 0E       		.uleb128 0xe
 800 00be 8A8201   		.uleb128 0x410a
 801 00c1 00       		.byte	0
 802 00c2 02       		.uleb128 0x2
 803 00c3 18       		.uleb128 0x18
 804 00c4 9142     		.uleb128 0x2111
 805 00c6 18       		.uleb128 0x18
 806 00c7 00       		.byte	0
 807 00c8 00       		.byte	0
 808 00c9 0F       		.uleb128 0xf
 809 00ca 898201   		.uleb128 0x4109
 810 00cd 01       		.byte	0x1
 811 00ce 11       		.uleb128 0x11
 812 00cf 01       		.uleb128 0x1
 813 00d0 31       		.uleb128 0x31
 814 00d1 13       		.uleb128 0x13
 815 00d2 00       		.byte	0
 816 00d3 00       		.byte	0
 817 00d4 10       		.uleb128 0x10
 818 00d5 01       		.uleb128 0x1
 819 00d6 01       		.byte	0x1
 820 00d7 49       		.uleb128 0x49
 821 00d8 13       		.uleb128 0x13
 822 00d9 01       		.uleb128 0x1
 823 00da 13       		.uleb128 0x13
 824 00db 00       		.byte	0
 825 00dc 00       		.byte	0
 826 00dd 11       		.uleb128 0x11
 827 00de 21       		.uleb128 0x21
 828 00df 00       		.byte	0
 829 00e0 49       		.uleb128 0x49
ARM GAS  C:\Users\ddemidov\AppData\Local\Temp\cccxBuI8.s 			page 20


 830 00e1 13       		.uleb128 0x13
 831 00e2 2F       		.uleb128 0x2f
 832 00e3 0B       		.uleb128 0xb
 833 00e4 00       		.byte	0
 834 00e5 00       		.byte	0
 835 00e6 12       		.uleb128 0x12
 836 00e7 34       		.uleb128 0x34
 837 00e8 00       		.byte	0
 838 00e9 03       		.uleb128 0x3
 839 00ea 0E       		.uleb128 0xe
 840 00eb 3A       		.uleb128 0x3a
 841 00ec 0B       		.uleb128 0xb
 842 00ed 3B       		.uleb128 0x3b
 843 00ee 0B       		.uleb128 0xb
 844 00ef 49       		.uleb128 0x49
 845 00f0 13       		.uleb128 0x13
 846 00f1 3F       		.uleb128 0x3f
 847 00f2 19       		.uleb128 0x19
 848 00f3 02       		.uleb128 0x2
 849 00f4 18       		.uleb128 0x18
 850 00f5 00       		.byte	0
 851 00f6 00       		.byte	0
 852 00f7 13       		.uleb128 0x13
 853 00f8 2E       		.uleb128 0x2e
 854 00f9 01       		.byte	0x1
 855 00fa 3F       		.uleb128 0x3f
 856 00fb 19       		.uleb128 0x19
 857 00fc 03       		.uleb128 0x3
 858 00fd 0E       		.uleb128 0xe
 859 00fe 3A       		.uleb128 0x3a
 860 00ff 0B       		.uleb128 0xb
 861 0100 3B       		.uleb128 0x3b
 862 0101 0B       		.uleb128 0xb
 863 0102 27       		.uleb128 0x27
 864 0103 19       		.uleb128 0x19
 865 0104 3C       		.uleb128 0x3c
 866 0105 19       		.uleb128 0x19
 867 0106 00       		.byte	0
 868 0107 00       		.byte	0
 869 0108 14       		.uleb128 0x14
 870 0109 05       		.uleb128 0x5
 871 010a 00       		.byte	0
 872 010b 49       		.uleb128 0x49
 873 010c 13       		.uleb128 0x13
 874 010d 00       		.byte	0
 875 010e 00       		.byte	0
 876 010f 00       		.byte	0
 877              		.section	.debug_loc,"",%progbits
 878              	.Ldebug_loc0:
 879              	.LLST0:
 880 0000 00000000 		.4byte	.LVL0
 881 0004 08000000 		.4byte	.LVL1
 882 0008 0100     		.2byte	0x1
 883 000a 50       		.byte	0x50
 884 000b 08000000 		.4byte	.LVL1
 885 000f 18000000 		.4byte	.LVL7
 886 0013 0100     		.2byte	0x1
ARM GAS  C:\Users\ddemidov\AppData\Local\Temp\cccxBuI8.s 			page 21


 887 0015 55       		.byte	0x55
 888 0016 18000000 		.4byte	.LVL7
 889 001a 1A000000 		.4byte	.LFE2
 890 001e 0400     		.2byte	0x4
 891 0020 F3       		.byte	0xf3
 892 0021 01       		.uleb128 0x1
 893 0022 50       		.byte	0x50
 894 0023 9F       		.byte	0x9f
 895 0024 00000000 		.4byte	0
 896 0028 00000000 		.4byte	0
 897              	.LLST1:
 898 002c 00000000 		.4byte	.LVL0
 899 0030 08000000 		.4byte	.LVL1
 900 0034 0200     		.2byte	0x2
 901 0036 31       		.byte	0x31
 902 0037 9F       		.byte	0x9f
 903 0038 08000000 		.4byte	.LVL1
 904 003c 14000000 		.4byte	.LVL4
 905 0040 0100     		.2byte	0x1
 906 0042 54       		.byte	0x54
 907 0043 16000000 		.4byte	.LVL5
 908 0047 18000000 		.4byte	.LVL6
 909 004b 0100     		.2byte	0x1
 910 004d 54       		.byte	0x54
 911 004e 00000000 		.4byte	0
 912 0052 00000000 		.4byte	0
 913              	.LLST2:
 914 0056 08000000 		.4byte	.LVL1
 915 005a 0F000000 		.4byte	.LVL2-1
 916 005e 0100     		.2byte	0x1
 917 0060 50       		.byte	0x50
 918 0061 12000000 		.4byte	.LVL3
 919 0065 1A000000 		.4byte	.LFE2
 920 0069 0100     		.2byte	0x1
 921 006b 50       		.byte	0x50
 922 006c 00000000 		.4byte	0
 923 0070 00000000 		.4byte	0
 924              	.LLST3:
 925 0074 00000000 		.4byte	.LVL8
 926 0078 06000000 		.4byte	.LVL9
 927 007c 0100     		.2byte	0x1
 928 007e 50       		.byte	0x50
 929 007f 06000000 		.4byte	.LVL9
 930 0083 16000000 		.4byte	.LFE3
 931 0087 0400     		.2byte	0x4
 932 0089 F3       		.byte	0xf3
 933 008a 01       		.uleb128 0x1
 934 008b 50       		.byte	0x50
 935 008c 9F       		.byte	0x9f
 936 008d 00000000 		.4byte	0
 937 0091 00000000 		.4byte	0
 938              	.LLST4:
 939 0095 00000000 		.4byte	.LVL8
 940 0099 06000000 		.4byte	.LVL9
 941 009d 0100     		.2byte	0x1
 942 009f 51       		.byte	0x51
 943 00a0 06000000 		.4byte	.LVL9
ARM GAS  C:\Users\ddemidov\AppData\Local\Temp\cccxBuI8.s 			page 22


 944 00a4 16000000 		.4byte	.LFE3
 945 00a8 0400     		.2byte	0x4
 946 00aa F3       		.byte	0xf3
 947 00ab 01       		.uleb128 0x1
 948 00ac 51       		.byte	0x51
 949 00ad 9F       		.byte	0x9f
 950 00ae 00000000 		.4byte	0
 951 00b2 00000000 		.4byte	0
 952              	.LLST5:
 953 00b6 00000000 		.4byte	.LVL8
 954 00ba 06000000 		.4byte	.LVL9
 955 00be 0200     		.2byte	0x2
 956 00c0 30       		.byte	0x30
 957 00c1 9F       		.byte	0x9f
 958 00c2 06000000 		.4byte	.LVL9
 959 00c6 10000000 		.4byte	.LVL10
 960 00ca 0700     		.2byte	0x7
 961 00cc 74       		.byte	0x74
 962 00cd 00       		.sleb128 0
 963 00ce F3       		.byte	0xf3
 964 00cf 01       		.uleb128 0x1
 965 00d0 50       		.byte	0x50
 966 00d1 1C       		.byte	0x1c
 967 00d2 9F       		.byte	0x9f
 968 00d3 10000000 		.4byte	.LVL10
 969 00d7 12000000 		.4byte	.LVL11
 970 00db 0900     		.2byte	0x9
 971 00dd 74       		.byte	0x74
 972 00de 00       		.sleb128 0
 973 00df F3       		.byte	0xf3
 974 00e0 01       		.uleb128 0x1
 975 00e1 50       		.byte	0x50
 976 00e2 1C       		.byte	0x1c
 977 00e3 23       		.byte	0x23
 978 00e4 01       		.uleb128 0x1
 979 00e5 9F       		.byte	0x9f
 980 00e6 12000000 		.4byte	.LVL11
 981 00ea 14000000 		.4byte	.LVL12
 982 00ee 0700     		.2byte	0x7
 983 00f0 74       		.byte	0x74
 984 00f1 00       		.sleb128 0
 985 00f2 F3       		.byte	0xf3
 986 00f3 01       		.uleb128 0x1
 987 00f4 50       		.byte	0x50
 988 00f5 1C       		.byte	0x1c
 989 00f6 9F       		.byte	0x9f
 990 00f7 00000000 		.4byte	0
 991 00fb 00000000 		.4byte	0
 992              	.LLST6:
 993 00ff 00000000 		.4byte	.LVL13
 994 0103 0A000000 		.4byte	.LVL14
 995 0107 0100     		.2byte	0x1
 996 0109 50       		.byte	0x50
 997 010a 0A000000 		.4byte	.LVL14
 998 010e 20000000 		.4byte	.LFE4
 999 0112 0400     		.2byte	0x4
 1000 0114 F3       		.byte	0xf3
ARM GAS  C:\Users\ddemidov\AppData\Local\Temp\cccxBuI8.s 			page 23


 1001 0115 01       		.uleb128 0x1
 1002 0116 50       		.byte	0x50
 1003 0117 9F       		.byte	0x9f
 1004 0118 00000000 		.4byte	0
 1005 011c 00000000 		.4byte	0
 1006              	.LLST7:
 1007 0120 00000000 		.4byte	.LVL17
 1008 0124 06000000 		.4byte	.LVL18
 1009 0128 0100     		.2byte	0x1
 1010 012a 50       		.byte	0x50
 1011 012b 06000000 		.4byte	.LVL18
 1012 012f 12000000 		.4byte	.LFE5
 1013 0133 0400     		.2byte	0x4
 1014 0135 F3       		.byte	0xf3
 1015 0136 01       		.uleb128 0x1
 1016 0137 50       		.byte	0x50
 1017 0138 9F       		.byte	0x9f
 1018 0139 00000000 		.4byte	0
 1019 013d 00000000 		.4byte	0
 1020              		.section	.debug_aranges,"",%progbits
 1021 0000 4C000000 		.4byte	0x4c
 1022 0004 0200     		.2byte	0x2
 1023 0006 00000000 		.4byte	.Ldebug_info0
 1024 000a 04       		.byte	0x4
 1025 000b 00       		.byte	0
 1026 000c 0000     		.2byte	0
 1027 000e 0000     		.2byte	0
 1028 0010 00000000 		.4byte	.LFB0
 1029 0014 02000000 		.4byte	.LFE0-.LFB0
 1030 0018 00000000 		.4byte	.LFB1
 1031 001c 02000000 		.4byte	.LFE1-.LFB1
 1032 0020 00000000 		.4byte	.LFB2
 1033 0024 1A000000 		.4byte	.LFE2-.LFB2
 1034 0028 00000000 		.4byte	.LFB3
 1035 002c 16000000 		.4byte	.LFE3-.LFB3
 1036 0030 00000000 		.4byte	.LFB4
 1037 0034 20000000 		.4byte	.LFE4-.LFB4
 1038 0038 00000000 		.4byte	.LFB5
 1039 003c 12000000 		.4byte	.LFE5-.LFB5
 1040 0040 00000000 		.4byte	.LFB6
 1041 0044 10000000 		.4byte	.LFE6-.LFB6
 1042 0048 00000000 		.4byte	0
 1043 004c 00000000 		.4byte	0
 1044              		.section	.debug_ranges,"",%progbits
 1045              	.Ldebug_ranges0:
 1046 0000 00000000 		.4byte	.LFB0
 1047 0004 02000000 		.4byte	.LFE0
 1048 0008 00000000 		.4byte	.LFB1
 1049 000c 02000000 		.4byte	.LFE1
 1050 0010 00000000 		.4byte	.LFB2
 1051 0014 1A000000 		.4byte	.LFE2
 1052 0018 00000000 		.4byte	.LFB3
 1053 001c 16000000 		.4byte	.LFE3
 1054 0020 00000000 		.4byte	.LFB4
 1055 0024 20000000 		.4byte	.LFE4
 1056 0028 00000000 		.4byte	.LFB5
 1057 002c 12000000 		.4byte	.LFE5
ARM GAS  C:\Users\ddemidov\AppData\Local\Temp\cccxBuI8.s 			page 24


 1058 0030 00000000 		.4byte	.LFB6
 1059 0034 10000000 		.4byte	.LFE6
 1060 0038 00000000 		.4byte	0
 1061 003c 00000000 		.4byte	0
 1062              		.section	.debug_line,"",%progbits
 1063              	.Ldebug_line0:
 1064 0000 F3000000 		.section	.debug_str,"MS",%progbits,1
 1064      02005D00 
 1064      00000201 
 1064      FB0E0D00 
 1064      01010101 
 1065              	.LASF28:
 1066 0000 53575F54 		.ascii	"SW_Tx_UART_1_hex\000"
 1066      785F5541 
 1066      52545F31 
 1066      5F686578 
 1066      00
 1067              	.LASF2:
 1068 0011 73686F72 		.ascii	"short int\000"
 1068      7420696E 
 1068      7400
 1069              	.LASF36:
 1070 001b 474E5520 		.ascii	"GNU C 4.9.3 20150303 (release) [ARM/embedded-4_9-br"
 1070      4320342E 
 1070      392E3320 
 1070      32303135 
 1070      30333033 
 1071 004e 616E6368 		.ascii	"anch revision 221220] -mcpu=cortex-m0 -mthumb -g -O"
 1071      20726576 
 1071      6973696F 
 1071      6E203232 
 1071      31323230 
 1072 0081 73202D66 		.ascii	"s -ffunction-sections -ffat-lto-objects\000"
 1072      66756E63 
 1072      74696F6E 
 1072      2D736563 
 1072      74696F6E 
 1073              	.LASF29:
 1074 00a9 73697A65 		.ascii	"sizetype\000"
 1074      74797065 
 1074      00
 1075              	.LASF14:
 1076 00b2 63686172 		.ascii	"char8\000"
 1076      3800
 1077              	.LASF10:
 1078 00b8 75696E74 		.ascii	"uint16\000"
 1078      313600
 1079              	.LASF35:
 1080 00bf 53575F54 		.ascii	"SW_Tx_UART_1_pinDrAdress\000"
 1080      785F5541 
 1080      52545F31 
 1080      5F70696E 
 1080      44724164 
 1081              	.LASF9:
 1082 00d8 75696E74 		.ascii	"uint8\000"
 1082      3800
 1083              	.LASF17:
ARM GAS  C:\Users\ddemidov\AppData\Local\Temp\cccxBuI8.s 			page 25


 1084 00de 53575F54 		.ascii	"SW_Tx_UART_1_Stop\000"
 1084      785F5541 
 1084      52545F31 
 1084      5F53746F 
 1084      7000
 1085              	.LASF32:
 1086 00f0 53575F54 		.ascii	"SW_Tx_UART_1_PutCRLF\000"
 1086      785F5541 
 1086      52545F31 
 1086      5F507574 
 1086      43524C46 
 1087              	.LASF12:
 1088 0105 666C6F61 		.ascii	"float\000"
 1088      7400
 1089              	.LASF30:
 1090 010b 53575F54 		.ascii	"SW_Tx_UART_1_PutHexInt\000"
 1090      785F5541 
 1090      52545F31 
 1090      5F507574 
 1090      48657849 
 1091              	.LASF6:
 1092 0122 6C6F6E67 		.ascii	"long long int\000"
 1092      206C6F6E 
 1092      6720696E 
 1092      7400
 1093              	.LASF4:
 1094 0130 6C6F6E67 		.ascii	"long int\000"
 1094      20696E74 
 1094      00
 1095              	.LASF22:
 1096 0139 73747269 		.ascii	"string\000"
 1096      6E6700
 1097              	.LASF34:
 1098 0140 53575F54 		.ascii	"SW_Tx_UART_1_pinPortNumber\000"
 1098      785F5541 
 1098      52545F31 
 1098      5F70696E 
 1098      506F7274 
 1099              	.LASF27:
 1100 015b 74784865 		.ascii	"txHexByte\000"
 1100      78427974 
 1100      6500
 1101              	.LASF1:
 1102 0165 756E7369 		.ascii	"unsigned char\000"
 1102      676E6564 
 1102      20636861 
 1102      7200
 1103              	.LASF33:
 1104 0173 53575F54 		.ascii	"SW_Tx_UART_1_pinNumber\000"
 1104      785F5541 
 1104      52545F31 
 1104      5F70696E 
 1104      4E756D62 
 1105              	.LASF18:
 1106 018a 73747269 		.ascii	"stringIndex\000"
 1106      6E67496E 
 1106      64657800 
ARM GAS  C:\Users\ddemidov\AppData\Local\Temp\cccxBuI8.s 			page 26


 1107              	.LASF0:
 1108 0196 7369676E 		.ascii	"signed char\000"
 1108      65642063 
 1108      68617200 
 1109              	.LASF7:
 1110 01a2 6C6F6E67 		.ascii	"long long unsigned int\000"
 1110      206C6F6E 
 1110      6720756E 
 1110      7369676E 
 1110      65642069 
 1111              	.LASF31:
 1112 01b9 74784865 		.ascii	"txHexInt\000"
 1112      78496E74 
 1112      00
 1113              	.LASF8:
 1114 01c2 756E7369 		.ascii	"unsigned int\000"
 1114      676E6564 
 1114      20696E74 
 1114      00
 1115              	.LASF26:
 1116 01cf 53575F54 		.ascii	"SW_Tx_UART_1_PutHexByte\000"
 1116      785F5541 
 1116      52545F31 
 1116      5F507574 
 1116      48657842 
 1117              	.LASF19:
 1118 01e7 63757272 		.ascii	"current\000"
 1118      656E7400 
 1119              	.LASF3:
 1120 01ef 73686F72 		.ascii	"short unsigned int\000"
 1120      7420756E 
 1120      7369676E 
 1120      65642069 
 1120      6E7400
 1121              	.LASF15:
 1122 0202 63686172 		.ascii	"char\000"
 1122      00
 1123              	.LASF20:
 1124 0207 53575F54 		.ascii	"SW_Tx_UART_1_PutString\000"
 1124      785F5541 
 1124      52545F31 
 1124      5F507574 
 1124      53747269 
 1125              	.LASF37:
 1126 021e 2E5C4765 		.ascii	".\\Generated_Source\\PSoC4\\SW_Tx_UART_1.c\000"
 1126      6E657261 
 1126      7465645F 
 1126      536F7572 
 1126      63655C50 
 1127              	.LASF25:
 1128 0246 61727261 		.ascii	"arrayIndex\000"
 1128      79496E64 
 1128      657800
 1129              	.LASF11:
 1130 0251 75696E74 		.ascii	"uint32\000"
 1130      333200
 1131              	.LASF5:
ARM GAS  C:\Users\ddemidov\AppData\Local\Temp\cccxBuI8.s 			page 27


 1132 0258 6C6F6E67 		.ascii	"long unsigned int\000"
 1132      20756E73 
 1132      69676E65 
 1132      6420696E 
 1132      7400
 1133              	.LASF13:
 1134 026a 646F7562 		.ascii	"double\000"
 1134      6C6500
 1135              	.LASF21:
 1136 0271 53575F54 		.ascii	"SW_Tx_UART_1_PutArray\000"
 1136      785F5541 
 1136      52545F31 
 1136      5F507574 
 1136      41727261 
 1137              	.LASF23:
 1138 0287 61727261 		.ascii	"array\000"
 1138      7900
 1139              	.LASF16:
 1140 028d 53575F54 		.ascii	"SW_Tx_UART_1_Start\000"
 1140      785F5541 
 1140      52545F31 
 1140      5F537461 
 1140      727400
 1141              	.LASF39:
 1142 02a0 53575F54 		.ascii	"SW_Tx_UART_1_PutChar\000"
 1142      785F5541 
 1142      52545F31 
 1142      5F507574 
 1142      43686172 
 1143              	.LASF24:
 1144 02b5 62797465 		.ascii	"byteCount\000"
 1144      436F756E 
 1144      7400
 1145              	.LASF38:
 1146 02bf 433A5C55 		.ascii	"C:\\Users\\ddemidov\\Documents\\PSoC Creator\\BLE_F"
 1146      73657273 
 1146      5C646465 
 1146      6D69646F 
 1146      765C446F 
 1147 02ed 696E644D 		.ascii	"indMe01\\SenseAbility.cydsn\000"
 1147      6530315C 
 1147      53656E73 
 1147      65416269 
 1147      6C697479 
 1148              		.ident	"GCC: (GNU Tools for ARM Embedded Processors) 4.9.3 20150303 (release) [ARM/embedded-4_9-br
