ARM GAS  C:\Users\ddemidov\AppData\Local\Temp\ccpfTa07.s 			page 1


   1              		.cpu cortex-m0
   2              		.fpu softvfp
   3              		.eabi_attribute 20, 1
   4              		.eabi_attribute 21, 1
   5              		.eabi_attribute 23, 3
   6              		.eabi_attribute 24, 1
   7              		.eabi_attribute 25, 1
   8              		.eabi_attribute 26, 1
   9              		.eabi_attribute 30, 4
  10              		.eabi_attribute 34, 0
  11              		.eabi_attribute 18, 4
  12              		.code	16
  13              		.file	"timer.c"
  14              		.text
  15              	.Ltext0:
  16              		.cfi_sections	.debug_frame
  17              		.section	.text.TimerInit,"ax",%progbits
  18              		.align	1
  19              		.global	TimerInit
  20              		.code	16
  21              		.thumb_func
  22              		.type	TimerInit, %function
  23              	TimerInit:
  24              	.LFB0:
  25              		.file 1 "..\\acn-sdk-c\\src\\mqtt\\client\\src\\timer.c"
   1:..\acn-sdk-c\src\mqtt\client\src/timer.c **** #include "mqtt/client/network.h"
   2:..\acn-sdk-c\src\mqtt\client\src/timer.c **** #include <time/time.h>
   3:..\acn-sdk-c\src\mqtt\client\src/timer.c **** 
   4:..\acn-sdk-c\src\mqtt\client\src/timer.c **** void TimerInit(TimerInterval* timer) {
  26              		.loc 1 4 0
  27              		.cfi_startproc
  28              	.LVL0:
   5:..\acn-sdk-c\src\mqtt\client\src/timer.c ****     timer->end_time = (struct timeval){0, 0};
  29              		.loc 1 5 0
  30 0000 0023     		mov	r3, #0
   6:..\acn-sdk-c\src\mqtt\client\src/timer.c **** }
  31              		.loc 1 6 0
  32              		@ sp needed
   5:..\acn-sdk-c\src\mqtt\client\src/timer.c ****     timer->end_time = (struct timeval){0, 0};
  33              		.loc 1 5 0
  34 0002 0360     		str	r3, [r0]
  35 0004 4360     		str	r3, [r0, #4]
  36              		.loc 1 6 0
  37 0006 7047     		bx	lr
  38              		.cfi_endproc
  39              	.LFE0:
  40              		.size	TimerInit, .-TimerInit
  41              		.section	.text.TimerIsExpired,"ax",%progbits
  42              		.align	1
  43              		.global	TimerIsExpired
  44              		.code	16
  45              		.thumb_func
  46              		.type	TimerIsExpired, %function
  47              	TimerIsExpired:
  48              	.LFB1:
   7:..\acn-sdk-c\src\mqtt\client\src/timer.c **** 
   8:..\acn-sdk-c\src\mqtt\client\src/timer.c **** char TimerIsExpired(TimerInterval* timer) {
ARM GAS  C:\Users\ddemidov\AppData\Local\Temp\ccpfTa07.s 			page 2


  49              		.loc 1 8 0
  50              		.cfi_startproc
  51              	.LVL1:
  52 0000 13B5     		push	{r0, r1, r4, lr}
  53              		.cfi_def_cfa_offset 16
  54              		.cfi_offset 0, -16
  55              		.cfi_offset 1, -12
  56              		.cfi_offset 4, -8
  57              		.cfi_offset 14, -4
  58              		.loc 1 8 0
  59 0002 041C     		mov	r4, r0
   9:..\acn-sdk-c\src\mqtt\client\src/timer.c ****     struct timeval now, res;
  10:..\acn-sdk-c\src\mqtt\client\src/timer.c ****     gettimeofday(&now, NULL);
  60              		.loc 1 10 0
  61 0004 0021     		mov	r1, #0
  62 0006 6846     		mov	r0, sp
  63              	.LVL2:
  64 0008 FFF7FEFF 		bl	gettimeofday
  65              	.LVL3:
  11:..\acn-sdk-c\src\mqtt\client\src/timer.c ****     timersub(&timer->end_time, &now, &res);
  66              		.loc 1 11 0
  67 000c 2368     		ldr	r3, [r4]
  68 000e 009A     		ldr	r2, [sp]
  69 0010 0198     		ldr	r0, [sp, #4]
  70 0012 991A     		sub	r1, r3, r2
  71              	.LVL4:
  72 0014 6368     		ldr	r3, [r4, #4]
  73 0016 1A1A     		sub	r2, r3, r0
  74              	.LVL5:
  75 0018 02D5     		bpl	.L3
  76              		.loc 1 11 0 is_stmt 0 discriminator 1
  77 001a 074B     		ldr	r3, .L8
  78 001c 0139     		sub	r1, r1, #1
  79              	.LVL6:
  80 001e D218     		add	r2, r2, r3
  81              	.LVL7:
  82              	.L3:
  12:..\acn-sdk-c\src\mqtt\client\src/timer.c ****     return (int)res.tv_sec < 0 || (res.tv_sec == 0 && res.tv_usec <= 0);
  83              		.loc 1 12 0 is_stmt 1
  84 0020 0120     		mov	r0, #1
  85 0022 0029     		cmp	r1, #0
  86 0024 05DB     		blt	.L4
  87              		.loc 1 12 0 is_stmt 0 discriminator 2
  88 0026 0020     		mov	r0, #0
  89 0028 8142     		cmp	r1, r0
  90 002a 02D1     		bne	.L4
  91              		.loc 1 12 0 discriminator 3
  92 002c 531E     		sub	r3, r2, #1
  93 002e 1A43     		orr	r2, r3
  94              	.LVL8:
  95 0030 D00F     		lsr	r0, r2, #31
  96              	.LVL9:
  97              	.L4:
  98              		.loc 1 12 0 discriminator 8
  99 0032 C0B2     		uxtb	r0, r0
  13:..\acn-sdk-c\src\mqtt\client\src/timer.c **** }
 100              		.loc 1 13 0 is_stmt 1 discriminator 8
ARM GAS  C:\Users\ddemidov\AppData\Local\Temp\ccpfTa07.s 			page 3


 101              		@ sp needed
 102              	.LVL10:
 103 0034 16BD     		pop	{r1, r2, r4, pc}
 104              	.L9:
 105 0036 C046     		.align	2
 106              	.L8:
 107 0038 40420F00 		.word	1000000
 108              		.cfi_endproc
 109              	.LFE1:
 110              		.size	TimerIsExpired, .-TimerIsExpired
 111              		.global	__aeabi_uidiv
 112              		.global	__aeabi_uidivmod
 113              		.section	.text.TimerCountdownMS,"ax",%progbits
 114              		.align	1
 115              		.global	TimerCountdownMS
 116              		.code	16
 117              		.thumb_func
 118              		.type	TimerCountdownMS, %function
 119              	TimerCountdownMS:
 120              	.LFB2:
  14:..\acn-sdk-c\src\mqtt\client\src/timer.c **** 
  15:..\acn-sdk-c\src\mqtt\client\src/timer.c **** 
  16:..\acn-sdk-c\src\mqtt\client\src/timer.c **** void TimerCountdownMS(TimerInterval* timer, unsigned int timeout) {
 121              		.loc 1 16 0
 122              		.cfi_startproc
 123              	.LVL11:
 124 0000 73B5     		push	{r0, r1, r4, r5, r6, lr}
 125              		.cfi_def_cfa_offset 24
 126              		.cfi_offset 0, -24
 127              		.cfi_offset 1, -20
 128              		.cfi_offset 4, -16
 129              		.cfi_offset 5, -12
 130              		.cfi_offset 6, -8
 131              		.cfi_offset 14, -4
 132              		.loc 1 16 0
 133 0002 041C     		mov	r4, r0
 134 0004 0E1C     		mov	r6, r1
  17:..\acn-sdk-c\src\mqtt\client\src/timer.c ****     struct timeval now;
  18:..\acn-sdk-c\src\mqtt\client\src/timer.c ****     gettimeofday(&now, NULL);
 135              		.loc 1 18 0
 136 0006 6846     		mov	r0, sp
 137              	.LVL12:
 138 0008 0021     		mov	r1, #0
 139              	.LVL13:
 140 000a FFF7FEFF 		bl	gettimeofday
 141              	.LVL14:
  19:..\acn-sdk-c\src\mqtt\client\src/timer.c ****     struct timeval interval = {(time_t)(timeout / 1000), (suseconds_t)(timeout % 1000) * 1000};
 142              		.loc 1 19 0
 143 000e FA21     		mov	r1, #250
 144 0010 301C     		mov	r0, r6
 145 0012 8900     		lsl	r1, r1, #2
 146 0014 FFF7FEFF 		bl	__aeabi_uidiv
 147              	.LVL15:
 148 0018 FA21     		mov	r1, #250
  20:..\acn-sdk-c\src\mqtt\client\src/timer.c ****     timeradd(&now, &interval, &timer->end_time);
 149              		.loc 1 20 0
 150 001a 009B     		ldr	r3, [sp]
ARM GAS  C:\Users\ddemidov\AppData\Local\Temp\ccpfTa07.s 			page 4


  19:..\acn-sdk-c\src\mqtt\client\src/timer.c ****     struct timeval interval = {(time_t)(timeout / 1000), (suseconds_t)(timeout % 1000) * 1000};
 151              		.loc 1 19 0
 152 001c 8900     		lsl	r1, r1, #2
 153              		.loc 1 20 0
 154 001e C518     		add	r5, r0, r3
 155 0020 2560     		str	r5, [r4]
  19:..\acn-sdk-c\src\mqtt\client\src/timer.c ****     struct timeval interval = {(time_t)(timeout / 1000), (suseconds_t)(timeout % 1000) * 1000};
 156              		.loc 1 19 0
 157 0022 301C     		mov	r0, r6
 158 0024 FFF7FEFF 		bl	__aeabi_uidivmod
 159              	.LVL16:
 160 0028 FA23     		mov	r3, #250
 161 002a 9B00     		lsl	r3, r3, #2
 162 002c 5943     		mul	r1, r3
 163              		.loc 1 20 0
 164 002e 019B     		ldr	r3, [sp, #4]
 165 0030 C918     		add	r1, r1, r3
 166 0032 054B     		ldr	r3, .L12
 167 0034 6160     		str	r1, [r4, #4]
 168 0036 9942     		cmp	r1, r3
 169 0038 04DD     		ble	.L10
 170              		.loc 1 20 0 is_stmt 0 discriminator 1
 171 003a 044B     		ldr	r3, .L12+4
 172 003c 0135     		add	r5, r5, #1
 173 003e C918     		add	r1, r1, r3
 174 0040 2560     		str	r5, [r4]
 175 0042 6160     		str	r1, [r4, #4]
 176              	.L10:
  21:..\acn-sdk-c\src\mqtt\client\src/timer.c **** }
 177              		.loc 1 21 0 is_stmt 1
 178              		@ sp needed
 179              	.LVL17:
 180              	.LVL18:
 181 0044 73BD     		pop	{r0, r1, r4, r5, r6, pc}
 182              	.L13:
 183 0046 C046     		.align	2
 184              	.L12:
 185 0048 3F420F00 		.word	999999
 186 004c C0BDF0FF 		.word	-1000000
 187              		.cfi_endproc
 188              	.LFE2:
 189              		.size	TimerCountdownMS, .-TimerCountdownMS
 190              		.section	.text.TimerCountdown,"ax",%progbits
 191              		.align	1
 192              		.global	TimerCountdown
 193              		.code	16
 194              		.thumb_func
 195              		.type	TimerCountdown, %function
 196              	TimerCountdown:
 197              	.LFB3:
  22:..\acn-sdk-c\src\mqtt\client\src/timer.c **** 
  23:..\acn-sdk-c\src\mqtt\client\src/timer.c **** 
  24:..\acn-sdk-c\src\mqtt\client\src/timer.c **** void TimerCountdown(TimerInterval* timer, unsigned int timeout) {
 198              		.loc 1 24 0
 199              		.cfi_startproc
 200              	.LVL19:
 201 0000 37B5     		push	{r0, r1, r2, r4, r5, lr}
ARM GAS  C:\Users\ddemidov\AppData\Local\Temp\ccpfTa07.s 			page 5


 202              		.cfi_def_cfa_offset 24
 203              		.cfi_offset 0, -24
 204              		.cfi_offset 1, -20
 205              		.cfi_offset 2, -16
 206              		.cfi_offset 4, -12
 207              		.cfi_offset 5, -8
 208              		.cfi_offset 14, -4
 209              		.loc 1 24 0
 210 0002 0D1C     		mov	r5, r1
 211 0004 041C     		mov	r4, r0
  25:..\acn-sdk-c\src\mqtt\client\src/timer.c ****     struct timeval now;
  26:..\acn-sdk-c\src\mqtt\client\src/timer.c ****     gettimeofday(&now, NULL);
 212              		.loc 1 26 0
 213 0006 0021     		mov	r1, #0
 214              	.LVL20:
 215 0008 6846     		mov	r0, sp
 216              	.LVL21:
 217 000a FFF7FEFF 		bl	gettimeofday
 218              	.LVL22:
  27:..\acn-sdk-c\src\mqtt\client\src/timer.c ****     struct timeval interval = {(time_t)timeout, 0};
  28:..\acn-sdk-c\src\mqtt\client\src/timer.c ****     timeradd(&now, &interval, &timer->end_time);
 219              		.loc 1 28 0
 220 000e 009B     		ldr	r3, [sp]
 221 0010 064A     		ldr	r2, .L16
 222 0012 E918     		add	r1, r5, r3
 223 0014 019B     		ldr	r3, [sp, #4]
 224 0016 2160     		str	r1, [r4]
 225 0018 6360     		str	r3, [r4, #4]
 226 001a 9342     		cmp	r3, r2
 227 001c 04DD     		ble	.L14
 228              		.loc 1 28 0 is_stmt 0 discriminator 1
 229 001e 044A     		ldr	r2, .L16+4
 230 0020 0131     		add	r1, r1, #1
 231 0022 9B18     		add	r3, r3, r2
 232 0024 2160     		str	r1, [r4]
 233 0026 6360     		str	r3, [r4, #4]
 234              	.L14:
  29:..\acn-sdk-c\src\mqtt\client\src/timer.c **** }
 235              		.loc 1 29 0 is_stmt 1
 236              		@ sp needed
 237              	.LVL23:
 238              	.LVL24:
 239 0028 37BD     		pop	{r0, r1, r2, r4, r5, pc}
 240              	.L17:
 241 002a C046     		.align	2
 242              	.L16:
 243 002c 3F420F00 		.word	999999
 244 0030 C0BDF0FF 		.word	-1000000
 245              		.cfi_endproc
 246              	.LFE3:
 247              		.size	TimerCountdown, .-TimerCountdown
 248              		.global	__aeabi_idiv
 249              		.section	.text.TimerLeftMS,"ax",%progbits
 250              		.align	1
 251              		.global	TimerLeftMS
 252              		.code	16
 253              		.thumb_func
ARM GAS  C:\Users\ddemidov\AppData\Local\Temp\ccpfTa07.s 			page 6


 254              		.type	TimerLeftMS, %function
 255              	TimerLeftMS:
 256              	.LFB4:
  30:..\acn-sdk-c\src\mqtt\client\src/timer.c **** 
  31:..\acn-sdk-c\src\mqtt\client\src/timer.c **** 
  32:..\acn-sdk-c\src\mqtt\client\src/timer.c **** int TimerLeftMS(TimerInterval* timer) {
 257              		.loc 1 32 0
 258              		.cfi_startproc
 259              	.LVL25:
 260 0000 13B5     		push	{r0, r1, r4, lr}
 261              		.cfi_def_cfa_offset 16
 262              		.cfi_offset 0, -16
 263              		.cfi_offset 1, -12
 264              		.cfi_offset 4, -8
 265              		.cfi_offset 14, -4
 266              		.loc 1 32 0
 267 0002 041C     		mov	r4, r0
  33:..\acn-sdk-c\src\mqtt\client\src/timer.c ****     struct timeval now, res;
  34:..\acn-sdk-c\src\mqtt\client\src/timer.c ****     gettimeofday(&now, NULL);
 268              		.loc 1 34 0
 269 0004 0021     		mov	r1, #0
 270 0006 6846     		mov	r0, sp
 271              	.LVL26:
 272 0008 FFF7FEFF 		bl	gettimeofday
 273              	.LVL27:
  35:..\acn-sdk-c\src\mqtt\client\src/timer.c ****     timersub(&timer->end_time, &now, &res);
 274              		.loc 1 35 0
 275 000c 009A     		ldr	r2, [sp]
 276 000e 2368     		ldr	r3, [r4]
 277 0010 0198     		ldr	r0, [sp, #4]
 278 0012 9B1A     		sub	r3, r3, r2
 279              	.LVL28:
 280 0014 6268     		ldr	r2, [r4, #4]
 281 0016 121A     		sub	r2, r2, r0
 282              	.LVL29:
 283 0018 02D5     		bpl	.L19
 284              		.loc 1 35 0 is_stmt 0 discriminator 1
 285 001a 0749     		ldr	r1, .L22
 286 001c 013B     		sub	r3, r3, #1
 287              	.LVL30:
 288 001e 5218     		add	r2, r2, r1
 289              	.LVL31:
 290              	.L19:
  36:..\acn-sdk-c\src\mqtt\client\src/timer.c ****     return ((int)res.tv_sec < 0) ? 0 : res.tv_sec * 1000 + res.tv_usec / 1000;
 291              		.loc 1 36 0 is_stmt 1
 292 0020 0020     		mov	r0, #0
 293 0022 8342     		cmp	r3, r0
 294 0024 07DB     		blt	.L20
 295              		.loc 1 36 0 is_stmt 0 discriminator 1
 296 0026 FA21     		mov	r1, #250
 297 0028 8900     		lsl	r1, r1, #2
 298 002a 4B43     		mul	r3, r1
 299              	.LVL32:
 300 002c 101C     		mov	r0, r2
 301 002e 1C1C     		mov	r4, r3
 302              	.LVL33:
 303 0030 FFF7FEFF 		bl	__aeabi_idiv
ARM GAS  C:\Users\ddemidov\AppData\Local\Temp\ccpfTa07.s 			page 7


 304              	.LVL34:
 305 0034 2018     		add	r0, r4, r0
 306              	.L20:
  37:..\acn-sdk-c\src\mqtt\client\src/timer.c **** }
 307              		.loc 1 37 0 is_stmt 1 discriminator 4
 308              		@ sp needed
 309 0036 16BD     		pop	{r1, r2, r4, pc}
 310              	.L23:
 311              		.align	2
 312              	.L22:
 313 0038 40420F00 		.word	1000000
 314              		.cfi_endproc
 315              	.LFE4:
 316              		.size	TimerLeftMS, .-TimerLeftMS
 317              		.text
 318              	.Letext0:
 319              		.file 2 "c:\\program files (x86)\\cypress\\psoc creator\\3.3\\psoc creator\\import\\gnu\\arm\\4.9.
 320              		.file 3 "c:\\program files (x86)\\cypress\\psoc creator\\3.3\\psoc creator\\import\\gnu\\arm\\4.9.
 321              		.file 4 "..\\acn-sdk-c\\include/mqtt/client/network.h"
 322              		.section	.debug_info,"",%progbits
 323              	.Ldebug_info0:
 324 0000 B1020000 		.4byte	0x2b1
 325 0004 0400     		.2byte	0x4
 326 0006 00000000 		.4byte	.Ldebug_abbrev0
 327 000a 04       		.byte	0x4
 328 000b 01       		.uleb128 0x1
 329 000c 00000000 		.4byte	.LASF28
 330 0010 01       		.byte	0x1
 331 0011 20020000 		.4byte	.LASF29
 332 0015 3E010000 		.4byte	.LASF30
 333 0019 00000000 		.4byte	.Ldebug_ranges0+0
 334 001d 00000000 		.4byte	0
 335 0021 00000000 		.4byte	.Ldebug_line0
 336 0025 02       		.uleb128 0x2
 337 0026 04       		.byte	0x4
 338 0027 07       		.byte	0x7
 339 0028 FA000000 		.4byte	.LASF0
 340 002c 03       		.uleb128 0x3
 341 002d 04       		.byte	0x4
 342 002e 05       		.byte	0x5
 343 002f 696E7400 		.ascii	"int\000"
 344 0033 02       		.uleb128 0x2
 345 0034 01       		.byte	0x1
 346 0035 06       		.byte	0x6
 347 0036 06020000 		.4byte	.LASF1
 348 003a 02       		.uleb128 0x2
 349 003b 01       		.byte	0x1
 350 003c 08       		.byte	0x8
 351 003d A3000000 		.4byte	.LASF2
 352 0041 02       		.uleb128 0x2
 353 0042 02       		.byte	0x2
 354 0043 05       		.byte	0x5
 355 0044 DC010000 		.4byte	.LASF3
 356 0048 02       		.uleb128 0x2
 357 0049 02       		.byte	0x2
 358 004a 07       		.byte	0x7
 359 004b C9000000 		.4byte	.LASF4
ARM GAS  C:\Users\ddemidov\AppData\Local\Temp\ccpfTa07.s 			page 8


 360 004f 02       		.uleb128 0x2
 361 0050 04       		.byte	0x4
 362 0051 05       		.byte	0x5
 363 0052 F8010000 		.4byte	.LASF5
 364 0056 02       		.uleb128 0x2
 365 0057 04       		.byte	0x4
 366 0058 07       		.byte	0x7
 367 0059 B7000000 		.4byte	.LASF6
 368 005d 02       		.uleb128 0x2
 369 005e 08       		.byte	0x8
 370 005f 05       		.byte	0x5
 371 0060 AE010000 		.4byte	.LASF7
 372 0064 02       		.uleb128 0x2
 373 0065 08       		.byte	0x8
 374 0066 07       		.byte	0x7
 375 0067 18010000 		.4byte	.LASF8
 376 006b 02       		.uleb128 0x2
 377 006c 04       		.byte	0x4
 378 006d 07       		.byte	0x7
 379 006e 94010000 		.4byte	.LASF9
 380 0072 04       		.uleb128 0x4
 381 0073 04       		.byte	0x4
 382 0074 02       		.uleb128 0x2
 383 0075 01       		.byte	0x1
 384 0076 08       		.byte	0x8
 385 0077 01020000 		.4byte	.LASF10
 386 007b 05       		.uleb128 0x5
 387 007c 2F010000 		.4byte	.LASF11
 388 0080 02       		.byte	0x2
 389 0081 7A       		.byte	0x7a
 390 0082 4F000000 		.4byte	0x4f
 391 0086 06       		.uleb128 0x6
 392 0087 C4010000 		.4byte	.LASF12
 393 008b 02       		.byte	0x2
 394 008c 1D01     		.2byte	0x11d
 395 008e 4F000000 		.4byte	0x4f
 396 0092 07       		.uleb128 0x7
 397 0093 F2000000 		.4byte	.LASF17
 398 0097 08       		.byte	0x8
 399 0098 03       		.byte	0x3
 400 0099 12       		.byte	0x12
 401 009a B7000000 		.4byte	0xb7
 402 009e 08       		.uleb128 0x8
 403 009f A7010000 		.4byte	.LASF13
 404 00a3 03       		.byte	0x3
 405 00a4 13       		.byte	0x13
 406 00a5 7B000000 		.4byte	0x7b
 407 00a9 00       		.byte	0
 408 00aa 08       		.uleb128 0x8
 409 00ab 36010000 		.4byte	.LASF14
 410 00af 03       		.byte	0x3
 411 00b0 14       		.byte	0x14
 412 00b1 86000000 		.4byte	0x86
 413 00b5 04       		.byte	0x4
 414 00b6 00       		.byte	0
 415 00b7 02       		.uleb128 0x2
 416 00b8 04       		.byte	0x4
ARM GAS  C:\Users\ddemidov\AppData\Local\Temp\ccpfTa07.s 			page 9


 417 00b9 04       		.byte	0x4
 418 00ba 9D000000 		.4byte	.LASF15
 419 00be 02       		.uleb128 0x2
 420 00bf 08       		.byte	0x8
 421 00c0 04       		.byte	0x4
 422 00c1 EB000000 		.4byte	.LASF16
 423 00c5 07       		.uleb128 0x7
 424 00c6 12020000 		.4byte	.LASF18
 425 00ca 08       		.byte	0x8
 426 00cb 04       		.byte	0x4
 427 00cc 41       		.byte	0x41
 428 00cd DE000000 		.4byte	0xde
 429 00d1 08       		.uleb128 0x8
 430 00d2 EF010000 		.4byte	.LASF19
 431 00d6 04       		.byte	0x4
 432 00d7 42       		.byte	0x42
 433 00d8 92000000 		.4byte	0x92
 434 00dc 00       		.byte	0
 435 00dd 00       		.byte	0
 436 00de 05       		.uleb128 0x5
 437 00df 12020000 		.4byte	.LASF18
 438 00e3 04       		.byte	0x4
 439 00e4 43       		.byte	0x43
 440 00e5 C5000000 		.4byte	0xc5
 441 00e9 09       		.uleb128 0x9
 442 00ea 9D010000 		.4byte	.LASF21
 443 00ee 01       		.byte	0x1
 444 00ef 04       		.byte	0x4
 445 00f0 00000000 		.4byte	.LFB0
 446 00f4 08000000 		.4byte	.LFE0-.LFB0
 447 00f8 01       		.uleb128 0x1
 448 00f9 9C       		.byte	0x9c
 449 00fa 0C010000 		.4byte	0x10c
 450 00fe 0A       		.uleb128 0xa
 451 00ff B1000000 		.4byte	.LASF20
 452 0103 01       		.byte	0x1
 453 0104 04       		.byte	0x4
 454 0105 0C010000 		.4byte	0x10c
 455 0109 01       		.uleb128 0x1
 456 010a 50       		.byte	0x50
 457 010b 00       		.byte	0
 458 010c 0B       		.uleb128 0xb
 459 010d 04       		.byte	0x4
 460 010e DE000000 		.4byte	0xde
 461 0112 0C       		.uleb128 0xc
 462 0113 DC000000 		.4byte	.LASF26
 463 0117 01       		.byte	0x1
 464 0118 08       		.byte	0x8
 465 0119 74000000 		.4byte	0x74
 466 011d 00000000 		.4byte	.LFB1
 467 0121 3C000000 		.4byte	.LFE1-.LFB1
 468 0125 01       		.uleb128 0x1
 469 0126 9C       		.byte	0x9c
 470 0127 6D010000 		.4byte	0x16d
 471 012b 0D       		.uleb128 0xd
 472 012c B1000000 		.4byte	.LASF20
 473 0130 01       		.byte	0x1
ARM GAS  C:\Users\ddemidov\AppData\Local\Temp\ccpfTa07.s 			page 10


 474 0131 08       		.byte	0x8
 475 0132 0C010000 		.4byte	0x10c
 476 0136 00000000 		.4byte	.LLST0
 477 013a 0E       		.uleb128 0xe
 478 013b 6E6F7700 		.ascii	"now\000"
 479 013f 01       		.byte	0x1
 480 0140 09       		.byte	0x9
 481 0141 92000000 		.4byte	0x92
 482 0145 02       		.uleb128 0x2
 483 0146 91       		.byte	0x91
 484 0147 70       		.sleb128 -16
 485 0148 0F       		.uleb128 0xf
 486 0149 72657300 		.ascii	"res\000"
 487 014d 01       		.byte	0x1
 488 014e 09       		.byte	0x9
 489 014f 92000000 		.4byte	0x92
 490 0153 2C000000 		.4byte	.LLST1
 491 0157 10       		.uleb128 0x10
 492 0158 0C000000 		.4byte	.LVL3
 493 015c 94020000 		.4byte	0x294
 494 0160 11       		.uleb128 0x11
 495 0161 01       		.uleb128 0x1
 496 0162 51       		.byte	0x51
 497 0163 01       		.uleb128 0x1
 498 0164 30       		.byte	0x30
 499 0165 11       		.uleb128 0x11
 500 0166 01       		.uleb128 0x1
 501 0167 50       		.byte	0x50
 502 0168 02       		.uleb128 0x2
 503 0169 7D       		.byte	0x7d
 504 016a 00       		.sleb128 0
 505 016b 00       		.byte	0
 506 016c 00       		.byte	0
 507 016d 12       		.uleb128 0x12
 508 016e 07010000 		.4byte	.LASF22
 509 0172 01       		.byte	0x1
 510 0173 10       		.byte	0x10
 511 0174 00000000 		.4byte	.LFB2
 512 0178 50000000 		.4byte	.LFE2-.LFB2
 513 017c 01       		.uleb128 0x1
 514 017d 9C       		.byte	0x9c
 515 017e D3010000 		.4byte	0x1d3
 516 0182 0D       		.uleb128 0xd
 517 0183 B1000000 		.4byte	.LASF20
 518 0187 01       		.byte	0x1
 519 0188 10       		.byte	0x10
 520 0189 0C010000 		.4byte	0x10c
 521 018d 94000000 		.4byte	.LLST2
 522 0191 0D       		.uleb128 0xd
 523 0192 BC010000 		.4byte	.LASF23
 524 0196 01       		.byte	0x1
 525 0197 10       		.byte	0x10
 526 0198 25000000 		.4byte	0x25
 527 019c C0000000 		.4byte	.LLST3
 528 01a0 0E       		.uleb128 0xe
 529 01a1 6E6F7700 		.ascii	"now\000"
 530 01a5 01       		.byte	0x1
ARM GAS  C:\Users\ddemidov\AppData\Local\Temp\ccpfTa07.s 			page 11


 531 01a6 11       		.byte	0x11
 532 01a7 92000000 		.4byte	0x92
 533 01ab 02       		.uleb128 0x2
 534 01ac 91       		.byte	0x91
 535 01ad 68       		.sleb128 -24
 536 01ae 13       		.uleb128 0x13
 537 01af E6010000 		.4byte	.LASF24
 538 01b3 01       		.byte	0x1
 539 01b4 13       		.byte	0x13
 540 01b5 92000000 		.4byte	0x92
 541 01b9 EC000000 		.4byte	.LLST4
 542 01bd 10       		.uleb128 0x10
 543 01be 0E000000 		.4byte	.LVL14
 544 01c2 94020000 		.4byte	0x294
 545 01c6 11       		.uleb128 0x11
 546 01c7 01       		.uleb128 0x1
 547 01c8 51       		.byte	0x51
 548 01c9 01       		.uleb128 0x1
 549 01ca 30       		.byte	0x30
 550 01cb 11       		.uleb128 0x11
 551 01cc 01       		.uleb128 0x1
 552 01cd 50       		.byte	0x50
 553 01ce 02       		.uleb128 0x2
 554 01cf 7D       		.byte	0x7d
 555 01d0 00       		.sleb128 0
 556 01d1 00       		.byte	0
 557 01d2 00       		.byte	0
 558 01d3 09       		.uleb128 0x9
 559 01d4 8E000000 		.4byte	.LASF25
 560 01d8 01       		.byte	0x1
 561 01d9 18       		.byte	0x18
 562 01da 00000000 		.4byte	.LFB3
 563 01de 34000000 		.4byte	.LFE3-.LFB3
 564 01e2 01       		.uleb128 0x1
 565 01e3 9C       		.byte	0x9c
 566 01e4 39020000 		.4byte	0x239
 567 01e8 0D       		.uleb128 0xd
 568 01e9 B1000000 		.4byte	.LASF20
 569 01ed 01       		.byte	0x1
 570 01ee 18       		.byte	0x18
 571 01ef 0C010000 		.4byte	0x10c
 572 01f3 42010000 		.4byte	.LLST5
 573 01f7 0D       		.uleb128 0xd
 574 01f8 BC010000 		.4byte	.LASF23
 575 01fc 01       		.byte	0x1
 576 01fd 18       		.byte	0x18
 577 01fe 25000000 		.4byte	0x25
 578 0202 6E010000 		.4byte	.LLST6
 579 0206 0E       		.uleb128 0xe
 580 0207 6E6F7700 		.ascii	"now\000"
 581 020b 01       		.byte	0x1
 582 020c 19       		.byte	0x19
 583 020d 92000000 		.4byte	0x92
 584 0211 02       		.uleb128 0x2
 585 0212 91       		.byte	0x91
 586 0213 68       		.sleb128 -24
 587 0214 13       		.uleb128 0x13
ARM GAS  C:\Users\ddemidov\AppData\Local\Temp\ccpfTa07.s 			page 12


 588 0215 E6010000 		.4byte	.LASF24
 589 0219 01       		.byte	0x1
 590 021a 1B       		.byte	0x1b
 591 021b 92000000 		.4byte	0x92
 592 021f 9A010000 		.4byte	.LLST7
 593 0223 10       		.uleb128 0x10
 594 0224 0E000000 		.4byte	.LVL22
 595 0228 94020000 		.4byte	0x294
 596 022c 11       		.uleb128 0x11
 597 022d 01       		.uleb128 0x1
 598 022e 51       		.byte	0x51
 599 022f 01       		.uleb128 0x1
 600 0230 30       		.byte	0x30
 601 0231 11       		.uleb128 0x11
 602 0232 01       		.uleb128 0x1
 603 0233 50       		.byte	0x50
 604 0234 02       		.uleb128 0x2
 605 0235 7D       		.byte	0x7d
 606 0236 00       		.sleb128 0
 607 0237 00       		.byte	0
 608 0238 00       		.byte	0
 609 0239 14       		.uleb128 0x14
 610 023a D0010000 		.4byte	.LASF27
 611 023e 01       		.byte	0x1
 612 023f 20       		.byte	0x20
 613 0240 2C000000 		.4byte	0x2c
 614 0244 00000000 		.4byte	.LFB4
 615 0248 3C000000 		.4byte	.LFE4-.LFB4
 616 024c 01       		.uleb128 0x1
 617 024d 9C       		.byte	0x9c
 618 024e 94020000 		.4byte	0x294
 619 0252 0D       		.uleb128 0xd
 620 0253 B1000000 		.4byte	.LASF20
 621 0257 01       		.byte	0x1
 622 0258 20       		.byte	0x20
 623 0259 0C010000 		.4byte	0x10c
 624 025d C7010000 		.4byte	.LLST8
 625 0261 0E       		.uleb128 0xe
 626 0262 6E6F7700 		.ascii	"now\000"
 627 0266 01       		.byte	0x1
 628 0267 21       		.byte	0x21
 629 0268 92000000 		.4byte	0x92
 630 026c 02       		.uleb128 0x2
 631 026d 91       		.byte	0x91
 632 026e 70       		.sleb128 -16
 633 026f 0F       		.uleb128 0xf
 634 0270 72657300 		.ascii	"res\000"
 635 0274 01       		.byte	0x1
 636 0275 21       		.byte	0x21
 637 0276 92000000 		.4byte	0x92
 638 027a F3010000 		.4byte	.LLST9
 639 027e 10       		.uleb128 0x10
 640 027f 0C000000 		.4byte	.LVL27
 641 0283 94020000 		.4byte	0x294
 642 0287 11       		.uleb128 0x11
 643 0288 01       		.uleb128 0x1
 644 0289 51       		.byte	0x51
ARM GAS  C:\Users\ddemidov\AppData\Local\Temp\ccpfTa07.s 			page 13


 645 028a 01       		.uleb128 0x1
 646 028b 30       		.byte	0x30
 647 028c 11       		.uleb128 0x11
 648 028d 01       		.uleb128 0x1
 649 028e 50       		.byte	0x50
 650 028f 02       		.uleb128 0x2
 651 0290 7D       		.byte	0x7d
 652 0291 00       		.sleb128 0
 653 0292 00       		.byte	0
 654 0293 00       		.byte	0
 655 0294 15       		.uleb128 0x15
 656 0295 87010000 		.4byte	.LASF31
 657 0299 03       		.byte	0x3
 658 029a 4E       		.byte	0x4e
 659 029b 2C000000 		.4byte	0x2c
 660 029f AE020000 		.4byte	0x2ae
 661 02a3 16       		.uleb128 0x16
 662 02a4 AE020000 		.4byte	0x2ae
 663 02a8 16       		.uleb128 0x16
 664 02a9 72000000 		.4byte	0x72
 665 02ad 00       		.byte	0
 666 02ae 0B       		.uleb128 0xb
 667 02af 04       		.byte	0x4
 668 02b0 92000000 		.4byte	0x92
 669 02b4 00       		.byte	0
 670              		.section	.debug_abbrev,"",%progbits
 671              	.Ldebug_abbrev0:
 672 0000 01       		.uleb128 0x1
 673 0001 11       		.uleb128 0x11
 674 0002 01       		.byte	0x1
 675 0003 25       		.uleb128 0x25
 676 0004 0E       		.uleb128 0xe
 677 0005 13       		.uleb128 0x13
 678 0006 0B       		.uleb128 0xb
 679 0007 03       		.uleb128 0x3
 680 0008 0E       		.uleb128 0xe
 681 0009 1B       		.uleb128 0x1b
 682 000a 0E       		.uleb128 0xe
 683 000b 55       		.uleb128 0x55
 684 000c 17       		.uleb128 0x17
 685 000d 11       		.uleb128 0x11
 686 000e 01       		.uleb128 0x1
 687 000f 10       		.uleb128 0x10
 688 0010 17       		.uleb128 0x17
 689 0011 00       		.byte	0
 690 0012 00       		.byte	0
 691 0013 02       		.uleb128 0x2
 692 0014 24       		.uleb128 0x24
 693 0015 00       		.byte	0
 694 0016 0B       		.uleb128 0xb
 695 0017 0B       		.uleb128 0xb
 696 0018 3E       		.uleb128 0x3e
 697 0019 0B       		.uleb128 0xb
 698 001a 03       		.uleb128 0x3
 699 001b 0E       		.uleb128 0xe
 700 001c 00       		.byte	0
 701 001d 00       		.byte	0
ARM GAS  C:\Users\ddemidov\AppData\Local\Temp\ccpfTa07.s 			page 14


 702 001e 03       		.uleb128 0x3
 703 001f 24       		.uleb128 0x24
 704 0020 00       		.byte	0
 705 0021 0B       		.uleb128 0xb
 706 0022 0B       		.uleb128 0xb
 707 0023 3E       		.uleb128 0x3e
 708 0024 0B       		.uleb128 0xb
 709 0025 03       		.uleb128 0x3
 710 0026 08       		.uleb128 0x8
 711 0027 00       		.byte	0
 712 0028 00       		.byte	0
 713 0029 04       		.uleb128 0x4
 714 002a 0F       		.uleb128 0xf
 715 002b 00       		.byte	0
 716 002c 0B       		.uleb128 0xb
 717 002d 0B       		.uleb128 0xb
 718 002e 00       		.byte	0
 719 002f 00       		.byte	0
 720 0030 05       		.uleb128 0x5
 721 0031 16       		.uleb128 0x16
 722 0032 00       		.byte	0
 723 0033 03       		.uleb128 0x3
 724 0034 0E       		.uleb128 0xe
 725 0035 3A       		.uleb128 0x3a
 726 0036 0B       		.uleb128 0xb
 727 0037 3B       		.uleb128 0x3b
 728 0038 0B       		.uleb128 0xb
 729 0039 49       		.uleb128 0x49
 730 003a 13       		.uleb128 0x13
 731 003b 00       		.byte	0
 732 003c 00       		.byte	0
 733 003d 06       		.uleb128 0x6
 734 003e 16       		.uleb128 0x16
 735 003f 00       		.byte	0
 736 0040 03       		.uleb128 0x3
 737 0041 0E       		.uleb128 0xe
 738 0042 3A       		.uleb128 0x3a
 739 0043 0B       		.uleb128 0xb
 740 0044 3B       		.uleb128 0x3b
 741 0045 05       		.uleb128 0x5
 742 0046 49       		.uleb128 0x49
 743 0047 13       		.uleb128 0x13
 744 0048 00       		.byte	0
 745 0049 00       		.byte	0
 746 004a 07       		.uleb128 0x7
 747 004b 13       		.uleb128 0x13
 748 004c 01       		.byte	0x1
 749 004d 03       		.uleb128 0x3
 750 004e 0E       		.uleb128 0xe
 751 004f 0B       		.uleb128 0xb
 752 0050 0B       		.uleb128 0xb
 753 0051 3A       		.uleb128 0x3a
 754 0052 0B       		.uleb128 0xb
 755 0053 3B       		.uleb128 0x3b
 756 0054 0B       		.uleb128 0xb
 757 0055 01       		.uleb128 0x1
 758 0056 13       		.uleb128 0x13
ARM GAS  C:\Users\ddemidov\AppData\Local\Temp\ccpfTa07.s 			page 15


 759 0057 00       		.byte	0
 760 0058 00       		.byte	0
 761 0059 08       		.uleb128 0x8
 762 005a 0D       		.uleb128 0xd
 763 005b 00       		.byte	0
 764 005c 03       		.uleb128 0x3
 765 005d 0E       		.uleb128 0xe
 766 005e 3A       		.uleb128 0x3a
 767 005f 0B       		.uleb128 0xb
 768 0060 3B       		.uleb128 0x3b
 769 0061 0B       		.uleb128 0xb
 770 0062 49       		.uleb128 0x49
 771 0063 13       		.uleb128 0x13
 772 0064 38       		.uleb128 0x38
 773 0065 0B       		.uleb128 0xb
 774 0066 00       		.byte	0
 775 0067 00       		.byte	0
 776 0068 09       		.uleb128 0x9
 777 0069 2E       		.uleb128 0x2e
 778 006a 01       		.byte	0x1
 779 006b 3F       		.uleb128 0x3f
 780 006c 19       		.uleb128 0x19
 781 006d 03       		.uleb128 0x3
 782 006e 0E       		.uleb128 0xe
 783 006f 3A       		.uleb128 0x3a
 784 0070 0B       		.uleb128 0xb
 785 0071 3B       		.uleb128 0x3b
 786 0072 0B       		.uleb128 0xb
 787 0073 27       		.uleb128 0x27
 788 0074 19       		.uleb128 0x19
 789 0075 11       		.uleb128 0x11
 790 0076 01       		.uleb128 0x1
 791 0077 12       		.uleb128 0x12
 792 0078 06       		.uleb128 0x6
 793 0079 40       		.uleb128 0x40
 794 007a 18       		.uleb128 0x18
 795 007b 9742     		.uleb128 0x2117
 796 007d 19       		.uleb128 0x19
 797 007e 01       		.uleb128 0x1
 798 007f 13       		.uleb128 0x13
 799 0080 00       		.byte	0
 800 0081 00       		.byte	0
 801 0082 0A       		.uleb128 0xa
 802 0083 05       		.uleb128 0x5
 803 0084 00       		.byte	0
 804 0085 03       		.uleb128 0x3
 805 0086 0E       		.uleb128 0xe
 806 0087 3A       		.uleb128 0x3a
 807 0088 0B       		.uleb128 0xb
 808 0089 3B       		.uleb128 0x3b
 809 008a 0B       		.uleb128 0xb
 810 008b 49       		.uleb128 0x49
 811 008c 13       		.uleb128 0x13
 812 008d 02       		.uleb128 0x2
 813 008e 18       		.uleb128 0x18
 814 008f 00       		.byte	0
 815 0090 00       		.byte	0
ARM GAS  C:\Users\ddemidov\AppData\Local\Temp\ccpfTa07.s 			page 16


 816 0091 0B       		.uleb128 0xb
 817 0092 0F       		.uleb128 0xf
 818 0093 00       		.byte	0
 819 0094 0B       		.uleb128 0xb
 820 0095 0B       		.uleb128 0xb
 821 0096 49       		.uleb128 0x49
 822 0097 13       		.uleb128 0x13
 823 0098 00       		.byte	0
 824 0099 00       		.byte	0
 825 009a 0C       		.uleb128 0xc
 826 009b 2E       		.uleb128 0x2e
 827 009c 01       		.byte	0x1
 828 009d 3F       		.uleb128 0x3f
 829 009e 19       		.uleb128 0x19
 830 009f 03       		.uleb128 0x3
 831 00a0 0E       		.uleb128 0xe
 832 00a1 3A       		.uleb128 0x3a
 833 00a2 0B       		.uleb128 0xb
 834 00a3 3B       		.uleb128 0x3b
 835 00a4 0B       		.uleb128 0xb
 836 00a5 27       		.uleb128 0x27
 837 00a6 19       		.uleb128 0x19
 838 00a7 49       		.uleb128 0x49
 839 00a8 13       		.uleb128 0x13
 840 00a9 11       		.uleb128 0x11
 841 00aa 01       		.uleb128 0x1
 842 00ab 12       		.uleb128 0x12
 843 00ac 06       		.uleb128 0x6
 844 00ad 40       		.uleb128 0x40
 845 00ae 18       		.uleb128 0x18
 846 00af 9742     		.uleb128 0x2117
 847 00b1 19       		.uleb128 0x19
 848 00b2 01       		.uleb128 0x1
 849 00b3 13       		.uleb128 0x13
 850 00b4 00       		.byte	0
 851 00b5 00       		.byte	0
 852 00b6 0D       		.uleb128 0xd
 853 00b7 05       		.uleb128 0x5
 854 00b8 00       		.byte	0
 855 00b9 03       		.uleb128 0x3
 856 00ba 0E       		.uleb128 0xe
 857 00bb 3A       		.uleb128 0x3a
 858 00bc 0B       		.uleb128 0xb
 859 00bd 3B       		.uleb128 0x3b
 860 00be 0B       		.uleb128 0xb
 861 00bf 49       		.uleb128 0x49
 862 00c0 13       		.uleb128 0x13
 863 00c1 02       		.uleb128 0x2
 864 00c2 17       		.uleb128 0x17
 865 00c3 00       		.byte	0
 866 00c4 00       		.byte	0
 867 00c5 0E       		.uleb128 0xe
 868 00c6 34       		.uleb128 0x34
 869 00c7 00       		.byte	0
 870 00c8 03       		.uleb128 0x3
 871 00c9 08       		.uleb128 0x8
 872 00ca 3A       		.uleb128 0x3a
ARM GAS  C:\Users\ddemidov\AppData\Local\Temp\ccpfTa07.s 			page 17


 873 00cb 0B       		.uleb128 0xb
 874 00cc 3B       		.uleb128 0x3b
 875 00cd 0B       		.uleb128 0xb
 876 00ce 49       		.uleb128 0x49
 877 00cf 13       		.uleb128 0x13
 878 00d0 02       		.uleb128 0x2
 879 00d1 18       		.uleb128 0x18
 880 00d2 00       		.byte	0
 881 00d3 00       		.byte	0
 882 00d4 0F       		.uleb128 0xf
 883 00d5 34       		.uleb128 0x34
 884 00d6 00       		.byte	0
 885 00d7 03       		.uleb128 0x3
 886 00d8 08       		.uleb128 0x8
 887 00d9 3A       		.uleb128 0x3a
 888 00da 0B       		.uleb128 0xb
 889 00db 3B       		.uleb128 0x3b
 890 00dc 0B       		.uleb128 0xb
 891 00dd 49       		.uleb128 0x49
 892 00de 13       		.uleb128 0x13
 893 00df 02       		.uleb128 0x2
 894 00e0 17       		.uleb128 0x17
 895 00e1 00       		.byte	0
 896 00e2 00       		.byte	0
 897 00e3 10       		.uleb128 0x10
 898 00e4 898201   		.uleb128 0x4109
 899 00e7 01       		.byte	0x1
 900 00e8 11       		.uleb128 0x11
 901 00e9 01       		.uleb128 0x1
 902 00ea 31       		.uleb128 0x31
 903 00eb 13       		.uleb128 0x13
 904 00ec 00       		.byte	0
 905 00ed 00       		.byte	0
 906 00ee 11       		.uleb128 0x11
 907 00ef 8A8201   		.uleb128 0x410a
 908 00f2 00       		.byte	0
 909 00f3 02       		.uleb128 0x2
 910 00f4 18       		.uleb128 0x18
 911 00f5 9142     		.uleb128 0x2111
 912 00f7 18       		.uleb128 0x18
 913 00f8 00       		.byte	0
 914 00f9 00       		.byte	0
 915 00fa 12       		.uleb128 0x12
 916 00fb 2E       		.uleb128 0x2e
 917 00fc 01       		.byte	0x1
 918 00fd 3F       		.uleb128 0x3f
 919 00fe 19       		.uleb128 0x19
 920 00ff 03       		.uleb128 0x3
 921 0100 0E       		.uleb128 0xe
 922 0101 3A       		.uleb128 0x3a
 923 0102 0B       		.uleb128 0xb
 924 0103 3B       		.uleb128 0x3b
 925 0104 0B       		.uleb128 0xb
 926 0105 27       		.uleb128 0x27
 927 0106 19       		.uleb128 0x19
 928 0107 11       		.uleb128 0x11
 929 0108 01       		.uleb128 0x1
ARM GAS  C:\Users\ddemidov\AppData\Local\Temp\ccpfTa07.s 			page 18


 930 0109 12       		.uleb128 0x12
 931 010a 06       		.uleb128 0x6
 932 010b 40       		.uleb128 0x40
 933 010c 18       		.uleb128 0x18
 934 010d 9642     		.uleb128 0x2116
 935 010f 19       		.uleb128 0x19
 936 0110 01       		.uleb128 0x1
 937 0111 13       		.uleb128 0x13
 938 0112 00       		.byte	0
 939 0113 00       		.byte	0
 940 0114 13       		.uleb128 0x13
 941 0115 34       		.uleb128 0x34
 942 0116 00       		.byte	0
 943 0117 03       		.uleb128 0x3
 944 0118 0E       		.uleb128 0xe
 945 0119 3A       		.uleb128 0x3a
 946 011a 0B       		.uleb128 0xb
 947 011b 3B       		.uleb128 0x3b
 948 011c 0B       		.uleb128 0xb
 949 011d 49       		.uleb128 0x49
 950 011e 13       		.uleb128 0x13
 951 011f 02       		.uleb128 0x2
 952 0120 17       		.uleb128 0x17
 953 0121 00       		.byte	0
 954 0122 00       		.byte	0
 955 0123 14       		.uleb128 0x14
 956 0124 2E       		.uleb128 0x2e
 957 0125 01       		.byte	0x1
 958 0126 3F       		.uleb128 0x3f
 959 0127 19       		.uleb128 0x19
 960 0128 03       		.uleb128 0x3
 961 0129 0E       		.uleb128 0xe
 962 012a 3A       		.uleb128 0x3a
 963 012b 0B       		.uleb128 0xb
 964 012c 3B       		.uleb128 0x3b
 965 012d 0B       		.uleb128 0xb
 966 012e 27       		.uleb128 0x27
 967 012f 19       		.uleb128 0x19
 968 0130 49       		.uleb128 0x49
 969 0131 13       		.uleb128 0x13
 970 0132 11       		.uleb128 0x11
 971 0133 01       		.uleb128 0x1
 972 0134 12       		.uleb128 0x12
 973 0135 06       		.uleb128 0x6
 974 0136 40       		.uleb128 0x40
 975 0137 18       		.uleb128 0x18
 976 0138 9642     		.uleb128 0x2116
 977 013a 19       		.uleb128 0x19
 978 013b 01       		.uleb128 0x1
 979 013c 13       		.uleb128 0x13
 980 013d 00       		.byte	0
 981 013e 00       		.byte	0
 982 013f 15       		.uleb128 0x15
 983 0140 2E       		.uleb128 0x2e
 984 0141 01       		.byte	0x1
 985 0142 3F       		.uleb128 0x3f
 986 0143 19       		.uleb128 0x19
ARM GAS  C:\Users\ddemidov\AppData\Local\Temp\ccpfTa07.s 			page 19


 987 0144 03       		.uleb128 0x3
 988 0145 0E       		.uleb128 0xe
 989 0146 3A       		.uleb128 0x3a
 990 0147 0B       		.uleb128 0xb
 991 0148 3B       		.uleb128 0x3b
 992 0149 0B       		.uleb128 0xb
 993 014a 27       		.uleb128 0x27
 994 014b 19       		.uleb128 0x19
 995 014c 49       		.uleb128 0x49
 996 014d 13       		.uleb128 0x13
 997 014e 3C       		.uleb128 0x3c
 998 014f 19       		.uleb128 0x19
 999 0150 01       		.uleb128 0x1
 1000 0151 13       		.uleb128 0x13
 1001 0152 00       		.byte	0
 1002 0153 00       		.byte	0
 1003 0154 16       		.uleb128 0x16
 1004 0155 05       		.uleb128 0x5
 1005 0156 00       		.byte	0
 1006 0157 49       		.uleb128 0x49
 1007 0158 13       		.uleb128 0x13
 1008 0159 00       		.byte	0
 1009 015a 00       		.byte	0
 1010 015b 00       		.byte	0
 1011              		.section	.debug_loc,"",%progbits
 1012              	.Ldebug_loc0:
 1013              	.LLST0:
 1014 0000 00000000 		.4byte	.LVL1
 1015 0004 08000000 		.4byte	.LVL2
 1016 0008 0100     		.2byte	0x1
 1017 000a 50       		.byte	0x50
 1018 000b 08000000 		.4byte	.LVL2
 1019 000f 34000000 		.4byte	.LVL10
 1020 0013 0100     		.2byte	0x1
 1021 0015 54       		.byte	0x54
 1022 0016 34000000 		.4byte	.LVL10
 1023 001a 3C000000 		.4byte	.LFE1
 1024 001e 0400     		.2byte	0x4
 1025 0020 F3       		.byte	0xf3
 1026 0021 01       		.uleb128 0x1
 1027 0022 50       		.byte	0x50
 1028 0023 9F       		.byte	0x9f
 1029 0024 00000000 		.4byte	0
 1030 0028 00000000 		.4byte	0
 1031              	.LLST1:
 1032 002c 14000000 		.4byte	.LVL4
 1033 0030 18000000 		.4byte	.LVL5
 1034 0034 0500     		.2byte	0x5
 1035 0036 51       		.byte	0x51
 1036 0037 93       		.byte	0x93
 1037 0038 04       		.uleb128 0x4
 1038 0039 93       		.byte	0x93
 1039 003a 04       		.uleb128 0x4
 1040 003b 18000000 		.4byte	.LVL5
 1041 003f 1E000000 		.4byte	.LVL6
 1042 0043 0600     		.2byte	0x6
 1043 0045 51       		.byte	0x51
ARM GAS  C:\Users\ddemidov\AppData\Local\Temp\ccpfTa07.s 			page 20


 1044 0046 93       		.byte	0x93
 1045 0047 04       		.uleb128 0x4
 1046 0048 52       		.byte	0x52
 1047 0049 93       		.byte	0x93
 1048 004a 04       		.uleb128 0x4
 1049 004b 1E000000 		.4byte	.LVL6
 1050 004f 20000000 		.4byte	.LVL7
 1051 0053 0600     		.2byte	0x6
 1052 0055 51       		.byte	0x51
 1053 0056 93       		.byte	0x93
 1054 0057 04       		.uleb128 0x4
 1055 0058 52       		.byte	0x52
 1056 0059 93       		.byte	0x93
 1057 005a 04       		.uleb128 0x4
 1058 005b 20000000 		.4byte	.LVL7
 1059 005f 30000000 		.4byte	.LVL8
 1060 0063 0600     		.2byte	0x6
 1061 0065 51       		.byte	0x51
 1062 0066 93       		.byte	0x93
 1063 0067 04       		.uleb128 0x4
 1064 0068 52       		.byte	0x52
 1065 0069 93       		.byte	0x93
 1066 006a 04       		.uleb128 0x4
 1067 006b 30000000 		.4byte	.LVL8
 1068 006f 32000000 		.4byte	.LVL9
 1069 0073 0800     		.2byte	0x8
 1070 0075 51       		.byte	0x51
 1071 0076 93       		.byte	0x93
 1072 0077 04       		.uleb128 0x4
 1073 0078 73       		.byte	0x73
 1074 0079 01       		.sleb128 1
 1075 007a 9F       		.byte	0x9f
 1076 007b 93       		.byte	0x93
 1077 007c 04       		.uleb128 0x4
 1078 007d 32000000 		.4byte	.LVL9
 1079 0081 3C000000 		.4byte	.LFE1
 1080 0085 0500     		.2byte	0x5
 1081 0087 51       		.byte	0x51
 1082 0088 93       		.byte	0x93
 1083 0089 04       		.uleb128 0x4
 1084 008a 93       		.byte	0x93
 1085 008b 04       		.uleb128 0x4
 1086 008c 00000000 		.4byte	0
 1087 0090 00000000 		.4byte	0
 1088              	.LLST2:
 1089 0094 00000000 		.4byte	.LVL11
 1090 0098 08000000 		.4byte	.LVL12
 1091 009c 0100     		.2byte	0x1
 1092 009e 50       		.byte	0x50
 1093 009f 08000000 		.4byte	.LVL12
 1094 00a3 44000000 		.4byte	.LVL17
 1095 00a7 0100     		.2byte	0x1
 1096 00a9 54       		.byte	0x54
 1097 00aa 44000000 		.4byte	.LVL17
 1098 00ae 50000000 		.4byte	.LFE2
 1099 00b2 0400     		.2byte	0x4
 1100 00b4 F3       		.byte	0xf3
ARM GAS  C:\Users\ddemidov\AppData\Local\Temp\ccpfTa07.s 			page 21


 1101 00b5 01       		.uleb128 0x1
 1102 00b6 50       		.byte	0x50
 1103 00b7 9F       		.byte	0x9f
 1104 00b8 00000000 		.4byte	0
 1105 00bc 00000000 		.4byte	0
 1106              	.LLST3:
 1107 00c0 00000000 		.4byte	.LVL11
 1108 00c4 0A000000 		.4byte	.LVL13
 1109 00c8 0100     		.2byte	0x1
 1110 00ca 51       		.byte	0x51
 1111 00cb 0A000000 		.4byte	.LVL13
 1112 00cf 44000000 		.4byte	.LVL18
 1113 00d3 0100     		.2byte	0x1
 1114 00d5 56       		.byte	0x56
 1115 00d6 44000000 		.4byte	.LVL18
 1116 00da 50000000 		.4byte	.LFE2
 1117 00de 0400     		.2byte	0x4
 1118 00e0 F3       		.byte	0xf3
 1119 00e1 01       		.uleb128 0x1
 1120 00e2 51       		.byte	0x51
 1121 00e3 9F       		.byte	0x9f
 1122 00e4 00000000 		.4byte	0
 1123 00e8 00000000 		.4byte	0
 1124              	.LLST4:
 1125 00ec 0E000000 		.4byte	.LVL14
 1126 00f0 44000000 		.4byte	.LVL18
 1127 00f4 1C00     		.2byte	0x1c
 1128 00f6 76       		.byte	0x76
 1129 00f7 00       		.sleb128 0
 1130 00f8 F7       		.byte	0xf7
 1131 00f9 25       		.uleb128 0x25
 1132 00fa 0A       		.byte	0xa
 1133 00fb E803     		.2byte	0x3e8
 1134 00fd F7       		.byte	0xf7
 1135 00fe 25       		.uleb128 0x25
 1136 00ff 1B       		.byte	0x1b
 1137 0100 F7       		.byte	0xf7
 1138 0101 00       		.uleb128 0
 1139 0102 9F       		.byte	0x9f
 1140 0103 93       		.byte	0x93
 1141 0104 04       		.uleb128 0x4
 1142 0105 76       		.byte	0x76
 1143 0106 00       		.sleb128 0
 1144 0107 0A       		.byte	0xa
 1145 0108 E803     		.2byte	0x3e8
 1146 010a 1D       		.byte	0x1d
 1147 010b 0A       		.byte	0xa
 1148 010c E803     		.2byte	0x3e8
 1149 010e 1E       		.byte	0x1e
 1150 010f 9F       		.byte	0x9f
 1151 0110 93       		.byte	0x93
 1152 0111 04       		.uleb128 0x4
 1153 0112 44000000 		.4byte	.LVL18
 1154 0116 50000000 		.4byte	.LFE2
 1155 011a 1E00     		.2byte	0x1e
 1156 011c F3       		.byte	0xf3
 1157 011d 01       		.uleb128 0x1
ARM GAS  C:\Users\ddemidov\AppData\Local\Temp\ccpfTa07.s 			page 22


 1158 011e 51       		.byte	0x51
 1159 011f F7       		.byte	0xf7
 1160 0120 25       		.uleb128 0x25
 1161 0121 0A       		.byte	0xa
 1162 0122 E803     		.2byte	0x3e8
 1163 0124 F7       		.byte	0xf7
 1164 0125 25       		.uleb128 0x25
 1165 0126 1B       		.byte	0x1b
 1166 0127 F7       		.byte	0xf7
 1167 0128 00       		.uleb128 0
 1168 0129 9F       		.byte	0x9f
 1169 012a 93       		.byte	0x93
 1170 012b 04       		.uleb128 0x4
 1171 012c F3       		.byte	0xf3
 1172 012d 01       		.uleb128 0x1
 1173 012e 51       		.byte	0x51
 1174 012f 0A       		.byte	0xa
 1175 0130 E803     		.2byte	0x3e8
 1176 0132 1D       		.byte	0x1d
 1177 0133 0A       		.byte	0xa
 1178 0134 E803     		.2byte	0x3e8
 1179 0136 1E       		.byte	0x1e
 1180 0137 9F       		.byte	0x9f
 1181 0138 93       		.byte	0x93
 1182 0139 04       		.uleb128 0x4
 1183 013a 00000000 		.4byte	0
 1184 013e 00000000 		.4byte	0
 1185              	.LLST5:
 1186 0142 00000000 		.4byte	.LVL19
 1187 0146 0A000000 		.4byte	.LVL21
 1188 014a 0100     		.2byte	0x1
 1189 014c 50       		.byte	0x50
 1190 014d 0A000000 		.4byte	.LVL21
 1191 0151 28000000 		.4byte	.LVL23
 1192 0155 0100     		.2byte	0x1
 1193 0157 54       		.byte	0x54
 1194 0158 28000000 		.4byte	.LVL23
 1195 015c 34000000 		.4byte	.LFE3
 1196 0160 0400     		.2byte	0x4
 1197 0162 F3       		.byte	0xf3
 1198 0163 01       		.uleb128 0x1
 1199 0164 50       		.byte	0x50
 1200 0165 9F       		.byte	0x9f
 1201 0166 00000000 		.4byte	0
 1202 016a 00000000 		.4byte	0
 1203              	.LLST6:
 1204 016e 00000000 		.4byte	.LVL19
 1205 0172 08000000 		.4byte	.LVL20
 1206 0176 0100     		.2byte	0x1
 1207 0178 51       		.byte	0x51
 1208 0179 08000000 		.4byte	.LVL20
 1209 017d 28000000 		.4byte	.LVL24
 1210 0181 0100     		.2byte	0x1
 1211 0183 55       		.byte	0x55
 1212 0184 28000000 		.4byte	.LVL24
 1213 0188 34000000 		.4byte	.LFE3
 1214 018c 0400     		.2byte	0x4
ARM GAS  C:\Users\ddemidov\AppData\Local\Temp\ccpfTa07.s 			page 23


 1215 018e F3       		.byte	0xf3
 1216 018f 01       		.uleb128 0x1
 1217 0190 51       		.byte	0x51
 1218 0191 9F       		.byte	0x9f
 1219 0192 00000000 		.4byte	0
 1220 0196 00000000 		.4byte	0
 1221              	.LLST7:
 1222 019a 0E000000 		.4byte	.LVL22
 1223 019e 28000000 		.4byte	.LVL24
 1224 01a2 0700     		.2byte	0x7
 1225 01a4 55       		.byte	0x55
 1226 01a5 93       		.byte	0x93
 1227 01a6 04       		.uleb128 0x4
 1228 01a7 30       		.byte	0x30
 1229 01a8 9F       		.byte	0x9f
 1230 01a9 93       		.byte	0x93
 1231 01aa 04       		.uleb128 0x4
 1232 01ab 28000000 		.4byte	.LVL24
 1233 01af 34000000 		.4byte	.LFE3
 1234 01b3 0A00     		.2byte	0xa
 1235 01b5 F3       		.byte	0xf3
 1236 01b6 01       		.uleb128 0x1
 1237 01b7 51       		.byte	0x51
 1238 01b8 9F       		.byte	0x9f
 1239 01b9 93       		.byte	0x93
 1240 01ba 04       		.uleb128 0x4
 1241 01bb 30       		.byte	0x30
 1242 01bc 9F       		.byte	0x9f
 1243 01bd 93       		.byte	0x93
 1244 01be 04       		.uleb128 0x4
 1245 01bf 00000000 		.4byte	0
 1246 01c3 00000000 		.4byte	0
 1247              	.LLST8:
 1248 01c7 00000000 		.4byte	.LVL25
 1249 01cb 08000000 		.4byte	.LVL26
 1250 01cf 0100     		.2byte	0x1
 1251 01d1 50       		.byte	0x50
 1252 01d2 08000000 		.4byte	.LVL26
 1253 01d6 30000000 		.4byte	.LVL33
 1254 01da 0100     		.2byte	0x1
 1255 01dc 54       		.byte	0x54
 1256 01dd 30000000 		.4byte	.LVL33
 1257 01e1 3C000000 		.4byte	.LFE4
 1258 01e5 0400     		.2byte	0x4
 1259 01e7 F3       		.byte	0xf3
 1260 01e8 01       		.uleb128 0x1
 1261 01e9 50       		.byte	0x50
 1262 01ea 9F       		.byte	0x9f
 1263 01eb 00000000 		.4byte	0
 1264 01ef 00000000 		.4byte	0
 1265              	.LLST9:
 1266 01f3 14000000 		.4byte	.LVL28
 1267 01f7 18000000 		.4byte	.LVL29
 1268 01fb 0500     		.2byte	0x5
 1269 01fd 53       		.byte	0x53
 1270 01fe 93       		.byte	0x93
 1271 01ff 04       		.uleb128 0x4
ARM GAS  C:\Users\ddemidov\AppData\Local\Temp\ccpfTa07.s 			page 24


 1272 0200 93       		.byte	0x93
 1273 0201 04       		.uleb128 0x4
 1274 0202 18000000 		.4byte	.LVL29
 1275 0206 1E000000 		.4byte	.LVL30
 1276 020a 0600     		.2byte	0x6
 1277 020c 53       		.byte	0x53
 1278 020d 93       		.byte	0x93
 1279 020e 04       		.uleb128 0x4
 1280 020f 52       		.byte	0x52
 1281 0210 93       		.byte	0x93
 1282 0211 04       		.uleb128 0x4
 1283 0212 1E000000 		.4byte	.LVL30
 1284 0216 20000000 		.4byte	.LVL31
 1285 021a 0600     		.2byte	0x6
 1286 021c 53       		.byte	0x53
 1287 021d 93       		.byte	0x93
 1288 021e 04       		.uleb128 0x4
 1289 021f 52       		.byte	0x52
 1290 0220 93       		.byte	0x93
 1291 0221 04       		.uleb128 0x4
 1292 0222 20000000 		.4byte	.LVL31
 1293 0226 2C000000 		.4byte	.LVL32
 1294 022a 0600     		.2byte	0x6
 1295 022c 53       		.byte	0x53
 1296 022d 93       		.byte	0x93
 1297 022e 04       		.uleb128 0x4
 1298 022f 52       		.byte	0x52
 1299 0230 93       		.byte	0x93
 1300 0231 04       		.uleb128 0x4
 1301 0232 2C000000 		.4byte	.LVL32
 1302 0236 33000000 		.4byte	.LVL34-1
 1303 023a 0500     		.2byte	0x5
 1304 023c 93       		.byte	0x93
 1305 023d 04       		.uleb128 0x4
 1306 023e 52       		.byte	0x52
 1307 023f 93       		.byte	0x93
 1308 0240 04       		.uleb128 0x4
 1309 0241 00000000 		.4byte	0
 1310 0245 00000000 		.4byte	0
 1311              		.section	.debug_aranges,"",%progbits
 1312 0000 3C000000 		.4byte	0x3c
 1313 0004 0200     		.2byte	0x2
 1314 0006 00000000 		.4byte	.Ldebug_info0
 1315 000a 04       		.byte	0x4
 1316 000b 00       		.byte	0
 1317 000c 0000     		.2byte	0
 1318 000e 0000     		.2byte	0
 1319 0010 00000000 		.4byte	.LFB0
 1320 0014 08000000 		.4byte	.LFE0-.LFB0
 1321 0018 00000000 		.4byte	.LFB1
 1322 001c 3C000000 		.4byte	.LFE1-.LFB1
 1323 0020 00000000 		.4byte	.LFB2
 1324 0024 50000000 		.4byte	.LFE2-.LFB2
 1325 0028 00000000 		.4byte	.LFB3
 1326 002c 34000000 		.4byte	.LFE3-.LFB3
 1327 0030 00000000 		.4byte	.LFB4
 1328 0034 3C000000 		.4byte	.LFE4-.LFB4
ARM GAS  C:\Users\ddemidov\AppData\Local\Temp\ccpfTa07.s 			page 25


 1329 0038 00000000 		.4byte	0
 1330 003c 00000000 		.4byte	0
 1331              		.section	.debug_ranges,"",%progbits
 1332              	.Ldebug_ranges0:
 1333 0000 00000000 		.4byte	.LFB0
 1334 0004 08000000 		.4byte	.LFE0
 1335 0008 00000000 		.4byte	.LFB1
 1336 000c 3C000000 		.4byte	.LFE1
 1337 0010 00000000 		.4byte	.LFB2
 1338 0014 50000000 		.4byte	.LFE2
 1339 0018 00000000 		.4byte	.LFB3
 1340 001c 34000000 		.4byte	.LFE3
 1341 0020 00000000 		.4byte	.LFB4
 1342 0024 3C000000 		.4byte	.LFE4
 1343 0028 00000000 		.4byte	0
 1344 002c 00000000 		.4byte	0
 1345              		.section	.debug_line,"",%progbits
 1346              	.Ldebug_line0:
 1347 0000 92010000 		.section	.debug_str,"MS",%progbits,1
 1347      0200EE00 
 1347      00000201 
 1347      FB0E0D00 
 1347      01010101 
 1348              	.LASF28:
 1349 0000 474E5520 		.ascii	"GNU C 4.9.3 20150303 (release) [ARM/embedded-4_9-br"
 1349      4320342E 
 1349      392E3320 
 1349      32303135 
 1349      30333033 
 1350 0033 616E6368 		.ascii	"anch revision 221220] -mcpu=cortex-m0 -mthumb -g -O"
 1350      20726576 
 1350      6973696F 
 1350      6E203232 
 1350      31323230 
 1351 0066 73202D66 		.ascii	"s -ffunction-sections -ffat-lto-objects\000"
 1351      66756E63 
 1351      74696F6E 
 1351      2D736563 
 1351      74696F6E 
 1352              	.LASF25:
 1353 008e 54696D65 		.ascii	"TimerCountdown\000"
 1353      72436F75 
 1353      6E74646F 
 1353      776E00
 1354              	.LASF15:
 1355 009d 666C6F61 		.ascii	"float\000"
 1355      7400
 1356              	.LASF2:
 1357 00a3 756E7369 		.ascii	"unsigned char\000"
 1357      676E6564 
 1357      20636861 
 1357      7200
 1358              	.LASF20:
 1359 00b1 74696D65 		.ascii	"timer\000"
 1359      7200
 1360              	.LASF6:
 1361 00b7 6C6F6E67 		.ascii	"long unsigned int\000"
ARM GAS  C:\Users\ddemidov\AppData\Local\Temp\ccpfTa07.s 			page 26


 1361      20756E73 
 1361      69676E65 
 1361      6420696E 
 1361      7400
 1362              	.LASF4:
 1363 00c9 73686F72 		.ascii	"short unsigned int\000"
 1363      7420756E 
 1363      7369676E 
 1363      65642069 
 1363      6E7400
 1364              	.LASF26:
 1365 00dc 54696D65 		.ascii	"TimerIsExpired\000"
 1365      72497345 
 1365      78706972 
 1365      656400
 1366              	.LASF16:
 1367 00eb 646F7562 		.ascii	"double\000"
 1367      6C6500
 1368              	.LASF17:
 1369 00f2 74696D65 		.ascii	"timeval\000"
 1369      76616C00 
 1370              	.LASF0:
 1371 00fa 756E7369 		.ascii	"unsigned int\000"
 1371      676E6564 
 1371      20696E74 
 1371      00
 1372              	.LASF22:
 1373 0107 54696D65 		.ascii	"TimerCountdownMS\000"
 1373      72436F75 
 1373      6E74646F 
 1373      776E4D53 
 1373      00
 1374              	.LASF8:
 1375 0118 6C6F6E67 		.ascii	"long long unsigned int\000"
 1375      206C6F6E 
 1375      6720756E 
 1375      7369676E 
 1375      65642069 
 1376              	.LASF11:
 1377 012f 74696D65 		.ascii	"time_t\000"
 1377      5F7400
 1378              	.LASF14:
 1379 0136 74765F75 		.ascii	"tv_usec\000"
 1379      73656300 
 1380              	.LASF30:
 1381 013e 433A5C55 		.ascii	"C:\\Users\\ddemidov\\Documents\\PSoC Creator\\BLE_F"
 1381      73657273 
 1381      5C646465 
 1381      6D69646F 
 1381      765C446F 
 1382 016c 696E644D 		.ascii	"indMe01\\SenseAbility.cydsn\000"
 1382      6530315C 
 1382      53656E73 
 1382      65416269 
 1382      6C697479 
 1383              	.LASF31:
 1384 0187 67657474 		.ascii	"gettimeofday\000"
ARM GAS  C:\Users\ddemidov\AppData\Local\Temp\ccpfTa07.s 			page 27


 1384      696D656F 
 1384      66646179 
 1384      00
 1385              	.LASF9:
 1386 0194 73697A65 		.ascii	"sizetype\000"
 1386      74797065 
 1386      00
 1387              	.LASF21:
 1388 019d 54696D65 		.ascii	"TimerInit\000"
 1388      72496E69 
 1388      7400
 1389              	.LASF13:
 1390 01a7 74765F73 		.ascii	"tv_sec\000"
 1390      656300
 1391              	.LASF7:
 1392 01ae 6C6F6E67 		.ascii	"long long int\000"
 1392      206C6F6E 
 1392      6720696E 
 1392      7400
 1393              	.LASF23:
 1394 01bc 74696D65 		.ascii	"timeout\000"
 1394      6F757400 
 1395              	.LASF12:
 1396 01c4 73757365 		.ascii	"suseconds_t\000"
 1396      636F6E64 
 1396      735F7400 
 1397              	.LASF27:
 1398 01d0 54696D65 		.ascii	"TimerLeftMS\000"
 1398      724C6566 
 1398      744D5300 
 1399              	.LASF3:
 1400 01dc 73686F72 		.ascii	"short int\000"
 1400      7420696E 
 1400      7400
 1401              	.LASF24:
 1402 01e6 696E7465 		.ascii	"interval\000"
 1402      7276616C 
 1402      00
 1403              	.LASF19:
 1404 01ef 656E645F 		.ascii	"end_time\000"
 1404      74696D65 
 1404      00
 1405              	.LASF5:
 1406 01f8 6C6F6E67 		.ascii	"long int\000"
 1406      20696E74 
 1406      00
 1407              	.LASF10:
 1408 0201 63686172 		.ascii	"char\000"
 1408      00
 1409              	.LASF1:
 1410 0206 7369676E 		.ascii	"signed char\000"
 1410      65642063 
 1410      68617200 
 1411              	.LASF18:
 1412 0212 54696D65 		.ascii	"TimerInterval\000"
 1412      72496E74 
 1412      65727661 
ARM GAS  C:\Users\ddemidov\AppData\Local\Temp\ccpfTa07.s 			page 28


 1412      6C00
 1413              	.LASF29:
 1414 0220 2E2E5C61 		.ascii	"..\\acn-sdk-c\\src\\mqtt\\client\\src\\timer.c\000"
 1414      636E2D73 
 1414      646B2D63 
 1414      5C737263 
 1414      5C6D7174 
 1415              		.ident	"GCC: (GNU Tools for ARM Embedded Processors) 4.9.3 20150303 (release) [ARM/embedded-4_9-br
