ARM GAS  C:\Users\ddemidov\AppData\Local\Temp\ccDZUwIJ.s 			page 1


   1              		.cpu cortex-m0
   2              		.fpu softvfp
   3              		.eabi_attribute 20, 1
   4              		.eabi_attribute 21, 1
   5              		.eabi_attribute 23, 3
   6              		.eabi_attribute 24, 1
   7              		.eabi_attribute 25, 1
   8              		.eabi_attribute 26, 1
   9              		.eabi_attribute 30, 4
  10              		.eabi_attribute 34, 0
  11              		.eabi_attribute 18, 4
  12              		.code	16
  13              		.file	"trace.c"
  14              		.text
  15              	.Ltext0:
  16              		.cfi_sections	.debug_frame
  17              		.section	.text.dbg_line,"ax",%progbits
  18              		.align	1
  19              		.global	dbg_line
  20              		.code	16
  21              		.thumb_func
  22              		.type	dbg_line, %function
  23              	dbg_line:
  24              	.LFB63:
  25              		.file 1 "..\\acn-sdk-c\\platforms\\senseability\\trace.c"
   1:..\acn-sdk-c\platforms\senseability/trace.c **** #include "trace.h"
   2:..\acn-sdk-c\platforms\senseability/trace.c **** #include <project.h>
   3:..\acn-sdk-c\platforms\senseability/trace.c **** #include <stdarg.h>
   4:..\acn-sdk-c\platforms\senseability/trace.c **** #include <stdio.h>
   5:..\acn-sdk-c\platforms\senseability/trace.c **** #include <string.h>
   6:..\acn-sdk-c\platforms\senseability/trace.c **** 
   7:..\acn-sdk-c\platforms\senseability/trace.c **** static char send_str[DBG_LINE_SIZE];
   8:..\acn-sdk-c\platforms\senseability/trace.c **** 
   9:..\acn-sdk-c\platforms\senseability/trace.c **** void dbg_line(const char *fmt, ...) {
  26              		.loc 1 9 0
  27              		.cfi_startproc
  28              	.LVL0:
  29 0000 0FB4     		push	{r0, r1, r2, r3}
  30              		.cfi_def_cfa_offset 16
  31 0002 13B5     		push	{r0, r1, r4, lr}
  32              		.cfi_def_cfa_offset 32
  33              		.cfi_offset 0, -32
  34              		.cfi_offset 1, -28
  35              		.cfi_offset 4, -24
  36              		.cfi_offset 14, -20
  10:..\acn-sdk-c\platforms\senseability/trace.c ****     va_list args;
  11:..\acn-sdk-c\platforms\senseability/trace.c ****     va_start(args, fmt);
  12:..\acn-sdk-c\platforms\senseability/trace.c ****     send_str[0] = '\0';
  37              		.loc 1 12 0
  38 0004 0021     		mov	r1, #0
   9:..\acn-sdk-c\platforms\senseability/trace.c ****     va_list args;
  39              		.loc 1 9 0
  40 0006 04AB     		add	r3, sp, #16
  41              		.loc 1 12 0
  42 0008 084C     		ldr	r4, .L2
   9:..\acn-sdk-c\platforms\senseability/trace.c ****     va_list args;
  43              		.loc 1 9 0
ARM GAS  C:\Users\ddemidov\AppData\Local\Temp\ccDZUwIJ.s 			page 2


  44 000a 04CB     		ldmia	r3!, {r2}
  45              		.loc 1 12 0
  46 000c 2170     		strb	r1, [r4]
  13:..\acn-sdk-c\platforms\senseability/trace.c ****     vsnprintf(send_str, DBG_LINE_SIZE, fmt, args);
  47              		.loc 1 13 0
  48 000e 201C     		mov	r0, r4
  49 0010 9631     		add	r1, r1, #150
  11:..\acn-sdk-c\platforms\senseability/trace.c ****     send_str[0] = '\0';
  50              		.loc 1 11 0
  51 0012 0193     		str	r3, [sp, #4]
  52              		.loc 1 13 0
  53 0014 FFF7FEFF 		bl	vsnprintf
  54              	.LVL1:
  14:..\acn-sdk-c\platforms\senseability/trace.c ****     SW_Tx_UART_1_PutString(send_str);
  55              		.loc 1 14 0
  56 0018 201C     		mov	r0, r4
  57 001a FFF7FEFF 		bl	SW_Tx_UART_1_PutString
  58              	.LVL2:
  15:..\acn-sdk-c\platforms\senseability/trace.c ****     va_end(args);
  16:..\acn-sdk-c\platforms\senseability/trace.c ****     SW_Tx_UART_1_PutCRLF();    
  17:..\acn-sdk-c\platforms\senseability/trace.c **** }...
  59              		.loc 1 17 0
  60              		@ sp needed
  16:..\acn-sdk-c\platforms\senseability/trace.c ****     SW_Tx_UART_1_PutCRLF();    
  61              		.loc 1 16 0
  62 001e FFF7FEFF 		bl	SW_Tx_UART_1_PutCRLF
  63              	.LVL3:
  64              		.loc 1 17 0
  65 0022 13BC     		pop	{r0, r1, r4}
  66 0024 08BC     		pop	{r3}
  67 0026 04B0     		add	sp, sp, #16
  68 0028 1847     		bx	r3
  69              	.L3:
  70 002a C046     		.align	2
  71              	.L2:
  72 002c 00000000 		.word	.LANCHOR0
  73              		.cfi_endproc
  74              	.LFE63:
  75              		.size	dbg_line, .-dbg_line
  76              		.bss
  77              		.set	.LANCHOR0,. + 0
  78              		.type	send_str, %object
  79              		.size	send_str, 150
  80              	send_str:
  81 0000 00000000 		.space	150
  81      00000000 
  81      00000000 
  81      00000000 
  81      00000000 
  82              		.text
  83              	.Letext0:
  84              		.file 2 "Generated_Source\\PSoC4/cytypes.h"
  85              		.file 3 "c:\\program files (x86)\\cypress\\psoc creator\\3.3\\psoc creator\\import\\gnu\\arm\\4.9.
  86              		.file 4 "c:\\program files (x86)\\cypress\\psoc creator\\3.3\\psoc creator\\import\\gnu\\arm\\4.9.
  87              		.file 5 "<built-in>"
  88              		.file 6 "c:\\program files (x86)\\cypress\\psoc creator\\3.3\\psoc creator\\import\\gnu\\arm\\4.9.
  89              		.file 7 "Generated_Source\\PSoC4/SW_Tx_UART_1.h"
ARM GAS  C:\Users\ddemidov\AppData\Local\Temp\ccDZUwIJ.s 			page 3


  90              		.section	.debug_info,"",%progbits
  91              	.Ldebug_info0:
  92 0000 BB010000 		.4byte	0x1bb
  93 0004 0400     		.2byte	0x4
  94 0006 00000000 		.4byte	.Ldebug_abbrev0
  95 000a 04       		.byte	0x4
  96 000b 01       		.uleb128 0x1
  97 000c 1F000000 		.4byte	.LASF19
  98 0010 01       		.byte	0x1
  99 0011 D6000000 		.4byte	.LASF20
 100 0015 1F010000 		.4byte	.LASF21
 101 0019 00000000 		.4byte	.Ldebug_ranges0+0
 102 001d 00000000 		.4byte	0
 103 0021 00000000 		.4byte	.Ldebug_line0
 104 0025 02       		.uleb128 0x2
 105 0026 01       		.byte	0x1
 106 0027 06       		.byte	0x6
 107 0028 B9010000 		.4byte	.LASF0
 108 002c 02       		.uleb128 0x2
 109 002d 01       		.byte	0x1
 110 002e 08       		.byte	0x8
 111 002f 68010000 		.4byte	.LASF1
 112 0033 02       		.uleb128 0x2
 113 0034 02       		.byte	0x2
 114 0035 05       		.byte	0x5
 115 0036 E3010000 		.4byte	.LASF2
 116 003a 02       		.uleb128 0x2
 117 003b 02       		.byte	0x2
 118 003c 07       		.byte	0x7
 119 003d A6010000 		.4byte	.LASF3
 120 0041 02       		.uleb128 0x2
 121 0042 04       		.byte	0x4
 122 0043 05       		.byte	0x5
 123 0044 8E010000 		.4byte	.LASF4
 124 0048 02       		.uleb128 0x2
 125 0049 04       		.byte	0x4
 126 004a 07       		.byte	0x7
 127 004b AD000000 		.4byte	.LASF5
 128 004f 02       		.uleb128 0x2
 129 0050 08       		.byte	0x8
 130 0051 05       		.byte	0x5
 131 0052 00000000 		.4byte	.LASF6
 132 0056 02       		.uleb128 0x2
 133 0057 08       		.byte	0x8
 134 0058 07       		.byte	0x7
 135 0059 BF000000 		.4byte	.LASF7
 136 005d 03       		.uleb128 0x3
 137 005e 04       		.byte	0x4
 138 005f 05       		.byte	0x5
 139 0060 696E7400 		.ascii	"int\000"
 140 0064 02       		.uleb128 0x2
 141 0065 04       		.byte	0x4
 142 0066 07       		.byte	0x7
 143 0067 ED010000 		.4byte	.LASF8
 144 006b 02       		.uleb128 0x2
 145 006c 04       		.byte	0x4
 146 006d 04       		.byte	0x4
ARM GAS  C:\Users\ddemidov\AppData\Local\Temp\ccDZUwIJ.s 			page 4


 147 006e DD010000 		.4byte	.LASF9
 148 0072 02       		.uleb128 0x2
 149 0073 08       		.byte	0x8
 150 0074 04       		.byte	0x4
 151 0075 9F010000 		.4byte	.LASF10
 152 0079 04       		.uleb128 0x4
 153 007a 02010000 		.4byte	.LASF12
 154 007e 02       		.byte	0x2
 155 007f 4901     		.2byte	0x149
 156 0081 85000000 		.4byte	0x85
 157 0085 02       		.uleb128 0x2
 158 0086 01       		.byte	0x1
 159 0087 08       		.byte	0x8
 160 0088 80010000 		.4byte	.LASF11
 161 008c 05       		.uleb128 0x5
 162 008d 0E000000 		.4byte	.LASF13
 163 0091 03       		.byte	0x3
 164 0092 D4       		.byte	0xd4
 165 0093 64000000 		.4byte	0x64
 166 0097 02       		.uleb128 0x2
 167 0098 04       		.byte	0x4
 168 0099 07       		.byte	0x7
 169 009a 14020000 		.4byte	.LASF14
 170 009e 06       		.uleb128 0x6
 171 009f 04       		.byte	0x4
 172 00a0 07       		.uleb128 0x7
 173 00a1 04       		.byte	0x4
 174 00a2 85000000 		.4byte	0x85
 175 00a6 07       		.uleb128 0x7
 176 00a7 04       		.byte	0x4
 177 00a8 AC000000 		.4byte	0xac
 178 00ac 08       		.uleb128 0x8
 179 00ad 85000000 		.4byte	0x85
 180 00b1 05       		.uleb128 0x5
 181 00b2 CE010000 		.4byte	.LASF15
 182 00b6 04       		.byte	0x4
 183 00b7 28       		.byte	0x28
 184 00b8 BC000000 		.4byte	0xbc
 185 00bc 09       		.uleb128 0x9
 186 00bd 76010000 		.4byte	.LASF22
 187 00c1 04       		.byte	0x4
 188 00c2 05       		.byte	0x5
 189 00c3 00       		.byte	0
 190 00c4 D3000000 		.4byte	0xd3
 191 00c8 0A       		.uleb128 0xa
 192 00c9 1D020000 		.4byte	.LASF23
 193 00cd 9E000000 		.4byte	0x9e
 194 00d1 00       		.byte	0
 195 00d2 00       		.byte	0
 196 00d3 05       		.uleb128 0x5
 197 00d4 97010000 		.4byte	.LASF16
 198 00d8 04       		.byte	0x4
 199 00d9 62       		.byte	0x62
 200 00da B1000000 		.4byte	0xb1
 201 00de 0B       		.uleb128 0xb
 202 00df C5010000 		.4byte	.LASF24
 203 00e3 01       		.byte	0x1
ARM GAS  C:\Users\ddemidov\AppData\Local\Temp\ccDZUwIJ.s 			page 5


 204 00e4 09       		.byte	0x9
 205 00e5 00000000 		.4byte	.LFB63
 206 00e9 30000000 		.4byte	.LFE63-.LFB63
 207 00ed 01       		.uleb128 0x1
 208 00ee 9C       		.byte	0x9c
 209 00ef 55010000 		.4byte	0x155
 210 00f3 0C       		.uleb128 0xc
 211 00f4 666D7400 		.ascii	"fmt\000"
 212 00f8 01       		.byte	0x1
 213 00f9 09       		.byte	0x9
 214 00fa A6000000 		.4byte	0xa6
 215 00fe 02       		.uleb128 0x2
 216 00ff 91       		.byte	0x91
 217 0100 70       		.sleb128 -16
 218 0101 0D       		.uleb128 0xd
 219 0102 0E       		.uleb128 0xe
 220 0103 FA010000 		.4byte	.LASF17
 221 0107 01       		.byte	0x1
 222 0108 0A       		.byte	0xa
 223 0109 D3000000 		.4byte	0xd3
 224 010d 02       		.uleb128 0x2
 225 010e 91       		.byte	0x91
 226 010f 64       		.sleb128 -28
 227 0110 0F       		.uleb128 0xf
 228 0111 18000000 		.4byte	.LVL1
 229 0115 76010000 		.4byte	0x176
 230 0119 37010000 		.4byte	0x137
 231 011d 10       		.uleb128 0x10
 232 011e 01       		.uleb128 0x1
 233 011f 53       		.byte	0x53
 234 0120 02       		.uleb128 0x2
 235 0121 91       		.byte	0x91
 236 0122 54       		.sleb128 -44
 237 0123 10       		.uleb128 0x10
 238 0124 01       		.uleb128 0x1
 239 0125 52       		.byte	0x52
 240 0126 03       		.uleb128 0x3
 241 0127 91       		.byte	0x91
 242 0128 50       		.sleb128 -48
 243 0129 06       		.byte	0x6
 244 012a 10       		.uleb128 0x10
 245 012b 01       		.uleb128 0x1
 246 012c 51       		.byte	0x51
 247 012d 02       		.uleb128 0x2
 248 012e 08       		.byte	0x8
 249 012f 96       		.byte	0x96
 250 0130 10       		.uleb128 0x10
 251 0131 01       		.uleb128 0x1
 252 0132 50       		.byte	0x50
 253 0133 02       		.uleb128 0x2
 254 0134 74       		.byte	0x74
 255 0135 00       		.sleb128 0
 256 0136 00       		.byte	0
 257 0137 0F       		.uleb128 0xf
 258 0138 1E000000 		.4byte	.LVL2
 259 013c 9B010000 		.4byte	0x19b
 260 0140 4B010000 		.4byte	0x14b
ARM GAS  C:\Users\ddemidov\AppData\Local\Temp\ccDZUwIJ.s 			page 6


 261 0144 10       		.uleb128 0x10
 262 0145 01       		.uleb128 0x1
 263 0146 50       		.byte	0x50
 264 0147 02       		.uleb128 0x2
 265 0148 74       		.byte	0x74
 266 0149 00       		.sleb128 0
 267 014a 00       		.byte	0
 268 014b 11       		.uleb128 0x11
 269 014c 22000000 		.4byte	.LVL3
 270 0150 B7010000 		.4byte	0x1b7
 271 0154 00       		.byte	0
 272 0155 12       		.uleb128 0x12
 273 0156 85000000 		.4byte	0x85
 274 015a 65010000 		.4byte	0x165
 275 015e 13       		.uleb128 0x13
 276 015f 97000000 		.4byte	0x97
 277 0163 95       		.byte	0x95
 278 0164 00       		.byte	0
 279 0165 0E       		.uleb128 0xe
 280 0166 85010000 		.4byte	.LASF18
 281 016a 01       		.byte	0x1
 282 016b 07       		.byte	0x7
 283 016c 55010000 		.4byte	0x155
 284 0170 05       		.uleb128 0x5
 285 0171 03       		.byte	0x3
 286 0172 00000000 		.4byte	send_str
 287 0176 14       		.uleb128 0x14
 288 0177 15000000 		.4byte	.LASF25
 289 017b 06       		.byte	0x6
 290 017c 2C01     		.2byte	0x12c
 291 017e 5D000000 		.4byte	0x5d
 292 0182 9B010000 		.4byte	0x19b
 293 0186 15       		.uleb128 0x15
 294 0187 A0000000 		.4byte	0xa0
 295 018b 15       		.uleb128 0x15
 296 018c 8C000000 		.4byte	0x8c
 297 0190 15       		.uleb128 0x15
 298 0191 A6000000 		.4byte	0xa6
 299 0195 15       		.uleb128 0x15
 300 0196 B1000000 		.4byte	0xb1
 301 019a 00       		.byte	0
 302 019b 16       		.uleb128 0x16
 303 019c 08010000 		.4byte	.LASF26
 304 01a0 07       		.byte	0x7
 305 01a1 26       		.byte	0x26
 306 01a2 AC010000 		.4byte	0x1ac
 307 01a6 15       		.uleb128 0x15
 308 01a7 AC010000 		.4byte	0x1ac
 309 01ab 00       		.byte	0
 310 01ac 07       		.uleb128 0x7
 311 01ad 04       		.byte	0x4
 312 01ae B2010000 		.4byte	0x1b2
 313 01b2 08       		.uleb128 0x8
 314 01b3 79000000 		.4byte	0x79
 315 01b7 17       		.uleb128 0x17
 316 01b8 FF010000 		.4byte	.LASF27
 317 01bc 07       		.byte	0x7
ARM GAS  C:\Users\ddemidov\AppData\Local\Temp\ccDZUwIJ.s 			page 7


 318 01bd 2A       		.byte	0x2a
 319 01be 00       		.byte	0
 320              		.section	.debug_abbrev,"",%progbits
 321              	.Ldebug_abbrev0:
 322 0000 01       		.uleb128 0x1
 323 0001 11       		.uleb128 0x11
 324 0002 01       		.byte	0x1
 325 0003 25       		.uleb128 0x25
 326 0004 0E       		.uleb128 0xe
 327 0005 13       		.uleb128 0x13
 328 0006 0B       		.uleb128 0xb
 329 0007 03       		.uleb128 0x3
 330 0008 0E       		.uleb128 0xe
 331 0009 1B       		.uleb128 0x1b
 332 000a 0E       		.uleb128 0xe
 333 000b 55       		.uleb128 0x55
 334 000c 17       		.uleb128 0x17
 335 000d 11       		.uleb128 0x11
 336 000e 01       		.uleb128 0x1
 337 000f 10       		.uleb128 0x10
 338 0010 17       		.uleb128 0x17
 339 0011 00       		.byte	0
 340 0012 00       		.byte	0
 341 0013 02       		.uleb128 0x2
 342 0014 24       		.uleb128 0x24
 343 0015 00       		.byte	0
 344 0016 0B       		.uleb128 0xb
 345 0017 0B       		.uleb128 0xb
 346 0018 3E       		.uleb128 0x3e
 347 0019 0B       		.uleb128 0xb
 348 001a 03       		.uleb128 0x3
 349 001b 0E       		.uleb128 0xe
 350 001c 00       		.byte	0
 351 001d 00       		.byte	0
 352 001e 03       		.uleb128 0x3
 353 001f 24       		.uleb128 0x24
 354 0020 00       		.byte	0
 355 0021 0B       		.uleb128 0xb
 356 0022 0B       		.uleb128 0xb
 357 0023 3E       		.uleb128 0x3e
 358 0024 0B       		.uleb128 0xb
 359 0025 03       		.uleb128 0x3
 360 0026 08       		.uleb128 0x8
 361 0027 00       		.byte	0
 362 0028 00       		.byte	0
 363 0029 04       		.uleb128 0x4
 364 002a 16       		.uleb128 0x16
 365 002b 00       		.byte	0
 366 002c 03       		.uleb128 0x3
 367 002d 0E       		.uleb128 0xe
 368 002e 3A       		.uleb128 0x3a
 369 002f 0B       		.uleb128 0xb
 370 0030 3B       		.uleb128 0x3b
 371 0031 05       		.uleb128 0x5
 372 0032 49       		.uleb128 0x49
 373 0033 13       		.uleb128 0x13
 374 0034 00       		.byte	0
ARM GAS  C:\Users\ddemidov\AppData\Local\Temp\ccDZUwIJ.s 			page 8


 375 0035 00       		.byte	0
 376 0036 05       		.uleb128 0x5
 377 0037 16       		.uleb128 0x16
 378 0038 00       		.byte	0
 379 0039 03       		.uleb128 0x3
 380 003a 0E       		.uleb128 0xe
 381 003b 3A       		.uleb128 0x3a
 382 003c 0B       		.uleb128 0xb
 383 003d 3B       		.uleb128 0x3b
 384 003e 0B       		.uleb128 0xb
 385 003f 49       		.uleb128 0x49
 386 0040 13       		.uleb128 0x13
 387 0041 00       		.byte	0
 388 0042 00       		.byte	0
 389 0043 06       		.uleb128 0x6
 390 0044 0F       		.uleb128 0xf
 391 0045 00       		.byte	0
 392 0046 0B       		.uleb128 0xb
 393 0047 0B       		.uleb128 0xb
 394 0048 00       		.byte	0
 395 0049 00       		.byte	0
 396 004a 07       		.uleb128 0x7
 397 004b 0F       		.uleb128 0xf
 398 004c 00       		.byte	0
 399 004d 0B       		.uleb128 0xb
 400 004e 0B       		.uleb128 0xb
 401 004f 49       		.uleb128 0x49
 402 0050 13       		.uleb128 0x13
 403 0051 00       		.byte	0
 404 0052 00       		.byte	0
 405 0053 08       		.uleb128 0x8
 406 0054 26       		.uleb128 0x26
 407 0055 00       		.byte	0
 408 0056 49       		.uleb128 0x49
 409 0057 13       		.uleb128 0x13
 410 0058 00       		.byte	0
 411 0059 00       		.byte	0
 412 005a 09       		.uleb128 0x9
 413 005b 13       		.uleb128 0x13
 414 005c 01       		.byte	0x1
 415 005d 03       		.uleb128 0x3
 416 005e 0E       		.uleb128 0xe
 417 005f 0B       		.uleb128 0xb
 418 0060 0B       		.uleb128 0xb
 419 0061 3A       		.uleb128 0x3a
 420 0062 0B       		.uleb128 0xb
 421 0063 3B       		.uleb128 0x3b
 422 0064 0B       		.uleb128 0xb
 423 0065 01       		.uleb128 0x1
 424 0066 13       		.uleb128 0x13
 425 0067 00       		.byte	0
 426 0068 00       		.byte	0
 427 0069 0A       		.uleb128 0xa
 428 006a 0D       		.uleb128 0xd
 429 006b 00       		.byte	0
 430 006c 03       		.uleb128 0x3
 431 006d 0E       		.uleb128 0xe
ARM GAS  C:\Users\ddemidov\AppData\Local\Temp\ccDZUwIJ.s 			page 9


 432 006e 49       		.uleb128 0x49
 433 006f 13       		.uleb128 0x13
 434 0070 38       		.uleb128 0x38
 435 0071 0B       		.uleb128 0xb
 436 0072 34       		.uleb128 0x34
 437 0073 19       		.uleb128 0x19
 438 0074 00       		.byte	0
 439 0075 00       		.byte	0
 440 0076 0B       		.uleb128 0xb
 441 0077 2E       		.uleb128 0x2e
 442 0078 01       		.byte	0x1
 443 0079 3F       		.uleb128 0x3f
 444 007a 19       		.uleb128 0x19
 445 007b 03       		.uleb128 0x3
 446 007c 0E       		.uleb128 0xe
 447 007d 3A       		.uleb128 0x3a
 448 007e 0B       		.uleb128 0xb
 449 007f 3B       		.uleb128 0x3b
 450 0080 0B       		.uleb128 0xb
 451 0081 27       		.uleb128 0x27
 452 0082 19       		.uleb128 0x19
 453 0083 11       		.uleb128 0x11
 454 0084 01       		.uleb128 0x1
 455 0085 12       		.uleb128 0x12
 456 0086 06       		.uleb128 0x6
 457 0087 40       		.uleb128 0x40
 458 0088 18       		.uleb128 0x18
 459 0089 9742     		.uleb128 0x2117
 460 008b 19       		.uleb128 0x19
 461 008c 01       		.uleb128 0x1
 462 008d 13       		.uleb128 0x13
 463 008e 00       		.byte	0
 464 008f 00       		.byte	0
 465 0090 0C       		.uleb128 0xc
 466 0091 05       		.uleb128 0x5
 467 0092 00       		.byte	0
 468 0093 03       		.uleb128 0x3
 469 0094 08       		.uleb128 0x8
 470 0095 3A       		.uleb128 0x3a
 471 0096 0B       		.uleb128 0xb
 472 0097 3B       		.uleb128 0x3b
 473 0098 0B       		.uleb128 0xb
 474 0099 49       		.uleb128 0x49
 475 009a 13       		.uleb128 0x13
 476 009b 02       		.uleb128 0x2
 477 009c 18       		.uleb128 0x18
 478 009d 00       		.byte	0
 479 009e 00       		.byte	0
 480 009f 0D       		.uleb128 0xd
 481 00a0 18       		.uleb128 0x18
 482 00a1 00       		.byte	0
 483 00a2 00       		.byte	0
 484 00a3 00       		.byte	0
 485 00a4 0E       		.uleb128 0xe
 486 00a5 34       		.uleb128 0x34
 487 00a6 00       		.byte	0
 488 00a7 03       		.uleb128 0x3
ARM GAS  C:\Users\ddemidov\AppData\Local\Temp\ccDZUwIJ.s 			page 10


 489 00a8 0E       		.uleb128 0xe
 490 00a9 3A       		.uleb128 0x3a
 491 00aa 0B       		.uleb128 0xb
 492 00ab 3B       		.uleb128 0x3b
 493 00ac 0B       		.uleb128 0xb
 494 00ad 49       		.uleb128 0x49
 495 00ae 13       		.uleb128 0x13
 496 00af 02       		.uleb128 0x2
 497 00b0 18       		.uleb128 0x18
 498 00b1 00       		.byte	0
 499 00b2 00       		.byte	0
 500 00b3 0F       		.uleb128 0xf
 501 00b4 898201   		.uleb128 0x4109
 502 00b7 01       		.byte	0x1
 503 00b8 11       		.uleb128 0x11
 504 00b9 01       		.uleb128 0x1
 505 00ba 31       		.uleb128 0x31
 506 00bb 13       		.uleb128 0x13
 507 00bc 01       		.uleb128 0x1
 508 00bd 13       		.uleb128 0x13
 509 00be 00       		.byte	0
 510 00bf 00       		.byte	0
 511 00c0 10       		.uleb128 0x10
 512 00c1 8A8201   		.uleb128 0x410a
 513 00c4 00       		.byte	0
 514 00c5 02       		.uleb128 0x2
 515 00c6 18       		.uleb128 0x18
 516 00c7 9142     		.uleb128 0x2111
 517 00c9 18       		.uleb128 0x18
 518 00ca 00       		.byte	0
 519 00cb 00       		.byte	0
 520 00cc 11       		.uleb128 0x11
 521 00cd 898201   		.uleb128 0x4109
 522 00d0 00       		.byte	0
 523 00d1 11       		.uleb128 0x11
 524 00d2 01       		.uleb128 0x1
 525 00d3 31       		.uleb128 0x31
 526 00d4 13       		.uleb128 0x13
 527 00d5 00       		.byte	0
 528 00d6 00       		.byte	0
 529 00d7 12       		.uleb128 0x12
 530 00d8 01       		.uleb128 0x1
 531 00d9 01       		.byte	0x1
 532 00da 49       		.uleb128 0x49
 533 00db 13       		.uleb128 0x13
 534 00dc 01       		.uleb128 0x1
 535 00dd 13       		.uleb128 0x13
 536 00de 00       		.byte	0
 537 00df 00       		.byte	0
 538 00e0 13       		.uleb128 0x13
 539 00e1 21       		.uleb128 0x21
 540 00e2 00       		.byte	0
 541 00e3 49       		.uleb128 0x49
 542 00e4 13       		.uleb128 0x13
 543 00e5 2F       		.uleb128 0x2f
 544 00e6 0B       		.uleb128 0xb
 545 00e7 00       		.byte	0
ARM GAS  C:\Users\ddemidov\AppData\Local\Temp\ccDZUwIJ.s 			page 11


 546 00e8 00       		.byte	0
 547 00e9 14       		.uleb128 0x14
 548 00ea 2E       		.uleb128 0x2e
 549 00eb 01       		.byte	0x1
 550 00ec 3F       		.uleb128 0x3f
 551 00ed 19       		.uleb128 0x19
 552 00ee 03       		.uleb128 0x3
 553 00ef 0E       		.uleb128 0xe
 554 00f0 3A       		.uleb128 0x3a
 555 00f1 0B       		.uleb128 0xb
 556 00f2 3B       		.uleb128 0x3b
 557 00f3 05       		.uleb128 0x5
 558 00f4 27       		.uleb128 0x27
 559 00f5 19       		.uleb128 0x19
 560 00f6 49       		.uleb128 0x49
 561 00f7 13       		.uleb128 0x13
 562 00f8 3C       		.uleb128 0x3c
 563 00f9 19       		.uleb128 0x19
 564 00fa 01       		.uleb128 0x1
 565 00fb 13       		.uleb128 0x13
 566 00fc 00       		.byte	0
 567 00fd 00       		.byte	0
 568 00fe 15       		.uleb128 0x15
 569 00ff 05       		.uleb128 0x5
 570 0100 00       		.byte	0
 571 0101 49       		.uleb128 0x49
 572 0102 13       		.uleb128 0x13
 573 0103 00       		.byte	0
 574 0104 00       		.byte	0
 575 0105 16       		.uleb128 0x16
 576 0106 2E       		.uleb128 0x2e
 577 0107 01       		.byte	0x1
 578 0108 3F       		.uleb128 0x3f
 579 0109 19       		.uleb128 0x19
 580 010a 03       		.uleb128 0x3
 581 010b 0E       		.uleb128 0xe
 582 010c 3A       		.uleb128 0x3a
 583 010d 0B       		.uleb128 0xb
 584 010e 3B       		.uleb128 0x3b
 585 010f 0B       		.uleb128 0xb
 586 0110 27       		.uleb128 0x27
 587 0111 19       		.uleb128 0x19
 588 0112 3C       		.uleb128 0x3c
 589 0113 19       		.uleb128 0x19
 590 0114 01       		.uleb128 0x1
 591 0115 13       		.uleb128 0x13
 592 0116 00       		.byte	0
 593 0117 00       		.byte	0
 594 0118 17       		.uleb128 0x17
 595 0119 2E       		.uleb128 0x2e
 596 011a 00       		.byte	0
 597 011b 3F       		.uleb128 0x3f
 598 011c 19       		.uleb128 0x19
 599 011d 03       		.uleb128 0x3
 600 011e 0E       		.uleb128 0xe
 601 011f 3A       		.uleb128 0x3a
 602 0120 0B       		.uleb128 0xb
ARM GAS  C:\Users\ddemidov\AppData\Local\Temp\ccDZUwIJ.s 			page 12


 603 0121 3B       		.uleb128 0x3b
 604 0122 0B       		.uleb128 0xb
 605 0123 27       		.uleb128 0x27
 606 0124 19       		.uleb128 0x19
 607 0125 3C       		.uleb128 0x3c
 608 0126 19       		.uleb128 0x19
 609 0127 00       		.byte	0
 610 0128 00       		.byte	0
 611 0129 00       		.byte	0
 612              		.section	.debug_aranges,"",%progbits
 613 0000 1C000000 		.4byte	0x1c
 614 0004 0200     		.2byte	0x2
 615 0006 00000000 		.4byte	.Ldebug_info0
 616 000a 04       		.byte	0x4
 617 000b 00       		.byte	0
 618 000c 0000     		.2byte	0
 619 000e 0000     		.2byte	0
 620 0010 00000000 		.4byte	.LFB63
 621 0014 30000000 		.4byte	.LFE63-.LFB63
 622 0018 00000000 		.4byte	0
 623 001c 00000000 		.4byte	0
 624              		.section	.debug_ranges,"",%progbits
 625              	.Ldebug_ranges0:
 626 0000 00000000 		.4byte	.LFB63
 627 0004 30000000 		.4byte	.LFE63
 628 0008 00000000 		.4byte	0
 629 000c 00000000 		.4byte	0
 630              		.section	.debug_line,"",%progbits
 631              	.Ldebug_line0:
 632 0000 A6010000 		.section	.debug_str,"MS",%progbits,1
 632      02008701 
 632      00000201 
 632      FB0E0D00 
 632      01010101 
 633              	.LASF6:
 634 0000 6C6F6E67 		.ascii	"long long int\000"
 634      206C6F6E 
 634      6720696E 
 634      7400
 635              	.LASF13:
 636 000e 73697A65 		.ascii	"size_t\000"
 636      5F7400
 637              	.LASF25:
 638 0015 76736E70 		.ascii	"vsnprintf\000"
 638      72696E74 
 638      6600
 639              	.LASF19:
 640 001f 474E5520 		.ascii	"GNU C 4.9.3 20150303 (release) [ARM/embedded-4_9-br"
 640      4320342E 
 640      392E3320 
 640      32303135 
 640      30333033 
 641 0052 616E6368 		.ascii	"anch revision 221220] -mcpu=cortex-m0 -mthumb -g -O"
 641      20726576 
 641      6973696F 
 641      6E203232 
 641      31323230 
ARM GAS  C:\Users\ddemidov\AppData\Local\Temp\ccDZUwIJ.s 			page 13


 642 0085 73202D66 		.ascii	"s -ffunction-sections -ffat-lto-objects\000"
 642      66756E63 
 642      74696F6E 
 642      2D736563 
 642      74696F6E 
 643              	.LASF5:
 644 00ad 6C6F6E67 		.ascii	"long unsigned int\000"
 644      20756E73 
 644      69676E65 
 644      6420696E 
 644      7400
 645              	.LASF7:
 646 00bf 6C6F6E67 		.ascii	"long long unsigned int\000"
 646      206C6F6E 
 646      6720756E 
 646      7369676E 
 646      65642069 
 647              	.LASF20:
 648 00d6 2E2E5C61 		.ascii	"..\\acn-sdk-c\\platforms\\senseability\\trace.c\000"
 648      636E2D73 
 648      646B2D63 
 648      5C706C61 
 648      74666F72 
 649              	.LASF12:
 650 0102 63686172 		.ascii	"char8\000"
 650      3800
 651              	.LASF26:
 652 0108 53575F54 		.ascii	"SW_Tx_UART_1_PutString\000"
 652      785F5541 
 652      52545F31 
 652      5F507574 
 652      53747269 
 653              	.LASF21:
 654 011f 433A5C55 		.ascii	"C:\\Users\\ddemidov\\Documents\\PSoC Creator\\BLE_F"
 654      73657273 
 654      5C646465 
 654      6D69646F 
 654      765C446F 
 655 014d 696E644D 		.ascii	"indMe01\\SenseAbility.cydsn\000"
 655      6530315C 
 655      53656E73 
 655      65416269 
 655      6C697479 
 656              	.LASF1:
 657 0168 756E7369 		.ascii	"unsigned char\000"
 657      676E6564 
 657      20636861 
 657      7200
 658              	.LASF22:
 659 0176 5F5F7661 		.ascii	"__va_list\000"
 659      5F6C6973 
 659      7400
 660              	.LASF11:
 661 0180 63686172 		.ascii	"char\000"
 661      00
 662              	.LASF18:
 663 0185 73656E64 		.ascii	"send_str\000"
ARM GAS  C:\Users\ddemidov\AppData\Local\Temp\ccDZUwIJ.s 			page 14


 663      5F737472 
 663      00
 664              	.LASF4:
 665 018e 6C6F6E67 		.ascii	"long int\000"
 665      20696E74 
 665      00
 666              	.LASF16:
 667 0197 76615F6C 		.ascii	"va_list\000"
 667      69737400 
 668              	.LASF10:
 669 019f 646F7562 		.ascii	"double\000"
 669      6C6500
 670              	.LASF3:
 671 01a6 73686F72 		.ascii	"short unsigned int\000"
 671      7420756E 
 671      7369676E 
 671      65642069 
 671      6E7400
 672              	.LASF0:
 673 01b9 7369676E 		.ascii	"signed char\000"
 673      65642063 
 673      68617200 
 674              	.LASF24:
 675 01c5 6462675F 		.ascii	"dbg_line\000"
 675      6C696E65 
 675      00
 676              	.LASF15:
 677 01ce 5F5F676E 		.ascii	"__gnuc_va_list\000"
 677      75635F76 
 677      615F6C69 
 677      737400
 678              	.LASF9:
 679 01dd 666C6F61 		.ascii	"float\000"
 679      7400
 680              	.LASF2:
 681 01e3 73686F72 		.ascii	"short int\000"
 681      7420696E 
 681      7400
 682              	.LASF8:
 683 01ed 756E7369 		.ascii	"unsigned int\000"
 683      676E6564 
 683      20696E74 
 683      00
 684              	.LASF17:
 685 01fa 61726773 		.ascii	"args\000"
 685      00
 686              	.LASF27:
 687 01ff 53575F54 		.ascii	"SW_Tx_UART_1_PutCRLF\000"
 687      785F5541 
 687      52545F31 
 687      5F507574 
 687      43524C46 
 688              	.LASF14:
 689 0214 73697A65 		.ascii	"sizetype\000"
 689      74797065 
 689      00
 690              	.LASF23:
ARM GAS  C:\Users\ddemidov\AppData\Local\Temp\ccDZUwIJ.s 			page 15


 691 021d 5F5F6170 		.ascii	"__ap\000"
 691      00
 692              		.ident	"GCC: (GNU Tools for ARM Embedded Processors) 4.9.3 20150303 (release) [ARM/embedded-4_9-br
