ARM GAS  C:\Users\ddemidov\AppData\Local\Temp\ccvwrTfh.s 			page 1


   1              		.cpu cortex-m0
   2              		.fpu softvfp
   3              		.eabi_attribute 20, 1
   4              		.eabi_attribute 21, 1
   5              		.eabi_attribute 23, 3
   6              		.eabi_attribute 24, 1
   7              		.eabi_attribute 25, 1
   8              		.eabi_attribute 26, 1
   9              		.eabi_attribute 30, 4
  10              		.eabi_attribute 34, 0
  11              		.eabi_attribute 18, 4
  12              		.code	16
  13              		.file	"utf8.c"
  14              		.text
  15              	.Ltext0:
  16              		.cfi_sections	.debug_frame
  17              		.section	.text.utf8check,"ax",%progbits
  18              		.align	1
  19              		.global	utf8check
  20              		.code	16
  21              		.thumb_func
  22              		.type	utf8check, %function
  23              	utf8check:
  24              	.LFB1:
  25              		.file 1 "..\\acn-sdk-c\\src\\arrow\\utf8.c"
   1:..\acn-sdk-c\src\arrow/utf8.c **** /* Copyright (c) 2017 Arrow Electronics, Inc.
   2:..\acn-sdk-c\src\arrow/utf8.c ****  * All rights reserved. This program and the accompanying materials
   3:..\acn-sdk-c\src\arrow/utf8.c ****  * are made available under the terms of the Apache License 2.0
   4:..\acn-sdk-c\src\arrow/utf8.c ****  * which accompanies this distribution, and is available at
   5:..\acn-sdk-c\src\arrow/utf8.c ****  * http://apache.org/licenses/LICENSE-2.0
   6:..\acn-sdk-c\src\arrow/utf8.c ****  * Contributors: Arrow Electronics, Inc.
   7:..\acn-sdk-c\src\arrow/utf8.c ****  */
   8:..\acn-sdk-c\src\arrow/utf8.c **** 
   9:..\acn-sdk-c\src\arrow/utf8.c **** #include <arrow/mem.h>
  10:..\acn-sdk-c\src\arrow/utf8.c **** static int utf8_validate_cz(const char *s) {
  11:..\acn-sdk-c\src\arrow/utf8.c ****   unsigned char c = (unsigned char) *s;
  12:..\acn-sdk-c\src\arrow/utf8.c **** 
  13:..\acn-sdk-c\src\arrow/utf8.c ****   if ( c > 0x1F && c <= 0x7F) {        /* 1F..7F */
  14:..\acn-sdk-c\src\arrow/utf8.c ****     return 1;
  15:..\acn-sdk-c\src\arrow/utf8.c ****   } else if (c <= 0xC1) { /* 80..C1 */
  16:..\acn-sdk-c\src\arrow/utf8.c ****     /* Disallow overlong 2-byte sequence. */
  17:..\acn-sdk-c\src\arrow/utf8.c ****     return 0;
  18:..\acn-sdk-c\src\arrow/utf8.c ****   } else if (c <= 0xDF) { /* C2..DF */
  19:..\acn-sdk-c\src\arrow/utf8.c ****     /* Make sure subsequent byte is in the range 0x80..0xBF. */
  20:..\acn-sdk-c\src\arrow/utf8.c ****     if (((unsigned char)*s++ & 0xC0) != 0x80)
  21:..\acn-sdk-c\src\arrow/utf8.c ****       return 0;
  22:..\acn-sdk-c\src\arrow/utf8.c **** 
  23:..\acn-sdk-c\src\arrow/utf8.c ****     return 2;
  24:..\acn-sdk-c\src\arrow/utf8.c ****   } else if (c <= 0xEF) { /* E0..EF */
  25:..\acn-sdk-c\src\arrow/utf8.c ****     /* Disallow overlong 3-byte sequence. */
  26:..\acn-sdk-c\src\arrow/utf8.c ****     if (c == 0xE0 && (unsigned char)*s < 0xA0)
  27:..\acn-sdk-c\src\arrow/utf8.c ****       return 0;
  28:..\acn-sdk-c\src\arrow/utf8.c **** 
  29:..\acn-sdk-c\src\arrow/utf8.c ****     /* Disallow U+D800..U+DFFF. */
  30:..\acn-sdk-c\src\arrow/utf8.c ****     if (c == 0xED && (unsigned char)*s > 0x9F)
  31:..\acn-sdk-c\src\arrow/utf8.c ****       return 0;
  32:..\acn-sdk-c\src\arrow/utf8.c **** 
ARM GAS  C:\Users\ddemidov\AppData\Local\Temp\ccvwrTfh.s 			page 2


  33:..\acn-sdk-c\src\arrow/utf8.c ****     /* Make sure subsequent bytes are in the range 0x80..0xBF. */
  34:..\acn-sdk-c\src\arrow/utf8.c ****     if (((unsigned char)*s++ & 0xC0) != 0x80)
  35:..\acn-sdk-c\src\arrow/utf8.c ****       return 0;
  36:..\acn-sdk-c\src\arrow/utf8.c ****     if (((unsigned char)*s++ & 0xC0) != 0x80)
  37:..\acn-sdk-c\src\arrow/utf8.c ****       return 0;
  38:..\acn-sdk-c\src\arrow/utf8.c **** 
  39:..\acn-sdk-c\src\arrow/utf8.c ****     return 3;
  40:..\acn-sdk-c\src\arrow/utf8.c ****   } else if (c <= 0xF4) { /* F0..F4 */
  41:..\acn-sdk-c\src\arrow/utf8.c ****     /* Disallow overlong 4-byte sequence. */
  42:..\acn-sdk-c\src\arrow/utf8.c ****     if (c == 0xF0 && (unsigned char)*s < 0x90)
  43:..\acn-sdk-c\src\arrow/utf8.c ****       return 0;
  44:..\acn-sdk-c\src\arrow/utf8.c **** 
  45:..\acn-sdk-c\src\arrow/utf8.c ****     /* Disallow codepoints beyond U+10FFFF. */
  46:..\acn-sdk-c\src\arrow/utf8.c ****     if (c == 0xF4 && (unsigned char)*s > 0x8F)
  47:..\acn-sdk-c\src\arrow/utf8.c ****       return 0;
  48:..\acn-sdk-c\src\arrow/utf8.c **** 
  49:..\acn-sdk-c\src\arrow/utf8.c ****     /* Make sure subsequent bytes are in the range 0x80..0xBF. */
  50:..\acn-sdk-c\src\arrow/utf8.c ****     if (((unsigned char)*s++ & 0xC0) != 0x80)
  51:..\acn-sdk-c\src\arrow/utf8.c ****       return 0;
  52:..\acn-sdk-c\src\arrow/utf8.c ****     if (((unsigned char)*s++ & 0xC0) != 0x80)
  53:..\acn-sdk-c\src\arrow/utf8.c ****       return 0;
  54:..\acn-sdk-c\src\arrow/utf8.c ****     if (((unsigned char)*s++ & 0xC0) != 0x80)
  55:..\acn-sdk-c\src\arrow/utf8.c ****       return 0;
  56:..\acn-sdk-c\src\arrow/utf8.c **** 
  57:..\acn-sdk-c\src\arrow/utf8.c ****     return 4;
  58:..\acn-sdk-c\src\arrow/utf8.c ****   } else {                /* F5..FF */
  59:..\acn-sdk-c\src\arrow/utf8.c ****     return 0;
  60:..\acn-sdk-c\src\arrow/utf8.c ****   }
  61:..\acn-sdk-c\src\arrow/utf8.c **** }
  62:..\acn-sdk-c\src\arrow/utf8.c **** 
  63:..\acn-sdk-c\src\arrow/utf8.c **** int utf8check(const char *s) {
  26              		.loc 1 63 0
  27              		.cfi_startproc
  28              	.LVL0:
  29              	.L2:
  64:..\acn-sdk-c\src\arrow/utf8.c ****   int len;
  65:..\acn-sdk-c\src\arrow/utf8.c ****   for (; *s != 0; s += len) {
  30              		.loc 1 65 0 discriminator 1
  31 0000 0378     		ldrb	r3, [r0]
  32 0002 002B     		cmp	r3, #0
  33 0004 04D0     		beq	.L7
  34              	.LVL1:
  35              	.LBB4:
  36              	.LBB5:
  13:..\acn-sdk-c\src\arrow/utf8.c ****     return 1;
  37              		.loc 1 13 0
  38 0006 203B     		sub	r3, r3, #32
  39              	.LVL2:
  40 0008 5F2B     		cmp	r3, #95
  41 000a 03D8     		bhi	.L5
  42              	.LBE5:
  43              	.LBE4:
  44              		.loc 1 65 0
  45 000c 0130     		add	r0, r0, #1
  46              	.LVL3:
  47 000e F7E7     		b	.L2
  48              	.LVL4:
ARM GAS  C:\Users\ddemidov\AppData\Local\Temp\ccvwrTfh.s 			page 3


  49              	.L7:
  66:..\acn-sdk-c\src\arrow/utf8.c ****     len = utf8_validate_cz(s);
  67:..\acn-sdk-c\src\arrow/utf8.c ****     if (len == 0)
  68:..\acn-sdk-c\src\arrow/utf8.c ****       return 0;
  69:..\acn-sdk-c\src\arrow/utf8.c ****   }
  70:..\acn-sdk-c\src\arrow/utf8.c ****   return 1;
  50              		.loc 1 70 0
  51 0010 0120     		mov	r0, #1
  52              	.LVL5:
  53 0012 00E0     		b	.L3
  54              	.LVL6:
  55              	.L5:
  68:..\acn-sdk-c\src\arrow/utf8.c ****   }
  56              		.loc 1 68 0
  57 0014 0020     		mov	r0, #0
  58              	.LVL7:
  59              	.L3:
  71:..\acn-sdk-c\src\arrow/utf8.c **** }
  60              		.loc 1 71 0
  61              		@ sp needed
  62 0016 7047     		bx	lr
  63              		.cfi_endproc
  64              	.LFE1:
  65              		.size	utf8check, .-utf8check
  66              		.section	.text.fix_urldecode,"ax",%progbits
  67              		.align	1
  68              		.global	fix_urldecode
  69              		.code	16
  70              		.thumb_func
  71              		.type	fix_urldecode, %function
  72              	fix_urldecode:
  73              	.LFB2:
  72:..\acn-sdk-c\src\arrow/utf8.c **** 
  73:..\acn-sdk-c\src\arrow/utf8.c **** void fix_urldecode(char *query) {
  74              		.loc 1 73 0
  75              		.cfi_startproc
  76              	.LVL8:
  77 0000 F7B5     		push	{r0, r1, r2, r4, r5, r6, r7, lr}
  78              		.cfi_def_cfa_offset 32
  79              		.cfi_offset 0, -32
  80              		.cfi_offset 1, -28
  81              		.cfi_offset 2, -24
  82              		.cfi_offset 4, -20
  83              		.cfi_offset 5, -16
  84              		.cfi_offset 6, -12
  85              		.cfi_offset 7, -8
  86              		.cfi_offset 14, -4
  87              		.loc 1 73 0
  88 0002 041C     		mov	r4, r0
  74:..\acn-sdk-c\src\arrow/utf8.c ****     int len = strlen(query);
  89              		.loc 1 74 0
  90 0004 FFF7FEFF 		bl	strlen
  91              	.LVL9:
  75:..\acn-sdk-c\src\arrow/utf8.c ****     char *_perc = strstr(query, "%");
  92              		.loc 1 75 0
  93 0008 2521     		mov	r1, #37
  74:..\acn-sdk-c\src\arrow/utf8.c ****     int len = strlen(query);
ARM GAS  C:\Users\ddemidov\AppData\Local\Temp\ccvwrTfh.s 			page 4


  94              		.loc 1 74 0
  95 000a 061C     		mov	r6, r0
  96              	.LVL10:
  97              		.loc 1 75 0
  98 000c 201C     		mov	r0, r4
  99              	.LVL11:
 100 000e FFF7FEFF 		bl	strchr
 101              	.LVL12:
 102 0012 071E     		sub	r7, r0, #0
 103              	.LVL13:
  76:..\acn-sdk-c\src\arrow/utf8.c ****     if ( _perc ) {
 104              		.loc 1 76 0
 105 0014 10D0     		beq	.L8
 106              	.LBB6:
  77:..\acn-sdk-c\src\arrow/utf8.c ****         int val;
  78:..\acn-sdk-c\src\arrow/utf8.c ****         int ret = sscanf(_perc+1, "%x", &val);
 107              		.loc 1 78 0
 108 0016 451C     		add	r5, r0, #1
 109 0018 281C     		mov	r0, r5
 110              	.LVL14:
 111 001a 0849     		ldr	r1, .L14
 112 001c 01AA     		add	r2, sp, #4
 113 001e FFF7FEFF 		bl	sscanf
 114              	.LVL15:
  79:..\acn-sdk-c\src\arrow/utf8.c ****         if ( ret == 1 ) {
 115              		.loc 1 79 0
 116 0022 0128     		cmp	r0, #1
 117 0024 08D1     		bne	.L8
  80:..\acn-sdk-c\src\arrow/utf8.c ****             *_perc = (char)val;
  81:..\acn-sdk-c\src\arrow/utf8.c ****             memmove(_perc+1, _perc+3, len - (_perc+3 - query) +1 );
 118              		.loc 1 81 0
 119 0026 F91C     		add	r1, r7, #3
  80:..\acn-sdk-c\src\arrow/utf8.c ****             *_perc = (char)val;
 120              		.loc 1 80 0
 121 0028 019B     		ldr	r3, [sp, #4]
 122              		.loc 1 81 0
 123 002a 621A     		sub	r2, r4, r1
 124 002c B218     		add	r2, r6, r2
  80:..\acn-sdk-c\src\arrow/utf8.c ****             *_perc = (char)val;
 125              		.loc 1 80 0
 126 002e 3B70     		strb	r3, [r7]
 127              		.loc 1 81 0
 128 0030 0132     		add	r2, r2, #1
 129 0032 281C     		mov	r0, r5
 130              	.LVL16:
 131 0034 FFF7FEFF 		bl	memmove
 132              	.LVL17:
 133              	.L8:
 134              	.LBE6:
  82:..\acn-sdk-c\src\arrow/utf8.c ****         }
  83:..\acn-sdk-c\src\arrow/utf8.c ****     }
  84:..\acn-sdk-c\src\arrow/utf8.c **** }
 135              		.loc 1 84 0
 136              		@ sp needed
 137              	.LVL18:
 138              	.LVL19:
 139              	.LVL20:
ARM GAS  C:\Users\ddemidov\AppData\Local\Temp\ccvwrTfh.s 			page 5


 140 0038 F7BD     		pop	{r0, r1, r2, r4, r5, r6, r7, pc}
 141              	.L15:
 142 003a C046     		.align	2
 143              	.L14:
 144 003c 00000000 		.word	.LC2
 145              		.cfi_endproc
 146              	.LFE2:
 147              		.size	fix_urldecode, .-fix_urldecode
 148              		.section	.text.urlencode,"ax",%progbits
 149              		.align	1
 150              		.global	urlencode
 151              		.code	16
 152              		.thumb_func
 153              		.type	urlencode, %function
 154              	urlencode:
 155              	.LFB3:
  85:..\acn-sdk-c\src\arrow/utf8.c **** 
  86:..\acn-sdk-c\src\arrow/utf8.c **** void urlencode(char *dst, char *src, int len) {
 156              		.loc 1 86 0
 157              		.cfi_startproc
 158              	.LVL21:
 159 0000 38B5     		push	{r3, r4, r5, lr}
 160              		.cfi_def_cfa_offset 16
 161              		.cfi_offset 3, -16
 162              		.cfi_offset 4, -12
 163              		.cfi_offset 5, -8
 164              		.cfi_offset 14, -4
 165              		.loc 1 86 0
 166 0002 041C     		mov	r4, r0
 167 0004 0D1C     		mov	r5, r1
 168              	.LVL22:
  87:..\acn-sdk-c\src\arrow/utf8.c ****   char *hex = "0123456789abcdef";
  88:..\acn-sdk-c\src\arrow/utf8.c ****   char *src_p = src;
  89:..\acn-sdk-c\src\arrow/utf8.c ****   char *dst_p = dst;
  90:..\acn-sdk-c\src\arrow/utf8.c ****   if (!len) len = strlen(src);
 169              		.loc 1 90 0
 170 0006 002A     		cmp	r2, #0
 171 0008 03D1     		bne	.L17
 172              		.loc 1 90 0 is_stmt 0 discriminator 1
 173 000a 081C     		mov	r0, r1
 174              	.LVL23:
 175 000c FFF7FEFF 		bl	strlen
 176              	.LVL24:
 177 0010 021C     		mov	r2, r0
 178              	.LVL25:
 179              	.L17:
 180 0012 291C     		mov	r1, r5
 181 0014 AA18     		add	r2, r5, r2
 182              	.LVL26:
 183              	.L18:
  91:..\acn-sdk-c\src\arrow/utf8.c **** 
  92:..\acn-sdk-c\src\arrow/utf8.c ****   while( src_p && len-- ){
 184              		.loc 1 92 0 is_stmt 1
 185 0016 0029     		cmp	r1, #0
 186 0018 02D1     		bne	.L22
 187              	.L24:
  93:..\acn-sdk-c\src\arrow/utf8.c ****     if( ('a' <= *src_p && *src_p <= 'z')
ARM GAS  C:\Users\ddemidov\AppData\Local\Temp\ccvwrTfh.s 			page 6


  94:..\acn-sdk-c\src\arrow/utf8.c ****         || ('A' <= *src_p && *src_p <= 'Z')
  95:..\acn-sdk-c\src\arrow/utf8.c ****         || ('0' <= *src_p && *src_p <= '9')
  96:..\acn-sdk-c\src\arrow/utf8.c ****         || ( *src_p == '-' )
  97:..\acn-sdk-c\src\arrow/utf8.c ****         || ( *src_p == '_' )
  98:..\acn-sdk-c\src\arrow/utf8.c ****         ){
  99:..\acn-sdk-c\src\arrow/utf8.c ****       *dst_p++ = *src_p++;
 100:..\acn-sdk-c\src\arrow/utf8.c ****     } else {
 101:..\acn-sdk-c\src\arrow/utf8.c ****       *dst_p++ = ('%');
 102:..\acn-sdk-c\src\arrow/utf8.c ****       *dst_p++ = (hex[*src_p >> 4]);
 103:..\acn-sdk-c\src\arrow/utf8.c ****       *dst_p++ = (hex[*src_p & 15]);
 104:..\acn-sdk-c\src\arrow/utf8.c ****       src_p++;
 105:..\acn-sdk-c\src\arrow/utf8.c ****     }
 106:..\acn-sdk-c\src\arrow/utf8.c ****   }
 107:..\acn-sdk-c\src\arrow/utf8.c ****   *dst_p = '\0';
 188              		.loc 1 107 0
 189 001a 0023     		mov	r3, #0
 108:..\acn-sdk-c\src\arrow/utf8.c **** }
 190              		.loc 1 108 0
 191              		@ sp needed
 107:..\acn-sdk-c\src\arrow/utf8.c **** }
 192              		.loc 1 107 0
 193 001c 2370     		strb	r3, [r4]
 194              	.LVL27:
 195              		.loc 1 108 0
 196 001e 38BD     		pop	{r3, r4, r5, pc}
 197              	.LVL28:
 198              	.L22:
  92:..\acn-sdk-c\src\arrow/utf8.c ****     if( ('a' <= *src_p && *src_p <= 'z')
 199              		.loc 1 92 0 discriminator 1
 200 0020 9142     		cmp	r1, r2
 201 0022 FAD0     		beq	.L24
  93:..\acn-sdk-c\src\arrow/utf8.c ****         || ('A' <= *src_p && *src_p <= 'Z')
 202              		.loc 1 93 0
 203 0024 0B78     		ldrb	r3, [r1]
  94:..\acn-sdk-c\src\arrow/utf8.c ****         || ('0' <= *src_p && *src_p <= '9')
 204              		.loc 1 94 0
 205 0026 2020     		mov	r0, #32
 206 0028 1D1C     		mov	r5, r3
 207 002a 8543     		bic	r5, r0
 208 002c 281C     		mov	r0, r5
 209 002e 4138     		sub	r0, r0, #65
 210 0030 1928     		cmp	r0, #25
 211 0032 07D9     		bls	.L19
  95:..\acn-sdk-c\src\arrow/utf8.c ****         || ( *src_p == '-' )
 212              		.loc 1 95 0
 213 0034 181C     		mov	r0, r3
 214 0036 3038     		sub	r0, r0, #48
 215 0038 0928     		cmp	r0, #9
 216 003a 03D9     		bls	.L19
  96:..\acn-sdk-c\src\arrow/utf8.c ****         || ( *src_p == '_' )
 217              		.loc 1 96 0
 218 003c 2D2B     		cmp	r3, #45
 219 003e 01D0     		beq	.L19
  97:..\acn-sdk-c\src\arrow/utf8.c ****         ){
 220              		.loc 1 97 0
 221 0040 5F2B     		cmp	r3, #95
 222 0042 02D1     		bne	.L20
ARM GAS  C:\Users\ddemidov\AppData\Local\Temp\ccvwrTfh.s 			page 7


 223              	.L19:
 224              	.LVL29:
  99:..\acn-sdk-c\src\arrow/utf8.c ****     } else {
 225              		.loc 1 99 0
 226 0044 2370     		strb	r3, [r4]
 227 0046 0134     		add	r4, r4, #1
 228              	.LVL30:
 229 0048 0CE0     		b	.L21
 230              	.LVL31:
 231              	.L20:
 101:..\acn-sdk-c\src\arrow/utf8.c ****       *dst_p++ = (hex[*src_p >> 4]);
 232              		.loc 1 101 0
 233 004a 2523     		mov	r3, #37
 234 004c 2370     		strb	r3, [r4]
 235              	.LVL32:
 102:..\acn-sdk-c\src\arrow/utf8.c ****       *dst_p++ = (hex[*src_p & 15]);
 236              		.loc 1 102 0
 237 004e 0B78     		ldrb	r3, [r1]
 238 0050 0548     		ldr	r0, .L29
 239 0052 1B09     		lsr	r3, r3, #4
 240 0054 C35C     		ldrb	r3, [r0, r3]
 241 0056 6370     		strb	r3, [r4, #1]
 103:..\acn-sdk-c\src\arrow/utf8.c ****       src_p++;
 242              		.loc 1 103 0
 243 0058 0F23     		mov	r3, #15
 244 005a 0D78     		ldrb	r5, [r1]
 245 005c 2B40     		and	r3, r5
 246 005e C35C     		ldrb	r3, [r0, r3]
 247 0060 A370     		strb	r3, [r4, #2]
 248              	.LVL33:
 249 0062 0334     		add	r4, r4, #3
 250              	.LVL34:
 251              	.L21:
 252 0064 0131     		add	r1, r1, #1
 253 0066 D6E7     		b	.L18
 254              	.L30:
 255              		.align	2
 256              	.L29:
 257 0068 03000000 		.word	.LC4
 258              		.cfi_endproc
 259              	.LFE3:
 260              		.size	urlencode, .-urlencode
 261              		.section	.rodata.str1.1,"aMS",%progbits,1
 262              	.LC2:
 263 0000 257800   		.ascii	"%x\000"
 264              	.LC4:
 265 0003 30313233 		.ascii	"0123456789abcdef\000"
 265      34353637 
 265      38396162 
 265      63646566 
 265      00
 266              		.text
 267              	.Letext0:
 268              		.file 2 "<built-in>"
 269              		.file 3 "c:\\program files (x86)\\cypress\\psoc creator\\3.3\\psoc creator\\import\\gnu\\arm\\4.9.
 270              		.file 4 "c:\\program files (x86)\\cypress\\psoc creator\\3.3\\psoc creator\\import\\gnu\\arm\\4.9.
 271              		.section	.debug_info,"",%progbits
ARM GAS  C:\Users\ddemidov\AppData\Local\Temp\ccvwrTfh.s 			page 8


 272              	.Ldebug_info0:
 273 0000 02030000 		.4byte	0x302
 274 0004 0400     		.2byte	0x4
 275 0006 00000000 		.4byte	.Ldebug_abbrev0
 276 000a 04       		.byte	0x4
 277 000b 01       		.uleb128 0x1
 278 000c 11000000 		.4byte	.LASF21
 279 0010 01       		.byte	0x1
 280 0011 BC000000 		.4byte	.LASF22
 281 0015 BE010000 		.4byte	.LASF23
 282 0019 00000000 		.4byte	.Ldebug_ranges0+0
 283 001d 00000000 		.4byte	0
 284 0021 00000000 		.4byte	.Ldebug_line0
 285 0025 02       		.uleb128 0x2
 286 0026 04       		.byte	0x4
 287 0027 05       		.byte	0x5
 288 0028 696E7400 		.ascii	"int\000"
 289 002c 03       		.uleb128 0x3
 290 002d 85010000 		.4byte	.LASF24
 291 0031 04       		.byte	0x4
 292 0032 D4       		.byte	0xd4
 293 0033 37000000 		.4byte	0x37
 294 0037 04       		.uleb128 0x4
 295 0038 04       		.byte	0x4
 296 0039 07       		.byte	0x7
 297 003a 4B010000 		.4byte	.LASF0
 298 003e 04       		.uleb128 0x4
 299 003f 01       		.byte	0x1
 300 0040 06       		.byte	0x6
 301 0041 28010000 		.4byte	.LASF1
 302 0045 04       		.uleb128 0x4
 303 0046 01       		.byte	0x1
 304 0047 08       		.byte	0x8
 305 0048 0D010000 		.4byte	.LASF2
 306 004c 04       		.uleb128 0x4
 307 004d 02       		.byte	0x2
 308 004e 05       		.byte	0x5
 309 004f 07000000 		.4byte	.LASF3
 310 0053 04       		.uleb128 0x4
 311 0054 02       		.byte	0x2
 312 0055 07       		.byte	0x7
 313 0056 66010000 		.4byte	.LASF4
 314 005a 04       		.uleb128 0x4
 315 005b 04       		.byte	0x4
 316 005c 05       		.byte	0x5
 317 005d DA000000 		.4byte	.LASF5
 318 0061 04       		.uleb128 0x4
 319 0062 04       		.byte	0x4
 320 0063 07       		.byte	0x7
 321 0064 92010000 		.4byte	.LASF6
 322 0068 04       		.uleb128 0x4
 323 0069 08       		.byte	0x8
 324 006a 05       		.byte	0x5
 325 006b AE000000 		.4byte	.LASF7
 326 006f 04       		.uleb128 0x4
 327 0070 08       		.byte	0x8
 328 0071 07       		.byte	0x7
ARM GAS  C:\Users\ddemidov\AppData\Local\Temp\ccvwrTfh.s 			page 9


 329 0072 34010000 		.4byte	.LASF8
 330 0076 04       		.uleb128 0x4
 331 0077 04       		.byte	0x4
 332 0078 07       		.byte	0x7
 333 0079 9F000000 		.4byte	.LASF9
 334 007d 05       		.uleb128 0x5
 335 007e 04       		.byte	0x4
 336 007f 06       		.uleb128 0x6
 337 0080 04       		.byte	0x4
 338 0081 85000000 		.4byte	0x85
 339 0085 04       		.uleb128 0x4
 340 0086 01       		.byte	0x1
 341 0087 08       		.byte	0x8
 342 0088 79010000 		.4byte	.LASF10
 343 008c 06       		.uleb128 0x6
 344 008d 04       		.byte	0x4
 345 008e 92000000 		.4byte	0x92
 346 0092 07       		.uleb128 0x7
 347 0093 85000000 		.4byte	0x85
 348 0097 06       		.uleb128 0x6
 349 0098 04       		.byte	0x4
 350 0099 9D000000 		.4byte	0x9d
 351 009d 08       		.uleb128 0x8
 352 009e 09       		.uleb128 0x9
 353 009f F4000000 		.4byte	.LASF25
 354 00a3 01       		.byte	0x1
 355 00a4 0A       		.byte	0xa
 356 00a5 25000000 		.4byte	0x25
 357 00a9 01       		.byte	0x1
 358 00aa C1000000 		.4byte	0xc1
 359 00ae 0A       		.uleb128 0xa
 360 00af 7300     		.ascii	"s\000"
 361 00b1 01       		.byte	0x1
 362 00b2 0A       		.byte	0xa
 363 00b3 8C000000 		.4byte	0x8c
 364 00b7 0B       		.uleb128 0xb
 365 00b8 6300     		.ascii	"c\000"
 366 00ba 01       		.byte	0x1
 367 00bb 0B       		.byte	0xb
 368 00bc 45000000 		.4byte	0x45
 369 00c0 00       		.byte	0
 370 00c1 0C       		.uleb128 0xc
 371 00c2 B4010000 		.4byte	.LASF26
 372 00c6 01       		.byte	0x1
 373 00c7 3F       		.byte	0x3f
 374 00c8 25000000 		.4byte	0x25
 375 00cc 00000000 		.4byte	.LFB1
 376 00d0 18000000 		.4byte	.LFE1-.LFB1
 377 00d4 01       		.uleb128 0x1
 378 00d5 9C       		.byte	0x9c
 379 00d6 1F010000 		.4byte	0x11f
 380 00da 0D       		.uleb128 0xd
 381 00db 7300     		.ascii	"s\000"
 382 00dd 01       		.byte	0x1
 383 00de 3F       		.byte	0x3f
 384 00df 8C000000 		.4byte	0x8c
 385 00e3 00000000 		.4byte	.LLST0
ARM GAS  C:\Users\ddemidov\AppData\Local\Temp\ccvwrTfh.s 			page 10


 386 00e7 0B       		.uleb128 0xb
 387 00e8 6C656E00 		.ascii	"len\000"
 388 00ec 01       		.byte	0x1
 389 00ed 40       		.byte	0x40
 390 00ee 25000000 		.4byte	0x25
 391 00f2 0E       		.uleb128 0xe
 392 00f3 9E000000 		.4byte	0x9e
 393 00f7 06000000 		.4byte	.LBB4
 394 00fb 06000000 		.4byte	.LBE4-.LBB4
 395 00ff 01       		.byte	0x1
 396 0100 42       		.byte	0x42
 397 0101 0F       		.uleb128 0xf
 398 0102 AE000000 		.4byte	0xae
 399 0106 29000000 		.4byte	.LLST1
 400 010a 10       		.uleb128 0x10
 401 010b 06000000 		.4byte	.LBB5
 402 010f 06000000 		.4byte	.LBE5-.LBB5
 403 0113 11       		.uleb128 0x11
 404 0114 B7000000 		.4byte	0xb7
 405 0118 54000000 		.4byte	.LLST2
 406 011c 00       		.byte	0
 407 011d 00       		.byte	0
 408 011e 00       		.byte	0
 409 011f 12       		.uleb128 0x12
 410 0120 58010000 		.4byte	.LASF13
 411 0124 01       		.byte	0x1
 412 0125 49       		.byte	0x49
 413 0126 00000000 		.4byte	.LFB2
 414 012a 40000000 		.4byte	.LFE2-.LFB2
 415 012e 01       		.uleb128 0x1
 416 012f 9C       		.byte	0x9c
 417 0130 19020000 		.4byte	0x219
 418 0134 13       		.uleb128 0x13
 419 0135 8C010000 		.4byte	.LASF11
 420 0139 01       		.byte	0x1
 421 013a 49       		.byte	0x49
 422 013b 7F000000 		.4byte	0x7f
 423 013f 81000000 		.4byte	.LLST3
 424 0143 14       		.uleb128 0x14
 425 0144 6C656E00 		.ascii	"len\000"
 426 0148 01       		.byte	0x1
 427 0149 4A       		.byte	0x4a
 428 014a 25000000 		.4byte	0x25
 429 014e AD000000 		.4byte	.LLST4
 430 0152 15       		.uleb128 0x15
 431 0153 22010000 		.4byte	.LASF12
 432 0157 01       		.byte	0x1
 433 0158 4B       		.byte	0x4b
 434 0159 7F000000 		.4byte	0x7f
 435 015d CB000000 		.4byte	.LLST5
 436 0161 16       		.uleb128 0x16
 437 0162 16000000 		.4byte	.LBB6
 438 0166 22000000 		.4byte	.LBE6-.LBB6
 439 016a EE010000 		.4byte	0x1ee
 440 016e 17       		.uleb128 0x17
 441 016f 76616C00 		.ascii	"val\000"
 442 0173 01       		.byte	0x1
ARM GAS  C:\Users\ddemidov\AppData\Local\Temp\ccvwrTfh.s 			page 11


 443 0174 4D       		.byte	0x4d
 444 0175 25000000 		.4byte	0x25
 445 0179 02       		.uleb128 0x2
 446 017a 91       		.byte	0x91
 447 017b 64       		.sleb128 -28
 448 017c 14       		.uleb128 0x14
 449 017d 72657400 		.ascii	"ret\000"
 450 0181 01       		.byte	0x1
 451 0182 4E       		.byte	0x4e
 452 0183 25000000 		.4byte	0x25
 453 0187 E9000000 		.4byte	.LLST6
 454 018b 18       		.uleb128 0x18
 455 018c 00000000 		.4byte	.LASF17
 456 0190 02       		.byte	0x2
 457 0191 00       		.byte	0
 458 0192 25000000 		.4byte	0x25
 459 0196 A6010000 		.4byte	0x1a6
 460 019a 19       		.uleb128 0x19
 461 019b 8C000000 		.4byte	0x8c
 462 019f 19       		.uleb128 0x19
 463 01a0 8C000000 		.4byte	0x8c
 464 01a4 1A       		.uleb128 0x1a
 465 01a5 00       		.byte	0
 466 01a6 1B       		.uleb128 0x1b
 467 01a7 22000000 		.4byte	.LVL15
 468 01ab 9C020000 		.4byte	0x29c
 469 01af C9010000 		.4byte	0x1c9
 470 01b3 1C       		.uleb128 0x1c
 471 01b4 01       		.uleb128 0x1
 472 01b5 52       		.byte	0x52
 473 01b6 02       		.uleb128 0x2
 474 01b7 91       		.byte	0x91
 475 01b8 64       		.sleb128 -28
 476 01b9 1C       		.uleb128 0x1c
 477 01ba 01       		.uleb128 0x1
 478 01bb 51       		.byte	0x51
 479 01bc 05       		.uleb128 0x5
 480 01bd 03       		.byte	0x3
 481 01be 00000000 		.4byte	.LC2
 482 01c2 1C       		.uleb128 0x1c
 483 01c3 01       		.uleb128 0x1
 484 01c4 50       		.byte	0x50
 485 01c5 02       		.uleb128 0x2
 486 01c6 75       		.byte	0x75
 487 01c7 00       		.sleb128 0
 488 01c8 00       		.byte	0
 489 01c9 1D       		.uleb128 0x1d
 490 01ca 38000000 		.4byte	.LVL17
 491 01ce B7020000 		.4byte	0x2b7
 492 01d2 1C       		.uleb128 0x1c
 493 01d3 01       		.uleb128 0x1
 494 01d4 52       		.byte	0x52
 495 01d5 0A       		.uleb128 0xa
 496 01d6 74       		.byte	0x74
 497 01d7 00       		.sleb128 0
 498 01d8 77       		.byte	0x77
 499 01d9 00       		.sleb128 0
ARM GAS  C:\Users\ddemidov\AppData\Local\Temp\ccvwrTfh.s 			page 12


 500 01da 1C       		.byte	0x1c
 501 01db 76       		.byte	0x76
 502 01dc 00       		.sleb128 0
 503 01dd 22       		.byte	0x22
 504 01de 32       		.byte	0x32
 505 01df 1C       		.byte	0x1c
 506 01e0 1C       		.uleb128 0x1c
 507 01e1 01       		.uleb128 0x1
 508 01e2 51       		.byte	0x51
 509 01e3 02       		.uleb128 0x2
 510 01e4 77       		.byte	0x77
 511 01e5 03       		.sleb128 3
 512 01e6 1C       		.uleb128 0x1c
 513 01e7 01       		.uleb128 0x1
 514 01e8 50       		.byte	0x50
 515 01e9 02       		.uleb128 0x2
 516 01ea 75       		.byte	0x75
 517 01eb 00       		.sleb128 0
 518 01ec 00       		.byte	0
 519 01ed 00       		.byte	0
 520 01ee 1B       		.uleb128 0x1b
 521 01ef 08000000 		.4byte	.LVL9
 522 01f3 D6020000 		.4byte	0x2d6
 523 01f7 02020000 		.4byte	0x202
 524 01fb 1C       		.uleb128 0x1c
 525 01fc 01       		.uleb128 0x1
 526 01fd 50       		.byte	0x50
 527 01fe 02       		.uleb128 0x2
 528 01ff 74       		.byte	0x74
 529 0200 00       		.sleb128 0
 530 0201 00       		.byte	0
 531 0202 1D       		.uleb128 0x1d
 532 0203 12000000 		.4byte	.LVL12
 533 0207 EB020000 		.4byte	0x2eb
 534 020b 1C       		.uleb128 0x1c
 535 020c 01       		.uleb128 0x1
 536 020d 51       		.byte	0x51
 537 020e 02       		.uleb128 0x2
 538 020f 08       		.byte	0x8
 539 0210 25       		.byte	0x25
 540 0211 1C       		.uleb128 0x1c
 541 0212 01       		.uleb128 0x1
 542 0213 50       		.byte	0x50
 543 0214 02       		.uleb128 0x2
 544 0215 74       		.byte	0x74
 545 0216 00       		.sleb128 0
 546 0217 00       		.byte	0
 547 0218 00       		.byte	0
 548 0219 12       		.uleb128 0x12
 549 021a AA010000 		.4byte	.LASF14
 550 021e 01       		.byte	0x1
 551 021f 56       		.byte	0x56
 552 0220 00000000 		.4byte	.LFB3
 553 0224 6C000000 		.4byte	.LFE3-.LFB3
 554 0228 01       		.uleb128 0x1
 555 0229 9C       		.byte	0x9c
 556 022a 9C020000 		.4byte	0x29c
ARM GAS  C:\Users\ddemidov\AppData\Local\Temp\ccvwrTfh.s 			page 13


 557 022e 0D       		.uleb128 0xd
 558 022f 64737400 		.ascii	"dst\000"
 559 0233 01       		.byte	0x1
 560 0234 56       		.byte	0x56
 561 0235 7F000000 		.4byte	0x7f
 562 0239 FC000000 		.4byte	.LLST7
 563 023d 0D       		.uleb128 0xd
 564 023e 73726300 		.ascii	"src\000"
 565 0242 01       		.byte	0x1
 566 0243 56       		.byte	0x56
 567 0244 7F000000 		.4byte	0x7f
 568 0248 28010000 		.4byte	.LLST8
 569 024c 0D       		.uleb128 0xd
 570 024d 6C656E00 		.ascii	"len\000"
 571 0251 01       		.byte	0x1
 572 0252 56       		.byte	0x56
 573 0253 25000000 		.4byte	0x25
 574 0257 54010000 		.4byte	.LLST9
 575 025b 17       		.uleb128 0x17
 576 025c 68657800 		.ascii	"hex\000"
 577 0260 01       		.byte	0x1
 578 0261 57       		.byte	0x57
 579 0262 7F000000 		.4byte	0x7f
 580 0266 06       		.uleb128 0x6
 581 0267 03       		.byte	0x3
 582 0268 03000000 		.4byte	.LC4
 583 026c 9F       		.byte	0x9f
 584 026d 15       		.uleb128 0x15
 585 026e A4010000 		.4byte	.LASF15
 586 0272 01       		.byte	0x1
 587 0273 58       		.byte	0x58
 588 0274 7F000000 		.4byte	0x7f
 589 0278 75010000 		.4byte	.LLST10
 590 027c 15       		.uleb128 0x15
 591 027d A8000000 		.4byte	.LASF16
 592 0281 01       		.byte	0x1
 593 0282 59       		.byte	0x59
 594 0283 7F000000 		.4byte	0x7f
 595 0287 C3010000 		.4byte	.LLST11
 596 028b 1D       		.uleb128 0x1d
 597 028c 10000000 		.4byte	.LVL24
 598 0290 D6020000 		.4byte	0x2d6
 599 0294 1C       		.uleb128 0x1c
 600 0295 01       		.uleb128 0x1
 601 0296 50       		.byte	0x50
 602 0297 02       		.uleb128 0x2
 603 0298 75       		.byte	0x75
 604 0299 00       		.sleb128 0
 605 029a 00       		.byte	0
 606 029b 00       		.byte	0
 607 029c 18       		.uleb128 0x18
 608 029d 00000000 		.4byte	.LASF17
 609 02a1 02       		.byte	0x2
 610 02a2 00       		.byte	0
 611 02a3 25000000 		.4byte	0x25
 612 02a7 B7020000 		.4byte	0x2b7
 613 02ab 19       		.uleb128 0x19
ARM GAS  C:\Users\ddemidov\AppData\Local\Temp\ccvwrTfh.s 			page 14


 614 02ac 8C000000 		.4byte	0x8c
 615 02b0 19       		.uleb128 0x19
 616 02b1 8C000000 		.4byte	0x8c
 617 02b5 1A       		.uleb128 0x1a
 618 02b6 00       		.byte	0
 619 02b7 18       		.uleb128 0x18
 620 02b8 05010000 		.4byte	.LASF18
 621 02bc 03       		.byte	0x3
 622 02bd 18       		.byte	0x18
 623 02be 7D000000 		.4byte	0x7d
 624 02c2 D6020000 		.4byte	0x2d6
 625 02c6 19       		.uleb128 0x19
 626 02c7 7D000000 		.4byte	0x7d
 627 02cb 19       		.uleb128 0x19
 628 02cc 97000000 		.4byte	0x97
 629 02d0 19       		.uleb128 0x19
 630 02d1 2C000000 		.4byte	0x2c
 631 02d5 00       		.byte	0
 632 02d6 18       		.uleb128 0x18
 633 02d7 7E010000 		.4byte	.LASF19
 634 02db 03       		.byte	0x3
 635 02dc 21       		.byte	0x21
 636 02dd 2C000000 		.4byte	0x2c
 637 02e1 EB020000 		.4byte	0x2eb
 638 02e5 19       		.uleb128 0x19
 639 02e6 8C000000 		.4byte	0x8c
 640 02ea 00       		.byte	0
 641 02eb 1E       		.uleb128 0x1e
 642 02ec E3000000 		.4byte	.LASF20
 643 02f0 02       		.byte	0x2
 644 02f1 00       		.byte	0
 645 02f2 1B010000 		.4byte	.LASF27
 646 02f6 7F000000 		.4byte	0x7f
 647 02fa 19       		.uleb128 0x19
 648 02fb 8C000000 		.4byte	0x8c
 649 02ff 19       		.uleb128 0x19
 650 0300 25000000 		.4byte	0x25
 651 0304 00       		.byte	0
 652 0305 00       		.byte	0
 653              		.section	.debug_abbrev,"",%progbits
 654              	.Ldebug_abbrev0:
 655 0000 01       		.uleb128 0x1
 656 0001 11       		.uleb128 0x11
 657 0002 01       		.byte	0x1
 658 0003 25       		.uleb128 0x25
 659 0004 0E       		.uleb128 0xe
 660 0005 13       		.uleb128 0x13
 661 0006 0B       		.uleb128 0xb
 662 0007 03       		.uleb128 0x3
 663 0008 0E       		.uleb128 0xe
 664 0009 1B       		.uleb128 0x1b
 665 000a 0E       		.uleb128 0xe
 666 000b 55       		.uleb128 0x55
 667 000c 17       		.uleb128 0x17
 668 000d 11       		.uleb128 0x11
 669 000e 01       		.uleb128 0x1
 670 000f 10       		.uleb128 0x10
ARM GAS  C:\Users\ddemidov\AppData\Local\Temp\ccvwrTfh.s 			page 15


 671 0010 17       		.uleb128 0x17
 672 0011 00       		.byte	0
 673 0012 00       		.byte	0
 674 0013 02       		.uleb128 0x2
 675 0014 24       		.uleb128 0x24
 676 0015 00       		.byte	0
 677 0016 0B       		.uleb128 0xb
 678 0017 0B       		.uleb128 0xb
 679 0018 3E       		.uleb128 0x3e
 680 0019 0B       		.uleb128 0xb
 681 001a 03       		.uleb128 0x3
 682 001b 08       		.uleb128 0x8
 683 001c 00       		.byte	0
 684 001d 00       		.byte	0
 685 001e 03       		.uleb128 0x3
 686 001f 16       		.uleb128 0x16
 687 0020 00       		.byte	0
 688 0021 03       		.uleb128 0x3
 689 0022 0E       		.uleb128 0xe
 690 0023 3A       		.uleb128 0x3a
 691 0024 0B       		.uleb128 0xb
 692 0025 3B       		.uleb128 0x3b
 693 0026 0B       		.uleb128 0xb
 694 0027 49       		.uleb128 0x49
 695 0028 13       		.uleb128 0x13
 696 0029 00       		.byte	0
 697 002a 00       		.byte	0
 698 002b 04       		.uleb128 0x4
 699 002c 24       		.uleb128 0x24
 700 002d 00       		.byte	0
 701 002e 0B       		.uleb128 0xb
 702 002f 0B       		.uleb128 0xb
 703 0030 3E       		.uleb128 0x3e
 704 0031 0B       		.uleb128 0xb
 705 0032 03       		.uleb128 0x3
 706 0033 0E       		.uleb128 0xe
 707 0034 00       		.byte	0
 708 0035 00       		.byte	0
 709 0036 05       		.uleb128 0x5
 710 0037 0F       		.uleb128 0xf
 711 0038 00       		.byte	0
 712 0039 0B       		.uleb128 0xb
 713 003a 0B       		.uleb128 0xb
 714 003b 00       		.byte	0
 715 003c 00       		.byte	0
 716 003d 06       		.uleb128 0x6
 717 003e 0F       		.uleb128 0xf
 718 003f 00       		.byte	0
 719 0040 0B       		.uleb128 0xb
 720 0041 0B       		.uleb128 0xb
 721 0042 49       		.uleb128 0x49
 722 0043 13       		.uleb128 0x13
 723 0044 00       		.byte	0
 724 0045 00       		.byte	0
 725 0046 07       		.uleb128 0x7
 726 0047 26       		.uleb128 0x26
 727 0048 00       		.byte	0
ARM GAS  C:\Users\ddemidov\AppData\Local\Temp\ccvwrTfh.s 			page 16


 728 0049 49       		.uleb128 0x49
 729 004a 13       		.uleb128 0x13
 730 004b 00       		.byte	0
 731 004c 00       		.byte	0
 732 004d 08       		.uleb128 0x8
 733 004e 26       		.uleb128 0x26
 734 004f 00       		.byte	0
 735 0050 00       		.byte	0
 736 0051 00       		.byte	0
 737 0052 09       		.uleb128 0x9
 738 0053 2E       		.uleb128 0x2e
 739 0054 01       		.byte	0x1
 740 0055 03       		.uleb128 0x3
 741 0056 0E       		.uleb128 0xe
 742 0057 3A       		.uleb128 0x3a
 743 0058 0B       		.uleb128 0xb
 744 0059 3B       		.uleb128 0x3b
 745 005a 0B       		.uleb128 0xb
 746 005b 27       		.uleb128 0x27
 747 005c 19       		.uleb128 0x19
 748 005d 49       		.uleb128 0x49
 749 005e 13       		.uleb128 0x13
 750 005f 20       		.uleb128 0x20
 751 0060 0B       		.uleb128 0xb
 752 0061 01       		.uleb128 0x1
 753 0062 13       		.uleb128 0x13
 754 0063 00       		.byte	0
 755 0064 00       		.byte	0
 756 0065 0A       		.uleb128 0xa
 757 0066 05       		.uleb128 0x5
 758 0067 00       		.byte	0
 759 0068 03       		.uleb128 0x3
 760 0069 08       		.uleb128 0x8
 761 006a 3A       		.uleb128 0x3a
 762 006b 0B       		.uleb128 0xb
 763 006c 3B       		.uleb128 0x3b
 764 006d 0B       		.uleb128 0xb
 765 006e 49       		.uleb128 0x49
 766 006f 13       		.uleb128 0x13
 767 0070 00       		.byte	0
 768 0071 00       		.byte	0
 769 0072 0B       		.uleb128 0xb
 770 0073 34       		.uleb128 0x34
 771 0074 00       		.byte	0
 772 0075 03       		.uleb128 0x3
 773 0076 08       		.uleb128 0x8
 774 0077 3A       		.uleb128 0x3a
 775 0078 0B       		.uleb128 0xb
 776 0079 3B       		.uleb128 0x3b
 777 007a 0B       		.uleb128 0xb
 778 007b 49       		.uleb128 0x49
 779 007c 13       		.uleb128 0x13
 780 007d 00       		.byte	0
 781 007e 00       		.byte	0
 782 007f 0C       		.uleb128 0xc
 783 0080 2E       		.uleb128 0x2e
 784 0081 01       		.byte	0x1
ARM GAS  C:\Users\ddemidov\AppData\Local\Temp\ccvwrTfh.s 			page 17


 785 0082 3F       		.uleb128 0x3f
 786 0083 19       		.uleb128 0x19
 787 0084 03       		.uleb128 0x3
 788 0085 0E       		.uleb128 0xe
 789 0086 3A       		.uleb128 0x3a
 790 0087 0B       		.uleb128 0xb
 791 0088 3B       		.uleb128 0x3b
 792 0089 0B       		.uleb128 0xb
 793 008a 27       		.uleb128 0x27
 794 008b 19       		.uleb128 0x19
 795 008c 49       		.uleb128 0x49
 796 008d 13       		.uleb128 0x13
 797 008e 11       		.uleb128 0x11
 798 008f 01       		.uleb128 0x1
 799 0090 12       		.uleb128 0x12
 800 0091 06       		.uleb128 0x6
 801 0092 40       		.uleb128 0x40
 802 0093 18       		.uleb128 0x18
 803 0094 9742     		.uleb128 0x2117
 804 0096 19       		.uleb128 0x19
 805 0097 01       		.uleb128 0x1
 806 0098 13       		.uleb128 0x13
 807 0099 00       		.byte	0
 808 009a 00       		.byte	0
 809 009b 0D       		.uleb128 0xd
 810 009c 05       		.uleb128 0x5
 811 009d 00       		.byte	0
 812 009e 03       		.uleb128 0x3
 813 009f 08       		.uleb128 0x8
 814 00a0 3A       		.uleb128 0x3a
 815 00a1 0B       		.uleb128 0xb
 816 00a2 3B       		.uleb128 0x3b
 817 00a3 0B       		.uleb128 0xb
 818 00a4 49       		.uleb128 0x49
 819 00a5 13       		.uleb128 0x13
 820 00a6 02       		.uleb128 0x2
 821 00a7 17       		.uleb128 0x17
 822 00a8 00       		.byte	0
 823 00a9 00       		.byte	0
 824 00aa 0E       		.uleb128 0xe
 825 00ab 1D       		.uleb128 0x1d
 826 00ac 01       		.byte	0x1
 827 00ad 31       		.uleb128 0x31
 828 00ae 13       		.uleb128 0x13
 829 00af 11       		.uleb128 0x11
 830 00b0 01       		.uleb128 0x1
 831 00b1 12       		.uleb128 0x12
 832 00b2 06       		.uleb128 0x6
 833 00b3 58       		.uleb128 0x58
 834 00b4 0B       		.uleb128 0xb
 835 00b5 59       		.uleb128 0x59
 836 00b6 0B       		.uleb128 0xb
 837 00b7 00       		.byte	0
 838 00b8 00       		.byte	0
 839 00b9 0F       		.uleb128 0xf
 840 00ba 05       		.uleb128 0x5
 841 00bb 00       		.byte	0
ARM GAS  C:\Users\ddemidov\AppData\Local\Temp\ccvwrTfh.s 			page 18


 842 00bc 31       		.uleb128 0x31
 843 00bd 13       		.uleb128 0x13
 844 00be 02       		.uleb128 0x2
 845 00bf 17       		.uleb128 0x17
 846 00c0 00       		.byte	0
 847 00c1 00       		.byte	0
 848 00c2 10       		.uleb128 0x10
 849 00c3 0B       		.uleb128 0xb
 850 00c4 01       		.byte	0x1
 851 00c5 11       		.uleb128 0x11
 852 00c6 01       		.uleb128 0x1
 853 00c7 12       		.uleb128 0x12
 854 00c8 06       		.uleb128 0x6
 855 00c9 00       		.byte	0
 856 00ca 00       		.byte	0
 857 00cb 11       		.uleb128 0x11
 858 00cc 34       		.uleb128 0x34
 859 00cd 00       		.byte	0
 860 00ce 31       		.uleb128 0x31
 861 00cf 13       		.uleb128 0x13
 862 00d0 02       		.uleb128 0x2
 863 00d1 17       		.uleb128 0x17
 864 00d2 00       		.byte	0
 865 00d3 00       		.byte	0
 866 00d4 12       		.uleb128 0x12
 867 00d5 2E       		.uleb128 0x2e
 868 00d6 01       		.byte	0x1
 869 00d7 3F       		.uleb128 0x3f
 870 00d8 19       		.uleb128 0x19
 871 00d9 03       		.uleb128 0x3
 872 00da 0E       		.uleb128 0xe
 873 00db 3A       		.uleb128 0x3a
 874 00dc 0B       		.uleb128 0xb
 875 00dd 3B       		.uleb128 0x3b
 876 00de 0B       		.uleb128 0xb
 877 00df 27       		.uleb128 0x27
 878 00e0 19       		.uleb128 0x19
 879 00e1 11       		.uleb128 0x11
 880 00e2 01       		.uleb128 0x1
 881 00e3 12       		.uleb128 0x12
 882 00e4 06       		.uleb128 0x6
 883 00e5 40       		.uleb128 0x40
 884 00e6 18       		.uleb128 0x18
 885 00e7 9742     		.uleb128 0x2117
 886 00e9 19       		.uleb128 0x19
 887 00ea 01       		.uleb128 0x1
 888 00eb 13       		.uleb128 0x13
 889 00ec 00       		.byte	0
 890 00ed 00       		.byte	0
 891 00ee 13       		.uleb128 0x13
 892 00ef 05       		.uleb128 0x5
 893 00f0 00       		.byte	0
 894 00f1 03       		.uleb128 0x3
 895 00f2 0E       		.uleb128 0xe
 896 00f3 3A       		.uleb128 0x3a
 897 00f4 0B       		.uleb128 0xb
 898 00f5 3B       		.uleb128 0x3b
ARM GAS  C:\Users\ddemidov\AppData\Local\Temp\ccvwrTfh.s 			page 19


 899 00f6 0B       		.uleb128 0xb
 900 00f7 49       		.uleb128 0x49
 901 00f8 13       		.uleb128 0x13
 902 00f9 02       		.uleb128 0x2
 903 00fa 17       		.uleb128 0x17
 904 00fb 00       		.byte	0
 905 00fc 00       		.byte	0
 906 00fd 14       		.uleb128 0x14
 907 00fe 34       		.uleb128 0x34
 908 00ff 00       		.byte	0
 909 0100 03       		.uleb128 0x3
 910 0101 08       		.uleb128 0x8
 911 0102 3A       		.uleb128 0x3a
 912 0103 0B       		.uleb128 0xb
 913 0104 3B       		.uleb128 0x3b
 914 0105 0B       		.uleb128 0xb
 915 0106 49       		.uleb128 0x49
 916 0107 13       		.uleb128 0x13
 917 0108 02       		.uleb128 0x2
 918 0109 17       		.uleb128 0x17
 919 010a 00       		.byte	0
 920 010b 00       		.byte	0
 921 010c 15       		.uleb128 0x15
 922 010d 34       		.uleb128 0x34
 923 010e 00       		.byte	0
 924 010f 03       		.uleb128 0x3
 925 0110 0E       		.uleb128 0xe
 926 0111 3A       		.uleb128 0x3a
 927 0112 0B       		.uleb128 0xb
 928 0113 3B       		.uleb128 0x3b
 929 0114 0B       		.uleb128 0xb
 930 0115 49       		.uleb128 0x49
 931 0116 13       		.uleb128 0x13
 932 0117 02       		.uleb128 0x2
 933 0118 17       		.uleb128 0x17
 934 0119 00       		.byte	0
 935 011a 00       		.byte	0
 936 011b 16       		.uleb128 0x16
 937 011c 0B       		.uleb128 0xb
 938 011d 01       		.byte	0x1
 939 011e 11       		.uleb128 0x11
 940 011f 01       		.uleb128 0x1
 941 0120 12       		.uleb128 0x12
 942 0121 06       		.uleb128 0x6
 943 0122 01       		.uleb128 0x1
 944 0123 13       		.uleb128 0x13
 945 0124 00       		.byte	0
 946 0125 00       		.byte	0
 947 0126 17       		.uleb128 0x17
 948 0127 34       		.uleb128 0x34
 949 0128 00       		.byte	0
 950 0129 03       		.uleb128 0x3
 951 012a 08       		.uleb128 0x8
 952 012b 3A       		.uleb128 0x3a
 953 012c 0B       		.uleb128 0xb
 954 012d 3B       		.uleb128 0x3b
 955 012e 0B       		.uleb128 0xb
ARM GAS  C:\Users\ddemidov\AppData\Local\Temp\ccvwrTfh.s 			page 20


 956 012f 49       		.uleb128 0x49
 957 0130 13       		.uleb128 0x13
 958 0131 02       		.uleb128 0x2
 959 0132 18       		.uleb128 0x18
 960 0133 00       		.byte	0
 961 0134 00       		.byte	0
 962 0135 18       		.uleb128 0x18
 963 0136 2E       		.uleb128 0x2e
 964 0137 01       		.byte	0x1
 965 0138 3F       		.uleb128 0x3f
 966 0139 19       		.uleb128 0x19
 967 013a 03       		.uleb128 0x3
 968 013b 0E       		.uleb128 0xe
 969 013c 3A       		.uleb128 0x3a
 970 013d 0B       		.uleb128 0xb
 971 013e 3B       		.uleb128 0x3b
 972 013f 0B       		.uleb128 0xb
 973 0140 27       		.uleb128 0x27
 974 0141 19       		.uleb128 0x19
 975 0142 49       		.uleb128 0x49
 976 0143 13       		.uleb128 0x13
 977 0144 3C       		.uleb128 0x3c
 978 0145 19       		.uleb128 0x19
 979 0146 01       		.uleb128 0x1
 980 0147 13       		.uleb128 0x13
 981 0148 00       		.byte	0
 982 0149 00       		.byte	0
 983 014a 19       		.uleb128 0x19
 984 014b 05       		.uleb128 0x5
 985 014c 00       		.byte	0
 986 014d 49       		.uleb128 0x49
 987 014e 13       		.uleb128 0x13
 988 014f 00       		.byte	0
 989 0150 00       		.byte	0
 990 0151 1A       		.uleb128 0x1a
 991 0152 18       		.uleb128 0x18
 992 0153 00       		.byte	0
 993 0154 00       		.byte	0
 994 0155 00       		.byte	0
 995 0156 1B       		.uleb128 0x1b
 996 0157 898201   		.uleb128 0x4109
 997 015a 01       		.byte	0x1
 998 015b 11       		.uleb128 0x11
 999 015c 01       		.uleb128 0x1
 1000 015d 31       		.uleb128 0x31
 1001 015e 13       		.uleb128 0x13
 1002 015f 01       		.uleb128 0x1
 1003 0160 13       		.uleb128 0x13
 1004 0161 00       		.byte	0
 1005 0162 00       		.byte	0
 1006 0163 1C       		.uleb128 0x1c
 1007 0164 8A8201   		.uleb128 0x410a
 1008 0167 00       		.byte	0
 1009 0168 02       		.uleb128 0x2
 1010 0169 18       		.uleb128 0x18
 1011 016a 9142     		.uleb128 0x2111
 1012 016c 18       		.uleb128 0x18
ARM GAS  C:\Users\ddemidov\AppData\Local\Temp\ccvwrTfh.s 			page 21


 1013 016d 00       		.byte	0
 1014 016e 00       		.byte	0
 1015 016f 1D       		.uleb128 0x1d
 1016 0170 898201   		.uleb128 0x4109
 1017 0173 01       		.byte	0x1
 1018 0174 11       		.uleb128 0x11
 1019 0175 01       		.uleb128 0x1
 1020 0176 31       		.uleb128 0x31
 1021 0177 13       		.uleb128 0x13
 1022 0178 00       		.byte	0
 1023 0179 00       		.byte	0
 1024 017a 1E       		.uleb128 0x1e
 1025 017b 2E       		.uleb128 0x2e
 1026 017c 01       		.byte	0x1
 1027 017d 3F       		.uleb128 0x3f
 1028 017e 19       		.uleb128 0x19
 1029 017f 03       		.uleb128 0x3
 1030 0180 0E       		.uleb128 0xe
 1031 0181 3A       		.uleb128 0x3a
 1032 0182 0B       		.uleb128 0xb
 1033 0183 3B       		.uleb128 0x3b
 1034 0184 0B       		.uleb128 0xb
 1035 0185 6E       		.uleb128 0x6e
 1036 0186 0E       		.uleb128 0xe
 1037 0187 27       		.uleb128 0x27
 1038 0188 19       		.uleb128 0x19
 1039 0189 49       		.uleb128 0x49
 1040 018a 13       		.uleb128 0x13
 1041 018b 3C       		.uleb128 0x3c
 1042 018c 19       		.uleb128 0x19
 1043 018d 00       		.byte	0
 1044 018e 00       		.byte	0
 1045 018f 00       		.byte	0
 1046              		.section	.debug_loc,"",%progbits
 1047              	.Ldebug_loc0:
 1048              	.LLST0:
 1049 0000 00000000 		.4byte	.LVL0
 1050 0004 0E000000 		.4byte	.LVL3
 1051 0008 0100     		.2byte	0x1
 1052 000a 50       		.byte	0x50
 1053 000b 0E000000 		.4byte	.LVL3
 1054 000f 12000000 		.4byte	.LVL5
 1055 0013 0100     		.2byte	0x1
 1056 0015 50       		.byte	0x50
 1057 0016 14000000 		.4byte	.LVL6
 1058 001a 16000000 		.4byte	.LVL7
 1059 001e 0100     		.2byte	0x1
 1060 0020 50       		.byte	0x50
 1061 0021 00000000 		.4byte	0
 1062 0025 00000000 		.4byte	0
 1063              	.LLST1:
 1064 0029 06000000 		.4byte	.LVL1
 1065 002d 0E000000 		.4byte	.LVL3
 1066 0031 0100     		.2byte	0x1
 1067 0033 50       		.byte	0x50
 1068 0034 0E000000 		.4byte	.LVL3
 1069 0038 10000000 		.4byte	.LVL4
ARM GAS  C:\Users\ddemidov\AppData\Local\Temp\ccvwrTfh.s 			page 22


 1070 003c 0300     		.2byte	0x3
 1071 003e 70       		.byte	0x70
 1072 003f 7F       		.sleb128 -1
 1073 0040 9F       		.byte	0x9f
 1074 0041 14000000 		.4byte	.LVL6
 1075 0045 16000000 		.4byte	.LVL7
 1076 0049 0100     		.2byte	0x1
 1077 004b 50       		.byte	0x50
 1078 004c 00000000 		.4byte	0
 1079 0050 00000000 		.4byte	0
 1080              	.LLST2:
 1081 0054 06000000 		.4byte	.LVL1
 1082 0058 08000000 		.4byte	.LVL2
 1083 005c 0100     		.2byte	0x1
 1084 005e 53       		.byte	0x53
 1085 005f 08000000 		.4byte	.LVL2
 1086 0063 10000000 		.4byte	.LVL4
 1087 0067 0300     		.2byte	0x3
 1088 0069 73       		.byte	0x73
 1089 006a 20       		.sleb128 32
 1090 006b 9F       		.byte	0x9f
 1091 006c 14000000 		.4byte	.LVL6
 1092 0070 16000000 		.4byte	.LVL7
 1093 0074 0300     		.2byte	0x3
 1094 0076 73       		.byte	0x73
 1095 0077 20       		.sleb128 32
 1096 0078 9F       		.byte	0x9f
 1097 0079 00000000 		.4byte	0
 1098 007d 00000000 		.4byte	0
 1099              	.LLST3:
 1100 0081 00000000 		.4byte	.LVL8
 1101 0085 07000000 		.4byte	.LVL9-1
 1102 0089 0100     		.2byte	0x1
 1103 008b 50       		.byte	0x50
 1104 008c 07000000 		.4byte	.LVL9-1
 1105 0090 38000000 		.4byte	.LVL18
 1106 0094 0100     		.2byte	0x1
 1107 0096 54       		.byte	0x54
 1108 0097 38000000 		.4byte	.LVL18
 1109 009b 40000000 		.4byte	.LFE2
 1110 009f 0400     		.2byte	0x4
 1111 00a1 F3       		.byte	0xf3
 1112 00a2 01       		.uleb128 0x1
 1113 00a3 50       		.byte	0x50
 1114 00a4 9F       		.byte	0x9f
 1115 00a5 00000000 		.4byte	0
 1116 00a9 00000000 		.4byte	0
 1117              	.LLST4:
 1118 00ad 0C000000 		.4byte	.LVL10
 1119 00b1 0E000000 		.4byte	.LVL11
 1120 00b5 0100     		.2byte	0x1
 1121 00b7 50       		.byte	0x50
 1122 00b8 0E000000 		.4byte	.LVL11
 1123 00bc 38000000 		.4byte	.LVL19
 1124 00c0 0100     		.2byte	0x1
 1125 00c2 56       		.byte	0x56
 1126 00c3 00000000 		.4byte	0
ARM GAS  C:\Users\ddemidov\AppData\Local\Temp\ccvwrTfh.s 			page 23


 1127 00c7 00000000 		.4byte	0
 1128              	.LLST5:
 1129 00cb 14000000 		.4byte	.LVL13
 1130 00cf 1A000000 		.4byte	.LVL14
 1131 00d3 0100     		.2byte	0x1
 1132 00d5 50       		.byte	0x50
 1133 00d6 1A000000 		.4byte	.LVL14
 1134 00da 38000000 		.4byte	.LVL20
 1135 00de 0100     		.2byte	0x1
 1136 00e0 57       		.byte	0x57
 1137 00e1 00000000 		.4byte	0
 1138 00e5 00000000 		.4byte	0
 1139              	.LLST6:
 1140 00e9 22000000 		.4byte	.LVL15
 1141 00ed 34000000 		.4byte	.LVL16
 1142 00f1 0100     		.2byte	0x1
 1143 00f3 50       		.byte	0x50
 1144 00f4 00000000 		.4byte	0
 1145 00f8 00000000 		.4byte	0
 1146              	.LLST7:
 1147 00fc 00000000 		.4byte	.LVL21
 1148 0100 0C000000 		.4byte	.LVL23
 1149 0104 0100     		.2byte	0x1
 1150 0106 50       		.byte	0x50
 1151 0107 0C000000 		.4byte	.LVL23
 1152 010b 16000000 		.4byte	.LVL26
 1153 010f 0100     		.2byte	0x1
 1154 0111 54       		.byte	0x54
 1155 0112 16000000 		.4byte	.LVL26
 1156 0116 6C000000 		.4byte	.LFE3
 1157 011a 0400     		.2byte	0x4
 1158 011c F3       		.byte	0xf3
 1159 011d 01       		.uleb128 0x1
 1160 011e 50       		.byte	0x50
 1161 011f 9F       		.byte	0x9f
 1162 0120 00000000 		.4byte	0
 1163 0124 00000000 		.4byte	0
 1164              	.LLST8:
 1165 0128 00000000 		.4byte	.LVL21
 1166 012c 0F000000 		.4byte	.LVL24-1
 1167 0130 0100     		.2byte	0x1
 1168 0132 51       		.byte	0x51
 1169 0133 0F000000 		.4byte	.LVL24-1
 1170 0137 16000000 		.4byte	.LVL26
 1171 013b 0100     		.2byte	0x1
 1172 013d 55       		.byte	0x55
 1173 013e 16000000 		.4byte	.LVL26
 1174 0142 6C000000 		.4byte	.LFE3
 1175 0146 0400     		.2byte	0x4
 1176 0148 F3       		.byte	0xf3
 1177 0149 01       		.uleb128 0x1
 1178 014a 51       		.byte	0x51
 1179 014b 9F       		.byte	0x9f
 1180 014c 00000000 		.4byte	0
 1181 0150 00000000 		.4byte	0
 1182              	.LLST9:
 1183 0154 00000000 		.4byte	.LVL21
ARM GAS  C:\Users\ddemidov\AppData\Local\Temp\ccvwrTfh.s 			page 24


 1184 0158 0F000000 		.4byte	.LVL24-1
 1185 015c 0100     		.2byte	0x1
 1186 015e 52       		.byte	0x52
 1187 015f 0F000000 		.4byte	.LVL24-1
 1188 0163 12000000 		.4byte	.LVL25
 1189 0167 0400     		.2byte	0x4
 1190 0169 F3       		.byte	0xf3
 1191 016a 01       		.uleb128 0x1
 1192 016b 52       		.byte	0x52
 1193 016c 9F       		.byte	0x9f
 1194 016d 00000000 		.4byte	0
 1195 0171 00000000 		.4byte	0
 1196              	.LLST10:
 1197 0175 06000000 		.4byte	.LVL22
 1198 0179 0F000000 		.4byte	.LVL24-1
 1199 017d 0100     		.2byte	0x1
 1200 017f 51       		.byte	0x51
 1201 0180 0F000000 		.4byte	.LVL24-1
 1202 0184 16000000 		.4byte	.LVL26
 1203 0188 0100     		.2byte	0x1
 1204 018a 55       		.byte	0x55
 1205 018b 16000000 		.4byte	.LVL26
 1206 018f 44000000 		.4byte	.LVL29
 1207 0193 0100     		.2byte	0x1
 1208 0195 51       		.byte	0x51
 1209 0196 44000000 		.4byte	.LVL29
 1210 019a 4A000000 		.4byte	.LVL31
 1211 019e 0300     		.2byte	0x3
 1212 01a0 71       		.byte	0x71
 1213 01a1 01       		.sleb128 1
 1214 01a2 9F       		.byte	0x9f
 1215 01a3 4A000000 		.4byte	.LVL31
 1216 01a7 62000000 		.4byte	.LVL33
 1217 01ab 0100     		.2byte	0x1
 1218 01ad 51       		.byte	0x51
 1219 01ae 62000000 		.4byte	.LVL33
 1220 01b2 64000000 		.4byte	.LVL34
 1221 01b6 0300     		.2byte	0x3
 1222 01b8 71       		.byte	0x71
 1223 01b9 01       		.sleb128 1
 1224 01ba 9F       		.byte	0x9f
 1225 01bb 00000000 		.4byte	0
 1226 01bf 00000000 		.4byte	0
 1227              	.LLST11:
 1228 01c3 06000000 		.4byte	.LVL22
 1229 01c7 0C000000 		.4byte	.LVL23
 1230 01cb 0100     		.2byte	0x1
 1231 01cd 50       		.byte	0x50
 1232 01ce 0C000000 		.4byte	.LVL23
 1233 01d2 1E000000 		.4byte	.LVL27
 1234 01d6 0100     		.2byte	0x1
 1235 01d8 54       		.byte	0x54
 1236 01d9 20000000 		.4byte	.LVL28
 1237 01dd 44000000 		.4byte	.LVL29
 1238 01e1 0100     		.2byte	0x1
 1239 01e3 54       		.byte	0x54
 1240 01e4 44000000 		.4byte	.LVL29
ARM GAS  C:\Users\ddemidov\AppData\Local\Temp\ccvwrTfh.s 			page 25


 1241 01e8 48000000 		.4byte	.LVL30
 1242 01ec 0300     		.2byte	0x3
 1243 01ee 74       		.byte	0x74
 1244 01ef 01       		.sleb128 1
 1245 01f0 9F       		.byte	0x9f
 1246 01f1 48000000 		.4byte	.LVL30
 1247 01f5 4A000000 		.4byte	.LVL31
 1248 01f9 0100     		.2byte	0x1
 1249 01fb 54       		.byte	0x54
 1250 01fc 4A000000 		.4byte	.LVL31
 1251 0200 4E000000 		.4byte	.LVL32
 1252 0204 0300     		.2byte	0x3
 1253 0206 74       		.byte	0x74
 1254 0207 01       		.sleb128 1
 1255 0208 9F       		.byte	0x9f
 1256 0209 4E000000 		.4byte	.LVL32
 1257 020d 64000000 		.4byte	.LVL34
 1258 0211 0300     		.2byte	0x3
 1259 0213 74       		.byte	0x74
 1260 0214 03       		.sleb128 3
 1261 0215 9F       		.byte	0x9f
 1262 0216 64000000 		.4byte	.LVL34
 1263 021a 6C000000 		.4byte	.LFE3
 1264 021e 0100     		.2byte	0x1
 1265 0220 54       		.byte	0x54
 1266 0221 00000000 		.4byte	0
 1267 0225 00000000 		.4byte	0
 1268              		.section	.debug_aranges,"",%progbits
 1269 0000 2C000000 		.4byte	0x2c
 1270 0004 0200     		.2byte	0x2
 1271 0006 00000000 		.4byte	.Ldebug_info0
 1272 000a 04       		.byte	0x4
 1273 000b 00       		.byte	0
 1274 000c 0000     		.2byte	0
 1275 000e 0000     		.2byte	0
 1276 0010 00000000 		.4byte	.LFB1
 1277 0014 18000000 		.4byte	.LFE1-.LFB1
 1278 0018 00000000 		.4byte	.LFB2
 1279 001c 40000000 		.4byte	.LFE2-.LFB2
 1280 0020 00000000 		.4byte	.LFB3
 1281 0024 6C000000 		.4byte	.LFE3-.LFB3
 1282 0028 00000000 		.4byte	0
 1283 002c 00000000 		.4byte	0
 1284              		.section	.debug_ranges,"",%progbits
 1285              	.Ldebug_ranges0:
 1286 0000 00000000 		.4byte	.LFB1
 1287 0004 18000000 		.4byte	.LFE1
 1288 0008 00000000 		.4byte	.LFB2
 1289 000c 40000000 		.4byte	.LFE2
 1290 0010 00000000 		.4byte	.LFB3
 1291 0014 6C000000 		.4byte	.LFE3
 1292 0018 00000000 		.4byte	0
 1293 001c 00000000 		.4byte	0
 1294              		.section	.debug_line,"",%progbits
 1295              	.Ldebug_line0:
 1296 0000 A9010000 		.section	.debug_str,"MS",%progbits,1
 1296      02003801 
ARM GAS  C:\Users\ddemidov\AppData\Local\Temp\ccvwrTfh.s 			page 26


 1296      00000201 
 1296      FB0E0D00 
 1296      01010101 
 1297              	.LASF17:
 1298 0000 73736361 		.ascii	"sscanf\000"
 1298      6E6600
 1299              	.LASF3:
 1300 0007 73686F72 		.ascii	"short int\000"
 1300      7420696E 
 1300      7400
 1301              	.LASF21:
 1302 0011 474E5520 		.ascii	"GNU C 4.9.3 20150303 (release) [ARM/embedded-4_9-br"
 1302      4320342E 
 1302      392E3320 
 1302      32303135 
 1302      30333033 
 1303 0044 616E6368 		.ascii	"anch revision 221220] -mcpu=cortex-m0 -mthumb -g -O"
 1303      20726576 
 1303      6973696F 
 1303      6E203232 
 1303      31323230 
 1304 0077 73202D66 		.ascii	"s -ffunction-sections -ffat-lto-objects\000"
 1304      66756E63 
 1304      74696F6E 
 1304      2D736563 
 1304      74696F6E 
 1305              	.LASF9:
 1306 009f 73697A65 		.ascii	"sizetype\000"
 1306      74797065 
 1306      00
 1307              	.LASF16:
 1308 00a8 6473745F 		.ascii	"dst_p\000"
 1308      7000
 1309              	.LASF7:
 1310 00ae 6C6F6E67 		.ascii	"long long int\000"
 1310      206C6F6E 
 1310      6720696E 
 1310      7400
 1311              	.LASF22:
 1312 00bc 2E2E5C61 		.ascii	"..\\acn-sdk-c\\src\\arrow\\utf8.c\000"
 1312      636E2D73 
 1312      646B2D63 
 1312      5C737263 
 1312      5C617272 
 1313              	.LASF5:
 1314 00da 6C6F6E67 		.ascii	"long int\000"
 1314      20696E74 
 1314      00
 1315              	.LASF20:
 1316 00e3 5F5F6275 		.ascii	"__builtin_strchr\000"
 1316      696C7469 
 1316      6E5F7374 
 1316      72636872 
 1316      00
 1317              	.LASF25:
 1318 00f4 75746638 		.ascii	"utf8_validate_cz\000"
 1318      5F76616C 
ARM GAS  C:\Users\ddemidov\AppData\Local\Temp\ccvwrTfh.s 			page 27


 1318      69646174 
 1318      655F637A 
 1318      00
 1319              	.LASF18:
 1320 0105 6D656D6D 		.ascii	"memmove\000"
 1320      6F766500 
 1321              	.LASF2:
 1322 010d 756E7369 		.ascii	"unsigned char\000"
 1322      676E6564 
 1322      20636861 
 1322      7200
 1323              	.LASF27:
 1324 011b 73747263 		.ascii	"strchr\000"
 1324      687200
 1325              	.LASF12:
 1326 0122 5F706572 		.ascii	"_perc\000"
 1326      6300
 1327              	.LASF1:
 1328 0128 7369676E 		.ascii	"signed char\000"
 1328      65642063 
 1328      68617200 
 1329              	.LASF8:
 1330 0134 6C6F6E67 		.ascii	"long long unsigned int\000"
 1330      206C6F6E 
 1330      6720756E 
 1330      7369676E 
 1330      65642069 
 1331              	.LASF0:
 1332 014b 756E7369 		.ascii	"unsigned int\000"
 1332      676E6564 
 1332      20696E74 
 1332      00
 1333              	.LASF13:
 1334 0158 6669785F 		.ascii	"fix_urldecode\000"
 1334      75726C64 
 1334      65636F64 
 1334      6500
 1335              	.LASF4:
 1336 0166 73686F72 		.ascii	"short unsigned int\000"
 1336      7420756E 
 1336      7369676E 
 1336      65642069 
 1336      6E7400
 1337              	.LASF10:
 1338 0179 63686172 		.ascii	"char\000"
 1338      00
 1339              	.LASF19:
 1340 017e 7374726C 		.ascii	"strlen\000"
 1340      656E00
 1341              	.LASF24:
 1342 0185 73697A65 		.ascii	"size_t\000"
 1342      5F7400
 1343              	.LASF11:
 1344 018c 71756572 		.ascii	"query\000"
 1344      7900
 1345              	.LASF6:
 1346 0192 6C6F6E67 		.ascii	"long unsigned int\000"
ARM GAS  C:\Users\ddemidov\AppData\Local\Temp\ccvwrTfh.s 			page 28


 1346      20756E73 
 1346      69676E65 
 1346      6420696E 
 1346      7400
 1347              	.LASF15:
 1348 01a4 7372635F 		.ascii	"src_p\000"
 1348      7000
 1349              	.LASF14:
 1350 01aa 75726C65 		.ascii	"urlencode\000"
 1350      6E636F64 
 1350      6500
 1351              	.LASF26:
 1352 01b4 75746638 		.ascii	"utf8check\000"
 1352      63686563 
 1352      6B00
 1353              	.LASF23:
 1354 01be 433A5C55 		.ascii	"C:\\Users\\ddemidov\\Documents\\PSoC Creator\\BLE_F"
 1354      73657273 
 1354      5C646465 
 1354      6D69646F 
 1354      765C446F 
 1355 01ec 696E644D 		.ascii	"indMe01\\SenseAbility.cydsn\000"
 1355      6530315C 
 1355      53656E73 
 1355      65416269 
 1355      6C697479 
 1356              		.ident	"GCC: (GNU Tools for ARM Embedded Processors) 4.9.3 20150303 (release) [ARM/embedded-4_9-br
